<?xml version="1.0" encoding="utf-8"?>
<TestRun id="d7abbfc0-6a5d-4780-ac11-97cefc90ff00" name="@iad20-gt1024-13b1d7ed-74b3-4902-9d5c-fb2456eec680-5A7A1F2F3780 2026-02-27 03:57:17" xmlns="http://microsoft.com/schemas/VisualStudio/TeamTest/2010">
  <Times creation="2026-02-27T03:57:17.1333190+00:00" queuing="2026-02-27T03:57:17.1333190+00:00" start="2026-02-27T03:57:16.7757090+00:00" finish="2026-02-27T03:57:17.1335810+00:00" />
  <TestSettings name="default" id="ed8986f2-6228-433c-a4e2-04918d13e827">
    <Deployment runDeploymentRoot="_iad20-gt1024-13b1d7ed-74b3-4902-9d5c-fb2456eec680-5A7A1F2F3780_2026-02-27_03_57_17" />
  </TestSettings>
  <TestLists>
    <TestList name="Results Not in a List" id="8c84fa94-04c1-424b-9868-57a2d4851a1d" />
    <TestList name="All Loaded Results" id="19431567-8539-422a-85d7-44ee4e166bda" />
  </TestLists>
  <ResultSummary outcome="Completed">
    <Counters total="0" executed="0" passed="0" failed="0" error="0" timeout="0" aborted="0" inconclusive="0" passedButRunAborted="0" notRunnable="0" notExecuted="0" disconnected="0" warning="0" completed="0" inProgress="0" pending="0" />
    <RunInfos>
      <RunInfo computerName="iad20-gt1024-13b1d7ed-74b3-4902-9d5c-fb2456eec680-5A7A1F2F3780" outcome="Warning" timestamp="2026-02-27T03:57:17.1100560+00:00">
        <Text>No test is available in /Users/runner/work/dotnet-monorepo/dotnet-monorepo/src/artifacts/bin/Browsers.Tests/release_osx-arm64/Browsers.Tests.dll. Make sure that test discoverer &amp; executors are registered and platform &amp; framework version settings are appropriate and try again.</Text>
      </RunInfo>
    </RunInfos>
  </ResultSummary>
</TestRun>