<?xml version="1.0" encoding="utf-8"?>
<TestRun id="feb8ee08-e646-4b72-aa43-53210901c7a4" name="runneradmin@runnervmifolv 2025-09-14 11:54:55" runUser="runnervmifolv\runneradmin" xmlns="http://microsoft.com/schemas/VisualStudio/TeamTest/2010">
  <Times creation="2025-09-14T11:54:55.6682784+00:00" queuing="2025-09-14T11:54:55.6682786+00:00" start="2025-09-14T11:54:55.1733855+00:00" finish="2025-09-14T11:54:55.6686952+00:00" />
  <TestSettings name="default" id="a900675b-0a82-42f1-a364-56f94da76090">
    <Deployment runDeploymentRoot="runneradmin_runnervmifolv_2025-09-14_11_54_55" />
  </TestSettings>
  <TestLists>
    <TestList name="Results Not in a List" id="8c84fa94-04c1-424b-9868-57a2d4851a1d" />
    <TestList name="All Loaded Results" id="19431567-8539-422a-85d7-44ee4e166bda" />
  </TestLists>
  <ResultSummary outcome="Completed">
    <Counters total="0" executed="0" passed="0" failed="0" error="0" timeout="0" aborted="0" inconclusive="0" passedButRunAborted="0" notRunnable="0" notExecuted="0" disconnected="0" warning="0" completed="0" inProgress="0" pending="0" />
    <RunInfos>
      <RunInfo computerName="runnervmifolv" outcome="Warning" timestamp="2025-09-14T11:54:55.6141381+00:00">
        <Text>No test is available in D:\a\dotnet-monorepo\dotnet-monorepo\src\artifacts\bin\Browsers.Tests\release_win-x64\Browsers.Tests.dll. Make sure that test discoverer &amp; executors are registered and platform &amp; framework version settings are appropriate and try again.</Text>
      </RunInfo>
    </RunInfos>
  </ResultSummary>
</TestRun>