<?xml version="1.0" encoding="utf-8"?>
<TestRun id="89cccb08-52a5-4ed9-a99e-373347e78ee7" name="runneradmin@fv-az1564-825 2024-12-21 23:06:34" runUser="fv-az1564-825\runneradmin" xmlns="http://microsoft.com/schemas/VisualStudio/TeamTest/2010">
  <Times creation="2024-12-21T23:06:34.9790888+00:00" queuing="2024-12-21T23:06:34.9790891+00:00" start="2024-12-21T23:06:32.8056249+00:00" finish="2024-12-21T23:06:34.9844382+00:00" />
  <TestSettings name="default" id="1f7a9b6b-dd1b-4db5-8469-bc1bdffc3567">
    <Deployment runDeploymentRoot="runneradmin_fv-az1564-825_2024-12-21_23_06_34" />
  </TestSettings>
  <Results>
    <UnitTestResult executionId="ab67d36e-1be2-45ab-a2ae-d556ab3cadd7" testId="1a9c7ce4-c669-ed74-3766-c75d2eba36dd" testName="TestRead" computerName="fv-az1564-825" duration="00:00:00.0047690" startTime="2024-12-21T23:06:34.4335745+00:00" endTime="2024-12-21T23:06:34.4384121+00:00" testType="13cdc9d9-ddb5-4fa4-a97d-d965ccfc6d4b" outcome="Passed" testListId="8c84fa94-04c1-424b-9868-57a2d4851a1d" relativeResultsDirectory="ab67d36e-1be2-45ab-a2ae-d556ab3cadd7" />
    <UnitTestResult executionId="23427847-02cb-4f84-99ce-32d9324e6a66" testId="64e35d23-06cc-16c7-c657-ae70d402cc1e" testName="TestDisposeAsync" computerName="fv-az1564-825" duration="00:00:00.0011422" startTime="2024-12-21T23:06:34.4323387+00:00" endTime="2024-12-21T23:06:34.4335481+00:00" testType="13cdc9d9-ddb5-4fa4-a97d-d965ccfc6d4b" outcome="Passed" testListId="8c84fa94-04c1-424b-9868-57a2d4851a1d" relativeResultsDirectory="23427847-02cb-4f84-99ce-32d9324e6a66" />
    <UnitTestResult executionId="80410863-9e6a-4514-b5b3-85b25b5a36ab" testId="5f53b647-14d5-eb82-d13c-372a2ae89515" testName="TestExtension" computerName="fv-az1564-825" duration="00:00:00.0005483" startTime="2024-12-21T23:06:34.4384398+00:00" endTime="2024-12-21T23:06:34.4396334+00:00" testType="13cdc9d9-ddb5-4fa4-a97d-d965ccfc6d4b" outcome="Passed" testListId="8c84fa94-04c1-424b-9868-57a2d4851a1d" relativeResultsDirectory="80410863-9e6a-4514-b5b3-85b25b5a36ab" />
    <UnitTestResult executionId="520d68be-5d56-4b77-95a6-6cec81ac58bc" testId="3de73b21-a659-ca93-7362-3fd9fdbb1cf8" testName="TestDispose" computerName="fv-az1564-825" duration="00:00:00.0021965" startTime="2024-12-21T23:06:34.4299880+00:00" endTime="2024-12-21T23:06:34.4323120+00:00" testType="13cdc9d9-ddb5-4fa4-a97d-d965ccfc6d4b" outcome="Passed" testListId="8c84fa94-04c1-424b-9868-57a2d4851a1d" relativeResultsDirectory="520d68be-5d56-4b77-95a6-6cec81ac58bc" />
    <UnitTestResult executionId="c3a47aea-b17f-4605-af3d-1d55dc6cb45d" testId="a9948244-f6d1-6650-e390-e99310afde60" testName="TestRead" computerName="fv-az1564-825" duration="00:00:00.0058212" startTime="2024-12-21T23:06:34.4014255+00:00" endTime="2024-12-21T23:06:34.4249212+00:00" testType="13cdc9d9-ddb5-4fa4-a97d-d965ccfc6d4b" outcome="Passed" testListId="8c84fa94-04c1-424b-9868-57a2d4851a1d" relativeResultsDirectory="c3a47aea-b17f-4605-af3d-1d55dc6cb45d" />
    <UnitTestResult executionId="5ad80423-b3d8-460f-993a-1101315008b1" testId="6e3a9c0c-f5fc-f0fc-6bff-afd6dd9ffc81" testName="TestExtension" computerName="fv-az1564-825" duration="00:00:00.0008932" startTime="2024-12-21T23:06:34.4286256+00:00" endTime="2024-12-21T23:06:34.4297564+00:00" testType="13cdc9d9-ddb5-4fa4-a97d-d965ccfc6d4b" outcome="Passed" testListId="8c84fa94-04c1-424b-9868-57a2d4851a1d" relativeResultsDirectory="5ad80423-b3d8-460f-993a-1101315008b1" />
  </Results>
  <TestDefinitions>
    <UnitTest name="TestRead" storage="d:\a\dotnet-monorepo\dotnet-monorepo\src\artifacts\bin\caching.tests\release_win-x64\caching.tests.dll" id="a9948244-f6d1-6650-e390-e99310afde60">
      <Execution id="c3a47aea-b17f-4605-af3d-1d55dc6cb45d" />
      <TestMethod codeBase="D:\a\dotnet-monorepo\dotnet-monorepo\src\artifacts\bin\Caching.Tests\release_win-x64\Caching.Tests.dll" adapterTypeName="executor://mstestadapter/v2" className="Caching.Tests.MemoryFileCacheTests" name="TestRead" />
    </UnitTest>
    <UnitTest name="TestDispose" storage="d:\a\dotnet-monorepo\dotnet-monorepo\src\artifacts\bin\caching.tests\release_win-x64\caching.tests.dll" id="3de73b21-a659-ca93-7362-3fd9fdbb1cf8">
      <Execution id="520d68be-5d56-4b77-95a6-6cec81ac58bc" />
      <TestMethod codeBase="D:\a\dotnet-monorepo\dotnet-monorepo\src\artifacts\bin\Caching.Tests\release_win-x64\Caching.Tests.dll" adapterTypeName="executor://mstestadapter/v2" className="Caching.Tests.TempFileCacheTests" name="TestDispose" />
    </UnitTest>
    <UnitTest name="TestDisposeAsync" storage="d:\a\dotnet-monorepo\dotnet-monorepo\src\artifacts\bin\caching.tests\release_win-x64\caching.tests.dll" id="64e35d23-06cc-16c7-c657-ae70d402cc1e">
      <Execution id="23427847-02cb-4f84-99ce-32d9324e6a66" />
      <TestMethod codeBase="D:\a\dotnet-monorepo\dotnet-monorepo\src\artifacts\bin\Caching.Tests\release_win-x64\Caching.Tests.dll" adapterTypeName="executor://mstestadapter/v2" className="Caching.Tests.TempFileCacheTests" name="TestDisposeAsync" />
    </UnitTest>
    <UnitTest name="TestExtension" storage="d:\a\dotnet-monorepo\dotnet-monorepo\src\artifacts\bin\caching.tests\release_win-x64\caching.tests.dll" id="6e3a9c0c-f5fc-f0fc-6bff-afd6dd9ffc81">
      <Execution id="5ad80423-b3d8-460f-993a-1101315008b1" />
      <TestMethod codeBase="D:\a\dotnet-monorepo\dotnet-monorepo\src\artifacts\bin\Caching.Tests\release_win-x64\Caching.Tests.dll" adapterTypeName="executor://mstestadapter/v2" className="Caching.Tests.MemoryFileCacheTests" name="TestExtension" />
    </UnitTest>
    <UnitTest name="TestExtension" storage="d:\a\dotnet-monorepo\dotnet-monorepo\src\artifacts\bin\caching.tests\release_win-x64\caching.tests.dll" id="5f53b647-14d5-eb82-d13c-372a2ae89515">
      <Execution id="80410863-9e6a-4514-b5b3-85b25b5a36ab" />
      <TestMethod codeBase="D:\a\dotnet-monorepo\dotnet-monorepo\src\artifacts\bin\Caching.Tests\release_win-x64\Caching.Tests.dll" adapterTypeName="executor://mstestadapter/v2" className="Caching.Tests.TempFileCacheTests" name="TestExtension" />
    </UnitTest>
    <UnitTest name="TestRead" storage="d:\a\dotnet-monorepo\dotnet-monorepo\src\artifacts\bin\caching.tests\release_win-x64\caching.tests.dll" id="1a9c7ce4-c669-ed74-3766-c75d2eba36dd">
      <Execution id="ab67d36e-1be2-45ab-a2ae-d556ab3cadd7" />
      <TestMethod codeBase="D:\a\dotnet-monorepo\dotnet-monorepo\src\artifacts\bin\Caching.Tests\release_win-x64\Caching.Tests.dll" adapterTypeName="executor://mstestadapter/v2" className="Caching.Tests.TempFileCacheTests" name="TestRead" />
    </UnitTest>
  </TestDefinitions>
  <TestEntries>
    <TestEntry testId="1a9c7ce4-c669-ed74-3766-c75d2eba36dd" executionId="ab67d36e-1be2-45ab-a2ae-d556ab3cadd7" testListId="8c84fa94-04c1-424b-9868-57a2d4851a1d" />
    <TestEntry testId="64e35d23-06cc-16c7-c657-ae70d402cc1e" executionId="23427847-02cb-4f84-99ce-32d9324e6a66" testListId="8c84fa94-04c1-424b-9868-57a2d4851a1d" />
    <TestEntry testId="5f53b647-14d5-eb82-d13c-372a2ae89515" executionId="80410863-9e6a-4514-b5b3-85b25b5a36ab" testListId="8c84fa94-04c1-424b-9868-57a2d4851a1d" />
    <TestEntry testId="3de73b21-a659-ca93-7362-3fd9fdbb1cf8" executionId="520d68be-5d56-4b77-95a6-6cec81ac58bc" testListId="8c84fa94-04c1-424b-9868-57a2d4851a1d" />
    <TestEntry testId="a9948244-f6d1-6650-e390-e99310afde60" executionId="c3a47aea-b17f-4605-af3d-1d55dc6cb45d" testListId="8c84fa94-04c1-424b-9868-57a2d4851a1d" />
    <TestEntry testId="6e3a9c0c-f5fc-f0fc-6bff-afd6dd9ffc81" executionId="5ad80423-b3d8-460f-993a-1101315008b1" testListId="8c84fa94-04c1-424b-9868-57a2d4851a1d" />
  </TestEntries>
  <TestLists>
    <TestList name="Results Not in a List" id="8c84fa94-04c1-424b-9868-57a2d4851a1d" />
    <TestList name="All Loaded Results" id="19431567-8539-422a-85d7-44ee4e166bda" />
  </TestLists>
  <ResultSummary outcome="Completed">
    <Counters total="6" executed="6" passed="6" failed="0" error="0" timeout="0" aborted="0" inconclusive="0" passedButRunAborted="0" notRunnable="0" notExecuted="0" disconnected="0" warning="0" completed="0" inProgress="0" pending="0" />
  </ResultSummary>
</TestRun>