<?xml version="1.0" encoding="utf-8"?>
<TestRun id="9cf01f98-d2d2-48ad-913f-8dc9387d0820" name="runneradmin@fv-az1564-133 2024-06-25 23:13:23" runUser="fv-az1564-133\runneradmin" xmlns="http://microsoft.com/schemas/VisualStudio/TeamTest/2010">
  <Times creation="2024-06-25T23:13:23.8678170+00:00" queuing="2024-06-25T23:13:23.8678171+00:00" start="2024-06-25T23:13:21.8946944+00:00" finish="2024-06-25T23:13:23.8726050+00:00" />
  <TestSettings name="default" id="a19dfc2e-2b5a-44be-9eca-46a9aad56a86">
    <Deployment runDeploymentRoot="runneradmin_fv-az1564-133_2024-06-25_23_13_23" />
  </TestSettings>
  <Results>
    <UnitTestResult executionId="628f4d81-538c-4bbc-af08-766178bc3fab" testId="64e35d23-06cc-16c7-c657-ae70d402cc1e" testName="TestDisposeAsync" computerName="fv-az1564-133" duration="00:00:00.0011738" startTime="2024-06-25T23:13:23.4382308+00:00" endTime="2024-06-25T23:13:23.4394883+00:00" testType="13cdc9d9-ddb5-4fa4-a97d-d965ccfc6d4b" outcome="Passed" testListId="8c84fa94-04c1-424b-9868-57a2d4851a1d" relativeResultsDirectory="628f4d81-538c-4bbc-af08-766178bc3fab" />
    <UnitTestResult executionId="2056df29-a047-493a-ad70-8321e53be85d" testId="5f53b647-14d5-eb82-d13c-372a2ae89515" testName="TestExtension" computerName="fv-az1564-133" duration="00:00:00.0005298" startTime="2024-06-25T23:13:23.4455710+00:00" endTime="2024-06-25T23:13:23.4467625+00:00" testType="13cdc9d9-ddb5-4fa4-a97d-d965ccfc6d4b" outcome="Passed" testListId="8c84fa94-04c1-424b-9868-57a2d4851a1d" relativeResultsDirectory="2056df29-a047-493a-ad70-8321e53be85d" />
    <UnitTestResult executionId="2603d93b-475f-4899-b66b-cfcbc030c53d" testId="3de73b21-a659-ca93-7362-3fd9fdbb1cf8" testName="TestDispose" computerName="fv-az1564-133" duration="00:00:00.0022722" startTime="2024-06-25T23:13:23.4357804+00:00" endTime="2024-06-25T23:13:23.4382047+00:00" testType="13cdc9d9-ddb5-4fa4-a97d-d965ccfc6d4b" outcome="Passed" testListId="8c84fa94-04c1-424b-9868-57a2d4851a1d" relativeResultsDirectory="2603d93b-475f-4899-b66b-cfcbc030c53d" />
    <UnitTestResult executionId="1a72bcc0-0052-434c-b273-e390809964f4" testId="1a9c7ce4-c669-ed74-3766-c75d2eba36dd" testName="TestRead" computerName="fv-az1564-133" duration="00:00:00.0059344" startTime="2024-06-25T23:13:23.4395135+00:00" endTime="2024-06-25T23:13:23.4455445+00:00" testType="13cdc9d9-ddb5-4fa4-a97d-d965ccfc6d4b" outcome="Passed" testListId="8c84fa94-04c1-424b-9868-57a2d4851a1d" relativeResultsDirectory="1a72bcc0-0052-434c-b273-e390809964f4" />
    <UnitTestResult executionId="caa4c3aa-79ca-491b-9383-f64377844427" testId="6e3a9c0c-f5fc-f0fc-6bff-afd6dd9ffc81" testName="TestExtension" computerName="fv-az1564-133" duration="00:00:00.0009138" startTime="2024-06-25T23:13:23.4344095+00:00" endTime="2024-06-25T23:13:23.4355395+00:00" testType="13cdc9d9-ddb5-4fa4-a97d-d965ccfc6d4b" outcome="Passed" testListId="8c84fa94-04c1-424b-9868-57a2d4851a1d" relativeResultsDirectory="caa4c3aa-79ca-491b-9383-f64377844427" />
    <UnitTestResult executionId="eb8f0338-e37f-4a38-bb8a-204f83f18859" testId="a9948244-f6d1-6650-e390-e99310afde60" testName="TestRead" computerName="fv-az1564-133" duration="00:00:00.0034489" startTime="2024-06-25T23:13:23.4170038+00:00" endTime="2024-06-25T23:13:23.4307414+00:00" testType="13cdc9d9-ddb5-4fa4-a97d-d965ccfc6d4b" outcome="Passed" testListId="8c84fa94-04c1-424b-9868-57a2d4851a1d" relativeResultsDirectory="eb8f0338-e37f-4a38-bb8a-204f83f18859" />
  </Results>
  <TestDefinitions>
    <UnitTest name="TestRead" storage="d:\a\dotnet-monorepo\dotnet-monorepo\src\artifacts\bin\caching.tests\release_win-x64\caching.tests.dll" id="a9948244-f6d1-6650-e390-e99310afde60">
      <Execution id="eb8f0338-e37f-4a38-bb8a-204f83f18859" />
      <TestMethod codeBase="D:\a\dotnet-monorepo\dotnet-monorepo\src\artifacts\bin\Caching.Tests\release_win-x64\Caching.Tests.dll" adapterTypeName="executor://mstestadapter/v2" className="Caching.Tests.MemoryFileCacheTests" name="TestRead" />
    </UnitTest>
    <UnitTest name="TestDispose" storage="d:\a\dotnet-monorepo\dotnet-monorepo\src\artifacts\bin\caching.tests\release_win-x64\caching.tests.dll" id="3de73b21-a659-ca93-7362-3fd9fdbb1cf8">
      <Execution id="2603d93b-475f-4899-b66b-cfcbc030c53d" />
      <TestMethod codeBase="D:\a\dotnet-monorepo\dotnet-monorepo\src\artifacts\bin\Caching.Tests\release_win-x64\Caching.Tests.dll" adapterTypeName="executor://mstestadapter/v2" className="Caching.Tests.TempFileCacheTests" name="TestDispose" />
    </UnitTest>
    <UnitTest name="TestDisposeAsync" storage="d:\a\dotnet-monorepo\dotnet-monorepo\src\artifacts\bin\caching.tests\release_win-x64\caching.tests.dll" id="64e35d23-06cc-16c7-c657-ae70d402cc1e">
      <Execution id="628f4d81-538c-4bbc-af08-766178bc3fab" />
      <TestMethod codeBase="D:\a\dotnet-monorepo\dotnet-monorepo\src\artifacts\bin\Caching.Tests\release_win-x64\Caching.Tests.dll" adapterTypeName="executor://mstestadapter/v2" className="Caching.Tests.TempFileCacheTests" name="TestDisposeAsync" />
    </UnitTest>
    <UnitTest name="TestExtension" storage="d:\a\dotnet-monorepo\dotnet-monorepo\src\artifacts\bin\caching.tests\release_win-x64\caching.tests.dll" id="6e3a9c0c-f5fc-f0fc-6bff-afd6dd9ffc81">
      <Execution id="caa4c3aa-79ca-491b-9383-f64377844427" />
      <TestMethod codeBase="D:\a\dotnet-monorepo\dotnet-monorepo\src\artifacts\bin\Caching.Tests\release_win-x64\Caching.Tests.dll" adapterTypeName="executor://mstestadapter/v2" className="Caching.Tests.MemoryFileCacheTests" name="TestExtension" />
    </UnitTest>
    <UnitTest name="TestExtension" storage="d:\a\dotnet-monorepo\dotnet-monorepo\src\artifacts\bin\caching.tests\release_win-x64\caching.tests.dll" id="5f53b647-14d5-eb82-d13c-372a2ae89515">
      <Execution id="2056df29-a047-493a-ad70-8321e53be85d" />
      <TestMethod codeBase="D:\a\dotnet-monorepo\dotnet-monorepo\src\artifacts\bin\Caching.Tests\release_win-x64\Caching.Tests.dll" adapterTypeName="executor://mstestadapter/v2" className="Caching.Tests.TempFileCacheTests" name="TestExtension" />
    </UnitTest>
    <UnitTest name="TestRead" storage="d:\a\dotnet-monorepo\dotnet-monorepo\src\artifacts\bin\caching.tests\release_win-x64\caching.tests.dll" id="1a9c7ce4-c669-ed74-3766-c75d2eba36dd">
      <Execution id="1a72bcc0-0052-434c-b273-e390809964f4" />
      <TestMethod codeBase="D:\a\dotnet-monorepo\dotnet-monorepo\src\artifacts\bin\Caching.Tests\release_win-x64\Caching.Tests.dll" adapterTypeName="executor://mstestadapter/v2" className="Caching.Tests.TempFileCacheTests" name="TestRead" />
    </UnitTest>
  </TestDefinitions>
  <TestEntries>
    <TestEntry testId="64e35d23-06cc-16c7-c657-ae70d402cc1e" executionId="628f4d81-538c-4bbc-af08-766178bc3fab" testListId="8c84fa94-04c1-424b-9868-57a2d4851a1d" />
    <TestEntry testId="5f53b647-14d5-eb82-d13c-372a2ae89515" executionId="2056df29-a047-493a-ad70-8321e53be85d" testListId="8c84fa94-04c1-424b-9868-57a2d4851a1d" />
    <TestEntry testId="3de73b21-a659-ca93-7362-3fd9fdbb1cf8" executionId="2603d93b-475f-4899-b66b-cfcbc030c53d" testListId="8c84fa94-04c1-424b-9868-57a2d4851a1d" />
    <TestEntry testId="1a9c7ce4-c669-ed74-3766-c75d2eba36dd" executionId="1a72bcc0-0052-434c-b273-e390809964f4" testListId="8c84fa94-04c1-424b-9868-57a2d4851a1d" />
    <TestEntry testId="6e3a9c0c-f5fc-f0fc-6bff-afd6dd9ffc81" executionId="caa4c3aa-79ca-491b-9383-f64377844427" testListId="8c84fa94-04c1-424b-9868-57a2d4851a1d" />
    <TestEntry testId="a9948244-f6d1-6650-e390-e99310afde60" executionId="eb8f0338-e37f-4a38-bb8a-204f83f18859" testListId="8c84fa94-04c1-424b-9868-57a2d4851a1d" />
  </TestEntries>
  <TestLists>
    <TestList name="Results Not in a List" id="8c84fa94-04c1-424b-9868-57a2d4851a1d" />
    <TestList name="All Loaded Results" id="19431567-8539-422a-85d7-44ee4e166bda" />
  </TestLists>
  <ResultSummary outcome="Completed">
    <Counters total="6" executed="6" passed="6" failed="0" error="0" timeout="0" aborted="0" inconclusive="0" passedButRunAborted="0" notRunnable="0" notExecuted="0" disconnected="0" warning="0" completed="0" inProgress="0" pending="0" />
  </ResultSummary>
</TestRun>