<?xml version="1.0" encoding="utf-8"?>
<TestRun id="04673039-1463-4b15-a15f-670e1eb1be9c" name="runneradmin@fv-az1390-488 2025-01-10 01:58:41" runUser="fv-az1390-488\runneradmin" xmlns="http://microsoft.com/schemas/VisualStudio/TeamTest/2010">
  <Times creation="2025-01-10T01:58:41.3202426+00:00" queuing="2025-01-10T01:58:41.3202427+00:00" start="2025-01-10T01:58:39.1732996+00:00" finish="2025-01-10T01:58:41.3423625+00:00" />
  <TestSettings name="default" id="bae9db9a-c571-498c-ba86-13df01ff1fcd">
    <Deployment runDeploymentRoot="runneradmin_fv-az1390-488_2025-01-10_01_58_41" />
  </TestSettings>
  <Results>
    <UnitTestResult executionId="466f1317-f0e3-4607-ae01-b82e588a8eae" testId="5f53b647-14d5-eb82-d13c-372a2ae89515" testName="TestExtension" computerName="fv-az1390-488" duration="00:00:00.0005430" startTime="2025-01-10T01:58:40.8368999+00:00" endTime="2025-01-10T01:58:40.8380617+00:00" testType="13cdc9d9-ddb5-4fa4-a97d-d965ccfc6d4b" outcome="Passed" testListId="8c84fa94-04c1-424b-9868-57a2d4851a1d" relativeResultsDirectory="466f1317-f0e3-4607-ae01-b82e588a8eae" />
    <UnitTestResult executionId="765dd77f-acce-4674-828f-33493d14a750" testId="1a9c7ce4-c669-ed74-3766-c75d2eba36dd" testName="TestRead" computerName="fv-az1390-488" duration="00:00:00.0050511" startTime="2025-01-10T01:58:40.8317547+00:00" endTime="2025-01-10T01:58:40.8368725+00:00" testType="13cdc9d9-ddb5-4fa4-a97d-d965ccfc6d4b" outcome="Passed" testListId="8c84fa94-04c1-424b-9868-57a2d4851a1d" relativeResultsDirectory="765dd77f-acce-4674-828f-33493d14a750" />
    <UnitTestResult executionId="ca001a64-4fff-4235-9880-1a134dd2851f" testId="6e3a9c0c-f5fc-f0fc-6bff-afd6dd9ffc81" testName="TestExtension" computerName="fv-az1390-488" duration="00:00:00.0008696" startTime="2025-01-10T01:58:40.8268933+00:00" endTime="2025-01-10T01:58:40.8279929+00:00" testType="13cdc9d9-ddb5-4fa4-a97d-d965ccfc6d4b" outcome="Passed" testListId="8c84fa94-04c1-424b-9868-57a2d4851a1d" relativeResultsDirectory="ca001a64-4fff-4235-9880-1a134dd2851f" />
    <UnitTestResult executionId="da442c02-52da-4c46-a1d8-ae0bbda32e99" testId="3de73b21-a659-ca93-7362-3fd9fdbb1cf8" testName="TestDispose" computerName="fv-az1390-488" duration="00:00:00.0021797" startTime="2025-01-10T01:58:40.8282163+00:00" endTime="2025-01-10T01:58:40.8305237+00:00" testType="13cdc9d9-ddb5-4fa4-a97d-d965ccfc6d4b" outcome="Passed" testListId="8c84fa94-04c1-424b-9868-57a2d4851a1d" relativeResultsDirectory="da442c02-52da-4c46-a1d8-ae0bbda32e99" />
    <UnitTestResult executionId="ac4b5b77-b74e-4909-8d72-0adcd89bbc3a" testId="a9948244-f6d1-6650-e390-e99310afde60" testName="TestRead" computerName="fv-az1390-488" duration="00:00:00.0058766" startTime="2025-01-10T01:58:40.7998480+00:00" endTime="2025-01-10T01:58:40.8232127+00:00" testType="13cdc9d9-ddb5-4fa4-a97d-d965ccfc6d4b" outcome="Passed" testListId="8c84fa94-04c1-424b-9868-57a2d4851a1d" relativeResultsDirectory="ac4b5b77-b74e-4909-8d72-0adcd89bbc3a" />
    <UnitTestResult executionId="5b853394-ab71-4fb7-8a76-21d604df0c2c" testId="64e35d23-06cc-16c7-c657-ae70d402cc1e" testName="TestDisposeAsync" computerName="fv-az1390-488" duration="00:00:00.0011030" startTime="2025-01-10T01:58:40.8305552+00:00" endTime="2025-01-10T01:58:40.8317235+00:00" testType="13cdc9d9-ddb5-4fa4-a97d-d965ccfc6d4b" outcome="Passed" testListId="8c84fa94-04c1-424b-9868-57a2d4851a1d" relativeResultsDirectory="5b853394-ab71-4fb7-8a76-21d604df0c2c" />
  </Results>
  <TestDefinitions>
    <UnitTest name="TestRead" storage="d:\a\dotnet-monorepo\dotnet-monorepo\src\artifacts\bin\caching.tests\release_win-x64\caching.tests.dll" id="a9948244-f6d1-6650-e390-e99310afde60">
      <Execution id="ac4b5b77-b74e-4909-8d72-0adcd89bbc3a" />
      <TestMethod codeBase="D:\a\dotnet-monorepo\dotnet-monorepo\src\artifacts\bin\Caching.Tests\release_win-x64\Caching.Tests.dll" adapterTypeName="executor://mstestadapter/v2" className="Caching.Tests.MemoryFileCacheTests" name="TestRead" />
    </UnitTest>
    <UnitTest name="TestDispose" storage="d:\a\dotnet-monorepo\dotnet-monorepo\src\artifacts\bin\caching.tests\release_win-x64\caching.tests.dll" id="3de73b21-a659-ca93-7362-3fd9fdbb1cf8">
      <Execution id="da442c02-52da-4c46-a1d8-ae0bbda32e99" />
      <TestMethod codeBase="D:\a\dotnet-monorepo\dotnet-monorepo\src\artifacts\bin\Caching.Tests\release_win-x64\Caching.Tests.dll" adapterTypeName="executor://mstestadapter/v2" className="Caching.Tests.TempFileCacheTests" name="TestDispose" />
    </UnitTest>
    <UnitTest name="TestDisposeAsync" storage="d:\a\dotnet-monorepo\dotnet-monorepo\src\artifacts\bin\caching.tests\release_win-x64\caching.tests.dll" id="64e35d23-06cc-16c7-c657-ae70d402cc1e">
      <Execution id="5b853394-ab71-4fb7-8a76-21d604df0c2c" />
      <TestMethod codeBase="D:\a\dotnet-monorepo\dotnet-monorepo\src\artifacts\bin\Caching.Tests\release_win-x64\Caching.Tests.dll" adapterTypeName="executor://mstestadapter/v2" className="Caching.Tests.TempFileCacheTests" name="TestDisposeAsync" />
    </UnitTest>
    <UnitTest name="TestExtension" storage="d:\a\dotnet-monorepo\dotnet-monorepo\src\artifacts\bin\caching.tests\release_win-x64\caching.tests.dll" id="6e3a9c0c-f5fc-f0fc-6bff-afd6dd9ffc81">
      <Execution id="ca001a64-4fff-4235-9880-1a134dd2851f" />
      <TestMethod codeBase="D:\a\dotnet-monorepo\dotnet-monorepo\src\artifacts\bin\Caching.Tests\release_win-x64\Caching.Tests.dll" adapterTypeName="executor://mstestadapter/v2" className="Caching.Tests.MemoryFileCacheTests" name="TestExtension" />
    </UnitTest>
    <UnitTest name="TestExtension" storage="d:\a\dotnet-monorepo\dotnet-monorepo\src\artifacts\bin\caching.tests\release_win-x64\caching.tests.dll" id="5f53b647-14d5-eb82-d13c-372a2ae89515">
      <Execution id="466f1317-f0e3-4607-ae01-b82e588a8eae" />
      <TestMethod codeBase="D:\a\dotnet-monorepo\dotnet-monorepo\src\artifacts\bin\Caching.Tests\release_win-x64\Caching.Tests.dll" adapterTypeName="executor://mstestadapter/v2" className="Caching.Tests.TempFileCacheTests" name="TestExtension" />
    </UnitTest>
    <UnitTest name="TestRead" storage="d:\a\dotnet-monorepo\dotnet-monorepo\src\artifacts\bin\caching.tests\release_win-x64\caching.tests.dll" id="1a9c7ce4-c669-ed74-3766-c75d2eba36dd">
      <Execution id="765dd77f-acce-4674-828f-33493d14a750" />
      <TestMethod codeBase="D:\a\dotnet-monorepo\dotnet-monorepo\src\artifacts\bin\Caching.Tests\release_win-x64\Caching.Tests.dll" adapterTypeName="executor://mstestadapter/v2" className="Caching.Tests.TempFileCacheTests" name="TestRead" />
    </UnitTest>
  </TestDefinitions>
  <TestEntries>
    <TestEntry testId="5f53b647-14d5-eb82-d13c-372a2ae89515" executionId="466f1317-f0e3-4607-ae01-b82e588a8eae" testListId="8c84fa94-04c1-424b-9868-57a2d4851a1d" />
    <TestEntry testId="1a9c7ce4-c669-ed74-3766-c75d2eba36dd" executionId="765dd77f-acce-4674-828f-33493d14a750" testListId="8c84fa94-04c1-424b-9868-57a2d4851a1d" />
    <TestEntry testId="6e3a9c0c-f5fc-f0fc-6bff-afd6dd9ffc81" executionId="ca001a64-4fff-4235-9880-1a134dd2851f" testListId="8c84fa94-04c1-424b-9868-57a2d4851a1d" />
    <TestEntry testId="3de73b21-a659-ca93-7362-3fd9fdbb1cf8" executionId="da442c02-52da-4c46-a1d8-ae0bbda32e99" testListId="8c84fa94-04c1-424b-9868-57a2d4851a1d" />
    <TestEntry testId="a9948244-f6d1-6650-e390-e99310afde60" executionId="ac4b5b77-b74e-4909-8d72-0adcd89bbc3a" testListId="8c84fa94-04c1-424b-9868-57a2d4851a1d" />
    <TestEntry testId="64e35d23-06cc-16c7-c657-ae70d402cc1e" executionId="5b853394-ab71-4fb7-8a76-21d604df0c2c" testListId="8c84fa94-04c1-424b-9868-57a2d4851a1d" />
  </TestEntries>
  <TestLists>
    <TestList name="Results Not in a List" id="8c84fa94-04c1-424b-9868-57a2d4851a1d" />
    <TestList name="All Loaded Results" id="19431567-8539-422a-85d7-44ee4e166bda" />
  </TestLists>
  <ResultSummary outcome="Completed">
    <Counters total="6" executed="6" passed="6" failed="0" error="0" timeout="0" aborted="0" inconclusive="0" passedButRunAborted="0" notRunnable="0" notExecuted="0" disconnected="0" warning="0" completed="0" inProgress="0" pending="0" />
  </ResultSummary>
</TestRun>