<?xml version="1.0" encoding="utf-8"?>
<TestRun id="82070476-0980-46f0-8cfc-5d582cd70499" name="runneradmin@fv-az1455-248 2024-11-19 23:38:55" runUser="fv-az1455-248\runneradmin" xmlns="http://microsoft.com/schemas/VisualStudio/TeamTest/2010">
  <Times creation="2024-11-19T23:38:55.6238830+00:00" queuing="2024-11-19T23:38:55.6238831+00:00" start="2024-11-19T23:38:52.9717566+00:00" finish="2024-11-19T23:38:55.6585132+00:00" />
  <TestSettings name="default" id="56b9d619-2856-4e3d-8b29-61171c88c094">
    <Deployment runDeploymentRoot="runneradmin_fv-az1455-248_2024-11-19_23_38_55" />
  </TestSettings>
  <Results>
    <UnitTestResult executionId="b015eb31-89ea-4817-8d4a-f8b7a369a8dc" testId="5f53b647-14d5-eb82-d13c-372a2ae89515" testName="TestExtension" computerName="fv-az1455-248" duration="00:00:00.0005918" startTime="2024-11-19T23:38:55.1071720+00:00" endTime="2024-11-19T23:38:55.1084571+00:00" testType="13cdc9d9-ddb5-4fa4-a97d-d965ccfc6d4b" outcome="Passed" testListId="8c84fa94-04c1-424b-9868-57a2d4851a1d" relativeResultsDirectory="b015eb31-89ea-4817-8d4a-f8b7a369a8dc" />
    <UnitTestResult executionId="9728f46b-70b5-4929-9f7b-d0e31328b745" testId="3de73b21-a659-ca93-7362-3fd9fdbb1cf8" testName="TestDispose" computerName="fv-az1455-248" duration="00:00:00.0023271" startTime="2024-11-19T23:38:55.0973830+00:00" endTime="2024-11-19T23:38:55.0998614+00:00" testType="13cdc9d9-ddb5-4fa4-a97d-d965ccfc6d4b" outcome="Passed" testListId="8c84fa94-04c1-424b-9868-57a2d4851a1d" relativeResultsDirectory="9728f46b-70b5-4929-9f7b-d0e31328b745" />
    <UnitTestResult executionId="768d57e5-dc23-4a48-8389-ac586f12a861" testId="1a9c7ce4-c669-ed74-3766-c75d2eba36dd" testName="TestRead" computerName="fv-az1455-248" duration="00:00:00.0059084" startTime="2024-11-19T23:38:55.1011557+00:00" endTime="2024-11-19T23:38:55.1071377+00:00" testType="13cdc9d9-ddb5-4fa4-a97d-d965ccfc6d4b" outcome="Passed" testListId="8c84fa94-04c1-424b-9868-57a2d4851a1d" relativeResultsDirectory="768d57e5-dc23-4a48-8389-ac586f12a861" />
    <UnitTestResult executionId="49e37cdf-5065-4eda-83cf-a17aa465642a" testId="a9948244-f6d1-6650-e390-e99310afde60" testName="TestRead" computerName="fv-az1455-248" duration="00:00:00.0057498" startTime="2024-11-19T23:38:55.0686290+00:00" endTime="2024-11-19T23:38:55.0922819+00:00" testType="13cdc9d9-ddb5-4fa4-a97d-d965ccfc6d4b" outcome="Passed" testListId="8c84fa94-04c1-424b-9868-57a2d4851a1d" relativeResultsDirectory="49e37cdf-5065-4eda-83cf-a17aa465642a" />
    <UnitTestResult executionId="5a37e1c8-0118-446e-96ae-6ab5d37e130e" testId="64e35d23-06cc-16c7-c657-ae70d402cc1e" testName="TestDisposeAsync" computerName="fv-az1455-248" duration="00:00:00.0011597" startTime="2024-11-19T23:38:55.0998893+00:00" endTime="2024-11-19T23:38:55.1011219+00:00" testType="13cdc9d9-ddb5-4fa4-a97d-d965ccfc6d4b" outcome="Passed" testListId="8c84fa94-04c1-424b-9868-57a2d4851a1d" relativeResultsDirectory="5a37e1c8-0118-446e-96ae-6ab5d37e130e" />
    <UnitTestResult executionId="519f041d-9538-4bc8-b8ef-78d860afa6bd" testId="6e3a9c0c-f5fc-f0fc-6bff-afd6dd9ffc81" testName="TestExtension" computerName="fv-az1455-248" duration="00:00:00.0009019" startTime="2024-11-19T23:38:55.0960111+00:00" endTime="2024-11-19T23:38:55.0971512+00:00" testType="13cdc9d9-ddb5-4fa4-a97d-d965ccfc6d4b" outcome="Passed" testListId="8c84fa94-04c1-424b-9868-57a2d4851a1d" relativeResultsDirectory="519f041d-9538-4bc8-b8ef-78d860afa6bd" />
  </Results>
  <TestDefinitions>
    <UnitTest name="TestRead" storage="d:\a\dotnet-monorepo\dotnet-monorepo\src\artifacts\bin\caching.tests\release_win-x64\caching.tests.dll" id="a9948244-f6d1-6650-e390-e99310afde60">
      <Execution id="49e37cdf-5065-4eda-83cf-a17aa465642a" />
      <TestMethod codeBase="D:\a\dotnet-monorepo\dotnet-monorepo\src\artifacts\bin\Caching.Tests\release_win-x64\Caching.Tests.dll" adapterTypeName="executor://mstestadapter/v2" className="Caching.Tests.MemoryFileCacheTests" name="TestRead" />
    </UnitTest>
    <UnitTest name="TestDispose" storage="d:\a\dotnet-monorepo\dotnet-monorepo\src\artifacts\bin\caching.tests\release_win-x64\caching.tests.dll" id="3de73b21-a659-ca93-7362-3fd9fdbb1cf8">
      <Execution id="9728f46b-70b5-4929-9f7b-d0e31328b745" />
      <TestMethod codeBase="D:\a\dotnet-monorepo\dotnet-monorepo\src\artifacts\bin\Caching.Tests\release_win-x64\Caching.Tests.dll" adapterTypeName="executor://mstestadapter/v2" className="Caching.Tests.TempFileCacheTests" name="TestDispose" />
    </UnitTest>
    <UnitTest name="TestDisposeAsync" storage="d:\a\dotnet-monorepo\dotnet-monorepo\src\artifacts\bin\caching.tests\release_win-x64\caching.tests.dll" id="64e35d23-06cc-16c7-c657-ae70d402cc1e">
      <Execution id="5a37e1c8-0118-446e-96ae-6ab5d37e130e" />
      <TestMethod codeBase="D:\a\dotnet-monorepo\dotnet-monorepo\src\artifacts\bin\Caching.Tests\release_win-x64\Caching.Tests.dll" adapterTypeName="executor://mstestadapter/v2" className="Caching.Tests.TempFileCacheTests" name="TestDisposeAsync" />
    </UnitTest>
    <UnitTest name="TestExtension" storage="d:\a\dotnet-monorepo\dotnet-monorepo\src\artifacts\bin\caching.tests\release_win-x64\caching.tests.dll" id="6e3a9c0c-f5fc-f0fc-6bff-afd6dd9ffc81">
      <Execution id="519f041d-9538-4bc8-b8ef-78d860afa6bd" />
      <TestMethod codeBase="D:\a\dotnet-monorepo\dotnet-monorepo\src\artifacts\bin\Caching.Tests\release_win-x64\Caching.Tests.dll" adapterTypeName="executor://mstestadapter/v2" className="Caching.Tests.MemoryFileCacheTests" name="TestExtension" />
    </UnitTest>
    <UnitTest name="TestExtension" storage="d:\a\dotnet-monorepo\dotnet-monorepo\src\artifacts\bin\caching.tests\release_win-x64\caching.tests.dll" id="5f53b647-14d5-eb82-d13c-372a2ae89515">
      <Execution id="b015eb31-89ea-4817-8d4a-f8b7a369a8dc" />
      <TestMethod codeBase="D:\a\dotnet-monorepo\dotnet-monorepo\src\artifacts\bin\Caching.Tests\release_win-x64\Caching.Tests.dll" adapterTypeName="executor://mstestadapter/v2" className="Caching.Tests.TempFileCacheTests" name="TestExtension" />
    </UnitTest>
    <UnitTest name="TestRead" storage="d:\a\dotnet-monorepo\dotnet-monorepo\src\artifacts\bin\caching.tests\release_win-x64\caching.tests.dll" id="1a9c7ce4-c669-ed74-3766-c75d2eba36dd">
      <Execution id="768d57e5-dc23-4a48-8389-ac586f12a861" />
      <TestMethod codeBase="D:\a\dotnet-monorepo\dotnet-monorepo\src\artifacts\bin\Caching.Tests\release_win-x64\Caching.Tests.dll" adapterTypeName="executor://mstestadapter/v2" className="Caching.Tests.TempFileCacheTests" name="TestRead" />
    </UnitTest>
  </TestDefinitions>
  <TestEntries>
    <TestEntry testId="5f53b647-14d5-eb82-d13c-372a2ae89515" executionId="b015eb31-89ea-4817-8d4a-f8b7a369a8dc" testListId="8c84fa94-04c1-424b-9868-57a2d4851a1d" />
    <TestEntry testId="3de73b21-a659-ca93-7362-3fd9fdbb1cf8" executionId="9728f46b-70b5-4929-9f7b-d0e31328b745" testListId="8c84fa94-04c1-424b-9868-57a2d4851a1d" />
    <TestEntry testId="1a9c7ce4-c669-ed74-3766-c75d2eba36dd" executionId="768d57e5-dc23-4a48-8389-ac586f12a861" testListId="8c84fa94-04c1-424b-9868-57a2d4851a1d" />
    <TestEntry testId="a9948244-f6d1-6650-e390-e99310afde60" executionId="49e37cdf-5065-4eda-83cf-a17aa465642a" testListId="8c84fa94-04c1-424b-9868-57a2d4851a1d" />
    <TestEntry testId="64e35d23-06cc-16c7-c657-ae70d402cc1e" executionId="5a37e1c8-0118-446e-96ae-6ab5d37e130e" testListId="8c84fa94-04c1-424b-9868-57a2d4851a1d" />
    <TestEntry testId="6e3a9c0c-f5fc-f0fc-6bff-afd6dd9ffc81" executionId="519f041d-9538-4bc8-b8ef-78d860afa6bd" testListId="8c84fa94-04c1-424b-9868-57a2d4851a1d" />
  </TestEntries>
  <TestLists>
    <TestList name="Results Not in a List" id="8c84fa94-04c1-424b-9868-57a2d4851a1d" />
    <TestList name="All Loaded Results" id="19431567-8539-422a-85d7-44ee4e166bda" />
  </TestLists>
  <ResultSummary outcome="Completed">
    <Counters total="6" executed="6" passed="6" failed="0" error="0" timeout="0" aborted="0" inconclusive="0" passedButRunAborted="0" notRunnable="0" notExecuted="0" disconnected="0" warning="0" completed="0" inProgress="0" pending="0" />
  </ResultSummary>
</TestRun>