<?xml version="1.0" encoding="utf-8"?>
<TestRun id="e114ffee-3a22-4b31-aa6f-3f3f37a706e8" name="runneradmin@fv-az1435-649 2024-08-09 21:22:19" runUser="fv-az1435-649\runneradmin" xmlns="http://microsoft.com/schemas/VisualStudio/TeamTest/2010">
  <Times creation="2024-08-09T21:22:19.5409730+00:00" queuing="2024-08-09T21:22:19.5409731+00:00" start="2024-08-09T21:22:17.5081763+00:00" finish="2024-08-09T21:22:19.5458572+00:00" />
  <TestSettings name="default" id="4eb6e887-cfc1-41c3-907c-f5772e01e648">
    <Deployment runDeploymentRoot="runneradmin_fv-az1435-649_2024-08-09_21_22_19" />
  </TestSettings>
  <Results>
    <UnitTestResult executionId="49d286cd-8c10-46ff-93d5-d381d624f161" testId="3de73b21-a659-ca93-7362-3fd9fdbb1cf8" testName="TestDispose" computerName="fv-az1435-649" duration="00:00:00.0085465" startTime="2024-08-09T21:22:18.9948069+00:00" endTime="2024-08-09T21:22:19.0035076+00:00" testType="13cdc9d9-ddb5-4fa4-a97d-d965ccfc6d4b" outcome="Passed" testListId="8c84fa94-04c1-424b-9868-57a2d4851a1d" relativeResultsDirectory="49d286cd-8c10-46ff-93d5-d381d624f161" />
    <UnitTestResult executionId="20d58ad0-f77c-4427-944b-28b1dc004cbe" testId="6e3a9c0c-f5fc-f0fc-6bff-afd6dd9ffc81" testName="TestExtension" computerName="fv-az1435-649" duration="00:00:00.0009236" startTime="2024-08-09T21:22:18.9934175+00:00" endTime="2024-08-09T21:22:18.9945565+00:00" testType="13cdc9d9-ddb5-4fa4-a97d-d965ccfc6d4b" outcome="Passed" testListId="8c84fa94-04c1-424b-9868-57a2d4851a1d" relativeResultsDirectory="20d58ad0-f77c-4427-944b-28b1dc004cbe" />
    <UnitTestResult executionId="5cd19066-e6ff-4e2f-84e3-938905eb7b32" testId="a9948244-f6d1-6650-e390-e99310afde60" testName="TestRead" computerName="fv-az1435-649" duration="00:00:00.0034644" startTime="2024-08-09T21:22:18.9761917+00:00" endTime="2024-08-09T21:22:18.9897528+00:00" testType="13cdc9d9-ddb5-4fa4-a97d-d965ccfc6d4b" outcome="Passed" testListId="8c84fa94-04c1-424b-9868-57a2d4851a1d" relativeResultsDirectory="5cd19066-e6ff-4e2f-84e3-938905eb7b32" />
    <UnitTestResult executionId="9ed50678-ef4e-4a81-98dc-a0de714367e9" testId="1a9c7ce4-c669-ed74-3766-c75d2eba36dd" testName="TestRead" computerName="fv-az1435-649" duration="00:00:00.0053821" startTime="2024-08-09T21:22:19.0047616+00:00" endTime="2024-08-09T21:22:19.0102360+00:00" testType="13cdc9d9-ddb5-4fa4-a97d-d965ccfc6d4b" outcome="Passed" testListId="8c84fa94-04c1-424b-9868-57a2d4851a1d" relativeResultsDirectory="9ed50678-ef4e-4a81-98dc-a0de714367e9" />
    <UnitTestResult executionId="17843ee8-96a2-4b4c-af37-67506ea8a5c4" testId="5f53b647-14d5-eb82-d13c-372a2ae89515" testName="TestExtension" computerName="fv-az1435-649" duration="00:00:00.0005045" startTime="2024-08-09T21:22:19.0102619+00:00" endTime="2024-08-09T21:22:19.0114366+00:00" testType="13cdc9d9-ddb5-4fa4-a97d-d965ccfc6d4b" outcome="Passed" testListId="8c84fa94-04c1-424b-9868-57a2d4851a1d" relativeResultsDirectory="17843ee8-96a2-4b4c-af37-67506ea8a5c4" />
    <UnitTestResult executionId="8b49791d-22fb-46fe-a232-8a8883719e7b" testId="64e35d23-06cc-16c7-c657-ae70d402cc1e" testName="TestDisposeAsync" computerName="fv-az1435-649" duration="00:00:00.0011229" startTime="2024-08-09T21:22:19.0035330+00:00" endTime="2024-08-09T21:22:19.0047365+00:00" testType="13cdc9d9-ddb5-4fa4-a97d-d965ccfc6d4b" outcome="Passed" testListId="8c84fa94-04c1-424b-9868-57a2d4851a1d" relativeResultsDirectory="8b49791d-22fb-46fe-a232-8a8883719e7b" />
  </Results>
  <TestDefinitions>
    <UnitTest name="TestRead" storage="d:\a\dotnet-monorepo\dotnet-monorepo\src\artifacts\bin\caching.tests\release_win-x64\caching.tests.dll" id="a9948244-f6d1-6650-e390-e99310afde60">
      <Execution id="5cd19066-e6ff-4e2f-84e3-938905eb7b32" />
      <TestMethod codeBase="D:\a\dotnet-monorepo\dotnet-monorepo\src\artifacts\bin\Caching.Tests\release_win-x64\Caching.Tests.dll" adapterTypeName="executor://mstestadapter/v2" className="Caching.Tests.MemoryFileCacheTests" name="TestRead" />
    </UnitTest>
    <UnitTest name="TestDispose" storage="d:\a\dotnet-monorepo\dotnet-monorepo\src\artifacts\bin\caching.tests\release_win-x64\caching.tests.dll" id="3de73b21-a659-ca93-7362-3fd9fdbb1cf8">
      <Execution id="49d286cd-8c10-46ff-93d5-d381d624f161" />
      <TestMethod codeBase="D:\a\dotnet-monorepo\dotnet-monorepo\src\artifacts\bin\Caching.Tests\release_win-x64\Caching.Tests.dll" adapterTypeName="executor://mstestadapter/v2" className="Caching.Tests.TempFileCacheTests" name="TestDispose" />
    </UnitTest>
    <UnitTest name="TestDisposeAsync" storage="d:\a\dotnet-monorepo\dotnet-monorepo\src\artifacts\bin\caching.tests\release_win-x64\caching.tests.dll" id="64e35d23-06cc-16c7-c657-ae70d402cc1e">
      <Execution id="8b49791d-22fb-46fe-a232-8a8883719e7b" />
      <TestMethod codeBase="D:\a\dotnet-monorepo\dotnet-monorepo\src\artifacts\bin\Caching.Tests\release_win-x64\Caching.Tests.dll" adapterTypeName="executor://mstestadapter/v2" className="Caching.Tests.TempFileCacheTests" name="TestDisposeAsync" />
    </UnitTest>
    <UnitTest name="TestExtension" storage="d:\a\dotnet-monorepo\dotnet-monorepo\src\artifacts\bin\caching.tests\release_win-x64\caching.tests.dll" id="6e3a9c0c-f5fc-f0fc-6bff-afd6dd9ffc81">
      <Execution id="20d58ad0-f77c-4427-944b-28b1dc004cbe" />
      <TestMethod codeBase="D:\a\dotnet-monorepo\dotnet-monorepo\src\artifacts\bin\Caching.Tests\release_win-x64\Caching.Tests.dll" adapterTypeName="executor://mstestadapter/v2" className="Caching.Tests.MemoryFileCacheTests" name="TestExtension" />
    </UnitTest>
    <UnitTest name="TestExtension" storage="d:\a\dotnet-monorepo\dotnet-monorepo\src\artifacts\bin\caching.tests\release_win-x64\caching.tests.dll" id="5f53b647-14d5-eb82-d13c-372a2ae89515">
      <Execution id="17843ee8-96a2-4b4c-af37-67506ea8a5c4" />
      <TestMethod codeBase="D:\a\dotnet-monorepo\dotnet-monorepo\src\artifacts\bin\Caching.Tests\release_win-x64\Caching.Tests.dll" adapterTypeName="executor://mstestadapter/v2" className="Caching.Tests.TempFileCacheTests" name="TestExtension" />
    </UnitTest>
    <UnitTest name="TestRead" storage="d:\a\dotnet-monorepo\dotnet-monorepo\src\artifacts\bin\caching.tests\release_win-x64\caching.tests.dll" id="1a9c7ce4-c669-ed74-3766-c75d2eba36dd">
      <Execution id="9ed50678-ef4e-4a81-98dc-a0de714367e9" />
      <TestMethod codeBase="D:\a\dotnet-monorepo\dotnet-monorepo\src\artifacts\bin\Caching.Tests\release_win-x64\Caching.Tests.dll" adapterTypeName="executor://mstestadapter/v2" className="Caching.Tests.TempFileCacheTests" name="TestRead" />
    </UnitTest>
  </TestDefinitions>
  <TestEntries>
    <TestEntry testId="3de73b21-a659-ca93-7362-3fd9fdbb1cf8" executionId="49d286cd-8c10-46ff-93d5-d381d624f161" testListId="8c84fa94-04c1-424b-9868-57a2d4851a1d" />
    <TestEntry testId="6e3a9c0c-f5fc-f0fc-6bff-afd6dd9ffc81" executionId="20d58ad0-f77c-4427-944b-28b1dc004cbe" testListId="8c84fa94-04c1-424b-9868-57a2d4851a1d" />
    <TestEntry testId="a9948244-f6d1-6650-e390-e99310afde60" executionId="5cd19066-e6ff-4e2f-84e3-938905eb7b32" testListId="8c84fa94-04c1-424b-9868-57a2d4851a1d" />
    <TestEntry testId="1a9c7ce4-c669-ed74-3766-c75d2eba36dd" executionId="9ed50678-ef4e-4a81-98dc-a0de714367e9" testListId="8c84fa94-04c1-424b-9868-57a2d4851a1d" />
    <TestEntry testId="5f53b647-14d5-eb82-d13c-372a2ae89515" executionId="17843ee8-96a2-4b4c-af37-67506ea8a5c4" testListId="8c84fa94-04c1-424b-9868-57a2d4851a1d" />
    <TestEntry testId="64e35d23-06cc-16c7-c657-ae70d402cc1e" executionId="8b49791d-22fb-46fe-a232-8a8883719e7b" testListId="8c84fa94-04c1-424b-9868-57a2d4851a1d" />
  </TestEntries>
  <TestLists>
    <TestList name="Results Not in a List" id="8c84fa94-04c1-424b-9868-57a2d4851a1d" />
    <TestList name="All Loaded Results" id="19431567-8539-422a-85d7-44ee4e166bda" />
  </TestLists>
  <ResultSummary outcome="Completed">
    <Counters total="6" executed="6" passed="6" failed="0" error="0" timeout="0" aborted="0" inconclusive="0" passedButRunAborted="0" notRunnable="0" notExecuted="0" disconnected="0" warning="0" completed="0" inProgress="0" pending="0" />
  </ResultSummary>
</TestRun>