<?xml version="1.0" encoding="utf-8"?>
<TestRun id="7e3917e1-70a8-409e-a32f-bc1b31fb781d" name="runneradmin@runnervm4i34c 2025-08-09 21:09:16" runUser="runnervm4i34c\runneradmin" xmlns="http://microsoft.com/schemas/VisualStudio/TeamTest/2010">
  <Times creation="2025-08-09T21:09:16.9928794+00:00" queuing="2025-08-09T21:09:16.9928795+00:00" start="2025-08-09T21:09:16.2808205+00:00" finish="2025-08-09T21:09:16.9978545+00:00" />
  <TestSettings name="default" id="e66eb820-6ab7-4d09-a504-16af78f6c44f">
    <Deployment runDeploymentRoot="runneradmin_runnervm4i34c_2025-08-09_21_09_16" />
  </TestSettings>
  <Results>
    <UnitTestResult executionId="7d565b12-207a-4871-a76b-70241f29f0a6" testId="5f53b647-14d5-eb82-d13c-372a2ae89515" testName="TestExtension" computerName="runnervm4i34c" duration="00:00:00.0005869" startTime="2025-08-09T21:09:16.7609245+00:00" endTime="2025-08-09T21:09:16.7621077+00:00" testType="13cdc9d9-ddb5-4fa4-a97d-d965ccfc6d4b" outcome="Passed" testListId="8c84fa94-04c1-424b-9868-57a2d4851a1d" relativeResultsDirectory="7d565b12-207a-4871-a76b-70241f29f0a6" />
    <UnitTestResult executionId="cd899731-57b8-404d-bbb2-f3ce33920415" testId="1a9c7ce4-c669-ed74-3766-c75d2eba36dd" testName="TestRead" computerName="runnervm4i34c" duration="00:00:00.0049804" startTime="2025-08-09T21:09:16.7530326+00:00" endTime="2025-08-09T21:09:16.7608954+00:00" testType="13cdc9d9-ddb5-4fa4-a97d-d965ccfc6d4b" outcome="Passed" testListId="8c84fa94-04c1-424b-9868-57a2d4851a1d" relativeResultsDirectory="cd899731-57b8-404d-bbb2-f3ce33920415" />
    <UnitTestResult executionId="6821a5bb-9a1f-4e0d-8eca-3c2d27dc6e6c" testId="3de73b21-a659-ca93-7362-3fd9fdbb1cf8" testName="TestDispose" computerName="runnervm4i34c" duration="00:00:00.0022516" startTime="2025-08-09T21:09:16.7494262+00:00" endTime="2025-08-09T21:09:16.7517774+00:00" testType="13cdc9d9-ddb5-4fa4-a97d-d965ccfc6d4b" outcome="Passed" testListId="8c84fa94-04c1-424b-9868-57a2d4851a1d" relativeResultsDirectory="6821a5bb-9a1f-4e0d-8eca-3c2d27dc6e6c" />
    <UnitTestResult executionId="9e32a688-6f7d-425c-a704-a515f7b10ad9" testId="64e35d23-06cc-16c7-c657-ae70d402cc1e" testName="TestDisposeAsync" computerName="runnervm4i34c" duration="00:00:00.0011422" startTime="2025-08-09T21:09:16.7518025+00:00" endTime="2025-08-09T21:09:16.7530075+00:00" testType="13cdc9d9-ddb5-4fa4-a97d-d965ccfc6d4b" outcome="Passed" testListId="8c84fa94-04c1-424b-9868-57a2d4851a1d" relativeResultsDirectory="9e32a688-6f7d-425c-a704-a515f7b10ad9" />
    <UnitTestResult executionId="3c2178a8-a1fd-4080-bcc0-d51578b24783" testId="a9948244-f6d1-6650-e390-e99310afde60" testName="TestRead" computerName="runnervm4i34c" duration="00:00:00.0087177" startTime="2025-08-09T21:09:16.7196842+00:00" endTime="2025-08-09T21:09:16.7438974+00:00" testType="13cdc9d9-ddb5-4fa4-a97d-d965ccfc6d4b" outcome="Passed" testListId="8c84fa94-04c1-424b-9868-57a2d4851a1d" relativeResultsDirectory="3c2178a8-a1fd-4080-bcc0-d51578b24783" />
    <UnitTestResult executionId="e18348a2-c1c3-485f-af3e-9c1bdc79dc30" testId="6e3a9c0c-f5fc-f0fc-6bff-afd6dd9ffc81" testName="TestExtension" computerName="runnervm4i34c" duration="00:00:00.0009408" startTime="2025-08-09T21:09:16.7475779+00:00" endTime="2025-08-09T21:09:16.7491754+00:00" testType="13cdc9d9-ddb5-4fa4-a97d-d965ccfc6d4b" outcome="Passed" testListId="8c84fa94-04c1-424b-9868-57a2d4851a1d" relativeResultsDirectory="e18348a2-c1c3-485f-af3e-9c1bdc79dc30" />
  </Results>
  <TestDefinitions>
    <UnitTest name="TestRead" storage="d:\a\dotnet-monorepo\dotnet-monorepo\src\artifacts\bin\caching.tests\release_win-x64\caching.tests.dll" id="a9948244-f6d1-6650-e390-e99310afde60">
      <Execution id="3c2178a8-a1fd-4080-bcc0-d51578b24783" />
      <TestMethod codeBase="D:\a\dotnet-monorepo\dotnet-monorepo\src\artifacts\bin\Caching.Tests\release_win-x64\Caching.Tests.dll" adapterTypeName="executor://mstestadapter/v2" className="Caching.Tests.MemoryFileCacheTests" name="TestRead" />
    </UnitTest>
    <UnitTest name="TestDispose" storage="d:\a\dotnet-monorepo\dotnet-monorepo\src\artifacts\bin\caching.tests\release_win-x64\caching.tests.dll" id="3de73b21-a659-ca93-7362-3fd9fdbb1cf8">
      <Execution id="6821a5bb-9a1f-4e0d-8eca-3c2d27dc6e6c" />
      <TestMethod codeBase="D:\a\dotnet-monorepo\dotnet-monorepo\src\artifacts\bin\Caching.Tests\release_win-x64\Caching.Tests.dll" adapterTypeName="executor://mstestadapter/v2" className="Caching.Tests.TempFileCacheTests" name="TestDispose" />
    </UnitTest>
    <UnitTest name="TestDisposeAsync" storage="d:\a\dotnet-monorepo\dotnet-monorepo\src\artifacts\bin\caching.tests\release_win-x64\caching.tests.dll" id="64e35d23-06cc-16c7-c657-ae70d402cc1e">
      <Execution id="9e32a688-6f7d-425c-a704-a515f7b10ad9" />
      <TestMethod codeBase="D:\a\dotnet-monorepo\dotnet-monorepo\src\artifacts\bin\Caching.Tests\release_win-x64\Caching.Tests.dll" adapterTypeName="executor://mstestadapter/v2" className="Caching.Tests.TempFileCacheTests" name="TestDisposeAsync" />
    </UnitTest>
    <UnitTest name="TestExtension" storage="d:\a\dotnet-monorepo\dotnet-monorepo\src\artifacts\bin\caching.tests\release_win-x64\caching.tests.dll" id="6e3a9c0c-f5fc-f0fc-6bff-afd6dd9ffc81">
      <Execution id="e18348a2-c1c3-485f-af3e-9c1bdc79dc30" />
      <TestMethod codeBase="D:\a\dotnet-monorepo\dotnet-monorepo\src\artifacts\bin\Caching.Tests\release_win-x64\Caching.Tests.dll" adapterTypeName="executor://mstestadapter/v2" className="Caching.Tests.MemoryFileCacheTests" name="TestExtension" />
    </UnitTest>
    <UnitTest name="TestExtension" storage="d:\a\dotnet-monorepo\dotnet-monorepo\src\artifacts\bin\caching.tests\release_win-x64\caching.tests.dll" id="5f53b647-14d5-eb82-d13c-372a2ae89515">
      <Execution id="7d565b12-207a-4871-a76b-70241f29f0a6" />
      <TestMethod codeBase="D:\a\dotnet-monorepo\dotnet-monorepo\src\artifacts\bin\Caching.Tests\release_win-x64\Caching.Tests.dll" adapterTypeName="executor://mstestadapter/v2" className="Caching.Tests.TempFileCacheTests" name="TestExtension" />
    </UnitTest>
    <UnitTest name="TestRead" storage="d:\a\dotnet-monorepo\dotnet-monorepo\src\artifacts\bin\caching.tests\release_win-x64\caching.tests.dll" id="1a9c7ce4-c669-ed74-3766-c75d2eba36dd">
      <Execution id="cd899731-57b8-404d-bbb2-f3ce33920415" />
      <TestMethod codeBase="D:\a\dotnet-monorepo\dotnet-monorepo\src\artifacts\bin\Caching.Tests\release_win-x64\Caching.Tests.dll" adapterTypeName="executor://mstestadapter/v2" className="Caching.Tests.TempFileCacheTests" name="TestRead" />
    </UnitTest>
  </TestDefinitions>
  <TestEntries>
    <TestEntry testId="5f53b647-14d5-eb82-d13c-372a2ae89515" executionId="7d565b12-207a-4871-a76b-70241f29f0a6" testListId="8c84fa94-04c1-424b-9868-57a2d4851a1d" />
    <TestEntry testId="1a9c7ce4-c669-ed74-3766-c75d2eba36dd" executionId="cd899731-57b8-404d-bbb2-f3ce33920415" testListId="8c84fa94-04c1-424b-9868-57a2d4851a1d" />
    <TestEntry testId="3de73b21-a659-ca93-7362-3fd9fdbb1cf8" executionId="6821a5bb-9a1f-4e0d-8eca-3c2d27dc6e6c" testListId="8c84fa94-04c1-424b-9868-57a2d4851a1d" />
    <TestEntry testId="64e35d23-06cc-16c7-c657-ae70d402cc1e" executionId="9e32a688-6f7d-425c-a704-a515f7b10ad9" testListId="8c84fa94-04c1-424b-9868-57a2d4851a1d" />
    <TestEntry testId="a9948244-f6d1-6650-e390-e99310afde60" executionId="3c2178a8-a1fd-4080-bcc0-d51578b24783" testListId="8c84fa94-04c1-424b-9868-57a2d4851a1d" />
    <TestEntry testId="6e3a9c0c-f5fc-f0fc-6bff-afd6dd9ffc81" executionId="e18348a2-c1c3-485f-af3e-9c1bdc79dc30" testListId="8c84fa94-04c1-424b-9868-57a2d4851a1d" />
  </TestEntries>
  <TestLists>
    <TestList name="Results Not in a List" id="8c84fa94-04c1-424b-9868-57a2d4851a1d" />
    <TestList name="All Loaded Results" id="19431567-8539-422a-85d7-44ee4e166bda" />
  </TestLists>
  <ResultSummary outcome="Completed">
    <Counters total="6" executed="6" passed="6" failed="0" error="0" timeout="0" aborted="0" inconclusive="0" passedButRunAborted="0" notRunnable="0" notExecuted="0" disconnected="0" warning="0" completed="0" inProgress="0" pending="0" />
  </ResultSummary>
</TestRun>