<?xml version="1.0" encoding="utf-8"?>
<TestRun id="3f7b611b-cc3a-496a-a428-b4a267b73ce8" name="@runnervm7b5n9 2026-06-20 18:44:01" xmlns="http://microsoft.com/schemas/VisualStudio/TeamTest/2010">
  <Times creation="2026-06-20T18:44:01.1798710+00:00" queuing="2026-06-20T18:44:01.1798711+00:00" start="2026-06-20T18:44:00.5837808+00:00" finish="2026-06-20T18:44:01.1856148+00:00" />
  <TestSettings name="default" id="db608ec8-5c7d-4d9e-87b1-ae9e99b4066d">
    <Deployment runDeploymentRoot="_runnervm7b5n9_2026-06-20_18_44_01" />
  </TestSettings>
  <Results>
    <UnitTestResult executionId="69655552-982f-4e42-b2ca-86188d3ff898" testId="10f5dd94-ac11-8f07-bafd-7fc4a65d0140" testName="TestRead" computerName="runnervm7b5n9" duration="00:00:00.0128576" startTime="2026-06-20T18:44:01.0207614+00:00" endTime="2026-06-20T18:44:01.0519333+00:00" testType="13cdc9d9-ddb5-4fa4-a97d-d965ccfc6d4b" outcome="Passed" testListId="8c84fa94-04c1-424b-9868-57a2d4851a1d" relativeResultsDirectory="69655552-982f-4e42-b2ca-86188d3ff898" />
    <UnitTestResult executionId="8a6511d6-3345-4071-9ea1-73a4695d7e5c" testId="1f98b4c3-69ca-8d39-ae60-a12285580402" testName="TestExtension" computerName="runnervm7b5n9" duration="00:00:00.0012868" startTime="2026-06-20T18:44:01.0568827+00:00" endTime="2026-06-20T18:44:01.0599581+00:00" testType="13cdc9d9-ddb5-4fa4-a97d-d965ccfc6d4b" outcome="Passed" testListId="8c84fa94-04c1-424b-9868-57a2d4851a1d" relativeResultsDirectory="8a6511d6-3345-4071-9ea1-73a4695d7e5c" />
    <UnitTestResult executionId="2360f17c-e159-43bd-92c9-0b3929405aa4" testId="13b1c169-b067-8744-a536-344a611c3725" testName="TestDispose" computerName="runnervm7b5n9" duration="00:00:00.0129666" startTime="2026-06-20T18:44:01.0207678+00:00" endTime="2026-06-20T18:44:01.0519331+00:00" testType="13cdc9d9-ddb5-4fa4-a97d-d965ccfc6d4b" outcome="Passed" testListId="8c84fa94-04c1-424b-9868-57a2d4851a1d" relativeResultsDirectory="2360f17c-e159-43bd-92c9-0b3929405aa4" />
    <UnitTestResult executionId="4e4faaa6-3364-458d-9a0f-144dc71a4fe2" testId="1c04dc58-2586-85d2-8948-23e283c7c198" testName="TestRead" computerName="runnervm7b5n9" duration="00:00:00.0061433" startTime="2026-06-20T18:44:01.0587866+00:00" endTime="2026-06-20T18:44:01.0682575+00:00" testType="13cdc9d9-ddb5-4fa4-a97d-d965ccfc6d4b" outcome="Passed" testListId="8c84fa94-04c1-424b-9868-57a2d4851a1d" relativeResultsDirectory="4e4faaa6-3364-458d-9a0f-144dc71a4fe2" />
    <UnitTestResult executionId="7487a611-2c07-4e79-9003-560fc7d4acd2" testId="161bf7b4-4c0a-80f9-a7a9-daa7f749fd5e" testName="TestExtension" computerName="runnervm7b5n9" duration="00:00:00.0002072" startTime="2026-06-20T18:44:01.0682851+00:00" endTime="2026-06-20T18:44:01.0704904+00:00" testType="13cdc9d9-ddb5-4fa4-a97d-d965ccfc6d4b" outcome="Passed" testListId="8c84fa94-04c1-424b-9868-57a2d4851a1d" relativeResultsDirectory="7487a611-2c07-4e79-9003-560fc7d4acd2" />
    <UnitTestResult executionId="2cc377ba-6ca7-4d86-8aa4-53e3c45386d5" testId="1da997f2-075f-85db-a3a9-eb3cc5c03223" testName="TestDisposeAsync" computerName="runnervm7b5n9" duration="00:00:00.0010416" startTime="2026-06-20T18:44:01.0568717+00:00" endTime="2026-06-20T18:44:01.0585494+00:00" testType="13cdc9d9-ddb5-4fa4-a97d-d965ccfc6d4b" outcome="Passed" testListId="8c84fa94-04c1-424b-9868-57a2d4851a1d" relativeResultsDirectory="2cc377ba-6ca7-4d86-8aa4-53e3c45386d5" />
  </Results>
  <TestDefinitions>
    <UnitTest name="TestRead" storage="/home/runner/work/dotnet-monorepo/dotnet-monorepo/src/artifacts/bin/caching.tests/release_linux-x64/caching.tests.dll" id="1c04dc58-2586-85d2-8948-23e283c7c198">
      <Execution id="4e4faaa6-3364-458d-9a0f-144dc71a4fe2" />
      <TestMethod codeBase="/home/runner/work/dotnet-monorepo/dotnet-monorepo/src/artifacts/bin/Caching.Tests/release_linux-x64/Caching.Tests.dll" adapterTypeName="executor://mstestadapter/v4" className="Caching.Tests.TempFileCacheTests" name="TestRead" />
    </UnitTest>
    <UnitTest name="TestDisposeAsync" storage="/home/runner/work/dotnet-monorepo/dotnet-monorepo/src/artifacts/bin/caching.tests/release_linux-x64/caching.tests.dll" id="1da997f2-075f-85db-a3a9-eb3cc5c03223">
      <Execution id="2cc377ba-6ca7-4d86-8aa4-53e3c45386d5" />
      <TestMethod codeBase="/home/runner/work/dotnet-monorepo/dotnet-monorepo/src/artifacts/bin/Caching.Tests/release_linux-x64/Caching.Tests.dll" adapterTypeName="executor://mstestadapter/v4" className="Caching.Tests.TempFileCacheTests" name="TestDisposeAsync" />
    </UnitTest>
    <UnitTest name="TestExtension" storage="/home/runner/work/dotnet-monorepo/dotnet-monorepo/src/artifacts/bin/caching.tests/release_linux-x64/caching.tests.dll" id="1f98b4c3-69ca-8d39-ae60-a12285580402">
      <Execution id="8a6511d6-3345-4071-9ea1-73a4695d7e5c" />
      <TestMethod codeBase="/home/runner/work/dotnet-monorepo/dotnet-monorepo/src/artifacts/bin/Caching.Tests/release_linux-x64/Caching.Tests.dll" adapterTypeName="executor://mstestadapter/v4" className="Caching.Tests.MemoryFileCacheTests" name="TestExtension" />
    </UnitTest>
    <UnitTest name="TestRead" storage="/home/runner/work/dotnet-monorepo/dotnet-monorepo/src/artifacts/bin/caching.tests/release_linux-x64/caching.tests.dll" id="10f5dd94-ac11-8f07-bafd-7fc4a65d0140">
      <Execution id="69655552-982f-4e42-b2ca-86188d3ff898" />
      <TestMethod codeBase="/home/runner/work/dotnet-monorepo/dotnet-monorepo/src/artifacts/bin/Caching.Tests/release_linux-x64/Caching.Tests.dll" adapterTypeName="executor://mstestadapter/v4" className="Caching.Tests.MemoryFileCacheTests" name="TestRead" />
    </UnitTest>
    <UnitTest name="TestDispose" storage="/home/runner/work/dotnet-monorepo/dotnet-monorepo/src/artifacts/bin/caching.tests/release_linux-x64/caching.tests.dll" id="13b1c169-b067-8744-a536-344a611c3725">
      <Execution id="2360f17c-e159-43bd-92c9-0b3929405aa4" />
      <TestMethod codeBase="/home/runner/work/dotnet-monorepo/dotnet-monorepo/src/artifacts/bin/Caching.Tests/release_linux-x64/Caching.Tests.dll" adapterTypeName="executor://mstestadapter/v4" className="Caching.Tests.TempFileCacheTests" name="TestDispose" />
    </UnitTest>
    <UnitTest name="TestExtension" storage="/home/runner/work/dotnet-monorepo/dotnet-monorepo/src/artifacts/bin/caching.tests/release_linux-x64/caching.tests.dll" id="161bf7b4-4c0a-80f9-a7a9-daa7f749fd5e">
      <Execution id="7487a611-2c07-4e79-9003-560fc7d4acd2" />
      <TestMethod codeBase="/home/runner/work/dotnet-monorepo/dotnet-monorepo/src/artifacts/bin/Caching.Tests/release_linux-x64/Caching.Tests.dll" adapterTypeName="executor://mstestadapter/v4" className="Caching.Tests.TempFileCacheTests" name="TestExtension" />
    </UnitTest>
  </TestDefinitions>
  <TestEntries>
    <TestEntry testId="10f5dd94-ac11-8f07-bafd-7fc4a65d0140" executionId="69655552-982f-4e42-b2ca-86188d3ff898" testListId="8c84fa94-04c1-424b-9868-57a2d4851a1d" />
    <TestEntry testId="1f98b4c3-69ca-8d39-ae60-a12285580402" executionId="8a6511d6-3345-4071-9ea1-73a4695d7e5c" testListId="8c84fa94-04c1-424b-9868-57a2d4851a1d" />
    <TestEntry testId="13b1c169-b067-8744-a536-344a611c3725" executionId="2360f17c-e159-43bd-92c9-0b3929405aa4" testListId="8c84fa94-04c1-424b-9868-57a2d4851a1d" />
    <TestEntry testId="1c04dc58-2586-85d2-8948-23e283c7c198" executionId="4e4faaa6-3364-458d-9a0f-144dc71a4fe2" testListId="8c84fa94-04c1-424b-9868-57a2d4851a1d" />
    <TestEntry testId="161bf7b4-4c0a-80f9-a7a9-daa7f749fd5e" executionId="7487a611-2c07-4e79-9003-560fc7d4acd2" testListId="8c84fa94-04c1-424b-9868-57a2d4851a1d" />
    <TestEntry testId="1da997f2-075f-85db-a3a9-eb3cc5c03223" executionId="2cc377ba-6ca7-4d86-8aa4-53e3c45386d5" testListId="8c84fa94-04c1-424b-9868-57a2d4851a1d" />
  </TestEntries>
  <TestLists>
    <TestList name="Results Not in a List" id="8c84fa94-04c1-424b-9868-57a2d4851a1d" />
    <TestList name="All Loaded Results" id="19431567-8539-422a-85d7-44ee4e166bda" />
  </TestLists>
  <ResultSummary outcome="Completed">
    <Counters total="6" executed="6" passed="6" failed="0" error="0" timeout="0" aborted="0" inconclusive="0" passedButRunAborted="0" notRunnable="0" notExecuted="0" disconnected="0" warning="0" completed="0" inProgress="0" pending="0" />
    <Output>
      <StdOut>Test Parallelization enabled for /home/runner/work/dotnet-monorepo/dotnet-monorepo/src/artifacts/bin/Caching.Tests/release_linux-x64/Caching.Tests.dll (Workers: 4, Scope: ClassLevel)
</StdOut>
    </Output>
  </ResultSummary>
</TestRun>