<?xml version="1.0" encoding="utf-8"?>
<TestRun id="eae77607-1911-4ef3-81f5-f3d04b5e50b8" name="runneradmin@runnervm4i34c 2025-08-14 21:58:30" runUser="runnervm4i34c\runneradmin" xmlns="http://microsoft.com/schemas/VisualStudio/TeamTest/2010">
  <Times creation="2025-08-14T21:58:30.8692132+00:00" queuing="2025-08-14T21:58:30.8692136+00:00" start="2025-08-14T21:58:30.2342608+00:00" finish="2025-08-14T21:58:30.8746739+00:00" />
  <TestSettings name="default" id="8da86168-1cc8-45eb-8719-dbc9dbd6c3c6">
    <Deployment runDeploymentRoot="runneradmin_runnervm4i34c_2025-08-14_21_58_30" />
  </TestSettings>
  <Results>
    <UnitTestResult executionId="ce247dea-5b5d-458c-a52c-15edd8219acf" testId="a9948244-f6d1-6650-e390-e99310afde60" testName="TestRead" computerName="runnervm4i34c" duration="00:00:00.0091712" startTime="2025-08-14T21:58:30.7040431+00:00" endTime="2025-08-14T21:58:30.7294171+00:00" testType="13cdc9d9-ddb5-4fa4-a97d-d965ccfc6d4b" outcome="Passed" testListId="8c84fa94-04c1-424b-9868-57a2d4851a1d" relativeResultsDirectory="ce247dea-5b5d-458c-a52c-15edd8219acf" />
    <UnitTestResult executionId="4eb867a6-9fb8-4278-bcbd-499bc17a1d4a" testId="3de73b21-a659-ca93-7362-3fd9fdbb1cf8" testName="TestDispose" computerName="runnervm4i34c" duration="00:00:00.0025785" startTime="2025-08-14T21:58:30.7359308+00:00" endTime="2025-08-14T21:58:30.7386424+00:00" testType="13cdc9d9-ddb5-4fa4-a97d-d965ccfc6d4b" outcome="Passed" testListId="8c84fa94-04c1-424b-9868-57a2d4851a1d" relativeResultsDirectory="4eb867a6-9fb8-4278-bcbd-499bc17a1d4a" />
    <UnitTestResult executionId="ad2f35c2-b1be-42bb-ad5f-403eba6f06f3" testId="64e35d23-06cc-16c7-c657-ae70d402cc1e" testName="TestDisposeAsync" computerName="runnervm4i34c" duration="00:00:00.0013028" startTime="2025-08-14T21:58:30.7386883+00:00" endTime="2025-08-14T21:58:30.7400675+00:00" testType="13cdc9d9-ddb5-4fa4-a97d-d965ccfc6d4b" outcome="Passed" testListId="8c84fa94-04c1-424b-9868-57a2d4851a1d" relativeResultsDirectory="ad2f35c2-b1be-42bb-ad5f-403eba6f06f3" />
    <UnitTestResult executionId="465626b0-b8de-4b4e-ad8d-287a8984dbdd" testId="5f53b647-14d5-eb82-d13c-372a2ae89515" testName="TestExtension" computerName="runnervm4i34c" duration="00:00:00.0010370" startTime="2025-08-14T21:58:30.7496445+00:00" endTime="2025-08-14T21:58:30.7518213+00:00" testType="13cdc9d9-ddb5-4fa4-a97d-d965ccfc6d4b" outcome="Passed" testListId="8c84fa94-04c1-424b-9868-57a2d4851a1d" relativeResultsDirectory="465626b0-b8de-4b4e-ad8d-287a8984dbdd" />
    <UnitTestResult executionId="5b2af635-96bb-45ce-8220-26822501ee2f" testId="6e3a9c0c-f5fc-f0fc-6bff-afd6dd9ffc81" testName="TestExtension" computerName="runnervm4i34c" duration="00:00:00.0010284" startTime="2025-08-14T21:58:30.7334610+00:00" endTime="2025-08-14T21:58:30.7356764+00:00" testType="13cdc9d9-ddb5-4fa4-a97d-d965ccfc6d4b" outcome="Passed" testListId="8c84fa94-04c1-424b-9868-57a2d4851a1d" relativeResultsDirectory="5b2af635-96bb-45ce-8220-26822501ee2f" />
    <UnitTestResult executionId="771209d3-6e58-4058-bc28-7ae92dcf10c3" testId="1a9c7ce4-c669-ed74-3766-c75d2eba36dd" testName="TestRead" computerName="runnervm4i34c" duration="00:00:00.0067495" startTime="2025-08-14T21:58:30.7400980+00:00" endTime="2025-08-14T21:58:30.7495569+00:00" testType="13cdc9d9-ddb5-4fa4-a97d-d965ccfc6d4b" outcome="Passed" testListId="8c84fa94-04c1-424b-9868-57a2d4851a1d" relativeResultsDirectory="771209d3-6e58-4058-bc28-7ae92dcf10c3" />
  </Results>
  <TestDefinitions>
    <UnitTest name="TestRead" storage="d:\a\dotnet-monorepo\dotnet-monorepo\src\artifacts\bin\caching.tests\release_win-x64\caching.tests.dll" id="a9948244-f6d1-6650-e390-e99310afde60">
      <Execution id="ce247dea-5b5d-458c-a52c-15edd8219acf" />
      <TestMethod codeBase="D:\a\dotnet-monorepo\dotnet-monorepo\src\artifacts\bin\Caching.Tests\release_win-x64\Caching.Tests.dll" adapterTypeName="executor://mstestadapter/v2" className="Caching.Tests.MemoryFileCacheTests" name="TestRead" />
    </UnitTest>
    <UnitTest name="TestDispose" storage="d:\a\dotnet-monorepo\dotnet-monorepo\src\artifacts\bin\caching.tests\release_win-x64\caching.tests.dll" id="3de73b21-a659-ca93-7362-3fd9fdbb1cf8">
      <Execution id="4eb867a6-9fb8-4278-bcbd-499bc17a1d4a" />
      <TestMethod codeBase="D:\a\dotnet-monorepo\dotnet-monorepo\src\artifacts\bin\Caching.Tests\release_win-x64\Caching.Tests.dll" adapterTypeName="executor://mstestadapter/v2" className="Caching.Tests.TempFileCacheTests" name="TestDispose" />
    </UnitTest>
    <UnitTest name="TestDisposeAsync" storage="d:\a\dotnet-monorepo\dotnet-monorepo\src\artifacts\bin\caching.tests\release_win-x64\caching.tests.dll" id="64e35d23-06cc-16c7-c657-ae70d402cc1e">
      <Execution id="ad2f35c2-b1be-42bb-ad5f-403eba6f06f3" />
      <TestMethod codeBase="D:\a\dotnet-monorepo\dotnet-monorepo\src\artifacts\bin\Caching.Tests\release_win-x64\Caching.Tests.dll" adapterTypeName="executor://mstestadapter/v2" className="Caching.Tests.TempFileCacheTests" name="TestDisposeAsync" />
    </UnitTest>
    <UnitTest name="TestExtension" storage="d:\a\dotnet-monorepo\dotnet-monorepo\src\artifacts\bin\caching.tests\release_win-x64\caching.tests.dll" id="6e3a9c0c-f5fc-f0fc-6bff-afd6dd9ffc81">
      <Execution id="5b2af635-96bb-45ce-8220-26822501ee2f" />
      <TestMethod codeBase="D:\a\dotnet-monorepo\dotnet-monorepo\src\artifacts\bin\Caching.Tests\release_win-x64\Caching.Tests.dll" adapterTypeName="executor://mstestadapter/v2" className="Caching.Tests.MemoryFileCacheTests" name="TestExtension" />
    </UnitTest>
    <UnitTest name="TestExtension" storage="d:\a\dotnet-monorepo\dotnet-monorepo\src\artifacts\bin\caching.tests\release_win-x64\caching.tests.dll" id="5f53b647-14d5-eb82-d13c-372a2ae89515">
      <Execution id="465626b0-b8de-4b4e-ad8d-287a8984dbdd" />
      <TestMethod codeBase="D:\a\dotnet-monorepo\dotnet-monorepo\src\artifacts\bin\Caching.Tests\release_win-x64\Caching.Tests.dll" adapterTypeName="executor://mstestadapter/v2" className="Caching.Tests.TempFileCacheTests" name="TestExtension" />
    </UnitTest>
    <UnitTest name="TestRead" storage="d:\a\dotnet-monorepo\dotnet-monorepo\src\artifacts\bin\caching.tests\release_win-x64\caching.tests.dll" id="1a9c7ce4-c669-ed74-3766-c75d2eba36dd">
      <Execution id="771209d3-6e58-4058-bc28-7ae92dcf10c3" />
      <TestMethod codeBase="D:\a\dotnet-monorepo\dotnet-monorepo\src\artifacts\bin\Caching.Tests\release_win-x64\Caching.Tests.dll" adapterTypeName="executor://mstestadapter/v2" className="Caching.Tests.TempFileCacheTests" name="TestRead" />
    </UnitTest>
  </TestDefinitions>
  <TestEntries>
    <TestEntry testId="a9948244-f6d1-6650-e390-e99310afde60" executionId="ce247dea-5b5d-458c-a52c-15edd8219acf" testListId="8c84fa94-04c1-424b-9868-57a2d4851a1d" />
    <TestEntry testId="3de73b21-a659-ca93-7362-3fd9fdbb1cf8" executionId="4eb867a6-9fb8-4278-bcbd-499bc17a1d4a" testListId="8c84fa94-04c1-424b-9868-57a2d4851a1d" />
    <TestEntry testId="64e35d23-06cc-16c7-c657-ae70d402cc1e" executionId="ad2f35c2-b1be-42bb-ad5f-403eba6f06f3" testListId="8c84fa94-04c1-424b-9868-57a2d4851a1d" />
    <TestEntry testId="5f53b647-14d5-eb82-d13c-372a2ae89515" executionId="465626b0-b8de-4b4e-ad8d-287a8984dbdd" testListId="8c84fa94-04c1-424b-9868-57a2d4851a1d" />
    <TestEntry testId="6e3a9c0c-f5fc-f0fc-6bff-afd6dd9ffc81" executionId="5b2af635-96bb-45ce-8220-26822501ee2f" testListId="8c84fa94-04c1-424b-9868-57a2d4851a1d" />
    <TestEntry testId="1a9c7ce4-c669-ed74-3766-c75d2eba36dd" executionId="771209d3-6e58-4058-bc28-7ae92dcf10c3" testListId="8c84fa94-04c1-424b-9868-57a2d4851a1d" />
  </TestEntries>
  <TestLists>
    <TestList name="Results Not in a List" id="8c84fa94-04c1-424b-9868-57a2d4851a1d" />
    <TestList name="All Loaded Results" id="19431567-8539-422a-85d7-44ee4e166bda" />
  </TestLists>
  <ResultSummary outcome="Completed">
    <Counters total="6" executed="6" passed="6" failed="0" error="0" timeout="0" aborted="0" inconclusive="0" passedButRunAborted="0" notRunnable="0" notExecuted="0" disconnected="0" warning="0" completed="0" inProgress="0" pending="0" />
  </ResultSummary>
</TestRun>