<?xml version="1.0" encoding="utf-8"?>
<TestRun id="7812f123-a2fe-4ca5-af7a-2498417625a3" name="runneradmin@fv-az653-956 2024-12-11 02:13:25" runUser="fv-az653-956\runneradmin" xmlns="http://microsoft.com/schemas/VisualStudio/TeamTest/2010">
  <Times creation="2024-12-11T02:13:25.1306433+00:00" queuing="2024-12-11T02:13:25.1306434+00:00" start="2024-12-11T02:13:23.3015564+00:00" finish="2024-12-11T02:13:25.1471236+00:00" />
  <TestSettings name="default" id="2cbae147-1d97-4193-82fa-28a9cfca202c">
    <Deployment runDeploymentRoot="runneradmin_fv-az653-956_2024-12-11_02_13_25" />
  </TestSettings>
  <Results>
    <UnitTestResult executionId="270615c8-38d6-49bf-a43f-75a664313160" testId="64e35d23-06cc-16c7-c657-ae70d402cc1e" testName="TestDisposeAsync" computerName="fv-az653-956" duration="00:00:00.0011470" startTime="2024-12-11T02:13:24.6788307+00:00" endTime="2024-12-11T02:13:24.6800614+00:00" testType="13cdc9d9-ddb5-4fa4-a97d-d965ccfc6d4b" outcome="Passed" testListId="8c84fa94-04c1-424b-9868-57a2d4851a1d" relativeResultsDirectory="270615c8-38d6-49bf-a43f-75a664313160" />
    <UnitTestResult executionId="5b445d79-7110-4763-af9e-03ce4bcb2fb4" testId="1a9c7ce4-c669-ed74-3766-c75d2eba36dd" testName="TestRead" computerName="fv-az653-956" duration="00:00:00.0051825" startTime="2024-12-11T02:13:24.6800880+00:00" endTime="2024-12-11T02:13:24.6853379+00:00" testType="13cdc9d9-ddb5-4fa4-a97d-d965ccfc6d4b" outcome="Passed" testListId="8c84fa94-04c1-424b-9868-57a2d4851a1d" relativeResultsDirectory="5b445d79-7110-4763-af9e-03ce4bcb2fb4" />
    <UnitTestResult executionId="7cc326b2-c15f-4b95-baf6-3d1e1b6bd79e" testId="5f53b647-14d5-eb82-d13c-372a2ae89515" testName="TestExtension" computerName="fv-az653-956" duration="00:00:00.0005207" startTime="2024-12-11T02:13:24.6853655+00:00" endTime="2024-12-11T02:13:24.6865286+00:00" testType="13cdc9d9-ddb5-4fa4-a97d-d965ccfc6d4b" outcome="Passed" testListId="8c84fa94-04c1-424b-9868-57a2d4851a1d" relativeResultsDirectory="7cc326b2-c15f-4b95-baf6-3d1e1b6bd79e" />
    <UnitTestResult executionId="f19bfeab-05b5-42e0-8fe9-4a8e39d15422" testId="6e3a9c0c-f5fc-f0fc-6bff-afd6dd9ffc81" testName="TestExtension" computerName="fv-az653-956" duration="00:00:00.0008775" startTime="2024-12-11T02:13:24.6747563+00:00" endTime="2024-12-11T02:13:24.6758665+00:00" testType="13cdc9d9-ddb5-4fa4-a97d-d965ccfc6d4b" outcome="Passed" testListId="8c84fa94-04c1-424b-9868-57a2d4851a1d" relativeResultsDirectory="f19bfeab-05b5-42e0-8fe9-4a8e39d15422" />
    <UnitTestResult executionId="8468ce60-4af7-4845-b800-2e3bdc265f81" testId="3de73b21-a659-ca93-7362-3fd9fdbb1cf8" testName="TestDispose" computerName="fv-az653-956" duration="00:00:00.0025642" startTime="2024-12-11T02:13:24.6760933+00:00" endTime="2024-12-11T02:13:24.6787922+00:00" testType="13cdc9d9-ddb5-4fa4-a97d-d965ccfc6d4b" outcome="Passed" testListId="8c84fa94-04c1-424b-9868-57a2d4851a1d" relativeResultsDirectory="8468ce60-4af7-4845-b800-2e3bdc265f81" />
    <UnitTestResult executionId="94b41f40-270c-40d1-be88-ba4345049e45" testId="a9948244-f6d1-6650-e390-e99310afde60" testName="TestRead" computerName="fv-az653-956" duration="00:00:00.0058693" startTime="2024-12-11T02:13:24.6472738+00:00" endTime="2024-12-11T02:13:24.6709699+00:00" testType="13cdc9d9-ddb5-4fa4-a97d-d965ccfc6d4b" outcome="Passed" testListId="8c84fa94-04c1-424b-9868-57a2d4851a1d" relativeResultsDirectory="94b41f40-270c-40d1-be88-ba4345049e45" />
  </Results>
  <TestDefinitions>
    <UnitTest name="TestRead" storage="d:\a\dotnet-monorepo\dotnet-monorepo\src\artifacts\bin\caching.tests\release_win-x64\caching.tests.dll" id="a9948244-f6d1-6650-e390-e99310afde60">
      <Execution id="94b41f40-270c-40d1-be88-ba4345049e45" />
      <TestMethod codeBase="D:\a\dotnet-monorepo\dotnet-monorepo\src\artifacts\bin\Caching.Tests\release_win-x64\Caching.Tests.dll" adapterTypeName="executor://mstestadapter/v2" className="Caching.Tests.MemoryFileCacheTests" name="TestRead" />
    </UnitTest>
    <UnitTest name="TestDispose" storage="d:\a\dotnet-monorepo\dotnet-monorepo\src\artifacts\bin\caching.tests\release_win-x64\caching.tests.dll" id="3de73b21-a659-ca93-7362-3fd9fdbb1cf8">
      <Execution id="8468ce60-4af7-4845-b800-2e3bdc265f81" />
      <TestMethod codeBase="D:\a\dotnet-monorepo\dotnet-monorepo\src\artifacts\bin\Caching.Tests\release_win-x64\Caching.Tests.dll" adapterTypeName="executor://mstestadapter/v2" className="Caching.Tests.TempFileCacheTests" name="TestDispose" />
    </UnitTest>
    <UnitTest name="TestDisposeAsync" storage="d:\a\dotnet-monorepo\dotnet-monorepo\src\artifacts\bin\caching.tests\release_win-x64\caching.tests.dll" id="64e35d23-06cc-16c7-c657-ae70d402cc1e">
      <Execution id="270615c8-38d6-49bf-a43f-75a664313160" />
      <TestMethod codeBase="D:\a\dotnet-monorepo\dotnet-monorepo\src\artifacts\bin\Caching.Tests\release_win-x64\Caching.Tests.dll" adapterTypeName="executor://mstestadapter/v2" className="Caching.Tests.TempFileCacheTests" name="TestDisposeAsync" />
    </UnitTest>
    <UnitTest name="TestExtension" storage="d:\a\dotnet-monorepo\dotnet-monorepo\src\artifacts\bin\caching.tests\release_win-x64\caching.tests.dll" id="6e3a9c0c-f5fc-f0fc-6bff-afd6dd9ffc81">
      <Execution id="f19bfeab-05b5-42e0-8fe9-4a8e39d15422" />
      <TestMethod codeBase="D:\a\dotnet-monorepo\dotnet-monorepo\src\artifacts\bin\Caching.Tests\release_win-x64\Caching.Tests.dll" adapterTypeName="executor://mstestadapter/v2" className="Caching.Tests.MemoryFileCacheTests" name="TestExtension" />
    </UnitTest>
    <UnitTest name="TestExtension" storage="d:\a\dotnet-monorepo\dotnet-monorepo\src\artifacts\bin\caching.tests\release_win-x64\caching.tests.dll" id="5f53b647-14d5-eb82-d13c-372a2ae89515">
      <Execution id="7cc326b2-c15f-4b95-baf6-3d1e1b6bd79e" />
      <TestMethod codeBase="D:\a\dotnet-monorepo\dotnet-monorepo\src\artifacts\bin\Caching.Tests\release_win-x64\Caching.Tests.dll" adapterTypeName="executor://mstestadapter/v2" className="Caching.Tests.TempFileCacheTests" name="TestExtension" />
    </UnitTest>
    <UnitTest name="TestRead" storage="d:\a\dotnet-monorepo\dotnet-monorepo\src\artifacts\bin\caching.tests\release_win-x64\caching.tests.dll" id="1a9c7ce4-c669-ed74-3766-c75d2eba36dd">
      <Execution id="5b445d79-7110-4763-af9e-03ce4bcb2fb4" />
      <TestMethod codeBase="D:\a\dotnet-monorepo\dotnet-monorepo\src\artifacts\bin\Caching.Tests\release_win-x64\Caching.Tests.dll" adapterTypeName="executor://mstestadapter/v2" className="Caching.Tests.TempFileCacheTests" name="TestRead" />
    </UnitTest>
  </TestDefinitions>
  <TestEntries>
    <TestEntry testId="64e35d23-06cc-16c7-c657-ae70d402cc1e" executionId="270615c8-38d6-49bf-a43f-75a664313160" testListId="8c84fa94-04c1-424b-9868-57a2d4851a1d" />
    <TestEntry testId="1a9c7ce4-c669-ed74-3766-c75d2eba36dd" executionId="5b445d79-7110-4763-af9e-03ce4bcb2fb4" testListId="8c84fa94-04c1-424b-9868-57a2d4851a1d" />
    <TestEntry testId="5f53b647-14d5-eb82-d13c-372a2ae89515" executionId="7cc326b2-c15f-4b95-baf6-3d1e1b6bd79e" testListId="8c84fa94-04c1-424b-9868-57a2d4851a1d" />
    <TestEntry testId="6e3a9c0c-f5fc-f0fc-6bff-afd6dd9ffc81" executionId="f19bfeab-05b5-42e0-8fe9-4a8e39d15422" testListId="8c84fa94-04c1-424b-9868-57a2d4851a1d" />
    <TestEntry testId="3de73b21-a659-ca93-7362-3fd9fdbb1cf8" executionId="8468ce60-4af7-4845-b800-2e3bdc265f81" testListId="8c84fa94-04c1-424b-9868-57a2d4851a1d" />
    <TestEntry testId="a9948244-f6d1-6650-e390-e99310afde60" executionId="94b41f40-270c-40d1-be88-ba4345049e45" testListId="8c84fa94-04c1-424b-9868-57a2d4851a1d" />
  </TestEntries>
  <TestLists>
    <TestList name="Results Not in a List" id="8c84fa94-04c1-424b-9868-57a2d4851a1d" />
    <TestList name="All Loaded Results" id="19431567-8539-422a-85d7-44ee4e166bda" />
  </TestLists>
  <ResultSummary outcome="Completed">
    <Counters total="6" executed="6" passed="6" failed="0" error="0" timeout="0" aborted="0" inconclusive="0" passedButRunAborted="0" notRunnable="0" notExecuted="0" disconnected="0" warning="0" completed="0" inProgress="0" pending="0" />
  </ResultSummary>
</TestRun>