<?xml version="1.0" encoding="utf-8"?>
<TestRun id="1ae2f63f-4c67-43ca-a007-bf693d00fa3e" name="runneradmin@fv-az521-965 2025-02-22 13:58:58" runUser="fv-az521-965\runneradmin" xmlns="http://microsoft.com/schemas/VisualStudio/TeamTest/2010">
  <Times creation="2025-02-22T13:58:58.1168901+00:00" queuing="2025-02-22T13:58:58.1168903+00:00" start="2025-02-22T13:58:57.5463015+00:00" finish="2025-02-22T13:58:58.1220781+00:00" />
  <TestSettings name="default" id="45ea1bc4-a363-4979-a431-70fe9a97dd9e">
    <Deployment runDeploymentRoot="runneradmin_fv-az521-965_2025-02-22_13_58_58" />
  </TestSettings>
  <Results>
    <UnitTestResult executionId="608d4c7d-2142-4e93-8031-123a1570f49b" testId="5f53b647-14d5-eb82-d13c-372a2ae89515" testName="TestExtension" computerName="fv-az521-965" duration="00:00:00.0005148" startTime="2025-02-22T13:58:58.0156400+00:00" endTime="2025-02-22T13:58:58.0167853+00:00" testType="13cdc9d9-ddb5-4fa4-a97d-d965ccfc6d4b" outcome="Passed" testListId="8c84fa94-04c1-424b-9868-57a2d4851a1d" relativeResultsDirectory="608d4c7d-2142-4e93-8031-123a1570f49b" />
    <UnitTestResult executionId="2dd4a592-c0b2-44c4-ac6a-bf4a755e55f4" testId="64e35d23-06cc-16c7-c657-ae70d402cc1e" testName="TestDisposeAsync" computerName="fv-az521-965" duration="00:00:00.0011690" startTime="2025-02-22T13:58:58.0091629+00:00" endTime="2025-02-22T13:58:58.0104003+00:00" testType="13cdc9d9-ddb5-4fa4-a97d-d965ccfc6d4b" outcome="Passed" testListId="8c84fa94-04c1-424b-9868-57a2d4851a1d" relativeResultsDirectory="2dd4a592-c0b2-44c4-ac6a-bf4a755e55f4" />
    <UnitTestResult executionId="47476239-7358-4809-9ad8-95358f557b0d" testId="a9948244-f6d1-6650-e390-e99310afde60" testName="TestRead" computerName="fv-az521-965" duration="00:00:00.0063682" startTime="2025-02-22T13:58:57.9820501+00:00" endTime="2025-02-22T13:58:58.0017569+00:00" testType="13cdc9d9-ddb5-4fa4-a97d-d965ccfc6d4b" outcome="Passed" testListId="8c84fa94-04c1-424b-9868-57a2d4851a1d" relativeResultsDirectory="47476239-7358-4809-9ad8-95358f557b0d" />
    <UnitTestResult executionId="87a01c94-9966-4497-a593-ad87c3361e59" testId="1a9c7ce4-c669-ed74-3766-c75d2eba36dd" testName="TestRead" computerName="fv-az521-965" duration="00:00:00.0051129" startTime="2025-02-22T13:58:58.0104250+00:00" endTime="2025-02-22T13:58:58.0156095+00:00" testType="13cdc9d9-ddb5-4fa4-a97d-d965ccfc6d4b" outcome="Passed" testListId="8c84fa94-04c1-424b-9868-57a2d4851a1d" relativeResultsDirectory="87a01c94-9966-4497-a593-ad87c3361e59" />
    <UnitTestResult executionId="80eb94e2-e1c5-40f6-b80a-8f2679c982e6" testId="6e3a9c0c-f5fc-f0fc-6bff-afd6dd9ffc81" testName="TestExtension" computerName="fv-az521-965" duration="00:00:00.0007913" startTime="2025-02-22T13:58:58.0053577+00:00" endTime="2025-02-22T13:58:58.0064868+00:00" testType="13cdc9d9-ddb5-4fa4-a97d-d965ccfc6d4b" outcome="Passed" testListId="8c84fa94-04c1-424b-9868-57a2d4851a1d" relativeResultsDirectory="80eb94e2-e1c5-40f6-b80a-8f2679c982e6" />
    <UnitTestResult executionId="559853d4-83d4-4431-9f91-0123fc820300" testId="3de73b21-a659-ca93-7362-3fd9fdbb1cf8" testName="TestDispose" computerName="fv-az521-965" duration="00:00:00.0023353" startTime="2025-02-22T13:58:58.0066913+00:00" endTime="2025-02-22T13:58:58.0091328+00:00" testType="13cdc9d9-ddb5-4fa4-a97d-d965ccfc6d4b" outcome="Passed" testListId="8c84fa94-04c1-424b-9868-57a2d4851a1d" relativeResultsDirectory="559853d4-83d4-4431-9f91-0123fc820300" />
  </Results>
  <TestDefinitions>
    <UnitTest name="TestRead" storage="d:\a\dotnet-monorepo\dotnet-monorepo\src\artifacts\bin\caching.tests\release_win-x64\caching.tests.dll" id="a9948244-f6d1-6650-e390-e99310afde60">
      <Execution id="47476239-7358-4809-9ad8-95358f557b0d" />
      <TestMethod codeBase="D:\a\dotnet-monorepo\dotnet-monorepo\src\artifacts\bin\Caching.Tests\release_win-x64\Caching.Tests.dll" adapterTypeName="executor://mstestadapter/v2" className="Caching.Tests.MemoryFileCacheTests" name="TestRead" />
    </UnitTest>
    <UnitTest name="TestDispose" storage="d:\a\dotnet-monorepo\dotnet-monorepo\src\artifacts\bin\caching.tests\release_win-x64\caching.tests.dll" id="3de73b21-a659-ca93-7362-3fd9fdbb1cf8">
      <Execution id="559853d4-83d4-4431-9f91-0123fc820300" />
      <TestMethod codeBase="D:\a\dotnet-monorepo\dotnet-monorepo\src\artifacts\bin\Caching.Tests\release_win-x64\Caching.Tests.dll" adapterTypeName="executor://mstestadapter/v2" className="Caching.Tests.TempFileCacheTests" name="TestDispose" />
    </UnitTest>
    <UnitTest name="TestDisposeAsync" storage="d:\a\dotnet-monorepo\dotnet-monorepo\src\artifacts\bin\caching.tests\release_win-x64\caching.tests.dll" id="64e35d23-06cc-16c7-c657-ae70d402cc1e">
      <Execution id="2dd4a592-c0b2-44c4-ac6a-bf4a755e55f4" />
      <TestMethod codeBase="D:\a\dotnet-monorepo\dotnet-monorepo\src\artifacts\bin\Caching.Tests\release_win-x64\Caching.Tests.dll" adapterTypeName="executor://mstestadapter/v2" className="Caching.Tests.TempFileCacheTests" name="TestDisposeAsync" />
    </UnitTest>
    <UnitTest name="TestExtension" storage="d:\a\dotnet-monorepo\dotnet-monorepo\src\artifacts\bin\caching.tests\release_win-x64\caching.tests.dll" id="6e3a9c0c-f5fc-f0fc-6bff-afd6dd9ffc81">
      <Execution id="80eb94e2-e1c5-40f6-b80a-8f2679c982e6" />
      <TestMethod codeBase="D:\a\dotnet-monorepo\dotnet-monorepo\src\artifacts\bin\Caching.Tests\release_win-x64\Caching.Tests.dll" adapterTypeName="executor://mstestadapter/v2" className="Caching.Tests.MemoryFileCacheTests" name="TestExtension" />
    </UnitTest>
    <UnitTest name="TestExtension" storage="d:\a\dotnet-monorepo\dotnet-monorepo\src\artifacts\bin\caching.tests\release_win-x64\caching.tests.dll" id="5f53b647-14d5-eb82-d13c-372a2ae89515">
      <Execution id="608d4c7d-2142-4e93-8031-123a1570f49b" />
      <TestMethod codeBase="D:\a\dotnet-monorepo\dotnet-monorepo\src\artifacts\bin\Caching.Tests\release_win-x64\Caching.Tests.dll" adapterTypeName="executor://mstestadapter/v2" className="Caching.Tests.TempFileCacheTests" name="TestExtension" />
    </UnitTest>
    <UnitTest name="TestRead" storage="d:\a\dotnet-monorepo\dotnet-monorepo\src\artifacts\bin\caching.tests\release_win-x64\caching.tests.dll" id="1a9c7ce4-c669-ed74-3766-c75d2eba36dd">
      <Execution id="87a01c94-9966-4497-a593-ad87c3361e59" />
      <TestMethod codeBase="D:\a\dotnet-monorepo\dotnet-monorepo\src\artifacts\bin\Caching.Tests\release_win-x64\Caching.Tests.dll" adapterTypeName="executor://mstestadapter/v2" className="Caching.Tests.TempFileCacheTests" name="TestRead" />
    </UnitTest>
  </TestDefinitions>
  <TestEntries>
    <TestEntry testId="5f53b647-14d5-eb82-d13c-372a2ae89515" executionId="608d4c7d-2142-4e93-8031-123a1570f49b" testListId="8c84fa94-04c1-424b-9868-57a2d4851a1d" />
    <TestEntry testId="64e35d23-06cc-16c7-c657-ae70d402cc1e" executionId="2dd4a592-c0b2-44c4-ac6a-bf4a755e55f4" testListId="8c84fa94-04c1-424b-9868-57a2d4851a1d" />
    <TestEntry testId="a9948244-f6d1-6650-e390-e99310afde60" executionId="47476239-7358-4809-9ad8-95358f557b0d" testListId="8c84fa94-04c1-424b-9868-57a2d4851a1d" />
    <TestEntry testId="1a9c7ce4-c669-ed74-3766-c75d2eba36dd" executionId="87a01c94-9966-4497-a593-ad87c3361e59" testListId="8c84fa94-04c1-424b-9868-57a2d4851a1d" />
    <TestEntry testId="6e3a9c0c-f5fc-f0fc-6bff-afd6dd9ffc81" executionId="80eb94e2-e1c5-40f6-b80a-8f2679c982e6" testListId="8c84fa94-04c1-424b-9868-57a2d4851a1d" />
    <TestEntry testId="3de73b21-a659-ca93-7362-3fd9fdbb1cf8" executionId="559853d4-83d4-4431-9f91-0123fc820300" testListId="8c84fa94-04c1-424b-9868-57a2d4851a1d" />
  </TestEntries>
  <TestLists>
    <TestList name="Results Not in a List" id="8c84fa94-04c1-424b-9868-57a2d4851a1d" />
    <TestList name="All Loaded Results" id="19431567-8539-422a-85d7-44ee4e166bda" />
  </TestLists>
  <ResultSummary outcome="Completed">
    <Counters total="6" executed="6" passed="6" failed="0" error="0" timeout="0" aborted="0" inconclusive="0" passedButRunAborted="0" notRunnable="0" notExecuted="0" disconnected="0" warning="0" completed="0" inProgress="0" pending="0" />
  </ResultSummary>
</TestRun>