<?xml version="1.0" encoding="utf-8"?>
<TestRun id="0041c46d-9456-4250-a1b5-21da70b0ecc4" name="runneradmin@fv-az1388-87 2025-04-18 22:42:04" runUser="fv-az1388-87\runneradmin" xmlns="http://microsoft.com/schemas/VisualStudio/TeamTest/2010">
  <Times creation="2025-04-18T22:42:04.8330694+00:00" queuing="2025-04-18T22:42:04.8330696+00:00" start="2025-04-18T22:42:04.1211227+00:00" finish="2025-04-18T22:42:04.8378631+00:00" />
  <TestSettings name="default" id="1a17329b-fca2-44bd-b263-85ed76f62fe7">
    <Deployment runDeploymentRoot="runneradmin_fv-az1388-87_2025-04-18_22_42_04" />
  </TestSettings>
  <Results>
    <UnitTestResult executionId="de18c0cb-071f-4672-8c9f-f3c2ef52c28c" testId="db3773bc-a4f0-9793-530b-e1362c98c7c2" testName="TestReadWriteRows" computerName="fv-az1388-87" duration="00:00:00.0655345" startTime="2025-04-18T22:42:04.5581251+00:00" endTime="2025-04-18T22:42:04.6371431+00:00" testType="13cdc9d9-ddb5-4fa4-a97d-d965ccfc6d4b" outcome="Passed" testListId="8c84fa94-04c1-424b-9868-57a2d4851a1d" relativeResultsDirectory="de18c0cb-071f-4672-8c9f-f3c2ef52c28c" />
    <UnitTestResult executionId="4ef63904-d602-43bc-9626-c99e0f627209" testId="a3e5d47c-7029-9bc2-f5af-40bf0ad91a54" testName="TestReadWriteNull" computerName="fv-az1388-87" duration="00:00:00.0301341" startTime="2025-04-18T22:42:04.6773794+00:00" endTime="2025-04-18T22:42:04.7076403+00:00" testType="13cdc9d9-ddb5-4fa4-a97d-d965ccfc6d4b" outcome="Passed" testListId="8c84fa94-04c1-424b-9868-57a2d4851a1d" relativeResultsDirectory="4ef63904-d602-43bc-9626-c99e0f627209" />
    <UnitTestResult executionId="f5fb3ff3-e82f-47f0-9256-3a6ca0329c03" testId="49ca3465-d7ea-bd3a-eaaa-ff431814ad0b" testName="TestReadWriteNullAsync" computerName="fv-az1388-87" duration="00:00:00.0245947" startTime="2025-04-18T22:42:04.7076878+00:00" endTime="2025-04-18T22:42:04.7331268+00:00" testType="13cdc9d9-ddb5-4fa4-a97d-d965ccfc6d4b" outcome="Passed" testListId="8c84fa94-04c1-424b-9868-57a2d4851a1d" relativeResultsDirectory="f5fb3ff3-e82f-47f0-9256-3a6ca0329c03" />
    <UnitTestResult executionId="37ed3d00-8134-400a-a416-5b08d4fc21f3" testId="e5b195f2-fca3-ab27-6959-025ab91128f9" testName="TestReadWriteRowsAsync" computerName="fv-az1388-87" duration="00:00:00.0360638" startTime="2025-04-18T22:42:04.6407752+00:00" endTime="2025-04-18T22:42:04.6771172+00:00" testType="13cdc9d9-ddb5-4fa4-a97d-d965ccfc6d4b" outcome="Passed" testListId="8c84fa94-04c1-424b-9868-57a2d4851a1d" relativeResultsDirectory="37ed3d00-8134-400a-a416-5b08d4fc21f3" />
  </Results>
  <TestDefinitions>
    <UnitTest name="TestReadWriteNull" storage="d:\a\dotnet-monorepo\dotnet-monorepo\src\artifacts\bin\databases.tests\release_win-x64\databases.tests.dll" id="a3e5d47c-7029-9bc2-f5af-40bf0ad91a54">
      <Execution id="4ef63904-d602-43bc-9626-c99e0f627209" />
      <TestMethod codeBase="D:\a\dotnet-monorepo\dotnet-monorepo\src\artifacts\bin\Databases.Tests\release_win-x64\Databases.Tests.dll" adapterTypeName="executor://mstestadapter/v2" className="Databases.Tests.SqliteTests" name="TestReadWriteNull" />
    </UnitTest>
    <UnitTest name="TestReadWriteNullAsync" storage="d:\a\dotnet-monorepo\dotnet-monorepo\src\artifacts\bin\databases.tests\release_win-x64\databases.tests.dll" id="49ca3465-d7ea-bd3a-eaaa-ff431814ad0b">
      <Execution id="f5fb3ff3-e82f-47f0-9256-3a6ca0329c03" />
      <TestMethod codeBase="D:\a\dotnet-monorepo\dotnet-monorepo\src\artifacts\bin\Databases.Tests\release_win-x64\Databases.Tests.dll" adapterTypeName="executor://mstestadapter/v2" className="Databases.Tests.SqliteTests" name="TestReadWriteNullAsync" />
    </UnitTest>
    <UnitTest name="TestReadWriteRows" storage="d:\a\dotnet-monorepo\dotnet-monorepo\src\artifacts\bin\databases.tests\release_win-x64\databases.tests.dll" id="db3773bc-a4f0-9793-530b-e1362c98c7c2">
      <Execution id="de18c0cb-071f-4672-8c9f-f3c2ef52c28c" />
      <TestMethod codeBase="D:\a\dotnet-monorepo\dotnet-monorepo\src\artifacts\bin\Databases.Tests\release_win-x64\Databases.Tests.dll" adapterTypeName="executor://mstestadapter/v2" className="Databases.Tests.SqliteTests" name="TestReadWriteRows" />
    </UnitTest>
    <UnitTest name="TestReadWriteRowsAsync" storage="d:\a\dotnet-monorepo\dotnet-monorepo\src\artifacts\bin\databases.tests\release_win-x64\databases.tests.dll" id="e5b195f2-fca3-ab27-6959-025ab91128f9">
      <Execution id="37ed3d00-8134-400a-a416-5b08d4fc21f3" />
      <TestMethod codeBase="D:\a\dotnet-monorepo\dotnet-monorepo\src\artifacts\bin\Databases.Tests\release_win-x64\Databases.Tests.dll" adapterTypeName="executor://mstestadapter/v2" className="Databases.Tests.SqliteTests" name="TestReadWriteRowsAsync" />
    </UnitTest>
  </TestDefinitions>
  <TestEntries>
    <TestEntry testId="db3773bc-a4f0-9793-530b-e1362c98c7c2" executionId="de18c0cb-071f-4672-8c9f-f3c2ef52c28c" testListId="8c84fa94-04c1-424b-9868-57a2d4851a1d" />
    <TestEntry testId="a3e5d47c-7029-9bc2-f5af-40bf0ad91a54" executionId="4ef63904-d602-43bc-9626-c99e0f627209" testListId="8c84fa94-04c1-424b-9868-57a2d4851a1d" />
    <TestEntry testId="49ca3465-d7ea-bd3a-eaaa-ff431814ad0b" executionId="f5fb3ff3-e82f-47f0-9256-3a6ca0329c03" testListId="8c84fa94-04c1-424b-9868-57a2d4851a1d" />
    <TestEntry testId="e5b195f2-fca3-ab27-6959-025ab91128f9" executionId="37ed3d00-8134-400a-a416-5b08d4fc21f3" testListId="8c84fa94-04c1-424b-9868-57a2d4851a1d" />
  </TestEntries>
  <TestLists>
    <TestList name="Results Not in a List" id="8c84fa94-04c1-424b-9868-57a2d4851a1d" />
    <TestList name="All Loaded Results" id="19431567-8539-422a-85d7-44ee4e166bda" />
  </TestLists>
  <ResultSummary outcome="Completed">
    <Counters total="4" executed="4" passed="4" failed="0" error="0" timeout="0" aborted="0" inconclusive="0" passedButRunAborted="0" notRunnable="0" notExecuted="0" disconnected="0" warning="0" completed="0" inProgress="0" pending="0" />
  </ResultSummary>
</TestRun>