<?xml version="1.0" encoding="utf-8"?>
<TestRun id="e652e0d3-2a59-440f-bc5f-3721bc03f774" name="@fv-az530-858 2024-02-25 02:06:45" xmlns="http://microsoft.com/schemas/VisualStudio/TeamTest/2010">
  <Times creation="2024-02-25T02:06:45.6996732+00:00" queuing="2024-02-25T02:06:45.6996733+00:00" start="2024-02-25T02:06:45.0638253+00:00" finish="2024-02-25T02:06:45.7055702+00:00" />
  <TestSettings name="default" id="10933e7f-d270-4518-b549-4b578dae8268">
    <Deployment runDeploymentRoot="_fv-az530-858_2024-02-25_02_06_45" />
  </TestSettings>
  <Results>
    <UnitTestResult executionId="69ecccd0-22c1-4c83-8b29-668948dbd027" testId="e5b195f2-fca3-ab27-6959-025ab91128f9" testName="TestReadWriteRowsAsync" computerName="fv-az530-858" duration="00:00:00.0138447" startTime="2024-02-25T02:06:45.5624502+00:00" endTime="2024-02-25T02:06:45.5772406+00:00" testType="13cdc9d9-ddb5-4fa4-a97d-d965ccfc6d4b" outcome="Passed" testListId="8c84fa94-04c1-424b-9868-57a2d4851a1d" relativeResultsDirectory="69ecccd0-22c1-4c83-8b29-668948dbd027" />
    <UnitTestResult executionId="752c6927-6d38-4f6b-8116-9a54e942252c" testId="db3773bc-a4f0-9793-530b-e1362c98c7c2" testName="TestReadWriteRows" computerName="fv-az530-858" duration="00:00:00.0435303" startTime="2024-02-25T02:06:45.5046326+00:00" endTime="2024-02-25T02:06:45.5583888+00:00" testType="13cdc9d9-ddb5-4fa4-a97d-d965ccfc6d4b" outcome="Passed" testListId="8c84fa94-04c1-424b-9868-57a2d4851a1d" relativeResultsDirectory="752c6927-6d38-4f6b-8116-9a54e942252c" />
  </Results>
  <TestDefinitions>
    <UnitTest name="TestReadWriteRows" storage="/home/runner/work/dotnet-monorepo/dotnet-monorepo/src/artifacts/bin/databases.tests/release_linux-x64/databases.tests.dll" id="db3773bc-a4f0-9793-530b-e1362c98c7c2">
      <Execution id="752c6927-6d38-4f6b-8116-9a54e942252c" />
      <TestMethod codeBase="/home/runner/work/dotnet-monorepo/dotnet-monorepo/src/artifacts/bin/Databases.Tests/release_linux-x64/Databases.Tests.dll" adapterTypeName="executor://mstestadapter/v2" className="Databases.Tests.SqliteTests" name="TestReadWriteRows" />
    </UnitTest>
    <UnitTest name="TestReadWriteRowsAsync" storage="/home/runner/work/dotnet-monorepo/dotnet-monorepo/src/artifacts/bin/databases.tests/release_linux-x64/databases.tests.dll" id="e5b195f2-fca3-ab27-6959-025ab91128f9">
      <Execution id="69ecccd0-22c1-4c83-8b29-668948dbd027" />
      <TestMethod codeBase="/home/runner/work/dotnet-monorepo/dotnet-monorepo/src/artifacts/bin/Databases.Tests/release_linux-x64/Databases.Tests.dll" adapterTypeName="executor://mstestadapter/v2" className="Databases.Tests.SqliteTests" name="TestReadWriteRowsAsync" />
    </UnitTest>
  </TestDefinitions>
  <TestEntries>
    <TestEntry testId="e5b195f2-fca3-ab27-6959-025ab91128f9" executionId="69ecccd0-22c1-4c83-8b29-668948dbd027" testListId="8c84fa94-04c1-424b-9868-57a2d4851a1d" />
    <TestEntry testId="db3773bc-a4f0-9793-530b-e1362c98c7c2" executionId="752c6927-6d38-4f6b-8116-9a54e942252c" testListId="8c84fa94-04c1-424b-9868-57a2d4851a1d" />
  </TestEntries>
  <TestLists>
    <TestList name="Results Not in a List" id="8c84fa94-04c1-424b-9868-57a2d4851a1d" />
    <TestList name="All Loaded Results" id="19431567-8539-422a-85d7-44ee4e166bda" />
  </TestLists>
  <ResultSummary outcome="Completed">
    <Counters total="2" executed="2" passed="2" failed="0" error="0" timeout="0" aborted="0" inconclusive="0" passedButRunAborted="0" notRunnable="0" notExecuted="0" disconnected="0" warning="0" completed="0" inProgress="0" pending="0" />
  </ResultSummary>
</TestRun>