<?xml version="1.0" encoding="utf-8"?>
<TestRun id="a5e635b0-3363-4b5b-9936-122d1f19e057" name="runneradmin@fv-az663-923 2024-12-18 23:46:41" runUser="fv-az663-923\runneradmin" xmlns="http://microsoft.com/schemas/VisualStudio/TeamTest/2010">
  <Times creation="2024-12-18T23:46:41.0440678+00:00" queuing="2024-12-18T23:46:41.0440680+00:00" start="2024-12-18T23:46:40.2093868+00:00" finish="2024-12-18T23:46:41.0490155+00:00" />
  <TestSettings name="default" id="7b998cc3-d438-4f0d-9bf2-444594603e33">
    <Deployment runDeploymentRoot="runneradmin_fv-az663-923_2024-12-18_23_46_41" />
  </TestSettings>
  <Results>
    <UnitTestResult executionId="1bbf7881-789d-4fcd-ba3a-5be2d7a119c0" testId="db3773bc-a4f0-9793-530b-e1362c98c7c2" testName="TestReadWriteRows" computerName="fv-az663-923" duration="00:00:00.0917244" startTime="2024-12-18T23:46:40.6554533+00:00" endTime="2024-12-18T23:46:40.7653494+00:00" testType="13cdc9d9-ddb5-4fa4-a97d-d965ccfc6d4b" outcome="Passed" testListId="8c84fa94-04c1-424b-9868-57a2d4851a1d" relativeResultsDirectory="1bbf7881-789d-4fcd-ba3a-5be2d7a119c0" />
    <UnitTestResult executionId="fbcf7a75-3500-4939-bba4-91639244c181" testId="e5b195f2-fca3-ab27-6959-025ab91128f9" testName="TestReadWriteRowsAsync" computerName="fv-az663-923" duration="00:00:00.0792197" startTime="2024-12-18T23:46:40.7693434+00:00" endTime="2024-12-18T23:46:40.8488110+00:00" testType="13cdc9d9-ddb5-4fa4-a97d-d965ccfc6d4b" outcome="Passed" testListId="8c84fa94-04c1-424b-9868-57a2d4851a1d" relativeResultsDirectory="fbcf7a75-3500-4939-bba4-91639244c181" />
    <UnitTestResult executionId="922d6344-e583-4fee-8987-b10b04081d3b" testId="49ca3465-d7ea-bd3a-eaaa-ff431814ad0b" testName="TestReadWriteNullAsync" computerName="fv-az663-923" duration="00:00:00.0362401" startTime="2024-12-18T23:46:40.8934190+00:00" endTime="2024-12-18T23:46:40.9305424+00:00" testType="13cdc9d9-ddb5-4fa4-a97d-d965ccfc6d4b" outcome="Passed" testListId="8c84fa94-04c1-424b-9868-57a2d4851a1d" relativeResultsDirectory="922d6344-e583-4fee-8987-b10b04081d3b" />
    <UnitTestResult executionId="bcee55cd-ffe5-404c-b81a-eac60f1d1444" testId="a3e5d47c-7029-9bc2-f5af-40bf0ad91a54" testName="TestReadWriteNull" computerName="fv-az663-923" duration="00:00:00.0440575" startTime="2024-12-18T23:46:40.8491244+00:00" endTime="2024-12-18T23:46:40.8933377+00:00" testType="13cdc9d9-ddb5-4fa4-a97d-d965ccfc6d4b" outcome="Passed" testListId="8c84fa94-04c1-424b-9868-57a2d4851a1d" relativeResultsDirectory="bcee55cd-ffe5-404c-b81a-eac60f1d1444" />
  </Results>
  <TestDefinitions>
    <UnitTest name="TestReadWriteNull" storage="d:\a\dotnet-monorepo\dotnet-monorepo\src\artifacts\bin\databases.tests\release_win-x64\databases.tests.dll" id="a3e5d47c-7029-9bc2-f5af-40bf0ad91a54">
      <Execution id="bcee55cd-ffe5-404c-b81a-eac60f1d1444" />
      <TestMethod codeBase="D:\a\dotnet-monorepo\dotnet-monorepo\src\artifacts\bin\Databases.Tests\release_win-x64\Databases.Tests.dll" adapterTypeName="executor://mstestadapter/v2" className="Databases.Tests.SqliteTests" name="TestReadWriteNull" />
    </UnitTest>
    <UnitTest name="TestReadWriteNullAsync" storage="d:\a\dotnet-monorepo\dotnet-monorepo\src\artifacts\bin\databases.tests\release_win-x64\databases.tests.dll" id="49ca3465-d7ea-bd3a-eaaa-ff431814ad0b">
      <Execution id="922d6344-e583-4fee-8987-b10b04081d3b" />
      <TestMethod codeBase="D:\a\dotnet-monorepo\dotnet-monorepo\src\artifacts\bin\Databases.Tests\release_win-x64\Databases.Tests.dll" adapterTypeName="executor://mstestadapter/v2" className="Databases.Tests.SqliteTests" name="TestReadWriteNullAsync" />
    </UnitTest>
    <UnitTest name="TestReadWriteRows" storage="d:\a\dotnet-monorepo\dotnet-monorepo\src\artifacts\bin\databases.tests\release_win-x64\databases.tests.dll" id="db3773bc-a4f0-9793-530b-e1362c98c7c2">
      <Execution id="1bbf7881-789d-4fcd-ba3a-5be2d7a119c0" />
      <TestMethod codeBase="D:\a\dotnet-monorepo\dotnet-monorepo\src\artifacts\bin\Databases.Tests\release_win-x64\Databases.Tests.dll" adapterTypeName="executor://mstestadapter/v2" className="Databases.Tests.SqliteTests" name="TestReadWriteRows" />
    </UnitTest>
    <UnitTest name="TestReadWriteRowsAsync" storage="d:\a\dotnet-monorepo\dotnet-monorepo\src\artifacts\bin\databases.tests\release_win-x64\databases.tests.dll" id="e5b195f2-fca3-ab27-6959-025ab91128f9">
      <Execution id="fbcf7a75-3500-4939-bba4-91639244c181" />
      <TestMethod codeBase="D:\a\dotnet-monorepo\dotnet-monorepo\src\artifacts\bin\Databases.Tests\release_win-x64\Databases.Tests.dll" adapterTypeName="executor://mstestadapter/v2" className="Databases.Tests.SqliteTests" name="TestReadWriteRowsAsync" />
    </UnitTest>
  </TestDefinitions>
  <TestEntries>
    <TestEntry testId="db3773bc-a4f0-9793-530b-e1362c98c7c2" executionId="1bbf7881-789d-4fcd-ba3a-5be2d7a119c0" testListId="8c84fa94-04c1-424b-9868-57a2d4851a1d" />
    <TestEntry testId="e5b195f2-fca3-ab27-6959-025ab91128f9" executionId="fbcf7a75-3500-4939-bba4-91639244c181" testListId="8c84fa94-04c1-424b-9868-57a2d4851a1d" />
    <TestEntry testId="49ca3465-d7ea-bd3a-eaaa-ff431814ad0b" executionId="922d6344-e583-4fee-8987-b10b04081d3b" testListId="8c84fa94-04c1-424b-9868-57a2d4851a1d" />
    <TestEntry testId="a3e5d47c-7029-9bc2-f5af-40bf0ad91a54" executionId="bcee55cd-ffe5-404c-b81a-eac60f1d1444" testListId="8c84fa94-04c1-424b-9868-57a2d4851a1d" />
  </TestEntries>
  <TestLists>
    <TestList name="Results Not in a List" id="8c84fa94-04c1-424b-9868-57a2d4851a1d" />
    <TestList name="All Loaded Results" id="19431567-8539-422a-85d7-44ee4e166bda" />
  </TestLists>
  <ResultSummary outcome="Completed">
    <Counters total="4" executed="4" passed="4" failed="0" error="0" timeout="0" aborted="0" inconclusive="0" passedButRunAborted="0" notRunnable="0" notExecuted="0" disconnected="0" warning="0" completed="0" inProgress="0" pending="0" />
  </ResultSummary>
</TestRun>