<?xml version="1.0" encoding="utf-8"?>
<TestRun id="2950d93a-5644-4262-9fb5-5827fe2ffd88" name="runneradmin@runnervm4i34c 2025-08-09 21:09:18" runUser="runnervm4i34c\runneradmin" xmlns="http://microsoft.com/schemas/VisualStudio/TeamTest/2010">
  <Times creation="2025-08-09T21:09:18.7374242+00:00" queuing="2025-08-09T21:09:18.7374244+00:00" start="2025-08-09T21:09:17.8829190+00:00" finish="2025-08-09T21:09:18.7423149+00:00" />
  <TestSettings name="default" id="1edaf2d7-a86c-4cea-bbd3-5fedd068681c">
    <Deployment runDeploymentRoot="runneradmin_runnervm4i34c_2025-08-09_21_09_18" />
  </TestSettings>
  <Results>
    <UnitTestResult executionId="173512ec-6795-4c0e-874f-21de59780e5c" testId="e5b195f2-fca3-ab27-6959-025ab91128f9" testName="TestReadWriteRowsAsync" computerName="runnervm4i34c" duration="00:00:00.0711559" startTime="2025-08-09T21:09:18.4591015+00:00" endTime="2025-08-09T21:09:18.5308391+00:00" testType="13cdc9d9-ddb5-4fa4-a97d-d965ccfc6d4b" outcome="Passed" testListId="8c84fa94-04c1-424b-9868-57a2d4851a1d" relativeResultsDirectory="173512ec-6795-4c0e-874f-21de59780e5c" />
    <UnitTestResult executionId="075d8f01-3a25-41a8-b729-e1e6d9c8d006" testId="db3773bc-a4f0-9793-530b-e1362c98c7c2" testName="TestReadWriteRows" computerName="runnervm4i34c" duration="00:00:00.1173773" startTime="2025-08-09T21:09:18.3224795+00:00" endTime="2025-08-09T21:09:18.4553124+00:00" testType="13cdc9d9-ddb5-4fa4-a97d-d965ccfc6d4b" outcome="Passed" testListId="8c84fa94-04c1-424b-9868-57a2d4851a1d" relativeResultsDirectory="075d8f01-3a25-41a8-b729-e1e6d9c8d006" />
    <UnitTestResult executionId="097ccfc8-af14-48e6-9643-e61b90dcf2d8" testId="49ca3465-d7ea-bd3a-eaaa-ff431814ad0b" testName="TestReadWriteNullAsync" computerName="runnervm4i34c" duration="00:00:00.0514272" startTime="2025-08-09T21:09:18.5784883+00:00" endTime="2025-08-09T21:09:18.6305966+00:00" testType="13cdc9d9-ddb5-4fa4-a97d-d965ccfc6d4b" outcome="Passed" testListId="8c84fa94-04c1-424b-9868-57a2d4851a1d" relativeResultsDirectory="097ccfc8-af14-48e6-9643-e61b90dcf2d8" />
    <UnitTestResult executionId="dbdecba0-42bc-4c64-9f00-919a36e7c30f" testId="a3e5d47c-7029-9bc2-f5af-40bf0ad91a54" testName="TestReadWriteNull" computerName="runnervm4i34c" duration="00:00:00.0472821" startTime="2025-08-09T21:09:18.5310991+00:00" endTime="2025-08-09T21:09:18.5784610+00:00" testType="13cdc9d9-ddb5-4fa4-a97d-d965ccfc6d4b" outcome="Passed" testListId="8c84fa94-04c1-424b-9868-57a2d4851a1d" relativeResultsDirectory="dbdecba0-42bc-4c64-9f00-919a36e7c30f" />
  </Results>
  <TestDefinitions>
    <UnitTest name="TestReadWriteNull" storage="d:\a\dotnet-monorepo\dotnet-monorepo\src\artifacts\bin\databases.tests\release_win-x64\databases.tests.dll" id="a3e5d47c-7029-9bc2-f5af-40bf0ad91a54">
      <Execution id="dbdecba0-42bc-4c64-9f00-919a36e7c30f" />
      <TestMethod codeBase="D:\a\dotnet-monorepo\dotnet-monorepo\src\artifacts\bin\Databases.Tests\release_win-x64\Databases.Tests.dll" adapterTypeName="executor://mstestadapter/v2" className="Databases.Tests.SqliteTests" name="TestReadWriteNull" />
    </UnitTest>
    <UnitTest name="TestReadWriteNullAsync" storage="d:\a\dotnet-monorepo\dotnet-monorepo\src\artifacts\bin\databases.tests\release_win-x64\databases.tests.dll" id="49ca3465-d7ea-bd3a-eaaa-ff431814ad0b">
      <Execution id="097ccfc8-af14-48e6-9643-e61b90dcf2d8" />
      <TestMethod codeBase="D:\a\dotnet-monorepo\dotnet-monorepo\src\artifacts\bin\Databases.Tests\release_win-x64\Databases.Tests.dll" adapterTypeName="executor://mstestadapter/v2" className="Databases.Tests.SqliteTests" name="TestReadWriteNullAsync" />
    </UnitTest>
    <UnitTest name="TestReadWriteRows" storage="d:\a\dotnet-monorepo\dotnet-monorepo\src\artifacts\bin\databases.tests\release_win-x64\databases.tests.dll" id="db3773bc-a4f0-9793-530b-e1362c98c7c2">
      <Execution id="075d8f01-3a25-41a8-b729-e1e6d9c8d006" />
      <TestMethod codeBase="D:\a\dotnet-monorepo\dotnet-monorepo\src\artifacts\bin\Databases.Tests\release_win-x64\Databases.Tests.dll" adapterTypeName="executor://mstestadapter/v2" className="Databases.Tests.SqliteTests" name="TestReadWriteRows" />
    </UnitTest>
    <UnitTest name="TestReadWriteRowsAsync" storage="d:\a\dotnet-monorepo\dotnet-monorepo\src\artifacts\bin\databases.tests\release_win-x64\databases.tests.dll" id="e5b195f2-fca3-ab27-6959-025ab91128f9">
      <Execution id="173512ec-6795-4c0e-874f-21de59780e5c" />
      <TestMethod codeBase="D:\a\dotnet-monorepo\dotnet-monorepo\src\artifacts\bin\Databases.Tests\release_win-x64\Databases.Tests.dll" adapterTypeName="executor://mstestadapter/v2" className="Databases.Tests.SqliteTests" name="TestReadWriteRowsAsync" />
    </UnitTest>
  </TestDefinitions>
  <TestEntries>
    <TestEntry testId="e5b195f2-fca3-ab27-6959-025ab91128f9" executionId="173512ec-6795-4c0e-874f-21de59780e5c" testListId="8c84fa94-04c1-424b-9868-57a2d4851a1d" />
    <TestEntry testId="db3773bc-a4f0-9793-530b-e1362c98c7c2" executionId="075d8f01-3a25-41a8-b729-e1e6d9c8d006" testListId="8c84fa94-04c1-424b-9868-57a2d4851a1d" />
    <TestEntry testId="49ca3465-d7ea-bd3a-eaaa-ff431814ad0b" executionId="097ccfc8-af14-48e6-9643-e61b90dcf2d8" testListId="8c84fa94-04c1-424b-9868-57a2d4851a1d" />
    <TestEntry testId="a3e5d47c-7029-9bc2-f5af-40bf0ad91a54" executionId="dbdecba0-42bc-4c64-9f00-919a36e7c30f" testListId="8c84fa94-04c1-424b-9868-57a2d4851a1d" />
  </TestEntries>
  <TestLists>
    <TestList name="Results Not in a List" id="8c84fa94-04c1-424b-9868-57a2d4851a1d" />
    <TestList name="All Loaded Results" id="19431567-8539-422a-85d7-44ee4e166bda" />
  </TestLists>
  <ResultSummary outcome="Completed">
    <Counters total="4" executed="4" passed="4" failed="0" error="0" timeout="0" aborted="0" inconclusive="0" passedButRunAborted="0" notRunnable="0" notExecuted="0" disconnected="0" warning="0" completed="0" inProgress="0" pending="0" />
  </ResultSummary>
</TestRun>