<?xml version="1.0" encoding="utf-8"?>
<TestRun id="16ea7be0-3aef-4123-bd98-b42f06177bdc" name="runneradmin@fv-az1564-133 2024-06-25 23:13:25" runUser="fv-az1564-133\runneradmin" xmlns="http://microsoft.com/schemas/VisualStudio/TeamTest/2010">
  <Times creation="2024-06-25T23:13:25.4303582+00:00" queuing="2024-06-25T23:13:25.4303583+00:00" start="2024-06-25T23:13:24.7754139+00:00" finish="2024-06-25T23:13:25.4350510+00:00" />
  <TestSettings name="default" id="58a5cf1e-1442-4e14-b2d4-de667e9a0c6f">
    <Deployment runDeploymentRoot="runneradmin_fv-az1564-133_2024-06-25_23_13_25" />
  </TestSettings>
  <Results>
    <UnitTestResult executionId="773b7559-9acc-4f8c-924e-eeaa522bea68" testId="e5b195f2-fca3-ab27-6959-025ab91128f9" testName="TestReadWriteRowsAsync" computerName="fv-az1564-133" duration="00:00:00.0369875" startTime="2024-06-25T23:13:25.2781965+00:00" endTime="2024-06-25T23:13:25.3161224+00:00" testType="13cdc9d9-ddb5-4fa4-a97d-d965ccfc6d4b" outcome="Passed" testListId="8c84fa94-04c1-424b-9868-57a2d4851a1d" relativeResultsDirectory="773b7559-9acc-4f8c-924e-eeaa522bea68" />
    <UnitTestResult executionId="f077bc25-445f-4c40-af0f-6890c08c4bde" testId="db3773bc-a4f0-9793-530b-e1362c98c7c2" testName="TestReadWriteRows" computerName="fv-az1564-133" duration="00:00:00.0696330" startTime="2024-06-25T23:13:25.1945298+00:00" endTime="2024-06-25T23:13:25.2745194+00:00" testType="13cdc9d9-ddb5-4fa4-a97d-d965ccfc6d4b" outcome="Passed" testListId="8c84fa94-04c1-424b-9868-57a2d4851a1d" relativeResultsDirectory="f077bc25-445f-4c40-af0f-6890c08c4bde" />
  </Results>
  <TestDefinitions>
    <UnitTest name="TestReadWriteRows" storage="d:\a\dotnet-monorepo\dotnet-monorepo\src\artifacts\bin\databases.tests\release_win-x64\databases.tests.dll" id="db3773bc-a4f0-9793-530b-e1362c98c7c2">
      <Execution id="f077bc25-445f-4c40-af0f-6890c08c4bde" />
      <TestMethod codeBase="D:\a\dotnet-monorepo\dotnet-monorepo\src\artifacts\bin\Databases.Tests\release_win-x64\Databases.Tests.dll" adapterTypeName="executor://mstestadapter/v2" className="Databases.Tests.SqliteTests" name="TestReadWriteRows" />
    </UnitTest>
    <UnitTest name="TestReadWriteRowsAsync" storage="d:\a\dotnet-monorepo\dotnet-monorepo\src\artifacts\bin\databases.tests\release_win-x64\databases.tests.dll" id="e5b195f2-fca3-ab27-6959-025ab91128f9">
      <Execution id="773b7559-9acc-4f8c-924e-eeaa522bea68" />
      <TestMethod codeBase="D:\a\dotnet-monorepo\dotnet-monorepo\src\artifacts\bin\Databases.Tests\release_win-x64\Databases.Tests.dll" adapterTypeName="executor://mstestadapter/v2" className="Databases.Tests.SqliteTests" name="TestReadWriteRowsAsync" />
    </UnitTest>
  </TestDefinitions>
  <TestEntries>
    <TestEntry testId="e5b195f2-fca3-ab27-6959-025ab91128f9" executionId="773b7559-9acc-4f8c-924e-eeaa522bea68" testListId="8c84fa94-04c1-424b-9868-57a2d4851a1d" />
    <TestEntry testId="db3773bc-a4f0-9793-530b-e1362c98c7c2" executionId="f077bc25-445f-4c40-af0f-6890c08c4bde" testListId="8c84fa94-04c1-424b-9868-57a2d4851a1d" />
  </TestEntries>
  <TestLists>
    <TestList name="Results Not in a List" id="8c84fa94-04c1-424b-9868-57a2d4851a1d" />
    <TestList name="All Loaded Results" id="19431567-8539-422a-85d7-44ee4e166bda" />
  </TestLists>
  <ResultSummary outcome="Completed">
    <Counters total="2" executed="2" passed="2" failed="0" error="0" timeout="0" aborted="0" inconclusive="0" passedButRunAborted="0" notRunnable="0" notExecuted="0" disconnected="0" warning="0" completed="0" inProgress="0" pending="0" />
  </ResultSummary>
</TestRun>