<?xml version="1.0" encoding="utf-8"?>
<TestRun id="db06e51d-40d8-432e-aaf1-aa80a0d781f6" name="@fv-az693-738 2024-08-09 21:20:30" xmlns="http://microsoft.com/schemas/VisualStudio/TeamTest/2010">
  <Times creation="2024-08-09T21:20:30.2624363+00:00" queuing="2024-08-09T21:20:30.2624364+00:00" start="2024-08-09T21:20:29.6259578+00:00" finish="2024-08-09T21:20:30.2691939+00:00" />
  <TestSettings name="default" id="5e54f3a9-7ed5-49a1-98ee-1db12f8a430a">
    <Deployment runDeploymentRoot="_fv-az693-738_2024-08-09_21_20_30" />
  </TestSettings>
  <Results>
    <UnitTestResult executionId="8bfcafc3-fddf-40b5-bc88-db460764b98b" testId="db3773bc-a4f0-9793-530b-e1362c98c7c2" testName="TestReadWriteRows" computerName="fv-az693-738" duration="00:00:00.0393140" startTime="2024-08-09T21:20:30.0624543+00:00" endTime="2024-08-09T21:20:30.1119348+00:00" testType="13cdc9d9-ddb5-4fa4-a97d-d965ccfc6d4b" outcome="Passed" testListId="8c84fa94-04c1-424b-9868-57a2d4851a1d" relativeResultsDirectory="8bfcafc3-fddf-40b5-bc88-db460764b98b" />
    <UnitTestResult executionId="d578e600-c84b-4bd0-ab47-1e2eeb8bf80e" testId="a3e5d47c-7029-9bc2-f5af-40bf0ad91a54" testName="TestReadWriteNull" computerName="fv-az693-738" duration="00:00:00.0044508" startTime="2024-08-09T21:20:30.1267040+00:00" endTime="2024-08-09T21:20:30.1312494+00:00" testType="13cdc9d9-ddb5-4fa4-a97d-d965ccfc6d4b" outcome="Passed" testListId="8c84fa94-04c1-424b-9868-57a2d4851a1d" relativeResultsDirectory="d578e600-c84b-4bd0-ab47-1e2eeb8bf80e" />
    <UnitTestResult executionId="3a5940b6-2f9b-479c-bbcc-b4de2763056b" testId="49ca3465-d7ea-bd3a-eaaa-ff431814ad0b" testName="TestReadWriteNullAsync" computerName="fv-az693-738" duration="00:00:00.0060257" startTime="2024-08-09T21:20:30.1312766+00:00" endTime="2024-08-09T21:20:30.1381953+00:00" testType="13cdc9d9-ddb5-4fa4-a97d-d965ccfc6d4b" outcome="Passed" testListId="8c84fa94-04c1-424b-9868-57a2d4851a1d" relativeResultsDirectory="3a5940b6-2f9b-479c-bbcc-b4de2763056b" />
    <UnitTestResult executionId="62acd67a-b051-43a1-8c05-2ea32c53c705" testId="e5b195f2-fca3-ab27-6959-025ab91128f9" testName="TestReadWriteRowsAsync" computerName="fv-az693-738" duration="00:00:00.0104493" startTime="2024-08-09T21:20:30.1158597+00:00" endTime="2024-08-09T21:20:30.1264559+00:00" testType="13cdc9d9-ddb5-4fa4-a97d-d965ccfc6d4b" outcome="Passed" testListId="8c84fa94-04c1-424b-9868-57a2d4851a1d" relativeResultsDirectory="62acd67a-b051-43a1-8c05-2ea32c53c705" />
  </Results>
  <TestDefinitions>
    <UnitTest name="TestReadWriteNull" storage="/home/runner/work/dotnet-monorepo/dotnet-monorepo/src/artifacts/bin/databases.tests/release_linux-x64/databases.tests.dll" id="a3e5d47c-7029-9bc2-f5af-40bf0ad91a54">
      <Execution id="d578e600-c84b-4bd0-ab47-1e2eeb8bf80e" />
      <TestMethod codeBase="/home/runner/work/dotnet-monorepo/dotnet-monorepo/src/artifacts/bin/Databases.Tests/release_linux-x64/Databases.Tests.dll" adapterTypeName="executor://mstestadapter/v2" className="Databases.Tests.SqliteTests" name="TestReadWriteNull" />
    </UnitTest>
    <UnitTest name="TestReadWriteNullAsync" storage="/home/runner/work/dotnet-monorepo/dotnet-monorepo/src/artifacts/bin/databases.tests/release_linux-x64/databases.tests.dll" id="49ca3465-d7ea-bd3a-eaaa-ff431814ad0b">
      <Execution id="3a5940b6-2f9b-479c-bbcc-b4de2763056b" />
      <TestMethod codeBase="/home/runner/work/dotnet-monorepo/dotnet-monorepo/src/artifacts/bin/Databases.Tests/release_linux-x64/Databases.Tests.dll" adapterTypeName="executor://mstestadapter/v2" className="Databases.Tests.SqliteTests" name="TestReadWriteNullAsync" />
    </UnitTest>
    <UnitTest name="TestReadWriteRows" storage="/home/runner/work/dotnet-monorepo/dotnet-monorepo/src/artifacts/bin/databases.tests/release_linux-x64/databases.tests.dll" id="db3773bc-a4f0-9793-530b-e1362c98c7c2">
      <Execution id="8bfcafc3-fddf-40b5-bc88-db460764b98b" />
      <TestMethod codeBase="/home/runner/work/dotnet-monorepo/dotnet-monorepo/src/artifacts/bin/Databases.Tests/release_linux-x64/Databases.Tests.dll" adapterTypeName="executor://mstestadapter/v2" className="Databases.Tests.SqliteTests" name="TestReadWriteRows" />
    </UnitTest>
    <UnitTest name="TestReadWriteRowsAsync" storage="/home/runner/work/dotnet-monorepo/dotnet-monorepo/src/artifacts/bin/databases.tests/release_linux-x64/databases.tests.dll" id="e5b195f2-fca3-ab27-6959-025ab91128f9">
      <Execution id="62acd67a-b051-43a1-8c05-2ea32c53c705" />
      <TestMethod codeBase="/home/runner/work/dotnet-monorepo/dotnet-monorepo/src/artifacts/bin/Databases.Tests/release_linux-x64/Databases.Tests.dll" adapterTypeName="executor://mstestadapter/v2" className="Databases.Tests.SqliteTests" name="TestReadWriteRowsAsync" />
    </UnitTest>
  </TestDefinitions>
  <TestEntries>
    <TestEntry testId="db3773bc-a4f0-9793-530b-e1362c98c7c2" executionId="8bfcafc3-fddf-40b5-bc88-db460764b98b" testListId="8c84fa94-04c1-424b-9868-57a2d4851a1d" />
    <TestEntry testId="a3e5d47c-7029-9bc2-f5af-40bf0ad91a54" executionId="d578e600-c84b-4bd0-ab47-1e2eeb8bf80e" testListId="8c84fa94-04c1-424b-9868-57a2d4851a1d" />
    <TestEntry testId="49ca3465-d7ea-bd3a-eaaa-ff431814ad0b" executionId="3a5940b6-2f9b-479c-bbcc-b4de2763056b" testListId="8c84fa94-04c1-424b-9868-57a2d4851a1d" />
    <TestEntry testId="e5b195f2-fca3-ab27-6959-025ab91128f9" executionId="62acd67a-b051-43a1-8c05-2ea32c53c705" testListId="8c84fa94-04c1-424b-9868-57a2d4851a1d" />
  </TestEntries>
  <TestLists>
    <TestList name="Results Not in a List" id="8c84fa94-04c1-424b-9868-57a2d4851a1d" />
    <TestList name="All Loaded Results" id="19431567-8539-422a-85d7-44ee4e166bda" />
  </TestLists>
  <ResultSummary outcome="Completed">
    <Counters total="4" executed="4" passed="4" failed="0" error="0" timeout="0" aborted="0" inconclusive="0" passedButRunAborted="0" notRunnable="0" notExecuted="0" disconnected="0" warning="0" completed="0" inProgress="0" pending="0" />
  </ResultSummary>
</TestRun>