<?xml version="1.0" encoding="utf-8"?>
<TestRun id="f8222681-b8fa-4f94-aa04-a5fc22bfc940" name="runneradmin@fv-az1390-488 2025-01-10 01:58:42" runUser="fv-az1390-488\runneradmin" xmlns="http://microsoft.com/schemas/VisualStudio/TeamTest/2010">
  <Times creation="2025-01-10T01:58:42.9695110+00:00" queuing="2025-01-10T01:58:42.9695111+00:00" start="2025-01-10T01:58:42.2553437+00:00" finish="2025-01-10T01:58:42.9740962+00:00" />
  <TestSettings name="default" id="400aa987-1942-4d2d-9e3f-4c8df026b2f2">
    <Deployment runDeploymentRoot="runneradmin_fv-az1390-488_2025-01-10_01_58_42" />
  </TestSettings>
  <Results>
    <UnitTestResult executionId="728fe51f-829c-4e6d-bb30-ea7d6fb75b32" testId="49ca3465-d7ea-bd3a-eaaa-ff431814ad0b" testName="TestReadWriteNullAsync" computerName="fv-az1390-488" duration="00:00:00.0194915" startTime="2025-01-10T01:58:42.8390221+00:00" endTime="2025-01-10T01:58:42.8592255+00:00" testType="13cdc9d9-ddb5-4fa4-a97d-d965ccfc6d4b" outcome="Passed" testListId="8c84fa94-04c1-424b-9868-57a2d4851a1d" relativeResultsDirectory="728fe51f-829c-4e6d-bb30-ea7d6fb75b32" />
    <UnitTestResult executionId="c426c068-3906-4d5f-9586-2d1e97dbe157" testId="a3e5d47c-7029-9bc2-f5af-40bf0ad91a54" testName="TestReadWriteNull" computerName="fv-az1390-488" duration="00:00:00.0238179" startTime="2025-01-10T01:58:42.8150959+00:00" endTime="2025-01-10T01:58:42.8389883+00:00" testType="13cdc9d9-ddb5-4fa4-a97d-d965ccfc6d4b" outcome="Passed" testListId="8c84fa94-04c1-424b-9868-57a2d4851a1d" relativeResultsDirectory="c426c068-3906-4d5f-9586-2d1e97dbe157" />
    <UnitTestResult executionId="26a67dc2-097f-4560-bbc3-71f0e36c3b44" testId="e5b195f2-fca3-ab27-6959-025ab91128f9" testName="TestReadWriteRowsAsync" computerName="fv-az1390-488" duration="00:00:00.0418711" startTime="2025-01-10T01:58:42.7728331+00:00" endTime="2025-01-10T01:58:42.8148560+00:00" testType="13cdc9d9-ddb5-4fa4-a97d-d965ccfc6d4b" outcome="Passed" testListId="8c84fa94-04c1-424b-9868-57a2d4851a1d" relativeResultsDirectory="26a67dc2-097f-4560-bbc3-71f0e36c3b44" />
    <UnitTestResult executionId="67d59155-4df0-4afb-9544-9c5704d9df3a" testId="db3773bc-a4f0-9793-530b-e1362c98c7c2" testName="TestReadWriteRows" computerName="fv-az1390-488" duration="00:00:00.0711029" startTime="2025-01-10T01:58:42.6805296+00:00" endTime="2025-01-10T01:58:42.7691135+00:00" testType="13cdc9d9-ddb5-4fa4-a97d-d965ccfc6d4b" outcome="Passed" testListId="8c84fa94-04c1-424b-9868-57a2d4851a1d" relativeResultsDirectory="67d59155-4df0-4afb-9544-9c5704d9df3a" />
  </Results>
  <TestDefinitions>
    <UnitTest name="TestReadWriteNull" storage="d:\a\dotnet-monorepo\dotnet-monorepo\src\artifacts\bin\databases.tests\release_win-x64\databases.tests.dll" id="a3e5d47c-7029-9bc2-f5af-40bf0ad91a54">
      <Execution id="c426c068-3906-4d5f-9586-2d1e97dbe157" />
      <TestMethod codeBase="D:\a\dotnet-monorepo\dotnet-monorepo\src\artifacts\bin\Databases.Tests\release_win-x64\Databases.Tests.dll" adapterTypeName="executor://mstestadapter/v2" className="Databases.Tests.SqliteTests" name="TestReadWriteNull" />
    </UnitTest>
    <UnitTest name="TestReadWriteNullAsync" storage="d:\a\dotnet-monorepo\dotnet-monorepo\src\artifacts\bin\databases.tests\release_win-x64\databases.tests.dll" id="49ca3465-d7ea-bd3a-eaaa-ff431814ad0b">
      <Execution id="728fe51f-829c-4e6d-bb30-ea7d6fb75b32" />
      <TestMethod codeBase="D:\a\dotnet-monorepo\dotnet-monorepo\src\artifacts\bin\Databases.Tests\release_win-x64\Databases.Tests.dll" adapterTypeName="executor://mstestadapter/v2" className="Databases.Tests.SqliteTests" name="TestReadWriteNullAsync" />
    </UnitTest>
    <UnitTest name="TestReadWriteRows" storage="d:\a\dotnet-monorepo\dotnet-monorepo\src\artifacts\bin\databases.tests\release_win-x64\databases.tests.dll" id="db3773bc-a4f0-9793-530b-e1362c98c7c2">
      <Execution id="67d59155-4df0-4afb-9544-9c5704d9df3a" />
      <TestMethod codeBase="D:\a\dotnet-monorepo\dotnet-monorepo\src\artifacts\bin\Databases.Tests\release_win-x64\Databases.Tests.dll" adapterTypeName="executor://mstestadapter/v2" className="Databases.Tests.SqliteTests" name="TestReadWriteRows" />
    </UnitTest>
    <UnitTest name="TestReadWriteRowsAsync" storage="d:\a\dotnet-monorepo\dotnet-monorepo\src\artifacts\bin\databases.tests\release_win-x64\databases.tests.dll" id="e5b195f2-fca3-ab27-6959-025ab91128f9">
      <Execution id="26a67dc2-097f-4560-bbc3-71f0e36c3b44" />
      <TestMethod codeBase="D:\a\dotnet-monorepo\dotnet-monorepo\src\artifacts\bin\Databases.Tests\release_win-x64\Databases.Tests.dll" adapterTypeName="executor://mstestadapter/v2" className="Databases.Tests.SqliteTests" name="TestReadWriteRowsAsync" />
    </UnitTest>
  </TestDefinitions>
  <TestEntries>
    <TestEntry testId="49ca3465-d7ea-bd3a-eaaa-ff431814ad0b" executionId="728fe51f-829c-4e6d-bb30-ea7d6fb75b32" testListId="8c84fa94-04c1-424b-9868-57a2d4851a1d" />
    <TestEntry testId="a3e5d47c-7029-9bc2-f5af-40bf0ad91a54" executionId="c426c068-3906-4d5f-9586-2d1e97dbe157" testListId="8c84fa94-04c1-424b-9868-57a2d4851a1d" />
    <TestEntry testId="e5b195f2-fca3-ab27-6959-025ab91128f9" executionId="26a67dc2-097f-4560-bbc3-71f0e36c3b44" testListId="8c84fa94-04c1-424b-9868-57a2d4851a1d" />
    <TestEntry testId="db3773bc-a4f0-9793-530b-e1362c98c7c2" executionId="67d59155-4df0-4afb-9544-9c5704d9df3a" testListId="8c84fa94-04c1-424b-9868-57a2d4851a1d" />
  </TestEntries>
  <TestLists>
    <TestList name="Results Not in a List" id="8c84fa94-04c1-424b-9868-57a2d4851a1d" />
    <TestList name="All Loaded Results" id="19431567-8539-422a-85d7-44ee4e166bda" />
  </TestLists>
  <ResultSummary outcome="Completed">
    <Counters total="4" executed="4" passed="4" failed="0" error="0" timeout="0" aborted="0" inconclusive="0" passedButRunAborted="0" notRunnable="0" notExecuted="0" disconnected="0" warning="0" completed="0" inProgress="0" pending="0" />
  </ResultSummary>
</TestRun>