<?xml version="1.0" encoding="utf-8"?>
<TestRun id="4eaf7a64-0c2a-46a7-8cc6-0d5c54c9d8bf" name="runneradmin@fv-az653-956 2024-12-11 02:13:26" runUser="fv-az653-956\runneradmin" xmlns="http://microsoft.com/schemas/VisualStudio/TeamTest/2010">
  <Times creation="2024-12-11T02:13:26.7702316+00:00" queuing="2024-12-11T02:13:26.7702318+00:00" start="2024-12-11T02:13:26.0527351+00:00" finish="2024-12-11T02:13:26.7751235+00:00" />
  <TestSettings name="default" id="2906aace-c15c-4112-bacd-25e4c0c425ab">
    <Deployment runDeploymentRoot="runneradmin_fv-az653-956_2024-12-11_02_13_26" />
  </TestSettings>
  <Results>
    <UnitTestResult executionId="48b57fd8-a4b1-4002-b8c8-e279314aa6c6" testId="db3773bc-a4f0-9793-530b-e1362c98c7c2" testName="TestReadWriteRows" computerName="fv-az653-956" duration="00:00:00.0686679" startTime="2024-12-11T02:13:26.4832627+00:00" endTime="2024-12-11T02:13:26.5694030+00:00" testType="13cdc9d9-ddb5-4fa4-a97d-d965ccfc6d4b" outcome="Passed" testListId="8c84fa94-04c1-424b-9868-57a2d4851a1d" relativeResultsDirectory="48b57fd8-a4b1-4002-b8c8-e279314aa6c6" />
    <UnitTestResult executionId="ae91682f-cb5f-4ce0-8c00-f34826dd1295" testId="e5b195f2-fca3-ab27-6959-025ab91128f9" testName="TestReadWriteRowsAsync" computerName="fv-az653-956" duration="00:00:00.0352839" startTime="2024-12-11T02:13:26.5732601+00:00" endTime="2024-12-11T02:13:26.6087006+00:00" testType="13cdc9d9-ddb5-4fa4-a97d-d965ccfc6d4b" outcome="Passed" testListId="8c84fa94-04c1-424b-9868-57a2d4851a1d" relativeResultsDirectory="ae91682f-cb5f-4ce0-8c00-f34826dd1295" />
    <UnitTestResult executionId="e4420b7a-84fe-4be9-9bc3-8c7f65bb0ec1" testId="49ca3465-d7ea-bd3a-eaaa-ff431814ad0b" testName="TestReadWriteNullAsync" computerName="fv-az653-956" duration="00:00:00.0220372" startTime="2024-12-11T02:13:26.6347558+00:00" endTime="2024-12-11T02:13:26.6575895+00:00" testType="13cdc9d9-ddb5-4fa4-a97d-d965ccfc6d4b" outcome="Passed" testListId="8c84fa94-04c1-424b-9868-57a2d4851a1d" relativeResultsDirectory="e4420b7a-84fe-4be9-9bc3-8c7f65bb0ec1" />
    <UnitTestResult executionId="774ab569-bc99-4c69-a17e-3db32e527b04" testId="a3e5d47c-7029-9bc2-f5af-40bf0ad91a54" testName="TestReadWriteNull" computerName="fv-az653-956" duration="00:00:00.0257034" startTime="2024-12-11T02:13:26.6089422+00:00" endTime="2024-12-11T02:13:26.6347210+00:00" testType="13cdc9d9-ddb5-4fa4-a97d-d965ccfc6d4b" outcome="Passed" testListId="8c84fa94-04c1-424b-9868-57a2d4851a1d" relativeResultsDirectory="774ab569-bc99-4c69-a17e-3db32e527b04" />
  </Results>
  <TestDefinitions>
    <UnitTest name="TestReadWriteNull" storage="d:\a\dotnet-monorepo\dotnet-monorepo\src\artifacts\bin\databases.tests\release_win-x64\databases.tests.dll" id="a3e5d47c-7029-9bc2-f5af-40bf0ad91a54">
      <Execution id="774ab569-bc99-4c69-a17e-3db32e527b04" />
      <TestMethod codeBase="D:\a\dotnet-monorepo\dotnet-monorepo\src\artifacts\bin\Databases.Tests\release_win-x64\Databases.Tests.dll" adapterTypeName="executor://mstestadapter/v2" className="Databases.Tests.SqliteTests" name="TestReadWriteNull" />
    </UnitTest>
    <UnitTest name="TestReadWriteNullAsync" storage="d:\a\dotnet-monorepo\dotnet-monorepo\src\artifacts\bin\databases.tests\release_win-x64\databases.tests.dll" id="49ca3465-d7ea-bd3a-eaaa-ff431814ad0b">
      <Execution id="e4420b7a-84fe-4be9-9bc3-8c7f65bb0ec1" />
      <TestMethod codeBase="D:\a\dotnet-monorepo\dotnet-monorepo\src\artifacts\bin\Databases.Tests\release_win-x64\Databases.Tests.dll" adapterTypeName="executor://mstestadapter/v2" className="Databases.Tests.SqliteTests" name="TestReadWriteNullAsync" />
    </UnitTest>
    <UnitTest name="TestReadWriteRows" storage="d:\a\dotnet-monorepo\dotnet-monorepo\src\artifacts\bin\databases.tests\release_win-x64\databases.tests.dll" id="db3773bc-a4f0-9793-530b-e1362c98c7c2">
      <Execution id="48b57fd8-a4b1-4002-b8c8-e279314aa6c6" />
      <TestMethod codeBase="D:\a\dotnet-monorepo\dotnet-monorepo\src\artifacts\bin\Databases.Tests\release_win-x64\Databases.Tests.dll" adapterTypeName="executor://mstestadapter/v2" className="Databases.Tests.SqliteTests" name="TestReadWriteRows" />
    </UnitTest>
    <UnitTest name="TestReadWriteRowsAsync" storage="d:\a\dotnet-monorepo\dotnet-monorepo\src\artifacts\bin\databases.tests\release_win-x64\databases.tests.dll" id="e5b195f2-fca3-ab27-6959-025ab91128f9">
      <Execution id="ae91682f-cb5f-4ce0-8c00-f34826dd1295" />
      <TestMethod codeBase="D:\a\dotnet-monorepo\dotnet-monorepo\src\artifacts\bin\Databases.Tests\release_win-x64\Databases.Tests.dll" adapterTypeName="executor://mstestadapter/v2" className="Databases.Tests.SqliteTests" name="TestReadWriteRowsAsync" />
    </UnitTest>
  </TestDefinitions>
  <TestEntries>
    <TestEntry testId="db3773bc-a4f0-9793-530b-e1362c98c7c2" executionId="48b57fd8-a4b1-4002-b8c8-e279314aa6c6" testListId="8c84fa94-04c1-424b-9868-57a2d4851a1d" />
    <TestEntry testId="e5b195f2-fca3-ab27-6959-025ab91128f9" executionId="ae91682f-cb5f-4ce0-8c00-f34826dd1295" testListId="8c84fa94-04c1-424b-9868-57a2d4851a1d" />
    <TestEntry testId="49ca3465-d7ea-bd3a-eaaa-ff431814ad0b" executionId="e4420b7a-84fe-4be9-9bc3-8c7f65bb0ec1" testListId="8c84fa94-04c1-424b-9868-57a2d4851a1d" />
    <TestEntry testId="a3e5d47c-7029-9bc2-f5af-40bf0ad91a54" executionId="774ab569-bc99-4c69-a17e-3db32e527b04" testListId="8c84fa94-04c1-424b-9868-57a2d4851a1d" />
  </TestEntries>
  <TestLists>
    <TestList name="Results Not in a List" id="8c84fa94-04c1-424b-9868-57a2d4851a1d" />
    <TestList name="All Loaded Results" id="19431567-8539-422a-85d7-44ee4e166bda" />
  </TestLists>
  <ResultSummary outcome="Completed">
    <Counters total="4" executed="4" passed="4" failed="0" error="0" timeout="0" aborted="0" inconclusive="0" passedButRunAborted="0" notRunnable="0" notExecuted="0" disconnected="0" warning="0" completed="0" inProgress="0" pending="0" />
  </ResultSummary>
</TestRun>