<?xml version="1.0" encoding="utf-8"?>
<TestRun id="00319dee-b403-4689-bdaf-c843445d2d91" name="@fv-az1106-113 2024-10-26 03:16:56" xmlns="http://microsoft.com/schemas/VisualStudio/TeamTest/2010">
  <Times creation="2024-10-26T03:16:56.9182819+00:00" queuing="2024-10-26T03:16:56.9182820+00:00" start="2024-10-26T03:16:56.2308531+00:00" finish="2024-10-26T03:16:56.9247669+00:00" />
  <TestSettings name="default" id="c8f9253a-372e-4970-a994-b2a73f1fd166">
    <Deployment runDeploymentRoot="_fv-az1106-113_2024-10-26_03_16_56" />
  </TestSettings>
  <Results>
    <UnitTestResult executionId="d16b785e-9fee-4511-a567-9f213adccf9c" testId="e5b195f2-fca3-ab27-6959-025ab91128f9" testName="TestReadWriteRowsAsync" computerName="fv-az1106-113" duration="00:00:00.0124702" startTime="2024-10-26T03:16:56.7583801+00:00" endTime="2024-10-26T03:16:56.7711286+00:00" testType="13cdc9d9-ddb5-4fa4-a97d-d965ccfc6d4b" outcome="Passed" testListId="8c84fa94-04c1-424b-9868-57a2d4851a1d" relativeResultsDirectory="d16b785e-9fee-4511-a567-9f213adccf9c" />
    <UnitTestResult executionId="f14c8f4f-c309-423d-b43a-f154c4b248b2" testId="a3e5d47c-7029-9bc2-f5af-40bf0ad91a54" testName="TestReadWriteNull" computerName="fv-az1106-113" duration="00:00:00.0067979" startTime="2024-10-26T03:16:56.7714879+00:00" endTime="2024-10-26T03:16:56.7784825+00:00" testType="13cdc9d9-ddb5-4fa4-a97d-d965ccfc6d4b" outcome="Passed" testListId="8c84fa94-04c1-424b-9868-57a2d4851a1d" relativeResultsDirectory="f14c8f4f-c309-423d-b43a-f154c4b248b2" />
    <UnitTestResult executionId="9ecedc3b-5fbb-4f53-9e0f-85ee7735cbfe" testId="49ca3465-d7ea-bd3a-eaaa-ff431814ad0b" testName="TestReadWriteNullAsync" computerName="fv-az1106-113" duration="00:00:00.0075682" startTime="2024-10-26T03:16:56.7785507+00:00" endTime="2024-10-26T03:16:56.7871864+00:00" testType="13cdc9d9-ddb5-4fa4-a97d-d965ccfc6d4b" outcome="Passed" testListId="8c84fa94-04c1-424b-9868-57a2d4851a1d" relativeResultsDirectory="9ecedc3b-5fbb-4f53-9e0f-85ee7735cbfe" />
    <UnitTestResult executionId="cbeef79d-40e3-4d98-bfcf-bb497c9e7c21" testId="db3773bc-a4f0-9793-530b-e1362c98c7c2" testName="TestReadWriteRows" computerName="fv-az1106-113" duration="00:00:00.0413809" startTime="2024-10-26T03:16:56.7017676+00:00" endTime="2024-10-26T03:16:56.7541320+00:00" testType="13cdc9d9-ddb5-4fa4-a97d-d965ccfc6d4b" outcome="Passed" testListId="8c84fa94-04c1-424b-9868-57a2d4851a1d" relativeResultsDirectory="cbeef79d-40e3-4d98-bfcf-bb497c9e7c21" />
  </Results>
  <TestDefinitions>
    <UnitTest name="TestReadWriteNull" storage="/home/runner/work/dotnet-monorepo/dotnet-monorepo/src/artifacts/bin/databases.tests/release_linux-x64/databases.tests.dll" id="a3e5d47c-7029-9bc2-f5af-40bf0ad91a54">
      <Execution id="f14c8f4f-c309-423d-b43a-f154c4b248b2" />
      <TestMethod codeBase="/home/runner/work/dotnet-monorepo/dotnet-monorepo/src/artifacts/bin/Databases.Tests/release_linux-x64/Databases.Tests.dll" adapterTypeName="executor://mstestadapter/v2" className="Databases.Tests.SqliteTests" name="TestReadWriteNull" />
    </UnitTest>
    <UnitTest name="TestReadWriteNullAsync" storage="/home/runner/work/dotnet-monorepo/dotnet-monorepo/src/artifacts/bin/databases.tests/release_linux-x64/databases.tests.dll" id="49ca3465-d7ea-bd3a-eaaa-ff431814ad0b">
      <Execution id="9ecedc3b-5fbb-4f53-9e0f-85ee7735cbfe" />
      <TestMethod codeBase="/home/runner/work/dotnet-monorepo/dotnet-monorepo/src/artifacts/bin/Databases.Tests/release_linux-x64/Databases.Tests.dll" adapterTypeName="executor://mstestadapter/v2" className="Databases.Tests.SqliteTests" name="TestReadWriteNullAsync" />
    </UnitTest>
    <UnitTest name="TestReadWriteRows" storage="/home/runner/work/dotnet-monorepo/dotnet-monorepo/src/artifacts/bin/databases.tests/release_linux-x64/databases.tests.dll" id="db3773bc-a4f0-9793-530b-e1362c98c7c2">
      <Execution id="cbeef79d-40e3-4d98-bfcf-bb497c9e7c21" />
      <TestMethod codeBase="/home/runner/work/dotnet-monorepo/dotnet-monorepo/src/artifacts/bin/Databases.Tests/release_linux-x64/Databases.Tests.dll" adapterTypeName="executor://mstestadapter/v2" className="Databases.Tests.SqliteTests" name="TestReadWriteRows" />
    </UnitTest>
    <UnitTest name="TestReadWriteRowsAsync" storage="/home/runner/work/dotnet-monorepo/dotnet-monorepo/src/artifacts/bin/databases.tests/release_linux-x64/databases.tests.dll" id="e5b195f2-fca3-ab27-6959-025ab91128f9">
      <Execution id="d16b785e-9fee-4511-a567-9f213adccf9c" />
      <TestMethod codeBase="/home/runner/work/dotnet-monorepo/dotnet-monorepo/src/artifacts/bin/Databases.Tests/release_linux-x64/Databases.Tests.dll" adapterTypeName="executor://mstestadapter/v2" className="Databases.Tests.SqliteTests" name="TestReadWriteRowsAsync" />
    </UnitTest>
  </TestDefinitions>
  <TestEntries>
    <TestEntry testId="e5b195f2-fca3-ab27-6959-025ab91128f9" executionId="d16b785e-9fee-4511-a567-9f213adccf9c" testListId="8c84fa94-04c1-424b-9868-57a2d4851a1d" />
    <TestEntry testId="a3e5d47c-7029-9bc2-f5af-40bf0ad91a54" executionId="f14c8f4f-c309-423d-b43a-f154c4b248b2" testListId="8c84fa94-04c1-424b-9868-57a2d4851a1d" />
    <TestEntry testId="49ca3465-d7ea-bd3a-eaaa-ff431814ad0b" executionId="9ecedc3b-5fbb-4f53-9e0f-85ee7735cbfe" testListId="8c84fa94-04c1-424b-9868-57a2d4851a1d" />
    <TestEntry testId="db3773bc-a4f0-9793-530b-e1362c98c7c2" executionId="cbeef79d-40e3-4d98-bfcf-bb497c9e7c21" testListId="8c84fa94-04c1-424b-9868-57a2d4851a1d" />
  </TestEntries>
  <TestLists>
    <TestList name="Results Not in a List" id="8c84fa94-04c1-424b-9868-57a2d4851a1d" />
    <TestList name="All Loaded Results" id="19431567-8539-422a-85d7-44ee4e166bda" />
  </TestLists>
  <ResultSummary outcome="Completed">
    <Counters total="4" executed="4" passed="4" failed="0" error="0" timeout="0" aborted="0" inconclusive="0" passedButRunAborted="0" notRunnable="0" notExecuted="0" disconnected="0" warning="0" completed="0" inProgress="0" pending="0" />
  </ResultSummary>
</TestRun>