<?xml version="1.0" encoding="utf-8"?>
<TestRun id="c3bc9525-a713-4a5d-8ab4-440eed6af96d" name="@fv-az1279-599 2024-12-18 23:43:22" xmlns="http://microsoft.com/schemas/VisualStudio/TeamTest/2010">
  <Times creation="2024-12-18T23:43:22.1230091+00:00" queuing="2024-12-18T23:43:22.1230092+00:00" start="2024-12-18T23:43:21.4878422+00:00" finish="2024-12-18T23:43:22.1283110+00:00" />
  <TestSettings name="default" id="568e90de-214d-4e39-8c96-74ebe73b763a">
    <Deployment runDeploymentRoot="_fv-az1279-599_2024-12-18_23_43_22" />
  </TestSettings>
  <Results>
    <UnitTestResult executionId="1681626b-6681-4ab7-9588-85145d2ae211" testId="e5b195f2-fca3-ab27-6959-025ab91128f9" testName="TestReadWriteRowsAsync" computerName="fv-az1279-599" duration="00:00:00.0121379" startTime="2024-12-18T23:43:21.9689465+00:00" endTime="2024-12-18T23:43:21.9812701+00:00" testType="13cdc9d9-ddb5-4fa4-a97d-d965ccfc6d4b" outcome="Passed" testListId="8c84fa94-04c1-424b-9868-57a2d4851a1d" relativeResultsDirectory="1681626b-6681-4ab7-9588-85145d2ae211" />
    <UnitTestResult executionId="59d2aa6a-21d6-4002-ba30-14fdb8b0b0f9" testId="49ca3465-d7ea-bd3a-eaaa-ff431814ad0b" testName="TestReadWriteNullAsync" computerName="fv-az1279-599" duration="00:00:00.0084513" startTime="2024-12-18T23:43:21.9886341+00:00" endTime="2024-12-18T23:43:21.9979999+00:00" testType="13cdc9d9-ddb5-4fa4-a97d-d965ccfc6d4b" outcome="Passed" testListId="8c84fa94-04c1-424b-9868-57a2d4851a1d" relativeResultsDirectory="59d2aa6a-21d6-4002-ba30-14fdb8b0b0f9" />
    <UnitTestResult executionId="dccfc895-ffe6-42b9-a020-bc0b85f39336" testId="db3773bc-a4f0-9793-530b-e1362c98c7c2" testName="TestReadWriteRows" computerName="fv-az1279-599" duration="00:00:00.0418468" startTime="2024-12-18T23:43:21.9053010+00:00" endTime="2024-12-18T23:43:21.9648070+00:00" testType="13cdc9d9-ddb5-4fa4-a97d-d965ccfc6d4b" outcome="Passed" testListId="8c84fa94-04c1-424b-9868-57a2d4851a1d" relativeResultsDirectory="dccfc895-ffe6-42b9-a020-bc0b85f39336" />
    <UnitTestResult executionId="34f59168-82e9-410f-9ecb-a7f968013c34" testId="a3e5d47c-7029-9bc2-f5af-40bf0ad91a54" testName="TestReadWriteNull" computerName="fv-az1279-599" duration="00:00:00.0069220" startTime="2024-12-18T23:43:21.9815892+00:00" endTime="2024-12-18T23:43:21.9886056+00:00" testType="13cdc9d9-ddb5-4fa4-a97d-d965ccfc6d4b" outcome="Passed" testListId="8c84fa94-04c1-424b-9868-57a2d4851a1d" relativeResultsDirectory="34f59168-82e9-410f-9ecb-a7f968013c34" />
  </Results>
  <TestDefinitions>
    <UnitTest name="TestReadWriteNull" storage="/home/runner/work/dotnet-monorepo/dotnet-monorepo/src/artifacts/bin/databases.tests/release_linux-x64/databases.tests.dll" id="a3e5d47c-7029-9bc2-f5af-40bf0ad91a54">
      <Execution id="34f59168-82e9-410f-9ecb-a7f968013c34" />
      <TestMethod codeBase="/home/runner/work/dotnet-monorepo/dotnet-monorepo/src/artifacts/bin/Databases.Tests/release_linux-x64/Databases.Tests.dll" adapterTypeName="executor://mstestadapter/v2" className="Databases.Tests.SqliteTests" name="TestReadWriteNull" />
    </UnitTest>
    <UnitTest name="TestReadWriteNullAsync" storage="/home/runner/work/dotnet-monorepo/dotnet-monorepo/src/artifacts/bin/databases.tests/release_linux-x64/databases.tests.dll" id="49ca3465-d7ea-bd3a-eaaa-ff431814ad0b">
      <Execution id="59d2aa6a-21d6-4002-ba30-14fdb8b0b0f9" />
      <TestMethod codeBase="/home/runner/work/dotnet-monorepo/dotnet-monorepo/src/artifacts/bin/Databases.Tests/release_linux-x64/Databases.Tests.dll" adapterTypeName="executor://mstestadapter/v2" className="Databases.Tests.SqliteTests" name="TestReadWriteNullAsync" />
    </UnitTest>
    <UnitTest name="TestReadWriteRows" storage="/home/runner/work/dotnet-monorepo/dotnet-monorepo/src/artifacts/bin/databases.tests/release_linux-x64/databases.tests.dll" id="db3773bc-a4f0-9793-530b-e1362c98c7c2">
      <Execution id="dccfc895-ffe6-42b9-a020-bc0b85f39336" />
      <TestMethod codeBase="/home/runner/work/dotnet-monorepo/dotnet-monorepo/src/artifacts/bin/Databases.Tests/release_linux-x64/Databases.Tests.dll" adapterTypeName="executor://mstestadapter/v2" className="Databases.Tests.SqliteTests" name="TestReadWriteRows" />
    </UnitTest>
    <UnitTest name="TestReadWriteRowsAsync" storage="/home/runner/work/dotnet-monorepo/dotnet-monorepo/src/artifacts/bin/databases.tests/release_linux-x64/databases.tests.dll" id="e5b195f2-fca3-ab27-6959-025ab91128f9">
      <Execution id="1681626b-6681-4ab7-9588-85145d2ae211" />
      <TestMethod codeBase="/home/runner/work/dotnet-monorepo/dotnet-monorepo/src/artifacts/bin/Databases.Tests/release_linux-x64/Databases.Tests.dll" adapterTypeName="executor://mstestadapter/v2" className="Databases.Tests.SqliteTests" name="TestReadWriteRowsAsync" />
    </UnitTest>
  </TestDefinitions>
  <TestEntries>
    <TestEntry testId="e5b195f2-fca3-ab27-6959-025ab91128f9" executionId="1681626b-6681-4ab7-9588-85145d2ae211" testListId="8c84fa94-04c1-424b-9868-57a2d4851a1d" />
    <TestEntry testId="49ca3465-d7ea-bd3a-eaaa-ff431814ad0b" executionId="59d2aa6a-21d6-4002-ba30-14fdb8b0b0f9" testListId="8c84fa94-04c1-424b-9868-57a2d4851a1d" />
    <TestEntry testId="db3773bc-a4f0-9793-530b-e1362c98c7c2" executionId="dccfc895-ffe6-42b9-a020-bc0b85f39336" testListId="8c84fa94-04c1-424b-9868-57a2d4851a1d" />
    <TestEntry testId="a3e5d47c-7029-9bc2-f5af-40bf0ad91a54" executionId="34f59168-82e9-410f-9ecb-a7f968013c34" testListId="8c84fa94-04c1-424b-9868-57a2d4851a1d" />
  </TestEntries>
  <TestLists>
    <TestList name="Results Not in a List" id="8c84fa94-04c1-424b-9868-57a2d4851a1d" />
    <TestList name="All Loaded Results" id="19431567-8539-422a-85d7-44ee4e166bda" />
  </TestLists>
  <ResultSummary outcome="Completed">
    <Counters total="4" executed="4" passed="4" failed="0" error="0" timeout="0" aborted="0" inconclusive="0" passedButRunAborted="0" notRunnable="0" notExecuted="0" disconnected="0" warning="0" completed="0" inProgress="0" pending="0" />
  </ResultSummary>
</TestRun>