<?xml version="1.0" encoding="utf-8"?>
<TestRun id="7422ac84-535d-47e9-ac19-20535ddfc77e" name="@pkrvmsl9tci6h6u 2025-08-09 21:05:52" xmlns="http://microsoft.com/schemas/VisualStudio/TeamTest/2010">
  <Times creation="2025-08-09T21:05:52.5902779+00:00" queuing="2025-08-09T21:05:52.5902780+00:00" start="2025-08-09T21:05:51.9193933+00:00" finish="2025-08-09T21:05:52.5969311+00:00" />
  <TestSettings name="default" id="fd502960-2552-4e0d-b11c-1a048b0db2f3">
    <Deployment runDeploymentRoot="_pkrvmsl9tci6h6u_2025-08-09_21_05_52" />
  </TestSettings>
  <Results>
    <UnitTestResult executionId="9ca4638a-d1f9-4999-afbb-aeebb4644a9a" testId="a3e5d47c-7029-9bc2-f5af-40bf0ad91a54" testName="TestReadWriteNull" computerName="pkrvmsl9tci6h6u" duration="00:00:00.0056607" startTime="2025-08-09T21:05:52.4542264+00:00" endTime="2025-08-09T21:05:52.4600313+00:00" testType="13cdc9d9-ddb5-4fa4-a97d-d965ccfc6d4b" outcome="Passed" testListId="8c84fa94-04c1-424b-9868-57a2d4851a1d" relativeResultsDirectory="9ca4638a-d1f9-4999-afbb-aeebb4644a9a" />
    <UnitTestResult executionId="9aac8767-7b16-49d8-a6bf-141a9569d58e" testId="e5b195f2-fca3-ab27-6959-025ab91128f9" testName="TestReadWriteRowsAsync" computerName="pkrvmsl9tci6h6u" duration="00:00:00.0140873" startTime="2025-08-09T21:05:52.4390474+00:00" endTime="2025-08-09T21:05:52.4539044+00:00" testType="13cdc9d9-ddb5-4fa4-a97d-d965ccfc6d4b" outcome="Passed" testListId="8c84fa94-04c1-424b-9868-57a2d4851a1d" relativeResultsDirectory="9aac8767-7b16-49d8-a6bf-141a9569d58e" />
    <UnitTestResult executionId="b3f6818a-21e5-4385-ac21-295e42dd0d80" testId="49ca3465-d7ea-bd3a-eaaa-ff431814ad0b" testName="TestReadWriteNullAsync" computerName="pkrvmsl9tci6h6u" duration="00:00:00.0059907" startTime="2025-08-09T21:05:52.4600840+00:00" endTime="2025-08-09T21:05:52.4670172+00:00" testType="13cdc9d9-ddb5-4fa4-a97d-d965ccfc6d4b" outcome="Passed" testListId="8c84fa94-04c1-424b-9868-57a2d4851a1d" relativeResultsDirectory="b3f6818a-21e5-4385-ac21-295e42dd0d80" />
    <UnitTestResult executionId="3a5a86d7-4d5b-4511-a311-38c0d1a8e826" testId="db3773bc-a4f0-9793-530b-e1362c98c7c2" testName="TestReadWriteRows" computerName="pkrvmsl9tci6h6u" duration="00:00:00.0451075" startTime="2025-08-09T21:05:52.3736512+00:00" endTime="2025-08-09T21:05:52.4348091+00:00" testType="13cdc9d9-ddb5-4fa4-a97d-d965ccfc6d4b" outcome="Passed" testListId="8c84fa94-04c1-424b-9868-57a2d4851a1d" relativeResultsDirectory="3a5a86d7-4d5b-4511-a311-38c0d1a8e826" />
  </Results>
  <TestDefinitions>
    <UnitTest name="TestReadWriteNull" storage="/home/runner/work/dotnet-monorepo/dotnet-monorepo/src/artifacts/bin/databases.tests/release_linux-x64/databases.tests.dll" id="a3e5d47c-7029-9bc2-f5af-40bf0ad91a54">
      <Execution id="9ca4638a-d1f9-4999-afbb-aeebb4644a9a" />
      <TestMethod codeBase="/home/runner/work/dotnet-monorepo/dotnet-monorepo/src/artifacts/bin/Databases.Tests/release_linux-x64/Databases.Tests.dll" adapterTypeName="executor://mstestadapter/v2" className="Databases.Tests.SqliteTests" name="TestReadWriteNull" />
    </UnitTest>
    <UnitTest name="TestReadWriteNullAsync" storage="/home/runner/work/dotnet-monorepo/dotnet-monorepo/src/artifacts/bin/databases.tests/release_linux-x64/databases.tests.dll" id="49ca3465-d7ea-bd3a-eaaa-ff431814ad0b">
      <Execution id="b3f6818a-21e5-4385-ac21-295e42dd0d80" />
      <TestMethod codeBase="/home/runner/work/dotnet-monorepo/dotnet-monorepo/src/artifacts/bin/Databases.Tests/release_linux-x64/Databases.Tests.dll" adapterTypeName="executor://mstestadapter/v2" className="Databases.Tests.SqliteTests" name="TestReadWriteNullAsync" />
    </UnitTest>
    <UnitTest name="TestReadWriteRows" storage="/home/runner/work/dotnet-monorepo/dotnet-monorepo/src/artifacts/bin/databases.tests/release_linux-x64/databases.tests.dll" id="db3773bc-a4f0-9793-530b-e1362c98c7c2">
      <Execution id="3a5a86d7-4d5b-4511-a311-38c0d1a8e826" />
      <TestMethod codeBase="/home/runner/work/dotnet-monorepo/dotnet-monorepo/src/artifacts/bin/Databases.Tests/release_linux-x64/Databases.Tests.dll" adapterTypeName="executor://mstestadapter/v2" className="Databases.Tests.SqliteTests" name="TestReadWriteRows" />
    </UnitTest>
    <UnitTest name="TestReadWriteRowsAsync" storage="/home/runner/work/dotnet-monorepo/dotnet-monorepo/src/artifacts/bin/databases.tests/release_linux-x64/databases.tests.dll" id="e5b195f2-fca3-ab27-6959-025ab91128f9">
      <Execution id="9aac8767-7b16-49d8-a6bf-141a9569d58e" />
      <TestMethod codeBase="/home/runner/work/dotnet-monorepo/dotnet-monorepo/src/artifacts/bin/Databases.Tests/release_linux-x64/Databases.Tests.dll" adapterTypeName="executor://mstestadapter/v2" className="Databases.Tests.SqliteTests" name="TestReadWriteRowsAsync" />
    </UnitTest>
  </TestDefinitions>
  <TestEntries>
    <TestEntry testId="a3e5d47c-7029-9bc2-f5af-40bf0ad91a54" executionId="9ca4638a-d1f9-4999-afbb-aeebb4644a9a" testListId="8c84fa94-04c1-424b-9868-57a2d4851a1d" />
    <TestEntry testId="e5b195f2-fca3-ab27-6959-025ab91128f9" executionId="9aac8767-7b16-49d8-a6bf-141a9569d58e" testListId="8c84fa94-04c1-424b-9868-57a2d4851a1d" />
    <TestEntry testId="49ca3465-d7ea-bd3a-eaaa-ff431814ad0b" executionId="b3f6818a-21e5-4385-ac21-295e42dd0d80" testListId="8c84fa94-04c1-424b-9868-57a2d4851a1d" />
    <TestEntry testId="db3773bc-a4f0-9793-530b-e1362c98c7c2" executionId="3a5a86d7-4d5b-4511-a311-38c0d1a8e826" testListId="8c84fa94-04c1-424b-9868-57a2d4851a1d" />
  </TestEntries>
  <TestLists>
    <TestList name="Results Not in a List" id="8c84fa94-04c1-424b-9868-57a2d4851a1d" />
    <TestList name="All Loaded Results" id="19431567-8539-422a-85d7-44ee4e166bda" />
  </TestLists>
  <ResultSummary outcome="Completed">
    <Counters total="4" executed="4" passed="4" failed="0" error="0" timeout="0" aborted="0" inconclusive="0" passedButRunAborted="0" notRunnable="0" notExecuted="0" disconnected="0" warning="0" completed="0" inProgress="0" pending="0" />
  </ResultSummary>
</TestRun>