<?xml version="1.0" encoding="utf-8"?>
<TestRun id="396a9d7f-3485-482c-8f5d-64d94eda6f69" name="runneradmin@runnervm2oi6d 2025-08-01 23:55:00" runUser="runnervm2oi6d\runneradmin" xmlns="http://microsoft.com/schemas/VisualStudio/TeamTest/2010">
  <Times creation="2025-08-01T23:55:00.5884003+00:00" queuing="2025-08-01T23:55:00.5884007+00:00" start="2025-08-01T23:54:59.7262829+00:00" finish="2025-08-01T23:55:00.5937855+00:00" />
  <TestSettings name="default" id="433d5c34-1764-49b6-b348-35ca0428e681">
    <Deployment runDeploymentRoot="runneradmin_runnervm2oi6d_2025-08-01_23_55_00" />
  </TestSettings>
  <Results>
    <UnitTestResult executionId="5398eb03-fa84-435e-826f-4648ee614a30" testId="e5b195f2-fca3-ab27-6959-025ab91128f9" testName="TestReadWriteRowsAsync" computerName="runnervm2oi6d" duration="00:00:00.0624700" startTime="2025-08-01T23:55:00.3375145+00:00" endTime="2025-08-01T23:55:00.4007165+00:00" testType="13cdc9d9-ddb5-4fa4-a97d-d965ccfc6d4b" outcome="Passed" testListId="8c84fa94-04c1-424b-9868-57a2d4851a1d" relativeResultsDirectory="5398eb03-fa84-435e-826f-4648ee614a30" />
    <UnitTestResult executionId="095512d6-a9f3-4b57-9b0e-acea4e45245f" testId="49ca3465-d7ea-bd3a-eaaa-ff431814ad0b" testName="TestReadWriteNullAsync" computerName="runnervm2oi6d" duration="00:00:00.0369218" startTime="2025-08-01T23:55:00.4356322+00:00" endTime="2025-08-01T23:55:00.4734530+00:00" testType="13cdc9d9-ddb5-4fa4-a97d-d965ccfc6d4b" outcome="Passed" testListId="8c84fa94-04c1-424b-9868-57a2d4851a1d" relativeResultsDirectory="095512d6-a9f3-4b57-9b0e-acea4e45245f" />
    <UnitTestResult executionId="0e8011d2-5fec-4951-afac-3257eb0c6044" testId="a3e5d47c-7029-9bc2-f5af-40bf0ad91a54" testName="TestReadWriteNull" computerName="runnervm2oi6d" duration="00:00:00.0343399" startTime="2025-08-01T23:55:00.4010566+00:00" endTime="2025-08-01T23:55:00.4355630+00:00" testType="13cdc9d9-ddb5-4fa4-a97d-d965ccfc6d4b" outcome="Passed" testListId="8c84fa94-04c1-424b-9868-57a2d4851a1d" relativeResultsDirectory="0e8011d2-5fec-4951-afac-3257eb0c6044" />
    <UnitTestResult executionId="d9ca89c3-c251-479f-92b7-9da6b19b0d09" testId="db3773bc-a4f0-9793-530b-e1362c98c7c2" testName="TestReadWriteRows" computerName="runnervm2oi6d" duration="00:00:00.0992291" startTime="2025-08-01T23:55:00.2179305+00:00" endTime="2025-08-01T23:55:00.3335433+00:00" testType="13cdc9d9-ddb5-4fa4-a97d-d965ccfc6d4b" outcome="Passed" testListId="8c84fa94-04c1-424b-9868-57a2d4851a1d" relativeResultsDirectory="d9ca89c3-c251-479f-92b7-9da6b19b0d09" />
  </Results>
  <TestDefinitions>
    <UnitTest name="TestReadWriteNull" storage="d:\a\dotnet-monorepo\dotnet-monorepo\src\artifacts\bin\databases.tests\release_win-x64\databases.tests.dll" id="a3e5d47c-7029-9bc2-f5af-40bf0ad91a54">
      <Execution id="0e8011d2-5fec-4951-afac-3257eb0c6044" />
      <TestMethod codeBase="D:\a\dotnet-monorepo\dotnet-monorepo\src\artifacts\bin\Databases.Tests\release_win-x64\Databases.Tests.dll" adapterTypeName="executor://mstestadapter/v2" className="Databases.Tests.SqliteTests" name="TestReadWriteNull" />
    </UnitTest>
    <UnitTest name="TestReadWriteNullAsync" storage="d:\a\dotnet-monorepo\dotnet-monorepo\src\artifacts\bin\databases.tests\release_win-x64\databases.tests.dll" id="49ca3465-d7ea-bd3a-eaaa-ff431814ad0b">
      <Execution id="095512d6-a9f3-4b57-9b0e-acea4e45245f" />
      <TestMethod codeBase="D:\a\dotnet-monorepo\dotnet-monorepo\src\artifacts\bin\Databases.Tests\release_win-x64\Databases.Tests.dll" adapterTypeName="executor://mstestadapter/v2" className="Databases.Tests.SqliteTests" name="TestReadWriteNullAsync" />
    </UnitTest>
    <UnitTest name="TestReadWriteRows" storage="d:\a\dotnet-monorepo\dotnet-monorepo\src\artifacts\bin\databases.tests\release_win-x64\databases.tests.dll" id="db3773bc-a4f0-9793-530b-e1362c98c7c2">
      <Execution id="d9ca89c3-c251-479f-92b7-9da6b19b0d09" />
      <TestMethod codeBase="D:\a\dotnet-monorepo\dotnet-monorepo\src\artifacts\bin\Databases.Tests\release_win-x64\Databases.Tests.dll" adapterTypeName="executor://mstestadapter/v2" className="Databases.Tests.SqliteTests" name="TestReadWriteRows" />
    </UnitTest>
    <UnitTest name="TestReadWriteRowsAsync" storage="d:\a\dotnet-monorepo\dotnet-monorepo\src\artifacts\bin\databases.tests\release_win-x64\databases.tests.dll" id="e5b195f2-fca3-ab27-6959-025ab91128f9">
      <Execution id="5398eb03-fa84-435e-826f-4648ee614a30" />
      <TestMethod codeBase="D:\a\dotnet-monorepo\dotnet-monorepo\src\artifacts\bin\Databases.Tests\release_win-x64\Databases.Tests.dll" adapterTypeName="executor://mstestadapter/v2" className="Databases.Tests.SqliteTests" name="TestReadWriteRowsAsync" />
    </UnitTest>
  </TestDefinitions>
  <TestEntries>
    <TestEntry testId="e5b195f2-fca3-ab27-6959-025ab91128f9" executionId="5398eb03-fa84-435e-826f-4648ee614a30" testListId="8c84fa94-04c1-424b-9868-57a2d4851a1d" />
    <TestEntry testId="49ca3465-d7ea-bd3a-eaaa-ff431814ad0b" executionId="095512d6-a9f3-4b57-9b0e-acea4e45245f" testListId="8c84fa94-04c1-424b-9868-57a2d4851a1d" />
    <TestEntry testId="a3e5d47c-7029-9bc2-f5af-40bf0ad91a54" executionId="0e8011d2-5fec-4951-afac-3257eb0c6044" testListId="8c84fa94-04c1-424b-9868-57a2d4851a1d" />
    <TestEntry testId="db3773bc-a4f0-9793-530b-e1362c98c7c2" executionId="d9ca89c3-c251-479f-92b7-9da6b19b0d09" testListId="8c84fa94-04c1-424b-9868-57a2d4851a1d" />
  </TestEntries>
  <TestLists>
    <TestList name="Results Not in a List" id="8c84fa94-04c1-424b-9868-57a2d4851a1d" />
    <TestList name="All Loaded Results" id="19431567-8539-422a-85d7-44ee4e166bda" />
  </TestLists>
  <ResultSummary outcome="Completed">
    <Counters total="4" executed="4" passed="4" failed="0" error="0" timeout="0" aborted="0" inconclusive="0" passedButRunAborted="0" notRunnable="0" notExecuted="0" disconnected="0" warning="0" completed="0" inProgress="0" pending="0" />
  </ResultSummary>
</TestRun>