<?xml version="1.0" encoding="utf-8"?>
<TestRun id="5a7acb56-17bc-4cd3-a188-4dc9902c97f3" name="@pkrvmjbmru5nbw0 2025-08-01 23:53:00" xmlns="http://microsoft.com/schemas/VisualStudio/TeamTest/2010">
  <Times creation="2025-08-01T23:53:00.4708716+00:00" queuing="2025-08-01T23:53:00.4708716+00:00" start="2025-08-01T23:52:59.8480549+00:00" finish="2025-08-01T23:53:00.4763793+00:00" />
  <TestSettings name="default" id="0f441bc5-4144-4193-ac98-bd6b02dd80b6">
    <Deployment runDeploymentRoot="_pkrvmjbmru5nbw0_2025-08-01_23_53_00" />
  </TestSettings>
  <Results>
    <UnitTestResult executionId="cc441242-4a20-4355-b8ff-fdcbee39fd7b" testId="49ca3465-d7ea-bd3a-eaaa-ff431814ad0b" testName="TestReadWriteNullAsync" computerName="pkrvmjbmru5nbw0" duration="00:00:00.0047989" startTime="2025-08-01T23:53:00.3465286+00:00" endTime="2025-08-01T23:53:00.3521598+00:00" testType="13cdc9d9-ddb5-4fa4-a97d-d965ccfc6d4b" outcome="Passed" testListId="8c84fa94-04c1-424b-9868-57a2d4851a1d" relativeResultsDirectory="cc441242-4a20-4355-b8ff-fdcbee39fd7b" />
    <UnitTestResult executionId="0813693f-e0fe-4990-b13a-ea2c0223e547" testId="a3e5d47c-7029-9bc2-f5af-40bf0ad91a54" testName="TestReadWriteNull" computerName="pkrvmjbmru5nbw0" duration="00:00:00.0040021" startTime="2025-08-01T23:53:00.3423828+00:00" endTime="2025-08-01T23:53:00.3464970+00:00" testType="13cdc9d9-ddb5-4fa4-a97d-d965ccfc6d4b" outcome="Passed" testListId="8c84fa94-04c1-424b-9868-57a2d4851a1d" relativeResultsDirectory="0813693f-e0fe-4990-b13a-ea2c0223e547" />
    <UnitTestResult executionId="9afdeadf-24db-4cab-b316-748b0c871864" testId="db3773bc-a4f0-9793-530b-e1362c98c7c2" testName="TestReadWriteRows" computerName="pkrvmjbmru5nbw0" duration="00:00:00.0403325" startTime="2025-08-01T23:53:00.2725764+00:00" endTime="2025-08-01T23:53:00.3281818+00:00" testType="13cdc9d9-ddb5-4fa4-a97d-d965ccfc6d4b" outcome="Passed" testListId="8c84fa94-04c1-424b-9868-57a2d4851a1d" relativeResultsDirectory="9afdeadf-24db-4cab-b316-748b0c871864" />
    <UnitTestResult executionId="bb0cfa57-051e-433e-8a02-b6c1bd03a64b" testId="e5b195f2-fca3-ab27-6959-025ab91128f9" testName="TestReadWriteRowsAsync" computerName="pkrvmjbmru5nbw0" duration="00:00:00.0093421" startTime="2025-08-01T23:53:00.3321628+00:00" endTime="2025-08-01T23:53:00.3421331+00:00" testType="13cdc9d9-ddb5-4fa4-a97d-d965ccfc6d4b" outcome="Passed" testListId="8c84fa94-04c1-424b-9868-57a2d4851a1d" relativeResultsDirectory="bb0cfa57-051e-433e-8a02-b6c1bd03a64b" />
  </Results>
  <TestDefinitions>
    <UnitTest name="TestReadWriteNull" storage="/home/runner/work/dotnet-monorepo/dotnet-monorepo/src/artifacts/bin/databases.tests/release_linux-x64/databases.tests.dll" id="a3e5d47c-7029-9bc2-f5af-40bf0ad91a54">
      <Execution id="0813693f-e0fe-4990-b13a-ea2c0223e547" />
      <TestMethod codeBase="/home/runner/work/dotnet-monorepo/dotnet-monorepo/src/artifacts/bin/Databases.Tests/release_linux-x64/Databases.Tests.dll" adapterTypeName="executor://mstestadapter/v2" className="Databases.Tests.SqliteTests" name="TestReadWriteNull" />
    </UnitTest>
    <UnitTest name="TestReadWriteNullAsync" storage="/home/runner/work/dotnet-monorepo/dotnet-monorepo/src/artifacts/bin/databases.tests/release_linux-x64/databases.tests.dll" id="49ca3465-d7ea-bd3a-eaaa-ff431814ad0b">
      <Execution id="cc441242-4a20-4355-b8ff-fdcbee39fd7b" />
      <TestMethod codeBase="/home/runner/work/dotnet-monorepo/dotnet-monorepo/src/artifacts/bin/Databases.Tests/release_linux-x64/Databases.Tests.dll" adapterTypeName="executor://mstestadapter/v2" className="Databases.Tests.SqliteTests" name="TestReadWriteNullAsync" />
    </UnitTest>
    <UnitTest name="TestReadWriteRows" storage="/home/runner/work/dotnet-monorepo/dotnet-monorepo/src/artifacts/bin/databases.tests/release_linux-x64/databases.tests.dll" id="db3773bc-a4f0-9793-530b-e1362c98c7c2">
      <Execution id="9afdeadf-24db-4cab-b316-748b0c871864" />
      <TestMethod codeBase="/home/runner/work/dotnet-monorepo/dotnet-monorepo/src/artifacts/bin/Databases.Tests/release_linux-x64/Databases.Tests.dll" adapterTypeName="executor://mstestadapter/v2" className="Databases.Tests.SqliteTests" name="TestReadWriteRows" />
    </UnitTest>
    <UnitTest name="TestReadWriteRowsAsync" storage="/home/runner/work/dotnet-monorepo/dotnet-monorepo/src/artifacts/bin/databases.tests/release_linux-x64/databases.tests.dll" id="e5b195f2-fca3-ab27-6959-025ab91128f9">
      <Execution id="bb0cfa57-051e-433e-8a02-b6c1bd03a64b" />
      <TestMethod codeBase="/home/runner/work/dotnet-monorepo/dotnet-monorepo/src/artifacts/bin/Databases.Tests/release_linux-x64/Databases.Tests.dll" adapterTypeName="executor://mstestadapter/v2" className="Databases.Tests.SqliteTests" name="TestReadWriteRowsAsync" />
    </UnitTest>
  </TestDefinitions>
  <TestEntries>
    <TestEntry testId="49ca3465-d7ea-bd3a-eaaa-ff431814ad0b" executionId="cc441242-4a20-4355-b8ff-fdcbee39fd7b" testListId="8c84fa94-04c1-424b-9868-57a2d4851a1d" />
    <TestEntry testId="a3e5d47c-7029-9bc2-f5af-40bf0ad91a54" executionId="0813693f-e0fe-4990-b13a-ea2c0223e547" testListId="8c84fa94-04c1-424b-9868-57a2d4851a1d" />
    <TestEntry testId="db3773bc-a4f0-9793-530b-e1362c98c7c2" executionId="9afdeadf-24db-4cab-b316-748b0c871864" testListId="8c84fa94-04c1-424b-9868-57a2d4851a1d" />
    <TestEntry testId="e5b195f2-fca3-ab27-6959-025ab91128f9" executionId="bb0cfa57-051e-433e-8a02-b6c1bd03a64b" testListId="8c84fa94-04c1-424b-9868-57a2d4851a1d" />
  </TestEntries>
  <TestLists>
    <TestList name="Results Not in a List" id="8c84fa94-04c1-424b-9868-57a2d4851a1d" />
    <TestList name="All Loaded Results" id="19431567-8539-422a-85d7-44ee4e166bda" />
  </TestLists>
  <ResultSummary outcome="Completed">
    <Counters total="4" executed="4" passed="4" failed="0" error="0" timeout="0" aborted="0" inconclusive="0" passedButRunAborted="0" notRunnable="0" notExecuted="0" disconnected="0" warning="0" completed="0" inProgress="0" pending="0" />
  </ResultSummary>
</TestRun>