<?xml version="1.0" encoding="utf-8"?>
<TestRun id="688de729-d206-4b48-8fc5-41e31fd99d23" name="@fv-az1022-499 2024-12-11 02:11:34" xmlns="http://microsoft.com/schemas/VisualStudio/TeamTest/2010">
  <Times creation="2024-12-11T02:11:34.6643212+00:00" queuing="2024-12-11T02:11:34.6643213+00:00" start="2024-12-11T02:11:34.0521658+00:00" finish="2024-12-11T02:11:34.6696692+00:00" />
  <TestSettings name="default" id="b8986059-b710-43e8-b7a6-565b7ce72ae0">
    <Deployment runDeploymentRoot="_fv-az1022-499_2024-12-11_02_11_34" />
  </TestSettings>
  <Results>
    <UnitTestResult executionId="25bf27d7-1ca6-4c78-85b5-36e1119d0ee5" testId="db3773bc-a4f0-9793-530b-e1362c98c7c2" testName="TestReadWriteRows" computerName="fv-az1022-499" duration="00:00:00.0377388" startTime="2024-12-11T02:11:34.4679650+00:00" endTime="2024-12-11T02:11:34.5227858+00:00" testType="13cdc9d9-ddb5-4fa4-a97d-d965ccfc6d4b" outcome="Passed" testListId="8c84fa94-04c1-424b-9868-57a2d4851a1d" relativeResultsDirectory="25bf27d7-1ca6-4c78-85b5-36e1119d0ee5" />
    <UnitTestResult executionId="ebd5bac9-cdba-45e8-bd83-1eea9e441811" testId="a3e5d47c-7029-9bc2-f5af-40bf0ad91a54" testName="TestReadWriteNull" computerName="fv-az1022-499" duration="00:00:00.0039907" startTime="2024-12-11T02:11:34.5363270+00:00" endTime="2024-12-11T02:11:34.5403980+00:00" testType="13cdc9d9-ddb5-4fa4-a97d-d965ccfc6d4b" outcome="Passed" testListId="8c84fa94-04c1-424b-9868-57a2d4851a1d" relativeResultsDirectory="ebd5bac9-cdba-45e8-bd83-1eea9e441811" />
    <UnitTestResult executionId="ccb2ece9-e06f-4720-aab7-f89501de708e" testId="e5b195f2-fca3-ab27-6959-025ab91128f9" testName="TestReadWriteRowsAsync" computerName="fv-az1022-499" duration="00:00:00.0091102" startTime="2024-12-11T02:11:34.5267742+00:00" endTime="2024-12-11T02:11:34.5360319+00:00" testType="13cdc9d9-ddb5-4fa4-a97d-d965ccfc6d4b" outcome="Passed" testListId="8c84fa94-04c1-424b-9868-57a2d4851a1d" relativeResultsDirectory="ccb2ece9-e06f-4720-aab7-f89501de708e" />
    <UnitTestResult executionId="ba8ff4ae-b545-4ea6-bd18-9d03673eedc8" testId="49ca3465-d7ea-bd3a-eaaa-ff431814ad0b" testName="TestReadWriteNullAsync" computerName="fv-az1022-499" duration="00:00:00.0048044" startTime="2024-12-11T02:11:34.5404259+00:00" endTime="2024-12-11T02:11:34.5461460+00:00" testType="13cdc9d9-ddb5-4fa4-a97d-d965ccfc6d4b" outcome="Passed" testListId="8c84fa94-04c1-424b-9868-57a2d4851a1d" relativeResultsDirectory="ba8ff4ae-b545-4ea6-bd18-9d03673eedc8" />
  </Results>
  <TestDefinitions>
    <UnitTest name="TestReadWriteNull" storage="/home/runner/work/dotnet-monorepo/dotnet-monorepo/src/artifacts/bin/databases.tests/release_linux-x64/databases.tests.dll" id="a3e5d47c-7029-9bc2-f5af-40bf0ad91a54">
      <Execution id="ebd5bac9-cdba-45e8-bd83-1eea9e441811" />
      <TestMethod codeBase="/home/runner/work/dotnet-monorepo/dotnet-monorepo/src/artifacts/bin/Databases.Tests/release_linux-x64/Databases.Tests.dll" adapterTypeName="executor://mstestadapter/v2" className="Databases.Tests.SqliteTests" name="TestReadWriteNull" />
    </UnitTest>
    <UnitTest name="TestReadWriteNullAsync" storage="/home/runner/work/dotnet-monorepo/dotnet-monorepo/src/artifacts/bin/databases.tests/release_linux-x64/databases.tests.dll" id="49ca3465-d7ea-bd3a-eaaa-ff431814ad0b">
      <Execution id="ba8ff4ae-b545-4ea6-bd18-9d03673eedc8" />
      <TestMethod codeBase="/home/runner/work/dotnet-monorepo/dotnet-monorepo/src/artifacts/bin/Databases.Tests/release_linux-x64/Databases.Tests.dll" adapterTypeName="executor://mstestadapter/v2" className="Databases.Tests.SqliteTests" name="TestReadWriteNullAsync" />
    </UnitTest>
    <UnitTest name="TestReadWriteRows" storage="/home/runner/work/dotnet-monorepo/dotnet-monorepo/src/artifacts/bin/databases.tests/release_linux-x64/databases.tests.dll" id="db3773bc-a4f0-9793-530b-e1362c98c7c2">
      <Execution id="25bf27d7-1ca6-4c78-85b5-36e1119d0ee5" />
      <TestMethod codeBase="/home/runner/work/dotnet-monorepo/dotnet-monorepo/src/artifacts/bin/Databases.Tests/release_linux-x64/Databases.Tests.dll" adapterTypeName="executor://mstestadapter/v2" className="Databases.Tests.SqliteTests" name="TestReadWriteRows" />
    </UnitTest>
    <UnitTest name="TestReadWriteRowsAsync" storage="/home/runner/work/dotnet-monorepo/dotnet-monorepo/src/artifacts/bin/databases.tests/release_linux-x64/databases.tests.dll" id="e5b195f2-fca3-ab27-6959-025ab91128f9">
      <Execution id="ccb2ece9-e06f-4720-aab7-f89501de708e" />
      <TestMethod codeBase="/home/runner/work/dotnet-monorepo/dotnet-monorepo/src/artifacts/bin/Databases.Tests/release_linux-x64/Databases.Tests.dll" adapterTypeName="executor://mstestadapter/v2" className="Databases.Tests.SqliteTests" name="TestReadWriteRowsAsync" />
    </UnitTest>
  </TestDefinitions>
  <TestEntries>
    <TestEntry testId="db3773bc-a4f0-9793-530b-e1362c98c7c2" executionId="25bf27d7-1ca6-4c78-85b5-36e1119d0ee5" testListId="8c84fa94-04c1-424b-9868-57a2d4851a1d" />
    <TestEntry testId="a3e5d47c-7029-9bc2-f5af-40bf0ad91a54" executionId="ebd5bac9-cdba-45e8-bd83-1eea9e441811" testListId="8c84fa94-04c1-424b-9868-57a2d4851a1d" />
    <TestEntry testId="e5b195f2-fca3-ab27-6959-025ab91128f9" executionId="ccb2ece9-e06f-4720-aab7-f89501de708e" testListId="8c84fa94-04c1-424b-9868-57a2d4851a1d" />
    <TestEntry testId="49ca3465-d7ea-bd3a-eaaa-ff431814ad0b" executionId="ba8ff4ae-b545-4ea6-bd18-9d03673eedc8" testListId="8c84fa94-04c1-424b-9868-57a2d4851a1d" />
  </TestEntries>
  <TestLists>
    <TestList name="Results Not in a List" id="8c84fa94-04c1-424b-9868-57a2d4851a1d" />
    <TestList name="All Loaded Results" id="19431567-8539-422a-85d7-44ee4e166bda" />
  </TestLists>
  <ResultSummary outcome="Completed">
    <Counters total="4" executed="4" passed="4" failed="0" error="0" timeout="0" aborted="0" inconclusive="0" passedButRunAborted="0" notRunnable="0" notExecuted="0" disconnected="0" warning="0" completed="0" inProgress="0" pending="0" />
  </ResultSummary>
</TestRun>