<?xml version="1.0" encoding="utf-8"?>
<TestRun id="bcf56339-c12d-431a-863d-b45862cf2ae2" name="runneradmin@fv-az1564-707 2024-02-25 02:08:51" runUser="fv-az1564-707\runneradmin" xmlns="http://microsoft.com/schemas/VisualStudio/TeamTest/2010">
  <Times creation="2024-02-25T02:08:51.7148745+00:00" queuing="2024-02-25T02:08:51.7148747+00:00" start="2024-02-25T02:08:51.0700992+00:00" finish="2024-02-25T02:08:51.7196336+00:00" />
  <TestSettings name="default" id="60787e05-7e1b-4cf1-ad58-421fac1078cf">
    <Deployment runDeploymentRoot="runneradmin_fv-az1564-707_2024-02-25_02_08_51" />
  </TestSettings>
  <Results>
    <UnitTestResult executionId="764c4eed-96f7-447a-9974-738d3c128584" testId="e5b195f2-fca3-ab27-6959-025ab91128f9" testName="TestReadWriteRowsAsync" computerName="fv-az1564-707" duration="00:00:00.0341752" startTime="2024-02-25T02:08:51.5653075+00:00" endTime="2024-02-25T02:08:51.6004547+00:00" testType="13cdc9d9-ddb5-4fa4-a97d-d965ccfc6d4b" outcome="Passed" testListId="8c84fa94-04c1-424b-9868-57a2d4851a1d" relativeResultsDirectory="764c4eed-96f7-447a-9974-738d3c128584" />
    <UnitTestResult executionId="ebe7eb32-825d-41ec-950b-8cb9a500c34d" testId="db3773bc-a4f0-9793-530b-e1362c98c7c2" testName="TestReadWriteRows" computerName="fv-az1564-707" duration="00:00:00.0642970" startTime="2024-02-25T02:08:51.4870381+00:00" endTime="2024-02-25T02:08:51.5615208+00:00" testType="13cdc9d9-ddb5-4fa4-a97d-d965ccfc6d4b" outcome="Passed" testListId="8c84fa94-04c1-424b-9868-57a2d4851a1d" relativeResultsDirectory="ebe7eb32-825d-41ec-950b-8cb9a500c34d" />
  </Results>
  <TestDefinitions>
    <UnitTest name="TestReadWriteRows" storage="d:\a\dotnet-monorepo\dotnet-monorepo\src\artifacts\bin\databases.tests\release_win-x64\databases.tests.dll" id="db3773bc-a4f0-9793-530b-e1362c98c7c2">
      <Execution id="ebe7eb32-825d-41ec-950b-8cb9a500c34d" />
      <TestMethod codeBase="D:\a\dotnet-monorepo\dotnet-monorepo\src\artifacts\bin\Databases.Tests\release_win-x64\Databases.Tests.dll" adapterTypeName="executor://mstestadapter/v2" className="Databases.Tests.SqliteTests" name="TestReadWriteRows" />
    </UnitTest>
    <UnitTest name="TestReadWriteRowsAsync" storage="d:\a\dotnet-monorepo\dotnet-monorepo\src\artifacts\bin\databases.tests\release_win-x64\databases.tests.dll" id="e5b195f2-fca3-ab27-6959-025ab91128f9">
      <Execution id="764c4eed-96f7-447a-9974-738d3c128584" />
      <TestMethod codeBase="D:\a\dotnet-monorepo\dotnet-monorepo\src\artifacts\bin\Databases.Tests\release_win-x64\Databases.Tests.dll" adapterTypeName="executor://mstestadapter/v2" className="Databases.Tests.SqliteTests" name="TestReadWriteRowsAsync" />
    </UnitTest>
  </TestDefinitions>
  <TestEntries>
    <TestEntry testId="e5b195f2-fca3-ab27-6959-025ab91128f9" executionId="764c4eed-96f7-447a-9974-738d3c128584" testListId="8c84fa94-04c1-424b-9868-57a2d4851a1d" />
    <TestEntry testId="db3773bc-a4f0-9793-530b-e1362c98c7c2" executionId="ebe7eb32-825d-41ec-950b-8cb9a500c34d" testListId="8c84fa94-04c1-424b-9868-57a2d4851a1d" />
  </TestEntries>
  <TestLists>
    <TestList name="Results Not in a List" id="8c84fa94-04c1-424b-9868-57a2d4851a1d" />
    <TestList name="All Loaded Results" id="19431567-8539-422a-85d7-44ee4e166bda" />
  </TestLists>
  <ResultSummary outcome="Completed">
    <Counters total="2" executed="2" passed="2" failed="0" error="0" timeout="0" aborted="0" inconclusive="0" passedButRunAborted="0" notRunnable="0" notExecuted="0" disconnected="0" warning="0" completed="0" inProgress="0" pending="0" />
  </ResultSummary>
</TestRun>