<?xml version="1.0" encoding="utf-8"?>
<TestRun id="417470f9-f61a-4555-83d5-54fbe04953d1" name="@pkrvmsl9tci6h6u 2025-08-14 21:56:24" xmlns="http://microsoft.com/schemas/VisualStudio/TeamTest/2010">
  <Times creation="2025-08-14T21:56:24.4563515+00:00" queuing="2025-08-14T21:56:24.4563516+00:00" start="2025-08-14T21:56:23.8466068+00:00" finish="2025-08-14T21:56:24.4615407+00:00" />
  <TestSettings name="default" id="7c9408ba-3dec-4610-9719-f0a75896d0f5">
    <Deployment runDeploymentRoot="_pkrvmsl9tci6h6u_2025-08-14_21_56_24" />
  </TestSettings>
  <Results>
    <UnitTestResult executionId="accdfdd7-b4fe-4f2c-a1fa-86a5b7e26153" testId="a3e5d47c-7029-9bc2-f5af-40bf0ad91a54" testName="TestReadWriteNull" computerName="pkrvmsl9tci6h6u" duration="00:00:00.0053636" startTime="2025-08-14T21:56:24.3306358+00:00" endTime="2025-08-14T21:56:24.3360629+00:00" testType="13cdc9d9-ddb5-4fa4-a97d-d965ccfc6d4b" outcome="Passed" testListId="8c84fa94-04c1-424b-9868-57a2d4851a1d" relativeResultsDirectory="accdfdd7-b4fe-4f2c-a1fa-86a5b7e26153" />
    <UnitTestResult executionId="495c8e51-66c5-4b63-81d1-5de19ab1a74d" testId="db3773bc-a4f0-9793-530b-e1362c98c7c2" testName="TestReadWriteRows" computerName="pkrvmsl9tci6h6u" duration="00:00:00.0421082" startTime="2025-08-14T21:56:24.2589685+00:00" endTime="2025-08-14T21:56:24.3157069+00:00" testType="13cdc9d9-ddb5-4fa4-a97d-d965ccfc6d4b" outcome="Passed" testListId="8c84fa94-04c1-424b-9868-57a2d4851a1d" relativeResultsDirectory="495c8e51-66c5-4b63-81d1-5de19ab1a74d" />
    <UnitTestResult executionId="38392c1a-a2fe-4bac-8033-c0b1f85d5b30" testId="e5b195f2-fca3-ab27-6959-025ab91128f9" testName="TestReadWriteRowsAsync" computerName="pkrvmsl9tci6h6u" duration="00:00:00.0102471" startTime="2025-08-14T21:56:24.3195403+00:00" endTime="2025-08-14T21:56:24.3303637+00:00" testType="13cdc9d9-ddb5-4fa4-a97d-d965ccfc6d4b" outcome="Passed" testListId="8c84fa94-04c1-424b-9868-57a2d4851a1d" relativeResultsDirectory="38392c1a-a2fe-4bac-8033-c0b1f85d5b30" />
    <UnitTestResult executionId="0394d090-eaa7-4fb8-905c-526c7baef687" testId="49ca3465-d7ea-bd3a-eaaa-ff431814ad0b" testName="TestReadWriteNullAsync" computerName="pkrvmsl9tci6h6u" duration="00:00:00.0061312" startTime="2025-08-14T21:56:24.3360974+00:00" endTime="2025-08-14T21:56:24.3434610+00:00" testType="13cdc9d9-ddb5-4fa4-a97d-d965ccfc6d4b" outcome="Passed" testListId="8c84fa94-04c1-424b-9868-57a2d4851a1d" relativeResultsDirectory="0394d090-eaa7-4fb8-905c-526c7baef687" />
  </Results>
  <TestDefinitions>
    <UnitTest name="TestReadWriteNull" storage="/home/runner/work/dotnet-monorepo/dotnet-monorepo/src/artifacts/bin/databases.tests/release_linux-x64/databases.tests.dll" id="a3e5d47c-7029-9bc2-f5af-40bf0ad91a54">
      <Execution id="accdfdd7-b4fe-4f2c-a1fa-86a5b7e26153" />
      <TestMethod codeBase="/home/runner/work/dotnet-monorepo/dotnet-monorepo/src/artifacts/bin/Databases.Tests/release_linux-x64/Databases.Tests.dll" adapterTypeName="executor://mstestadapter/v2" className="Databases.Tests.SqliteTests" name="TestReadWriteNull" />
    </UnitTest>
    <UnitTest name="TestReadWriteNullAsync" storage="/home/runner/work/dotnet-monorepo/dotnet-monorepo/src/artifacts/bin/databases.tests/release_linux-x64/databases.tests.dll" id="49ca3465-d7ea-bd3a-eaaa-ff431814ad0b">
      <Execution id="0394d090-eaa7-4fb8-905c-526c7baef687" />
      <TestMethod codeBase="/home/runner/work/dotnet-monorepo/dotnet-monorepo/src/artifacts/bin/Databases.Tests/release_linux-x64/Databases.Tests.dll" adapterTypeName="executor://mstestadapter/v2" className="Databases.Tests.SqliteTests" name="TestReadWriteNullAsync" />
    </UnitTest>
    <UnitTest name="TestReadWriteRows" storage="/home/runner/work/dotnet-monorepo/dotnet-monorepo/src/artifacts/bin/databases.tests/release_linux-x64/databases.tests.dll" id="db3773bc-a4f0-9793-530b-e1362c98c7c2">
      <Execution id="495c8e51-66c5-4b63-81d1-5de19ab1a74d" />
      <TestMethod codeBase="/home/runner/work/dotnet-monorepo/dotnet-monorepo/src/artifacts/bin/Databases.Tests/release_linux-x64/Databases.Tests.dll" adapterTypeName="executor://mstestadapter/v2" className="Databases.Tests.SqliteTests" name="TestReadWriteRows" />
    </UnitTest>
    <UnitTest name="TestReadWriteRowsAsync" storage="/home/runner/work/dotnet-monorepo/dotnet-monorepo/src/artifacts/bin/databases.tests/release_linux-x64/databases.tests.dll" id="e5b195f2-fca3-ab27-6959-025ab91128f9">
      <Execution id="38392c1a-a2fe-4bac-8033-c0b1f85d5b30" />
      <TestMethod codeBase="/home/runner/work/dotnet-monorepo/dotnet-monorepo/src/artifacts/bin/Databases.Tests/release_linux-x64/Databases.Tests.dll" adapterTypeName="executor://mstestadapter/v2" className="Databases.Tests.SqliteTests" name="TestReadWriteRowsAsync" />
    </UnitTest>
  </TestDefinitions>
  <TestEntries>
    <TestEntry testId="a3e5d47c-7029-9bc2-f5af-40bf0ad91a54" executionId="accdfdd7-b4fe-4f2c-a1fa-86a5b7e26153" testListId="8c84fa94-04c1-424b-9868-57a2d4851a1d" />
    <TestEntry testId="db3773bc-a4f0-9793-530b-e1362c98c7c2" executionId="495c8e51-66c5-4b63-81d1-5de19ab1a74d" testListId="8c84fa94-04c1-424b-9868-57a2d4851a1d" />
    <TestEntry testId="e5b195f2-fca3-ab27-6959-025ab91128f9" executionId="38392c1a-a2fe-4bac-8033-c0b1f85d5b30" testListId="8c84fa94-04c1-424b-9868-57a2d4851a1d" />
    <TestEntry testId="49ca3465-d7ea-bd3a-eaaa-ff431814ad0b" executionId="0394d090-eaa7-4fb8-905c-526c7baef687" testListId="8c84fa94-04c1-424b-9868-57a2d4851a1d" />
  </TestEntries>
  <TestLists>
    <TestList name="Results Not in a List" id="8c84fa94-04c1-424b-9868-57a2d4851a1d" />
    <TestList name="All Loaded Results" id="19431567-8539-422a-85d7-44ee4e166bda" />
  </TestLists>
  <ResultSummary outcome="Completed">
    <Counters total="4" executed="4" passed="4" failed="0" error="0" timeout="0" aborted="0" inconclusive="0" passedButRunAborted="0" notRunnable="0" notExecuted="0" disconnected="0" warning="0" completed="0" inProgress="0" pending="0" />
  </ResultSummary>
</TestRun>