<?xml version="1.0" encoding="utf-8"?>
<TestRun id="aae4b8b2-fd31-47c9-9162-b447c9490494" name="@fv-az1535-687 2024-06-25 23:11:17" xmlns="http://microsoft.com/schemas/VisualStudio/TeamTest/2010">
  <Times creation="2024-06-25T23:11:17.3085701+00:00" queuing="2024-06-25T23:11:17.3085702+00:00" start="2024-06-25T23:11:16.6545379+00:00" finish="2024-06-25T23:11:17.3146404+00:00" />
  <TestSettings name="default" id="04cc8643-e2d6-4c83-af94-30c0a13deaeb">
    <Deployment runDeploymentRoot="_fv-az1535-687_2024-06-25_23_11_17" />
  </TestSettings>
  <Results>
    <UnitTestResult executionId="35d42129-d3ee-41f3-9785-7766ce8c3326" testId="db3773bc-a4f0-9793-530b-e1362c98c7c2" testName="TestReadWriteRows" computerName="fv-az1535-687" duration="00:00:00.0382284" startTime="2024-06-25T23:11:17.1169901+00:00" endTime="2024-06-25T23:11:17.1659251+00:00" testType="13cdc9d9-ddb5-4fa4-a97d-d965ccfc6d4b" outcome="Passed" testListId="8c84fa94-04c1-424b-9868-57a2d4851a1d" relativeResultsDirectory="35d42129-d3ee-41f3-9785-7766ce8c3326" />
    <UnitTestResult executionId="18238e10-0bf3-41a0-b74f-161e28334bc9" testId="e5b195f2-fca3-ab27-6959-025ab91128f9" testName="TestReadWriteRowsAsync" computerName="fv-az1535-687" duration="00:00:00.0088883" startTime="2024-06-25T23:11:17.1701404+00:00" endTime="2024-06-25T23:11:17.1801881+00:00" testType="13cdc9d9-ddb5-4fa4-a97d-d965ccfc6d4b" outcome="Passed" testListId="8c84fa94-04c1-424b-9868-57a2d4851a1d" relativeResultsDirectory="18238e10-0bf3-41a0-b74f-161e28334bc9" />
  </Results>
  <TestDefinitions>
    <UnitTest name="TestReadWriteRows" storage="/home/runner/work/dotnet-monorepo/dotnet-monorepo/src/artifacts/bin/databases.tests/release_linux-x64/databases.tests.dll" id="db3773bc-a4f0-9793-530b-e1362c98c7c2">
      <Execution id="35d42129-d3ee-41f3-9785-7766ce8c3326" />
      <TestMethod codeBase="/home/runner/work/dotnet-monorepo/dotnet-monorepo/src/artifacts/bin/Databases.Tests/release_linux-x64/Databases.Tests.dll" adapterTypeName="executor://mstestadapter/v2" className="Databases.Tests.SqliteTests" name="TestReadWriteRows" />
    </UnitTest>
    <UnitTest name="TestReadWriteRowsAsync" storage="/home/runner/work/dotnet-monorepo/dotnet-monorepo/src/artifacts/bin/databases.tests/release_linux-x64/databases.tests.dll" id="e5b195f2-fca3-ab27-6959-025ab91128f9">
      <Execution id="18238e10-0bf3-41a0-b74f-161e28334bc9" />
      <TestMethod codeBase="/home/runner/work/dotnet-monorepo/dotnet-monorepo/src/artifacts/bin/Databases.Tests/release_linux-x64/Databases.Tests.dll" adapterTypeName="executor://mstestadapter/v2" className="Databases.Tests.SqliteTests" name="TestReadWriteRowsAsync" />
    </UnitTest>
  </TestDefinitions>
  <TestEntries>
    <TestEntry testId="db3773bc-a4f0-9793-530b-e1362c98c7c2" executionId="35d42129-d3ee-41f3-9785-7766ce8c3326" testListId="8c84fa94-04c1-424b-9868-57a2d4851a1d" />
    <TestEntry testId="e5b195f2-fca3-ab27-6959-025ab91128f9" executionId="18238e10-0bf3-41a0-b74f-161e28334bc9" testListId="8c84fa94-04c1-424b-9868-57a2d4851a1d" />
  </TestEntries>
  <TestLists>
    <TestList name="Results Not in a List" id="8c84fa94-04c1-424b-9868-57a2d4851a1d" />
    <TestList name="All Loaded Results" id="19431567-8539-422a-85d7-44ee4e166bda" />
  </TestLists>
  <ResultSummary outcome="Completed">
    <Counters total="2" executed="2" passed="2" failed="0" error="0" timeout="0" aborted="0" inconclusive="0" passedButRunAborted="0" notRunnable="0" notExecuted="0" disconnected="0" warning="0" completed="0" inProgress="0" pending="0" />
  </ResultSummary>
</TestRun>