<?xml version="1.0" encoding="utf-8"?>
<TestRun id="ef4b5bc3-23ba-44f8-9b04-b2520162407d" name="runneradmin@fv-az1760-961 2025-03-06 03:26:55" runUser="fv-az1760-961\runneradmin" xmlns="http://microsoft.com/schemas/VisualStudio/TeamTest/2010">
  <Times creation="2025-03-06T03:26:55.3262772+00:00" queuing="2025-03-06T03:26:55.3262773+00:00" start="2025-03-06T03:26:54.5082362+00:00" finish="2025-03-06T03:26:55.3313643+00:00" />
  <TestSettings name="default" id="4f40a3ea-20f3-4ed5-bcf1-69e4cb2aaa9c">
    <Deployment runDeploymentRoot="runneradmin_fv-az1760-961_2025-03-06_03_26_55" />
  </TestSettings>
  <Results>
    <UnitTestResult executionId="1da65143-acac-428f-bea9-36838300141a" testId="e5b195f2-fca3-ab27-6959-025ab91128f9" testName="TestReadWriteRowsAsync" computerName="fv-az1760-961" duration="00:00:00.0521007" startTime="2025-03-06T03:26:55.0891167+00:00" endTime="2025-03-06T03:26:55.1415386+00:00" testType="13cdc9d9-ddb5-4fa4-a97d-d965ccfc6d4b" outcome="Passed" testListId="8c84fa94-04c1-424b-9868-57a2d4851a1d" relativeResultsDirectory="1da65143-acac-428f-bea9-36838300141a" />
    <UnitTestResult executionId="2e652d68-cbf6-429c-83c9-a891e0573331" testId="49ca3465-d7ea-bd3a-eaaa-ff431814ad0b" testName="TestReadWriteNullAsync" computerName="fv-az1760-961" duration="00:00:00.0369944" startTime="2025-03-06T03:26:55.1821054+00:00" endTime="2025-03-06T03:26:55.2199406+00:00" testType="13cdc9d9-ddb5-4fa4-a97d-d965ccfc6d4b" outcome="Passed" testListId="8c84fa94-04c1-424b-9868-57a2d4851a1d" relativeResultsDirectory="2e652d68-cbf6-429c-83c9-a891e0573331" />
    <UnitTestResult executionId="9a780d8a-8e8b-44d4-941f-e77ff4eb15be" testId="a3e5d47c-7029-9bc2-f5af-40bf0ad91a54" testName="TestReadWriteNull" computerName="fv-az1760-961" duration="00:00:00.0401331" startTime="2025-03-06T03:26:55.1418048+00:00" endTime="2025-03-06T03:26:55.1820613+00:00" testType="13cdc9d9-ddb5-4fa4-a97d-d965ccfc6d4b" outcome="Passed" testListId="8c84fa94-04c1-424b-9868-57a2d4851a1d" relativeResultsDirectory="9a780d8a-8e8b-44d4-941f-e77ff4eb15be" />
    <UnitTestResult executionId="af44799a-cbf7-4e60-a3fe-385bd16230ab" testId="db3773bc-a4f0-9793-530b-e1362c98c7c2" testName="TestReadWriteRows" computerName="fv-az1760-961" duration="00:00:00.1068550" startTime="2025-03-06T03:26:54.9643720+00:00" endTime="2025-03-06T03:26:55.0852182+00:00" testType="13cdc9d9-ddb5-4fa4-a97d-d965ccfc6d4b" outcome="Passed" testListId="8c84fa94-04c1-424b-9868-57a2d4851a1d" relativeResultsDirectory="af44799a-cbf7-4e60-a3fe-385bd16230ab" />
  </Results>
  <TestDefinitions>
    <UnitTest name="TestReadWriteNull" storage="d:\a\dotnet-monorepo\dotnet-monorepo\src\artifacts\bin\databases.tests\release_win-x64\databases.tests.dll" id="a3e5d47c-7029-9bc2-f5af-40bf0ad91a54">
      <Execution id="9a780d8a-8e8b-44d4-941f-e77ff4eb15be" />
      <TestMethod codeBase="D:\a\dotnet-monorepo\dotnet-monorepo\src\artifacts\bin\Databases.Tests\release_win-x64\Databases.Tests.dll" adapterTypeName="executor://mstestadapter/v2" className="Databases.Tests.SqliteTests" name="TestReadWriteNull" />
    </UnitTest>
    <UnitTest name="TestReadWriteNullAsync" storage="d:\a\dotnet-monorepo\dotnet-monorepo\src\artifacts\bin\databases.tests\release_win-x64\databases.tests.dll" id="49ca3465-d7ea-bd3a-eaaa-ff431814ad0b">
      <Execution id="2e652d68-cbf6-429c-83c9-a891e0573331" />
      <TestMethod codeBase="D:\a\dotnet-monorepo\dotnet-monorepo\src\artifacts\bin\Databases.Tests\release_win-x64\Databases.Tests.dll" adapterTypeName="executor://mstestadapter/v2" className="Databases.Tests.SqliteTests" name="TestReadWriteNullAsync" />
    </UnitTest>
    <UnitTest name="TestReadWriteRows" storage="d:\a\dotnet-monorepo\dotnet-monorepo\src\artifacts\bin\databases.tests\release_win-x64\databases.tests.dll" id="db3773bc-a4f0-9793-530b-e1362c98c7c2">
      <Execution id="af44799a-cbf7-4e60-a3fe-385bd16230ab" />
      <TestMethod codeBase="D:\a\dotnet-monorepo\dotnet-monorepo\src\artifacts\bin\Databases.Tests\release_win-x64\Databases.Tests.dll" adapterTypeName="executor://mstestadapter/v2" className="Databases.Tests.SqliteTests" name="TestReadWriteRows" />
    </UnitTest>
    <UnitTest name="TestReadWriteRowsAsync" storage="d:\a\dotnet-monorepo\dotnet-monorepo\src\artifacts\bin\databases.tests\release_win-x64\databases.tests.dll" id="e5b195f2-fca3-ab27-6959-025ab91128f9">
      <Execution id="1da65143-acac-428f-bea9-36838300141a" />
      <TestMethod codeBase="D:\a\dotnet-monorepo\dotnet-monorepo\src\artifacts\bin\Databases.Tests\release_win-x64\Databases.Tests.dll" adapterTypeName="executor://mstestadapter/v2" className="Databases.Tests.SqliteTests" name="TestReadWriteRowsAsync" />
    </UnitTest>
  </TestDefinitions>
  <TestEntries>
    <TestEntry testId="e5b195f2-fca3-ab27-6959-025ab91128f9" executionId="1da65143-acac-428f-bea9-36838300141a" testListId="8c84fa94-04c1-424b-9868-57a2d4851a1d" />
    <TestEntry testId="49ca3465-d7ea-bd3a-eaaa-ff431814ad0b" executionId="2e652d68-cbf6-429c-83c9-a891e0573331" testListId="8c84fa94-04c1-424b-9868-57a2d4851a1d" />
    <TestEntry testId="a3e5d47c-7029-9bc2-f5af-40bf0ad91a54" executionId="9a780d8a-8e8b-44d4-941f-e77ff4eb15be" testListId="8c84fa94-04c1-424b-9868-57a2d4851a1d" />
    <TestEntry testId="db3773bc-a4f0-9793-530b-e1362c98c7c2" executionId="af44799a-cbf7-4e60-a3fe-385bd16230ab" testListId="8c84fa94-04c1-424b-9868-57a2d4851a1d" />
  </TestEntries>
  <TestLists>
    <TestList name="Results Not in a List" id="8c84fa94-04c1-424b-9868-57a2d4851a1d" />
    <TestList name="All Loaded Results" id="19431567-8539-422a-85d7-44ee4e166bda" />
  </TestLists>
  <ResultSummary outcome="Completed">
    <Counters total="4" executed="4" passed="4" failed="0" error="0" timeout="0" aborted="0" inconclusive="0" passedButRunAborted="0" notRunnable="0" notExecuted="0" disconnected="0" warning="0" completed="0" inProgress="0" pending="0" />
  </ResultSummary>
</TestRun>