<?xml version="1.0" encoding="utf-8"?>
<TestRun id="9e948374-194b-4070-b1fb-ad5610f4b832" name="runneradmin@fv-az1435-649 2024-08-09 21:22:21" runUser="fv-az1435-649\runneradmin" xmlns="http://microsoft.com/schemas/VisualStudio/TeamTest/2010">
  <Times creation="2024-08-09T21:22:21.2236539+00:00" queuing="2024-08-09T21:22:21.2236540+00:00" start="2024-08-09T21:22:20.4248089+00:00" finish="2024-08-09T21:22:21.2283919+00:00" />
  <TestSettings name="default" id="daacd5e9-e8f9-4dec-bc4e-688a1b4e2b83">
    <Deployment runDeploymentRoot="runneradmin_fv-az1435-649_2024-08-09_21_22_21" />
  </TestSettings>
  <Results>
    <UnitTestResult executionId="1dcf6ca8-9857-4228-b596-c28e17362589" testId="db3773bc-a4f0-9793-530b-e1362c98c7c2" testName="TestReadWriteRows" computerName="fv-az1435-649" duration="00:00:00.0947664" startTime="2024-08-09T21:22:20.8493761+00:00" endTime="2024-08-09T21:22:20.9550632+00:00" testType="13cdc9d9-ddb5-4fa4-a97d-d965ccfc6d4b" outcome="Passed" testListId="8c84fa94-04c1-424b-9868-57a2d4851a1d" relativeResultsDirectory="1dcf6ca8-9857-4228-b596-c28e17362589" />
    <UnitTestResult executionId="851c477e-9a9f-43de-abc4-5038e1b05004" testId="49ca3465-d7ea-bd3a-eaaa-ff431814ad0b" testName="TestReadWriteNullAsync" computerName="fv-az1435-649" duration="00:00:00.0487542" startTime="2024-08-09T21:22:21.0587186+00:00" endTime="2024-08-09T21:22:21.1082274+00:00" testType="13cdc9d9-ddb5-4fa4-a97d-d965ccfc6d4b" outcome="Passed" testListId="8c84fa94-04c1-424b-9868-57a2d4851a1d" relativeResultsDirectory="851c477e-9a9f-43de-abc4-5038e1b05004" />
    <UnitTestResult executionId="4ebb6e36-2f5c-404f-a7e5-44051bec3861" testId="a3e5d47c-7029-9bc2-f5af-40bf0ad91a54" testName="TestReadWriteNull" computerName="fv-az1435-649" duration="00:00:00.0390169" startTime="2024-08-09T21:22:21.0195824+00:00" endTime="2024-08-09T21:22:21.0586879+00:00" testType="13cdc9d9-ddb5-4fa4-a97d-d965ccfc6d4b" outcome="Passed" testListId="8c84fa94-04c1-424b-9868-57a2d4851a1d" relativeResultsDirectory="4ebb6e36-2f5c-404f-a7e5-44051bec3861" />
    <UnitTestResult executionId="58cea806-5b0b-4796-bd90-820b5a0dff64" testId="e5b195f2-fca3-ab27-6959-025ab91128f9" testName="TestReadWriteRowsAsync" computerName="fv-az1435-649" duration="00:00:00.0600756" startTime="2024-08-09T21:22:20.9590487+00:00" endTime="2024-08-09T21:22:21.0192791+00:00" testType="13cdc9d9-ddb5-4fa4-a97d-d965ccfc6d4b" outcome="Passed" testListId="8c84fa94-04c1-424b-9868-57a2d4851a1d" relativeResultsDirectory="58cea806-5b0b-4796-bd90-820b5a0dff64" />
  </Results>
  <TestDefinitions>
    <UnitTest name="TestReadWriteNull" storage="d:\a\dotnet-monorepo\dotnet-monorepo\src\artifacts\bin\databases.tests\release_win-x64\databases.tests.dll" id="a3e5d47c-7029-9bc2-f5af-40bf0ad91a54">
      <Execution id="4ebb6e36-2f5c-404f-a7e5-44051bec3861" />
      <TestMethod codeBase="D:\a\dotnet-monorepo\dotnet-monorepo\src\artifacts\bin\Databases.Tests\release_win-x64\Databases.Tests.dll" adapterTypeName="executor://mstestadapter/v2" className="Databases.Tests.SqliteTests" name="TestReadWriteNull" />
    </UnitTest>
    <UnitTest name="TestReadWriteNullAsync" storage="d:\a\dotnet-monorepo\dotnet-monorepo\src\artifacts\bin\databases.tests\release_win-x64\databases.tests.dll" id="49ca3465-d7ea-bd3a-eaaa-ff431814ad0b">
      <Execution id="851c477e-9a9f-43de-abc4-5038e1b05004" />
      <TestMethod codeBase="D:\a\dotnet-monorepo\dotnet-monorepo\src\artifacts\bin\Databases.Tests\release_win-x64\Databases.Tests.dll" adapterTypeName="executor://mstestadapter/v2" className="Databases.Tests.SqliteTests" name="TestReadWriteNullAsync" />
    </UnitTest>
    <UnitTest name="TestReadWriteRows" storage="d:\a\dotnet-monorepo\dotnet-monorepo\src\artifacts\bin\databases.tests\release_win-x64\databases.tests.dll" id="db3773bc-a4f0-9793-530b-e1362c98c7c2">
      <Execution id="1dcf6ca8-9857-4228-b596-c28e17362589" />
      <TestMethod codeBase="D:\a\dotnet-monorepo\dotnet-monorepo\src\artifacts\bin\Databases.Tests\release_win-x64\Databases.Tests.dll" adapterTypeName="executor://mstestadapter/v2" className="Databases.Tests.SqliteTests" name="TestReadWriteRows" />
    </UnitTest>
    <UnitTest name="TestReadWriteRowsAsync" storage="d:\a\dotnet-monorepo\dotnet-monorepo\src\artifacts\bin\databases.tests\release_win-x64\databases.tests.dll" id="e5b195f2-fca3-ab27-6959-025ab91128f9">
      <Execution id="58cea806-5b0b-4796-bd90-820b5a0dff64" />
      <TestMethod codeBase="D:\a\dotnet-monorepo\dotnet-monorepo\src\artifacts\bin\Databases.Tests\release_win-x64\Databases.Tests.dll" adapterTypeName="executor://mstestadapter/v2" className="Databases.Tests.SqliteTests" name="TestReadWriteRowsAsync" />
    </UnitTest>
  </TestDefinitions>
  <TestEntries>
    <TestEntry testId="db3773bc-a4f0-9793-530b-e1362c98c7c2" executionId="1dcf6ca8-9857-4228-b596-c28e17362589" testListId="8c84fa94-04c1-424b-9868-57a2d4851a1d" />
    <TestEntry testId="49ca3465-d7ea-bd3a-eaaa-ff431814ad0b" executionId="851c477e-9a9f-43de-abc4-5038e1b05004" testListId="8c84fa94-04c1-424b-9868-57a2d4851a1d" />
    <TestEntry testId="a3e5d47c-7029-9bc2-f5af-40bf0ad91a54" executionId="4ebb6e36-2f5c-404f-a7e5-44051bec3861" testListId="8c84fa94-04c1-424b-9868-57a2d4851a1d" />
    <TestEntry testId="e5b195f2-fca3-ab27-6959-025ab91128f9" executionId="58cea806-5b0b-4796-bd90-820b5a0dff64" testListId="8c84fa94-04c1-424b-9868-57a2d4851a1d" />
  </TestEntries>
  <TestLists>
    <TestList name="Results Not in a List" id="8c84fa94-04c1-424b-9868-57a2d4851a1d" />
    <TestList name="All Loaded Results" id="19431567-8539-422a-85d7-44ee4e166bda" />
  </TestLists>
  <ResultSummary outcome="Completed">
    <Counters total="4" executed="4" passed="4" failed="0" error="0" timeout="0" aborted="0" inconclusive="0" passedButRunAborted="0" notRunnable="0" notExecuted="0" disconnected="0" warning="0" completed="0" inProgress="0" pending="0" />
  </ResultSummary>
</TestRun>