<?xml version="1.0" encoding="utf-8"?>
<TestRun id="3dddb120-336b-44e1-87ba-cbbd7a498168" name="runneradmin@runnervmybtk3 2026-01-15 13:51:10" runUser="runnervmybtk3\runneradmin" xmlns="http://microsoft.com/schemas/VisualStudio/TeamTest/2010">
  <Times creation="2026-01-15T13:51:10.0484851+00:00" queuing="2026-01-15T13:51:10.0484852+00:00" start="2026-01-15T13:51:09.3545300+00:00" finish="2026-01-15T13:51:10.0819615+00:00" />
  <TestSettings name="default" id="e939fcd8-3daf-4550-b102-77639508465e">
    <Deployment runDeploymentRoot="runneradmin_runnervmybtk3_2026-01-15_13_51_10" />
  </TestSettings>
  <Results>
    <UnitTestResult executionId="4a55cac5-7fb4-484d-bade-b6039bcc998c" testId="10800500-0759-8438-8aaa-54cc590c8f85" testName="TestConvertRelativeAnchorHref (&quot;test.md&quot;,&quot;test.xhtml&quot;)" computerName="runnervmybtk3" duration="00:00:00.0008143" startTime="2026-01-15T13:51:09.9764835+00:00" endTime="2026-01-15T13:51:09.9776094+00:00" testType="13cdc9d9-ddb5-4fa4-a97d-d965ccfc6d4b" outcome="Passed" testListId="8c84fa94-04c1-424b-9868-57a2d4851a1d" relativeResultsDirectory="4a55cac5-7fb4-484d-bade-b6039bcc998c" />
    <UnitTestResult executionId="f640e3da-d98d-4dae-a84d-c3f342402d8b" testId="16b1ad70-dde2-881a-a898-34f1d755d99c" testName="TestConvertRelativeAnchorHref (&quot;test#id&quot;,&quot;test.xhtml#id&quot;)" computerName="runnervmybtk3" duration="00:00:00.0001170" startTime="2026-01-15T13:51:09.9791151+00:00" endTime="2026-01-15T13:51:09.9792671+00:00" testType="13cdc9d9-ddb5-4fa4-a97d-d965ccfc6d4b" outcome="Passed" testListId="8c84fa94-04c1-424b-9868-57a2d4851a1d" relativeResultsDirectory="f640e3da-d98d-4dae-a84d-c3f342402d8b" />
    <UnitTestResult executionId="a43d852e-6272-4b73-9f21-309a8ff8aeb2" testId="1b284f47-8e42-8c24-84f7-f9272c756a26" testName="TestConvertRelativeAnchorHref (&quot;test.txt#id&quot;,&quot;test.xhtml#id&quot;)" computerName="runnervmybtk3" duration="00:00:00.0001211" startTime="2026-01-15T13:51:09.9789406+00:00" endTime="2026-01-15T13:51:09.9791008+00:00" testType="13cdc9d9-ddb5-4fa4-a97d-d965ccfc6d4b" outcome="Passed" testListId="8c84fa94-04c1-424b-9868-57a2d4851a1d" relativeResultsDirectory="a43d852e-6272-4b73-9f21-309a8ff8aeb2" />
    <UnitTestResult executionId="d82f706f-e18f-48fe-a6b2-f5600ffe1c48" testId="152eb5b1-acde-8c7f-ac48-7c30686525ce" testName="TestConvertRelativeAnchorHref (&quot;test.txt&quot;,&quot;test.xhtml&quot;)" computerName="runnervmybtk3" duration="00:00:00.0002277" startTime="2026-01-15T13:51:09.9779660+00:00" endTime="2026-01-15T13:51:09.9782360+00:00" testType="13cdc9d9-ddb5-4fa4-a97d-d965ccfc6d4b" outcome="Passed" testListId="8c84fa94-04c1-424b-9868-57a2d4851a1d" relativeResultsDirectory="d82f706f-e18f-48fe-a6b2-f5600ffe1c48" />
    <UnitTestResult executionId="988e1172-8ddd-4690-985b-5ed0ceb4874b" testId="17c8acae-7254-8c54-8370-4bf280c0d308" testName="TestConvertRelativeAnchorHref (&quot;test&quot;,&quot;test.xhtml&quot;)" computerName="runnervmybtk3" duration="00:00:00.0001222" startTime="2026-01-15T13:51:09.9782523+00:00" endTime="2026-01-15T13:51:09.9784063+00:00" testType="13cdc9d9-ddb5-4fa4-a97d-d965ccfc6d4b" outcome="Passed" testListId="8c84fa94-04c1-424b-9868-57a2d4851a1d" relativeResultsDirectory="988e1172-8ddd-4690-985b-5ed0ceb4874b" />
    <UnitTestResult executionId="a121ac12-bd67-4607-84d1-0616ace0325a" testId="1a2a72ca-c499-8d36-b2a6-f613a8f48e24" testName="TestConvertRelativeAnchorHref (&quot;a.b&quot;,&quot;a.b.xhtml&quot;)" computerName="runnervmybtk3" duration="00:00:00.0001310" startTime="2026-01-15T13:51:09.9784207+00:00" endTime="2026-01-15T13:51:09.9785852+00:00" testType="13cdc9d9-ddb5-4fa4-a97d-d965ccfc6d4b" outcome="Passed" testListId="8c84fa94-04c1-424b-9868-57a2d4851a1d" relativeResultsDirectory="a121ac12-bd67-4607-84d1-0616ace0325a" />
    <UnitTestResult executionId="63a6ad46-574c-450e-832b-ce33cdf4f47c" testId="1df9ce9e-da7d-8382-80f7-2626f3048fbd" testName="TestConvertRelativeAnchorHref (&quot;#id&quot;,&quot;#id&quot;)" computerName="runnervmybtk3" duration="00:00:00.0001746" startTime="2026-01-15T13:51:10.0066549+00:00" endTime="2026-01-15T13:51:10.0078042+00:00" testType="13cdc9d9-ddb5-4fa4-a97d-d965ccfc6d4b" outcome="Passed" testListId="8c84fa94-04c1-424b-9868-57a2d4851a1d" relativeResultsDirectory="63a6ad46-574c-450e-832b-ce33cdf4f47c" />
    <UnitTestResult executionId="c8654126-c934-4160-8079-c1118279fbd2" testId="1f2580c1-a323-80f9-8e86-13a1313e7c36" testName="TestConvertRelativeAnchorHref (&quot;test.md#id&quot;,&quot;test.xhtml#id&quot;)" computerName="runnervmybtk3" duration="00:00:00.0001263" startTime="2026-01-15T13:51:09.9787713+00:00" endTime="2026-01-15T13:51:09.9789264+00:00" testType="13cdc9d9-ddb5-4fa4-a97d-d965ccfc6d4b" outcome="Passed" testListId="8c84fa94-04c1-424b-9868-57a2d4851a1d" relativeResultsDirectory="c8654126-c934-4160-8079-c1118279fbd2" />
    <UnitTestResult executionId="3c5baeb0-3b99-467b-8fb9-a190fdaf200f" testId="157f72bb-8a23-803e-bb83-f1b9f6c051f1" testName="TestConvertRelativeAnchorHref (&quot;a.b#id&quot;,&quot;a.b.xhtml#id&quot;)" computerName="runnervmybtk3" duration="00:00:00.0001498" startTime="2026-01-15T13:51:10.0064474+00:00" endTime="2026-01-15T13:51:10.0066383+00:00" testType="13cdc9d9-ddb5-4fa4-a97d-d965ccfc6d4b" outcome="Passed" testListId="8c84fa94-04c1-424b-9868-57a2d4851a1d" relativeResultsDirectory="3c5baeb0-3b99-467b-8fb9-a190fdaf200f" />
    <UnitTestResult executionId="d9f69a6b-7012-42b1-b484-fc57b3eb1c3f" testId="1dce7417-a256-8114-b844-2bcac170d324" testName="TestConvertRelativeAnchorHref (&quot;test.html&quot;,&quot;test.xhtml&quot;)" computerName="runnervmybtk3" duration="00:00:00.1117291" startTime="2026-01-15T13:51:09.8419070+00:00" endTime="2026-01-15T13:51:09.9720626+00:00" testType="13cdc9d9-ddb5-4fa4-a97d-d965ccfc6d4b" outcome="Passed" testListId="8c84fa94-04c1-424b-9868-57a2d4851a1d" relativeResultsDirectory="d9f69a6b-7012-42b1-b484-fc57b3eb1c3f" />
    <UnitTestResult executionId="d5f3daee-7ede-4d87-8524-657ab2a8f685" testId="1a345c8d-995f-8793-99d4-429781ba1d3d" testName="TestConvertRelativeAnchorHref (&quot;test.html#id&quot;,&quot;test.xhtml#id&quot;)" computerName="runnervmybtk3" duration="00:00:00.0001168" startTime="2026-01-15T13:51:09.9785998+00:00" endTime="2026-01-15T13:51:09.9787573+00:00" testType="13cdc9d9-ddb5-4fa4-a97d-d965ccfc6d4b" outcome="Passed" testListId="8c84fa94-04c1-424b-9868-57a2d4851a1d" relativeResultsDirectory="d5f3daee-7ede-4d87-8524-657ab2a8f685" />
  </Results>
  <TestDefinitions>
    <UnitTest name="TestConvertRelativeAnchorHref (&quot;test&quot;,&quot;test.xhtml&quot;)" storage="d:\a\dotnet-monorepo\dotnet-monorepo\src\artifacts\bin\epubproj.tests\release_win-x64\epubproj.tests.dll" id="17c8acae-7254-8c54-8370-4bf280c0d308">
      <Execution id="988e1172-8ddd-4690-985b-5ed0ceb4874b" />
      <TestMethod codeBase="D:\a\dotnet-monorepo\dotnet-monorepo\src\artifacts\bin\EpubProj.Tests\release_win-x64\EpubProj.Tests.dll" adapterTypeName="executor://mstestadapter/v4" className="EpubProj.Tests.ConverterTests" name="TestConvertRelativeAnchorHref" />
    </UnitTest>
    <UnitTest name="TestConvertRelativeAnchorHref (&quot;a.b#id&quot;,&quot;a.b.xhtml#id&quot;)" storage="d:\a\dotnet-monorepo\dotnet-monorepo\src\artifacts\bin\epubproj.tests\release_win-x64\epubproj.tests.dll" id="157f72bb-8a23-803e-bb83-f1b9f6c051f1">
      <Execution id="3c5baeb0-3b99-467b-8fb9-a190fdaf200f" />
      <TestMethod codeBase="D:\a\dotnet-monorepo\dotnet-monorepo\src\artifacts\bin\EpubProj.Tests\release_win-x64\EpubProj.Tests.dll" adapterTypeName="executor://mstestadapter/v4" className="EpubProj.Tests.ConverterTests" name="TestConvertRelativeAnchorHref" />
    </UnitTest>
    <UnitTest name="TestConvertRelativeAnchorHref (&quot;a.b&quot;,&quot;a.b.xhtml&quot;)" storage="d:\a\dotnet-monorepo\dotnet-monorepo\src\artifacts\bin\epubproj.tests\release_win-x64\epubproj.tests.dll" id="1a2a72ca-c499-8d36-b2a6-f613a8f48e24">
      <Execution id="a121ac12-bd67-4607-84d1-0616ace0325a" />
      <TestMethod codeBase="D:\a\dotnet-monorepo\dotnet-monorepo\src\artifacts\bin\EpubProj.Tests\release_win-x64\EpubProj.Tests.dll" adapterTypeName="executor://mstestadapter/v4" className="EpubProj.Tests.ConverterTests" name="TestConvertRelativeAnchorHref" />
    </UnitTest>
    <UnitTest name="TestConvertRelativeAnchorHref (&quot;test.txt&quot;,&quot;test.xhtml&quot;)" storage="d:\a\dotnet-monorepo\dotnet-monorepo\src\artifacts\bin\epubproj.tests\release_win-x64\epubproj.tests.dll" id="152eb5b1-acde-8c7f-ac48-7c30686525ce">
      <Execution id="d82f706f-e18f-48fe-a6b2-f5600ffe1c48" />
      <TestMethod codeBase="D:\a\dotnet-monorepo\dotnet-monorepo\src\artifacts\bin\EpubProj.Tests\release_win-x64\EpubProj.Tests.dll" adapterTypeName="executor://mstestadapter/v4" className="EpubProj.Tests.ConverterTests" name="TestConvertRelativeAnchorHref" />
    </UnitTest>
    <UnitTest name="TestConvertRelativeAnchorHref (&quot;test.md&quot;,&quot;test.xhtml&quot;)" storage="d:\a\dotnet-monorepo\dotnet-monorepo\src\artifacts\bin\epubproj.tests\release_win-x64\epubproj.tests.dll" id="10800500-0759-8438-8aaa-54cc590c8f85">
      <Execution id="4a55cac5-7fb4-484d-bade-b6039bcc998c" />
      <TestMethod codeBase="D:\a\dotnet-monorepo\dotnet-monorepo\src\artifacts\bin\EpubProj.Tests\release_win-x64\EpubProj.Tests.dll" adapterTypeName="executor://mstestadapter/v4" className="EpubProj.Tests.ConverterTests" name="TestConvertRelativeAnchorHref" />
    </UnitTest>
    <UnitTest name="TestConvertRelativeAnchorHref (&quot;test.html&quot;,&quot;test.xhtml&quot;)" storage="d:\a\dotnet-monorepo\dotnet-monorepo\src\artifacts\bin\epubproj.tests\release_win-x64\epubproj.tests.dll" id="1dce7417-a256-8114-b844-2bcac170d324">
      <Execution id="d9f69a6b-7012-42b1-b484-fc57b3eb1c3f" />
      <TestMethod codeBase="D:\a\dotnet-monorepo\dotnet-monorepo\src\artifacts\bin\EpubProj.Tests\release_win-x64\EpubProj.Tests.dll" adapterTypeName="executor://mstestadapter/v4" className="EpubProj.Tests.ConverterTests" name="TestConvertRelativeAnchorHref" />
    </UnitTest>
    <UnitTest name="TestConvertRelativeAnchorHref (&quot;test.txt#id&quot;,&quot;test.xhtml#id&quot;)" storage="d:\a\dotnet-monorepo\dotnet-monorepo\src\artifacts\bin\epubproj.tests\release_win-x64\epubproj.tests.dll" id="1b284f47-8e42-8c24-84f7-f9272c756a26">
      <Execution id="a43d852e-6272-4b73-9f21-309a8ff8aeb2" />
      <TestMethod codeBase="D:\a\dotnet-monorepo\dotnet-monorepo\src\artifacts\bin\EpubProj.Tests\release_win-x64\EpubProj.Tests.dll" adapterTypeName="executor://mstestadapter/v4" className="EpubProj.Tests.ConverterTests" name="TestConvertRelativeAnchorHref" />
    </UnitTest>
    <UnitTest name="TestConvertRelativeAnchorHref (&quot;#id&quot;,&quot;#id&quot;)" storage="d:\a\dotnet-monorepo\dotnet-monorepo\src\artifacts\bin\epubproj.tests\release_win-x64\epubproj.tests.dll" id="1df9ce9e-da7d-8382-80f7-2626f3048fbd">
      <Execution id="63a6ad46-574c-450e-832b-ce33cdf4f47c" />
      <TestMethod codeBase="D:\a\dotnet-monorepo\dotnet-monorepo\src\artifacts\bin\EpubProj.Tests\release_win-x64\EpubProj.Tests.dll" adapterTypeName="executor://mstestadapter/v4" className="EpubProj.Tests.ConverterTests" name="TestConvertRelativeAnchorHref" />
    </UnitTest>
    <UnitTest name="TestConvertRelativeAnchorHref (&quot;test.md#id&quot;,&quot;test.xhtml#id&quot;)" storage="d:\a\dotnet-monorepo\dotnet-monorepo\src\artifacts\bin\epubproj.tests\release_win-x64\epubproj.tests.dll" id="1f2580c1-a323-80f9-8e86-13a1313e7c36">
      <Execution id="c8654126-c934-4160-8079-c1118279fbd2" />
      <TestMethod codeBase="D:\a\dotnet-monorepo\dotnet-monorepo\src\artifacts\bin\EpubProj.Tests\release_win-x64\EpubProj.Tests.dll" adapterTypeName="executor://mstestadapter/v4" className="EpubProj.Tests.ConverterTests" name="TestConvertRelativeAnchorHref" />
    </UnitTest>
    <UnitTest name="TestConvertRelativeAnchorHref (&quot;test#id&quot;,&quot;test.xhtml#id&quot;)" storage="d:\a\dotnet-monorepo\dotnet-monorepo\src\artifacts\bin\epubproj.tests\release_win-x64\epubproj.tests.dll" id="16b1ad70-dde2-881a-a898-34f1d755d99c">
      <Execution id="f640e3da-d98d-4dae-a84d-c3f342402d8b" />
      <TestMethod codeBase="D:\a\dotnet-monorepo\dotnet-monorepo\src\artifacts\bin\EpubProj.Tests\release_win-x64\EpubProj.Tests.dll" adapterTypeName="executor://mstestadapter/v4" className="EpubProj.Tests.ConverterTests" name="TestConvertRelativeAnchorHref" />
    </UnitTest>
    <UnitTest name="TestConvertRelativeAnchorHref (&quot;test.html#id&quot;,&quot;test.xhtml#id&quot;)" storage="d:\a\dotnet-monorepo\dotnet-monorepo\src\artifacts\bin\epubproj.tests\release_win-x64\epubproj.tests.dll" id="1a345c8d-995f-8793-99d4-429781ba1d3d">
      <Execution id="d5f3daee-7ede-4d87-8524-657ab2a8f685" />
      <TestMethod codeBase="D:\a\dotnet-monorepo\dotnet-monorepo\src\artifacts\bin\EpubProj.Tests\release_win-x64\EpubProj.Tests.dll" adapterTypeName="executor://mstestadapter/v4" className="EpubProj.Tests.ConverterTests" name="TestConvertRelativeAnchorHref" />
    </UnitTest>
  </TestDefinitions>
  <TestEntries>
    <TestEntry testId="10800500-0759-8438-8aaa-54cc590c8f85" executionId="4a55cac5-7fb4-484d-bade-b6039bcc998c" testListId="8c84fa94-04c1-424b-9868-57a2d4851a1d" />
    <TestEntry testId="16b1ad70-dde2-881a-a898-34f1d755d99c" executionId="f640e3da-d98d-4dae-a84d-c3f342402d8b" testListId="8c84fa94-04c1-424b-9868-57a2d4851a1d" />
    <TestEntry testId="1b284f47-8e42-8c24-84f7-f9272c756a26" executionId="a43d852e-6272-4b73-9f21-309a8ff8aeb2" testListId="8c84fa94-04c1-424b-9868-57a2d4851a1d" />
    <TestEntry testId="152eb5b1-acde-8c7f-ac48-7c30686525ce" executionId="d82f706f-e18f-48fe-a6b2-f5600ffe1c48" testListId="8c84fa94-04c1-424b-9868-57a2d4851a1d" />
    <TestEntry testId="17c8acae-7254-8c54-8370-4bf280c0d308" executionId="988e1172-8ddd-4690-985b-5ed0ceb4874b" testListId="8c84fa94-04c1-424b-9868-57a2d4851a1d" />
    <TestEntry testId="1a2a72ca-c499-8d36-b2a6-f613a8f48e24" executionId="a121ac12-bd67-4607-84d1-0616ace0325a" testListId="8c84fa94-04c1-424b-9868-57a2d4851a1d" />
    <TestEntry testId="1df9ce9e-da7d-8382-80f7-2626f3048fbd" executionId="63a6ad46-574c-450e-832b-ce33cdf4f47c" testListId="8c84fa94-04c1-424b-9868-57a2d4851a1d" />
    <TestEntry testId="1f2580c1-a323-80f9-8e86-13a1313e7c36" executionId="c8654126-c934-4160-8079-c1118279fbd2" testListId="8c84fa94-04c1-424b-9868-57a2d4851a1d" />
    <TestEntry testId="157f72bb-8a23-803e-bb83-f1b9f6c051f1" executionId="3c5baeb0-3b99-467b-8fb9-a190fdaf200f" testListId="8c84fa94-04c1-424b-9868-57a2d4851a1d" />
    <TestEntry testId="1dce7417-a256-8114-b844-2bcac170d324" executionId="d9f69a6b-7012-42b1-b484-fc57b3eb1c3f" testListId="8c84fa94-04c1-424b-9868-57a2d4851a1d" />
    <TestEntry testId="1a345c8d-995f-8793-99d4-429781ba1d3d" executionId="d5f3daee-7ede-4d87-8524-657ab2a8f685" testListId="8c84fa94-04c1-424b-9868-57a2d4851a1d" />
  </TestEntries>
  <TestLists>
    <TestList name="Results Not in a List" id="8c84fa94-04c1-424b-9868-57a2d4851a1d" />
    <TestList name="All Loaded Results" id="19431567-8539-422a-85d7-44ee4e166bda" />
  </TestLists>
  <ResultSummary outcome="Completed">
    <Counters total="11" executed="11" passed="11" failed="0" error="0" timeout="0" aborted="0" inconclusive="0" passedButRunAborted="0" notRunnable="0" notExecuted="0" disconnected="0" warning="0" completed="0" inProgress="0" pending="0" />
    <Output>
      <StdOut>Test Parallelization enabled for D:\a\dotnet-monorepo\dotnet-monorepo\src\artifacts\bin\EpubProj.Tests\release_win-x64\EpubProj.Tests.dll (Workers: 4, Scope: ClassLevel)&#xD;
</StdOut>
    </Output>
  </ResultSummary>
</TestRun>