<?xml version="1.0" encoding="utf-8"?>
<TestRun id="1a7f0f15-5877-4e90-9cf3-41c2aaa21fce" name="runneradmin@runnervmybtk3 2026-01-09 12:50:45" runUser="runnervmybtk3\runneradmin" xmlns="http://microsoft.com/schemas/VisualStudio/TeamTest/2010">
  <Times creation="2026-01-09T12:50:46.0001668+00:00" queuing="2026-01-09T12:50:46.0001669+00:00" start="2026-01-09T12:50:45.3247949+00:00" finish="2026-01-09T12:50:46.0591061+00:00" />
  <TestSettings name="default" id="2f62f4c6-7e8c-4cff-9472-353ece706fae">
    <Deployment runDeploymentRoot="runneradmin_runnervmybtk3_2026-01-09_12_50_45" />
  </TestSettings>
  <Results>
    <UnitTestResult executionId="8415fe0f-6187-47ee-91d1-bbd03beb6076" testId="16734436-cecd-83b5-8627-bcedb89c8296" testName="TestGetRelativePath (&quot;a/b/c&quot;,&quot;a/b/d&quot;,&quot;../c&quot;)" computerName="runnervmybtk3" duration="00:00:00.0003981" startTime="2026-01-09T12:50:45.9033941+00:00" endTime="2026-01-09T12:50:45.9041682+00:00" testType="13cdc9d9-ddb5-4fa4-a97d-d965ccfc6d4b" outcome="Passed" testListId="8c84fa94-04c1-424b-9868-57a2d4851a1d" relativeResultsDirectory="8415fe0f-6187-47ee-91d1-bbd03beb6076" />
    <UnitTestResult executionId="042a1fe9-7515-41e1-aaba-51de400b47f9" testId="18f58b21-b2c3-803b-8cb0-4e08dd113f73" testName="TestAddRightToLeft (Epub2,&quot;epub2_rtl.opf&quot;)" computerName="runnervmybtk3" duration="00:00:00.0002945" startTime="2026-01-09T12:50:45.9545312+00:00" endTime="2026-01-09T12:50:45.9548710+00:00" testType="13cdc9d9-ddb5-4fa4-a97d-d965ccfc6d4b" outcome="Passed" testListId="8c84fa94-04c1-424b-9868-57a2d4851a1d" relativeResultsDirectory="042a1fe9-7515-41e1-aaba-51de400b47f9" />
    <UnitTestResult executionId="4e636e84-5e52-4984-aac6-def611339a62" testId="17163b0e-a15f-81ae-864e-083555ff6db1" testName="TestAddPrePaginated (Epub2)" computerName="runnervmybtk3" duration="00:00:00.0002697" startTime="2026-01-09T12:50:45.9643895+00:00" endTime="2026-01-09T12:50:45.9647081+00:00" testType="13cdc9d9-ddb5-4fa4-a97d-d965ccfc6d4b" outcome="Passed" testListId="8c84fa94-04c1-424b-9868-57a2d4851a1d" relativeResultsDirectory="4e636e84-5e52-4984-aac6-def611339a62" />
    <UnitTestResult executionId="7568b4dc-173d-45f9-b5b9-c3355516774c" testId="1ec0effe-5d9b-8d26-ab26-1e26e51fca30" testName="TestAddItemToManifest (Epub2,&quot;cover.jpg&quot;,null,null,&quot;epub2_noproperties_noid.opf&quot;)" computerName="runnervmybtk3" duration="00:00:00.0000993" startTime="2026-01-09T12:50:45.9470758+00:00" endTime="2026-01-09T12:50:45.9472320+00:00" testType="13cdc9d9-ddb5-4fa4-a97d-d965ccfc6d4b" outcome="Passed" testListId="8c84fa94-04c1-424b-9868-57a2d4851a1d" relativeResultsDirectory="7568b4dc-173d-45f9-b5b9-c3355516774c" />
    <UnitTestResult executionId="548d7f62-c202-4e29-b0ee-e9d36f503f73" testId="13acc5b9-b971-8983-8930-49d6f4051f77" testName="TestAddDescription (Epub2)" computerName="runnervmybtk3" duration="00:00:00.0003366" startTime="2026-01-09T12:50:45.9604076+00:00" endTime="2026-01-09T12:50:45.9608004+00:00" testType="13cdc9d9-ddb5-4fa4-a97d-d965ccfc6d4b" outcome="Passed" testListId="8c84fa94-04c1-424b-9868-57a2d4851a1d" relativeResultsDirectory="548d7f62-c202-4e29-b0ee-e9d36f503f73" />
    <UnitTestResult executionId="c88d3cf2-06d4-4acc-989e-7e82089a6c14" testId="1d853697-1c40-8ef7-b701-75fcb83d716c" testName="TestAddRightToLeft (Epub3,&quot;epub3_rtl.opf&quot;)" computerName="runnervmybtk3" duration="00:00:00.0002524" startTime="2026-01-09T12:50:45.9542041+00:00" endTime="2026-01-09T12:50:45.9545085+00:00" testType="13cdc9d9-ddb5-4fa4-a97d-d965ccfc6d4b" outcome="Passed" testListId="8c84fa94-04c1-424b-9868-57a2d4851a1d" relativeResultsDirectory="c88d3cf2-06d4-4acc-989e-7e82089a6c14" />
    <UnitTestResult executionId="5dac9082-593b-4123-aaee-745ed18080a5" testId="1c344ecb-28e7-8e25-b223-6e397f5054f4" testName="TestAddDate (Epub3)" computerName="runnervmybtk3" duration="00:00:00.0011620" startTime="2026-01-09T12:50:45.9622326+00:00" endTime="2026-01-09T12:50:45.9634824+00:00" testType="13cdc9d9-ddb5-4fa4-a97d-d965ccfc6d4b" outcome="Passed" testListId="8c84fa94-04c1-424b-9868-57a2d4851a1d" relativeResultsDirectory="5dac9082-593b-4123-aaee-745ed18080a5" />
    <UnitTestResult executionId="972f6823-4433-4cb1-890f-0de7fdb10a4d" testId="1dc58f02-8bfb-87ff-8152-97912961162e" testName="TestAddModified (Epub2)" computerName="runnervmybtk3" duration="00:00:00.0002711" startTime="2026-01-09T12:50:45.9667500+00:00" endTime="2026-01-09T12:50:45.9677477+00:00" testType="13cdc9d9-ddb5-4fa4-a97d-d965ccfc6d4b" outcome="Passed" testListId="8c84fa94-04c1-424b-9868-57a2d4851a1d" relativeResultsDirectory="972f6823-4433-4cb1-890f-0de7fdb10a4d" />
    <UnitTestResult executionId="36b03536-8e32-4c69-9d09-faeb212a6308" testId="163d9d25-3781-8d01-aa89-fb0ed455ce67" testName="TestGetRelativePath (&quot;&quot;,&quot;a/b/c&quot;,&quot;../../..&quot;)" computerName="runnervmybtk3" duration="00:00:00.0000199" startTime="2026-01-09T12:50:45.9046176+00:00" endTime="2026-01-09T12:50:45.9046793+00:00" testType="13cdc9d9-ddb5-4fa4-a97d-d965ccfc6d4b" outcome="Passed" testListId="8c84fa94-04c1-424b-9868-57a2d4851a1d" relativeResultsDirectory="36b03536-8e32-4c69-9d09-faeb212a6308" />
    <UnitTestResult executionId="1185a19c-7030-47d0-abf5-476e461c8e71" testId="17e7e5f5-8e92-8ea9-bd8b-79d2ff2868d6" testName="TestAddTitle (Epub3)" computerName="runnervmybtk3" duration="00:00:00.0004013" startTime="2026-01-09T12:50:45.9571479+00:00" endTime="2026-01-09T12:50:45.9576055+00:00" testType="13cdc9d9-ddb5-4fa4-a97d-d965ccfc6d4b" outcome="Passed" testListId="8c84fa94-04c1-424b-9868-57a2d4851a1d" relativeResultsDirectory="1185a19c-7030-47d0-abf5-476e461c8e71" />
    <UnitTestResult executionId="80309ba0-f525-461a-8366-241f161db334" testId="1a5dc06e-54fd-8d2c-a693-2b5cb2a6574b" testName="TestAddIdentifier (Epub2)" computerName="runnervmybtk3" duration="00:00:00.0004908" startTime="2026-01-09T12:50:45.9565657+00:00" endTime="2026-01-09T12:50:45.9571189+00:00" testType="13cdc9d9-ddb5-4fa4-a97d-d965ccfc6d4b" outcome="Passed" testListId="8c84fa94-04c1-424b-9868-57a2d4851a1d" relativeResultsDirectory="80309ba0-f525-461a-8366-241f161db334" />
    <UnitTestResult executionId="feb4e444-cc32-49df-8afc-0ea30dac058c" testId="14d0cd07-d554-8a17-ae84-6d68b4a68e29" testName="TestAddNcx (Epub3,&quot;epub3_ncx.opf&quot;)" computerName="runnervmybtk3" duration="00:00:00.0003452" startTime="2026-01-09T12:50:45.9507843+00:00" endTime="2026-01-09T12:50:45.9511790+00:00" testType="13cdc9d9-ddb5-4fa4-a97d-d965ccfc6d4b" outcome="Passed" testListId="8c84fa94-04c1-424b-9868-57a2d4851a1d" relativeResultsDirectory="feb4e444-cc32-49df-8afc-0ea30dac058c" />
    <UnitTestResult executionId="8fc1e500-4285-4ffb-8e2e-ae7758e2d48f" testId="17b70e0f-1bb5-8232-bb22-ad292bd4ca53" testName="TestAddDescription (Epub3)" computerName="runnervmybtk3" duration="00:00:00.0004065" startTime="2026-01-09T12:50:45.9599234+00:00" endTime="2026-01-09T12:50:45.9603832+00:00" testType="13cdc9d9-ddb5-4fa4-a97d-d965ccfc6d4b" outcome="Passed" testListId="8c84fa94-04c1-424b-9868-57a2d4851a1d" relativeResultsDirectory="8fc1e500-4285-4ffb-8e2e-ae7758e2d48f" />
    <UnitTestResult executionId="ccfe2980-0083-4065-8a93-08c5a5b4f187" testId="1e8f751a-7342-8e0a-8749-cd28c43d3882" testName="TestGetContainerXmlDocument (Epub2)" computerName="runnervmybtk3" duration="00:00:00.0004667" startTime="2026-01-09T12:50:45.9572589+00:00" endTime="2026-01-09T12:50:45.9577798+00:00" testType="13cdc9d9-ddb5-4fa4-a97d-d965ccfc6d4b" outcome="Passed" testListId="8c84fa94-04c1-424b-9868-57a2d4851a1d" relativeResultsDirectory="ccfe2980-0083-4065-8a93-08c5a5b4f187" />
    <UnitTestResult executionId="f2b2bae6-a75f-4320-a7f2-4392c2604885" testId="196202e8-80f4-8220-b7a4-03bed006a872" testName="TestAddLanguage (Epub2)" computerName="runnervmybtk3" duration="00:00:00.0022629" startTime="2026-01-09T12:50:45.9529950+00:00" endTime="2026-01-09T12:50:45.9553204+00:00" testType="13cdc9d9-ddb5-4fa4-a97d-d965ccfc6d4b" outcome="Passed" testListId="8c84fa94-04c1-424b-9868-57a2d4851a1d" relativeResultsDirectory="f2b2bae6-a75f-4320-a7f2-4392c2604885" />
    <UnitTestResult executionId="f73b87eb-5167-40bc-a802-7adbbde99611" testId="1a7fb99e-f52f-8ccc-ab1f-13586db79d1e" testName="TestAddItemToLandmarks (Epub2)" computerName="runnervmybtk3" duration="00:00:00.0003153" startTime="2026-01-09T12:50:45.9538005+00:00" endTime="2026-01-09T12:50:45.9541649+00:00" testType="13cdc9d9-ddb5-4fa4-a97d-d965ccfc6d4b" outcome="Passed" testListId="8c84fa94-04c1-424b-9868-57a2d4851a1d" relativeResultsDirectory="f73b87eb-5167-40bc-a802-7adbbde99611" />
    <UnitTestResult executionId="94c2aeb7-60a9-45da-878c-495df1c4a3f3" testId="1f027eb2-66bc-8be8-8300-bf63e361e75e" testName="TestGetRelativePath (&quot;a/b/c&quot;,&quot;b/c/d&quot;,&quot;../../../a/b/c&quot;)" computerName="runnervmybtk3" duration="00:00:00.0000062" startTime="2026-01-09T12:50:45.9047414+00:00" endTime="2026-01-09T12:50:45.9053654+00:00" testType="13cdc9d9-ddb5-4fa4-a97d-d965ccfc6d4b" outcome="Passed" testListId="8c84fa94-04c1-424b-9868-57a2d4851a1d" relativeResultsDirectory="94c2aeb7-60a9-45da-878c-495df1c4a3f3" />
    <UnitTestResult executionId="5802a7f1-a287-43e3-baea-f1bd43c19af3" testId="1e13994d-6844-8233-9112-553b896408e8" testName="TestAddReferenceToGuide (Epub2)" computerName="runnervmybtk3" duration="00:00:00.0004685" startTime="2026-01-09T12:50:45.9155616+00:00" endTime="2026-01-09T12:50:45.9160825+00:00" testType="13cdc9d9-ddb5-4fa4-a97d-d965ccfc6d4b" outcome="Passed" testListId="8c84fa94-04c1-424b-9868-57a2d4851a1d" relativeResultsDirectory="5802a7f1-a287-43e3-baea-f1bd43c19af3" />
    <UnitTestResult executionId="2478d8fa-8aff-4f0f-a183-b0d42e4961d1" testId="17cbd791-edb7-8411-9f3d-d0fe1b2fcf02" testName="TestAddItemToSpine (Epub2,null,&quot;epub2_noproperties.opf&quot;)" computerName="runnervmybtk3" duration="00:00:00.0001009" startTime="2026-01-09T12:50:45.9506013+00:00" endTime="2026-01-09T12:50:45.9507624+00:00" testType="13cdc9d9-ddb5-4fa4-a97d-d965ccfc6d4b" outcome="Passed" testListId="8c84fa94-04c1-424b-9868-57a2d4851a1d" relativeResultsDirectory="2478d8fa-8aff-4f0f-a183-b0d42e4961d1" />
    <UnitTestResult executionId="26257855-4b06-41fd-a585-d95b108ab2bf" testId="1584ef67-fe1c-864d-a045-629d708e2516" testName="TestAddModified (Epub3)" computerName="runnervmybtk3" duration="00:00:00.0003809" startTime="2026-01-09T12:50:45.9647291+00:00" endTime="2026-01-09T12:50:45.9651548+00:00" testType="13cdc9d9-ddb5-4fa4-a97d-d965ccfc6d4b" outcome="Passed" testListId="8c84fa94-04c1-424b-9868-57a2d4851a1d" relativeResultsDirectory="26257855-4b06-41fd-a585-d95b108ab2bf" />
    <UnitTestResult executionId="c4a2b25c-d715-4f69-bcf8-7672120bfd29" testId="1d890bf7-586d-85b6-b06c-8f6a41e0ae1e" testName="TestAddLeftToRight (Epub3,&quot;epub3_ltr.opf&quot;)" computerName="runnervmybtk3" duration="00:00:00.0003538" startTime="2026-01-09T12:50:45.9530373+00:00" endTime="2026-01-09T12:50:45.9534448+00:00" testType="13cdc9d9-ddb5-4fa4-a97d-d965ccfc6d4b" outcome="Passed" testListId="8c84fa94-04c1-424b-9868-57a2d4851a1d" relativeResultsDirectory="c4a2b25c-d715-4f69-bcf8-7672120bfd29" />
    <UnitTestResult executionId="4cfde0bc-9854-43f8-93bc-3723655d8e1a" testId="18b99c28-043f-8fa7-a585-45f8db35abe5" testName="TestAddItemToManifest (Epub3,&quot;cover.jpg&quot;,null,null,&quot;epub3_noproperties_noid.opf&quot;)" computerName="runnervmybtk3" duration="00:00:00.0002350" startTime="2026-01-09T12:50:45.9467669+00:00" endTime="2026-01-09T12:50:45.9470535+00:00" testType="13cdc9d9-ddb5-4fa4-a97d-d965ccfc6d4b" outcome="Passed" testListId="8c84fa94-04c1-424b-9868-57a2d4851a1d" relativeResultsDirectory="4cfde0bc-9854-43f8-93bc-3723655d8e1a" />
    <UnitTestResult executionId="1c2bc6b9-2413-4e45-aa46-a98a84ff09dc" testId="1ad59a54-6162-8915-b78f-cbce5547287d" testName="TestAddCreator (Epub2,[&quot;aut&quot;],&quot;epub2_one_role.opf&quot;)" computerName="runnervmybtk3" duration="00:00:00.0001156" startTime="2026-01-09T12:50:45.9592173+00:00" endTime="2026-01-09T12:50:45.9594056+00:00" testType="13cdc9d9-ddb5-4fa4-a97d-d965ccfc6d4b" outcome="Passed" testListId="8c84fa94-04c1-424b-9868-57a2d4851a1d" relativeResultsDirectory="1c2bc6b9-2413-4e45-aa46-a98a84ff09dc" />
    <UnitTestResult executionId="b10211a1-50a9-48dc-81d8-6f8732ca4447" testId="18fb7630-93a1-828b-a9e1-500b27327666" testName="TestAddCreator (Epub2,[&quot;aut&quot;,&quot;ill&quot;],&quot;epub2_two_roles.opf&quot;)" computerName="runnervmybtk3" duration="00:00:00.0001302" startTime="2026-01-09T12:50:45.9597012+00:00" endTime="2026-01-09T12:50:45.9598843+00:00" testType="13cdc9d9-ddb5-4fa4-a97d-d965ccfc6d4b" outcome="Passed" testListId="8c84fa94-04c1-424b-9868-57a2d4851a1d" relativeResultsDirectory="b10211a1-50a9-48dc-81d8-6f8732ca4447" />
    <UnitTestResult executionId="f65cfa56-fbf4-4a1b-a7ea-a6e6fc2d74c9" testId="12fc392e-8199-86c7-8604-b296f0959a0f" testName="TestAddTitle (Epub3)" computerName="runnervmybtk3" duration="00:00:00.0004667" startTime="2026-01-09T12:50:45.9467533+00:00" endTime="2026-01-09T12:50:45.9472808+00:00" testType="13cdc9d9-ddb5-4fa4-a97d-d965ccfc6d4b" outcome="Passed" testListId="8c84fa94-04c1-424b-9868-57a2d4851a1d" relativeResultsDirectory="f65cfa56-fbf4-4a1b-a7ea-a6e6fc2d74c9" />
    <UnitTestResult executionId="9c145903-14f4-4691-b24e-be449786b43e" testId="1606129a-0ad6-89b1-8eb5-de137dec383d" testName="TestAddLeftToRight (Epub2,&quot;epub2_ltr.opf&quot;)" computerName="runnervmybtk3" duration="00:00:00.0003065" startTime="2026-01-09T12:50:45.9534741+00:00" endTime="2026-01-09T12:50:45.9538231+00:00" testType="13cdc9d9-ddb5-4fa4-a97d-d965ccfc6d4b" outcome="Passed" testListId="8c84fa94-04c1-424b-9868-57a2d4851a1d" relativeResultsDirectory="9c145903-14f4-4691-b24e-be449786b43e" />
    <UnitTestResult executionId="4595e555-4b9b-41d3-aa01-65b829db0462" testId="1576e578-fb17-8c86-9f06-aa7cda5c1b5a" testName="TestAddTitle (Epub2)" computerName="runnervmybtk3" duration="00:00:00.0003857" startTime="2026-01-09T12:50:45.9503502+00:00" endTime="2026-01-09T12:50:45.9507945+00:00" testType="13cdc9d9-ddb5-4fa4-a97d-d965ccfc6d4b" outcome="Passed" testListId="8c84fa94-04c1-424b-9868-57a2d4851a1d" relativeResultsDirectory="4595e555-4b9b-41d3-aa01-65b829db0462" />
    <UnitTestResult executionId="187280b6-4144-40fc-bc1a-65580951e3c7" testId="104fae68-6cd5-841d-8283-464853a139a3" testName="TestGetRasterDocument (Epub2)" computerName="runnervmybtk3" duration="00:00:00.0006250" startTime="2026-01-09T12:50:45.9622028+00:00" endTime="2026-01-09T12:50:45.9628785+00:00" testType="13cdc9d9-ddb5-4fa4-a97d-d965ccfc6d4b" outcome="Passed" testListId="8c84fa94-04c1-424b-9868-57a2d4851a1d" relativeResultsDirectory="187280b6-4144-40fc-bc1a-65580951e3c7" />
    <UnitTestResult executionId="0f03e020-6727-406a-8595-c6677a7eb844" testId="1d6f9d40-3288-8453-b9b2-5ea56e2a4753" testName="TestAddItemToManifest (Epub3,&quot;cover.jpg&quot;,&quot;cover-image&quot;,&quot;cover-id&quot;,&quot;epub3_properties_id.opf&quot;)" computerName="runnervmybtk3" duration="00:00:00.0289251" startTime="2026-01-09T12:50:45.8682800+00:00" endTime="2026-01-09T12:50:45.9154535+00:00" testType="13cdc9d9-ddb5-4fa4-a97d-d965ccfc6d4b" outcome="Passed" testListId="8c84fa94-04c1-424b-9868-57a2d4851a1d" relativeResultsDirectory="0f03e020-6727-406a-8595-c6677a7eb844" />
    <UnitTestResult executionId="8706ef3f-370b-42d7-b58a-4677eca02085" testId="13bb92f3-9643-8d68-aa0d-763f51bdbf81" testName="TestAddIdentifier (Epub3)" computerName="runnervmybtk3" duration="00:00:00.0007344" startTime="2026-01-09T12:50:45.9548945+00:00" endTime="2026-01-09T12:50:45.9557099+00:00" testType="13cdc9d9-ddb5-4fa4-a97d-d965ccfc6d4b" outcome="Passed" testListId="8c84fa94-04c1-424b-9868-57a2d4851a1d" relativeResultsDirectory="8706ef3f-370b-42d7-b58a-4677eca02085" />
    <UnitTestResult executionId="3deec709-ac02-4bb0-97df-c53c223677a4" testId="1cef8686-5f34-86de-a6a3-8d35bb7afd79" testName="TestAddLanguage (Epub3)" computerName="runnervmybtk3" duration="00:00:00.0004739" startTime="2026-01-09T12:50:45.9508198+00:00" endTime="2026-01-09T12:50:45.9513608+00:00" testType="13cdc9d9-ddb5-4fa4-a97d-d965ccfc6d4b" outcome="Passed" testListId="8c84fa94-04c1-424b-9868-57a2d4851a1d" relativeResultsDirectory="3deec709-ac02-4bb0-97df-c53c223677a4" />
    <UnitTestResult executionId="1414aa18-81fd-4dd6-af68-746522e48ea0" testId="16e56989-76a7-8585-b943-e273cd2ed1c2" testName="TestAddDate (Epub2)" computerName="runnervmybtk3" duration="00:00:00.0002865" startTime="2026-01-09T12:50:45.9635047+00:00" endTime="2026-01-09T12:50:45.9638538+00:00" testType="13cdc9d9-ddb5-4fa4-a97d-d965ccfc6d4b" outcome="Passed" testListId="8c84fa94-04c1-424b-9868-57a2d4851a1d" relativeResultsDirectory="1414aa18-81fd-4dd6-af68-746522e48ea0" />
    <UnitTestResult executionId="844f6a58-c8f6-4e50-bb4e-2b1f6f527d9a" testId="178c28d6-788e-8eb5-bd79-d8ce91ec7454" testName="TestAddCreator (Epub3,[&quot;aut&quot;],&quot;epub3_one_role.opf&quot;)" computerName="runnervmybtk3" duration="00:00:00.0001292" startTime="2026-01-09T12:50:45.9589935+00:00" endTime="2026-01-09T12:50:45.9591899+00:00" testType="13cdc9d9-ddb5-4fa4-a97d-d965ccfc6d4b" outcome="Passed" testListId="8c84fa94-04c1-424b-9868-57a2d4851a1d" relativeResultsDirectory="844f6a58-c8f6-4e50-bb4e-2b1f6f527d9a" />
    <UnitTestResult executionId="d7922fbd-1a6b-4d08-9a56-e63bba55d8f0" testId="1229b021-b396-8067-9d67-6db2b8bc72b7" testName="TestAddNavItem (Epub3)" computerName="runnervmybtk3" duration="00:00:00.0048090" startTime="2026-01-09T12:50:45.9589706+00:00" endTime="2026-01-09T12:50:45.9638185+00:00" testType="13cdc9d9-ddb5-4fa4-a97d-d965ccfc6d4b" outcome="Passed" testListId="8c84fa94-04c1-424b-9868-57a2d4851a1d" relativeResultsDirectory="d7922fbd-1a6b-4d08-9a56-e63bba55d8f0" />
    <UnitTestResult executionId="d8e3a4ce-b839-4a0a-867a-c944cd5092a3" testId="1907624b-6009-89cb-a76c-8b426f68f298" testName="TestAddNcx (Epub2,&quot;epub2_ncx.opf&quot;)" computerName="runnervmybtk3" duration="00:00:00.0003358" startTime="2026-01-09T12:50:45.9512038+00:00" endTime="2026-01-09T12:50:45.9516069+00:00" testType="13cdc9d9-ddb5-4fa4-a97d-d965ccfc6d4b" outcome="Passed" testListId="8c84fa94-04c1-424b-9868-57a2d4851a1d" relativeResultsDirectory="d8e3a4ce-b839-4a0a-867a-c944cd5092a3" />
    <UnitTestResult executionId="e939cea9-a771-49f0-a079-8798aa33acc6" testId="1a00353d-820e-8fa3-9091-7b2ebff721ec" testName="TestAddItemToSpine (Epub3,null,&quot;epub3_noproperties.opf&quot;)" computerName="runnervmybtk3" duration="00:00:00.0001303" startTime="2026-01-09T12:50:45.9503825+00:00" endTime="2026-01-09T12:50:45.9505781+00:00" testType="13cdc9d9-ddb5-4fa4-a97d-d965ccfc6d4b" outcome="Passed" testListId="8c84fa94-04c1-424b-9868-57a2d4851a1d" relativeResultsDirectory="e939cea9-a771-49f0-a079-8798aa33acc6" />
    <UnitTestResult executionId="5944c196-ccf3-4f74-a7a6-a96db2fe83ad" testId="1bf56acc-bc6b-8496-947d-aa65e255463c" testName="TestAddNavItem (Epub3)" computerName="runnervmybtk3" duration="00:00:00.0036249" startTime="2026-01-09T12:50:45.9472562+00:00" endTime="2026-01-09T12:50:45.9509697+00:00" testType="13cdc9d9-ddb5-4fa4-a97d-d965ccfc6d4b" outcome="Passed" testListId="8c84fa94-04c1-424b-9868-57a2d4851a1d" relativeResultsDirectory="5944c196-ccf3-4f74-a7a6-a96db2fe83ad" />
    <UnitTestResult executionId="e2908216-2645-43bf-9878-3447b66b8878" testId="11ca93a8-296b-8476-9f0b-6fc4b090990d" testName="TestGetRelativePath (&quot;a/b/c&quot;,&quot;&quot;,&quot;a/b/c&quot;)" computerName="runnervmybtk3" duration="00:00:00.0000063" startTime="2026-01-09T12:50:45.9047010+00:00" endTime="2026-01-09T12:50:45.9047274+00:00" testType="13cdc9d9-ddb5-4fa4-a97d-d965ccfc6d4b" outcome="Passed" testListId="8c84fa94-04c1-424b-9868-57a2d4851a1d" relativeResultsDirectory="e2908216-2645-43bf-9878-3447b66b8878" />
    <UnitTestResult executionId="e6667dbc-d21b-482f-bf08-271dfce83972" testId="18633743-5a95-84ca-aa1a-84a0ca6b512e" testName="TestAddCreator (Epub3,[],&quot;epub3_no_roles.opf&quot;)" computerName="runnervmybtk3" duration="00:00:00.0012187" startTime="2026-01-09T12:50:45.9565083+00:00" endTime="2026-01-09T12:50:45.9577798+00:00" testType="13cdc9d9-ddb5-4fa4-a97d-d965ccfc6d4b" outcome="Passed" testListId="8c84fa94-04c1-424b-9868-57a2d4851a1d" relativeResultsDirectory="e6667dbc-d21b-482f-bf08-271dfce83972" />
    <UnitTestResult executionId="9cf0a5c6-5ee5-4633-9c64-1ea6ebc5b139" testId="132a3618-bc6c-8626-b378-85737c5c1ffb" testName="TestAddItemToSpine (Epub2,&quot;page-spread-left&quot;,&quot;epub2_properties.opf&quot;)" computerName="runnervmybtk3" duration="00:00:00.0004496" startTime="2026-01-09T12:50:45.9471198+00:00" endTime="2026-01-09T12:50:45.9476192+00:00" testType="13cdc9d9-ddb5-4fa4-a97d-d965ccfc6d4b" outcome="Passed" testListId="8c84fa94-04c1-424b-9868-57a2d4851a1d" relativeResultsDirectory="9cf0a5c6-5ee5-4633-9c64-1ea6ebc5b139" />
    <UnitTestResult executionId="bcccc081-bc84-4ee9-8333-f019e500647c" testId="1b20638b-a8a6-85af-8458-b3b7c366f1d5" testName="TestAddTitle (Epub2)" computerName="runnervmybtk3" duration="00:00:00.0002691" startTime="2026-01-09T12:50:45.9576381+00:00" endTime="2026-01-09T12:50:45.9579864+00:00" testType="13cdc9d9-ddb5-4fa4-a97d-d965ccfc6d4b" outcome="Passed" testListId="8c84fa94-04c1-424b-9868-57a2d4851a1d" relativeResultsDirectory="bcccc081-bc84-4ee9-8333-f019e500647c" />
    <UnitTestResult executionId="0844f4f1-004e-49ed-9d0d-e4a6472b05da" testId="139f1cb2-b2ce-8c72-a0dc-23e529c29a74" testName="TestAddCreator (Epub2,[],&quot;epub2_no_roles.opf&quot;)" computerName="runnervmybtk3" duration="00:00:00.0003569" startTime="2026-01-09T12:50:45.9578022+00:00" endTime="2026-01-09T12:50:45.9582131+00:00" testType="13cdc9d9-ddb5-4fa4-a97d-d965ccfc6d4b" outcome="Passed" testListId="8c84fa94-04c1-424b-9868-57a2d4851a1d" relativeResultsDirectory="0844f4f1-004e-49ed-9d0d-e4a6472b05da" />
    <UnitTestResult executionId="bf53cb4e-701e-45ed-b3e9-e3adc6322063" testId="1c0b229c-cfde-842a-8c76-19a571413f49" testName="TestAddItemToManifest (Epub2,&quot;cover.jpg&quot;,&quot;cover-image&quot;,&quot;cover-id&quot;,&quot;epub2_properties_id.opf&quot;)" computerName="runnervmybtk3" duration="00:00:00.0005737" startTime="2026-01-09T12:50:45.9460276+00:00" endTime="2026-01-09T12:50:45.9467509+00:00" testType="13cdc9d9-ddb5-4fa4-a97d-d965ccfc6d4b" outcome="Passed" testListId="8c84fa94-04c1-424b-9868-57a2d4851a1d" relativeResultsDirectory="bf53cb4e-701e-45ed-b3e9-e3adc6322063" />
    <UnitTestResult executionId="ad6c1375-5770-46f2-9aba-2e96a907f654" testId="1011288e-031f-8748-b274-76a1b0e99c39" testName="TestGetContainerXmlDocument (Epub3)" computerName="runnervmybtk3" duration="00:00:00.0006128" startTime="2026-01-09T12:50:45.9565406+00:00" endTime="2026-01-09T12:50:45.9572360+00:00" testType="13cdc9d9-ddb5-4fa4-a97d-d965ccfc6d4b" outcome="Passed" testListId="8c84fa94-04c1-424b-9868-57a2d4851a1d" relativeResultsDirectory="ad6c1375-5770-46f2-9aba-2e96a907f654" />
    <UnitTestResult executionId="45284c0a-aade-4cfb-9e56-e56bcff1d26b" testId="19fedbcf-3e8f-80d3-8f00-c9b50d3782b5" testName="TestAddItemToSpine (Epub3,&quot;page-spread-left&quot;,&quot;epub3_properties.opf&quot;)" computerName="runnervmybtk3" duration="00:00:00.0008253" startTime="2026-01-09T12:50:45.9461343+00:00" endTime="2026-01-09T12:50:45.9470754+00:00" testType="13cdc9d9-ddb5-4fa4-a97d-d965ccfc6d4b" outcome="Passed" testListId="8c84fa94-04c1-424b-9868-57a2d4851a1d" relativeResultsDirectory="45284c0a-aade-4cfb-9e56-e56bcff1d26b" />
    <UnitTestResult executionId="83eede6f-db5d-40f6-bad4-67bc8bf02a83" testId="1f86d215-1c27-8857-97b9-0ba7f808e19d" testName="TestGetRelativePath (&quot;a/b/c&quot;,&quot;a&quot;,&quot;b/c&quot;)" computerName="runnervmybtk3" duration="00:00:00.0082123" startTime="2026-01-09T12:50:45.8682981+00:00" endTime="2026-01-09T12:50:45.8976872+00:00" testType="13cdc9d9-ddb5-4fa4-a97d-d965ccfc6d4b" outcome="Passed" testListId="8c84fa94-04c1-424b-9868-57a2d4851a1d" relativeResultsDirectory="83eede6f-db5d-40f6-bad4-67bc8bf02a83" />
    <UnitTestResult executionId="9e26ea8a-2a45-452c-a350-bb80f9f73171" testId="12509452-eb51-8bd2-8023-5d9d95470f16" testName="TestAddReferenceToGuide (Epub3)" computerName="runnervmybtk3" duration="00:00:00.0289683" startTime="2026-01-09T12:50:45.8683062+00:00" endTime="2026-01-09T12:50:45.9154457+00:00" testType="13cdc9d9-ddb5-4fa4-a97d-d965ccfc6d4b" outcome="Passed" testListId="8c84fa94-04c1-424b-9868-57a2d4851a1d" relativeResultsDirectory="9e26ea8a-2a45-452c-a350-bb80f9f73171" />
    <UnitTestResult executionId="b18adf46-6d0c-43b2-b2e3-cbfb97f288a1" testId="110d5f63-5620-8288-a852-48415a5701b6" testName="TestAddIdentifier (Epub3)" computerName="runnervmybtk3" duration="00:00:00.0099573" startTime="2026-01-09T12:50:45.9054046+00:00" endTime="2026-01-09T12:50:45.9154439+00:00" testType="13cdc9d9-ddb5-4fa4-a97d-d965ccfc6d4b" outcome="Passed" testListId="8c84fa94-04c1-424b-9868-57a2d4851a1d" relativeResultsDirectory="b18adf46-6d0c-43b2-b2e3-cbfb97f288a1" />
    <UnitTestResult executionId="d684b51d-dfe9-4780-95d7-b82a6c92f781" testId="15879af3-5667-8627-8798-073634574cfb" testName="TestAddPrePaginated (Epub3)" computerName="runnervmybtk3" duration="00:00:00.0004324" startTime="2026-01-09T12:50:45.9638890+00:00" endTime="2026-01-09T12:50:45.9643675+00:00" testType="13cdc9d9-ddb5-4fa4-a97d-d965ccfc6d4b" outcome="Passed" testListId="8c84fa94-04c1-424b-9868-57a2d4851a1d" relativeResultsDirectory="d684b51d-dfe9-4780-95d7-b82a6c92f781" />
    <UnitTestResult executionId="72d628ae-6609-4068-ad27-06a679e58843" testId="178aa3ea-46b0-8718-8f38-a36a6d78e6f8" testName="TestAddItemToLandmarks (Epub3)" computerName="runnervmybtk3" duration="00:00:00.0006926" startTime="2026-01-09T12:50:45.9530392+00:00" endTime="2026-01-09T12:50:45.9537783+00:00" testType="13cdc9d9-ddb5-4fa4-a97d-d965ccfc6d4b" outcome="Passed" testListId="8c84fa94-04c1-424b-9868-57a2d4851a1d" relativeResultsDirectory="72d628ae-6609-4068-ad27-06a679e58843" />
    <UnitTestResult executionId="9c705e91-15ce-4dbb-ad67-4ad302fb9fcb" testId="132c93fc-99cf-80a0-b0a6-22904c48670f" testName="TestAddNavItem (Epub2)" computerName="runnervmybtk3" duration="00:00:00.0014714" startTime="2026-01-09T12:50:45.9509935+00:00" endTime="2026-01-09T12:50:45.9525238+00:00" testType="13cdc9d9-ddb5-4fa4-a97d-d965ccfc6d4b" outcome="Passed" testListId="8c84fa94-04c1-424b-9868-57a2d4851a1d" relativeResultsDirectory="9c705e91-15ce-4dbb-ad67-4ad302fb9fcb" />
    <UnitTestResult executionId="20355c99-f5c3-4dff-93e1-62b6913ea1bb" testId="1f20d052-efc6-827b-8ace-2d57870f3d7b" testName="TestGetRasterDocument (Epub3)" computerName="runnervmybtk3" duration="00:00:00.0015285" startTime="2026-01-09T12:50:45.9589307+00:00" endTime="2026-01-09T12:50:45.9605371+00:00" testType="13cdc9d9-ddb5-4fa4-a97d-d965ccfc6d4b" outcome="Passed" testListId="8c84fa94-04c1-424b-9868-57a2d4851a1d" relativeResultsDirectory="20355c99-f5c3-4dff-93e1-62b6913ea1bb" />
    <UnitTestResult executionId="317f0771-d7b4-441c-a232-794a82ae5b84" testId="124a442d-5cef-8a5e-832b-b6cc6c966046" testName="TestAddIdentifier (Epub2)" computerName="runnervmybtk3" duration="00:00:00.0005430" startTime="2026-01-09T12:50:45.9460916+00:00" endTime="2026-01-09T12:50:45.9467215+00:00" testType="13cdc9d9-ddb5-4fa4-a97d-d965ccfc6d4b" outcome="Passed" testListId="8c84fa94-04c1-424b-9868-57a2d4851a1d" relativeResultsDirectory="317f0771-d7b4-441c-a232-794a82ae5b84" />
    <UnitTestResult executionId="68406ac9-31d7-4e28-9361-b3fd9ae13d80" testId="14c058b4-2c86-895b-b0b1-cc5b57859157" testName="TestAddNavItem (Epub2)" computerName="runnervmybtk3" duration="00:00:00.0003702" startTime="2026-01-09T12:50:45.9638430+00:00" endTime="2026-01-09T12:50:45.9642595+00:00" testType="13cdc9d9-ddb5-4fa4-a97d-d965ccfc6d4b" outcome="Passed" testListId="8c84fa94-04c1-424b-9868-57a2d4851a1d" relativeResultsDirectory="68406ac9-31d7-4e28-9361-b3fd9ae13d80" />
    <UnitTestResult executionId="5ece4949-7592-48c3-aca2-f85a84d00e77" testId="12ab518a-33ba-8068-a833-7799730fcbd5" testName="TestAddCreator (Epub3,[&quot;aut&quot;,&quot;ill&quot;],&quot;epub3_two_roles.opf&quot;)" computerName="runnervmybtk3" duration="00:00:00.0001828" startTime="2026-01-09T12:50:45.9594362+00:00" endTime="2026-01-09T12:50:45.9596776+00:00" testType="13cdc9d9-ddb5-4fa4-a97d-d965ccfc6d4b" outcome="Passed" testListId="8c84fa94-04c1-424b-9868-57a2d4851a1d" relativeResultsDirectory="5ece4949-7592-48c3-aca2-f85a84d00e77" />
  </Results>
  <TestDefinitions>
    <UnitTest name="TestAddReferenceToGuide (Epub2)" storage="d:\a\dotnet-monorepo\dotnet-monorepo\src\artifacts\bin\epubs.tests\release_win-x64\epubs.tests.dll" id="1e13994d-6844-8233-9112-553b896408e8">
      <Execution id="5802a7f1-a287-43e3-baea-f1bd43c19af3" />
      <TestMethod codeBase="D:\a\dotnet-monorepo\dotnet-monorepo\src\artifacts\bin\Epubs.Tests\release_win-x64\Epubs.Tests.dll" adapterTypeName="executor://mstestadapter/v4" className="Epubs.Tests.WriterTests.PackageDocumentTests.GuideTests" name="TestAddReferenceToGuide" />
    </UnitTest>
    <UnitTest name="TestAddModified (Epub2)" storage="d:\a\dotnet-monorepo\dotnet-monorepo\src\artifacts\bin\epubs.tests\release_win-x64\epubs.tests.dll" id="1dc58f02-8bfb-87ff-8152-97912961162e">
      <Execution id="972f6823-4433-4cb1-890f-0de7fdb10a4d" />
      <TestMethod codeBase="D:\a\dotnet-monorepo\dotnet-monorepo\src\artifacts\bin\Epubs.Tests\release_win-x64\Epubs.Tests.dll" adapterTypeName="executor://mstestadapter/v4" className="Epubs.Tests.WriterTests.PackageDocumentTests.MetadataTests" name="TestAddModified" />
    </UnitTest>
    <UnitTest name="TestAddTitle (Epub2)" storage="d:\a\dotnet-monorepo\dotnet-monorepo\src\artifacts\bin\epubs.tests\release_win-x64\epubs.tests.dll" id="1576e578-fb17-8c86-9f06-aa7cda5c1b5a">
      <Execution id="4595e555-4b9b-41d3-aa01-65b829db0462" />
      <TestMethod codeBase="D:\a\dotnet-monorepo\dotnet-monorepo\src\artifacts\bin\Epubs.Tests\release_win-x64\Epubs.Tests.dll" adapterTypeName="executor://mstestadapter/v4" className="Epubs.Tests.WriterTests.PackageDocumentTests.MetadataTests" name="TestAddTitle" />
    </UnitTest>
    <UnitTest name="TestGetRelativePath (&quot;a/b/c&quot;,&quot;a/b/d&quot;,&quot;../c&quot;)" storage="d:\a\dotnet-monorepo\dotnet-monorepo\src\artifacts\bin\epubs.tests\release_win-x64\epubs.tests.dll" id="16734436-cecd-83b5-8627-bcedb89c8296">
      <Execution id="8415fe0f-6187-47ee-91d1-bbd03beb6076" />
      <TestMethod codeBase="D:\a\dotnet-monorepo\dotnet-monorepo\src\artifacts\bin\Epubs.Tests\release_win-x64\Epubs.Tests.dll" adapterTypeName="executor://mstestadapter/v4" className="Epubs.Tests.EpubPathsTests" name="TestGetRelativePath" />
    </UnitTest>
    <UnitTest name="TestAddLeftToRight (Epub3,&quot;epub3_ltr.opf&quot;)" storage="d:\a\dotnet-monorepo\dotnet-monorepo\src\artifacts\bin\epubs.tests\release_win-x64\epubs.tests.dll" id="1d890bf7-586d-85b6-b06c-8f6a41e0ae1e">
      <Execution id="c4a2b25c-d715-4f69-bcf8-7672120bfd29" />
      <TestMethod codeBase="D:\a\dotnet-monorepo\dotnet-monorepo\src\artifacts\bin\Epubs.Tests\release_win-x64\Epubs.Tests.dll" adapterTypeName="executor://mstestadapter/v4" className="Epubs.Tests.WriterTests.PackageDocumentTests.SpineTests" name="TestAddLeftToRight" />
    </UnitTest>
    <UnitTest name="TestAddIdentifier (Epub2)" storage="d:\a\dotnet-monorepo\dotnet-monorepo\src\artifacts\bin\epubs.tests\release_win-x64\epubs.tests.dll" id="1a5dc06e-54fd-8d2c-a693-2b5cb2a6574b">
      <Execution id="80309ba0-f525-461a-8366-241f161db334" />
      <TestMethod codeBase="D:\a\dotnet-monorepo\dotnet-monorepo\src\artifacts\bin\Epubs.Tests\release_win-x64\Epubs.Tests.dll" adapterTypeName="executor://mstestadapter/v4" className="Epubs.Tests.WriterTests.NavigationTests.NcxTests" name="TestAddIdentifier" />
    </UnitTest>
    <UnitTest name="TestAddItemToLandmarks (Epub3)" storage="d:\a\dotnet-monorepo\dotnet-monorepo\src\artifacts\bin\epubs.tests\release_win-x64\epubs.tests.dll" id="178aa3ea-46b0-8718-8f38-a36a6d78e6f8">
      <Execution id="72d628ae-6609-4068-ad27-06a679e58843" />
      <TestMethod codeBase="D:\a\dotnet-monorepo\dotnet-monorepo\src\artifacts\bin\Epubs.Tests\release_win-x64\Epubs.Tests.dll" adapterTypeName="executor://mstestadapter/v4" className="Epubs.Tests.WriterTests.NavigationTests.NavigationDocumentTests" name="TestAddItemToLandmarks" />
    </UnitTest>
    <UnitTest name="TestGetContainerXmlDocument (Epub2)" storage="d:\a\dotnet-monorepo\dotnet-monorepo\src\artifacts\bin\epubs.tests\release_win-x64\epubs.tests.dll" id="1e8f751a-7342-8e0a-8749-cd28c43d3882">
      <Execution id="ccfe2980-0083-4065-8a93-08c5a5b4f187" />
      <TestMethod codeBase="D:\a\dotnet-monorepo\dotnet-monorepo\src\artifacts\bin\Epubs.Tests\release_win-x64\Epubs.Tests.dll" adapterTypeName="executor://mstestadapter/v4" className="Epubs.Tests.WriterTests.MetaInfTests.ContainerXmlTests" name="TestGetContainerXmlDocument" />
    </UnitTest>
    <UnitTest name="TestAddCreator (Epub2,[&quot;aut&quot;],&quot;epub2_one_role.opf&quot;)" storage="d:\a\dotnet-monorepo\dotnet-monorepo\src\artifacts\bin\epubs.tests\release_win-x64\epubs.tests.dll" id="1ad59a54-6162-8915-b78f-cbce5547287d">
      <Execution id="1c2bc6b9-2413-4e45-aa46-a98a84ff09dc" />
      <TestMethod codeBase="D:\a\dotnet-monorepo\dotnet-monorepo\src\artifacts\bin\Epubs.Tests\release_win-x64\Epubs.Tests.dll" adapterTypeName="executor://mstestadapter/v4" className="Epubs.Tests.WriterTests.PackageDocumentTests.MetadataTests" name="TestAddCreator" />
    </UnitTest>
    <UnitTest name="TestAddRightToLeft (Epub2,&quot;epub2_rtl.opf&quot;)" storage="d:\a\dotnet-monorepo\dotnet-monorepo\src\artifacts\bin\epubs.tests\release_win-x64\epubs.tests.dll" id="18f58b21-b2c3-803b-8cb0-4e08dd113f73">
      <Execution id="042a1fe9-7515-41e1-aaba-51de400b47f9" />
      <TestMethod codeBase="D:\a\dotnet-monorepo\dotnet-monorepo\src\artifacts\bin\Epubs.Tests\release_win-x64\Epubs.Tests.dll" adapterTypeName="executor://mstestadapter/v4" className="Epubs.Tests.WriterTests.PackageDocumentTests.SpineTests" name="TestAddRightToLeft" />
    </UnitTest>
    <UnitTest name="TestAddModified (Epub3)" storage="d:\a\dotnet-monorepo\dotnet-monorepo\src\artifacts\bin\epubs.tests\release_win-x64\epubs.tests.dll" id="1584ef67-fe1c-864d-a045-629d708e2516">
      <Execution id="26257855-4b06-41fd-a585-d95b108ab2bf" />
      <TestMethod codeBase="D:\a\dotnet-monorepo\dotnet-monorepo\src\artifacts\bin\Epubs.Tests\release_win-x64\Epubs.Tests.dll" adapterTypeName="executor://mstestadapter/v4" className="Epubs.Tests.WriterTests.PackageDocumentTests.MetadataTests" name="TestAddModified" />
    </UnitTest>
    <UnitTest name="TestAddLanguage (Epub2)" storage="d:\a\dotnet-monorepo\dotnet-monorepo\src\artifacts\bin\epubs.tests\release_win-x64\epubs.tests.dll" id="196202e8-80f4-8220-b7a4-03bed006a872">
      <Execution id="f2b2bae6-a75f-4320-a7f2-4392c2604885" />
      <TestMethod codeBase="D:\a\dotnet-monorepo\dotnet-monorepo\src\artifacts\bin\Epubs.Tests\release_win-x64\Epubs.Tests.dll" adapterTypeName="executor://mstestadapter/v4" className="Epubs.Tests.WriterTests.PackageDocumentTests.MetadataTests" name="TestAddLanguage" />
    </UnitTest>
    <UnitTest name="TestAddDescription (Epub2)" storage="d:\a\dotnet-monorepo\dotnet-monorepo\src\artifacts\bin\epubs.tests\release_win-x64\epubs.tests.dll" id="13acc5b9-b971-8983-8930-49d6f4051f77">
      <Execution id="548d7f62-c202-4e29-b0ee-e9d36f503f73" />
      <TestMethod codeBase="D:\a\dotnet-monorepo\dotnet-monorepo\src\artifacts\bin\Epubs.Tests\release_win-x64\Epubs.Tests.dll" adapterTypeName="executor://mstestadapter/v4" className="Epubs.Tests.WriterTests.PackageDocumentTests.MetadataTests" name="TestAddDescription" />
    </UnitTest>
    <UnitTest name="TestAddNavItem (Epub2)" storage="d:\a\dotnet-monorepo\dotnet-monorepo\src\artifacts\bin\epubs.tests\release_win-x64\epubs.tests.dll" id="14c058b4-2c86-895b-b0b1-cc5b57859157">
      <Execution id="68406ac9-31d7-4e28-9361-b3fd9ae13d80" />
      <TestMethod codeBase="D:\a\dotnet-monorepo\dotnet-monorepo\src\artifacts\bin\Epubs.Tests\release_win-x64\Epubs.Tests.dll" adapterTypeName="executor://mstestadapter/v4" className="Epubs.Tests.WriterTests.NavigationTests.NcxTests" name="TestAddNavItem" />
    </UnitTest>
    <UnitTest name="TestGetContainerXmlDocument (Epub3)" storage="d:\a\dotnet-monorepo\dotnet-monorepo\src\artifacts\bin\epubs.tests\release_win-x64\epubs.tests.dll" id="1011288e-031f-8748-b274-76a1b0e99c39">
      <Execution id="ad6c1375-5770-46f2-9aba-2e96a907f654" />
      <TestMethod codeBase="D:\a\dotnet-monorepo\dotnet-monorepo\src\artifacts\bin\Epubs.Tests\release_win-x64\Epubs.Tests.dll" adapterTypeName="executor://mstestadapter/v4" className="Epubs.Tests.WriterTests.MetaInfTests.ContainerXmlTests" name="TestGetContainerXmlDocument" />
    </UnitTest>
    <UnitTest name="TestAddLeftToRight (Epub2,&quot;epub2_ltr.opf&quot;)" storage="d:\a\dotnet-monorepo\dotnet-monorepo\src\artifacts\bin\epubs.tests\release_win-x64\epubs.tests.dll" id="1606129a-0ad6-89b1-8eb5-de137dec383d">
      <Execution id="9c145903-14f4-4691-b24e-be449786b43e" />
      <TestMethod codeBase="D:\a\dotnet-monorepo\dotnet-monorepo\src\artifacts\bin\Epubs.Tests\release_win-x64\Epubs.Tests.dll" adapterTypeName="executor://mstestadapter/v4" className="Epubs.Tests.WriterTests.PackageDocumentTests.SpineTests" name="TestAddLeftToRight" />
    </UnitTest>
    <UnitTest name="TestAddNcx (Epub2,&quot;epub2_ncx.opf&quot;)" storage="d:\a\dotnet-monorepo\dotnet-monorepo\src\artifacts\bin\epubs.tests\release_win-x64\epubs.tests.dll" id="1907624b-6009-89cb-a76c-8b426f68f298">
      <Execution id="d8e3a4ce-b839-4a0a-867a-c944cd5092a3" />
      <TestMethod codeBase="D:\a\dotnet-monorepo\dotnet-monorepo\src\artifacts\bin\Epubs.Tests\release_win-x64\Epubs.Tests.dll" adapterTypeName="executor://mstestadapter/v4" className="Epubs.Tests.WriterTests.PackageDocumentTests.SpineTests" name="TestAddNcx" />
    </UnitTest>
    <UnitTest name="TestGetRasterDocument (Epub3)" storage="d:\a\dotnet-monorepo\dotnet-monorepo\src\artifacts\bin\epubs.tests\release_win-x64\epubs.tests.dll" id="1f20d052-efc6-827b-8ace-2d57870f3d7b">
      <Execution id="20355c99-f5c3-4dff-93e1-62b6913ea1bb" />
      <TestMethod codeBase="D:\a\dotnet-monorepo\dotnet-monorepo\src\artifacts\bin\Epubs.Tests\release_win-x64\Epubs.Tests.dll" adapterTypeName="executor://mstestadapter/v4" className="Epubs.Tests.WriterTests.CoverXhtmlTests.RasterTests" name="TestGetRasterDocument" />
    </UnitTest>
    <UnitTest name="TestAddItemToManifest (Epub2,&quot;cover.jpg&quot;,null,null,&quot;epub2_noproperties_noid.opf&quot;)" storage="d:\a\dotnet-monorepo\dotnet-monorepo\src\artifacts\bin\epubs.tests\release_win-x64\epubs.tests.dll" id="1ec0effe-5d9b-8d26-ab26-1e26e51fca30">
      <Execution id="7568b4dc-173d-45f9-b5b9-c3355516774c" />
      <TestMethod codeBase="D:\a\dotnet-monorepo\dotnet-monorepo\src\artifacts\bin\Epubs.Tests\release_win-x64\Epubs.Tests.dll" adapterTypeName="executor://mstestadapter/v4" className="Epubs.Tests.WriterTests.PackageDocumentTests.ManifestTests" name="TestAddItemToManifest" />
    </UnitTest>
    <UnitTest name="TestAddRightToLeft (Epub3,&quot;epub3_rtl.opf&quot;)" storage="d:\a\dotnet-monorepo\dotnet-monorepo\src\artifacts\bin\epubs.tests\release_win-x64\epubs.tests.dll" id="1d853697-1c40-8ef7-b701-75fcb83d716c">
      <Execution id="c88d3cf2-06d4-4acc-989e-7e82089a6c14" />
      <TestMethod codeBase="D:\a\dotnet-monorepo\dotnet-monorepo\src\artifacts\bin\Epubs.Tests\release_win-x64\Epubs.Tests.dll" adapterTypeName="executor://mstestadapter/v4" className="Epubs.Tests.WriterTests.PackageDocumentTests.SpineTests" name="TestAddRightToLeft" />
    </UnitTest>
    <UnitTest name="TestAddNavItem (Epub3)" storage="d:\a\dotnet-monorepo\dotnet-monorepo\src\artifacts\bin\epubs.tests\release_win-x64\epubs.tests.dll" id="1bf56acc-bc6b-8496-947d-aa65e255463c">
      <Execution id="5944c196-ccf3-4f74-a7a6-a96db2fe83ad" />
      <TestMethod codeBase="D:\a\dotnet-monorepo\dotnet-monorepo\src\artifacts\bin\Epubs.Tests\release_win-x64\Epubs.Tests.dll" adapterTypeName="executor://mstestadapter/v4" className="Epubs.Tests.WriterTests.NavigationTests.NavigationDocumentTests" name="TestAddNavItem" />
    </UnitTest>
    <UnitTest name="TestAddDate (Epub2)" storage="d:\a\dotnet-monorepo\dotnet-monorepo\src\artifacts\bin\epubs.tests\release_win-x64\epubs.tests.dll" id="16e56989-76a7-8585-b943-e273cd2ed1c2">
      <Execution id="1414aa18-81fd-4dd6-af68-746522e48ea0" />
      <TestMethod codeBase="D:\a\dotnet-monorepo\dotnet-monorepo\src\artifacts\bin\Epubs.Tests\release_win-x64\Epubs.Tests.dll" adapterTypeName="executor://mstestadapter/v4" className="Epubs.Tests.WriterTests.PackageDocumentTests.MetadataTests" name="TestAddDate" />
    </UnitTest>
    <UnitTest name="TestGetRelativePath (&quot;a/b/c&quot;,&quot;&quot;,&quot;a/b/c&quot;)" storage="d:\a\dotnet-monorepo\dotnet-monorepo\src\artifacts\bin\epubs.tests\release_win-x64\epubs.tests.dll" id="11ca93a8-296b-8476-9f0b-6fc4b090990d">
      <Execution id="e2908216-2645-43bf-9878-3447b66b8878" />
      <TestMethod codeBase="D:\a\dotnet-monorepo\dotnet-monorepo\src\artifacts\bin\Epubs.Tests\release_win-x64\Epubs.Tests.dll" adapterTypeName="executor://mstestadapter/v4" className="Epubs.Tests.EpubPathsTests" name="TestGetRelativePath" />
    </UnitTest>
    <UnitTest name="TestGetRelativePath (&quot;a/b/c&quot;,&quot;a&quot;,&quot;b/c&quot;)" storage="d:\a\dotnet-monorepo\dotnet-monorepo\src\artifacts\bin\epubs.tests\release_win-x64\epubs.tests.dll" id="1f86d215-1c27-8857-97b9-0ba7f808e19d">
      <Execution id="83eede6f-db5d-40f6-bad4-67bc8bf02a83" />
      <TestMethod codeBase="D:\a\dotnet-monorepo\dotnet-monorepo\src\artifacts\bin\Epubs.Tests\release_win-x64\Epubs.Tests.dll" adapterTypeName="executor://mstestadapter/v4" className="Epubs.Tests.EpubPathsTests" name="TestGetRelativePath" />
    </UnitTest>
    <UnitTest name="TestAddIdentifier (Epub3)" storage="d:\a\dotnet-monorepo\dotnet-monorepo\src\artifacts\bin\epubs.tests\release_win-x64\epubs.tests.dll" id="110d5f63-5620-8288-a852-48415a5701b6">
      <Execution id="b18adf46-6d0c-43b2-b2e3-cbfb97f288a1" />
      <TestMethod codeBase="D:\a\dotnet-monorepo\dotnet-monorepo\src\artifacts\bin\Epubs.Tests\release_win-x64\Epubs.Tests.dll" adapterTypeName="executor://mstestadapter/v4" className="Epubs.Tests.WriterTests.PackageDocumentTests.MetadataTests" name="TestAddIdentifier" />
    </UnitTest>
    <UnitTest name="TestAddIdentifier (Epub3)" storage="d:\a\dotnet-monorepo\dotnet-monorepo\src\artifacts\bin\epubs.tests\release_win-x64\epubs.tests.dll" id="13bb92f3-9643-8d68-aa0d-763f51bdbf81">
      <Execution id="8706ef3f-370b-42d7-b58a-4677eca02085" />
      <TestMethod codeBase="D:\a\dotnet-monorepo\dotnet-monorepo\src\artifacts\bin\Epubs.Tests\release_win-x64\Epubs.Tests.dll" adapterTypeName="executor://mstestadapter/v4" className="Epubs.Tests.WriterTests.NavigationTests.NcxTests" name="TestAddIdentifier" />
    </UnitTest>
    <UnitTest name="TestAddPrePaginated (Epub2)" storage="d:\a\dotnet-monorepo\dotnet-monorepo\src\artifacts\bin\epubs.tests\release_win-x64\epubs.tests.dll" id="17163b0e-a15f-81ae-864e-083555ff6db1">
      <Execution id="4e636e84-5e52-4984-aac6-def611339a62" />
      <TestMethod codeBase="D:\a\dotnet-monorepo\dotnet-monorepo\src\artifacts\bin\Epubs.Tests\release_win-x64\Epubs.Tests.dll" adapterTypeName="executor://mstestadapter/v4" className="Epubs.Tests.WriterTests.PackageDocumentTests.MetadataTests" name="TestAddPrePaginated" />
    </UnitTest>
    <UnitTest name="TestGetRasterDocument (Epub2)" storage="d:\a\dotnet-monorepo\dotnet-monorepo\src\artifacts\bin\epubs.tests\release_win-x64\epubs.tests.dll" id="104fae68-6cd5-841d-8283-464853a139a3">
      <Execution id="187280b6-4144-40fc-bc1a-65580951e3c7" />
      <TestMethod codeBase="D:\a\dotnet-monorepo\dotnet-monorepo\src\artifacts\bin\Epubs.Tests\release_win-x64\Epubs.Tests.dll" adapterTypeName="executor://mstestadapter/v4" className="Epubs.Tests.WriterTests.CoverXhtmlTests.RasterTests" name="TestGetRasterDocument" />
    </UnitTest>
    <UnitTest name="TestAddDescription (Epub3)" storage="d:\a\dotnet-monorepo\dotnet-monorepo\src\artifacts\bin\epubs.tests\release_win-x64\epubs.tests.dll" id="17b70e0f-1bb5-8232-bb22-ad292bd4ca53">
      <Execution id="8fc1e500-4285-4ffb-8e2e-ae7758e2d48f" />
      <TestMethod codeBase="D:\a\dotnet-monorepo\dotnet-monorepo\src\artifacts\bin\Epubs.Tests\release_win-x64\Epubs.Tests.dll" adapterTypeName="executor://mstestadapter/v4" className="Epubs.Tests.WriterTests.PackageDocumentTests.MetadataTests" name="TestAddDescription" />
    </UnitTest>
    <UnitTest name="TestAddItemToLandmarks (Epub2)" storage="d:\a\dotnet-monorepo\dotnet-monorepo\src\artifacts\bin\epubs.tests\release_win-x64\epubs.tests.dll" id="1a7fb99e-f52f-8ccc-ab1f-13586db79d1e">
      <Execution id="f73b87eb-5167-40bc-a802-7adbbde99611" />
      <TestMethod codeBase="D:\a\dotnet-monorepo\dotnet-monorepo\src\artifacts\bin\Epubs.Tests\release_win-x64\Epubs.Tests.dll" adapterTypeName="executor://mstestadapter/v4" className="Epubs.Tests.WriterTests.NavigationTests.NavigationDocumentTests" name="TestAddItemToLandmarks" />
    </UnitTest>
    <UnitTest name="TestAddReferenceToGuide (Epub3)" storage="d:\a\dotnet-monorepo\dotnet-monorepo\src\artifacts\bin\epubs.tests\release_win-x64\epubs.tests.dll" id="12509452-eb51-8bd2-8023-5d9d95470f16">
      <Execution id="9e26ea8a-2a45-452c-a350-bb80f9f73171" />
      <TestMethod codeBase="D:\a\dotnet-monorepo\dotnet-monorepo\src\artifacts\bin\Epubs.Tests\release_win-x64\Epubs.Tests.dll" adapterTypeName="executor://mstestadapter/v4" className="Epubs.Tests.WriterTests.PackageDocumentTests.GuideTests" name="TestAddReferenceToGuide" />
    </UnitTest>
    <UnitTest name="TestAddTitle (Epub3)" storage="d:\a\dotnet-monorepo\dotnet-monorepo\src\artifacts\bin\epubs.tests\release_win-x64\epubs.tests.dll" id="12fc392e-8199-86c7-8604-b296f0959a0f">
      <Execution id="f65cfa56-fbf4-4a1b-a7ea-a6e6fc2d74c9" />
      <TestMethod codeBase="D:\a\dotnet-monorepo\dotnet-monorepo\src\artifacts\bin\Epubs.Tests\release_win-x64\Epubs.Tests.dll" adapterTypeName="executor://mstestadapter/v4" className="Epubs.Tests.WriterTests.PackageDocumentTests.MetadataTests" name="TestAddTitle" />
    </UnitTest>
    <UnitTest name="TestAddNcx (Epub3,&quot;epub3_ncx.opf&quot;)" storage="d:\a\dotnet-monorepo\dotnet-monorepo\src\artifacts\bin\epubs.tests\release_win-x64\epubs.tests.dll" id="14d0cd07-d554-8a17-ae84-6d68b4a68e29">
      <Execution id="feb4e444-cc32-49df-8afc-0ea30dac058c" />
      <TestMethod codeBase="D:\a\dotnet-monorepo\dotnet-monorepo\src\artifacts\bin\Epubs.Tests\release_win-x64\Epubs.Tests.dll" adapterTypeName="executor://mstestadapter/v4" className="Epubs.Tests.WriterTests.PackageDocumentTests.SpineTests" name="TestAddNcx" />
    </UnitTest>
    <UnitTest name="TestAddDate (Epub3)" storage="d:\a\dotnet-monorepo\dotnet-monorepo\src\artifacts\bin\epubs.tests\release_win-x64\epubs.tests.dll" id="1c344ecb-28e7-8e25-b223-6e397f5054f4">
      <Execution id="5dac9082-593b-4123-aaee-745ed18080a5" />
      <TestMethod codeBase="D:\a\dotnet-monorepo\dotnet-monorepo\src\artifacts\bin\Epubs.Tests\release_win-x64\Epubs.Tests.dll" adapterTypeName="executor://mstestadapter/v4" className="Epubs.Tests.WriterTests.PackageDocumentTests.MetadataTests" name="TestAddDate" />
    </UnitTest>
    <UnitTest name="TestAddCreator (Epub3,[&quot;aut&quot;,&quot;ill&quot;],&quot;epub3_two_roles.opf&quot;)" storage="d:\a\dotnet-monorepo\dotnet-monorepo\src\artifacts\bin\epubs.tests\release_win-x64\epubs.tests.dll" id="12ab518a-33ba-8068-a833-7799730fcbd5">
      <Execution id="5ece4949-7592-48c3-aca2-f85a84d00e77" />
      <TestMethod codeBase="D:\a\dotnet-monorepo\dotnet-monorepo\src\artifacts\bin\Epubs.Tests\release_win-x64\Epubs.Tests.dll" adapterTypeName="executor://mstestadapter/v4" className="Epubs.Tests.WriterTests.PackageDocumentTests.MetadataTests" name="TestAddCreator" />
    </UnitTest>
    <UnitTest name="TestAddCreator (Epub3,[&quot;aut&quot;],&quot;epub3_one_role.opf&quot;)" storage="d:\a\dotnet-monorepo\dotnet-monorepo\src\artifacts\bin\epubs.tests\release_win-x64\epubs.tests.dll" id="178c28d6-788e-8eb5-bd79-d8ce91ec7454">
      <Execution id="844f6a58-c8f6-4e50-bb4e-2b1f6f527d9a" />
      <TestMethod codeBase="D:\a\dotnet-monorepo\dotnet-monorepo\src\artifacts\bin\Epubs.Tests\release_win-x64\Epubs.Tests.dll" adapterTypeName="executor://mstestadapter/v4" className="Epubs.Tests.WriterTests.PackageDocumentTests.MetadataTests" name="TestAddCreator" />
    </UnitTest>
    <UnitTest name="TestAddIdentifier (Epub2)" storage="d:\a\dotnet-monorepo\dotnet-monorepo\src\artifacts\bin\epubs.tests\release_win-x64\epubs.tests.dll" id="124a442d-5cef-8a5e-832b-b6cc6c966046">
      <Execution id="317f0771-d7b4-441c-a232-794a82ae5b84" />
      <TestMethod codeBase="D:\a\dotnet-monorepo\dotnet-monorepo\src\artifacts\bin\Epubs.Tests\release_win-x64\Epubs.Tests.dll" adapterTypeName="executor://mstestadapter/v4" className="Epubs.Tests.WriterTests.PackageDocumentTests.MetadataTests" name="TestAddIdentifier" />
    </UnitTest>
    <UnitTest name="TestAddCreator (Epub2,[&quot;aut&quot;,&quot;ill&quot;],&quot;epub2_two_roles.opf&quot;)" storage="d:\a\dotnet-monorepo\dotnet-monorepo\src\artifacts\bin\epubs.tests\release_win-x64\epubs.tests.dll" id="18fb7630-93a1-828b-a9e1-500b27327666">
      <Execution id="b10211a1-50a9-48dc-81d8-6f8732ca4447" />
      <TestMethod codeBase="D:\a\dotnet-monorepo\dotnet-monorepo\src\artifacts\bin\Epubs.Tests\release_win-x64\Epubs.Tests.dll" adapterTypeName="executor://mstestadapter/v4" className="Epubs.Tests.WriterTests.PackageDocumentTests.MetadataTests" name="TestAddCreator" />
    </UnitTest>
    <UnitTest name="TestAddItemToSpine (Epub2,null,&quot;epub2_noproperties.opf&quot;)" storage="d:\a\dotnet-monorepo\dotnet-monorepo\src\artifacts\bin\epubs.tests\release_win-x64\epubs.tests.dll" id="17cbd791-edb7-8411-9f3d-d0fe1b2fcf02">
      <Execution id="2478d8fa-8aff-4f0f-a183-b0d42e4961d1" />
      <TestMethod codeBase="D:\a\dotnet-monorepo\dotnet-monorepo\src\artifacts\bin\Epubs.Tests\release_win-x64\Epubs.Tests.dll" adapterTypeName="executor://mstestadapter/v4" className="Epubs.Tests.WriterTests.PackageDocumentTests.SpineTests" name="TestAddItemToSpine" />
    </UnitTest>
    <UnitTest name="TestAddItemToManifest (Epub3,&quot;cover.jpg&quot;,null,null,&quot;epub3_noproperties_noid.opf&quot;)" storage="d:\a\dotnet-monorepo\dotnet-monorepo\src\artifacts\bin\epubs.tests\release_win-x64\epubs.tests.dll" id="18b99c28-043f-8fa7-a585-45f8db35abe5">
      <Execution id="4cfde0bc-9854-43f8-93bc-3723655d8e1a" />
      <TestMethod codeBase="D:\a\dotnet-monorepo\dotnet-monorepo\src\artifacts\bin\Epubs.Tests\release_win-x64\Epubs.Tests.dll" adapterTypeName="executor://mstestadapter/v4" className="Epubs.Tests.WriterTests.PackageDocumentTests.ManifestTests" name="TestAddItemToManifest" />
    </UnitTest>
    <UnitTest name="TestAddItemToSpine (Epub3,&quot;page-spread-left&quot;,&quot;epub3_properties.opf&quot;)" storage="d:\a\dotnet-monorepo\dotnet-monorepo\src\artifacts\bin\epubs.tests\release_win-x64\epubs.tests.dll" id="19fedbcf-3e8f-80d3-8f00-c9b50d3782b5">
      <Execution id="45284c0a-aade-4cfb-9e56-e56bcff1d26b" />
      <TestMethod codeBase="D:\a\dotnet-monorepo\dotnet-monorepo\src\artifacts\bin\Epubs.Tests\release_win-x64\Epubs.Tests.dll" adapterTypeName="executor://mstestadapter/v4" className="Epubs.Tests.WriterTests.PackageDocumentTests.SpineTests" name="TestAddItemToSpine" />
    </UnitTest>
    <UnitTest name="TestAddPrePaginated (Epub3)" storage="d:\a\dotnet-monorepo\dotnet-monorepo\src\artifacts\bin\epubs.tests\release_win-x64\epubs.tests.dll" id="15879af3-5667-8627-8798-073634574cfb">
      <Execution id="d684b51d-dfe9-4780-95d7-b82a6c92f781" />
      <TestMethod codeBase="D:\a\dotnet-monorepo\dotnet-monorepo\src\artifacts\bin\Epubs.Tests\release_win-x64\Epubs.Tests.dll" adapterTypeName="executor://mstestadapter/v4" className="Epubs.Tests.WriterTests.PackageDocumentTests.MetadataTests" name="TestAddPrePaginated" />
    </UnitTest>
    <UnitTest name="TestAddCreator (Epub2,[],&quot;epub2_no_roles.opf&quot;)" storage="d:\a\dotnet-monorepo\dotnet-monorepo\src\artifacts\bin\epubs.tests\release_win-x64\epubs.tests.dll" id="139f1cb2-b2ce-8c72-a0dc-23e529c29a74">
      <Execution id="0844f4f1-004e-49ed-9d0d-e4a6472b05da" />
      <TestMethod codeBase="D:\a\dotnet-monorepo\dotnet-monorepo\src\artifacts\bin\Epubs.Tests\release_win-x64\Epubs.Tests.dll" adapterTypeName="executor://mstestadapter/v4" className="Epubs.Tests.WriterTests.PackageDocumentTests.MetadataTests" name="TestAddCreator" />
    </UnitTest>
    <UnitTest name="TestAddItemToSpine (Epub2,&quot;page-spread-left&quot;,&quot;epub2_properties.opf&quot;)" storage="d:\a\dotnet-monorepo\dotnet-monorepo\src\artifacts\bin\epubs.tests\release_win-x64\epubs.tests.dll" id="132a3618-bc6c-8626-b378-85737c5c1ffb">
      <Execution id="9cf0a5c6-5ee5-4633-9c64-1ea6ebc5b139" />
      <TestMethod codeBase="D:\a\dotnet-monorepo\dotnet-monorepo\src\artifacts\bin\Epubs.Tests\release_win-x64\Epubs.Tests.dll" adapterTypeName="executor://mstestadapter/v4" className="Epubs.Tests.WriterTests.PackageDocumentTests.SpineTests" name="TestAddItemToSpine" />
    </UnitTest>
    <UnitTest name="TestAddItemToManifest (Epub3,&quot;cover.jpg&quot;,&quot;cover-image&quot;,&quot;cover-id&quot;,&quot;epub3_properties_id.opf&quot;)" storage="d:\a\dotnet-monorepo\dotnet-monorepo\src\artifacts\bin\epubs.tests\release_win-x64\epubs.tests.dll" id="1d6f9d40-3288-8453-b9b2-5ea56e2a4753">
      <Execution id="0f03e020-6727-406a-8595-c6677a7eb844" />
      <TestMethod codeBase="D:\a\dotnet-monorepo\dotnet-monorepo\src\artifacts\bin\Epubs.Tests\release_win-x64\Epubs.Tests.dll" adapterTypeName="executor://mstestadapter/v4" className="Epubs.Tests.WriterTests.PackageDocumentTests.ManifestTests" name="TestAddItemToManifest" />
    </UnitTest>
    <UnitTest name="TestAddNavItem (Epub3)" storage="d:\a\dotnet-monorepo\dotnet-monorepo\src\artifacts\bin\epubs.tests\release_win-x64\epubs.tests.dll" id="1229b021-b396-8067-9d67-6db2b8bc72b7">
      <Execution id="d7922fbd-1a6b-4d08-9a56-e63bba55d8f0" />
      <TestMethod codeBase="D:\a\dotnet-monorepo\dotnet-monorepo\src\artifacts\bin\Epubs.Tests\release_win-x64\Epubs.Tests.dll" adapterTypeName="executor://mstestadapter/v4" className="Epubs.Tests.WriterTests.NavigationTests.NcxTests" name="TestAddNavItem" />
    </UnitTest>
    <UnitTest name="TestGetRelativePath (&quot;a/b/c&quot;,&quot;b/c/d&quot;,&quot;../../../a/b/c&quot;)" storage="d:\a\dotnet-monorepo\dotnet-monorepo\src\artifacts\bin\epubs.tests\release_win-x64\epubs.tests.dll" id="1f027eb2-66bc-8be8-8300-bf63e361e75e">
      <Execution id="94c2aeb7-60a9-45da-878c-495df1c4a3f3" />
      <TestMethod codeBase="D:\a\dotnet-monorepo\dotnet-monorepo\src\artifacts\bin\Epubs.Tests\release_win-x64\Epubs.Tests.dll" adapterTypeName="executor://mstestadapter/v4" className="Epubs.Tests.EpubPathsTests" name="TestGetRelativePath" />
    </UnitTest>
    <UnitTest name="TestAddTitle (Epub3)" storage="d:\a\dotnet-monorepo\dotnet-monorepo\src\artifacts\bin\epubs.tests\release_win-x64\epubs.tests.dll" id="17e7e5f5-8e92-8ea9-bd8b-79d2ff2868d6">
      <Execution id="1185a19c-7030-47d0-abf5-476e461c8e71" />
      <TestMethod codeBase="D:\a\dotnet-monorepo\dotnet-monorepo\src\artifacts\bin\Epubs.Tests\release_win-x64\Epubs.Tests.dll" adapterTypeName="executor://mstestadapter/v4" className="Epubs.Tests.WriterTests.NavigationTests.NcxTests" name="TestAddTitle" />
    </UnitTest>
    <UnitTest name="TestAddItemToSpine (Epub3,null,&quot;epub3_noproperties.opf&quot;)" storage="d:\a\dotnet-monorepo\dotnet-monorepo\src\artifacts\bin\epubs.tests\release_win-x64\epubs.tests.dll" id="1a00353d-820e-8fa3-9091-7b2ebff721ec">
      <Execution id="e939cea9-a771-49f0-a079-8798aa33acc6" />
      <TestMethod codeBase="D:\a\dotnet-monorepo\dotnet-monorepo\src\artifacts\bin\Epubs.Tests\release_win-x64\Epubs.Tests.dll" adapterTypeName="executor://mstestadapter/v4" className="Epubs.Tests.WriterTests.PackageDocumentTests.SpineTests" name="TestAddItemToSpine" />
    </UnitTest>
    <UnitTest name="TestAddItemToManifest (Epub2,&quot;cover.jpg&quot;,&quot;cover-image&quot;,&quot;cover-id&quot;,&quot;epub2_properties_id.opf&quot;)" storage="d:\a\dotnet-monorepo\dotnet-monorepo\src\artifacts\bin\epubs.tests\release_win-x64\epubs.tests.dll" id="1c0b229c-cfde-842a-8c76-19a571413f49">
      <Execution id="bf53cb4e-701e-45ed-b3e9-e3adc6322063" />
      <TestMethod codeBase="D:\a\dotnet-monorepo\dotnet-monorepo\src\artifacts\bin\Epubs.Tests\release_win-x64\Epubs.Tests.dll" adapterTypeName="executor://mstestadapter/v4" className="Epubs.Tests.WriterTests.PackageDocumentTests.ManifestTests" name="TestAddItemToManifest" />
    </UnitTest>
    <UnitTest name="TestAddTitle (Epub2)" storage="d:\a\dotnet-monorepo\dotnet-monorepo\src\artifacts\bin\epubs.tests\release_win-x64\epubs.tests.dll" id="1b20638b-a8a6-85af-8458-b3b7c366f1d5">
      <Execution id="bcccc081-bc84-4ee9-8333-f019e500647c" />
      <TestMethod codeBase="D:\a\dotnet-monorepo\dotnet-monorepo\src\artifacts\bin\Epubs.Tests\release_win-x64\Epubs.Tests.dll" adapterTypeName="executor://mstestadapter/v4" className="Epubs.Tests.WriterTests.NavigationTests.NcxTests" name="TestAddTitle" />
    </UnitTest>
    <UnitTest name="TestAddNavItem (Epub2)" storage="d:\a\dotnet-monorepo\dotnet-monorepo\src\artifacts\bin\epubs.tests\release_win-x64\epubs.tests.dll" id="132c93fc-99cf-80a0-b0a6-22904c48670f">
      <Execution id="9c705e91-15ce-4dbb-ad67-4ad302fb9fcb" />
      <TestMethod codeBase="D:\a\dotnet-monorepo\dotnet-monorepo\src\artifacts\bin\Epubs.Tests\release_win-x64\Epubs.Tests.dll" adapterTypeName="executor://mstestadapter/v4" className="Epubs.Tests.WriterTests.NavigationTests.NavigationDocumentTests" name="TestAddNavItem" />
    </UnitTest>
    <UnitTest name="TestAddLanguage (Epub3)" storage="d:\a\dotnet-monorepo\dotnet-monorepo\src\artifacts\bin\epubs.tests\release_win-x64\epubs.tests.dll" id="1cef8686-5f34-86de-a6a3-8d35bb7afd79">
      <Execution id="3deec709-ac02-4bb0-97df-c53c223677a4" />
      <TestMethod codeBase="D:\a\dotnet-monorepo\dotnet-monorepo\src\artifacts\bin\Epubs.Tests\release_win-x64\Epubs.Tests.dll" adapterTypeName="executor://mstestadapter/v4" className="Epubs.Tests.WriterTests.PackageDocumentTests.MetadataTests" name="TestAddLanguage" />
    </UnitTest>
    <UnitTest name="TestAddCreator (Epub3,[],&quot;epub3_no_roles.opf&quot;)" storage="d:\a\dotnet-monorepo\dotnet-monorepo\src\artifacts\bin\epubs.tests\release_win-x64\epubs.tests.dll" id="18633743-5a95-84ca-aa1a-84a0ca6b512e">
      <Execution id="e6667dbc-d21b-482f-bf08-271dfce83972" />
      <TestMethod codeBase="D:\a\dotnet-monorepo\dotnet-monorepo\src\artifacts\bin\Epubs.Tests\release_win-x64\Epubs.Tests.dll" adapterTypeName="executor://mstestadapter/v4" className="Epubs.Tests.WriterTests.PackageDocumentTests.MetadataTests" name="TestAddCreator" />
    </UnitTest>
    <UnitTest name="TestGetRelativePath (&quot;&quot;,&quot;a/b/c&quot;,&quot;../../..&quot;)" storage="d:\a\dotnet-monorepo\dotnet-monorepo\src\artifacts\bin\epubs.tests\release_win-x64\epubs.tests.dll" id="163d9d25-3781-8d01-aa89-fb0ed455ce67">
      <Execution id="36b03536-8e32-4c69-9d09-faeb212a6308" />
      <TestMethod codeBase="D:\a\dotnet-monorepo\dotnet-monorepo\src\artifacts\bin\Epubs.Tests\release_win-x64\Epubs.Tests.dll" adapterTypeName="executor://mstestadapter/v4" className="Epubs.Tests.EpubPathsTests" name="TestGetRelativePath" />
    </UnitTest>
  </TestDefinitions>
  <TestEntries>
    <TestEntry testId="16734436-cecd-83b5-8627-bcedb89c8296" executionId="8415fe0f-6187-47ee-91d1-bbd03beb6076" testListId="8c84fa94-04c1-424b-9868-57a2d4851a1d" />
    <TestEntry testId="18f58b21-b2c3-803b-8cb0-4e08dd113f73" executionId="042a1fe9-7515-41e1-aaba-51de400b47f9" testListId="8c84fa94-04c1-424b-9868-57a2d4851a1d" />
    <TestEntry testId="17163b0e-a15f-81ae-864e-083555ff6db1" executionId="4e636e84-5e52-4984-aac6-def611339a62" testListId="8c84fa94-04c1-424b-9868-57a2d4851a1d" />
    <TestEntry testId="1ec0effe-5d9b-8d26-ab26-1e26e51fca30" executionId="7568b4dc-173d-45f9-b5b9-c3355516774c" testListId="8c84fa94-04c1-424b-9868-57a2d4851a1d" />
    <TestEntry testId="13acc5b9-b971-8983-8930-49d6f4051f77" executionId="548d7f62-c202-4e29-b0ee-e9d36f503f73" testListId="8c84fa94-04c1-424b-9868-57a2d4851a1d" />
    <TestEntry testId="1d853697-1c40-8ef7-b701-75fcb83d716c" executionId="c88d3cf2-06d4-4acc-989e-7e82089a6c14" testListId="8c84fa94-04c1-424b-9868-57a2d4851a1d" />
    <TestEntry testId="1c344ecb-28e7-8e25-b223-6e397f5054f4" executionId="5dac9082-593b-4123-aaee-745ed18080a5" testListId="8c84fa94-04c1-424b-9868-57a2d4851a1d" />
    <TestEntry testId="1dc58f02-8bfb-87ff-8152-97912961162e" executionId="972f6823-4433-4cb1-890f-0de7fdb10a4d" testListId="8c84fa94-04c1-424b-9868-57a2d4851a1d" />
    <TestEntry testId="163d9d25-3781-8d01-aa89-fb0ed455ce67" executionId="36b03536-8e32-4c69-9d09-faeb212a6308" testListId="8c84fa94-04c1-424b-9868-57a2d4851a1d" />
    <TestEntry testId="17e7e5f5-8e92-8ea9-bd8b-79d2ff2868d6" executionId="1185a19c-7030-47d0-abf5-476e461c8e71" testListId="8c84fa94-04c1-424b-9868-57a2d4851a1d" />
    <TestEntry testId="1a5dc06e-54fd-8d2c-a693-2b5cb2a6574b" executionId="80309ba0-f525-461a-8366-241f161db334" testListId="8c84fa94-04c1-424b-9868-57a2d4851a1d" />
    <TestEntry testId="14d0cd07-d554-8a17-ae84-6d68b4a68e29" executionId="feb4e444-cc32-49df-8afc-0ea30dac058c" testListId="8c84fa94-04c1-424b-9868-57a2d4851a1d" />
    <TestEntry testId="17b70e0f-1bb5-8232-bb22-ad292bd4ca53" executionId="8fc1e500-4285-4ffb-8e2e-ae7758e2d48f" testListId="8c84fa94-04c1-424b-9868-57a2d4851a1d" />
    <TestEntry testId="1e8f751a-7342-8e0a-8749-cd28c43d3882" executionId="ccfe2980-0083-4065-8a93-08c5a5b4f187" testListId="8c84fa94-04c1-424b-9868-57a2d4851a1d" />
    <TestEntry testId="196202e8-80f4-8220-b7a4-03bed006a872" executionId="f2b2bae6-a75f-4320-a7f2-4392c2604885" testListId="8c84fa94-04c1-424b-9868-57a2d4851a1d" />
    <TestEntry testId="1a7fb99e-f52f-8ccc-ab1f-13586db79d1e" executionId="f73b87eb-5167-40bc-a802-7adbbde99611" testListId="8c84fa94-04c1-424b-9868-57a2d4851a1d" />
    <TestEntry testId="1f027eb2-66bc-8be8-8300-bf63e361e75e" executionId="94c2aeb7-60a9-45da-878c-495df1c4a3f3" testListId="8c84fa94-04c1-424b-9868-57a2d4851a1d" />
    <TestEntry testId="1e13994d-6844-8233-9112-553b896408e8" executionId="5802a7f1-a287-43e3-baea-f1bd43c19af3" testListId="8c84fa94-04c1-424b-9868-57a2d4851a1d" />
    <TestEntry testId="17cbd791-edb7-8411-9f3d-d0fe1b2fcf02" executionId="2478d8fa-8aff-4f0f-a183-b0d42e4961d1" testListId="8c84fa94-04c1-424b-9868-57a2d4851a1d" />
    <TestEntry testId="1584ef67-fe1c-864d-a045-629d708e2516" executionId="26257855-4b06-41fd-a585-d95b108ab2bf" testListId="8c84fa94-04c1-424b-9868-57a2d4851a1d" />
    <TestEntry testId="1d890bf7-586d-85b6-b06c-8f6a41e0ae1e" executionId="c4a2b25c-d715-4f69-bcf8-7672120bfd29" testListId="8c84fa94-04c1-424b-9868-57a2d4851a1d" />
    <TestEntry testId="18b99c28-043f-8fa7-a585-45f8db35abe5" executionId="4cfde0bc-9854-43f8-93bc-3723655d8e1a" testListId="8c84fa94-04c1-424b-9868-57a2d4851a1d" />
    <TestEntry testId="1ad59a54-6162-8915-b78f-cbce5547287d" executionId="1c2bc6b9-2413-4e45-aa46-a98a84ff09dc" testListId="8c84fa94-04c1-424b-9868-57a2d4851a1d" />
    <TestEntry testId="18fb7630-93a1-828b-a9e1-500b27327666" executionId="b10211a1-50a9-48dc-81d8-6f8732ca4447" testListId="8c84fa94-04c1-424b-9868-57a2d4851a1d" />
    <TestEntry testId="12fc392e-8199-86c7-8604-b296f0959a0f" executionId="f65cfa56-fbf4-4a1b-a7ea-a6e6fc2d74c9" testListId="8c84fa94-04c1-424b-9868-57a2d4851a1d" />
    <TestEntry testId="1606129a-0ad6-89b1-8eb5-de137dec383d" executionId="9c145903-14f4-4691-b24e-be449786b43e" testListId="8c84fa94-04c1-424b-9868-57a2d4851a1d" />
    <TestEntry testId="1576e578-fb17-8c86-9f06-aa7cda5c1b5a" executionId="4595e555-4b9b-41d3-aa01-65b829db0462" testListId="8c84fa94-04c1-424b-9868-57a2d4851a1d" />
    <TestEntry testId="104fae68-6cd5-841d-8283-464853a139a3" executionId="187280b6-4144-40fc-bc1a-65580951e3c7" testListId="8c84fa94-04c1-424b-9868-57a2d4851a1d" />
    <TestEntry testId="1d6f9d40-3288-8453-b9b2-5ea56e2a4753" executionId="0f03e020-6727-406a-8595-c6677a7eb844" testListId="8c84fa94-04c1-424b-9868-57a2d4851a1d" />
    <TestEntry testId="13bb92f3-9643-8d68-aa0d-763f51bdbf81" executionId="8706ef3f-370b-42d7-b58a-4677eca02085" testListId="8c84fa94-04c1-424b-9868-57a2d4851a1d" />
    <TestEntry testId="1cef8686-5f34-86de-a6a3-8d35bb7afd79" executionId="3deec709-ac02-4bb0-97df-c53c223677a4" testListId="8c84fa94-04c1-424b-9868-57a2d4851a1d" />
    <TestEntry testId="16e56989-76a7-8585-b943-e273cd2ed1c2" executionId="1414aa18-81fd-4dd6-af68-746522e48ea0" testListId="8c84fa94-04c1-424b-9868-57a2d4851a1d" />
    <TestEntry testId="178c28d6-788e-8eb5-bd79-d8ce91ec7454" executionId="844f6a58-c8f6-4e50-bb4e-2b1f6f527d9a" testListId="8c84fa94-04c1-424b-9868-57a2d4851a1d" />
    <TestEntry testId="1229b021-b396-8067-9d67-6db2b8bc72b7" executionId="d7922fbd-1a6b-4d08-9a56-e63bba55d8f0" testListId="8c84fa94-04c1-424b-9868-57a2d4851a1d" />
    <TestEntry testId="1907624b-6009-89cb-a76c-8b426f68f298" executionId="d8e3a4ce-b839-4a0a-867a-c944cd5092a3" testListId="8c84fa94-04c1-424b-9868-57a2d4851a1d" />
    <TestEntry testId="1a00353d-820e-8fa3-9091-7b2ebff721ec" executionId="e939cea9-a771-49f0-a079-8798aa33acc6" testListId="8c84fa94-04c1-424b-9868-57a2d4851a1d" />
    <TestEntry testId="1bf56acc-bc6b-8496-947d-aa65e255463c" executionId="5944c196-ccf3-4f74-a7a6-a96db2fe83ad" testListId="8c84fa94-04c1-424b-9868-57a2d4851a1d" />
    <TestEntry testId="11ca93a8-296b-8476-9f0b-6fc4b090990d" executionId="e2908216-2645-43bf-9878-3447b66b8878" testListId="8c84fa94-04c1-424b-9868-57a2d4851a1d" />
    <TestEntry testId="18633743-5a95-84ca-aa1a-84a0ca6b512e" executionId="e6667dbc-d21b-482f-bf08-271dfce83972" testListId="8c84fa94-04c1-424b-9868-57a2d4851a1d" />
    <TestEntry testId="132a3618-bc6c-8626-b378-85737c5c1ffb" executionId="9cf0a5c6-5ee5-4633-9c64-1ea6ebc5b139" testListId="8c84fa94-04c1-424b-9868-57a2d4851a1d" />
    <TestEntry testId="1b20638b-a8a6-85af-8458-b3b7c366f1d5" executionId="bcccc081-bc84-4ee9-8333-f019e500647c" testListId="8c84fa94-04c1-424b-9868-57a2d4851a1d" />
    <TestEntry testId="139f1cb2-b2ce-8c72-a0dc-23e529c29a74" executionId="0844f4f1-004e-49ed-9d0d-e4a6472b05da" testListId="8c84fa94-04c1-424b-9868-57a2d4851a1d" />
    <TestEntry testId="1c0b229c-cfde-842a-8c76-19a571413f49" executionId="bf53cb4e-701e-45ed-b3e9-e3adc6322063" testListId="8c84fa94-04c1-424b-9868-57a2d4851a1d" />
    <TestEntry testId="1011288e-031f-8748-b274-76a1b0e99c39" executionId="ad6c1375-5770-46f2-9aba-2e96a907f654" testListId="8c84fa94-04c1-424b-9868-57a2d4851a1d" />
    <TestEntry testId="19fedbcf-3e8f-80d3-8f00-c9b50d3782b5" executionId="45284c0a-aade-4cfb-9e56-e56bcff1d26b" testListId="8c84fa94-04c1-424b-9868-57a2d4851a1d" />
    <TestEntry testId="1f86d215-1c27-8857-97b9-0ba7f808e19d" executionId="83eede6f-db5d-40f6-bad4-67bc8bf02a83" testListId="8c84fa94-04c1-424b-9868-57a2d4851a1d" />
    <TestEntry testId="12509452-eb51-8bd2-8023-5d9d95470f16" executionId="9e26ea8a-2a45-452c-a350-bb80f9f73171" testListId="8c84fa94-04c1-424b-9868-57a2d4851a1d" />
    <TestEntry testId="110d5f63-5620-8288-a852-48415a5701b6" executionId="b18adf46-6d0c-43b2-b2e3-cbfb97f288a1" testListId="8c84fa94-04c1-424b-9868-57a2d4851a1d" />
    <TestEntry testId="15879af3-5667-8627-8798-073634574cfb" executionId="d684b51d-dfe9-4780-95d7-b82a6c92f781" testListId="8c84fa94-04c1-424b-9868-57a2d4851a1d" />
    <TestEntry testId="178aa3ea-46b0-8718-8f38-a36a6d78e6f8" executionId="72d628ae-6609-4068-ad27-06a679e58843" testListId="8c84fa94-04c1-424b-9868-57a2d4851a1d" />
    <TestEntry testId="132c93fc-99cf-80a0-b0a6-22904c48670f" executionId="9c705e91-15ce-4dbb-ad67-4ad302fb9fcb" testListId="8c84fa94-04c1-424b-9868-57a2d4851a1d" />
    <TestEntry testId="1f20d052-efc6-827b-8ace-2d57870f3d7b" executionId="20355c99-f5c3-4dff-93e1-62b6913ea1bb" testListId="8c84fa94-04c1-424b-9868-57a2d4851a1d" />
    <TestEntry testId="124a442d-5cef-8a5e-832b-b6cc6c966046" executionId="317f0771-d7b4-441c-a232-794a82ae5b84" testListId="8c84fa94-04c1-424b-9868-57a2d4851a1d" />
    <TestEntry testId="14c058b4-2c86-895b-b0b1-cc5b57859157" executionId="68406ac9-31d7-4e28-9361-b3fd9ae13d80" testListId="8c84fa94-04c1-424b-9868-57a2d4851a1d" />
    <TestEntry testId="12ab518a-33ba-8068-a833-7799730fcbd5" executionId="5ece4949-7592-48c3-aca2-f85a84d00e77" testListId="8c84fa94-04c1-424b-9868-57a2d4851a1d" />
  </TestEntries>
  <TestLists>
    <TestList name="Results Not in a List" id="8c84fa94-04c1-424b-9868-57a2d4851a1d" />
    <TestList name="All Loaded Results" id="19431567-8539-422a-85d7-44ee4e166bda" />
  </TestLists>
  <ResultSummary outcome="Completed">
    <Counters total="55" executed="55" passed="55" failed="0" error="0" timeout="0" aborted="0" inconclusive="0" passedButRunAborted="0" notRunnable="0" notExecuted="0" disconnected="0" warning="0" completed="0" inProgress="0" pending="0" />
    <Output>
      <StdOut>Test Parallelization enabled for D:\a\dotnet-monorepo\dotnet-monorepo\src\artifacts\bin\Epubs.Tests\release_win-x64\Epubs.Tests.dll (Workers: 4, Scope: ClassLevel)&#xD;
</StdOut>
    </Output>
  </ResultSummary>
</TestRun>