<?xml version="1.0" encoding="utf-8"?>
<TestRun id="1d99b4d6-cac6-4d3e-97f3-07f2138ee5b2" name="@runnervm3jd5f 2026-07-20 02:01:13" xmlns="http://microsoft.com/schemas/VisualStudio/TeamTest/2010">
  <Times creation="2026-07-20T02:01:13.4180803+00:00" queuing="2026-07-20T02:01:13.4180804+00:00" start="2026-07-20T02:01:12.8156220+00:00" finish="2026-07-20T02:01:13.4802646+00:00" />
  <TestSettings name="default" id="558e59c6-6fbd-4d51-b373-69323926b6fa">
    <Deployment runDeploymentRoot="_runnervm3jd5f_2026-07-20_02_01_13" />
  </TestSettings>
  <Results>
    <UnitTestResult executionId="f1d267d1-d0d6-478b-98a0-297fa2df1428" testId="132a3618-bc6c-8626-b378-85737c5c1ffb" testName="TestAddItemToSpine (Epub2,&quot;page-spread-left&quot;,&quot;epub2_properties.opf&quot;)" computerName="runnervm3jd5f" duration="00:00:00.0005679" startTime="2026-07-20T02:01:13.3729912+00:00" endTime="2026-07-20T02:01:13.3736391+00:00" testType="13cdc9d9-ddb5-4fa4-a97d-d965ccfc6d4b" outcome="Passed" testListId="8c84fa94-04c1-424b-9868-57a2d4851a1d" relativeResultsDirectory="f1d267d1-d0d6-478b-98a0-297fa2df1428" />
    <UnitTestResult executionId="4572db67-46f5-4c6b-a8bf-ed9f5939114b" testId="1ec0effe-5d9b-8d26-ab26-1e26e51fca30" testName="TestAddItemToManifest (Epub2,&quot;cover.jpg&quot;,null,null,&quot;epub2_noproperties_noid.opf&quot;)" computerName="runnervm3jd5f" duration="00:00:00.0001140" startTime="2026-07-20T02:01:13.3687907+00:00" endTime="2026-07-20T02:01:13.3695950+00:00" testType="13cdc9d9-ddb5-4fa4-a97d-d965ccfc6d4b" outcome="Passed" testListId="8c84fa94-04c1-424b-9868-57a2d4851a1d" relativeResultsDirectory="4572db67-46f5-4c6b-a8bf-ed9f5939114b" />
    <UnitTestResult executionId="532f8dd2-5315-490d-93ea-0fd530a02a21" testId="1cb53fa7-66ef-886d-96df-85f4e3a5f607" testName="TestResolvePath (&quot;a/b/c&quot;,&quot;../../d/e&quot;,&quot;a/d/e&quot;)" computerName="runnervm3jd5f" duration="00:00:00.0000052" startTime="2026-07-20T02:01:13.3678032+00:00" endTime="2026-07-20T02:01:13.3678429+00:00" testType="13cdc9d9-ddb5-4fa4-a97d-d965ccfc6d4b" outcome="Passed" testListId="8c84fa94-04c1-424b-9868-57a2d4851a1d" relativeResultsDirectory="532f8dd2-5315-490d-93ea-0fd530a02a21" />
    <UnitTestResult executionId="c3fac3b6-6ebd-4c46-a9c1-31ef2d2f80fd" testId="14d0cd07-d554-8a17-ae84-6d68b4a68e29" testName="TestAddNcx (Epub3,&quot;epub3_ncx.opf&quot;)" computerName="runnervm3jd5f" duration="00:00:00.0003039" startTime="2026-07-20T02:01:13.3740679+00:00" endTime="2026-07-20T02:01:13.3744386+00:00" testType="13cdc9d9-ddb5-4fa4-a97d-d965ccfc6d4b" outcome="Passed" testListId="8c84fa94-04c1-424b-9868-57a2d4851a1d" relativeResultsDirectory="c3fac3b6-6ebd-4c46-a9c1-31ef2d2f80fd" />
    <UnitTestResult executionId="0fd62adb-e20a-44a8-9c15-3d2fcf39b267" testId="1ad59a54-6162-8915-b78f-cbce5547287d" testName="TestAddCreator (Epub2,[&quot;aut&quot;],&quot;epub2_one_role.opf&quot;)" computerName="runnervm3jd5f" duration="00:00:00.0001374" startTime="2026-07-20T02:01:13.3807215+00:00" endTime="2026-07-20T02:01:13.3809020+00:00" testType="13cdc9d9-ddb5-4fa4-a97d-d965ccfc6d4b" outcome="Passed" testListId="8c84fa94-04c1-424b-9868-57a2d4851a1d" relativeResultsDirectory="0fd62adb-e20a-44a8-9c15-3d2fcf39b267" />
    <UnitTestResult executionId="8cdaf9a0-bd53-40f7-821d-ad15029f9654" testId="1bf56acc-bc6b-8496-947d-aa65e255463c" testName="TestAddNavItem (Epub3)" computerName="runnervm3jd5f" duration="00:00:00.0030644" startTime="2026-07-20T02:01:13.3722619+00:00" endTime="2026-07-20T02:01:13.3754203+00:00" testType="13cdc9d9-ddb5-4fa4-a97d-d965ccfc6d4b" outcome="Passed" testListId="8c84fa94-04c1-424b-9868-57a2d4851a1d" relativeResultsDirectory="8cdaf9a0-bd53-40f7-821d-ad15029f9654" />
    <UnitTestResult executionId="ee0aca29-a9c1-4e3f-9e2f-03f1fd13d2f3" testId="124a442d-5cef-8a5e-832b-b6cc6c966046" testName="TestAddIdentifier (Epub2)" computerName="runnervm3jd5f" duration="00:00:00.0004523" startTime="2026-07-20T02:01:13.3731808+00:00" endTime="2026-07-20T02:01:13.3736935+00:00" testType="13cdc9d9-ddb5-4fa4-a97d-d965ccfc6d4b" outcome="Passed" testListId="8c84fa94-04c1-424b-9868-57a2d4851a1d" relativeResultsDirectory="ee0aca29-a9c1-4e3f-9e2f-03f1fd13d2f3" />
    <UnitTestResult executionId="d5ffdf82-a36e-4e16-8543-be8b418a7587" testId="13bb92f3-9643-8d68-aa0d-763f51bdbf81" testName="TestAddIdentifier (Epub3)" computerName="runnervm3jd5f" duration="00:00:00.0006729" startTime="2026-07-20T02:01:13.3790382+00:00" endTime="2026-07-20T02:01:13.3797853+00:00" testType="13cdc9d9-ddb5-4fa4-a97d-d965ccfc6d4b" outcome="Passed" testListId="8c84fa94-04c1-424b-9868-57a2d4851a1d" relativeResultsDirectory="d5ffdf82-a36e-4e16-8543-be8b418a7587" />
    <UnitTestResult executionId="65a8d4a6-8146-42a4-9b92-9416d8ec1812" testId="1dc58f02-8bfb-87ff-8152-97912961162e" testName="TestAddModified (Epub2)" computerName="runnervm3jd5f" duration="00:00:00.0003372" startTime="2026-07-20T02:01:13.3873080+00:00" endTime="2026-07-20T02:01:13.3899895+00:00" testType="13cdc9d9-ddb5-4fa4-a97d-d965ccfc6d4b" outcome="Passed" testListId="8c84fa94-04c1-424b-9868-57a2d4851a1d" relativeResultsDirectory="65a8d4a6-8146-42a4-9b92-9416d8ec1812" />
    <UnitTestResult executionId="1f853938-f051-406a-9400-b2beb732acda" testId="1c0b229c-cfde-842a-8c76-19a571413f49" testName="TestAddItemToManifest (Epub2,&quot;cover.jpg&quot;,&quot;cover-image&quot;,&quot;cover-id&quot;,&quot;epub2_properties_id.opf&quot;)" computerName="runnervm3jd5f" duration="00:00:00.0005931" startTime="2026-07-20T02:01:13.3677963+00:00" endTime="2026-07-20T02:01:13.3684505+00:00" testType="13cdc9d9-ddb5-4fa4-a97d-d965ccfc6d4b" outcome="Passed" testListId="8c84fa94-04c1-424b-9868-57a2d4851a1d" relativeResultsDirectory="1f853938-f051-406a-9400-b2beb732acda" />
    <UnitTestResult executionId="f16730fe-7871-486f-9727-152b9e16f320" testId="1606129a-0ad6-89b1-8eb5-de137dec383d" testName="TestAddLeftToRight (Epub2,&quot;epub2_ltr.opf&quot;)" computerName="runnervm3jd5f" duration="00:00:00.0004310" startTime="2026-07-20T02:01:13.3766068+00:00" endTime="2026-07-20T02:01:13.3771037+00:00" testType="13cdc9d9-ddb5-4fa4-a97d-d965ccfc6d4b" outcome="Passed" testListId="8c84fa94-04c1-424b-9868-57a2d4851a1d" relativeResultsDirectory="f16730fe-7871-486f-9727-152b9e16f320" />
    <UnitTestResult executionId="23c92e90-9c1b-4d5e-b4e2-1af29b4abdd4" testId="11ca93a8-296b-8476-9f0b-6fc4b090990d" testName="TestGetRelativePath (&quot;a/b/c&quot;,&quot;&quot;,&quot;a/b/c&quot;)" computerName="runnervm3jd5f" duration="00:00:00.0000073" startTime="2026-07-20T02:01:13.3337788+00:00" endTime="2026-07-20T02:01:13.3338233+00:00" testType="13cdc9d9-ddb5-4fa4-a97d-d965ccfc6d4b" outcome="Passed" testListId="8c84fa94-04c1-424b-9868-57a2d4851a1d" relativeResultsDirectory="23c92e90-9c1b-4d5e-b4e2-1af29b4abdd4" />
    <UnitTestResult executionId="1226d86d-60b0-4223-bb97-32d8d93a8bf8" testId="139f1cb2-b2ce-8c72-a0dc-23e529c29a74" testName="TestAddCreator (Epub2,[],&quot;epub2_no_roles.opf&quot;)" computerName="runnervm3jd5f" duration="00:00:00.0003558" startTime="2026-07-20T02:01:13.3792426+00:00" endTime="2026-07-20T02:01:13.3796554+00:00" testType="13cdc9d9-ddb5-4fa4-a97d-d965ccfc6d4b" outcome="Passed" testListId="8c84fa94-04c1-424b-9868-57a2d4851a1d" relativeResultsDirectory="1226d86d-60b0-4223-bb97-32d8d93a8bf8" />
    <UnitTestResult executionId="05a153fb-9e75-406e-b6d6-a9b74f7ec7f8" testId="1f86d215-1c27-8857-97b9-0ba7f808e19d" testName="TestGetRelativePath (&quot;a/b/c&quot;,&quot;a&quot;,&quot;b/c&quot;)" computerName="runnervm3jd5f" duration="00:00:00.0089392" startTime="2026-07-20T02:01:13.2976320+00:00" endTime="2026-07-20T02:01:13.3253783+00:00" testType="13cdc9d9-ddb5-4fa4-a97d-d965ccfc6d4b" outcome="Passed" testListId="8c84fa94-04c1-424b-9868-57a2d4851a1d" relativeResultsDirectory="05a153fb-9e75-406e-b6d6-a9b74f7ec7f8" />
    <UnitTestResult executionId="b1b22850-c15f-4db7-bb22-33ba36762e67" testId="17163b0e-a15f-81ae-864e-083555ff6db1" testName="TestAddPrePaginated (Epub2)" computerName="runnervm3jd5f" duration="00:00:00.0004190" startTime="2026-07-20T02:01:13.3862059+00:00" endTime="2026-07-20T02:01:13.3866745+00:00" testType="13cdc9d9-ddb5-4fa4-a97d-d965ccfc6d4b" outcome="Passed" testListId="8c84fa94-04c1-424b-9868-57a2d4851a1d" relativeResultsDirectory="b1b22850-c15f-4db7-bb22-33ba36762e67" />
    <UnitTestResult executionId="35220423-da2c-4a6e-a8ea-b5bb28c57289" testId="18b99c28-043f-8fa7-a585-45f8db35abe5" testName="TestAddItemToManifest (Epub3,&quot;cover.jpg&quot;,null,null,&quot;epub3_noproperties_noid.opf&quot;)" computerName="runnervm3jd5f" duration="00:00:00.0002438" startTime="2026-07-20T02:01:13.3684719+00:00" endTime="2026-07-20T02:01:13.3687681+00:00" testType="13cdc9d9-ddb5-4fa4-a97d-d965ccfc6d4b" outcome="Passed" testListId="8c84fa94-04c1-424b-9868-57a2d4851a1d" relativeResultsDirectory="35220423-da2c-4a6e-a8ea-b5bb28c57289" />
    <UnitTestResult executionId="da51d1a4-d074-4e22-8eee-fd25136e20da" testId="1e8f751a-7342-8e0a-8749-cd28c43d3882" testName="TestGetContainerXmlDocument (Epub2)" computerName="runnervm3jd5f" duration="00:00:00.0004989" startTime="2026-07-20T02:01:13.3821790+00:00" endTime="2026-07-20T02:01:13.3827295+00:00" testType="13cdc9d9-ddb5-4fa4-a97d-d965ccfc6d4b" outcome="Passed" testListId="8c84fa94-04c1-424b-9868-57a2d4851a1d" relativeResultsDirectory="da51d1a4-d074-4e22-8eee-fd25136e20da" />
    <UnitTestResult executionId="1c78c5a0-0b6a-4e96-b52f-307d11e1973d" testId="12509452-eb51-8bd2-8023-5d9d95470f16" testName="TestAddReferenceToGuide (Epub3)" computerName="runnervm3jd5f" duration="00:00:00.0343289" startTime="2026-07-20T02:01:13.2976707+00:00" endTime="2026-07-20T02:01:13.3489458+00:00" testType="13cdc9d9-ddb5-4fa4-a97d-d965ccfc6d4b" outcome="Passed" testListId="8c84fa94-04c1-424b-9868-57a2d4851a1d" relativeResultsDirectory="1c78c5a0-0b6a-4e96-b52f-307d11e1973d" />
    <UnitTestResult executionId="b4519c0b-38dc-4c5b-943b-b6e025658a23" testId="1d6f9d40-3288-8453-b9b2-5ea56e2a4753" testName="TestAddItemToManifest (Epub3,&quot;cover.jpg&quot;,&quot;cover-image&quot;,&quot;cover-id&quot;,&quot;epub3_properties_id.opf&quot;)" computerName="runnervm3jd5f" duration="00:00:00.0343472" startTime="2026-07-20T02:01:13.2976493+00:00" endTime="2026-07-20T02:01:13.3489449+00:00" testType="13cdc9d9-ddb5-4fa4-a97d-d965ccfc6d4b" outcome="Passed" testListId="8c84fa94-04c1-424b-9868-57a2d4851a1d" relativeResultsDirectory="b4519c0b-38dc-4c5b-943b-b6e025658a23" />
    <UnitTestResult executionId="aef3240f-c788-4c93-a990-fe71a7707c87" testId="1b26e4d7-3e0b-8adb-af94-08e50834077a" testName="TestResolvePath (&quot;a/b/c&quot;,&quot;../../../d/e&quot;,&quot;d/e&quot;)" computerName="runnervm3jd5f" duration="00:00:00.0000255" startTime="2026-07-20T02:01:13.3678506+00:00" endTime="2026-07-20T02:01:13.3695755+00:00" testType="13cdc9d9-ddb5-4fa4-a97d-d965ccfc6d4b" outcome="Passed" testListId="8c84fa94-04c1-424b-9868-57a2d4851a1d" relativeResultsDirectory="aef3240f-c788-4c93-a990-fe71a7707c87" />
    <UnitTestResult executionId="f014b2f3-9500-4fa8-b761-144056769b69" testId="110d5f63-5620-8288-a852-48415a5701b6" testName="TestAddIdentifier (Epub3)" computerName="runnervm3jd5f" duration="00:00:00.0007864" startTime="2026-07-20T02:01:13.3722458+00:00" endTime="2026-07-20T02:01:13.3731603+00:00" testType="13cdc9d9-ddb5-4fa4-a97d-d965ccfc6d4b" outcome="Passed" testListId="8c84fa94-04c1-424b-9868-57a2d4851a1d" relativeResultsDirectory="f014b2f3-9500-4fa8-b761-144056769b69" />
    <UnitTestResult executionId="6ca3096a-3469-42ed-a774-f579e2fdbe9e" testId="1a3f96ff-4c2e-82f1-a4ad-01abaff96e83" testName="TestResolvePath (&quot;a/b/c&quot;,&quot;../c&quot;,&quot;a/b/c&quot;)" computerName="runnervm3jd5f" duration="00:00:00.0000324" startTime="2026-07-20T02:01:13.3676380+00:00" endTime="2026-07-20T02:01:13.3677720+00:00" testType="13cdc9d9-ddb5-4fa4-a97d-d965ccfc6d4b" outcome="Passed" testListId="8c84fa94-04c1-424b-9868-57a2d4851a1d" relativeResultsDirectory="6ca3096a-3469-42ed-a774-f579e2fdbe9e" />
    <UnitTestResult executionId="d60ac322-7694-4bec-86de-32569d7e985e" testId="17cbd791-edb7-8411-9f3d-d0fe1b2fcf02" testName="TestAddItemToSpine (Epub2,null,&quot;epub2_noproperties.opf&quot;)" computerName="runnervm3jd5f" duration="00:00:00.0001235" startTime="2026-07-20T02:01:13.3738566+00:00" endTime="2026-07-20T02:01:13.3740482+00:00" testType="13cdc9d9-ddb5-4fa4-a97d-d965ccfc6d4b" outcome="Passed" testListId="8c84fa94-04c1-424b-9868-57a2d4851a1d" relativeResultsDirectory="d60ac322-7694-4bec-86de-32569d7e985e" />
    <UnitTestResult executionId="3e654840-194d-4d7e-8262-ad10a7168489" testId="16734436-cecd-83b5-8627-bcedb89c8296" testName="TestGetRelativePath (&quot;a/b/c&quot;,&quot;a/b/d&quot;,&quot;../c&quot;)" computerName="runnervm3jd5f" duration="00:00:00.0006035" startTime="2026-07-20T02:01:13.3321709+00:00" endTime="2026-07-20T02:01:13.3332169+00:00" testType="13cdc9d9-ddb5-4fa4-a97d-d965ccfc6d4b" outcome="Passed" testListId="8c84fa94-04c1-424b-9868-57a2d4851a1d" relativeResultsDirectory="3e654840-194d-4d7e-8262-ad10a7168489" />
    <UnitTestResult executionId="495102c4-81d9-4c6b-bb35-255a4af97dd4" testId="1d0b33a2-7e9b-8950-ad7c-1126beafd8dd" testName="TestResolvePath (&quot;&quot;,&quot;a/b/c&quot;,&quot;a/b/c&quot;)" computerName="runnervm3jd5f" duration="00:00:00.0004575" startTime="2026-07-20T02:01:13.3338767+00:00" endTime="2026-07-20T02:01:13.3343712+00:00" testType="13cdc9d9-ddb5-4fa4-a97d-d965ccfc6d4b" outcome="Passed" testListId="8c84fa94-04c1-424b-9868-57a2d4851a1d" relativeResultsDirectory="495102c4-81d9-4c6b-bb35-255a4af97dd4" />
    <UnitTestResult executionId="33e7d58a-21a0-4ad1-a4ff-3b5aadc3bf05" testId="1b20638b-a8a6-85af-8458-b3b7c366f1d5" testName="TestAddTitle (Epub2)" computerName="runnervm3jd5f" duration="00:00:00.0002895" startTime="2026-07-20T02:01:13.3822031+00:00" endTime="2026-07-20T02:01:13.3825471+00:00" testType="13cdc9d9-ddb5-4fa4-a97d-d965ccfc6d4b" outcome="Passed" testListId="8c84fa94-04c1-424b-9868-57a2d4851a1d" relativeResultsDirectory="33e7d58a-21a0-4ad1-a4ff-3b5aadc3bf05" />
    <UnitTestResult executionId="d0e5ee03-007d-4bb3-9d6a-84cbf4816896" testId="1c344ecb-28e7-8e25-b223-6e397f5054f4" testName="TestAddDate (Epub3)" computerName="runnervm3jd5f" duration="00:00:00.0005626" startTime="2026-07-20T02:01:13.3832123+00:00" endTime="2026-07-20T02:01:13.3838379+00:00" testType="13cdc9d9-ddb5-4fa4-a97d-d965ccfc6d4b" outcome="Passed" testListId="8c84fa94-04c1-424b-9868-57a2d4851a1d" relativeResultsDirectory="d0e5ee03-007d-4bb3-9d6a-84cbf4816896" />
    <UnitTestResult executionId="b28ea001-2125-4ca0-8813-d06b5143fd69" testId="1d853697-1c40-8ef7-b701-75fcb83d716c" testName="TestAddRightToLeft (Epub3,&quot;epub3_rtl.opf&quot;)" computerName="runnervm3jd5f" duration="00:00:00.0003006" startTime="2026-07-20T02:01:13.3781964+00:00" endTime="2026-07-20T02:01:13.3785508+00:00" testType="13cdc9d9-ddb5-4fa4-a97d-d965ccfc6d4b" outcome="Passed" testListId="8c84fa94-04c1-424b-9868-57a2d4851a1d" relativeResultsDirectory="b28ea001-2125-4ca0-8813-d06b5143fd69" />
    <UnitTestResult executionId="bb5732c8-34f0-40fd-888f-ddd1b51bad2b" testId="12fc392e-8199-86c7-8604-b296f0959a0f" testName="TestAddTitle (Epub3)" computerName="runnervm3jd5f" duration="00:00:00.0005805" startTime="2026-07-20T02:01:13.3737136+00:00" endTime="2026-07-20T02:01:13.3743651+00:00" testType="13cdc9d9-ddb5-4fa4-a97d-d965ccfc6d4b" outcome="Passed" testListId="8c84fa94-04c1-424b-9868-57a2d4851a1d" relativeResultsDirectory="bb5732c8-34f0-40fd-888f-ddd1b51bad2b" />
    <UnitTestResult executionId="5f797c56-5d5b-417f-bd5f-ec9f1189efca" testId="1584ef67-fe1c-864d-a045-629d708e2516" testName="TestAddModified (Epub3)" computerName="runnervm3jd5f" duration="00:00:00.0005356" startTime="2026-07-20T02:01:13.3866936+00:00" endTime="2026-07-20T02:01:13.3872876+00:00" testType="13cdc9d9-ddb5-4fa4-a97d-d965ccfc6d4b" outcome="Passed" testListId="8c84fa94-04c1-424b-9868-57a2d4851a1d" relativeResultsDirectory="5f797c56-5d5b-417f-bd5f-ec9f1189efca" />
    <UnitTestResult executionId="58f8b6b6-44f8-4298-a6bc-c90710adba37" testId="17e7e5f5-8e92-8ea9-bd8b-79d2ff2868d6" testName="TestAddTitle (Epub3)" computerName="runnervm3jd5f" duration="00:00:00.0003987" startTime="2026-07-20T02:01:13.3809834+00:00" endTime="2026-07-20T02:01:13.3814686+00:00" testType="13cdc9d9-ddb5-4fa4-a97d-d965ccfc6d4b" outcome="Passed" testListId="8c84fa94-04c1-424b-9868-57a2d4851a1d" relativeResultsDirectory="58f8b6b6-44f8-4298-a6bc-c90710adba37" />
    <UnitTestResult executionId="4a9e9977-ce1b-4863-ba08-1eb155492f09" testId="173165ad-d2bc-8165-97a9-c5621186750e" testName="TestResolvePath (&quot;a/b/c&quot;,&quot;d/e&quot;,&quot;a/b/c/d/e&quot;)" computerName="runnervm3jd5f" duration="00:00:00.0002177" startTime="2026-07-20T02:01:13.3343915+00:00" endTime="2026-07-20T02:01:13.3346781+00:00" testType="13cdc9d9-ddb5-4fa4-a97d-d965ccfc6d4b" outcome="Passed" testListId="8c84fa94-04c1-424b-9868-57a2d4851a1d" relativeResultsDirectory="4a9e9977-ce1b-4863-ba08-1eb155492f09" />
    <UnitTestResult executionId="eb8dc25d-531c-4bde-b38b-7d053c4837c5" testId="1907624b-6009-89cb-a76c-8b426f68f298" testName="TestAddNcx (Epub2,&quot;epub2_ncx.opf&quot;)" computerName="runnervm3jd5f" duration="00:00:00.0003464" startTime="2026-07-20T02:01:13.3758250+00:00" endTime="2026-07-20T02:01:13.3762334+00:00" testType="13cdc9d9-ddb5-4fa4-a97d-d965ccfc6d4b" outcome="Passed" testListId="8c84fa94-04c1-424b-9868-57a2d4851a1d" relativeResultsDirectory="eb8dc25d-531c-4bde-b38b-7d053c4837c5" />
    <UnitTestResult executionId="48a233ab-61d2-4bd5-ad6b-cc1e8b11a5c8" testId="1cef8686-5f34-86de-a6a3-8d35bb7afd79" testName="TestAddLanguage (Epub3)" computerName="runnervm3jd5f" duration="00:00:00.0004290" startTime="2026-07-20T02:01:13.3762489+00:00" endTime="2026-07-20T02:01:13.3767267+00:00" testType="13cdc9d9-ddb5-4fa4-a97d-d965ccfc6d4b" outcome="Passed" testListId="8c84fa94-04c1-424b-9868-57a2d4851a1d" relativeResultsDirectory="48a233ab-61d2-4bd5-ad6b-cc1e8b11a5c8" />
    <UnitTestResult executionId="ed9ad8c8-3abf-4ab8-b23c-d6eea3cd8189" testId="1011288e-031f-8748-b274-76a1b0e99c39" testName="TestGetContainerXmlDocument (Epub3)" computerName="runnervm3jd5f" duration="00:00:00.0006638" startTime="2026-07-20T02:01:13.3804486+00:00" endTime="2026-07-20T02:01:13.3811928+00:00" testType="13cdc9d9-ddb5-4fa4-a97d-d965ccfc6d4b" outcome="Passed" testListId="8c84fa94-04c1-424b-9868-57a2d4851a1d" relativeResultsDirectory="ed9ad8c8-3abf-4ab8-b23c-d6eea3cd8189" />
    <UnitTestResult executionId="28db9e93-498b-4564-b9d6-250a35b22d63" testId="16e56989-76a7-8585-b943-e273cd2ed1c2" testName="TestAddDate (Epub2)" computerName="runnervm3jd5f" duration="00:00:00.0003498" startTime="2026-07-20T02:01:13.3851593+00:00" endTime="2026-07-20T02:01:13.3855658+00:00" testType="13cdc9d9-ddb5-4fa4-a97d-d965ccfc6d4b" outcome="Passed" testListId="8c84fa94-04c1-424b-9868-57a2d4851a1d" relativeResultsDirectory="28db9e93-498b-4564-b9d6-250a35b22d63" />
    <UnitTestResult executionId="a19a99da-c85f-4a8d-a5d2-e63842468fd8" testId="196202e8-80f4-8220-b7a4-03bed006a872" testName="TestAddLanguage (Epub2)" computerName="runnervm3jd5f" duration="00:00:00.0003449" startTime="2026-07-20T02:01:13.3767469+00:00" endTime="2026-07-20T02:01:13.3771524+00:00" testType="13cdc9d9-ddb5-4fa4-a97d-d965ccfc6d4b" outcome="Passed" testListId="8c84fa94-04c1-424b-9868-57a2d4851a1d" relativeResultsDirectory="a19a99da-c85f-4a8d-a5d2-e63842468fd8" />
    <UnitTestResult executionId="d049e630-3a79-49a8-bb3b-7b019c625f6b" testId="1a00353d-820e-8fa3-9091-7b2ebff721ec" testName="TestAddItemToSpine (Epub3,null,&quot;epub3_noproperties.opf&quot;)" computerName="runnervm3jd5f" duration="00:00:00.0001172" startTime="2026-07-20T02:01:13.3736594+00:00" endTime="2026-07-20T02:01:13.3738375+00:00" testType="13cdc9d9-ddb5-4fa4-a97d-d965ccfc6d4b" outcome="Passed" testListId="8c84fa94-04c1-424b-9868-57a2d4851a1d" relativeResultsDirectory="d049e630-3a79-49a8-bb3b-7b019c625f6b" />
    <UnitTestResult executionId="9d91ec53-daf7-4b3d-ac54-89a0a2b8041c" testId="1229b021-b396-8067-9d67-6db2b8bc72b7" testName="TestAddNavItem (Epub3)" computerName="runnervm3jd5f" duration="00:00:00.0043916" startTime="2026-07-20T02:01:13.3826273+00:00" endTime="2026-07-20T02:01:13.3870727+00:00" testType="13cdc9d9-ddb5-4fa4-a97d-d965ccfc6d4b" outcome="Passed" testListId="8c84fa94-04c1-424b-9868-57a2d4851a1d" relativeResultsDirectory="9d91ec53-daf7-4b3d-ac54-89a0a2b8041c" />
    <UnitTestResult executionId="43070049-7225-4847-94f9-b1225b4b32ce" testId="132c93fc-99cf-80a0-b0a6-22904c48670f" testName="TestAddNavItem (Epub2)" computerName="runnervm3jd5f" duration="00:00:00.0016937" startTime="2026-07-20T02:01:13.3758322+00:00" endTime="2026-07-20T02:01:13.3775695+00:00" testType="13cdc9d9-ddb5-4fa4-a97d-d965ccfc6d4b" outcome="Passed" testListId="8c84fa94-04c1-424b-9868-57a2d4851a1d" relativeResultsDirectory="43070049-7225-4847-94f9-b1225b4b32ce" />
    <UnitTestResult executionId="40c7655a-bbac-44f9-9a90-834c5bcbe4d8" testId="1576e578-fb17-8c86-9f06-aa7cda5c1b5a" testName="TestAddTitle (Epub2)" computerName="runnervm3jd5f" duration="00:00:00.0003824" startTime="2026-07-20T02:01:13.3757882+00:00" endTime="2026-07-20T02:01:13.3762271+00:00" testType="13cdc9d9-ddb5-4fa4-a97d-d965ccfc6d4b" outcome="Passed" testListId="8c84fa94-04c1-424b-9868-57a2d4851a1d" relativeResultsDirectory="40c7655a-bbac-44f9-9a90-834c5bcbe4d8" />
    <UnitTestResult executionId="2aed3d75-aeec-4456-b221-8a0b388f4e83" testId="1f027eb2-66bc-8be8-8300-bf63e361e75e" testName="TestGetRelativePath (&quot;a/b/c&quot;,&quot;b/c/d&quot;,&quot;../../../a/b/c&quot;)" computerName="runnervm3jd5f" duration="00:00:00.0000070" startTime="2026-07-20T02:01:13.3338320+00:00" endTime="2026-07-20T02:01:13.3338684+00:00" testType="13cdc9d9-ddb5-4fa4-a97d-d965ccfc6d4b" outcome="Passed" testListId="8c84fa94-04c1-424b-9868-57a2d4851a1d" relativeResultsDirectory="2aed3d75-aeec-4456-b221-8a0b388f4e83" />
    <UnitTestResult executionId="0ded2e33-abf1-4053-8873-34220f78c3d8" testId="104fae68-6cd5-841d-8283-464853a139a3" testName="TestGetRasterDocument (Epub2)" computerName="runnervm3jd5f" duration="00:00:00.0009778" startTime="2026-07-20T02:01:13.3851914+00:00" endTime="2026-07-20T02:01:13.3862288+00:00" testType="13cdc9d9-ddb5-4fa4-a97d-d965ccfc6d4b" outcome="Passed" testListId="8c84fa94-04c1-424b-9868-57a2d4851a1d" relativeResultsDirectory="0ded2e33-abf1-4053-8873-34220f78c3d8" />
    <UnitTestResult executionId="8355fb40-7d6c-4382-b05e-0600338bfec3" testId="14c058b4-2c86-895b-b0b1-cc5b57859157" testName="TestAddNavItem (Epub2)" computerName="runnervm3jd5f" duration="00:00:00.0003049" startTime="2026-07-20T02:01:13.3870903+00:00" endTime="2026-07-20T02:01:13.3874351+00:00" testType="13cdc9d9-ddb5-4fa4-a97d-d965ccfc6d4b" outcome="Passed" testListId="8c84fa94-04c1-424b-9868-57a2d4851a1d" relativeResultsDirectory="8355fb40-7d6c-4382-b05e-0600338bfec3" />
    <UnitTestResult executionId="a8758b7f-42b2-4c6e-8b40-08b8ecda40b8" testId="19fedbcf-3e8f-80d3-8f00-c9b50d3782b5" testName="TestAddItemToSpine (Epub3,&quot;page-spread-left&quot;,&quot;epub3_properties.opf&quot;)" computerName="runnervm3jd5f" duration="00:00:00.0006022" startTime="2026-07-20T02:01:13.3722688+00:00" endTime="2026-07-20T02:01:13.3729693+00:00" testType="13cdc9d9-ddb5-4fa4-a97d-d965ccfc6d4b" outcome="Passed" testListId="8c84fa94-04c1-424b-9868-57a2d4851a1d" relativeResultsDirectory="a8758b7f-42b2-4c6e-8b40-08b8ecda40b8" />
    <UnitTestResult executionId="5d3b6306-360e-40d3-9514-3e37efb6216d" testId="1e13994d-6844-8233-9112-553b896408e8" testName="TestAddReferenceToGuide (Epub2)" computerName="runnervm3jd5f" duration="00:00:00.0006049" startTime="2026-07-20T02:01:13.3677699+00:00" endTime="2026-07-20T02:01:13.3695903+00:00" testType="13cdc9d9-ddb5-4fa4-a97d-d965ccfc6d4b" outcome="Passed" testListId="8c84fa94-04c1-424b-9868-57a2d4851a1d" relativeResultsDirectory="5d3b6306-360e-40d3-9514-3e37efb6216d" />
    <UnitTestResult executionId="b5ea165b-fe2a-4558-a208-dea04eb6c506" testId="17b70e0f-1bb5-8232-bb22-ad292bd4ca53" testName="TestAddDescription (Epub3)" computerName="runnervm3jd5f" duration="00:00:00.0004277" startTime="2026-07-20T02:01:13.3822243+00:00" endTime="2026-07-20T02:01:13.3827172+00:00" testType="13cdc9d9-ddb5-4fa4-a97d-d965ccfc6d4b" outcome="Passed" testListId="8c84fa94-04c1-424b-9868-57a2d4851a1d" relativeResultsDirectory="b5ea165b-fe2a-4558-a208-dea04eb6c506" />
    <UnitTestResult executionId="7aa528ab-ce50-4f41-910b-d22bdafd6213" testId="13acc5b9-b971-8983-8930-49d6f4051f77" testName="TestAddDescription (Epub2)" computerName="runnervm3jd5f" duration="00:00:00.0004029" startTime="2026-07-20T02:01:13.3827367+00:00" endTime="2026-07-20T02:01:13.3831927+00:00" testType="13cdc9d9-ddb5-4fa4-a97d-d965ccfc6d4b" outcome="Passed" testListId="8c84fa94-04c1-424b-9868-57a2d4851a1d" relativeResultsDirectory="7aa528ab-ce50-4f41-910b-d22bdafd6213" />
    <UnitTestResult executionId="42789d60-1452-43a8-a1ac-ed809263c41b" testId="18fb7630-93a1-828b-a9e1-500b27327666" testName="TestAddCreator (Epub2,[&quot;aut&quot;,&quot;ill&quot;],&quot;epub2_two_roles.opf&quot;)" computerName="runnervm3jd5f" duration="00:00:00.0002264" startTime="2026-07-20T02:01:13.3811995+00:00" endTime="2026-07-20T02:01:13.3814743+00:00" testType="13cdc9d9-ddb5-4fa4-a97d-d965ccfc6d4b" outcome="Passed" testListId="8c84fa94-04c1-424b-9868-57a2d4851a1d" relativeResultsDirectory="42789d60-1452-43a8-a1ac-ed809263c41b" />
    <UnitTestResult executionId="21d943e9-6a7d-46fc-a754-0353b507ac0a" testId="1f20d052-efc6-827b-8ace-2d57870f3d7b" testName="TestGetRasterDocument (Epub3)" computerName="runnervm3jd5f" duration="00:00:00.0015319" startTime="2026-07-20T02:01:13.3827514+00:00" endTime="2026-07-20T02:01:13.3843666+00:00" testType="13cdc9d9-ddb5-4fa4-a97d-d965ccfc6d4b" outcome="Passed" testListId="8c84fa94-04c1-424b-9868-57a2d4851a1d" relativeResultsDirectory="21d943e9-6a7d-46fc-a754-0353b507ac0a" />
    <UnitTestResult executionId="6319aeda-9886-4053-994c-8f29de78dd3a" testId="178aa3ea-46b0-8718-8f38-a36a6d78e6f8" testName="TestAddItemToLandmarks (Epub3)" computerName="runnervm3jd5f" duration="00:00:00.0006821" startTime="2026-07-20T02:01:13.3782563+00:00" endTime="2026-07-20T02:01:13.3789913+00:00" testType="13cdc9d9-ddb5-4fa4-a97d-d965ccfc6d4b" outcome="Passed" testListId="8c84fa94-04c1-424b-9868-57a2d4851a1d" relativeResultsDirectory="6319aeda-9886-4053-994c-8f29de78dd3a" />
    <UnitTestResult executionId="bcec0ea7-f532-49c7-953f-7c5d3f0ee2a9" testId="12ab518a-33ba-8068-a833-7799730fcbd5" testName="TestAddCreator (Epub3,[&quot;aut&quot;,&quot;ill&quot;],&quot;epub3_two_roles.opf&quot;)" computerName="runnervm3jd5f" duration="00:00:00.0002016" startTime="2026-07-20T02:01:13.3809237+00:00" endTime="2026-07-20T02:01:13.3811715+00:00" testType="13cdc9d9-ddb5-4fa4-a97d-d965ccfc6d4b" outcome="Passed" testListId="8c84fa94-04c1-424b-9868-57a2d4851a1d" relativeResultsDirectory="bcec0ea7-f532-49c7-953f-7c5d3f0ee2a9" />
    <UnitTestResult executionId="f8d3f42e-33ca-4f84-9bb3-921be8c97f97" testId="18f58b21-b2c3-803b-8cb0-4e08dd113f73" testName="TestAddRightToLeft (Epub2,&quot;epub2_rtl.opf&quot;)" computerName="runnervm3jd5f" duration="00:00:00.0003585" startTime="2026-07-20T02:01:13.3785724+00:00" endTime="2026-07-20T02:01:13.3789873+00:00" testType="13cdc9d9-ddb5-4fa4-a97d-d965ccfc6d4b" outcome="Passed" testListId="8c84fa94-04c1-424b-9868-57a2d4851a1d" relativeResultsDirectory="f8d3f42e-33ca-4f84-9bb3-921be8c97f97" />
    <UnitTestResult executionId="e8a24e1c-d48d-49c2-9632-6fe022f26a08" testId="18633743-5a95-84ca-aa1a-84a0ca6b512e" testName="TestAddCreator (Epub3,[],&quot;epub3_no_roles.opf&quot;)" computerName="runnervm3jd5f" duration="00:00:00.0009124" startTime="2026-07-20T02:01:13.3782373+00:00" endTime="2026-07-20T02:01:13.3792214+00:00" testType="13cdc9d9-ddb5-4fa4-a97d-d965ccfc6d4b" outcome="Passed" testListId="8c84fa94-04c1-424b-9868-57a2d4851a1d" relativeResultsDirectory="e8a24e1c-d48d-49c2-9632-6fe022f26a08" />
    <UnitTestResult executionId="cc572a53-a8bf-4f00-b762-38feee27012a" testId="163d9d25-3781-8d01-aa89-fb0ed455ce67" testName="TestGetRelativePath (&quot;&quot;,&quot;a/b/c&quot;,&quot;../../..&quot;)" computerName="runnervm3jd5f" duration="00:00:00.0000536" startTime="2026-07-20T02:01:13.3336491+00:00" endTime="2026-07-20T02:01:13.3337597+00:00" testType="13cdc9d9-ddb5-4fa4-a97d-d965ccfc6d4b" outcome="Passed" testListId="8c84fa94-04c1-424b-9868-57a2d4851a1d" relativeResultsDirectory="cc572a53-a8bf-4f00-b762-38feee27012a" />
    <UnitTestResult executionId="29c0394a-1350-4957-8a07-c7c392936dda" testId="1a5dc06e-54fd-8d2c-a693-2b5cb2a6574b" testName="TestAddIdentifier (Epub2)" computerName="runnervm3jd5f" duration="00:00:00.0004085" startTime="2026-07-20T02:01:13.3805106+00:00" endTime="2026-07-20T02:01:13.3809627+00:00" testType="13cdc9d9-ddb5-4fa4-a97d-d965ccfc6d4b" outcome="Passed" testListId="8c84fa94-04c1-424b-9868-57a2d4851a1d" relativeResultsDirectory="29c0394a-1350-4957-8a07-c7c392936dda" />
    <UnitTestResult executionId="7797aeb4-6b2c-4da7-8ae7-d674be9bd4d7" testId="1a7fb99e-f52f-8ccc-ab1f-13586db79d1e" testName="TestAddItemToLandmarks (Epub2)" computerName="runnervm3jd5f" duration="00:00:00.0003179" startTime="2026-07-20T02:01:13.3790134+00:00" endTime="2026-07-20T02:01:13.3794054+00:00" testType="13cdc9d9-ddb5-4fa4-a97d-d965ccfc6d4b" outcome="Passed" testListId="8c84fa94-04c1-424b-9868-57a2d4851a1d" relativeResultsDirectory="7797aeb4-6b2c-4da7-8ae7-d674be9bd4d7" />
    <UnitTestResult executionId="dd2ece4d-1bb1-4d08-97fe-09bfb50b1b3f" testId="15879af3-5667-8627-8798-073634574cfb" testName="TestAddPrePaginated (Epub3)" computerName="runnervm3jd5f" duration="00:00:00.0005144" startTime="2026-07-20T02:01:13.3855861+00:00" endTime="2026-07-20T02:01:13.3861646+00:00" testType="13cdc9d9-ddb5-4fa4-a97d-d965ccfc6d4b" outcome="Passed" testListId="8c84fa94-04c1-424b-9868-57a2d4851a1d" relativeResultsDirectory="dd2ece4d-1bb1-4d08-97fe-09bfb50b1b3f" />
    <UnitTestResult executionId="c313b3d3-b4cd-4bea-a8f7-9094071b4b77" testId="1d890bf7-586d-85b6-b06c-8f6a41e0ae1e" testName="TestAddLeftToRight (Epub3,&quot;epub3_ltr.opf&quot;)" computerName="runnervm3jd5f" duration="00:00:00.0002713" startTime="2026-07-20T02:01:13.3762570+00:00" endTime="2026-07-20T02:01:13.3765847+00:00" testType="13cdc9d9-ddb5-4fa4-a97d-d965ccfc6d4b" outcome="Passed" testListId="8c84fa94-04c1-424b-9868-57a2d4851a1d" relativeResultsDirectory="c313b3d3-b4cd-4bea-a8f7-9094071b4b77" />
    <UnitTestResult executionId="3b193d3a-7f2b-4861-b703-f7f898f914fd" testId="178c28d6-788e-8eb5-bd79-d8ce91ec7454" testName="TestAddCreator (Epub3,[&quot;aut&quot;],&quot;epub3_one_role.opf&quot;)" computerName="runnervm3jd5f" duration="00:00:00.0001442" startTime="2026-07-20T02:01:13.3804925+00:00" endTime="2026-07-20T02:01:13.3807026+00:00" testType="13cdc9d9-ddb5-4fa4-a97d-d965ccfc6d4b" outcome="Passed" testListId="8c84fa94-04c1-424b-9868-57a2d4851a1d" relativeResultsDirectory="3b193d3a-7f2b-4861-b703-f7f898f914fd" />
  </Results>
  <TestDefinitions>
    <UnitTest name="TestAddReferenceToGuide (Epub2)" storage="/home/runner/work/dotnet-monorepo/dotnet-monorepo/src/artifacts/bin/epubs.tests/release_linux-x64/epubs.tests.dll" id="1e13994d-6844-8233-9112-553b896408e8">
      <Execution id="5d3b6306-360e-40d3-9514-3e37efb6216d" />
      <TestMethod codeBase="/home/runner/work/dotnet-monorepo/dotnet-monorepo/src/artifacts/bin/Epubs.Tests/release_linux-x64/Epubs.Tests.dll" adapterTypeName="executor://mstestadapter/v4" className="Epubs.Tests.WriterTests.PackageDocumentTests.GuideTests" name="TestAddReferenceToGuide" />
    </UnitTest>
    <UnitTest name="TestAddModified (Epub2)" storage="/home/runner/work/dotnet-monorepo/dotnet-monorepo/src/artifacts/bin/epubs.tests/release_linux-x64/epubs.tests.dll" id="1dc58f02-8bfb-87ff-8152-97912961162e">
      <Execution id="65a8d4a6-8146-42a4-9b92-9416d8ec1812" />
      <TestMethod codeBase="/home/runner/work/dotnet-monorepo/dotnet-monorepo/src/artifacts/bin/Epubs.Tests/release_linux-x64/Epubs.Tests.dll" adapterTypeName="executor://mstestadapter/v4" className="Epubs.Tests.WriterTests.PackageDocumentTests.MetadataTests" name="TestAddModified" />
    </UnitTest>
    <UnitTest name="TestAddTitle (Epub2)" storage="/home/runner/work/dotnet-monorepo/dotnet-monorepo/src/artifacts/bin/epubs.tests/release_linux-x64/epubs.tests.dll" id="1576e578-fb17-8c86-9f06-aa7cda5c1b5a">
      <Execution id="40c7655a-bbac-44f9-9a90-834c5bcbe4d8" />
      <TestMethod codeBase="/home/runner/work/dotnet-monorepo/dotnet-monorepo/src/artifacts/bin/Epubs.Tests/release_linux-x64/Epubs.Tests.dll" adapterTypeName="executor://mstestadapter/v4" className="Epubs.Tests.WriterTests.PackageDocumentTests.MetadataTests" name="TestAddTitle" />
    </UnitTest>
    <UnitTest name="TestGetRelativePath (&quot;a/b/c&quot;,&quot;a/b/d&quot;,&quot;../c&quot;)" storage="/home/runner/work/dotnet-monorepo/dotnet-monorepo/src/artifacts/bin/epubs.tests/release_linux-x64/epubs.tests.dll" id="16734436-cecd-83b5-8627-bcedb89c8296">
      <Execution id="3e654840-194d-4d7e-8262-ad10a7168489" />
      <TestMethod codeBase="/home/runner/work/dotnet-monorepo/dotnet-monorepo/src/artifacts/bin/Epubs.Tests/release_linux-x64/Epubs.Tests.dll" adapterTypeName="executor://mstestadapter/v4" className="Epubs.Tests.EpubPathsTests" name="TestGetRelativePath" />
    </UnitTest>
    <UnitTest name="TestAddLeftToRight (Epub3,&quot;epub3_ltr.opf&quot;)" storage="/home/runner/work/dotnet-monorepo/dotnet-monorepo/src/artifacts/bin/epubs.tests/release_linux-x64/epubs.tests.dll" id="1d890bf7-586d-85b6-b06c-8f6a41e0ae1e">
      <Execution id="c313b3d3-b4cd-4bea-a8f7-9094071b4b77" />
      <TestMethod codeBase="/home/runner/work/dotnet-monorepo/dotnet-monorepo/src/artifacts/bin/Epubs.Tests/release_linux-x64/Epubs.Tests.dll" adapterTypeName="executor://mstestadapter/v4" className="Epubs.Tests.WriterTests.PackageDocumentTests.SpineTests" name="TestAddLeftToRight" />
    </UnitTest>
    <UnitTest name="TestAddIdentifier (Epub2)" storage="/home/runner/work/dotnet-monorepo/dotnet-monorepo/src/artifacts/bin/epubs.tests/release_linux-x64/epubs.tests.dll" id="1a5dc06e-54fd-8d2c-a693-2b5cb2a6574b">
      <Execution id="29c0394a-1350-4957-8a07-c7c392936dda" />
      <TestMethod codeBase="/home/runner/work/dotnet-monorepo/dotnet-monorepo/src/artifacts/bin/Epubs.Tests/release_linux-x64/Epubs.Tests.dll" adapterTypeName="executor://mstestadapter/v4" className="Epubs.Tests.WriterTests.NavigationTests.NcxTests" name="TestAddIdentifier" />
    </UnitTest>
    <UnitTest name="TestAddItemToLandmarks (Epub3)" storage="/home/runner/work/dotnet-monorepo/dotnet-monorepo/src/artifacts/bin/epubs.tests/release_linux-x64/epubs.tests.dll" id="178aa3ea-46b0-8718-8f38-a36a6d78e6f8">
      <Execution id="6319aeda-9886-4053-994c-8f29de78dd3a" />
      <TestMethod codeBase="/home/runner/work/dotnet-monorepo/dotnet-monorepo/src/artifacts/bin/Epubs.Tests/release_linux-x64/Epubs.Tests.dll" adapterTypeName="executor://mstestadapter/v4" className="Epubs.Tests.WriterTests.NavigationTests.NavigationDocumentTests" name="TestAddItemToLandmarks" />
    </UnitTest>
    <UnitTest name="TestGetContainerXmlDocument (Epub2)" storage="/home/runner/work/dotnet-monorepo/dotnet-monorepo/src/artifacts/bin/epubs.tests/release_linux-x64/epubs.tests.dll" id="1e8f751a-7342-8e0a-8749-cd28c43d3882">
      <Execution id="da51d1a4-d074-4e22-8eee-fd25136e20da" />
      <TestMethod codeBase="/home/runner/work/dotnet-monorepo/dotnet-monorepo/src/artifacts/bin/Epubs.Tests/release_linux-x64/Epubs.Tests.dll" adapterTypeName="executor://mstestadapter/v4" className="Epubs.Tests.WriterTests.MetaInfTests.ContainerXmlTests" name="TestGetContainerXmlDocument" />
    </UnitTest>
    <UnitTest name="TestAddCreator (Epub2,[&quot;aut&quot;],&quot;epub2_one_role.opf&quot;)" storage="/home/runner/work/dotnet-monorepo/dotnet-monorepo/src/artifacts/bin/epubs.tests/release_linux-x64/epubs.tests.dll" id="1ad59a54-6162-8915-b78f-cbce5547287d">
      <Execution id="0fd62adb-e20a-44a8-9c15-3d2fcf39b267" />
      <TestMethod codeBase="/home/runner/work/dotnet-monorepo/dotnet-monorepo/src/artifacts/bin/Epubs.Tests/release_linux-x64/Epubs.Tests.dll" adapterTypeName="executor://mstestadapter/v4" className="Epubs.Tests.WriterTests.PackageDocumentTests.MetadataTests" name="TestAddCreator" />
    </UnitTest>
    <UnitTest name="TestAddRightToLeft (Epub2,&quot;epub2_rtl.opf&quot;)" storage="/home/runner/work/dotnet-monorepo/dotnet-monorepo/src/artifacts/bin/epubs.tests/release_linux-x64/epubs.tests.dll" id="18f58b21-b2c3-803b-8cb0-4e08dd113f73">
      <Execution id="f8d3f42e-33ca-4f84-9bb3-921be8c97f97" />
      <TestMethod codeBase="/home/runner/work/dotnet-monorepo/dotnet-monorepo/src/artifacts/bin/Epubs.Tests/release_linux-x64/Epubs.Tests.dll" adapterTypeName="executor://mstestadapter/v4" className="Epubs.Tests.WriterTests.PackageDocumentTests.SpineTests" name="TestAddRightToLeft" />
    </UnitTest>
    <UnitTest name="TestAddModified (Epub3)" storage="/home/runner/work/dotnet-monorepo/dotnet-monorepo/src/artifacts/bin/epubs.tests/release_linux-x64/epubs.tests.dll" id="1584ef67-fe1c-864d-a045-629d708e2516">
      <Execution id="5f797c56-5d5b-417f-bd5f-ec9f1189efca" />
      <TestMethod codeBase="/home/runner/work/dotnet-monorepo/dotnet-monorepo/src/artifacts/bin/Epubs.Tests/release_linux-x64/Epubs.Tests.dll" adapterTypeName="executor://mstestadapter/v4" className="Epubs.Tests.WriterTests.PackageDocumentTests.MetadataTests" name="TestAddModified" />
    </UnitTest>
    <UnitTest name="TestAddLanguage (Epub2)" storage="/home/runner/work/dotnet-monorepo/dotnet-monorepo/src/artifacts/bin/epubs.tests/release_linux-x64/epubs.tests.dll" id="196202e8-80f4-8220-b7a4-03bed006a872">
      <Execution id="a19a99da-c85f-4a8d-a5d2-e63842468fd8" />
      <TestMethod codeBase="/home/runner/work/dotnet-monorepo/dotnet-monorepo/src/artifacts/bin/Epubs.Tests/release_linux-x64/Epubs.Tests.dll" adapterTypeName="executor://mstestadapter/v4" className="Epubs.Tests.WriterTests.PackageDocumentTests.MetadataTests" name="TestAddLanguage" />
    </UnitTest>
    <UnitTest name="TestResolvePath (&quot;a/b/c&quot;,&quot;d/e&quot;,&quot;a/b/c/d/e&quot;)" storage="/home/runner/work/dotnet-monorepo/dotnet-monorepo/src/artifacts/bin/epubs.tests/release_linux-x64/epubs.tests.dll" id="173165ad-d2bc-8165-97a9-c5621186750e">
      <Execution id="4a9e9977-ce1b-4863-ba08-1eb155492f09" />
      <TestMethod codeBase="/home/runner/work/dotnet-monorepo/dotnet-monorepo/src/artifacts/bin/Epubs.Tests/release_linux-x64/Epubs.Tests.dll" adapterTypeName="executor://mstestadapter/v4" className="Epubs.Tests.EpubPathsTests" name="TestResolvePath" />
    </UnitTest>
    <UnitTest name="TestAddDescription (Epub2)" storage="/home/runner/work/dotnet-monorepo/dotnet-monorepo/src/artifacts/bin/epubs.tests/release_linux-x64/epubs.tests.dll" id="13acc5b9-b971-8983-8930-49d6f4051f77">
      <Execution id="7aa528ab-ce50-4f41-910b-d22bdafd6213" />
      <TestMethod codeBase="/home/runner/work/dotnet-monorepo/dotnet-monorepo/src/artifacts/bin/Epubs.Tests/release_linux-x64/Epubs.Tests.dll" adapterTypeName="executor://mstestadapter/v4" className="Epubs.Tests.WriterTests.PackageDocumentTests.MetadataTests" name="TestAddDescription" />
    </UnitTest>
    <UnitTest name="TestAddNavItem (Epub2)" storage="/home/runner/work/dotnet-monorepo/dotnet-monorepo/src/artifacts/bin/epubs.tests/release_linux-x64/epubs.tests.dll" id="14c058b4-2c86-895b-b0b1-cc5b57859157">
      <Execution id="8355fb40-7d6c-4382-b05e-0600338bfec3" />
      <TestMethod codeBase="/home/runner/work/dotnet-monorepo/dotnet-monorepo/src/artifacts/bin/Epubs.Tests/release_linux-x64/Epubs.Tests.dll" adapterTypeName="executor://mstestadapter/v4" className="Epubs.Tests.WriterTests.NavigationTests.NcxTests" name="TestAddNavItem" />
    </UnitTest>
    <UnitTest name="TestGetContainerXmlDocument (Epub3)" storage="/home/runner/work/dotnet-monorepo/dotnet-monorepo/src/artifacts/bin/epubs.tests/release_linux-x64/epubs.tests.dll" id="1011288e-031f-8748-b274-76a1b0e99c39">
      <Execution id="ed9ad8c8-3abf-4ab8-b23c-d6eea3cd8189" />
      <TestMethod codeBase="/home/runner/work/dotnet-monorepo/dotnet-monorepo/src/artifacts/bin/Epubs.Tests/release_linux-x64/Epubs.Tests.dll" adapterTypeName="executor://mstestadapter/v4" className="Epubs.Tests.WriterTests.MetaInfTests.ContainerXmlTests" name="TestGetContainerXmlDocument" />
    </UnitTest>
    <UnitTest name="TestAddLeftToRight (Epub2,&quot;epub2_ltr.opf&quot;)" storage="/home/runner/work/dotnet-monorepo/dotnet-monorepo/src/artifacts/bin/epubs.tests/release_linux-x64/epubs.tests.dll" id="1606129a-0ad6-89b1-8eb5-de137dec383d">
      <Execution id="f16730fe-7871-486f-9727-152b9e16f320" />
      <TestMethod codeBase="/home/runner/work/dotnet-monorepo/dotnet-monorepo/src/artifacts/bin/Epubs.Tests/release_linux-x64/Epubs.Tests.dll" adapterTypeName="executor://mstestadapter/v4" className="Epubs.Tests.WriterTests.PackageDocumentTests.SpineTests" name="TestAddLeftToRight" />
    </UnitTest>
    <UnitTest name="TestAddNcx (Epub2,&quot;epub2_ncx.opf&quot;)" storage="/home/runner/work/dotnet-monorepo/dotnet-monorepo/src/artifacts/bin/epubs.tests/release_linux-x64/epubs.tests.dll" id="1907624b-6009-89cb-a76c-8b426f68f298">
      <Execution id="eb8dc25d-531c-4bde-b38b-7d053c4837c5" />
      <TestMethod codeBase="/home/runner/work/dotnet-monorepo/dotnet-monorepo/src/artifacts/bin/Epubs.Tests/release_linux-x64/Epubs.Tests.dll" adapterTypeName="executor://mstestadapter/v4" className="Epubs.Tests.WriterTests.PackageDocumentTests.SpineTests" name="TestAddNcx" />
    </UnitTest>
    <UnitTest name="TestGetRasterDocument (Epub3)" storage="/home/runner/work/dotnet-monorepo/dotnet-monorepo/src/artifacts/bin/epubs.tests/release_linux-x64/epubs.tests.dll" id="1f20d052-efc6-827b-8ace-2d57870f3d7b">
      <Execution id="21d943e9-6a7d-46fc-a754-0353b507ac0a" />
      <TestMethod codeBase="/home/runner/work/dotnet-monorepo/dotnet-monorepo/src/artifacts/bin/Epubs.Tests/release_linux-x64/Epubs.Tests.dll" adapterTypeName="executor://mstestadapter/v4" className="Epubs.Tests.WriterTests.CoverXhtmlTests.RasterTests" name="TestGetRasterDocument" />
    </UnitTest>
    <UnitTest name="TestAddItemToManifest (Epub2,&quot;cover.jpg&quot;,null,null,&quot;epub2_noproperties_noid.opf&quot;)" storage="/home/runner/work/dotnet-monorepo/dotnet-monorepo/src/artifacts/bin/epubs.tests/release_linux-x64/epubs.tests.dll" id="1ec0effe-5d9b-8d26-ab26-1e26e51fca30">
      <Execution id="4572db67-46f5-4c6b-a8bf-ed9f5939114b" />
      <TestMethod codeBase="/home/runner/work/dotnet-monorepo/dotnet-monorepo/src/artifacts/bin/Epubs.Tests/release_linux-x64/Epubs.Tests.dll" adapterTypeName="executor://mstestadapter/v4" className="Epubs.Tests.WriterTests.PackageDocumentTests.ManifestTests" name="TestAddItemToManifest" />
    </UnitTest>
    <UnitTest name="TestAddRightToLeft (Epub3,&quot;epub3_rtl.opf&quot;)" storage="/home/runner/work/dotnet-monorepo/dotnet-monorepo/src/artifacts/bin/epubs.tests/release_linux-x64/epubs.tests.dll" id="1d853697-1c40-8ef7-b701-75fcb83d716c">
      <Execution id="b28ea001-2125-4ca0-8813-d06b5143fd69" />
      <TestMethod codeBase="/home/runner/work/dotnet-monorepo/dotnet-monorepo/src/artifacts/bin/Epubs.Tests/release_linux-x64/Epubs.Tests.dll" adapterTypeName="executor://mstestadapter/v4" className="Epubs.Tests.WriterTests.PackageDocumentTests.SpineTests" name="TestAddRightToLeft" />
    </UnitTest>
    <UnitTest name="TestAddNavItem (Epub3)" storage="/home/runner/work/dotnet-monorepo/dotnet-monorepo/src/artifacts/bin/epubs.tests/release_linux-x64/epubs.tests.dll" id="1bf56acc-bc6b-8496-947d-aa65e255463c">
      <Execution id="8cdaf9a0-bd53-40f7-821d-ad15029f9654" />
      <TestMethod codeBase="/home/runner/work/dotnet-monorepo/dotnet-monorepo/src/artifacts/bin/Epubs.Tests/release_linux-x64/Epubs.Tests.dll" adapterTypeName="executor://mstestadapter/v4" className="Epubs.Tests.WriterTests.NavigationTests.NavigationDocumentTests" name="TestAddNavItem" />
    </UnitTest>
    <UnitTest name="TestAddDate (Epub2)" storage="/home/runner/work/dotnet-monorepo/dotnet-monorepo/src/artifacts/bin/epubs.tests/release_linux-x64/epubs.tests.dll" id="16e56989-76a7-8585-b943-e273cd2ed1c2">
      <Execution id="28db9e93-498b-4564-b9d6-250a35b22d63" />
      <TestMethod codeBase="/home/runner/work/dotnet-monorepo/dotnet-monorepo/src/artifacts/bin/Epubs.Tests/release_linux-x64/Epubs.Tests.dll" adapterTypeName="executor://mstestadapter/v4" className="Epubs.Tests.WriterTests.PackageDocumentTests.MetadataTests" name="TestAddDate" />
    </UnitTest>
    <UnitTest name="TestGetRelativePath (&quot;a/b/c&quot;,&quot;&quot;,&quot;a/b/c&quot;)" storage="/home/runner/work/dotnet-monorepo/dotnet-monorepo/src/artifacts/bin/epubs.tests/release_linux-x64/epubs.tests.dll" id="11ca93a8-296b-8476-9f0b-6fc4b090990d">
      <Execution id="23c92e90-9c1b-4d5e-b4e2-1af29b4abdd4" />
      <TestMethod codeBase="/home/runner/work/dotnet-monorepo/dotnet-monorepo/src/artifacts/bin/Epubs.Tests/release_linux-x64/Epubs.Tests.dll" adapterTypeName="executor://mstestadapter/v4" className="Epubs.Tests.EpubPathsTests" name="TestGetRelativePath" />
    </UnitTest>
    <UnitTest name="TestGetRelativePath (&quot;a/b/c&quot;,&quot;a&quot;,&quot;b/c&quot;)" storage="/home/runner/work/dotnet-monorepo/dotnet-monorepo/src/artifacts/bin/epubs.tests/release_linux-x64/epubs.tests.dll" id="1f86d215-1c27-8857-97b9-0ba7f808e19d">
      <Execution id="05a153fb-9e75-406e-b6d6-a9b74f7ec7f8" />
      <TestMethod codeBase="/home/runner/work/dotnet-monorepo/dotnet-monorepo/src/artifacts/bin/Epubs.Tests/release_linux-x64/Epubs.Tests.dll" adapterTypeName="executor://mstestadapter/v4" className="Epubs.Tests.EpubPathsTests" name="TestGetRelativePath" />
    </UnitTest>
    <UnitTest name="TestAddIdentifier (Epub3)" storage="/home/runner/work/dotnet-monorepo/dotnet-monorepo/src/artifacts/bin/epubs.tests/release_linux-x64/epubs.tests.dll" id="110d5f63-5620-8288-a852-48415a5701b6">
      <Execution id="f014b2f3-9500-4fa8-b761-144056769b69" />
      <TestMethod codeBase="/home/runner/work/dotnet-monorepo/dotnet-monorepo/src/artifacts/bin/Epubs.Tests/release_linux-x64/Epubs.Tests.dll" adapterTypeName="executor://mstestadapter/v4" className="Epubs.Tests.WriterTests.PackageDocumentTests.MetadataTests" name="TestAddIdentifier" />
    </UnitTest>
    <UnitTest name="TestAddIdentifier (Epub3)" storage="/home/runner/work/dotnet-monorepo/dotnet-monorepo/src/artifacts/bin/epubs.tests/release_linux-x64/epubs.tests.dll" id="13bb92f3-9643-8d68-aa0d-763f51bdbf81">
      <Execution id="d5ffdf82-a36e-4e16-8543-be8b418a7587" />
      <TestMethod codeBase="/home/runner/work/dotnet-monorepo/dotnet-monorepo/src/artifacts/bin/Epubs.Tests/release_linux-x64/Epubs.Tests.dll" adapterTypeName="executor://mstestadapter/v4" className="Epubs.Tests.WriterTests.NavigationTests.NcxTests" name="TestAddIdentifier" />
    </UnitTest>
    <UnitTest name="TestAddPrePaginated (Epub2)" storage="/home/runner/work/dotnet-monorepo/dotnet-monorepo/src/artifacts/bin/epubs.tests/release_linux-x64/epubs.tests.dll" id="17163b0e-a15f-81ae-864e-083555ff6db1">
      <Execution id="b1b22850-c15f-4db7-bb22-33ba36762e67" />
      <TestMethod codeBase="/home/runner/work/dotnet-monorepo/dotnet-monorepo/src/artifacts/bin/Epubs.Tests/release_linux-x64/Epubs.Tests.dll" adapterTypeName="executor://mstestadapter/v4" className="Epubs.Tests.WriterTests.PackageDocumentTests.MetadataTests" name="TestAddPrePaginated" />
    </UnitTest>
    <UnitTest name="TestGetRasterDocument (Epub2)" storage="/home/runner/work/dotnet-monorepo/dotnet-monorepo/src/artifacts/bin/epubs.tests/release_linux-x64/epubs.tests.dll" id="104fae68-6cd5-841d-8283-464853a139a3">
      <Execution id="0ded2e33-abf1-4053-8873-34220f78c3d8" />
      <TestMethod codeBase="/home/runner/work/dotnet-monorepo/dotnet-monorepo/src/artifacts/bin/Epubs.Tests/release_linux-x64/Epubs.Tests.dll" adapterTypeName="executor://mstestadapter/v4" className="Epubs.Tests.WriterTests.CoverXhtmlTests.RasterTests" name="TestGetRasterDocument" />
    </UnitTest>
    <UnitTest name="TestAddDescription (Epub3)" storage="/home/runner/work/dotnet-monorepo/dotnet-monorepo/src/artifacts/bin/epubs.tests/release_linux-x64/epubs.tests.dll" id="17b70e0f-1bb5-8232-bb22-ad292bd4ca53">
      <Execution id="b5ea165b-fe2a-4558-a208-dea04eb6c506" />
      <TestMethod codeBase="/home/runner/work/dotnet-monorepo/dotnet-monorepo/src/artifacts/bin/Epubs.Tests/release_linux-x64/Epubs.Tests.dll" adapterTypeName="executor://mstestadapter/v4" className="Epubs.Tests.WriterTests.PackageDocumentTests.MetadataTests" name="TestAddDescription" />
    </UnitTest>
    <UnitTest name="TestResolvePath (&quot;&quot;,&quot;a/b/c&quot;,&quot;a/b/c&quot;)" storage="/home/runner/work/dotnet-monorepo/dotnet-monorepo/src/artifacts/bin/epubs.tests/release_linux-x64/epubs.tests.dll" id="1d0b33a2-7e9b-8950-ad7c-1126beafd8dd">
      <Execution id="495102c4-81d9-4c6b-bb35-255a4af97dd4" />
      <TestMethod codeBase="/home/runner/work/dotnet-monorepo/dotnet-monorepo/src/artifacts/bin/Epubs.Tests/release_linux-x64/Epubs.Tests.dll" adapterTypeName="executor://mstestadapter/v4" className="Epubs.Tests.EpubPathsTests" name="TestResolvePath" />
    </UnitTest>
    <UnitTest name="TestAddItemToLandmarks (Epub2)" storage="/home/runner/work/dotnet-monorepo/dotnet-monorepo/src/artifacts/bin/epubs.tests/release_linux-x64/epubs.tests.dll" id="1a7fb99e-f52f-8ccc-ab1f-13586db79d1e">
      <Execution id="7797aeb4-6b2c-4da7-8ae7-d674be9bd4d7" />
      <TestMethod codeBase="/home/runner/work/dotnet-monorepo/dotnet-monorepo/src/artifacts/bin/Epubs.Tests/release_linux-x64/Epubs.Tests.dll" adapterTypeName="executor://mstestadapter/v4" className="Epubs.Tests.WriterTests.NavigationTests.NavigationDocumentTests" name="TestAddItemToLandmarks" />
    </UnitTest>
    <UnitTest name="TestResolvePath (&quot;a/b/c&quot;,&quot;../../d/e&quot;,&quot;a/d/e&quot;)" storage="/home/runner/work/dotnet-monorepo/dotnet-monorepo/src/artifacts/bin/epubs.tests/release_linux-x64/epubs.tests.dll" id="1cb53fa7-66ef-886d-96df-85f4e3a5f607">
      <Execution id="532f8dd2-5315-490d-93ea-0fd530a02a21" />
      <TestMethod codeBase="/home/runner/work/dotnet-monorepo/dotnet-monorepo/src/artifacts/bin/Epubs.Tests/release_linux-x64/Epubs.Tests.dll" adapterTypeName="executor://mstestadapter/v4" className="Epubs.Tests.EpubPathsTests" name="TestResolvePath" />
    </UnitTest>
    <UnitTest name="TestAddReferenceToGuide (Epub3)" storage="/home/runner/work/dotnet-monorepo/dotnet-monorepo/src/artifacts/bin/epubs.tests/release_linux-x64/epubs.tests.dll" id="12509452-eb51-8bd2-8023-5d9d95470f16">
      <Execution id="1c78c5a0-0b6a-4e96-b52f-307d11e1973d" />
      <TestMethod codeBase="/home/runner/work/dotnet-monorepo/dotnet-monorepo/src/artifacts/bin/Epubs.Tests/release_linux-x64/Epubs.Tests.dll" adapterTypeName="executor://mstestadapter/v4" className="Epubs.Tests.WriterTests.PackageDocumentTests.GuideTests" name="TestAddReferenceToGuide" />
    </UnitTest>
    <UnitTest name="TestAddTitle (Epub3)" storage="/home/runner/work/dotnet-monorepo/dotnet-monorepo/src/artifacts/bin/epubs.tests/release_linux-x64/epubs.tests.dll" id="12fc392e-8199-86c7-8604-b296f0959a0f">
      <Execution id="bb5732c8-34f0-40fd-888f-ddd1b51bad2b" />
      <TestMethod codeBase="/home/runner/work/dotnet-monorepo/dotnet-monorepo/src/artifacts/bin/Epubs.Tests/release_linux-x64/Epubs.Tests.dll" adapterTypeName="executor://mstestadapter/v4" className="Epubs.Tests.WriterTests.PackageDocumentTests.MetadataTests" name="TestAddTitle" />
    </UnitTest>
    <UnitTest name="TestAddNcx (Epub3,&quot;epub3_ncx.opf&quot;)" storage="/home/runner/work/dotnet-monorepo/dotnet-monorepo/src/artifacts/bin/epubs.tests/release_linux-x64/epubs.tests.dll" id="14d0cd07-d554-8a17-ae84-6d68b4a68e29">
      <Execution id="c3fac3b6-6ebd-4c46-a9c1-31ef2d2f80fd" />
      <TestMethod codeBase="/home/runner/work/dotnet-monorepo/dotnet-monorepo/src/artifacts/bin/Epubs.Tests/release_linux-x64/Epubs.Tests.dll" adapterTypeName="executor://mstestadapter/v4" className="Epubs.Tests.WriterTests.PackageDocumentTests.SpineTests" name="TestAddNcx" />
    </UnitTest>
    <UnitTest name="TestAddDate (Epub3)" storage="/home/runner/work/dotnet-monorepo/dotnet-monorepo/src/artifacts/bin/epubs.tests/release_linux-x64/epubs.tests.dll" id="1c344ecb-28e7-8e25-b223-6e397f5054f4">
      <Execution id="d0e5ee03-007d-4bb3-9d6a-84cbf4816896" />
      <TestMethod codeBase="/home/runner/work/dotnet-monorepo/dotnet-monorepo/src/artifacts/bin/Epubs.Tests/release_linux-x64/Epubs.Tests.dll" adapterTypeName="executor://mstestadapter/v4" className="Epubs.Tests.WriterTests.PackageDocumentTests.MetadataTests" name="TestAddDate" />
    </UnitTest>
    <UnitTest name="TestAddCreator (Epub3,[&quot;aut&quot;,&quot;ill&quot;],&quot;epub3_two_roles.opf&quot;)" storage="/home/runner/work/dotnet-monorepo/dotnet-monorepo/src/artifacts/bin/epubs.tests/release_linux-x64/epubs.tests.dll" id="12ab518a-33ba-8068-a833-7799730fcbd5">
      <Execution id="bcec0ea7-f532-49c7-953f-7c5d3f0ee2a9" />
      <TestMethod codeBase="/home/runner/work/dotnet-monorepo/dotnet-monorepo/src/artifacts/bin/Epubs.Tests/release_linux-x64/Epubs.Tests.dll" adapterTypeName="executor://mstestadapter/v4" className="Epubs.Tests.WriterTests.PackageDocumentTests.MetadataTests" name="TestAddCreator" />
    </UnitTest>
    <UnitTest name="TestAddCreator (Epub3,[&quot;aut&quot;],&quot;epub3_one_role.opf&quot;)" storage="/home/runner/work/dotnet-monorepo/dotnet-monorepo/src/artifacts/bin/epubs.tests/release_linux-x64/epubs.tests.dll" id="178c28d6-788e-8eb5-bd79-d8ce91ec7454">
      <Execution id="3b193d3a-7f2b-4861-b703-f7f898f914fd" />
      <TestMethod codeBase="/home/runner/work/dotnet-monorepo/dotnet-monorepo/src/artifacts/bin/Epubs.Tests/release_linux-x64/Epubs.Tests.dll" adapterTypeName="executor://mstestadapter/v4" className="Epubs.Tests.WriterTests.PackageDocumentTests.MetadataTests" name="TestAddCreator" />
    </UnitTest>
    <UnitTest name="TestAddIdentifier (Epub2)" storage="/home/runner/work/dotnet-monorepo/dotnet-monorepo/src/artifacts/bin/epubs.tests/release_linux-x64/epubs.tests.dll" id="124a442d-5cef-8a5e-832b-b6cc6c966046">
      <Execution id="ee0aca29-a9c1-4e3f-9e2f-03f1fd13d2f3" />
      <TestMethod codeBase="/home/runner/work/dotnet-monorepo/dotnet-monorepo/src/artifacts/bin/Epubs.Tests/release_linux-x64/Epubs.Tests.dll" adapterTypeName="executor://mstestadapter/v4" className="Epubs.Tests.WriterTests.PackageDocumentTests.MetadataTests" name="TestAddIdentifier" />
    </UnitTest>
    <UnitTest name="TestAddCreator (Epub2,[&quot;aut&quot;,&quot;ill&quot;],&quot;epub2_two_roles.opf&quot;)" storage="/home/runner/work/dotnet-monorepo/dotnet-monorepo/src/artifacts/bin/epubs.tests/release_linux-x64/epubs.tests.dll" id="18fb7630-93a1-828b-a9e1-500b27327666">
      <Execution id="42789d60-1452-43a8-a1ac-ed809263c41b" />
      <TestMethod codeBase="/home/runner/work/dotnet-monorepo/dotnet-monorepo/src/artifacts/bin/Epubs.Tests/release_linux-x64/Epubs.Tests.dll" adapterTypeName="executor://mstestadapter/v4" className="Epubs.Tests.WriterTests.PackageDocumentTests.MetadataTests" name="TestAddCreator" />
    </UnitTest>
    <UnitTest name="TestResolvePath (&quot;a/b/c&quot;,&quot;../c&quot;,&quot;a/b/c&quot;)" storage="/home/runner/work/dotnet-monorepo/dotnet-monorepo/src/artifacts/bin/epubs.tests/release_linux-x64/epubs.tests.dll" id="1a3f96ff-4c2e-82f1-a4ad-01abaff96e83">
      <Execution id="6ca3096a-3469-42ed-a774-f579e2fdbe9e" />
      <TestMethod codeBase="/home/runner/work/dotnet-monorepo/dotnet-monorepo/src/artifacts/bin/Epubs.Tests/release_linux-x64/Epubs.Tests.dll" adapterTypeName="executor://mstestadapter/v4" className="Epubs.Tests.EpubPathsTests" name="TestResolvePath" />
    </UnitTest>
    <UnitTest name="TestAddItemToSpine (Epub2,null,&quot;epub2_noproperties.opf&quot;)" storage="/home/runner/work/dotnet-monorepo/dotnet-monorepo/src/artifacts/bin/epubs.tests/release_linux-x64/epubs.tests.dll" id="17cbd791-edb7-8411-9f3d-d0fe1b2fcf02">
      <Execution id="d60ac322-7694-4bec-86de-32569d7e985e" />
      <TestMethod codeBase="/home/runner/work/dotnet-monorepo/dotnet-monorepo/src/artifacts/bin/Epubs.Tests/release_linux-x64/Epubs.Tests.dll" adapterTypeName="executor://mstestadapter/v4" className="Epubs.Tests.WriterTests.PackageDocumentTests.SpineTests" name="TestAddItemToSpine" />
    </UnitTest>
    <UnitTest name="TestAddItemToManifest (Epub3,&quot;cover.jpg&quot;,null,null,&quot;epub3_noproperties_noid.opf&quot;)" storage="/home/runner/work/dotnet-monorepo/dotnet-monorepo/src/artifacts/bin/epubs.tests/release_linux-x64/epubs.tests.dll" id="18b99c28-043f-8fa7-a585-45f8db35abe5">
      <Execution id="35220423-da2c-4a6e-a8ea-b5bb28c57289" />
      <TestMethod codeBase="/home/runner/work/dotnet-monorepo/dotnet-monorepo/src/artifacts/bin/Epubs.Tests/release_linux-x64/Epubs.Tests.dll" adapterTypeName="executor://mstestadapter/v4" className="Epubs.Tests.WriterTests.PackageDocumentTests.ManifestTests" name="TestAddItemToManifest" />
    </UnitTest>
    <UnitTest name="TestAddItemToSpine (Epub3,&quot;page-spread-left&quot;,&quot;epub3_properties.opf&quot;)" storage="/home/runner/work/dotnet-monorepo/dotnet-monorepo/src/artifacts/bin/epubs.tests/release_linux-x64/epubs.tests.dll" id="19fedbcf-3e8f-80d3-8f00-c9b50d3782b5">
      <Execution id="a8758b7f-42b2-4c6e-8b40-08b8ecda40b8" />
      <TestMethod codeBase="/home/runner/work/dotnet-monorepo/dotnet-monorepo/src/artifacts/bin/Epubs.Tests/release_linux-x64/Epubs.Tests.dll" adapterTypeName="executor://mstestadapter/v4" className="Epubs.Tests.WriterTests.PackageDocumentTests.SpineTests" name="TestAddItemToSpine" />
    </UnitTest>
    <UnitTest name="TestAddPrePaginated (Epub3)" storage="/home/runner/work/dotnet-monorepo/dotnet-monorepo/src/artifacts/bin/epubs.tests/release_linux-x64/epubs.tests.dll" id="15879af3-5667-8627-8798-073634574cfb">
      <Execution id="dd2ece4d-1bb1-4d08-97fe-09bfb50b1b3f" />
      <TestMethod codeBase="/home/runner/work/dotnet-monorepo/dotnet-monorepo/src/artifacts/bin/Epubs.Tests/release_linux-x64/Epubs.Tests.dll" adapterTypeName="executor://mstestadapter/v4" className="Epubs.Tests.WriterTests.PackageDocumentTests.MetadataTests" name="TestAddPrePaginated" />
    </UnitTest>
    <UnitTest name="TestAddCreator (Epub2,[],&quot;epub2_no_roles.opf&quot;)" storage="/home/runner/work/dotnet-monorepo/dotnet-monorepo/src/artifacts/bin/epubs.tests/release_linux-x64/epubs.tests.dll" id="139f1cb2-b2ce-8c72-a0dc-23e529c29a74">
      <Execution id="1226d86d-60b0-4223-bb97-32d8d93a8bf8" />
      <TestMethod codeBase="/home/runner/work/dotnet-monorepo/dotnet-monorepo/src/artifacts/bin/Epubs.Tests/release_linux-x64/Epubs.Tests.dll" adapterTypeName="executor://mstestadapter/v4" className="Epubs.Tests.WriterTests.PackageDocumentTests.MetadataTests" name="TestAddCreator" />
    </UnitTest>
    <UnitTest name="TestAddItemToSpine (Epub2,&quot;page-spread-left&quot;,&quot;epub2_properties.opf&quot;)" storage="/home/runner/work/dotnet-monorepo/dotnet-monorepo/src/artifacts/bin/epubs.tests/release_linux-x64/epubs.tests.dll" id="132a3618-bc6c-8626-b378-85737c5c1ffb">
      <Execution id="f1d267d1-d0d6-478b-98a0-297fa2df1428" />
      <TestMethod codeBase="/home/runner/work/dotnet-monorepo/dotnet-monorepo/src/artifacts/bin/Epubs.Tests/release_linux-x64/Epubs.Tests.dll" adapterTypeName="executor://mstestadapter/v4" className="Epubs.Tests.WriterTests.PackageDocumentTests.SpineTests" name="TestAddItemToSpine" />
    </UnitTest>
    <UnitTest name="TestAddItemToManifest (Epub3,&quot;cover.jpg&quot;,&quot;cover-image&quot;,&quot;cover-id&quot;,&quot;epub3_properties_id.opf&quot;)" storage="/home/runner/work/dotnet-monorepo/dotnet-monorepo/src/artifacts/bin/epubs.tests/release_linux-x64/epubs.tests.dll" id="1d6f9d40-3288-8453-b9b2-5ea56e2a4753">
      <Execution id="b4519c0b-38dc-4c5b-943b-b6e025658a23" />
      <TestMethod codeBase="/home/runner/work/dotnet-monorepo/dotnet-monorepo/src/artifacts/bin/Epubs.Tests/release_linux-x64/Epubs.Tests.dll" adapterTypeName="executor://mstestadapter/v4" className="Epubs.Tests.WriterTests.PackageDocumentTests.ManifestTests" name="TestAddItemToManifest" />
    </UnitTest>
    <UnitTest name="TestAddNavItem (Epub3)" storage="/home/runner/work/dotnet-monorepo/dotnet-monorepo/src/artifacts/bin/epubs.tests/release_linux-x64/epubs.tests.dll" id="1229b021-b396-8067-9d67-6db2b8bc72b7">
      <Execution id="9d91ec53-daf7-4b3d-ac54-89a0a2b8041c" />
      <TestMethod codeBase="/home/runner/work/dotnet-monorepo/dotnet-monorepo/src/artifacts/bin/Epubs.Tests/release_linux-x64/Epubs.Tests.dll" adapterTypeName="executor://mstestadapter/v4" className="Epubs.Tests.WriterTests.NavigationTests.NcxTests" name="TestAddNavItem" />
    </UnitTest>
    <UnitTest name="TestGetRelativePath (&quot;a/b/c&quot;,&quot;b/c/d&quot;,&quot;../../../a/b/c&quot;)" storage="/home/runner/work/dotnet-monorepo/dotnet-monorepo/src/artifacts/bin/epubs.tests/release_linux-x64/epubs.tests.dll" id="1f027eb2-66bc-8be8-8300-bf63e361e75e">
      <Execution id="2aed3d75-aeec-4456-b221-8a0b388f4e83" />
      <TestMethod codeBase="/home/runner/work/dotnet-monorepo/dotnet-monorepo/src/artifacts/bin/Epubs.Tests/release_linux-x64/Epubs.Tests.dll" adapterTypeName="executor://mstestadapter/v4" className="Epubs.Tests.EpubPathsTests" name="TestGetRelativePath" />
    </UnitTest>
    <UnitTest name="TestAddTitle (Epub3)" storage="/home/runner/work/dotnet-monorepo/dotnet-monorepo/src/artifacts/bin/epubs.tests/release_linux-x64/epubs.tests.dll" id="17e7e5f5-8e92-8ea9-bd8b-79d2ff2868d6">
      <Execution id="58f8b6b6-44f8-4298-a6bc-c90710adba37" />
      <TestMethod codeBase="/home/runner/work/dotnet-monorepo/dotnet-monorepo/src/artifacts/bin/Epubs.Tests/release_linux-x64/Epubs.Tests.dll" adapterTypeName="executor://mstestadapter/v4" className="Epubs.Tests.WriterTests.NavigationTests.NcxTests" name="TestAddTitle" />
    </UnitTest>
    <UnitTest name="TestAddItemToSpine (Epub3,null,&quot;epub3_noproperties.opf&quot;)" storage="/home/runner/work/dotnet-monorepo/dotnet-monorepo/src/artifacts/bin/epubs.tests/release_linux-x64/epubs.tests.dll" id="1a00353d-820e-8fa3-9091-7b2ebff721ec">
      <Execution id="d049e630-3a79-49a8-bb3b-7b019c625f6b" />
      <TestMethod codeBase="/home/runner/work/dotnet-monorepo/dotnet-monorepo/src/artifacts/bin/Epubs.Tests/release_linux-x64/Epubs.Tests.dll" adapterTypeName="executor://mstestadapter/v4" className="Epubs.Tests.WriterTests.PackageDocumentTests.SpineTests" name="TestAddItemToSpine" />
    </UnitTest>
    <UnitTest name="TestAddItemToManifest (Epub2,&quot;cover.jpg&quot;,&quot;cover-image&quot;,&quot;cover-id&quot;,&quot;epub2_properties_id.opf&quot;)" storage="/home/runner/work/dotnet-monorepo/dotnet-monorepo/src/artifacts/bin/epubs.tests/release_linux-x64/epubs.tests.dll" id="1c0b229c-cfde-842a-8c76-19a571413f49">
      <Execution id="1f853938-f051-406a-9400-b2beb732acda" />
      <TestMethod codeBase="/home/runner/work/dotnet-monorepo/dotnet-monorepo/src/artifacts/bin/Epubs.Tests/release_linux-x64/Epubs.Tests.dll" adapterTypeName="executor://mstestadapter/v4" className="Epubs.Tests.WriterTests.PackageDocumentTests.ManifestTests" name="TestAddItemToManifest" />
    </UnitTest>
    <UnitTest name="TestAddTitle (Epub2)" storage="/home/runner/work/dotnet-monorepo/dotnet-monorepo/src/artifacts/bin/epubs.tests/release_linux-x64/epubs.tests.dll" id="1b20638b-a8a6-85af-8458-b3b7c366f1d5">
      <Execution id="33e7d58a-21a0-4ad1-a4ff-3b5aadc3bf05" />
      <TestMethod codeBase="/home/runner/work/dotnet-monorepo/dotnet-monorepo/src/artifacts/bin/Epubs.Tests/release_linux-x64/Epubs.Tests.dll" adapterTypeName="executor://mstestadapter/v4" className="Epubs.Tests.WriterTests.NavigationTests.NcxTests" name="TestAddTitle" />
    </UnitTest>
    <UnitTest name="TestResolvePath (&quot;a/b/c&quot;,&quot;../../../d/e&quot;,&quot;d/e&quot;)" storage="/home/runner/work/dotnet-monorepo/dotnet-monorepo/src/artifacts/bin/epubs.tests/release_linux-x64/epubs.tests.dll" id="1b26e4d7-3e0b-8adb-af94-08e50834077a">
      <Execution id="aef3240f-c788-4c93-a990-fe71a7707c87" />
      <TestMethod codeBase="/home/runner/work/dotnet-monorepo/dotnet-monorepo/src/artifacts/bin/Epubs.Tests/release_linux-x64/Epubs.Tests.dll" adapterTypeName="executor://mstestadapter/v4" className="Epubs.Tests.EpubPathsTests" name="TestResolvePath" />
    </UnitTest>
    <UnitTest name="TestAddNavItem (Epub2)" storage="/home/runner/work/dotnet-monorepo/dotnet-monorepo/src/artifacts/bin/epubs.tests/release_linux-x64/epubs.tests.dll" id="132c93fc-99cf-80a0-b0a6-22904c48670f">
      <Execution id="43070049-7225-4847-94f9-b1225b4b32ce" />
      <TestMethod codeBase="/home/runner/work/dotnet-monorepo/dotnet-monorepo/src/artifacts/bin/Epubs.Tests/release_linux-x64/Epubs.Tests.dll" adapterTypeName="executor://mstestadapter/v4" className="Epubs.Tests.WriterTests.NavigationTests.NavigationDocumentTests" name="TestAddNavItem" />
    </UnitTest>
    <UnitTest name="TestAddLanguage (Epub3)" storage="/home/runner/work/dotnet-monorepo/dotnet-monorepo/src/artifacts/bin/epubs.tests/release_linux-x64/epubs.tests.dll" id="1cef8686-5f34-86de-a6a3-8d35bb7afd79">
      <Execution id="48a233ab-61d2-4bd5-ad6b-cc1e8b11a5c8" />
      <TestMethod codeBase="/home/runner/work/dotnet-monorepo/dotnet-monorepo/src/artifacts/bin/Epubs.Tests/release_linux-x64/Epubs.Tests.dll" adapterTypeName="executor://mstestadapter/v4" className="Epubs.Tests.WriterTests.PackageDocumentTests.MetadataTests" name="TestAddLanguage" />
    </UnitTest>
    <UnitTest name="TestAddCreator (Epub3,[],&quot;epub3_no_roles.opf&quot;)" storage="/home/runner/work/dotnet-monorepo/dotnet-monorepo/src/artifacts/bin/epubs.tests/release_linux-x64/epubs.tests.dll" id="18633743-5a95-84ca-aa1a-84a0ca6b512e">
      <Execution id="e8a24e1c-d48d-49c2-9632-6fe022f26a08" />
      <TestMethod codeBase="/home/runner/work/dotnet-monorepo/dotnet-monorepo/src/artifacts/bin/Epubs.Tests/release_linux-x64/Epubs.Tests.dll" adapterTypeName="executor://mstestadapter/v4" className="Epubs.Tests.WriterTests.PackageDocumentTests.MetadataTests" name="TestAddCreator" />
    </UnitTest>
    <UnitTest name="TestGetRelativePath (&quot;&quot;,&quot;a/b/c&quot;,&quot;../../..&quot;)" storage="/home/runner/work/dotnet-monorepo/dotnet-monorepo/src/artifacts/bin/epubs.tests/release_linux-x64/epubs.tests.dll" id="163d9d25-3781-8d01-aa89-fb0ed455ce67">
      <Execution id="cc572a53-a8bf-4f00-b762-38feee27012a" />
      <TestMethod codeBase="/home/runner/work/dotnet-monorepo/dotnet-monorepo/src/artifacts/bin/Epubs.Tests/release_linux-x64/Epubs.Tests.dll" adapterTypeName="executor://mstestadapter/v4" className="Epubs.Tests.EpubPathsTests" name="TestGetRelativePath" />
    </UnitTest>
  </TestDefinitions>
  <TestEntries>
    <TestEntry testId="132a3618-bc6c-8626-b378-85737c5c1ffb" executionId="f1d267d1-d0d6-478b-98a0-297fa2df1428" testListId="8c84fa94-04c1-424b-9868-57a2d4851a1d" />
    <TestEntry testId="1ec0effe-5d9b-8d26-ab26-1e26e51fca30" executionId="4572db67-46f5-4c6b-a8bf-ed9f5939114b" testListId="8c84fa94-04c1-424b-9868-57a2d4851a1d" />
    <TestEntry testId="1cb53fa7-66ef-886d-96df-85f4e3a5f607" executionId="532f8dd2-5315-490d-93ea-0fd530a02a21" testListId="8c84fa94-04c1-424b-9868-57a2d4851a1d" />
    <TestEntry testId="14d0cd07-d554-8a17-ae84-6d68b4a68e29" executionId="c3fac3b6-6ebd-4c46-a9c1-31ef2d2f80fd" testListId="8c84fa94-04c1-424b-9868-57a2d4851a1d" />
    <TestEntry testId="1ad59a54-6162-8915-b78f-cbce5547287d" executionId="0fd62adb-e20a-44a8-9c15-3d2fcf39b267" testListId="8c84fa94-04c1-424b-9868-57a2d4851a1d" />
    <TestEntry testId="1bf56acc-bc6b-8496-947d-aa65e255463c" executionId="8cdaf9a0-bd53-40f7-821d-ad15029f9654" testListId="8c84fa94-04c1-424b-9868-57a2d4851a1d" />
    <TestEntry testId="124a442d-5cef-8a5e-832b-b6cc6c966046" executionId="ee0aca29-a9c1-4e3f-9e2f-03f1fd13d2f3" testListId="8c84fa94-04c1-424b-9868-57a2d4851a1d" />
    <TestEntry testId="13bb92f3-9643-8d68-aa0d-763f51bdbf81" executionId="d5ffdf82-a36e-4e16-8543-be8b418a7587" testListId="8c84fa94-04c1-424b-9868-57a2d4851a1d" />
    <TestEntry testId="1dc58f02-8bfb-87ff-8152-97912961162e" executionId="65a8d4a6-8146-42a4-9b92-9416d8ec1812" testListId="8c84fa94-04c1-424b-9868-57a2d4851a1d" />
    <TestEntry testId="1c0b229c-cfde-842a-8c76-19a571413f49" executionId="1f853938-f051-406a-9400-b2beb732acda" testListId="8c84fa94-04c1-424b-9868-57a2d4851a1d" />
    <TestEntry testId="1606129a-0ad6-89b1-8eb5-de137dec383d" executionId="f16730fe-7871-486f-9727-152b9e16f320" testListId="8c84fa94-04c1-424b-9868-57a2d4851a1d" />
    <TestEntry testId="11ca93a8-296b-8476-9f0b-6fc4b090990d" executionId="23c92e90-9c1b-4d5e-b4e2-1af29b4abdd4" testListId="8c84fa94-04c1-424b-9868-57a2d4851a1d" />
    <TestEntry testId="139f1cb2-b2ce-8c72-a0dc-23e529c29a74" executionId="1226d86d-60b0-4223-bb97-32d8d93a8bf8" testListId="8c84fa94-04c1-424b-9868-57a2d4851a1d" />
    <TestEntry testId="1f86d215-1c27-8857-97b9-0ba7f808e19d" executionId="05a153fb-9e75-406e-b6d6-a9b74f7ec7f8" testListId="8c84fa94-04c1-424b-9868-57a2d4851a1d" />
    <TestEntry testId="17163b0e-a15f-81ae-864e-083555ff6db1" executionId="b1b22850-c15f-4db7-bb22-33ba36762e67" testListId="8c84fa94-04c1-424b-9868-57a2d4851a1d" />
    <TestEntry testId="18b99c28-043f-8fa7-a585-45f8db35abe5" executionId="35220423-da2c-4a6e-a8ea-b5bb28c57289" testListId="8c84fa94-04c1-424b-9868-57a2d4851a1d" />
    <TestEntry testId="1e8f751a-7342-8e0a-8749-cd28c43d3882" executionId="da51d1a4-d074-4e22-8eee-fd25136e20da" testListId="8c84fa94-04c1-424b-9868-57a2d4851a1d" />
    <TestEntry testId="12509452-eb51-8bd2-8023-5d9d95470f16" executionId="1c78c5a0-0b6a-4e96-b52f-307d11e1973d" testListId="8c84fa94-04c1-424b-9868-57a2d4851a1d" />
    <TestEntry testId="1d6f9d40-3288-8453-b9b2-5ea56e2a4753" executionId="b4519c0b-38dc-4c5b-943b-b6e025658a23" testListId="8c84fa94-04c1-424b-9868-57a2d4851a1d" />
    <TestEntry testId="1b26e4d7-3e0b-8adb-af94-08e50834077a" executionId="aef3240f-c788-4c93-a990-fe71a7707c87" testListId="8c84fa94-04c1-424b-9868-57a2d4851a1d" />
    <TestEntry testId="110d5f63-5620-8288-a852-48415a5701b6" executionId="f014b2f3-9500-4fa8-b761-144056769b69" testListId="8c84fa94-04c1-424b-9868-57a2d4851a1d" />
    <TestEntry testId="1a3f96ff-4c2e-82f1-a4ad-01abaff96e83" executionId="6ca3096a-3469-42ed-a774-f579e2fdbe9e" testListId="8c84fa94-04c1-424b-9868-57a2d4851a1d" />
    <TestEntry testId="17cbd791-edb7-8411-9f3d-d0fe1b2fcf02" executionId="d60ac322-7694-4bec-86de-32569d7e985e" testListId="8c84fa94-04c1-424b-9868-57a2d4851a1d" />
    <TestEntry testId="16734436-cecd-83b5-8627-bcedb89c8296" executionId="3e654840-194d-4d7e-8262-ad10a7168489" testListId="8c84fa94-04c1-424b-9868-57a2d4851a1d" />
    <TestEntry testId="1d0b33a2-7e9b-8950-ad7c-1126beafd8dd" executionId="495102c4-81d9-4c6b-bb35-255a4af97dd4" testListId="8c84fa94-04c1-424b-9868-57a2d4851a1d" />
    <TestEntry testId="1b20638b-a8a6-85af-8458-b3b7c366f1d5" executionId="33e7d58a-21a0-4ad1-a4ff-3b5aadc3bf05" testListId="8c84fa94-04c1-424b-9868-57a2d4851a1d" />
    <TestEntry testId="1c344ecb-28e7-8e25-b223-6e397f5054f4" executionId="d0e5ee03-007d-4bb3-9d6a-84cbf4816896" testListId="8c84fa94-04c1-424b-9868-57a2d4851a1d" />
    <TestEntry testId="1d853697-1c40-8ef7-b701-75fcb83d716c" executionId="b28ea001-2125-4ca0-8813-d06b5143fd69" testListId="8c84fa94-04c1-424b-9868-57a2d4851a1d" />
    <TestEntry testId="12fc392e-8199-86c7-8604-b296f0959a0f" executionId="bb5732c8-34f0-40fd-888f-ddd1b51bad2b" testListId="8c84fa94-04c1-424b-9868-57a2d4851a1d" />
    <TestEntry testId="1584ef67-fe1c-864d-a045-629d708e2516" executionId="5f797c56-5d5b-417f-bd5f-ec9f1189efca" testListId="8c84fa94-04c1-424b-9868-57a2d4851a1d" />
    <TestEntry testId="17e7e5f5-8e92-8ea9-bd8b-79d2ff2868d6" executionId="58f8b6b6-44f8-4298-a6bc-c90710adba37" testListId="8c84fa94-04c1-424b-9868-57a2d4851a1d" />
    <TestEntry testId="173165ad-d2bc-8165-97a9-c5621186750e" executionId="4a9e9977-ce1b-4863-ba08-1eb155492f09" testListId="8c84fa94-04c1-424b-9868-57a2d4851a1d" />
    <TestEntry testId="1907624b-6009-89cb-a76c-8b426f68f298" executionId="eb8dc25d-531c-4bde-b38b-7d053c4837c5" testListId="8c84fa94-04c1-424b-9868-57a2d4851a1d" />
    <TestEntry testId="1cef8686-5f34-86de-a6a3-8d35bb7afd79" executionId="48a233ab-61d2-4bd5-ad6b-cc1e8b11a5c8" testListId="8c84fa94-04c1-424b-9868-57a2d4851a1d" />
    <TestEntry testId="1011288e-031f-8748-b274-76a1b0e99c39" executionId="ed9ad8c8-3abf-4ab8-b23c-d6eea3cd8189" testListId="8c84fa94-04c1-424b-9868-57a2d4851a1d" />
    <TestEntry testId="16e56989-76a7-8585-b943-e273cd2ed1c2" executionId="28db9e93-498b-4564-b9d6-250a35b22d63" testListId="8c84fa94-04c1-424b-9868-57a2d4851a1d" />
    <TestEntry testId="196202e8-80f4-8220-b7a4-03bed006a872" executionId="a19a99da-c85f-4a8d-a5d2-e63842468fd8" testListId="8c84fa94-04c1-424b-9868-57a2d4851a1d" />
    <TestEntry testId="1a00353d-820e-8fa3-9091-7b2ebff721ec" executionId="d049e630-3a79-49a8-bb3b-7b019c625f6b" testListId="8c84fa94-04c1-424b-9868-57a2d4851a1d" />
    <TestEntry testId="1229b021-b396-8067-9d67-6db2b8bc72b7" executionId="9d91ec53-daf7-4b3d-ac54-89a0a2b8041c" testListId="8c84fa94-04c1-424b-9868-57a2d4851a1d" />
    <TestEntry testId="132c93fc-99cf-80a0-b0a6-22904c48670f" executionId="43070049-7225-4847-94f9-b1225b4b32ce" testListId="8c84fa94-04c1-424b-9868-57a2d4851a1d" />
    <TestEntry testId="1576e578-fb17-8c86-9f06-aa7cda5c1b5a" executionId="40c7655a-bbac-44f9-9a90-834c5bcbe4d8" testListId="8c84fa94-04c1-424b-9868-57a2d4851a1d" />
    <TestEntry testId="1f027eb2-66bc-8be8-8300-bf63e361e75e" executionId="2aed3d75-aeec-4456-b221-8a0b388f4e83" testListId="8c84fa94-04c1-424b-9868-57a2d4851a1d" />
    <TestEntry testId="104fae68-6cd5-841d-8283-464853a139a3" executionId="0ded2e33-abf1-4053-8873-34220f78c3d8" testListId="8c84fa94-04c1-424b-9868-57a2d4851a1d" />
    <TestEntry testId="14c058b4-2c86-895b-b0b1-cc5b57859157" executionId="8355fb40-7d6c-4382-b05e-0600338bfec3" testListId="8c84fa94-04c1-424b-9868-57a2d4851a1d" />
    <TestEntry testId="19fedbcf-3e8f-80d3-8f00-c9b50d3782b5" executionId="a8758b7f-42b2-4c6e-8b40-08b8ecda40b8" testListId="8c84fa94-04c1-424b-9868-57a2d4851a1d" />
    <TestEntry testId="1e13994d-6844-8233-9112-553b896408e8" executionId="5d3b6306-360e-40d3-9514-3e37efb6216d" testListId="8c84fa94-04c1-424b-9868-57a2d4851a1d" />
    <TestEntry testId="17b70e0f-1bb5-8232-bb22-ad292bd4ca53" executionId="b5ea165b-fe2a-4558-a208-dea04eb6c506" testListId="8c84fa94-04c1-424b-9868-57a2d4851a1d" />
    <TestEntry testId="13acc5b9-b971-8983-8930-49d6f4051f77" executionId="7aa528ab-ce50-4f41-910b-d22bdafd6213" testListId="8c84fa94-04c1-424b-9868-57a2d4851a1d" />
    <TestEntry testId="18fb7630-93a1-828b-a9e1-500b27327666" executionId="42789d60-1452-43a8-a1ac-ed809263c41b" testListId="8c84fa94-04c1-424b-9868-57a2d4851a1d" />
    <TestEntry testId="1f20d052-efc6-827b-8ace-2d57870f3d7b" executionId="21d943e9-6a7d-46fc-a754-0353b507ac0a" testListId="8c84fa94-04c1-424b-9868-57a2d4851a1d" />
    <TestEntry testId="178aa3ea-46b0-8718-8f38-a36a6d78e6f8" executionId="6319aeda-9886-4053-994c-8f29de78dd3a" testListId="8c84fa94-04c1-424b-9868-57a2d4851a1d" />
    <TestEntry testId="12ab518a-33ba-8068-a833-7799730fcbd5" executionId="bcec0ea7-f532-49c7-953f-7c5d3f0ee2a9" testListId="8c84fa94-04c1-424b-9868-57a2d4851a1d" />
    <TestEntry testId="18f58b21-b2c3-803b-8cb0-4e08dd113f73" executionId="f8d3f42e-33ca-4f84-9bb3-921be8c97f97" testListId="8c84fa94-04c1-424b-9868-57a2d4851a1d" />
    <TestEntry testId="18633743-5a95-84ca-aa1a-84a0ca6b512e" executionId="e8a24e1c-d48d-49c2-9632-6fe022f26a08" testListId="8c84fa94-04c1-424b-9868-57a2d4851a1d" />
    <TestEntry testId="163d9d25-3781-8d01-aa89-fb0ed455ce67" executionId="cc572a53-a8bf-4f00-b762-38feee27012a" testListId="8c84fa94-04c1-424b-9868-57a2d4851a1d" />
    <TestEntry testId="1a5dc06e-54fd-8d2c-a693-2b5cb2a6574b" executionId="29c0394a-1350-4957-8a07-c7c392936dda" testListId="8c84fa94-04c1-424b-9868-57a2d4851a1d" />
    <TestEntry testId="1a7fb99e-f52f-8ccc-ab1f-13586db79d1e" executionId="7797aeb4-6b2c-4da7-8ae7-d674be9bd4d7" testListId="8c84fa94-04c1-424b-9868-57a2d4851a1d" />
    <TestEntry testId="15879af3-5667-8627-8798-073634574cfb" executionId="dd2ece4d-1bb1-4d08-97fe-09bfb50b1b3f" testListId="8c84fa94-04c1-424b-9868-57a2d4851a1d" />
    <TestEntry testId="1d890bf7-586d-85b6-b06c-8f6a41e0ae1e" executionId="c313b3d3-b4cd-4bea-a8f7-9094071b4b77" testListId="8c84fa94-04c1-424b-9868-57a2d4851a1d" />
    <TestEntry testId="178c28d6-788e-8eb5-bd79-d8ce91ec7454" executionId="3b193d3a-7f2b-4861-b703-f7f898f914fd" testListId="8c84fa94-04c1-424b-9868-57a2d4851a1d" />
  </TestEntries>
  <TestLists>
    <TestList name="Results Not in a List" id="8c84fa94-04c1-424b-9868-57a2d4851a1d" />
    <TestList name="All Loaded Results" id="19431567-8539-422a-85d7-44ee4e166bda" />
  </TestLists>
  <ResultSummary outcome="Completed">
    <Counters total="60" executed="60" passed="60" failed="0" error="0" timeout="0" aborted="0" inconclusive="0" passedButRunAborted="0" notRunnable="0" notExecuted="0" disconnected="0" warning="0" completed="0" inProgress="0" pending="0" />
    <Output>
      <StdOut>Test Parallelization enabled for /home/runner/work/dotnet-monorepo/dotnet-monorepo/src/artifacts/bin/Epubs.Tests/release_linux-x64/Epubs.Tests.dll (Workers: 4, Scope: ClassLevel)
</StdOut>
    </Output>
  </ResultSummary>
</TestRun>