<?xml version="1.0" encoding="utf-8"?>
<TestRun id="99ee6233-52f6-4e8a-85ff-f179715bedcb" name="@pkrvmccyg1gnepe 2025-08-31 02:21:16" xmlns="http://microsoft.com/schemas/VisualStudio/TeamTest/2010">
  <Times creation="2025-08-31T02:21:16.8552486+00:00" queuing="2025-08-31T02:21:16.8552486+00:00" start="2025-08-31T02:21:16.3044858+00:00" finish="2025-08-31T02:21:16.9028739+00:00" />
  <TestSettings name="default" id="fdf9912e-f200-4340-87f5-c9c36555c716">
    <Deployment runDeploymentRoot="_pkrvmccyg1gnepe_2025-08-31_02_21_16" />
  </TestSettings>
  <Results>
    <UnitTestResult executionId="5faf4d7c-e7ee-46d8-8494-a69639ee77eb" testId="f188e44f-a366-01fc-679d-e6a774f27a0b" testName="TestAddReferenceToGuide (Epub2)" computerName="pkrvmccyg1gnepe" duration="00:00:00.0003956" startTime="2025-08-31T02:21:16.7769038+00:00" endTime="2025-08-31T02:21:16.7781406+00:00" testType="13cdc9d9-ddb5-4fa4-a97d-d965ccfc6d4b" outcome="Passed" testListId="8c84fa94-04c1-424b-9868-57a2d4851a1d" relativeResultsDirectory="5faf4d7c-e7ee-46d8-8494-a69639ee77eb" />
    <UnitTestResult executionId="b29964ac-2d20-4888-9a8c-374c8bc16636" testId="5d4d5230-0e25-87c0-4af6-2de9a7c4c4a1" testName="TestAddTitle (Epub2)" computerName="pkrvmccyg1gnepe" duration="00:00:00.0003136" startTime="2025-08-31T02:21:16.8314313+00:00" endTime="2025-08-31T02:21:16.8318045+00:00" testType="13cdc9d9-ddb5-4fa4-a97d-d965ccfc6d4b" outcome="Passed" testListId="8c84fa94-04c1-424b-9868-57a2d4851a1d" relativeResultsDirectory="b29964ac-2d20-4888-9a8c-374c8bc16636" />
    <UnitTestResult executionId="7b1f3faa-c8cf-4a1a-8a9f-094d9b738f3e" testId="8c9e771c-c83f-550a-cb50-0b2a7179104c" testName="TestAddItemToSpine (Epub3,&quot;page-spread-left&quot;,&quot;epub3_properties.opf&quot;)" computerName="pkrvmccyg1gnepe" duration="00:00:00.0003425" startTime="2025-08-31T02:21:16.8213444+00:00" endTime="2025-08-31T02:21:16.8217770+00:00" testType="13cdc9d9-ddb5-4fa4-a97d-d965ccfc6d4b" outcome="Passed" testListId="8c84fa94-04c1-424b-9868-57a2d4851a1d" relativeResultsDirectory="7b1f3faa-c8cf-4a1a-8a9f-094d9b738f3e" />
    <UnitTestResult executionId="cb20bbef-ac45-4c6a-9a8d-ea8b8216b493" testId="dfff1bb5-cf96-7b7e-3f4f-13e2e3d017dd" testName="TestAddIdentifier (Epub3)" computerName="pkrvmccyg1gnepe" duration="00:00:00.0004440" startTime="2025-08-31T02:21:16.7805439+00:00" endTime="2025-08-31T02:21:16.7810690+00:00" testType="13cdc9d9-ddb5-4fa4-a97d-d965ccfc6d4b" outcome="Passed" testListId="8c84fa94-04c1-424b-9868-57a2d4851a1d" relativeResultsDirectory="cb20bbef-ac45-4c6a-9a8d-ea8b8216b493" />
    <UnitTestResult executionId="cbc51e6c-a377-473c-8606-28aa855ba2c7" testId="40fccafb-603f-db2e-52f5-0e6854d614d2" testName="TestAddRightToLeft (Epub2,&quot;epub2_rtl.opf&quot;)" computerName="pkrvmccyg1gnepe" duration="00:00:00.0002065" startTime="2025-08-31T02:21:16.8250910+00:00" endTime="2025-08-31T02:21:16.8253575+00:00" testType="13cdc9d9-ddb5-4fa4-a97d-d965ccfc6d4b" outcome="Passed" testListId="8c84fa94-04c1-424b-9868-57a2d4851a1d" relativeResultsDirectory="cbc51e6c-a377-473c-8606-28aa855ba2c7" />
    <UnitTestResult executionId="d2fcbe9c-e42d-4f70-8f0b-580982e9816c" testId="1994ae24-05cd-3449-cbf7-9654aa01ed73" testName="TestAddItemToManifest (Epub3,&quot;cover.jpg&quot;,null,null,&quot;epub3_noproperties_noid.opf&quot;)" computerName="pkrvmccyg1gnepe" duration="00:00:00.0001692" startTime="2025-08-31T02:21:16.7800945+00:00" endTime="2025-08-31T02:21:16.7803314+00:00" testType="13cdc9d9-ddb5-4fa4-a97d-d965ccfc6d4b" outcome="Passed" testListId="8c84fa94-04c1-424b-9868-57a2d4851a1d" relativeResultsDirectory="d2fcbe9c-e42d-4f70-8f0b-580982e9816c" />
    <UnitTestResult executionId="81ebada8-f826-406c-9d0c-299330a14006" testId="99564a9c-de8e-bba7-fce2-1855da9f00d6" testName="TestAddNcx (Epub2,&quot;epub2_ncx.opf&quot;)" computerName="pkrvmccyg1gnepe" duration="00:00:00.0002181" startTime="2025-08-31T02:21:16.8238670+00:00" endTime="2025-08-31T02:21:16.8241459+00:00" testType="13cdc9d9-ddb5-4fa4-a97d-d965ccfc6d4b" outcome="Passed" testListId="8c84fa94-04c1-424b-9868-57a2d4851a1d" relativeResultsDirectory="81ebada8-f826-406c-9d0c-299330a14006" />
    <UnitTestResult executionId="88d5412e-353d-4d40-b9e0-93b59521d249" testId="d677c7f0-fd98-db4b-f256-9d5a40eeb450" testName="TestAddCreator (Epub3,[],&quot;epub3_no_roles.opf&quot;)" computerName="pkrvmccyg1gnepe" duration="00:00:00.0005513" startTime="2025-08-31T02:21:16.8153792+00:00" endTime="2025-08-31T02:21:16.8160110+00:00" testType="13cdc9d9-ddb5-4fa4-a97d-d965ccfc6d4b" outcome="Passed" testListId="8c84fa94-04c1-424b-9868-57a2d4851a1d" relativeResultsDirectory="88d5412e-353d-4d40-b9e0-93b59521d249" />
    <UnitTestResult executionId="1e0c06ce-957e-4b22-9b02-66994e64946c" testId="594caead-0457-af95-78db-f11df6a0960a" testName="TestAddIdentifier (Epub2)" computerName="pkrvmccyg1gnepe" duration="00:00:00.0002622" startTime="2025-08-31T02:21:16.8307872+00:00" endTime="2025-08-31T02:21:16.8311098+00:00" testType="13cdc9d9-ddb5-4fa4-a97d-d965ccfc6d4b" outcome="Passed" testListId="8c84fa94-04c1-424b-9868-57a2d4851a1d" relativeResultsDirectory="1e0c06ce-957e-4b22-9b02-66994e64946c" />
    <UnitTestResult executionId="690fa79f-c7ed-4f25-b2e1-dafbeee270b1" testId="49fbec17-8a99-3521-2b8d-bc34471c898c" testName="TestAddPrePaginated (Epub2)" computerName="pkrvmccyg1gnepe" duration="00:00:00.0002025" startTime="2025-08-31T02:21:16.8203485+00:00" endTime="2025-08-31T02:21:16.8206106+00:00" testType="13cdc9d9-ddb5-4fa4-a97d-d965ccfc6d4b" outcome="Passed" testListId="8c84fa94-04c1-424b-9868-57a2d4851a1d" relativeResultsDirectory="690fa79f-c7ed-4f25-b2e1-dafbeee270b1" />
    <UnitTestResult executionId="e178466d-5596-48bd-9c83-4cdd6d7db7c0" testId="3f9f394b-3398-3cc3-37cc-56417e5a89b6" testName="TestAddCreator (Epub3,[&quot;aut&quot;,&quot;ill&quot;],&quot;epub3_two_roles.opf&quot;)" computerName="pkrvmccyg1gnepe" duration="00:00:00.0000918" startTime="2025-08-31T02:21:16.8167953+00:00" endTime="2025-08-31T02:21:16.8169544+00:00" testType="13cdc9d9-ddb5-4fa4-a97d-d965ccfc6d4b" outcome="Passed" testListId="8c84fa94-04c1-424b-9868-57a2d4851a1d" relativeResultsDirectory="e178466d-5596-48bd-9c83-4cdd6d7db7c0" />
    <UnitTestResult executionId="45a80d90-b4bb-48cd-8e3e-1204e8bf3438" testId="3f3cfbdc-7778-44fe-127e-9e051a2f1aa2" testName="TestAddNavItem (Epub2)" computerName="pkrvmccyg1gnepe" duration="00:00:00.0008930" startTime="2025-08-31T02:21:16.8274382+00:00" endTime="2025-08-31T02:21:16.8283917+00:00" testType="13cdc9d9-ddb5-4fa4-a97d-d965ccfc6d4b" outcome="Passed" testListId="8c84fa94-04c1-424b-9868-57a2d4851a1d" relativeResultsDirectory="45a80d90-b4bb-48cd-8e3e-1204e8bf3438" />
    <UnitTestResult executionId="b566f3bc-a411-43de-a800-569ae09d5573" testId="96bd8760-c7b7-81b8-4f89-ec6ccc94ca0b" testName="TestAddNcx (Epub3,&quot;epub3_ncx.opf&quot;)" computerName="pkrvmccyg1gnepe" duration="00:00:00.0002446" startTime="2025-08-31T02:21:16.8235327+00:00" endTime="2025-08-31T02:21:16.8238405+00:00" testType="13cdc9d9-ddb5-4fa4-a97d-d965ccfc6d4b" outcome="Passed" testListId="8c84fa94-04c1-424b-9868-57a2d4851a1d" relativeResultsDirectory="b566f3bc-a411-43de-a800-569ae09d5573" />
    <UnitTestResult executionId="4b4fd8d6-24fa-4bcc-be83-fe624e9c56ec" testId="78e4846a-98ff-e3e6-be1b-f68ce6653ef7" testName="TestAddCreator (Epub2,[&quot;aut&quot;],&quot;epub2_one_role.opf&quot;)" computerName="pkrvmccyg1gnepe" duration="00:00:00.0001360" startTime="2025-08-31T02:21:16.8165614+00:00" endTime="2025-08-31T02:21:16.8167699+00:00" testType="13cdc9d9-ddb5-4fa4-a97d-d965ccfc6d4b" outcome="Passed" testListId="8c84fa94-04c1-424b-9868-57a2d4851a1d" relativeResultsDirectory="4b4fd8d6-24fa-4bcc-be83-fe624e9c56ec" />
    <UnitTestResult executionId="da9539b3-f578-47c7-8f7a-c1c3e87a32b3" testId="e4cbb751-c512-8650-1a17-2e8ac57a05f2" testName="TestAddModified (Epub3)" computerName="pkrvmccyg1gnepe" duration="00:00:00.0002935" startTime="2025-08-31T02:21:16.8206529+00:00" endTime="2025-08-31T02:21:16.8210165+00:00" testType="13cdc9d9-ddb5-4fa4-a97d-d965ccfc6d4b" outcome="Passed" testListId="8c84fa94-04c1-424b-9868-57a2d4851a1d" relativeResultsDirectory="da9539b3-f578-47c7-8f7a-c1c3e87a32b3" />
    <UnitTestResult executionId="28cb7184-600d-4dc2-b6f8-8fc4f7afa480" testId="04965b1d-7fcd-a172-3bd8-f962f6396ef1" testName="TestAddNavItem (Epub3)" computerName="pkrvmccyg1gnepe" duration="00:00:00.0025914" startTime="2025-08-31T02:21:16.8318396+00:00" endTime="2025-08-31T02:21:16.8344907+00:00" testType="13cdc9d9-ddb5-4fa4-a97d-d965ccfc6d4b" outcome="Passed" testListId="8c84fa94-04c1-424b-9868-57a2d4851a1d" relativeResultsDirectory="28cb7184-600d-4dc2-b6f8-8fc4f7afa480" />
    <UnitTestResult executionId="785e488b-6fe9-443d-9e3a-fc94aa737c54" testId="44da78d8-904e-d616-f174-2b6a9767cdcb" testName="TestAddReferenceToGuide (Epub3)" computerName="pkrvmccyg1gnepe" duration="00:00:00.0237067" startTime="2025-08-31T02:21:16.7350902+00:00" endTime="2025-08-31T02:21:16.7729031+00:00" testType="13cdc9d9-ddb5-4fa4-a97d-d965ccfc6d4b" outcome="Passed" testListId="8c84fa94-04c1-424b-9868-57a2d4851a1d" relativeResultsDirectory="785e488b-6fe9-443d-9e3a-fc94aa737c54" />
    <UnitTestResult executionId="7decffee-d985-4671-83f4-24bbc6cdc035" testId="415fc078-5627-2006-e301-3bb2cb96ae2b" testName="TestAddCreator (Epub2,[],&quot;epub2_no_roles.opf&quot;)" computerName="pkrvmccyg1gnepe" duration="00:00:00.0002332" startTime="2025-08-31T02:21:16.8160378+00:00" endTime="2025-08-31T02:21:16.8163454+00:00" testType="13cdc9d9-ddb5-4fa4-a97d-d965ccfc6d4b" outcome="Passed" testListId="8c84fa94-04c1-424b-9868-57a2d4851a1d" relativeResultsDirectory="7decffee-d985-4671-83f4-24bbc6cdc035" />
    <UnitTestResult executionId="321ec2fb-053b-4258-92a7-f1bb94d1e7be" testId="5a4b4514-f7a8-ec80-0b2e-cc4f1e3225c9" testName="TestAddItemToLandmarks (Epub3)" computerName="pkrvmccyg1gnepe" duration="00:00:00.0003914" startTime="2025-08-31T02:21:16.8294022+00:00" endTime="2025-08-31T02:21:16.8298701+00:00" testType="13cdc9d9-ddb5-4fa4-a97d-d965ccfc6d4b" outcome="Passed" testListId="8c84fa94-04c1-424b-9868-57a2d4851a1d" relativeResultsDirectory="321ec2fb-053b-4258-92a7-f1bb94d1e7be" />
    <UnitTestResult executionId="7eee495c-8f92-46d0-9099-87c6caca9e06" testId="693b69fd-81f0-56fd-8f17-ee56b4f8d96d" testName="TestAddNavItem (Epub2)" computerName="pkrvmccyg1gnepe" duration="00:00:00.0002832" startTime="2025-08-31T02:21:16.8345180+00:00" endTime="2025-08-31T02:21:16.8348679+00:00" testType="13cdc9d9-ddb5-4fa4-a97d-d965ccfc6d4b" outcome="Passed" testListId="8c84fa94-04c1-424b-9868-57a2d4851a1d" relativeResultsDirectory="7eee495c-8f92-46d0-9099-87c6caca9e06" />
    <UnitTestResult executionId="72c10038-07ca-4744-aaea-a3027cc25bc4" testId="924b8454-c381-318c-99e1-35856fc01e42" testName="TestAddItemToSpine (Epub2,&quot;page-spread-left&quot;,&quot;epub2_properties.opf&quot;)" computerName="pkrvmccyg1gnepe" duration="00:00:00.0002830" startTime="2025-08-31T02:21:16.8218035+00:00" endTime="2025-08-31T02:21:16.8221551+00:00" testType="13cdc9d9-ddb5-4fa4-a97d-d965ccfc6d4b" outcome="Passed" testListId="8c84fa94-04c1-424b-9868-57a2d4851a1d" relativeResultsDirectory="72c10038-07ca-4744-aaea-a3027cc25bc4" />
    <UnitTestResult executionId="aa8f60f9-3cbb-4248-9e79-2ecac5eeebc9" testId="410eac8a-445b-ddc0-5763-81a3a18c8bb9" testName="TestGetRasterDocument (Epub3)" computerName="pkrvmccyg1gnepe" duration="00:00:00.0007750" startTime="2025-08-31T02:21:16.8366244+00:00" endTime="2025-08-31T02:21:16.8375002+00:00" testType="13cdc9d9-ddb5-4fa4-a97d-d965ccfc6d4b" outcome="Passed" testListId="8c84fa94-04c1-424b-9868-57a2d4851a1d" relativeResultsDirectory="aa8f60f9-3cbb-4248-9e79-2ecac5eeebc9" />
    <UnitTestResult executionId="4011ff61-90da-43c0-9025-f8aaeefa17b9" testId="c721fbc4-4b7f-c0df-d55e-177b347e9a92" testName="TestAddCreator (Epub3,[&quot;aut&quot;],&quot;epub3_one_role.opf&quot;)" computerName="pkrvmccyg1gnepe" duration="00:00:00.0000856" startTime="2025-08-31T02:21:16.8163721+00:00" endTime="2025-08-31T02:21:16.8165374+00:00" testType="13cdc9d9-ddb5-4fa4-a97d-d965ccfc6d4b" outcome="Passed" testListId="8c84fa94-04c1-424b-9868-57a2d4851a1d" relativeResultsDirectory="4011ff61-90da-43c0-9025-f8aaeefa17b9" />
    <UnitTestResult executionId="d5153343-f710-4285-a278-e8b085af8378" testId="cec8e838-5451-2a86-db1e-5de14ad9804c" testName="TestAddDate (Epub2)" computerName="pkrvmccyg1gnepe" duration="00:00:00.0002340" startTime="2025-08-31T02:21:16.8196783+00:00" endTime="2025-08-31T02:21:16.8199831+00:00" testType="13cdc9d9-ddb5-4fa4-a97d-d965ccfc6d4b" outcome="Passed" testListId="8c84fa94-04c1-424b-9868-57a2d4851a1d" relativeResultsDirectory="d5153343-f710-4285-a278-e8b085af8378" />
    <UnitTestResult executionId="8235428d-b684-4220-8e05-7613672e5073" testId="8a1e305d-837e-e2ab-0677-efc86659bf91" testName="TestGetContainerXmlDocument (Epub3)" computerName="pkrvmccyg1gnepe" duration="00:00:00.0003368" startTime="2025-08-31T02:21:16.8348946+00:00" endTime="2025-08-31T02:21:16.8353097+00:00" testType="13cdc9d9-ddb5-4fa4-a97d-d965ccfc6d4b" outcome="Passed" testListId="8c84fa94-04c1-424b-9868-57a2d4851a1d" relativeResultsDirectory="8235428d-b684-4220-8e05-7613672e5073" />
    <UnitTestResult executionId="594ae65b-69a0-4a04-b3b4-d003a56b4743" testId="b3961dcc-7a38-2113-9639-b9147b073687" testName="TestAddTitle (Epub2)" computerName="pkrvmccyg1gnepe" duration="00:00:00.0002391" startTime="2025-08-31T02:21:16.8143887+00:00" endTime="2025-08-31T02:21:16.8147089+00:00" testType="13cdc9d9-ddb5-4fa4-a97d-d965ccfc6d4b" outcome="Passed" testListId="8c84fa94-04c1-424b-9868-57a2d4851a1d" relativeResultsDirectory="594ae65b-69a0-4a04-b3b4-d003a56b4743" />
    <UnitTestResult executionId="ce088cce-abb2-4be3-b5e5-43e73f317011" testId="de5c320f-e3e6-6348-70fb-6545025c4cd1" testName="TestAddItemToLandmarks (Epub2)" computerName="pkrvmccyg1gnepe" duration="00:00:00.0002268" startTime="2025-08-31T02:21:16.8298963+00:00" endTime="2025-08-31T02:21:16.8301879+00:00" testType="13cdc9d9-ddb5-4fa4-a97d-d965ccfc6d4b" outcome="Passed" testListId="8c84fa94-04c1-424b-9868-57a2d4851a1d" relativeResultsDirectory="ce088cce-abb2-4be3-b5e5-43e73f317011" />
    <UnitTestResult executionId="8a31250b-ebce-47c7-b333-9e989089b912" testId="e0b26bfd-5e10-47a7-5708-ed4ae0f6f17a" testName="TestAddTitle (Epub3)" computerName="pkrvmccyg1gnepe" duration="00:00:00.0001962" startTime="2025-08-31T02:21:16.8311403+00:00" endTime="2025-08-31T02:21:16.8314056+00:00" testType="13cdc9d9-ddb5-4fa4-a97d-d965ccfc6d4b" outcome="Passed" testListId="8c84fa94-04c1-424b-9868-57a2d4851a1d" relativeResultsDirectory="8a31250b-ebce-47c7-b333-9e989089b912" />
    <UnitTestResult executionId="d6ec7371-9180-4d49-9789-713487fff702" testId="c0800344-f0ec-fd64-7ee2-f71e18c8af14" testName="TestAddNavItem (Epub3)" computerName="pkrvmccyg1gnepe" duration="00:00:00.0019404" startTime="2025-08-31T02:21:16.8253836+00:00" endTime="2025-08-31T02:21:16.8274064+00:00" testType="13cdc9d9-ddb5-4fa4-a97d-d965ccfc6d4b" outcome="Passed" testListId="8c84fa94-04c1-424b-9868-57a2d4851a1d" relativeResultsDirectory="d6ec7371-9180-4d49-9789-713487fff702" />
    <UnitTestResult executionId="792a0296-230f-47f7-bdaa-be4aec6a1f4e" testId="713cc4f0-5833-4981-89c3-33f67d49e215" testName="TestAddLanguage (Epub2)" computerName="pkrvmccyg1gnepe" duration="00:00:00.0002073" startTime="2025-08-31T02:21:16.8150870+00:00" endTime="2025-08-31T02:21:16.8153537+00:00" testType="13cdc9d9-ddb5-4fa4-a97d-d965ccfc6d4b" outcome="Passed" testListId="8c84fa94-04c1-424b-9868-57a2d4851a1d" relativeResultsDirectory="792a0296-230f-47f7-bdaa-be4aec6a1f4e" />
    <UnitTestResult executionId="9ed22520-816e-4b5a-94f5-5358fd847da7" testId="b00da7e2-1034-9a94-bdb6-4d0dec2ca4dd" testName="TestAddLeftToRight (Epub3,&quot;epub3_ltr.opf&quot;)" computerName="pkrvmccyg1gnepe" duration="00:00:00.0002007" startTime="2025-08-31T02:21:16.8241753+00:00" endTime="2025-08-31T02:21:16.8244448+00:00" testType="13cdc9d9-ddb5-4fa4-a97d-d965ccfc6d4b" outcome="Passed" testListId="8c84fa94-04c1-424b-9868-57a2d4851a1d" relativeResultsDirectory="9ed22520-816e-4b5a-94f5-5358fd847da7" />
    <UnitTestResult executionId="b6362212-4cde-4a83-ad0b-7661a58d3b2f" testId="59a57370-8637-253e-de19-a484c9442cbd" testName="TestAddItemToSpine (Epub3,null,&quot;epub3_noproperties.opf&quot;)" computerName="pkrvmccyg1gnepe" duration="00:00:00.0000758" startTime="2025-08-31T02:21:16.8221809+00:00" endTime="2025-08-31T02:21:16.8223393+00:00" testType="13cdc9d9-ddb5-4fa4-a97d-d965ccfc6d4b" outcome="Passed" testListId="8c84fa94-04c1-424b-9868-57a2d4851a1d" relativeResultsDirectory="b6362212-4cde-4a83-ad0b-7661a58d3b2f" />
    <UnitTestResult executionId="8125d0a0-9852-437a-8e72-0e4d29093a82" testId="b9126755-0e48-3338-5d7f-d91de59b1147" testName="TestAddModified (Epub2)" computerName="pkrvmccyg1gnepe" duration="00:00:00.0001930" startTime="2025-08-31T02:21:16.8210475+00:00" endTime="2025-08-31T02:21:16.8213064+00:00" testType="13cdc9d9-ddb5-4fa4-a97d-d965ccfc6d4b" outcome="Passed" testListId="8c84fa94-04c1-424b-9868-57a2d4851a1d" relativeResultsDirectory="8125d0a0-9852-437a-8e72-0e4d29093a82" />
    <UnitTestResult executionId="48b7faeb-2e55-4497-a88a-49ee6fa0aa48" testId="c70cdfcc-fe0e-0a22-3f91-3f78bf225323" testName="TestGetRasterDocument (Epub2)" computerName="pkrvmccyg1gnepe" duration="00:00:00.0005409" startTime="2025-08-31T02:21:16.8375274+00:00" endTime="2025-08-31T02:21:16.8389644+00:00" testType="13cdc9d9-ddb5-4fa4-a97d-d965ccfc6d4b" outcome="Passed" testListId="8c84fa94-04c1-424b-9868-57a2d4851a1d" relativeResultsDirectory="48b7faeb-2e55-4497-a88a-49ee6fa0aa48" />
    <UnitTestResult executionId="99cc27f5-aad2-49f2-8d14-fa573a8b5cef" testId="a1bdf61b-cabc-642a-7abf-89a752dec9e4" testName="TestAddItemToManifest (Epub2,&quot;cover.jpg&quot;,null,null,&quot;epub2_noproperties_noid.opf&quot;)" computerName="pkrvmccyg1gnepe" duration="00:00:00.0000863" startTime="2025-08-31T02:21:16.7803691+00:00" endTime="2025-08-31T02:21:16.7805206+00:00" testType="13cdc9d9-ddb5-4fa4-a97d-d965ccfc6d4b" outcome="Passed" testListId="8c84fa94-04c1-424b-9868-57a2d4851a1d" relativeResultsDirectory="99cc27f5-aad2-49f2-8d14-fa573a8b5cef" />
    <UnitTestResult executionId="0c1343c1-2cc0-4207-b2c0-376ffbaa64fe" testId="99a6b07e-6c4a-175c-f49d-3d815f9e4c5a" testName="TestAddItemToSpine (Epub2,null,&quot;epub2_noproperties.opf&quot;)" computerName="pkrvmccyg1gnepe" duration="00:00:00.0000831" startTime="2025-08-31T02:21:16.8233454+00:00" endTime="2025-08-31T02:21:16.8234974+00:00" testType="13cdc9d9-ddb5-4fa4-a97d-d965ccfc6d4b" outcome="Passed" testListId="8c84fa94-04c1-424b-9868-57a2d4851a1d" relativeResultsDirectory="0c1343c1-2cc0-4207-b2c0-376ffbaa64fe" />
    <UnitTestResult executionId="c2c400b7-1c92-4ce2-b451-20a59cefccb7" testId="55b94eb4-b768-e9e6-66cb-0b4726f406c0" testName="TestAddTitle (Epub3)" computerName="pkrvmccyg1gnepe" duration="00:00:00.0003603" startTime="2025-08-31T02:21:16.7814648+00:00" endTime="2025-08-31T02:21:16.7818913+00:00" testType="13cdc9d9-ddb5-4fa4-a97d-d965ccfc6d4b" outcome="Passed" testListId="8c84fa94-04c1-424b-9868-57a2d4851a1d" relativeResultsDirectory="c2c400b7-1c92-4ce2-b451-20a59cefccb7" />
    <UnitTestResult executionId="8d9865fd-0c61-4f06-b52a-d3799339e5b3" testId="4560ec12-e47b-78e1-23c7-f98e322348ee" testName="TestGetContainerXmlDocument (Epub2)" computerName="pkrvmccyg1gnepe" duration="00:00:00.0002598" startTime="2025-08-31T02:21:16.8362713+00:00" endTime="2025-08-31T02:21:16.8365983+00:00" testType="13cdc9d9-ddb5-4fa4-a97d-d965ccfc6d4b" outcome="Passed" testListId="8c84fa94-04c1-424b-9868-57a2d4851a1d" relativeResultsDirectory="8d9865fd-0c61-4f06-b52a-d3799339e5b3" />
    <UnitTestResult executionId="a920e492-6cb0-4f30-b3cf-7aa895c6784b" testId="0979f8bb-ea3f-cc84-8b49-708bff499cd7" testName="TestAddItemToManifest (Epub2,&quot;cover.jpg&quot;,&quot;cover-image&quot;,&quot;cover-id&quot;,&quot;epub2_properties_id.opf&quot;)" computerName="pkrvmccyg1gnepe" duration="00:00:00.0003566" startTime="2025-08-31T02:21:16.7796110+00:00" endTime="2025-08-31T02:21:16.7800682+00:00" testType="13cdc9d9-ddb5-4fa4-a97d-d965ccfc6d4b" outcome="Passed" testListId="8c84fa94-04c1-424b-9868-57a2d4851a1d" relativeResultsDirectory="a920e492-6cb0-4f30-b3cf-7aa895c6784b" />
    <UnitTestResult executionId="1f791166-cdba-44fc-96e1-75ddb015c203" testId="e6a52e6f-b4f1-a194-00bd-8dca39600023" testName="TestAddCreator (Epub2,[&quot;aut&quot;,&quot;ill&quot;],&quot;epub2_two_roles.opf&quot;)" computerName="pkrvmccyg1gnepe" duration="00:00:00.0000884" startTime="2025-08-31T02:21:16.8169770+00:00" endTime="2025-08-31T02:21:16.8171341+00:00" testType="13cdc9d9-ddb5-4fa4-a97d-d965ccfc6d4b" outcome="Passed" testListId="8c84fa94-04c1-424b-9868-57a2d4851a1d" relativeResultsDirectory="1f791166-cdba-44fc-96e1-75ddb015c203" />
    <UnitTestResult executionId="e15a20c6-ebe3-487b-8d55-057b46f4d130" testId="265f5716-a8e8-4a3d-7578-667e80e2b50e" testName="TestAddLanguage (Epub3)" computerName="pkrvmccyg1gnepe" duration="00:00:00.0002577" startTime="2025-08-31T02:21:16.8147367+00:00" endTime="2025-08-31T02:21:16.8150556+00:00" testType="13cdc9d9-ddb5-4fa4-a97d-d965ccfc6d4b" outcome="Passed" testListId="8c84fa94-04c1-424b-9868-57a2d4851a1d" relativeResultsDirectory="e15a20c6-ebe3-487b-8d55-057b46f4d130" />
    <UnitTestResult executionId="8b953b1e-b4a5-4553-b9fd-895d9ce89f76" testId="8d1ae0de-2769-faaf-9dcf-e6f047c0d5f3" testName="TestAddIdentifier (Epub2)" computerName="pkrvmccyg1gnepe" duration="00:00:00.0002729" startTime="2025-08-31T02:21:16.7810949+00:00" endTime="2025-08-31T02:21:16.7814389+00:00" testType="13cdc9d9-ddb5-4fa4-a97d-d965ccfc6d4b" outcome="Passed" testListId="8c84fa94-04c1-424b-9868-57a2d4851a1d" relativeResultsDirectory="8b953b1e-b4a5-4553-b9fd-895d9ce89f76" />
    <UnitTestResult executionId="1d1d4d3d-de43-4608-9807-02921dfb7994" testId="9df8c1b1-aaf4-5545-12dd-5ce8d49b25cf" testName="TestAddPrePaginated (Epub3)" computerName="pkrvmccyg1gnepe" duration="00:00:00.0002499" startTime="2025-08-31T02:21:16.8200093+00:00" endTime="2025-08-31T02:21:16.8203186+00:00" testType="13cdc9d9-ddb5-4fa4-a97d-d965ccfc6d4b" outcome="Passed" testListId="8c84fa94-04c1-424b-9868-57a2d4851a1d" relativeResultsDirectory="1d1d4d3d-de43-4608-9807-02921dfb7994" />
    <UnitTestResult executionId="06f9328d-7d0c-4524-9eea-811dc26503da" testId="89814799-e32a-55bb-8345-b24b3f8784f3" testName="TestAddRightToLeft (Epub3,&quot;epub3_rtl.opf&quot;)" computerName="pkrvmccyg1gnepe" duration="00:00:00.0002096" startTime="2025-08-31T02:21:16.8247919+00:00" endTime="2025-08-31T02:21:16.8250610+00:00" testType="13cdc9d9-ddb5-4fa4-a97d-d965ccfc6d4b" outcome="Passed" testListId="8c84fa94-04c1-424b-9868-57a2d4851a1d" relativeResultsDirectory="06f9328d-7d0c-4524-9eea-811dc26503da" />
    <UnitTestResult executionId="779dc1d9-9338-4a01-a239-6169d0332b08" testId="6191621d-615a-32f8-fd79-90783c02b94b" testName="TestAddDate (Epub3)" computerName="pkrvmccyg1gnepe" duration="00:00:00.0007101" startTime="2025-08-31T02:21:16.8188498+00:00" endTime="2025-08-31T02:21:16.8196287+00:00" testType="13cdc9d9-ddb5-4fa4-a97d-d965ccfc6d4b" outcome="Passed" testListId="8c84fa94-04c1-424b-9868-57a2d4851a1d" relativeResultsDirectory="779dc1d9-9338-4a01-a239-6169d0332b08" />
    <UnitTestResult executionId="f6ff2636-bf1b-4666-81bc-19ff6464561b" testId="fa860a25-9f76-25a8-9a76-b7824318caf2" testName="TestAddLeftToRight (Epub2,&quot;epub2_ltr.opf&quot;)" computerName="pkrvmccyg1gnepe" duration="00:00:00.0002263" startTime="2025-08-31T02:21:16.8244751+00:00" endTime="2025-08-31T02:21:16.8247655+00:00" testType="13cdc9d9-ddb5-4fa4-a97d-d965ccfc6d4b" outcome="Passed" testListId="8c84fa94-04c1-424b-9868-57a2d4851a1d" relativeResultsDirectory="f6ff2636-bf1b-4666-81bc-19ff6464561b" />
    <UnitTestResult executionId="c9c3c691-ca9a-44de-a6a9-e66d2a60e53e" testId="ccd4c932-333c-882b-c126-06d1ad778550" testName="TestAddItemToManifest (Epub3,&quot;cover.jpg&quot;,&quot;cover-image&quot;,&quot;cover-id&quot;,&quot;epub3_properties_id.opf&quot;)" computerName="pkrvmccyg1gnepe" duration="00:00:00.0010897" startTime="2025-08-31T02:21:16.7783850+00:00" endTime="2025-08-31T02:21:16.7795692+00:00" testType="13cdc9d9-ddb5-4fa4-a97d-d965ccfc6d4b" outcome="Passed" testListId="8c84fa94-04c1-424b-9868-57a2d4851a1d" relativeResultsDirectory="c9c3c691-ca9a-44de-a6a9-e66d2a60e53e" />
    <UnitTestResult executionId="632ca671-6da5-49c2-b680-a318691b5bf6" testId="10c6e40c-daca-4950-6019-a3a7ec88eb82" testName="TestAddIdentifier (Epub3)" computerName="pkrvmccyg1gnepe" duration="00:00:00.0004537" startTime="2025-08-31T02:21:16.8302214+00:00" endTime="2025-08-31T02:21:16.8307608+00:00" testType="13cdc9d9-ddb5-4fa4-a97d-d965ccfc6d4b" outcome="Passed" testListId="8c84fa94-04c1-424b-9868-57a2d4851a1d" relativeResultsDirectory="632ca671-6da5-49c2-b680-a318691b5bf6" />
  </Results>
  <TestDefinitions>
    <UnitTest name="TestAddDate (Epub3)" storage="/home/runner/work/dotnet-monorepo/dotnet-monorepo/src/artifacts/bin/epubs.tests/release_linux-x64/epubs.tests.dll" id="6191621d-615a-32f8-fd79-90783c02b94b">
      <Execution id="779dc1d9-9338-4a01-a239-6169d0332b08" />
      <TestMethod codeBase="/home/runner/work/dotnet-monorepo/dotnet-monorepo/src/artifacts/bin/Epubs.Tests/release_linux-x64/Epubs.Tests.dll" adapterTypeName="executor://mstestadapter/v2" className="Epubs.Tests.WriterTests.PackageDocumentTests.MetadataTests" name="TestAddDate" />
    </UnitTest>
    <UnitTest name="TestAddItemToSpine (Epub2,null,&quot;epub2_noproperties.opf&quot;)" storage="/home/runner/work/dotnet-monorepo/dotnet-monorepo/src/artifacts/bin/epubs.tests/release_linux-x64/epubs.tests.dll" id="99a6b07e-6c4a-175c-f49d-3d815f9e4c5a">
      <Execution id="0c1343c1-2cc0-4207-b2c0-376ffbaa64fe" />
      <TestMethod codeBase="/home/runner/work/dotnet-monorepo/dotnet-monorepo/src/artifacts/bin/Epubs.Tests/release_linux-x64/Epubs.Tests.dll" adapterTypeName="executor://mstestadapter/v2" className="Epubs.Tests.WriterTests.PackageDocumentTests.SpineTests" name="TestAddItemToSpine" />
    </UnitTest>
    <UnitTest name="TestAddModified (Epub2)" storage="/home/runner/work/dotnet-monorepo/dotnet-monorepo/src/artifacts/bin/epubs.tests/release_linux-x64/epubs.tests.dll" id="b9126755-0e48-3338-5d7f-d91de59b1147">
      <Execution id="8125d0a0-9852-437a-8e72-0e4d29093a82" />
      <TestMethod codeBase="/home/runner/work/dotnet-monorepo/dotnet-monorepo/src/artifacts/bin/Epubs.Tests/release_linux-x64/Epubs.Tests.dll" adapterTypeName="executor://mstestadapter/v2" className="Epubs.Tests.WriterTests.PackageDocumentTests.MetadataTests" name="TestAddModified" />
    </UnitTest>
    <UnitTest name="TestGetRasterDocument (Epub3)" storage="/home/runner/work/dotnet-monorepo/dotnet-monorepo/src/artifacts/bin/epubs.tests/release_linux-x64/epubs.tests.dll" id="410eac8a-445b-ddc0-5763-81a3a18c8bb9">
      <Execution id="aa8f60f9-3cbb-4248-9e79-2ecac5eeebc9" />
      <TestMethod codeBase="/home/runner/work/dotnet-monorepo/dotnet-monorepo/src/artifacts/bin/Epubs.Tests/release_linux-x64/Epubs.Tests.dll" adapterTypeName="executor://mstestadapter/v2" className="Epubs.Tests.WriterTests.CoverXhtmlTests.RasterTests" name="TestGetRasterDocument" />
    </UnitTest>
    <UnitTest name="TestAddItemToSpine (Epub3,null,&quot;epub3_noproperties.opf&quot;)" storage="/home/runner/work/dotnet-monorepo/dotnet-monorepo/src/artifacts/bin/epubs.tests/release_linux-x64/epubs.tests.dll" id="59a57370-8637-253e-de19-a484c9442cbd">
      <Execution id="b6362212-4cde-4a83-ad0b-7661a58d3b2f" />
      <TestMethod codeBase="/home/runner/work/dotnet-monorepo/dotnet-monorepo/src/artifacts/bin/Epubs.Tests/release_linux-x64/Epubs.Tests.dll" adapterTypeName="executor://mstestadapter/v2" className="Epubs.Tests.WriterTests.PackageDocumentTests.SpineTests" name="TestAddItemToSpine" />
    </UnitTest>
    <UnitTest name="TestAddNcx (Epub3,&quot;epub3_ncx.opf&quot;)" storage="/home/runner/work/dotnet-monorepo/dotnet-monorepo/src/artifacts/bin/epubs.tests/release_linux-x64/epubs.tests.dll" id="96bd8760-c7b7-81b8-4f89-ec6ccc94ca0b">
      <Execution id="b566f3bc-a411-43de-a800-569ae09d5573" />
      <TestMethod codeBase="/home/runner/work/dotnet-monorepo/dotnet-monorepo/src/artifacts/bin/Epubs.Tests/release_linux-x64/Epubs.Tests.dll" adapterTypeName="executor://mstestadapter/v2" className="Epubs.Tests.WriterTests.PackageDocumentTests.SpineTests" name="TestAddNcx" />
    </UnitTest>
    <UnitTest name="TestAddReferenceToGuide (Epub3)" storage="/home/runner/work/dotnet-monorepo/dotnet-monorepo/src/artifacts/bin/epubs.tests/release_linux-x64/epubs.tests.dll" id="44da78d8-904e-d616-f174-2b6a9767cdcb">
      <Execution id="785e488b-6fe9-443d-9e3a-fc94aa737c54" />
      <TestMethod codeBase="/home/runner/work/dotnet-monorepo/dotnet-monorepo/src/artifacts/bin/Epubs.Tests/release_linux-x64/Epubs.Tests.dll" adapterTypeName="executor://mstestadapter/v2" className="Epubs.Tests.WriterTests.PackageDocumentTests.GuideTests" name="TestAddReferenceToGuide" />
    </UnitTest>
    <UnitTest name="TestAddPrePaginated (Epub3)" storage="/home/runner/work/dotnet-monorepo/dotnet-monorepo/src/artifacts/bin/epubs.tests/release_linux-x64/epubs.tests.dll" id="9df8c1b1-aaf4-5545-12dd-5ce8d49b25cf">
      <Execution id="1d1d4d3d-de43-4608-9807-02921dfb7994" />
      <TestMethod codeBase="/home/runner/work/dotnet-monorepo/dotnet-monorepo/src/artifacts/bin/Epubs.Tests/release_linux-x64/Epubs.Tests.dll" adapterTypeName="executor://mstestadapter/v2" className="Epubs.Tests.WriterTests.PackageDocumentTests.MetadataTests" name="TestAddPrePaginated" />
    </UnitTest>
    <UnitTest name="TestAddItemToSpine (Epub2,&quot;page-spread-left&quot;,&quot;epub2_properties.opf&quot;)" storage="/home/runner/work/dotnet-monorepo/dotnet-monorepo/src/artifacts/bin/epubs.tests/release_linux-x64/epubs.tests.dll" id="924b8454-c381-318c-99e1-35856fc01e42">
      <Execution id="72c10038-07ca-4744-aaea-a3027cc25bc4" />
      <TestMethod codeBase="/home/runner/work/dotnet-monorepo/dotnet-monorepo/src/artifacts/bin/Epubs.Tests/release_linux-x64/Epubs.Tests.dll" adapterTypeName="executor://mstestadapter/v2" className="Epubs.Tests.WriterTests.PackageDocumentTests.SpineTests" name="TestAddItemToSpine" />
    </UnitTest>
    <UnitTest name="TestGetRasterDocument (Epub2)" storage="/home/runner/work/dotnet-monorepo/dotnet-monorepo/src/artifacts/bin/epubs.tests/release_linux-x64/epubs.tests.dll" id="c70cdfcc-fe0e-0a22-3f91-3f78bf225323">
      <Execution id="48b7faeb-2e55-4497-a88a-49ee6fa0aa48" />
      <TestMethod codeBase="/home/runner/work/dotnet-monorepo/dotnet-monorepo/src/artifacts/bin/Epubs.Tests/release_linux-x64/Epubs.Tests.dll" adapterTypeName="executor://mstestadapter/v2" className="Epubs.Tests.WriterTests.CoverXhtmlTests.RasterTests" name="TestGetRasterDocument" />
    </UnitTest>
    <UnitTest name="TestAddItemToManifest (Epub3,&quot;cover.jpg&quot;,null,null,&quot;epub3_noproperties_noid.opf&quot;)" storage="/home/runner/work/dotnet-monorepo/dotnet-monorepo/src/artifacts/bin/epubs.tests/release_linux-x64/epubs.tests.dll" id="1994ae24-05cd-3449-cbf7-9654aa01ed73">
      <Execution id="d2fcbe9c-e42d-4f70-8f0b-580982e9816c" />
      <TestMethod codeBase="/home/runner/work/dotnet-monorepo/dotnet-monorepo/src/artifacts/bin/Epubs.Tests/release_linux-x64/Epubs.Tests.dll" adapterTypeName="executor://mstestadapter/v2" className="Epubs.Tests.WriterTests.PackageDocumentTests.ManifestTests" name="TestAddItemToManifest" />
    </UnitTest>
    <UnitTest name="TestAddItemToSpine (Epub3,&quot;page-spread-left&quot;,&quot;epub3_properties.opf&quot;)" storage="/home/runner/work/dotnet-monorepo/dotnet-monorepo/src/artifacts/bin/epubs.tests/release_linux-x64/epubs.tests.dll" id="8c9e771c-c83f-550a-cb50-0b2a7179104c">
      <Execution id="7b1f3faa-c8cf-4a1a-8a9f-094d9b738f3e" />
      <TestMethod codeBase="/home/runner/work/dotnet-monorepo/dotnet-monorepo/src/artifacts/bin/Epubs.Tests/release_linux-x64/Epubs.Tests.dll" adapterTypeName="executor://mstestadapter/v2" className="Epubs.Tests.WriterTests.PackageDocumentTests.SpineTests" name="TestAddItemToSpine" />
    </UnitTest>
    <UnitTest name="TestAddLeftToRight (Epub2,&quot;epub2_ltr.opf&quot;)" storage="/home/runner/work/dotnet-monorepo/dotnet-monorepo/src/artifacts/bin/epubs.tests/release_linux-x64/epubs.tests.dll" id="fa860a25-9f76-25a8-9a76-b7824318caf2">
      <Execution id="f6ff2636-bf1b-4666-81bc-19ff6464561b" />
      <TestMethod codeBase="/home/runner/work/dotnet-monorepo/dotnet-monorepo/src/artifacts/bin/Epubs.Tests/release_linux-x64/Epubs.Tests.dll" adapterTypeName="executor://mstestadapter/v2" className="Epubs.Tests.WriterTests.PackageDocumentTests.SpineTests" name="TestAddLeftToRight" />
    </UnitTest>
    <UnitTest name="TestAddCreator (Epub3,[],&quot;epub3_no_roles.opf&quot;)" storage="/home/runner/work/dotnet-monorepo/dotnet-monorepo/src/artifacts/bin/epubs.tests/release_linux-x64/epubs.tests.dll" id="d677c7f0-fd98-db4b-f256-9d5a40eeb450">
      <Execution id="88d5412e-353d-4d40-b9e0-93b59521d249" />
      <TestMethod codeBase="/home/runner/work/dotnet-monorepo/dotnet-monorepo/src/artifacts/bin/Epubs.Tests/release_linux-x64/Epubs.Tests.dll" adapterTypeName="executor://mstestadapter/v2" className="Epubs.Tests.WriterTests.PackageDocumentTests.MetadataTests" name="TestAddCreator" />
    </UnitTest>
    <UnitTest name="TestAddReferenceToGuide (Epub2)" storage="/home/runner/work/dotnet-monorepo/dotnet-monorepo/src/artifacts/bin/epubs.tests/release_linux-x64/epubs.tests.dll" id="f188e44f-a366-01fc-679d-e6a774f27a0b">
      <Execution id="5faf4d7c-e7ee-46d8-8494-a69639ee77eb" />
      <TestMethod codeBase="/home/runner/work/dotnet-monorepo/dotnet-monorepo/src/artifacts/bin/Epubs.Tests/release_linux-x64/Epubs.Tests.dll" adapterTypeName="executor://mstestadapter/v2" className="Epubs.Tests.WriterTests.PackageDocumentTests.GuideTests" name="TestAddReferenceToGuide" />
    </UnitTest>
    <UnitTest name="TestAddCreator (Epub3,[&quot;aut&quot;],&quot;epub3_one_role.opf&quot;)" storage="/home/runner/work/dotnet-monorepo/dotnet-monorepo/src/artifacts/bin/epubs.tests/release_linux-x64/epubs.tests.dll" id="c721fbc4-4b7f-c0df-d55e-177b347e9a92">
      <Execution id="4011ff61-90da-43c0-9025-f8aaeefa17b9" />
      <TestMethod codeBase="/home/runner/work/dotnet-monorepo/dotnet-monorepo/src/artifacts/bin/Epubs.Tests/release_linux-x64/Epubs.Tests.dll" adapterTypeName="executor://mstestadapter/v2" className="Epubs.Tests.WriterTests.PackageDocumentTests.MetadataTests" name="TestAddCreator" />
    </UnitTest>
    <UnitTest name="TestAddRightToLeft (Epub3,&quot;epub3_rtl.opf&quot;)" storage="/home/runner/work/dotnet-monorepo/dotnet-monorepo/src/artifacts/bin/epubs.tests/release_linux-x64/epubs.tests.dll" id="89814799-e32a-55bb-8345-b24b3f8784f3">
      <Execution id="06f9328d-7d0c-4524-9eea-811dc26503da" />
      <TestMethod codeBase="/home/runner/work/dotnet-monorepo/dotnet-monorepo/src/artifacts/bin/Epubs.Tests/release_linux-x64/Epubs.Tests.dll" adapterTypeName="executor://mstestadapter/v2" className="Epubs.Tests.WriterTests.PackageDocumentTests.SpineTests" name="TestAddRightToLeft" />
    </UnitTest>
    <UnitTest name="TestAddModified (Epub3)" storage="/home/runner/work/dotnet-monorepo/dotnet-monorepo/src/artifacts/bin/epubs.tests/release_linux-x64/epubs.tests.dll" id="e4cbb751-c512-8650-1a17-2e8ac57a05f2">
      <Execution id="da9539b3-f578-47c7-8f7a-c1c3e87a32b3" />
      <TestMethod codeBase="/home/runner/work/dotnet-monorepo/dotnet-monorepo/src/artifacts/bin/Epubs.Tests/release_linux-x64/Epubs.Tests.dll" adapterTypeName="executor://mstestadapter/v2" className="Epubs.Tests.WriterTests.PackageDocumentTests.MetadataTests" name="TestAddModified" />
    </UnitTest>
    <UnitTest name="TestAddIdentifier (Epub3)" storage="/home/runner/work/dotnet-monorepo/dotnet-monorepo/src/artifacts/bin/epubs.tests/release_linux-x64/epubs.tests.dll" id="dfff1bb5-cf96-7b7e-3f4f-13e2e3d017dd">
      <Execution id="cb20bbef-ac45-4c6a-9a8d-ea8b8216b493" />
      <TestMethod codeBase="/home/runner/work/dotnet-monorepo/dotnet-monorepo/src/artifacts/bin/Epubs.Tests/release_linux-x64/Epubs.Tests.dll" adapterTypeName="executor://mstestadapter/v2" className="Epubs.Tests.WriterTests.PackageDocumentTests.MetadataTests" name="TestAddIdentifier" />
    </UnitTest>
    <UnitTest name="TestAddItemToManifest (Epub3,&quot;cover.jpg&quot;,&quot;cover-image&quot;,&quot;cover-id&quot;,&quot;epub3_properties_id.opf&quot;)" storage="/home/runner/work/dotnet-monorepo/dotnet-monorepo/src/artifacts/bin/epubs.tests/release_linux-x64/epubs.tests.dll" id="ccd4c932-333c-882b-c126-06d1ad778550">
      <Execution id="c9c3c691-ca9a-44de-a6a9-e66d2a60e53e" />
      <TestMethod codeBase="/home/runner/work/dotnet-monorepo/dotnet-monorepo/src/artifacts/bin/Epubs.Tests/release_linux-x64/Epubs.Tests.dll" adapterTypeName="executor://mstestadapter/v2" className="Epubs.Tests.WriterTests.PackageDocumentTests.ManifestTests" name="TestAddItemToManifest" />
    </UnitTest>
    <UnitTest name="TestAddTitle (Epub3)" storage="/home/runner/work/dotnet-monorepo/dotnet-monorepo/src/artifacts/bin/epubs.tests/release_linux-x64/epubs.tests.dll" id="55b94eb4-b768-e9e6-66cb-0b4726f406c0">
      <Execution id="c2c400b7-1c92-4ce2-b451-20a59cefccb7" />
      <TestMethod codeBase="/home/runner/work/dotnet-monorepo/dotnet-monorepo/src/artifacts/bin/Epubs.Tests/release_linux-x64/Epubs.Tests.dll" adapterTypeName="executor://mstestadapter/v2" className="Epubs.Tests.WriterTests.PackageDocumentTests.MetadataTests" name="TestAddTitle" />
    </UnitTest>
    <UnitTest name="TestAddItemToManifest (Epub2,&quot;cover.jpg&quot;,null,null,&quot;epub2_noproperties_noid.opf&quot;)" storage="/home/runner/work/dotnet-monorepo/dotnet-monorepo/src/artifacts/bin/epubs.tests/release_linux-x64/epubs.tests.dll" id="a1bdf61b-cabc-642a-7abf-89a752dec9e4">
      <Execution id="99cc27f5-aad2-49f2-8d14-fa573a8b5cef" />
      <TestMethod codeBase="/home/runner/work/dotnet-monorepo/dotnet-monorepo/src/artifacts/bin/Epubs.Tests/release_linux-x64/Epubs.Tests.dll" adapterTypeName="executor://mstestadapter/v2" className="Epubs.Tests.WriterTests.PackageDocumentTests.ManifestTests" name="TestAddItemToManifest" />
    </UnitTest>
    <UnitTest name="TestAddLeftToRight (Epub3,&quot;epub3_ltr.opf&quot;)" storage="/home/runner/work/dotnet-monorepo/dotnet-monorepo/src/artifacts/bin/epubs.tests/release_linux-x64/epubs.tests.dll" id="b00da7e2-1034-9a94-bdb6-4d0dec2ca4dd">
      <Execution id="9ed22520-816e-4b5a-94f5-5358fd847da7" />
      <TestMethod codeBase="/home/runner/work/dotnet-monorepo/dotnet-monorepo/src/artifacts/bin/Epubs.Tests/release_linux-x64/Epubs.Tests.dll" adapterTypeName="executor://mstestadapter/v2" className="Epubs.Tests.WriterTests.PackageDocumentTests.SpineTests" name="TestAddLeftToRight" />
    </UnitTest>
    <UnitTest name="TestAddItemToManifest (Epub2,&quot;cover.jpg&quot;,&quot;cover-image&quot;,&quot;cover-id&quot;,&quot;epub2_properties_id.opf&quot;)" storage="/home/runner/work/dotnet-monorepo/dotnet-monorepo/src/artifacts/bin/epubs.tests/release_linux-x64/epubs.tests.dll" id="0979f8bb-ea3f-cc84-8b49-708bff499cd7">
      <Execution id="a920e492-6cb0-4f30-b3cf-7aa895c6784b" />
      <TestMethod codeBase="/home/runner/work/dotnet-monorepo/dotnet-monorepo/src/artifacts/bin/Epubs.Tests/release_linux-x64/Epubs.Tests.dll" adapterTypeName="executor://mstestadapter/v2" className="Epubs.Tests.WriterTests.PackageDocumentTests.ManifestTests" name="TestAddItemToManifest" />
    </UnitTest>
    <UnitTest name="TestAddCreator (Epub2,[&quot;aut&quot;,&quot;ill&quot;],&quot;epub2_two_roles.opf&quot;)" storage="/home/runner/work/dotnet-monorepo/dotnet-monorepo/src/artifacts/bin/epubs.tests/release_linux-x64/epubs.tests.dll" id="e6a52e6f-b4f1-a194-00bd-8dca39600023">
      <Execution id="1f791166-cdba-44fc-96e1-75ddb015c203" />
      <TestMethod codeBase="/home/runner/work/dotnet-monorepo/dotnet-monorepo/src/artifacts/bin/Epubs.Tests/release_linux-x64/Epubs.Tests.dll" adapterTypeName="executor://mstestadapter/v2" className="Epubs.Tests.WriterTests.PackageDocumentTests.MetadataTests" name="TestAddCreator" />
    </UnitTest>
    <UnitTest name="TestAddCreator (Epub3,[&quot;aut&quot;,&quot;ill&quot;],&quot;epub3_two_roles.opf&quot;)" storage="/home/runner/work/dotnet-monorepo/dotnet-monorepo/src/artifacts/bin/epubs.tests/release_linux-x64/epubs.tests.dll" id="3f9f394b-3398-3cc3-37cc-56417e5a89b6">
      <Execution id="e178466d-5596-48bd-9c83-4cdd6d7db7c0" />
      <TestMethod codeBase="/home/runner/work/dotnet-monorepo/dotnet-monorepo/src/artifacts/bin/Epubs.Tests/release_linux-x64/Epubs.Tests.dll" adapterTypeName="executor://mstestadapter/v2" className="Epubs.Tests.WriterTests.PackageDocumentTests.MetadataTests" name="TestAddCreator" />
    </UnitTest>
    <UnitTest name="TestAddLanguage (Epub3)" storage="/home/runner/work/dotnet-monorepo/dotnet-monorepo/src/artifacts/bin/epubs.tests/release_linux-x64/epubs.tests.dll" id="265f5716-a8e8-4a3d-7578-667e80e2b50e">
      <Execution id="e15a20c6-ebe3-487b-8d55-057b46f4d130" />
      <TestMethod codeBase="/home/runner/work/dotnet-monorepo/dotnet-monorepo/src/artifacts/bin/Epubs.Tests/release_linux-x64/Epubs.Tests.dll" adapterTypeName="executor://mstestadapter/v2" className="Epubs.Tests.WriterTests.PackageDocumentTests.MetadataTests" name="TestAddLanguage" />
    </UnitTest>
    <UnitTest name="TestAddNavItem (Epub3)" storage="/home/runner/work/dotnet-monorepo/dotnet-monorepo/src/artifacts/bin/epubs.tests/release_linux-x64/epubs.tests.dll" id="c0800344-f0ec-fd64-7ee2-f71e18c8af14">
      <Execution id="d6ec7371-9180-4d49-9789-713487fff702" />
      <TestMethod codeBase="/home/runner/work/dotnet-monorepo/dotnet-monorepo/src/artifacts/bin/Epubs.Tests/release_linux-x64/Epubs.Tests.dll" adapterTypeName="executor://mstestadapter/v2" className="Epubs.Tests.WriterTests.NavigationTests.NavigationDocumentTests" name="TestAddNavItem" />
    </UnitTest>
    <UnitTest name="TestAddNavItem (Epub2)" storage="/home/runner/work/dotnet-monorepo/dotnet-monorepo/src/artifacts/bin/epubs.tests/release_linux-x64/epubs.tests.dll" id="693b69fd-81f0-56fd-8f17-ee56b4f8d96d">
      <Execution id="7eee495c-8f92-46d0-9099-87c6caca9e06" />
      <TestMethod codeBase="/home/runner/work/dotnet-monorepo/dotnet-monorepo/src/artifacts/bin/Epubs.Tests/release_linux-x64/Epubs.Tests.dll" adapterTypeName="executor://mstestadapter/v2" className="Epubs.Tests.WriterTests.NavigationTests.NcxTests" name="TestAddNavItem" />
    </UnitTest>
    <UnitTest name="TestAddLanguage (Epub2)" storage="/home/runner/work/dotnet-monorepo/dotnet-monorepo/src/artifacts/bin/epubs.tests/release_linux-x64/epubs.tests.dll" id="713cc4f0-5833-4981-89c3-33f67d49e215">
      <Execution id="792a0296-230f-47f7-bdaa-be4aec6a1f4e" />
      <TestMethod codeBase="/home/runner/work/dotnet-monorepo/dotnet-monorepo/src/artifacts/bin/Epubs.Tests/release_linux-x64/Epubs.Tests.dll" adapterTypeName="executor://mstestadapter/v2" className="Epubs.Tests.WriterTests.PackageDocumentTests.MetadataTests" name="TestAddLanguage" />
    </UnitTest>
    <UnitTest name="TestAddIdentifier (Epub3)" storage="/home/runner/work/dotnet-monorepo/dotnet-monorepo/src/artifacts/bin/epubs.tests/release_linux-x64/epubs.tests.dll" id="10c6e40c-daca-4950-6019-a3a7ec88eb82">
      <Execution id="632ca671-6da5-49c2-b680-a318691b5bf6" />
      <TestMethod codeBase="/home/runner/work/dotnet-monorepo/dotnet-monorepo/src/artifacts/bin/Epubs.Tests/release_linux-x64/Epubs.Tests.dll" adapterTypeName="executor://mstestadapter/v2" className="Epubs.Tests.WriterTests.NavigationTests.NcxTests" name="TestAddIdentifier" />
    </UnitTest>
    <UnitTest name="TestGetContainerXmlDocument (Epub2)" storage="/home/runner/work/dotnet-monorepo/dotnet-monorepo/src/artifacts/bin/epubs.tests/release_linux-x64/epubs.tests.dll" id="4560ec12-e47b-78e1-23c7-f98e322348ee">
      <Execution id="8d9865fd-0c61-4f06-b52a-d3799339e5b3" />
      <TestMethod codeBase="/home/runner/work/dotnet-monorepo/dotnet-monorepo/src/artifacts/bin/Epubs.Tests/release_linux-x64/Epubs.Tests.dll" adapterTypeName="executor://mstestadapter/v2" className="Epubs.Tests.WriterTests.MetaInfTests.ContainerXmlTests" name="TestGetContainerXmlDocument" />
    </UnitTest>
    <UnitTest name="TestAddRightToLeft (Epub2,&quot;epub2_rtl.opf&quot;)" storage="/home/runner/work/dotnet-monorepo/dotnet-monorepo/src/artifacts/bin/epubs.tests/release_linux-x64/epubs.tests.dll" id="40fccafb-603f-db2e-52f5-0e6854d614d2">
      <Execution id="cbc51e6c-a377-473c-8606-28aa855ba2c7" />
      <TestMethod codeBase="/home/runner/work/dotnet-monorepo/dotnet-monorepo/src/artifacts/bin/Epubs.Tests/release_linux-x64/Epubs.Tests.dll" adapterTypeName="executor://mstestadapter/v2" className="Epubs.Tests.WriterTests.PackageDocumentTests.SpineTests" name="TestAddRightToLeft" />
    </UnitTest>
    <UnitTest name="TestAddNavItem (Epub2)" storage="/home/runner/work/dotnet-monorepo/dotnet-monorepo/src/artifacts/bin/epubs.tests/release_linux-x64/epubs.tests.dll" id="3f3cfbdc-7778-44fe-127e-9e051a2f1aa2">
      <Execution id="45a80d90-b4bb-48cd-8e3e-1204e8bf3438" />
      <TestMethod codeBase="/home/runner/work/dotnet-monorepo/dotnet-monorepo/src/artifacts/bin/Epubs.Tests/release_linux-x64/Epubs.Tests.dll" adapterTypeName="executor://mstestadapter/v2" className="Epubs.Tests.WriterTests.NavigationTests.NavigationDocumentTests" name="TestAddNavItem" />
    </UnitTest>
    <UnitTest name="TestAddTitle (Epub2)" storage="/home/runner/work/dotnet-monorepo/dotnet-monorepo/src/artifacts/bin/epubs.tests/release_linux-x64/epubs.tests.dll" id="5d4d5230-0e25-87c0-4af6-2de9a7c4c4a1">
      <Execution id="b29964ac-2d20-4888-9a8c-374c8bc16636" />
      <TestMethod codeBase="/home/runner/work/dotnet-monorepo/dotnet-monorepo/src/artifacts/bin/Epubs.Tests/release_linux-x64/Epubs.Tests.dll" adapterTypeName="executor://mstestadapter/v2" className="Epubs.Tests.WriterTests.NavigationTests.NcxTests" name="TestAddTitle" />
    </UnitTest>
    <UnitTest name="TestAddCreator (Epub2,[],&quot;epub2_no_roles.opf&quot;)" storage="/home/runner/work/dotnet-monorepo/dotnet-monorepo/src/artifacts/bin/epubs.tests/release_linux-x64/epubs.tests.dll" id="415fc078-5627-2006-e301-3bb2cb96ae2b">
      <Execution id="7decffee-d985-4671-83f4-24bbc6cdc035" />
      <TestMethod codeBase="/home/runner/work/dotnet-monorepo/dotnet-monorepo/src/artifacts/bin/Epubs.Tests/release_linux-x64/Epubs.Tests.dll" adapterTypeName="executor://mstestadapter/v2" className="Epubs.Tests.WriterTests.PackageDocumentTests.MetadataTests" name="TestAddCreator" />
    </UnitTest>
    <UnitTest name="TestAddDate (Epub2)" storage="/home/runner/work/dotnet-monorepo/dotnet-monorepo/src/artifacts/bin/epubs.tests/release_linux-x64/epubs.tests.dll" id="cec8e838-5451-2a86-db1e-5de14ad9804c">
      <Execution id="d5153343-f710-4285-a278-e8b085af8378" />
      <TestMethod codeBase="/home/runner/work/dotnet-monorepo/dotnet-monorepo/src/artifacts/bin/Epubs.Tests/release_linux-x64/Epubs.Tests.dll" adapterTypeName="executor://mstestadapter/v2" className="Epubs.Tests.WriterTests.PackageDocumentTests.MetadataTests" name="TestAddDate" />
    </UnitTest>
    <UnitTest name="TestAddNavItem (Epub3)" storage="/home/runner/work/dotnet-monorepo/dotnet-monorepo/src/artifacts/bin/epubs.tests/release_linux-x64/epubs.tests.dll" id="04965b1d-7fcd-a172-3bd8-f962f6396ef1">
      <Execution id="28cb7184-600d-4dc2-b6f8-8fc4f7afa480" />
      <TestMethod codeBase="/home/runner/work/dotnet-monorepo/dotnet-monorepo/src/artifacts/bin/Epubs.Tests/release_linux-x64/Epubs.Tests.dll" adapterTypeName="executor://mstestadapter/v2" className="Epubs.Tests.WriterTests.NavigationTests.NcxTests" name="TestAddNavItem" />
    </UnitTest>
    <UnitTest name="TestAddPrePaginated (Epub2)" storage="/home/runner/work/dotnet-monorepo/dotnet-monorepo/src/artifacts/bin/epubs.tests/release_linux-x64/epubs.tests.dll" id="49fbec17-8a99-3521-2b8d-bc34471c898c">
      <Execution id="690fa79f-c7ed-4f25-b2e1-dafbeee270b1" />
      <TestMethod codeBase="/home/runner/work/dotnet-monorepo/dotnet-monorepo/src/artifacts/bin/Epubs.Tests/release_linux-x64/Epubs.Tests.dll" adapterTypeName="executor://mstestadapter/v2" className="Epubs.Tests.WriterTests.PackageDocumentTests.MetadataTests" name="TestAddPrePaginated" />
    </UnitTest>
    <UnitTest name="TestAddItemToLandmarks (Epub3)" storage="/home/runner/work/dotnet-monorepo/dotnet-monorepo/src/artifacts/bin/epubs.tests/release_linux-x64/epubs.tests.dll" id="5a4b4514-f7a8-ec80-0b2e-cc4f1e3225c9">
      <Execution id="321ec2fb-053b-4258-92a7-f1bb94d1e7be" />
      <TestMethod codeBase="/home/runner/work/dotnet-monorepo/dotnet-monorepo/src/artifacts/bin/Epubs.Tests/release_linux-x64/Epubs.Tests.dll" adapterTypeName="executor://mstestadapter/v2" className="Epubs.Tests.WriterTests.NavigationTests.NavigationDocumentTests" name="TestAddItemToLandmarks" />
    </UnitTest>
    <UnitTest name="TestAddNcx (Epub2,&quot;epub2_ncx.opf&quot;)" storage="/home/runner/work/dotnet-monorepo/dotnet-monorepo/src/artifacts/bin/epubs.tests/release_linux-x64/epubs.tests.dll" id="99564a9c-de8e-bba7-fce2-1855da9f00d6">
      <Execution id="81ebada8-f826-406c-9d0c-299330a14006" />
      <TestMethod codeBase="/home/runner/work/dotnet-monorepo/dotnet-monorepo/src/artifacts/bin/Epubs.Tests/release_linux-x64/Epubs.Tests.dll" adapterTypeName="executor://mstestadapter/v2" className="Epubs.Tests.WriterTests.PackageDocumentTests.SpineTests" name="TestAddNcx" />
    </UnitTest>
    <UnitTest name="TestGetContainerXmlDocument (Epub3)" storage="/home/runner/work/dotnet-monorepo/dotnet-monorepo/src/artifacts/bin/epubs.tests/release_linux-x64/epubs.tests.dll" id="8a1e305d-837e-e2ab-0677-efc86659bf91">
      <Execution id="8235428d-b684-4220-8e05-7613672e5073" />
      <TestMethod codeBase="/home/runner/work/dotnet-monorepo/dotnet-monorepo/src/artifacts/bin/Epubs.Tests/release_linux-x64/Epubs.Tests.dll" adapterTypeName="executor://mstestadapter/v2" className="Epubs.Tests.WriterTests.MetaInfTests.ContainerXmlTests" name="TestGetContainerXmlDocument" />
    </UnitTest>
    <UnitTest name="TestAddCreator (Epub2,[&quot;aut&quot;],&quot;epub2_one_role.opf&quot;)" storage="/home/runner/work/dotnet-monorepo/dotnet-monorepo/src/artifacts/bin/epubs.tests/release_linux-x64/epubs.tests.dll" id="78e4846a-98ff-e3e6-be1b-f68ce6653ef7">
      <Execution id="4b4fd8d6-24fa-4bcc-be83-fe624e9c56ec" />
      <TestMethod codeBase="/home/runner/work/dotnet-monorepo/dotnet-monorepo/src/artifacts/bin/Epubs.Tests/release_linux-x64/Epubs.Tests.dll" adapterTypeName="executor://mstestadapter/v2" className="Epubs.Tests.WriterTests.PackageDocumentTests.MetadataTests" name="TestAddCreator" />
    </UnitTest>
    <UnitTest name="TestAddIdentifier (Epub2)" storage="/home/runner/work/dotnet-monorepo/dotnet-monorepo/src/artifacts/bin/epubs.tests/release_linux-x64/epubs.tests.dll" id="594caead-0457-af95-78db-f11df6a0960a">
      <Execution id="1e0c06ce-957e-4b22-9b02-66994e64946c" />
      <TestMethod codeBase="/home/runner/work/dotnet-monorepo/dotnet-monorepo/src/artifacts/bin/Epubs.Tests/release_linux-x64/Epubs.Tests.dll" adapterTypeName="executor://mstestadapter/v2" className="Epubs.Tests.WriterTests.NavigationTests.NcxTests" name="TestAddIdentifier" />
    </UnitTest>
    <UnitTest name="TestAddIdentifier (Epub2)" storage="/home/runner/work/dotnet-monorepo/dotnet-monorepo/src/artifacts/bin/epubs.tests/release_linux-x64/epubs.tests.dll" id="8d1ae0de-2769-faaf-9dcf-e6f047c0d5f3">
      <Execution id="8b953b1e-b4a5-4553-b9fd-895d9ce89f76" />
      <TestMethod codeBase="/home/runner/work/dotnet-monorepo/dotnet-monorepo/src/artifacts/bin/Epubs.Tests/release_linux-x64/Epubs.Tests.dll" adapterTypeName="executor://mstestadapter/v2" className="Epubs.Tests.WriterTests.PackageDocumentTests.MetadataTests" name="TestAddIdentifier" />
    </UnitTest>
    <UnitTest name="TestAddTitle (Epub2)" storage="/home/runner/work/dotnet-monorepo/dotnet-monorepo/src/artifacts/bin/epubs.tests/release_linux-x64/epubs.tests.dll" id="b3961dcc-7a38-2113-9639-b9147b073687">
      <Execution id="594ae65b-69a0-4a04-b3b4-d003a56b4743" />
      <TestMethod codeBase="/home/runner/work/dotnet-monorepo/dotnet-monorepo/src/artifacts/bin/Epubs.Tests/release_linux-x64/Epubs.Tests.dll" adapterTypeName="executor://mstestadapter/v2" className="Epubs.Tests.WriterTests.PackageDocumentTests.MetadataTests" name="TestAddTitle" />
    </UnitTest>
    <UnitTest name="TestAddItemToLandmarks (Epub2)" storage="/home/runner/work/dotnet-monorepo/dotnet-monorepo/src/artifacts/bin/epubs.tests/release_linux-x64/epubs.tests.dll" id="de5c320f-e3e6-6348-70fb-6545025c4cd1">
      <Execution id="ce088cce-abb2-4be3-b5e5-43e73f317011" />
      <TestMethod codeBase="/home/runner/work/dotnet-monorepo/dotnet-monorepo/src/artifacts/bin/Epubs.Tests/release_linux-x64/Epubs.Tests.dll" adapterTypeName="executor://mstestadapter/v2" className="Epubs.Tests.WriterTests.NavigationTests.NavigationDocumentTests" name="TestAddItemToLandmarks" />
    </UnitTest>
    <UnitTest name="TestAddTitle (Epub3)" storage="/home/runner/work/dotnet-monorepo/dotnet-monorepo/src/artifacts/bin/epubs.tests/release_linux-x64/epubs.tests.dll" id="e0b26bfd-5e10-47a7-5708-ed4ae0f6f17a">
      <Execution id="8a31250b-ebce-47c7-b333-9e989089b912" />
      <TestMethod codeBase="/home/runner/work/dotnet-monorepo/dotnet-monorepo/src/artifacts/bin/Epubs.Tests/release_linux-x64/Epubs.Tests.dll" adapterTypeName="executor://mstestadapter/v2" className="Epubs.Tests.WriterTests.NavigationTests.NcxTests" name="TestAddTitle" />
    </UnitTest>
  </TestDefinitions>
  <TestEntries>
    <TestEntry testId="f188e44f-a366-01fc-679d-e6a774f27a0b" executionId="5faf4d7c-e7ee-46d8-8494-a69639ee77eb" testListId="8c84fa94-04c1-424b-9868-57a2d4851a1d" />
    <TestEntry testId="5d4d5230-0e25-87c0-4af6-2de9a7c4c4a1" executionId="b29964ac-2d20-4888-9a8c-374c8bc16636" testListId="8c84fa94-04c1-424b-9868-57a2d4851a1d" />
    <TestEntry testId="8c9e771c-c83f-550a-cb50-0b2a7179104c" executionId="7b1f3faa-c8cf-4a1a-8a9f-094d9b738f3e" testListId="8c84fa94-04c1-424b-9868-57a2d4851a1d" />
    <TestEntry testId="dfff1bb5-cf96-7b7e-3f4f-13e2e3d017dd" executionId="cb20bbef-ac45-4c6a-9a8d-ea8b8216b493" testListId="8c84fa94-04c1-424b-9868-57a2d4851a1d" />
    <TestEntry testId="40fccafb-603f-db2e-52f5-0e6854d614d2" executionId="cbc51e6c-a377-473c-8606-28aa855ba2c7" testListId="8c84fa94-04c1-424b-9868-57a2d4851a1d" />
    <TestEntry testId="1994ae24-05cd-3449-cbf7-9654aa01ed73" executionId="d2fcbe9c-e42d-4f70-8f0b-580982e9816c" testListId="8c84fa94-04c1-424b-9868-57a2d4851a1d" />
    <TestEntry testId="99564a9c-de8e-bba7-fce2-1855da9f00d6" executionId="81ebada8-f826-406c-9d0c-299330a14006" testListId="8c84fa94-04c1-424b-9868-57a2d4851a1d" />
    <TestEntry testId="d677c7f0-fd98-db4b-f256-9d5a40eeb450" executionId="88d5412e-353d-4d40-b9e0-93b59521d249" testListId="8c84fa94-04c1-424b-9868-57a2d4851a1d" />
    <TestEntry testId="594caead-0457-af95-78db-f11df6a0960a" executionId="1e0c06ce-957e-4b22-9b02-66994e64946c" testListId="8c84fa94-04c1-424b-9868-57a2d4851a1d" />
    <TestEntry testId="49fbec17-8a99-3521-2b8d-bc34471c898c" executionId="690fa79f-c7ed-4f25-b2e1-dafbeee270b1" testListId="8c84fa94-04c1-424b-9868-57a2d4851a1d" />
    <TestEntry testId="3f9f394b-3398-3cc3-37cc-56417e5a89b6" executionId="e178466d-5596-48bd-9c83-4cdd6d7db7c0" testListId="8c84fa94-04c1-424b-9868-57a2d4851a1d" />
    <TestEntry testId="3f3cfbdc-7778-44fe-127e-9e051a2f1aa2" executionId="45a80d90-b4bb-48cd-8e3e-1204e8bf3438" testListId="8c84fa94-04c1-424b-9868-57a2d4851a1d" />
    <TestEntry testId="96bd8760-c7b7-81b8-4f89-ec6ccc94ca0b" executionId="b566f3bc-a411-43de-a800-569ae09d5573" testListId="8c84fa94-04c1-424b-9868-57a2d4851a1d" />
    <TestEntry testId="78e4846a-98ff-e3e6-be1b-f68ce6653ef7" executionId="4b4fd8d6-24fa-4bcc-be83-fe624e9c56ec" testListId="8c84fa94-04c1-424b-9868-57a2d4851a1d" />
    <TestEntry testId="e4cbb751-c512-8650-1a17-2e8ac57a05f2" executionId="da9539b3-f578-47c7-8f7a-c1c3e87a32b3" testListId="8c84fa94-04c1-424b-9868-57a2d4851a1d" />
    <TestEntry testId="04965b1d-7fcd-a172-3bd8-f962f6396ef1" executionId="28cb7184-600d-4dc2-b6f8-8fc4f7afa480" testListId="8c84fa94-04c1-424b-9868-57a2d4851a1d" />
    <TestEntry testId="44da78d8-904e-d616-f174-2b6a9767cdcb" executionId="785e488b-6fe9-443d-9e3a-fc94aa737c54" testListId="8c84fa94-04c1-424b-9868-57a2d4851a1d" />
    <TestEntry testId="415fc078-5627-2006-e301-3bb2cb96ae2b" executionId="7decffee-d985-4671-83f4-24bbc6cdc035" testListId="8c84fa94-04c1-424b-9868-57a2d4851a1d" />
    <TestEntry testId="5a4b4514-f7a8-ec80-0b2e-cc4f1e3225c9" executionId="321ec2fb-053b-4258-92a7-f1bb94d1e7be" testListId="8c84fa94-04c1-424b-9868-57a2d4851a1d" />
    <TestEntry testId="693b69fd-81f0-56fd-8f17-ee56b4f8d96d" executionId="7eee495c-8f92-46d0-9099-87c6caca9e06" testListId="8c84fa94-04c1-424b-9868-57a2d4851a1d" />
    <TestEntry testId="924b8454-c381-318c-99e1-35856fc01e42" executionId="72c10038-07ca-4744-aaea-a3027cc25bc4" testListId="8c84fa94-04c1-424b-9868-57a2d4851a1d" />
    <TestEntry testId="410eac8a-445b-ddc0-5763-81a3a18c8bb9" executionId="aa8f60f9-3cbb-4248-9e79-2ecac5eeebc9" testListId="8c84fa94-04c1-424b-9868-57a2d4851a1d" />
    <TestEntry testId="c721fbc4-4b7f-c0df-d55e-177b347e9a92" executionId="4011ff61-90da-43c0-9025-f8aaeefa17b9" testListId="8c84fa94-04c1-424b-9868-57a2d4851a1d" />
    <TestEntry testId="cec8e838-5451-2a86-db1e-5de14ad9804c" executionId="d5153343-f710-4285-a278-e8b085af8378" testListId="8c84fa94-04c1-424b-9868-57a2d4851a1d" />
    <TestEntry testId="8a1e305d-837e-e2ab-0677-efc86659bf91" executionId="8235428d-b684-4220-8e05-7613672e5073" testListId="8c84fa94-04c1-424b-9868-57a2d4851a1d" />
    <TestEntry testId="b3961dcc-7a38-2113-9639-b9147b073687" executionId="594ae65b-69a0-4a04-b3b4-d003a56b4743" testListId="8c84fa94-04c1-424b-9868-57a2d4851a1d" />
    <TestEntry testId="de5c320f-e3e6-6348-70fb-6545025c4cd1" executionId="ce088cce-abb2-4be3-b5e5-43e73f317011" testListId="8c84fa94-04c1-424b-9868-57a2d4851a1d" />
    <TestEntry testId="e0b26bfd-5e10-47a7-5708-ed4ae0f6f17a" executionId="8a31250b-ebce-47c7-b333-9e989089b912" testListId="8c84fa94-04c1-424b-9868-57a2d4851a1d" />
    <TestEntry testId="c0800344-f0ec-fd64-7ee2-f71e18c8af14" executionId="d6ec7371-9180-4d49-9789-713487fff702" testListId="8c84fa94-04c1-424b-9868-57a2d4851a1d" />
    <TestEntry testId="713cc4f0-5833-4981-89c3-33f67d49e215" executionId="792a0296-230f-47f7-bdaa-be4aec6a1f4e" testListId="8c84fa94-04c1-424b-9868-57a2d4851a1d" />
    <TestEntry testId="b00da7e2-1034-9a94-bdb6-4d0dec2ca4dd" executionId="9ed22520-816e-4b5a-94f5-5358fd847da7" testListId="8c84fa94-04c1-424b-9868-57a2d4851a1d" />
    <TestEntry testId="59a57370-8637-253e-de19-a484c9442cbd" executionId="b6362212-4cde-4a83-ad0b-7661a58d3b2f" testListId="8c84fa94-04c1-424b-9868-57a2d4851a1d" />
    <TestEntry testId="b9126755-0e48-3338-5d7f-d91de59b1147" executionId="8125d0a0-9852-437a-8e72-0e4d29093a82" testListId="8c84fa94-04c1-424b-9868-57a2d4851a1d" />
    <TestEntry testId="c70cdfcc-fe0e-0a22-3f91-3f78bf225323" executionId="48b7faeb-2e55-4497-a88a-49ee6fa0aa48" testListId="8c84fa94-04c1-424b-9868-57a2d4851a1d" />
    <TestEntry testId="a1bdf61b-cabc-642a-7abf-89a752dec9e4" executionId="99cc27f5-aad2-49f2-8d14-fa573a8b5cef" testListId="8c84fa94-04c1-424b-9868-57a2d4851a1d" />
    <TestEntry testId="99a6b07e-6c4a-175c-f49d-3d815f9e4c5a" executionId="0c1343c1-2cc0-4207-b2c0-376ffbaa64fe" testListId="8c84fa94-04c1-424b-9868-57a2d4851a1d" />
    <TestEntry testId="55b94eb4-b768-e9e6-66cb-0b4726f406c0" executionId="c2c400b7-1c92-4ce2-b451-20a59cefccb7" testListId="8c84fa94-04c1-424b-9868-57a2d4851a1d" />
    <TestEntry testId="4560ec12-e47b-78e1-23c7-f98e322348ee" executionId="8d9865fd-0c61-4f06-b52a-d3799339e5b3" testListId="8c84fa94-04c1-424b-9868-57a2d4851a1d" />
    <TestEntry testId="0979f8bb-ea3f-cc84-8b49-708bff499cd7" executionId="a920e492-6cb0-4f30-b3cf-7aa895c6784b" testListId="8c84fa94-04c1-424b-9868-57a2d4851a1d" />
    <TestEntry testId="e6a52e6f-b4f1-a194-00bd-8dca39600023" executionId="1f791166-cdba-44fc-96e1-75ddb015c203" testListId="8c84fa94-04c1-424b-9868-57a2d4851a1d" />
    <TestEntry testId="265f5716-a8e8-4a3d-7578-667e80e2b50e" executionId="e15a20c6-ebe3-487b-8d55-057b46f4d130" testListId="8c84fa94-04c1-424b-9868-57a2d4851a1d" />
    <TestEntry testId="8d1ae0de-2769-faaf-9dcf-e6f047c0d5f3" executionId="8b953b1e-b4a5-4553-b9fd-895d9ce89f76" testListId="8c84fa94-04c1-424b-9868-57a2d4851a1d" />
    <TestEntry testId="9df8c1b1-aaf4-5545-12dd-5ce8d49b25cf" executionId="1d1d4d3d-de43-4608-9807-02921dfb7994" testListId="8c84fa94-04c1-424b-9868-57a2d4851a1d" />
    <TestEntry testId="89814799-e32a-55bb-8345-b24b3f8784f3" executionId="06f9328d-7d0c-4524-9eea-811dc26503da" testListId="8c84fa94-04c1-424b-9868-57a2d4851a1d" />
    <TestEntry testId="6191621d-615a-32f8-fd79-90783c02b94b" executionId="779dc1d9-9338-4a01-a239-6169d0332b08" testListId="8c84fa94-04c1-424b-9868-57a2d4851a1d" />
    <TestEntry testId="fa860a25-9f76-25a8-9a76-b7824318caf2" executionId="f6ff2636-bf1b-4666-81bc-19ff6464561b" testListId="8c84fa94-04c1-424b-9868-57a2d4851a1d" />
    <TestEntry testId="ccd4c932-333c-882b-c126-06d1ad778550" executionId="c9c3c691-ca9a-44de-a6a9-e66d2a60e53e" testListId="8c84fa94-04c1-424b-9868-57a2d4851a1d" />
    <TestEntry testId="10c6e40c-daca-4950-6019-a3a7ec88eb82" executionId="632ca671-6da5-49c2-b680-a318691b5bf6" testListId="8c84fa94-04c1-424b-9868-57a2d4851a1d" />
  </TestEntries>
  <TestLists>
    <TestList name="Results Not in a List" id="8c84fa94-04c1-424b-9868-57a2d4851a1d" />
    <TestList name="All Loaded Results" id="19431567-8539-422a-85d7-44ee4e166bda" />
  </TestLists>
  <ResultSummary outcome="Completed">
    <Counters total="48" executed="48" passed="48" failed="0" error="0" timeout="0" aborted="0" inconclusive="0" passedButRunAborted="0" notRunnable="0" notExecuted="0" disconnected="0" warning="0" completed="0" inProgress="0" pending="0" />
  </ResultSummary>
</TestRun>