<?xml version="1.0" encoding="utf-8"?>
<TestRun id="e85a1d4a-4c35-40c8-ba5e-e4b0bec180a9" name="@pkrvmqc4gcfdwos 2025-08-25 12:06:18" xmlns="http://microsoft.com/schemas/VisualStudio/TeamTest/2010">
  <Times creation="2025-08-25T12:06:18.3290759+00:00" queuing="2025-08-25T12:06:18.3290760+00:00" start="2025-08-25T12:06:17.7603369+00:00" finish="2025-08-25T12:06:18.3831621+00:00" />
  <TestSettings name="default" id="1d36c4e1-6516-446d-b3ca-d55458021132">
    <Deployment runDeploymentRoot="_pkrvmqc4gcfdwos_2025-08-25_12_06_18" />
  </TestSettings>
  <Results>
    <UnitTestResult executionId="75c73011-73bd-43ec-acbe-5ee90075f90c" testId="410eac8a-445b-ddc0-5763-81a3a18c8bb9" testName="TestGetRasterDocument (Epub3)" computerName="pkrvmqc4gcfdwos" duration="00:00:00.0007925" startTime="2025-08-25T12:06:18.3085356+00:00" endTime="2025-08-25T12:06:18.3094097+00:00" testType="13cdc9d9-ddb5-4fa4-a97d-d965ccfc6d4b" outcome="Passed" testListId="8c84fa94-04c1-424b-9868-57a2d4851a1d" relativeResultsDirectory="75c73011-73bd-43ec-acbe-5ee90075f90c" />
    <UnitTestResult executionId="ca4298b3-31d2-4847-b3a6-24da91c13944" testId="713cc4f0-5833-4981-89c3-33f67d49e215" testName="TestAddLanguage (Epub2)" computerName="pkrvmqc4gcfdwos" duration="00:00:00.0002643" startTime="2025-08-25T12:06:18.2831389+00:00" endTime="2025-08-25T12:06:18.2834908+00:00" testType="13cdc9d9-ddb5-4fa4-a97d-d965ccfc6d4b" outcome="Passed" testListId="8c84fa94-04c1-424b-9868-57a2d4851a1d" relativeResultsDirectory="ca4298b3-31d2-4847-b3a6-24da91c13944" />
    <UnitTestResult executionId="7c16d2f6-a8fb-445b-8f40-e42415941b26" testId="dfff1bb5-cf96-7b7e-3f4f-13e2e3d017dd" testName="TestAddIdentifier (Epub3)" computerName="pkrvmqc4gcfdwos" duration="00:00:00.0004162" startTime="2025-08-25T12:06:18.2483187+00:00" endTime="2025-08-25T12:06:18.2488143+00:00" testType="13cdc9d9-ddb5-4fa4-a97d-d965ccfc6d4b" outcome="Passed" testListId="8c84fa94-04c1-424b-9868-57a2d4851a1d" relativeResultsDirectory="7c16d2f6-a8fb-445b-8f40-e42415941b26" />
    <UnitTestResult executionId="a3285c17-0654-4bca-8fba-fd3162cdfd67" testId="924b8454-c381-318c-99e1-35856fc01e42" testName="TestAddItemToSpine (Epub2,&quot;page-spread-left&quot;,&quot;epub2_properties.opf&quot;)" computerName="pkrvmqc4gcfdwos" duration="00:00:00.0004100" startTime="2025-08-25T12:06:18.2927342+00:00" endTime="2025-08-25T12:06:18.2932361+00:00" testType="13cdc9d9-ddb5-4fa4-a97d-d965ccfc6d4b" outcome="Passed" testListId="8c84fa94-04c1-424b-9868-57a2d4851a1d" relativeResultsDirectory="a3285c17-0654-4bca-8fba-fd3162cdfd67" />
    <UnitTestResult executionId="aa0dba28-d88e-4c62-9aff-cd2c19e72c54" testId="265f5716-a8e8-4a3d-7578-667e80e2b50e" testName="TestAddLanguage (Epub3)" computerName="pkrvmqc4gcfdwos" duration="00:00:00.0003442" startTime="2025-08-25T12:06:18.2826885+00:00" endTime="2025-08-25T12:06:18.2831070+00:00" testType="13cdc9d9-ddb5-4fa4-a97d-d965ccfc6d4b" outcome="Passed" testListId="8c84fa94-04c1-424b-9868-57a2d4851a1d" relativeResultsDirectory="aa0dba28-d88e-4c62-9aff-cd2c19e72c54" />
    <UnitTestResult executionId="22b4ad59-f894-4425-96c9-e37174f7eb64" testId="de5c320f-e3e6-6348-70fb-6545025c4cd1" testName="TestAddItemToLandmarks (Epub2)" computerName="pkrvmqc4gcfdwos" duration="00:00:00.0002542" startTime="2025-08-25T12:06:18.3018169+00:00" endTime="2025-08-25T12:06:18.3021396+00:00" testType="13cdc9d9-ddb5-4fa4-a97d-d965ccfc6d4b" outcome="Passed" testListId="8c84fa94-04c1-424b-9868-57a2d4851a1d" relativeResultsDirectory="22b4ad59-f894-4425-96c9-e37174f7eb64" />
    <UnitTestResult executionId="62a32e3b-ce99-4cb1-a69e-d1408c413644" testId="e6a52e6f-b4f1-a194-00bd-8dca39600023" testName="TestAddCreator (Epub2,[&quot;aut&quot;,&quot;ill&quot;],&quot;epub2_two_roles.opf&quot;)" computerName="pkrvmqc4gcfdwos" duration="00:00:00.0001261" startTime="2025-08-25T12:06:18.2856701+00:00" endTime="2025-08-25T12:06:18.2859075+00:00" testType="13cdc9d9-ddb5-4fa4-a97d-d965ccfc6d4b" outcome="Passed" testListId="8c84fa94-04c1-424b-9868-57a2d4851a1d" relativeResultsDirectory="62a32e3b-ce99-4cb1-a69e-d1408c413644" />
    <UnitTestResult executionId="bf1c2bc0-e714-4650-bded-eda05b95f86e" testId="99a6b07e-6c4a-175c-f49d-3d815f9e4c5a" testName="TestAddItemToSpine (Epub2,null,&quot;epub2_noproperties.opf&quot;)" computerName="pkrvmqc4gcfdwos" duration="00:00:00.0001085" startTime="2025-08-25T12:06:18.2951586+00:00" endTime="2025-08-25T12:06:18.2953557+00:00" testType="13cdc9d9-ddb5-4fa4-a97d-d965ccfc6d4b" outcome="Passed" testListId="8c84fa94-04c1-424b-9868-57a2d4851a1d" relativeResultsDirectory="bf1c2bc0-e714-4650-bded-eda05b95f86e" />
    <UnitTestResult executionId="9eb5b39e-ecff-4567-8b3d-c5e1a3f7e45e" testId="5d4d5230-0e25-87c0-4af6-2de9a7c4c4a1" testName="TestAddTitle (Epub2)" computerName="pkrvmqc4gcfdwos" duration="00:00:00.0001946" startTime="2025-08-25T12:06:18.3033856+00:00" endTime="2025-08-25T12:06:18.3036393+00:00" testType="13cdc9d9-ddb5-4fa4-a97d-d965ccfc6d4b" outcome="Passed" testListId="8c84fa94-04c1-424b-9868-57a2d4851a1d" relativeResultsDirectory="9eb5b39e-ecff-4567-8b3d-c5e1a3f7e45e" />
    <UnitTestResult executionId="00271e07-6358-4a3f-a60d-371f86c9c1ff" testId="8c9e771c-c83f-550a-cb50-0b2a7179104c" testName="TestAddItemToSpine (Epub3,&quot;page-spread-left&quot;,&quot;epub3_properties.opf&quot;)" computerName="pkrvmqc4gcfdwos" duration="00:00:00.0004466" startTime="2025-08-25T12:06:18.2921093+00:00" endTime="2025-08-25T12:06:18.2927004+00:00" testType="13cdc9d9-ddb5-4fa4-a97d-d965ccfc6d4b" outcome="Passed" testListId="8c84fa94-04c1-424b-9868-57a2d4851a1d" relativeResultsDirectory="00271e07-6358-4a3f-a60d-371f86c9c1ff" />
    <UnitTestResult executionId="1978a0aa-874a-4558-ad36-e780f7a72298" testId="1994ae24-05cd-3449-cbf7-9654aa01ed73" testName="TestAddItemToManifest (Epub3,&quot;cover.jpg&quot;,null,null,&quot;epub3_noproperties_noid.opf&quot;)" computerName="pkrvmqc4gcfdwos" duration="00:00:00.0001877" startTime="2025-08-25T12:06:18.2478472+00:00" endTime="2025-08-25T12:06:18.2481032+00:00" testType="13cdc9d9-ddb5-4fa4-a97d-d965ccfc6d4b" outcome="Passed" testListId="8c84fa94-04c1-424b-9868-57a2d4851a1d" relativeResultsDirectory="1978a0aa-874a-4558-ad36-e780f7a72298" />
    <UnitTestResult executionId="fe7344a6-bbf0-408d-871c-0cff4f5b694d" testId="b9126755-0e48-3338-5d7f-d91de59b1147" testName="TestAddModified (Epub2)" computerName="pkrvmqc4gcfdwos" duration="00:00:00.0002702" startTime="2025-08-25T12:06:18.2917192+00:00" endTime="2025-08-25T12:06:18.2920757+00:00" testType="13cdc9d9-ddb5-4fa4-a97d-d965ccfc6d4b" outcome="Passed" testListId="8c84fa94-04c1-424b-9868-57a2d4851a1d" relativeResultsDirectory="fe7344a6-bbf0-408d-871c-0cff4f5b694d" />
    <UnitTestResult executionId="38928414-e3ae-4534-aa65-12553e12942f" testId="40fccafb-603f-db2e-52f5-0e6854d614d2" testName="TestAddRightToLeft (Epub2,&quot;epub2_rtl.opf&quot;)" computerName="pkrvmqc4gcfdwos" duration="00:00:00.0002087" startTime="2025-08-25T12:06:18.2970163+00:00" endTime="2025-08-25T12:06:18.2972860+00:00" testType="13cdc9d9-ddb5-4fa4-a97d-d965ccfc6d4b" outcome="Passed" testListId="8c84fa94-04c1-424b-9868-57a2d4851a1d" relativeResultsDirectory="38928414-e3ae-4534-aa65-12553e12942f" />
    <UnitTestResult executionId="06b133fa-160d-44dd-805f-d99d8a9779c6" testId="96bd8760-c7b7-81b8-4f89-ec6ccc94ca0b" testName="TestAddNcx (Epub3,&quot;epub3_ncx.opf&quot;)" computerName="pkrvmqc4gcfdwos" duration="00:00:00.0002316" startTime="2025-08-25T12:06:18.2953868+00:00" endTime="2025-08-25T12:06:18.2956969+00:00" testType="13cdc9d9-ddb5-4fa4-a97d-d965ccfc6d4b" outcome="Passed" testListId="8c84fa94-04c1-424b-9868-57a2d4851a1d" relativeResultsDirectory="06b133fa-160d-44dd-805f-d99d8a9779c6" />
    <UnitTestResult executionId="b30d9fcc-0c14-465f-9972-d293781dacb0" testId="ccd4c932-333c-882b-c126-06d1ad778550" testName="TestAddItemToManifest (Epub3,&quot;cover.jpg&quot;,&quot;cover-image&quot;,&quot;cover-id&quot;,&quot;epub3_properties_id.opf&quot;)" computerName="pkrvmqc4gcfdwos" duration="00:00:00.0010894" startTime="2025-08-25T12:06:18.2461572+00:00" endTime="2025-08-25T12:06:18.2473477+00:00" testType="13cdc9d9-ddb5-4fa4-a97d-d965ccfc6d4b" outcome="Passed" testListId="8c84fa94-04c1-424b-9868-57a2d4851a1d" relativeResultsDirectory="b30d9fcc-0c14-465f-9972-d293781dacb0" />
    <UnitTestResult executionId="6f443239-f79d-4343-aebf-edfefed08f5a" testId="0979f8bb-ea3f-cc84-8b49-708bff499cd7" testName="TestAddItemToManifest (Epub2,&quot;cover.jpg&quot;,&quot;cover-image&quot;,&quot;cover-id&quot;,&quot;epub2_properties_id.opf&quot;)" computerName="pkrvmqc4gcfdwos" duration="00:00:00.0003546" startTime="2025-08-25T12:06:18.2473774+00:00" endTime="2025-08-25T12:06:18.2478154+00:00" testType="13cdc9d9-ddb5-4fa4-a97d-d965ccfc6d4b" outcome="Passed" testListId="8c84fa94-04c1-424b-9868-57a2d4851a1d" relativeResultsDirectory="6f443239-f79d-4343-aebf-edfefed08f5a" />
    <UnitTestResult executionId="cd6a118b-0f67-4b3a-bebe-609ece18faa0" testId="b3961dcc-7a38-2113-9639-b9147b073687" testName="TestAddTitle (Epub2)" computerName="pkrvmqc4gcfdwos" duration="00:00:00.0002652" startTime="2025-08-25T12:06:18.2822932+00:00" endTime="2025-08-25T12:06:18.2826465+00:00" testType="13cdc9d9-ddb5-4fa4-a97d-d965ccfc6d4b" outcome="Passed" testListId="8c84fa94-04c1-424b-9868-57a2d4851a1d" relativeResultsDirectory="cd6a118b-0f67-4b3a-bebe-609ece18faa0" />
    <UnitTestResult executionId="832b9a7e-b2ca-414b-a3f9-7d5b8334bcd9" testId="10c6e40c-daca-4950-6019-a3a7ec88eb82" testName="TestAddIdentifier (Epub3)" computerName="pkrvmqc4gcfdwos" duration="00:00:00.0004321" startTime="2025-08-25T12:06:18.3021660+00:00" endTime="2025-08-25T12:06:18.3026895+00:00" testType="13cdc9d9-ddb5-4fa4-a97d-d965ccfc6d4b" outcome="Passed" testListId="8c84fa94-04c1-424b-9868-57a2d4851a1d" relativeResultsDirectory="832b9a7e-b2ca-414b-a3f9-7d5b8334bcd9" />
    <UnitTestResult executionId="1625f8c4-1fcd-4686-8d59-2adb816f9dcd" testId="44da78d8-904e-d616-f174-2b6a9767cdcb" testName="TestAddReferenceToGuide (Epub3)" computerName="pkrvmqc4gcfdwos" duration="00:00:00.0237274" startTime="2025-08-25T12:06:18.2028563+00:00" endTime="2025-08-25T12:06:18.2407298+00:00" testType="13cdc9d9-ddb5-4fa4-a97d-d965ccfc6d4b" outcome="Passed" testListId="8c84fa94-04c1-424b-9868-57a2d4851a1d" relativeResultsDirectory="1625f8c4-1fcd-4686-8d59-2adb816f9dcd" />
    <UnitTestResult executionId="8e184b83-20e6-44f4-851e-f9a3e043dd17" testId="b00da7e2-1034-9a94-bdb6-4d0dec2ca4dd" testName="TestAddLeftToRight (Epub3,&quot;epub3_ltr.opf&quot;)" computerName="pkrvmqc4gcfdwos" duration="00:00:00.0002043" startTime="2025-08-25T12:06:18.2960770+00:00" endTime="2025-08-25T12:06:18.2963514+00:00" testType="13cdc9d9-ddb5-4fa4-a97d-d965ccfc6d4b" outcome="Passed" testListId="8c84fa94-04c1-424b-9868-57a2d4851a1d" relativeResultsDirectory="8e184b83-20e6-44f4-851e-f9a3e043dd17" />
    <UnitTestResult executionId="f83ceb5c-0cf7-4ebf-ae80-87cc54a1816a" testId="99564a9c-de8e-bba7-fce2-1855da9f00d6" testName="TestAddNcx (Epub2,&quot;epub2_ncx.opf&quot;)" computerName="pkrvmqc4gcfdwos" duration="00:00:00.0002633" startTime="2025-08-25T12:06:18.2957229+00:00" endTime="2025-08-25T12:06:18.2960473+00:00" testType="13cdc9d9-ddb5-4fa4-a97d-d965ccfc6d4b" outcome="Passed" testListId="8c84fa94-04c1-424b-9868-57a2d4851a1d" relativeResultsDirectory="f83ceb5c-0cf7-4ebf-ae80-87cc54a1816a" />
    <UnitTestResult executionId="8c38254f-1442-4a83-87b7-149529113365" testId="594caead-0457-af95-78db-f11df6a0960a" testName="TestAddIdentifier (Epub2)" computerName="pkrvmqc4gcfdwos" duration="00:00:00.0002877" startTime="2025-08-25T12:06:18.3027160+00:00" endTime="2025-08-25T12:06:18.3030635+00:00" testType="13cdc9d9-ddb5-4fa4-a97d-d965ccfc6d4b" outcome="Passed" testListId="8c84fa94-04c1-424b-9868-57a2d4851a1d" relativeResultsDirectory="8c38254f-1442-4a83-87b7-149529113365" />
    <UnitTestResult executionId="7d7b7898-bf53-49ea-bb65-a10078c73d7c" testId="59a57370-8637-253e-de19-a484c9442cbd" testName="TestAddItemToSpine (Epub3,null,&quot;epub3_noproperties.opf&quot;)" computerName="pkrvmqc4gcfdwos" duration="00:00:00.0001169" startTime="2025-08-25T12:06:18.2932697+00:00" endTime="2025-08-25T12:06:18.2934902+00:00" testType="13cdc9d9-ddb5-4fa4-a97d-d965ccfc6d4b" outcome="Passed" testListId="8c84fa94-04c1-424b-9868-57a2d4851a1d" relativeResultsDirectory="7d7b7898-bf53-49ea-bb65-a10078c73d7c" />
    <UnitTestResult executionId="7176ed9f-75c5-46b4-9b1c-acf339c51434" testId="e0b26bfd-5e10-47a7-5708-ed4ae0f6f17a" testName="TestAddTitle (Epub3)" computerName="pkrvmqc4gcfdwos" duration="00:00:00.0001961" startTime="2025-08-25T12:06:18.3030941+00:00" endTime="2025-08-25T12:06:18.3033598+00:00" testType="13cdc9d9-ddb5-4fa4-a97d-d965ccfc6d4b" outcome="Passed" testListId="8c84fa94-04c1-424b-9868-57a2d4851a1d" relativeResultsDirectory="7176ed9f-75c5-46b4-9b1c-acf339c51434" />
    <UnitTestResult executionId="8cff19a5-7594-4630-aee3-ea4c75736edd" testId="e4cbb751-c512-8650-1a17-2e8ac57a05f2" testName="TestAddModified (Epub3)" computerName="pkrvmqc4gcfdwos" duration="00:00:00.0003953" startTime="2025-08-25T12:06:18.2912018+00:00" endTime="2025-08-25T12:06:18.2916785+00:00" testType="13cdc9d9-ddb5-4fa4-a97d-d965ccfc6d4b" outcome="Passed" testListId="8c84fa94-04c1-424b-9868-57a2d4851a1d" relativeResultsDirectory="8cff19a5-7594-4630-aee3-ea4c75736edd" />
    <UnitTestResult executionId="27a9a8b7-bbf2-4e0d-ba06-8c4db6a15908" testId="fa860a25-9f76-25a8-9a76-b7824318caf2" testName="TestAddLeftToRight (Epub2,&quot;epub2_ltr.opf&quot;)" computerName="pkrvmqc4gcfdwos" duration="00:00:00.0002116" startTime="2025-08-25T12:06:18.2963774+00:00" endTime="2025-08-25T12:06:18.2966539+00:00" testType="13cdc9d9-ddb5-4fa4-a97d-d965ccfc6d4b" outcome="Passed" testListId="8c84fa94-04c1-424b-9868-57a2d4851a1d" relativeResultsDirectory="27a9a8b7-bbf2-4e0d-ba06-8c4db6a15908" />
    <UnitTestResult executionId="bbac1572-580a-41f6-8507-9efbb480d459" testId="d677c7f0-fd98-db4b-f256-9d5a40eeb450" testName="TestAddCreator (Epub3,[],&quot;epub3_no_roles.opf&quot;)" computerName="pkrvmqc4gcfdwos" duration="00:00:00.0007412" startTime="2025-08-25T12:06:18.2835289+00:00" endTime="2025-08-25T12:06:18.2843733+00:00" testType="13cdc9d9-ddb5-4fa4-a97d-d965ccfc6d4b" outcome="Passed" testListId="8c84fa94-04c1-424b-9868-57a2d4851a1d" relativeResultsDirectory="bbac1572-580a-41f6-8507-9efbb480d459" />
    <UnitTestResult executionId="f998fef9-981a-48e8-bfd0-7a4e9fe60cb1" testId="55b94eb4-b768-e9e6-66cb-0b4726f406c0" testName="TestAddTitle (Epub3)" computerName="pkrvmqc4gcfdwos" duration="00:00:00.0003229" startTime="2025-08-25T12:06:18.2492389+00:00" endTime="2025-08-25T12:06:18.2496238+00:00" testType="13cdc9d9-ddb5-4fa4-a97d-d965ccfc6d4b" outcome="Passed" testListId="8c84fa94-04c1-424b-9868-57a2d4851a1d" relativeResultsDirectory="f998fef9-981a-48e8-bfd0-7a4e9fe60cb1" />
    <UnitTestResult executionId="dfb9f7f6-707b-4a60-94f3-4d31c1620e39" testId="8d1ae0de-2769-faaf-9dcf-e6f047c0d5f3" testName="TestAddIdentifier (Epub2)" computerName="pkrvmqc4gcfdwos" duration="00:00:00.0003010" startTime="2025-08-25T12:06:18.2488401+00:00" endTime="2025-08-25T12:06:18.2492130+00:00" testType="13cdc9d9-ddb5-4fa4-a97d-d965ccfc6d4b" outcome="Passed" testListId="8c84fa94-04c1-424b-9868-57a2d4851a1d" relativeResultsDirectory="dfb9f7f6-707b-4a60-94f3-4d31c1620e39" />
    <UnitTestResult executionId="bc273b12-3156-444e-82df-a210b354ac14" testId="c0800344-f0ec-fd64-7ee2-f71e18c8af14" testName="TestAddNavItem (Epub3)" computerName="pkrvmqc4gcfdwos" duration="00:00:00.0019409" startTime="2025-08-25T12:06:18.2973171+00:00" endTime="2025-08-25T12:06:18.2993395+00:00" testType="13cdc9d9-ddb5-4fa4-a97d-d965ccfc6d4b" outcome="Passed" testListId="8c84fa94-04c1-424b-9868-57a2d4851a1d" relativeResultsDirectory="bc273b12-3156-444e-82df-a210b354ac14" />
    <UnitTestResult executionId="ba5cac3e-7da4-4fea-a8ff-0719c26e9173" testId="c70cdfcc-fe0e-0a22-3f91-3f78bf225323" testName="TestGetRasterDocument (Epub2)" computerName="pkrvmqc4gcfdwos" duration="00:00:00.0005539" startTime="2025-08-25T12:06:18.3094364+00:00" endTime="2025-08-25T12:06:18.3108191+00:00" testType="13cdc9d9-ddb5-4fa4-a97d-d965ccfc6d4b" outcome="Passed" testListId="8c84fa94-04c1-424b-9868-57a2d4851a1d" relativeResultsDirectory="ba5cac3e-7da4-4fea-a8ff-0719c26e9173" />
    <UnitTestResult executionId="80764364-f09d-4871-80a2-5f6987d53635" testId="c721fbc4-4b7f-c0df-d55e-177b347e9a92" testName="TestAddCreator (Epub3,[&quot;aut&quot;],&quot;epub3_one_role.opf&quot;)" computerName="pkrvmqc4gcfdwos" duration="00:00:00.0001513" startTime="2025-08-25T12:06:18.2848476+00:00" endTime="2025-08-25T12:06:18.2851010+00:00" testType="13cdc9d9-ddb5-4fa4-a97d-d965ccfc6d4b" outcome="Passed" testListId="8c84fa94-04c1-424b-9868-57a2d4851a1d" relativeResultsDirectory="80764364-f09d-4871-80a2-5f6987d53635" />
    <UnitTestResult executionId="e140ef9a-ab49-4989-8285-dd9865621ba7" testId="3f9f394b-3398-3cc3-37cc-56417e5a89b6" testName="TestAddCreator (Epub3,[&quot;aut&quot;,&quot;ill&quot;],&quot;epub3_two_roles.opf&quot;)" computerName="pkrvmqc4gcfdwos" duration="00:00:00.0001331" startTime="2025-08-25T12:06:18.2854040+00:00" endTime="2025-08-25T12:06:18.2856369+00:00" testType="13cdc9d9-ddb5-4fa4-a97d-d965ccfc6d4b" outcome="Passed" testListId="8c84fa94-04c1-424b-9868-57a2d4851a1d" relativeResultsDirectory="e140ef9a-ab49-4989-8285-dd9865621ba7" />
    <UnitTestResult executionId="20f29a06-e622-4dea-9b4e-e20309ab8367" testId="89814799-e32a-55bb-8345-b24b3f8784f3" testName="TestAddRightToLeft (Epub3,&quot;epub3_rtl.opf&quot;)" computerName="pkrvmqc4gcfdwos" duration="00:00:00.0002257" startTime="2025-08-25T12:06:18.2966818+00:00" endTime="2025-08-25T12:06:18.2969904+00:00" testType="13cdc9d9-ddb5-4fa4-a97d-d965ccfc6d4b" outcome="Passed" testListId="8c84fa94-04c1-424b-9868-57a2d4851a1d" relativeResultsDirectory="20f29a06-e622-4dea-9b4e-e20309ab8367" />
    <UnitTestResult executionId="bc9ea850-f254-4954-a334-c8e7fa826207" testId="8a1e305d-837e-e2ab-0677-efc86659bf91" testName="TestGetContainerXmlDocument (Epub3)" computerName="pkrvmqc4gcfdwos" duration="00:00:00.0003573" startTime="2025-08-25T12:06:18.3067813+00:00" endTime="2025-08-25T12:06:18.3072156+00:00" testType="13cdc9d9-ddb5-4fa4-a97d-d965ccfc6d4b" outcome="Passed" testListId="8c84fa94-04c1-424b-9868-57a2d4851a1d" relativeResultsDirectory="bc9ea850-f254-4954-a334-c8e7fa826207" />
    <UnitTestResult executionId="66935c06-17c6-4f94-a242-53fc6dfb8b96" testId="f188e44f-a366-01fc-679d-e6a774f27a0b" testName="TestAddReferenceToGuide (Epub2)" computerName="pkrvmqc4gcfdwos" duration="00:00:00.0003610" startTime="2025-08-25T12:06:18.2446834+00:00" endTime="2025-08-25T12:06:18.2458996+00:00" testType="13cdc9d9-ddb5-4fa4-a97d-d965ccfc6d4b" outcome="Passed" testListId="8c84fa94-04c1-424b-9868-57a2d4851a1d" relativeResultsDirectory="66935c06-17c6-4f94-a242-53fc6dfb8b96" />
    <UnitTestResult executionId="d46862c7-1659-4cc7-8829-1f1e1b3b7d90" testId="693b69fd-81f0-56fd-8f17-ee56b4f8d96d" testName="TestAddNavItem (Epub2)" computerName="pkrvmqc4gcfdwos" duration="00:00:00.0002634" startTime="2025-08-25T12:06:18.3064255+00:00" endTime="2025-08-25T12:06:18.3067552+00:00" testType="13cdc9d9-ddb5-4fa4-a97d-d965ccfc6d4b" outcome="Passed" testListId="8c84fa94-04c1-424b-9868-57a2d4851a1d" relativeResultsDirectory="d46862c7-1659-4cc7-8829-1f1e1b3b7d90" />
    <UnitTestResult executionId="f9fbd219-71cd-4fb4-b573-eb331ecdb040" testId="04965b1d-7fcd-a172-3bd8-f962f6396ef1" testName="TestAddNavItem (Epub3)" computerName="pkrvmqc4gcfdwos" duration="00:00:00.0026655" startTime="2025-08-25T12:06:18.3036732+00:00" endTime="2025-08-25T12:06:18.3063980+00:00" testType="13cdc9d9-ddb5-4fa4-a97d-d965ccfc6d4b" outcome="Passed" testListId="8c84fa94-04c1-424b-9868-57a2d4851a1d" relativeResultsDirectory="f9fbd219-71cd-4fb4-b573-eb331ecdb040" />
    <UnitTestResult executionId="4b8125c5-d9ac-49db-9e67-2a7621d0d6cc" testId="3f3cfbdc-7778-44fe-127e-9e051a2f1aa2" testName="TestAddNavItem (Epub2)" computerName="pkrvmqc4gcfdwos" duration="00:00:00.0009341" startTime="2025-08-25T12:06:18.2993666+00:00" endTime="2025-08-25T12:06:18.3003643+00:00" testType="13cdc9d9-ddb5-4fa4-a97d-d965ccfc6d4b" outcome="Passed" testListId="8c84fa94-04c1-424b-9868-57a2d4851a1d" relativeResultsDirectory="4b8125c5-d9ac-49db-9e67-2a7621d0d6cc" />
    <UnitTestResult executionId="05378eb1-5c90-4173-bd98-a11648ac2dc6" testId="cec8e838-5451-2a86-db1e-5de14ad9804c" testName="TestAddDate (Epub2)" computerName="pkrvmqc4gcfdwos" duration="00:00:00.0003405" startTime="2025-08-25T12:06:18.2898045+00:00" endTime="2025-08-25T12:06:18.2902412+00:00" testType="13cdc9d9-ddb5-4fa4-a97d-d965ccfc6d4b" outcome="Passed" testListId="8c84fa94-04c1-424b-9868-57a2d4851a1d" relativeResultsDirectory="05378eb1-5c90-4173-bd98-a11648ac2dc6" />
    <UnitTestResult executionId="5565582a-390a-44b9-9df0-3b6510e54c26" testId="4560ec12-e47b-78e1-23c7-f98e322348ee" testName="TestGetContainerXmlDocument (Epub2)" computerName="pkrvmqc4gcfdwos" duration="00:00:00.0002665" startTime="2025-08-25T12:06:18.3081755+00:00" endTime="2025-08-25T12:06:18.3085096+00:00" testType="13cdc9d9-ddb5-4fa4-a97d-d965ccfc6d4b" outcome="Passed" testListId="8c84fa94-04c1-424b-9868-57a2d4851a1d" relativeResultsDirectory="5565582a-390a-44b9-9df0-3b6510e54c26" />
    <UnitTestResult executionId="c3fc9cf4-750d-412b-8ae8-9e643babbe01" testId="78e4846a-98ff-e3e6-be1b-f68ce6653ef7" testName="TestAddCreator (Epub2,[&quot;aut&quot;],&quot;epub2_one_role.opf&quot;)" computerName="pkrvmqc4gcfdwos" duration="00:00:00.0001335" startTime="2025-08-25T12:06:18.2851325+00:00" endTime="2025-08-25T12:06:18.2853706+00:00" testType="13cdc9d9-ddb5-4fa4-a97d-d965ccfc6d4b" outcome="Passed" testListId="8c84fa94-04c1-424b-9868-57a2d4851a1d" relativeResultsDirectory="c3fc9cf4-750d-412b-8ae8-9e643babbe01" />
    <UnitTestResult executionId="28769502-0f60-429d-b045-a88a7b31b471" testId="5a4b4514-f7a8-ec80-0b2e-cc4f1e3225c9" testName="TestAddItemToLandmarks (Epub3)" computerName="pkrvmqc4gcfdwos" duration="00:00:00.0003692" startTime="2025-08-25T12:06:18.3013448+00:00" endTime="2025-08-25T12:06:18.3017897+00:00" testType="13cdc9d9-ddb5-4fa4-a97d-d965ccfc6d4b" outcome="Passed" testListId="8c84fa94-04c1-424b-9868-57a2d4851a1d" relativeResultsDirectory="28769502-0f60-429d-b045-a88a7b31b471" />
    <UnitTestResult executionId="59549ad3-b22b-4c59-b378-58a6463407da" testId="a1bdf61b-cabc-642a-7abf-89a752dec9e4" testName="TestAddItemToManifest (Epub2,&quot;cover.jpg&quot;,null,null,&quot;epub2_noproperties_noid.opf&quot;)" computerName="pkrvmqc4gcfdwos" duration="00:00:00.0000837" startTime="2025-08-25T12:06:18.2481294+00:00" endTime="2025-08-25T12:06:18.2482957+00:00" testType="13cdc9d9-ddb5-4fa4-a97d-d965ccfc6d4b" outcome="Passed" testListId="8c84fa94-04c1-424b-9868-57a2d4851a1d" relativeResultsDirectory="59549ad3-b22b-4c59-b378-58a6463407da" />
    <UnitTestResult executionId="9e410e98-6e77-42ff-ad90-a24d170366bc" testId="6191621d-615a-32f8-fd79-90783c02b94b" testName="TestAddDate (Epub3)" computerName="pkrvmqc4gcfdwos" duration="00:00:00.0012012" startTime="2025-08-25T12:06:18.2884821+00:00" endTime="2025-08-25T12:06:18.2897714+00:00" testType="13cdc9d9-ddb5-4fa4-a97d-d965ccfc6d4b" outcome="Passed" testListId="8c84fa94-04c1-424b-9868-57a2d4851a1d" relativeResultsDirectory="9e410e98-6e77-42ff-ad90-a24d170366bc" />
    <UnitTestResult executionId="5351be38-ead2-4b77-a3c3-97df021f81b7" testId="49fbec17-8a99-3521-2b8d-bc34471c898c" testName="TestAddPrePaginated (Epub2)" computerName="pkrvmqc4gcfdwos" duration="00:00:00.0002788" startTime="2025-08-25T12:06:18.2907805+00:00" endTime="2025-08-25T12:06:18.2911681+00:00" testType="13cdc9d9-ddb5-4fa4-a97d-d965ccfc6d4b" outcome="Passed" testListId="8c84fa94-04c1-424b-9868-57a2d4851a1d" relativeResultsDirectory="5351be38-ead2-4b77-a3c3-97df021f81b7" />
    <UnitTestResult executionId="992722f3-aa37-4721-b481-f17715f4ff69" testId="415fc078-5627-2006-e301-3bb2cb96ae2b" testName="TestAddCreator (Epub2,[],&quot;epub2_no_roles.opf&quot;)" computerName="pkrvmqc4gcfdwos" duration="00:00:00.0002966" startTime="2025-08-25T12:06:18.2844075+00:00" endTime="2025-08-25T12:06:18.2848135+00:00" testType="13cdc9d9-ddb5-4fa4-a97d-d965ccfc6d4b" outcome="Passed" testListId="8c84fa94-04c1-424b-9868-57a2d4851a1d" relativeResultsDirectory="992722f3-aa37-4721-b481-f17715f4ff69" />
    <UnitTestResult executionId="b1651dbf-b330-4062-9e81-44ad8fe9cde1" testId="9df8c1b1-aaf4-5545-12dd-5ce8d49b25cf" testName="TestAddPrePaginated (Epub3)" computerName="pkrvmqc4gcfdwos" duration="00:00:00.0003926" startTime="2025-08-25T12:06:18.2902757+00:00" endTime="2025-08-25T12:06:18.2907470+00:00" testType="13cdc9d9-ddb5-4fa4-a97d-d965ccfc6d4b" outcome="Passed" testListId="8c84fa94-04c1-424b-9868-57a2d4851a1d" relativeResultsDirectory="b1651dbf-b330-4062-9e81-44ad8fe9cde1" />
  </Results>
  <TestDefinitions>
    <UnitTest name="TestAddDate (Epub3)" storage="/home/runner/work/dotnet-monorepo/dotnet-monorepo/src/artifacts/bin/epubs.tests/release_linux-x64/epubs.tests.dll" id="6191621d-615a-32f8-fd79-90783c02b94b">
      <Execution id="9e410e98-6e77-42ff-ad90-a24d170366bc" />
      <TestMethod codeBase="/home/runner/work/dotnet-monorepo/dotnet-monorepo/src/artifacts/bin/Epubs.Tests/release_linux-x64/Epubs.Tests.dll" adapterTypeName="executor://mstestadapter/v2" className="Epubs.Tests.WriterTests.PackageDocumentTests.MetadataTests" name="TestAddDate" />
    </UnitTest>
    <UnitTest name="TestAddItemToSpine (Epub2,null,&quot;epub2_noproperties.opf&quot;)" storage="/home/runner/work/dotnet-monorepo/dotnet-monorepo/src/artifacts/bin/epubs.tests/release_linux-x64/epubs.tests.dll" id="99a6b07e-6c4a-175c-f49d-3d815f9e4c5a">
      <Execution id="bf1c2bc0-e714-4650-bded-eda05b95f86e" />
      <TestMethod codeBase="/home/runner/work/dotnet-monorepo/dotnet-monorepo/src/artifacts/bin/Epubs.Tests/release_linux-x64/Epubs.Tests.dll" adapterTypeName="executor://mstestadapter/v2" className="Epubs.Tests.WriterTests.PackageDocumentTests.SpineTests" name="TestAddItemToSpine" />
    </UnitTest>
    <UnitTest name="TestAddModified (Epub2)" storage="/home/runner/work/dotnet-monorepo/dotnet-monorepo/src/artifacts/bin/epubs.tests/release_linux-x64/epubs.tests.dll" id="b9126755-0e48-3338-5d7f-d91de59b1147">
      <Execution id="fe7344a6-bbf0-408d-871c-0cff4f5b694d" />
      <TestMethod codeBase="/home/runner/work/dotnet-monorepo/dotnet-monorepo/src/artifacts/bin/Epubs.Tests/release_linux-x64/Epubs.Tests.dll" adapterTypeName="executor://mstestadapter/v2" className="Epubs.Tests.WriterTests.PackageDocumentTests.MetadataTests" name="TestAddModified" />
    </UnitTest>
    <UnitTest name="TestGetRasterDocument (Epub3)" storage="/home/runner/work/dotnet-monorepo/dotnet-monorepo/src/artifacts/bin/epubs.tests/release_linux-x64/epubs.tests.dll" id="410eac8a-445b-ddc0-5763-81a3a18c8bb9">
      <Execution id="75c73011-73bd-43ec-acbe-5ee90075f90c" />
      <TestMethod codeBase="/home/runner/work/dotnet-monorepo/dotnet-monorepo/src/artifacts/bin/Epubs.Tests/release_linux-x64/Epubs.Tests.dll" adapterTypeName="executor://mstestadapter/v2" className="Epubs.Tests.WriterTests.CoverXhtmlTests.RasterTests" name="TestGetRasterDocument" />
    </UnitTest>
    <UnitTest name="TestAddItemToSpine (Epub3,null,&quot;epub3_noproperties.opf&quot;)" storage="/home/runner/work/dotnet-monorepo/dotnet-monorepo/src/artifacts/bin/epubs.tests/release_linux-x64/epubs.tests.dll" id="59a57370-8637-253e-de19-a484c9442cbd">
      <Execution id="7d7b7898-bf53-49ea-bb65-a10078c73d7c" />
      <TestMethod codeBase="/home/runner/work/dotnet-monorepo/dotnet-monorepo/src/artifacts/bin/Epubs.Tests/release_linux-x64/Epubs.Tests.dll" adapterTypeName="executor://mstestadapter/v2" className="Epubs.Tests.WriterTests.PackageDocumentTests.SpineTests" name="TestAddItemToSpine" />
    </UnitTest>
    <UnitTest name="TestAddNcx (Epub3,&quot;epub3_ncx.opf&quot;)" storage="/home/runner/work/dotnet-monorepo/dotnet-monorepo/src/artifacts/bin/epubs.tests/release_linux-x64/epubs.tests.dll" id="96bd8760-c7b7-81b8-4f89-ec6ccc94ca0b">
      <Execution id="06b133fa-160d-44dd-805f-d99d8a9779c6" />
      <TestMethod codeBase="/home/runner/work/dotnet-monorepo/dotnet-monorepo/src/artifacts/bin/Epubs.Tests/release_linux-x64/Epubs.Tests.dll" adapterTypeName="executor://mstestadapter/v2" className="Epubs.Tests.WriterTests.PackageDocumentTests.SpineTests" name="TestAddNcx" />
    </UnitTest>
    <UnitTest name="TestAddReferenceToGuide (Epub3)" storage="/home/runner/work/dotnet-monorepo/dotnet-monorepo/src/artifacts/bin/epubs.tests/release_linux-x64/epubs.tests.dll" id="44da78d8-904e-d616-f174-2b6a9767cdcb">
      <Execution id="1625f8c4-1fcd-4686-8d59-2adb816f9dcd" />
      <TestMethod codeBase="/home/runner/work/dotnet-monorepo/dotnet-monorepo/src/artifacts/bin/Epubs.Tests/release_linux-x64/Epubs.Tests.dll" adapterTypeName="executor://mstestadapter/v2" className="Epubs.Tests.WriterTests.PackageDocumentTests.GuideTests" name="TestAddReferenceToGuide" />
    </UnitTest>
    <UnitTest name="TestAddPrePaginated (Epub3)" storage="/home/runner/work/dotnet-monorepo/dotnet-monorepo/src/artifacts/bin/epubs.tests/release_linux-x64/epubs.tests.dll" id="9df8c1b1-aaf4-5545-12dd-5ce8d49b25cf">
      <Execution id="b1651dbf-b330-4062-9e81-44ad8fe9cde1" />
      <TestMethod codeBase="/home/runner/work/dotnet-monorepo/dotnet-monorepo/src/artifacts/bin/Epubs.Tests/release_linux-x64/Epubs.Tests.dll" adapterTypeName="executor://mstestadapter/v2" className="Epubs.Tests.WriterTests.PackageDocumentTests.MetadataTests" name="TestAddPrePaginated" />
    </UnitTest>
    <UnitTest name="TestAddItemToSpine (Epub2,&quot;page-spread-left&quot;,&quot;epub2_properties.opf&quot;)" storage="/home/runner/work/dotnet-monorepo/dotnet-monorepo/src/artifacts/bin/epubs.tests/release_linux-x64/epubs.tests.dll" id="924b8454-c381-318c-99e1-35856fc01e42">
      <Execution id="a3285c17-0654-4bca-8fba-fd3162cdfd67" />
      <TestMethod codeBase="/home/runner/work/dotnet-monorepo/dotnet-monorepo/src/artifacts/bin/Epubs.Tests/release_linux-x64/Epubs.Tests.dll" adapterTypeName="executor://mstestadapter/v2" className="Epubs.Tests.WriterTests.PackageDocumentTests.SpineTests" name="TestAddItemToSpine" />
    </UnitTest>
    <UnitTest name="TestGetRasterDocument (Epub2)" storage="/home/runner/work/dotnet-monorepo/dotnet-monorepo/src/artifacts/bin/epubs.tests/release_linux-x64/epubs.tests.dll" id="c70cdfcc-fe0e-0a22-3f91-3f78bf225323">
      <Execution id="ba5cac3e-7da4-4fea-a8ff-0719c26e9173" />
      <TestMethod codeBase="/home/runner/work/dotnet-monorepo/dotnet-monorepo/src/artifacts/bin/Epubs.Tests/release_linux-x64/Epubs.Tests.dll" adapterTypeName="executor://mstestadapter/v2" className="Epubs.Tests.WriterTests.CoverXhtmlTests.RasterTests" name="TestGetRasterDocument" />
    </UnitTest>
    <UnitTest name="TestAddItemToManifest (Epub3,&quot;cover.jpg&quot;,null,null,&quot;epub3_noproperties_noid.opf&quot;)" storage="/home/runner/work/dotnet-monorepo/dotnet-monorepo/src/artifacts/bin/epubs.tests/release_linux-x64/epubs.tests.dll" id="1994ae24-05cd-3449-cbf7-9654aa01ed73">
      <Execution id="1978a0aa-874a-4558-ad36-e780f7a72298" />
      <TestMethod codeBase="/home/runner/work/dotnet-monorepo/dotnet-monorepo/src/artifacts/bin/Epubs.Tests/release_linux-x64/Epubs.Tests.dll" adapterTypeName="executor://mstestadapter/v2" className="Epubs.Tests.WriterTests.PackageDocumentTests.ManifestTests" name="TestAddItemToManifest" />
    </UnitTest>
    <UnitTest name="TestAddItemToSpine (Epub3,&quot;page-spread-left&quot;,&quot;epub3_properties.opf&quot;)" storage="/home/runner/work/dotnet-monorepo/dotnet-monorepo/src/artifacts/bin/epubs.tests/release_linux-x64/epubs.tests.dll" id="8c9e771c-c83f-550a-cb50-0b2a7179104c">
      <Execution id="00271e07-6358-4a3f-a60d-371f86c9c1ff" />
      <TestMethod codeBase="/home/runner/work/dotnet-monorepo/dotnet-monorepo/src/artifacts/bin/Epubs.Tests/release_linux-x64/Epubs.Tests.dll" adapterTypeName="executor://mstestadapter/v2" className="Epubs.Tests.WriterTests.PackageDocumentTests.SpineTests" name="TestAddItemToSpine" />
    </UnitTest>
    <UnitTest name="TestAddLeftToRight (Epub2,&quot;epub2_ltr.opf&quot;)" storage="/home/runner/work/dotnet-monorepo/dotnet-monorepo/src/artifacts/bin/epubs.tests/release_linux-x64/epubs.tests.dll" id="fa860a25-9f76-25a8-9a76-b7824318caf2">
      <Execution id="27a9a8b7-bbf2-4e0d-ba06-8c4db6a15908" />
      <TestMethod codeBase="/home/runner/work/dotnet-monorepo/dotnet-monorepo/src/artifacts/bin/Epubs.Tests/release_linux-x64/Epubs.Tests.dll" adapterTypeName="executor://mstestadapter/v2" className="Epubs.Tests.WriterTests.PackageDocumentTests.SpineTests" name="TestAddLeftToRight" />
    </UnitTest>
    <UnitTest name="TestAddCreator (Epub3,[],&quot;epub3_no_roles.opf&quot;)" storage="/home/runner/work/dotnet-monorepo/dotnet-monorepo/src/artifacts/bin/epubs.tests/release_linux-x64/epubs.tests.dll" id="d677c7f0-fd98-db4b-f256-9d5a40eeb450">
      <Execution id="bbac1572-580a-41f6-8507-9efbb480d459" />
      <TestMethod codeBase="/home/runner/work/dotnet-monorepo/dotnet-monorepo/src/artifacts/bin/Epubs.Tests/release_linux-x64/Epubs.Tests.dll" adapterTypeName="executor://mstestadapter/v2" className="Epubs.Tests.WriterTests.PackageDocumentTests.MetadataTests" name="TestAddCreator" />
    </UnitTest>
    <UnitTest name="TestAddReferenceToGuide (Epub2)" storage="/home/runner/work/dotnet-monorepo/dotnet-monorepo/src/artifacts/bin/epubs.tests/release_linux-x64/epubs.tests.dll" id="f188e44f-a366-01fc-679d-e6a774f27a0b">
      <Execution id="66935c06-17c6-4f94-a242-53fc6dfb8b96" />
      <TestMethod codeBase="/home/runner/work/dotnet-monorepo/dotnet-monorepo/src/artifacts/bin/Epubs.Tests/release_linux-x64/Epubs.Tests.dll" adapterTypeName="executor://mstestadapter/v2" className="Epubs.Tests.WriterTests.PackageDocumentTests.GuideTests" name="TestAddReferenceToGuide" />
    </UnitTest>
    <UnitTest name="TestAddCreator (Epub3,[&quot;aut&quot;],&quot;epub3_one_role.opf&quot;)" storage="/home/runner/work/dotnet-monorepo/dotnet-monorepo/src/artifacts/bin/epubs.tests/release_linux-x64/epubs.tests.dll" id="c721fbc4-4b7f-c0df-d55e-177b347e9a92">
      <Execution id="80764364-f09d-4871-80a2-5f6987d53635" />
      <TestMethod codeBase="/home/runner/work/dotnet-monorepo/dotnet-monorepo/src/artifacts/bin/Epubs.Tests/release_linux-x64/Epubs.Tests.dll" adapterTypeName="executor://mstestadapter/v2" className="Epubs.Tests.WriterTests.PackageDocumentTests.MetadataTests" name="TestAddCreator" />
    </UnitTest>
    <UnitTest name="TestAddRightToLeft (Epub3,&quot;epub3_rtl.opf&quot;)" storage="/home/runner/work/dotnet-monorepo/dotnet-monorepo/src/artifacts/bin/epubs.tests/release_linux-x64/epubs.tests.dll" id="89814799-e32a-55bb-8345-b24b3f8784f3">
      <Execution id="20f29a06-e622-4dea-9b4e-e20309ab8367" />
      <TestMethod codeBase="/home/runner/work/dotnet-monorepo/dotnet-monorepo/src/artifacts/bin/Epubs.Tests/release_linux-x64/Epubs.Tests.dll" adapterTypeName="executor://mstestadapter/v2" className="Epubs.Tests.WriterTests.PackageDocumentTests.SpineTests" name="TestAddRightToLeft" />
    </UnitTest>
    <UnitTest name="TestAddModified (Epub3)" storage="/home/runner/work/dotnet-monorepo/dotnet-monorepo/src/artifacts/bin/epubs.tests/release_linux-x64/epubs.tests.dll" id="e4cbb751-c512-8650-1a17-2e8ac57a05f2">
      <Execution id="8cff19a5-7594-4630-aee3-ea4c75736edd" />
      <TestMethod codeBase="/home/runner/work/dotnet-monorepo/dotnet-monorepo/src/artifacts/bin/Epubs.Tests/release_linux-x64/Epubs.Tests.dll" adapterTypeName="executor://mstestadapter/v2" className="Epubs.Tests.WriterTests.PackageDocumentTests.MetadataTests" name="TestAddModified" />
    </UnitTest>
    <UnitTest name="TestAddIdentifier (Epub3)" storage="/home/runner/work/dotnet-monorepo/dotnet-monorepo/src/artifacts/bin/epubs.tests/release_linux-x64/epubs.tests.dll" id="dfff1bb5-cf96-7b7e-3f4f-13e2e3d017dd">
      <Execution id="7c16d2f6-a8fb-445b-8f40-e42415941b26" />
      <TestMethod codeBase="/home/runner/work/dotnet-monorepo/dotnet-monorepo/src/artifacts/bin/Epubs.Tests/release_linux-x64/Epubs.Tests.dll" adapterTypeName="executor://mstestadapter/v2" className="Epubs.Tests.WriterTests.PackageDocumentTests.MetadataTests" name="TestAddIdentifier" />
    </UnitTest>
    <UnitTest name="TestAddItemToManifest (Epub3,&quot;cover.jpg&quot;,&quot;cover-image&quot;,&quot;cover-id&quot;,&quot;epub3_properties_id.opf&quot;)" storage="/home/runner/work/dotnet-monorepo/dotnet-monorepo/src/artifacts/bin/epubs.tests/release_linux-x64/epubs.tests.dll" id="ccd4c932-333c-882b-c126-06d1ad778550">
      <Execution id="b30d9fcc-0c14-465f-9972-d293781dacb0" />
      <TestMethod codeBase="/home/runner/work/dotnet-monorepo/dotnet-monorepo/src/artifacts/bin/Epubs.Tests/release_linux-x64/Epubs.Tests.dll" adapterTypeName="executor://mstestadapter/v2" className="Epubs.Tests.WriterTests.PackageDocumentTests.ManifestTests" name="TestAddItemToManifest" />
    </UnitTest>
    <UnitTest name="TestAddTitle (Epub3)" storage="/home/runner/work/dotnet-monorepo/dotnet-monorepo/src/artifacts/bin/epubs.tests/release_linux-x64/epubs.tests.dll" id="55b94eb4-b768-e9e6-66cb-0b4726f406c0">
      <Execution id="f998fef9-981a-48e8-bfd0-7a4e9fe60cb1" />
      <TestMethod codeBase="/home/runner/work/dotnet-monorepo/dotnet-monorepo/src/artifacts/bin/Epubs.Tests/release_linux-x64/Epubs.Tests.dll" adapterTypeName="executor://mstestadapter/v2" className="Epubs.Tests.WriterTests.PackageDocumentTests.MetadataTests" name="TestAddTitle" />
    </UnitTest>
    <UnitTest name="TestAddItemToManifest (Epub2,&quot;cover.jpg&quot;,null,null,&quot;epub2_noproperties_noid.opf&quot;)" storage="/home/runner/work/dotnet-monorepo/dotnet-monorepo/src/artifacts/bin/epubs.tests/release_linux-x64/epubs.tests.dll" id="a1bdf61b-cabc-642a-7abf-89a752dec9e4">
      <Execution id="59549ad3-b22b-4c59-b378-58a6463407da" />
      <TestMethod codeBase="/home/runner/work/dotnet-monorepo/dotnet-monorepo/src/artifacts/bin/Epubs.Tests/release_linux-x64/Epubs.Tests.dll" adapterTypeName="executor://mstestadapter/v2" className="Epubs.Tests.WriterTests.PackageDocumentTests.ManifestTests" name="TestAddItemToManifest" />
    </UnitTest>
    <UnitTest name="TestAddLeftToRight (Epub3,&quot;epub3_ltr.opf&quot;)" storage="/home/runner/work/dotnet-monorepo/dotnet-monorepo/src/artifacts/bin/epubs.tests/release_linux-x64/epubs.tests.dll" id="b00da7e2-1034-9a94-bdb6-4d0dec2ca4dd">
      <Execution id="8e184b83-20e6-44f4-851e-f9a3e043dd17" />
      <TestMethod codeBase="/home/runner/work/dotnet-monorepo/dotnet-monorepo/src/artifacts/bin/Epubs.Tests/release_linux-x64/Epubs.Tests.dll" adapterTypeName="executor://mstestadapter/v2" className="Epubs.Tests.WriterTests.PackageDocumentTests.SpineTests" name="TestAddLeftToRight" />
    </UnitTest>
    <UnitTest name="TestAddItemToManifest (Epub2,&quot;cover.jpg&quot;,&quot;cover-image&quot;,&quot;cover-id&quot;,&quot;epub2_properties_id.opf&quot;)" storage="/home/runner/work/dotnet-monorepo/dotnet-monorepo/src/artifacts/bin/epubs.tests/release_linux-x64/epubs.tests.dll" id="0979f8bb-ea3f-cc84-8b49-708bff499cd7">
      <Execution id="6f443239-f79d-4343-aebf-edfefed08f5a" />
      <TestMethod codeBase="/home/runner/work/dotnet-monorepo/dotnet-monorepo/src/artifacts/bin/Epubs.Tests/release_linux-x64/Epubs.Tests.dll" adapterTypeName="executor://mstestadapter/v2" className="Epubs.Tests.WriterTests.PackageDocumentTests.ManifestTests" name="TestAddItemToManifest" />
    </UnitTest>
    <UnitTest name="TestAddCreator (Epub2,[&quot;aut&quot;,&quot;ill&quot;],&quot;epub2_two_roles.opf&quot;)" storage="/home/runner/work/dotnet-monorepo/dotnet-monorepo/src/artifacts/bin/epubs.tests/release_linux-x64/epubs.tests.dll" id="e6a52e6f-b4f1-a194-00bd-8dca39600023">
      <Execution id="62a32e3b-ce99-4cb1-a69e-d1408c413644" />
      <TestMethod codeBase="/home/runner/work/dotnet-monorepo/dotnet-monorepo/src/artifacts/bin/Epubs.Tests/release_linux-x64/Epubs.Tests.dll" adapterTypeName="executor://mstestadapter/v2" className="Epubs.Tests.WriterTests.PackageDocumentTests.MetadataTests" name="TestAddCreator" />
    </UnitTest>
    <UnitTest name="TestAddCreator (Epub3,[&quot;aut&quot;,&quot;ill&quot;],&quot;epub3_two_roles.opf&quot;)" storage="/home/runner/work/dotnet-monorepo/dotnet-monorepo/src/artifacts/bin/epubs.tests/release_linux-x64/epubs.tests.dll" id="3f9f394b-3398-3cc3-37cc-56417e5a89b6">
      <Execution id="e140ef9a-ab49-4989-8285-dd9865621ba7" />
      <TestMethod codeBase="/home/runner/work/dotnet-monorepo/dotnet-monorepo/src/artifacts/bin/Epubs.Tests/release_linux-x64/Epubs.Tests.dll" adapterTypeName="executor://mstestadapter/v2" className="Epubs.Tests.WriterTests.PackageDocumentTests.MetadataTests" name="TestAddCreator" />
    </UnitTest>
    <UnitTest name="TestAddLanguage (Epub3)" storage="/home/runner/work/dotnet-monorepo/dotnet-monorepo/src/artifacts/bin/epubs.tests/release_linux-x64/epubs.tests.dll" id="265f5716-a8e8-4a3d-7578-667e80e2b50e">
      <Execution id="aa0dba28-d88e-4c62-9aff-cd2c19e72c54" />
      <TestMethod codeBase="/home/runner/work/dotnet-monorepo/dotnet-monorepo/src/artifacts/bin/Epubs.Tests/release_linux-x64/Epubs.Tests.dll" adapterTypeName="executor://mstestadapter/v2" className="Epubs.Tests.WriterTests.PackageDocumentTests.MetadataTests" name="TestAddLanguage" />
    </UnitTest>
    <UnitTest name="TestAddNavItem (Epub3)" storage="/home/runner/work/dotnet-monorepo/dotnet-monorepo/src/artifacts/bin/epubs.tests/release_linux-x64/epubs.tests.dll" id="c0800344-f0ec-fd64-7ee2-f71e18c8af14">
      <Execution id="bc273b12-3156-444e-82df-a210b354ac14" />
      <TestMethod codeBase="/home/runner/work/dotnet-monorepo/dotnet-monorepo/src/artifacts/bin/Epubs.Tests/release_linux-x64/Epubs.Tests.dll" adapterTypeName="executor://mstestadapter/v2" className="Epubs.Tests.WriterTests.NavigationTests.NavigationDocumentTests" name="TestAddNavItem" />
    </UnitTest>
    <UnitTest name="TestAddNavItem (Epub2)" storage="/home/runner/work/dotnet-monorepo/dotnet-monorepo/src/artifacts/bin/epubs.tests/release_linux-x64/epubs.tests.dll" id="693b69fd-81f0-56fd-8f17-ee56b4f8d96d">
      <Execution id="d46862c7-1659-4cc7-8829-1f1e1b3b7d90" />
      <TestMethod codeBase="/home/runner/work/dotnet-monorepo/dotnet-monorepo/src/artifacts/bin/Epubs.Tests/release_linux-x64/Epubs.Tests.dll" adapterTypeName="executor://mstestadapter/v2" className="Epubs.Tests.WriterTests.NavigationTests.NcxTests" name="TestAddNavItem" />
    </UnitTest>
    <UnitTest name="TestAddLanguage (Epub2)" storage="/home/runner/work/dotnet-monorepo/dotnet-monorepo/src/artifacts/bin/epubs.tests/release_linux-x64/epubs.tests.dll" id="713cc4f0-5833-4981-89c3-33f67d49e215">
      <Execution id="ca4298b3-31d2-4847-b3a6-24da91c13944" />
      <TestMethod codeBase="/home/runner/work/dotnet-monorepo/dotnet-monorepo/src/artifacts/bin/Epubs.Tests/release_linux-x64/Epubs.Tests.dll" adapterTypeName="executor://mstestadapter/v2" className="Epubs.Tests.WriterTests.PackageDocumentTests.MetadataTests" name="TestAddLanguage" />
    </UnitTest>
    <UnitTest name="TestAddIdentifier (Epub3)" storage="/home/runner/work/dotnet-monorepo/dotnet-monorepo/src/artifacts/bin/epubs.tests/release_linux-x64/epubs.tests.dll" id="10c6e40c-daca-4950-6019-a3a7ec88eb82">
      <Execution id="832b9a7e-b2ca-414b-a3f9-7d5b8334bcd9" />
      <TestMethod codeBase="/home/runner/work/dotnet-monorepo/dotnet-monorepo/src/artifacts/bin/Epubs.Tests/release_linux-x64/Epubs.Tests.dll" adapterTypeName="executor://mstestadapter/v2" className="Epubs.Tests.WriterTests.NavigationTests.NcxTests" name="TestAddIdentifier" />
    </UnitTest>
    <UnitTest name="TestGetContainerXmlDocument (Epub2)" storage="/home/runner/work/dotnet-monorepo/dotnet-monorepo/src/artifacts/bin/epubs.tests/release_linux-x64/epubs.tests.dll" id="4560ec12-e47b-78e1-23c7-f98e322348ee">
      <Execution id="5565582a-390a-44b9-9df0-3b6510e54c26" />
      <TestMethod codeBase="/home/runner/work/dotnet-monorepo/dotnet-monorepo/src/artifacts/bin/Epubs.Tests/release_linux-x64/Epubs.Tests.dll" adapterTypeName="executor://mstestadapter/v2" className="Epubs.Tests.WriterTests.MetaInfTests.ContainerXmlTests" name="TestGetContainerXmlDocument" />
    </UnitTest>
    <UnitTest name="TestAddRightToLeft (Epub2,&quot;epub2_rtl.opf&quot;)" storage="/home/runner/work/dotnet-monorepo/dotnet-monorepo/src/artifacts/bin/epubs.tests/release_linux-x64/epubs.tests.dll" id="40fccafb-603f-db2e-52f5-0e6854d614d2">
      <Execution id="38928414-e3ae-4534-aa65-12553e12942f" />
      <TestMethod codeBase="/home/runner/work/dotnet-monorepo/dotnet-monorepo/src/artifacts/bin/Epubs.Tests/release_linux-x64/Epubs.Tests.dll" adapterTypeName="executor://mstestadapter/v2" className="Epubs.Tests.WriterTests.PackageDocumentTests.SpineTests" name="TestAddRightToLeft" />
    </UnitTest>
    <UnitTest name="TestAddNavItem (Epub2)" storage="/home/runner/work/dotnet-monorepo/dotnet-monorepo/src/artifacts/bin/epubs.tests/release_linux-x64/epubs.tests.dll" id="3f3cfbdc-7778-44fe-127e-9e051a2f1aa2">
      <Execution id="4b8125c5-d9ac-49db-9e67-2a7621d0d6cc" />
      <TestMethod codeBase="/home/runner/work/dotnet-monorepo/dotnet-monorepo/src/artifacts/bin/Epubs.Tests/release_linux-x64/Epubs.Tests.dll" adapterTypeName="executor://mstestadapter/v2" className="Epubs.Tests.WriterTests.NavigationTests.NavigationDocumentTests" name="TestAddNavItem" />
    </UnitTest>
    <UnitTest name="TestAddTitle (Epub2)" storage="/home/runner/work/dotnet-monorepo/dotnet-monorepo/src/artifacts/bin/epubs.tests/release_linux-x64/epubs.tests.dll" id="5d4d5230-0e25-87c0-4af6-2de9a7c4c4a1">
      <Execution id="9eb5b39e-ecff-4567-8b3d-c5e1a3f7e45e" />
      <TestMethod codeBase="/home/runner/work/dotnet-monorepo/dotnet-monorepo/src/artifacts/bin/Epubs.Tests/release_linux-x64/Epubs.Tests.dll" adapterTypeName="executor://mstestadapter/v2" className="Epubs.Tests.WriterTests.NavigationTests.NcxTests" name="TestAddTitle" />
    </UnitTest>
    <UnitTest name="TestAddCreator (Epub2,[],&quot;epub2_no_roles.opf&quot;)" storage="/home/runner/work/dotnet-monorepo/dotnet-monorepo/src/artifacts/bin/epubs.tests/release_linux-x64/epubs.tests.dll" id="415fc078-5627-2006-e301-3bb2cb96ae2b">
      <Execution id="992722f3-aa37-4721-b481-f17715f4ff69" />
      <TestMethod codeBase="/home/runner/work/dotnet-monorepo/dotnet-monorepo/src/artifacts/bin/Epubs.Tests/release_linux-x64/Epubs.Tests.dll" adapterTypeName="executor://mstestadapter/v2" className="Epubs.Tests.WriterTests.PackageDocumentTests.MetadataTests" name="TestAddCreator" />
    </UnitTest>
    <UnitTest name="TestAddDate (Epub2)" storage="/home/runner/work/dotnet-monorepo/dotnet-monorepo/src/artifacts/bin/epubs.tests/release_linux-x64/epubs.tests.dll" id="cec8e838-5451-2a86-db1e-5de14ad9804c">
      <Execution id="05378eb1-5c90-4173-bd98-a11648ac2dc6" />
      <TestMethod codeBase="/home/runner/work/dotnet-monorepo/dotnet-monorepo/src/artifacts/bin/Epubs.Tests/release_linux-x64/Epubs.Tests.dll" adapterTypeName="executor://mstestadapter/v2" className="Epubs.Tests.WriterTests.PackageDocumentTests.MetadataTests" name="TestAddDate" />
    </UnitTest>
    <UnitTest name="TestAddNavItem (Epub3)" storage="/home/runner/work/dotnet-monorepo/dotnet-monorepo/src/artifacts/bin/epubs.tests/release_linux-x64/epubs.tests.dll" id="04965b1d-7fcd-a172-3bd8-f962f6396ef1">
      <Execution id="f9fbd219-71cd-4fb4-b573-eb331ecdb040" />
      <TestMethod codeBase="/home/runner/work/dotnet-monorepo/dotnet-monorepo/src/artifacts/bin/Epubs.Tests/release_linux-x64/Epubs.Tests.dll" adapterTypeName="executor://mstestadapter/v2" className="Epubs.Tests.WriterTests.NavigationTests.NcxTests" name="TestAddNavItem" />
    </UnitTest>
    <UnitTest name="TestAddPrePaginated (Epub2)" storage="/home/runner/work/dotnet-monorepo/dotnet-monorepo/src/artifacts/bin/epubs.tests/release_linux-x64/epubs.tests.dll" id="49fbec17-8a99-3521-2b8d-bc34471c898c">
      <Execution id="5351be38-ead2-4b77-a3c3-97df021f81b7" />
      <TestMethod codeBase="/home/runner/work/dotnet-monorepo/dotnet-monorepo/src/artifacts/bin/Epubs.Tests/release_linux-x64/Epubs.Tests.dll" adapterTypeName="executor://mstestadapter/v2" className="Epubs.Tests.WriterTests.PackageDocumentTests.MetadataTests" name="TestAddPrePaginated" />
    </UnitTest>
    <UnitTest name="TestAddItemToLandmarks (Epub3)" storage="/home/runner/work/dotnet-monorepo/dotnet-monorepo/src/artifacts/bin/epubs.tests/release_linux-x64/epubs.tests.dll" id="5a4b4514-f7a8-ec80-0b2e-cc4f1e3225c9">
      <Execution id="28769502-0f60-429d-b045-a88a7b31b471" />
      <TestMethod codeBase="/home/runner/work/dotnet-monorepo/dotnet-monorepo/src/artifacts/bin/Epubs.Tests/release_linux-x64/Epubs.Tests.dll" adapterTypeName="executor://mstestadapter/v2" className="Epubs.Tests.WriterTests.NavigationTests.NavigationDocumentTests" name="TestAddItemToLandmarks" />
    </UnitTest>
    <UnitTest name="TestAddNcx (Epub2,&quot;epub2_ncx.opf&quot;)" storage="/home/runner/work/dotnet-monorepo/dotnet-monorepo/src/artifacts/bin/epubs.tests/release_linux-x64/epubs.tests.dll" id="99564a9c-de8e-bba7-fce2-1855da9f00d6">
      <Execution id="f83ceb5c-0cf7-4ebf-ae80-87cc54a1816a" />
      <TestMethod codeBase="/home/runner/work/dotnet-monorepo/dotnet-monorepo/src/artifacts/bin/Epubs.Tests/release_linux-x64/Epubs.Tests.dll" adapterTypeName="executor://mstestadapter/v2" className="Epubs.Tests.WriterTests.PackageDocumentTests.SpineTests" name="TestAddNcx" />
    </UnitTest>
    <UnitTest name="TestGetContainerXmlDocument (Epub3)" storage="/home/runner/work/dotnet-monorepo/dotnet-monorepo/src/artifacts/bin/epubs.tests/release_linux-x64/epubs.tests.dll" id="8a1e305d-837e-e2ab-0677-efc86659bf91">
      <Execution id="bc9ea850-f254-4954-a334-c8e7fa826207" />
      <TestMethod codeBase="/home/runner/work/dotnet-monorepo/dotnet-monorepo/src/artifacts/bin/Epubs.Tests/release_linux-x64/Epubs.Tests.dll" adapterTypeName="executor://mstestadapter/v2" className="Epubs.Tests.WriterTests.MetaInfTests.ContainerXmlTests" name="TestGetContainerXmlDocument" />
    </UnitTest>
    <UnitTest name="TestAddCreator (Epub2,[&quot;aut&quot;],&quot;epub2_one_role.opf&quot;)" storage="/home/runner/work/dotnet-monorepo/dotnet-monorepo/src/artifacts/bin/epubs.tests/release_linux-x64/epubs.tests.dll" id="78e4846a-98ff-e3e6-be1b-f68ce6653ef7">
      <Execution id="c3fc9cf4-750d-412b-8ae8-9e643babbe01" />
      <TestMethod codeBase="/home/runner/work/dotnet-monorepo/dotnet-monorepo/src/artifacts/bin/Epubs.Tests/release_linux-x64/Epubs.Tests.dll" adapterTypeName="executor://mstestadapter/v2" className="Epubs.Tests.WriterTests.PackageDocumentTests.MetadataTests" name="TestAddCreator" />
    </UnitTest>
    <UnitTest name="TestAddIdentifier (Epub2)" storage="/home/runner/work/dotnet-monorepo/dotnet-monorepo/src/artifacts/bin/epubs.tests/release_linux-x64/epubs.tests.dll" id="594caead-0457-af95-78db-f11df6a0960a">
      <Execution id="8c38254f-1442-4a83-87b7-149529113365" />
      <TestMethod codeBase="/home/runner/work/dotnet-monorepo/dotnet-monorepo/src/artifacts/bin/Epubs.Tests/release_linux-x64/Epubs.Tests.dll" adapterTypeName="executor://mstestadapter/v2" className="Epubs.Tests.WriterTests.NavigationTests.NcxTests" name="TestAddIdentifier" />
    </UnitTest>
    <UnitTest name="TestAddIdentifier (Epub2)" storage="/home/runner/work/dotnet-monorepo/dotnet-monorepo/src/artifacts/bin/epubs.tests/release_linux-x64/epubs.tests.dll" id="8d1ae0de-2769-faaf-9dcf-e6f047c0d5f3">
      <Execution id="dfb9f7f6-707b-4a60-94f3-4d31c1620e39" />
      <TestMethod codeBase="/home/runner/work/dotnet-monorepo/dotnet-monorepo/src/artifacts/bin/Epubs.Tests/release_linux-x64/Epubs.Tests.dll" adapterTypeName="executor://mstestadapter/v2" className="Epubs.Tests.WriterTests.PackageDocumentTests.MetadataTests" name="TestAddIdentifier" />
    </UnitTest>
    <UnitTest name="TestAddTitle (Epub2)" storage="/home/runner/work/dotnet-monorepo/dotnet-monorepo/src/artifacts/bin/epubs.tests/release_linux-x64/epubs.tests.dll" id="b3961dcc-7a38-2113-9639-b9147b073687">
      <Execution id="cd6a118b-0f67-4b3a-bebe-609ece18faa0" />
      <TestMethod codeBase="/home/runner/work/dotnet-monorepo/dotnet-monorepo/src/artifacts/bin/Epubs.Tests/release_linux-x64/Epubs.Tests.dll" adapterTypeName="executor://mstestadapter/v2" className="Epubs.Tests.WriterTests.PackageDocumentTests.MetadataTests" name="TestAddTitle" />
    </UnitTest>
    <UnitTest name="TestAddItemToLandmarks (Epub2)" storage="/home/runner/work/dotnet-monorepo/dotnet-monorepo/src/artifacts/bin/epubs.tests/release_linux-x64/epubs.tests.dll" id="de5c320f-e3e6-6348-70fb-6545025c4cd1">
      <Execution id="22b4ad59-f894-4425-96c9-e37174f7eb64" />
      <TestMethod codeBase="/home/runner/work/dotnet-monorepo/dotnet-monorepo/src/artifacts/bin/Epubs.Tests/release_linux-x64/Epubs.Tests.dll" adapterTypeName="executor://mstestadapter/v2" className="Epubs.Tests.WriterTests.NavigationTests.NavigationDocumentTests" name="TestAddItemToLandmarks" />
    </UnitTest>
    <UnitTest name="TestAddTitle (Epub3)" storage="/home/runner/work/dotnet-monorepo/dotnet-monorepo/src/artifacts/bin/epubs.tests/release_linux-x64/epubs.tests.dll" id="e0b26bfd-5e10-47a7-5708-ed4ae0f6f17a">
      <Execution id="7176ed9f-75c5-46b4-9b1c-acf339c51434" />
      <TestMethod codeBase="/home/runner/work/dotnet-monorepo/dotnet-monorepo/src/artifacts/bin/Epubs.Tests/release_linux-x64/Epubs.Tests.dll" adapterTypeName="executor://mstestadapter/v2" className="Epubs.Tests.WriterTests.NavigationTests.NcxTests" name="TestAddTitle" />
    </UnitTest>
  </TestDefinitions>
  <TestEntries>
    <TestEntry testId="410eac8a-445b-ddc0-5763-81a3a18c8bb9" executionId="75c73011-73bd-43ec-acbe-5ee90075f90c" testListId="8c84fa94-04c1-424b-9868-57a2d4851a1d" />
    <TestEntry testId="713cc4f0-5833-4981-89c3-33f67d49e215" executionId="ca4298b3-31d2-4847-b3a6-24da91c13944" testListId="8c84fa94-04c1-424b-9868-57a2d4851a1d" />
    <TestEntry testId="dfff1bb5-cf96-7b7e-3f4f-13e2e3d017dd" executionId="7c16d2f6-a8fb-445b-8f40-e42415941b26" testListId="8c84fa94-04c1-424b-9868-57a2d4851a1d" />
    <TestEntry testId="924b8454-c381-318c-99e1-35856fc01e42" executionId="a3285c17-0654-4bca-8fba-fd3162cdfd67" testListId="8c84fa94-04c1-424b-9868-57a2d4851a1d" />
    <TestEntry testId="265f5716-a8e8-4a3d-7578-667e80e2b50e" executionId="aa0dba28-d88e-4c62-9aff-cd2c19e72c54" testListId="8c84fa94-04c1-424b-9868-57a2d4851a1d" />
    <TestEntry testId="de5c320f-e3e6-6348-70fb-6545025c4cd1" executionId="22b4ad59-f894-4425-96c9-e37174f7eb64" testListId="8c84fa94-04c1-424b-9868-57a2d4851a1d" />
    <TestEntry testId="e6a52e6f-b4f1-a194-00bd-8dca39600023" executionId="62a32e3b-ce99-4cb1-a69e-d1408c413644" testListId="8c84fa94-04c1-424b-9868-57a2d4851a1d" />
    <TestEntry testId="99a6b07e-6c4a-175c-f49d-3d815f9e4c5a" executionId="bf1c2bc0-e714-4650-bded-eda05b95f86e" testListId="8c84fa94-04c1-424b-9868-57a2d4851a1d" />
    <TestEntry testId="5d4d5230-0e25-87c0-4af6-2de9a7c4c4a1" executionId="9eb5b39e-ecff-4567-8b3d-c5e1a3f7e45e" testListId="8c84fa94-04c1-424b-9868-57a2d4851a1d" />
    <TestEntry testId="8c9e771c-c83f-550a-cb50-0b2a7179104c" executionId="00271e07-6358-4a3f-a60d-371f86c9c1ff" testListId="8c84fa94-04c1-424b-9868-57a2d4851a1d" />
    <TestEntry testId="1994ae24-05cd-3449-cbf7-9654aa01ed73" executionId="1978a0aa-874a-4558-ad36-e780f7a72298" testListId="8c84fa94-04c1-424b-9868-57a2d4851a1d" />
    <TestEntry testId="b9126755-0e48-3338-5d7f-d91de59b1147" executionId="fe7344a6-bbf0-408d-871c-0cff4f5b694d" testListId="8c84fa94-04c1-424b-9868-57a2d4851a1d" />
    <TestEntry testId="40fccafb-603f-db2e-52f5-0e6854d614d2" executionId="38928414-e3ae-4534-aa65-12553e12942f" testListId="8c84fa94-04c1-424b-9868-57a2d4851a1d" />
    <TestEntry testId="96bd8760-c7b7-81b8-4f89-ec6ccc94ca0b" executionId="06b133fa-160d-44dd-805f-d99d8a9779c6" testListId="8c84fa94-04c1-424b-9868-57a2d4851a1d" />
    <TestEntry testId="ccd4c932-333c-882b-c126-06d1ad778550" executionId="b30d9fcc-0c14-465f-9972-d293781dacb0" testListId="8c84fa94-04c1-424b-9868-57a2d4851a1d" />
    <TestEntry testId="0979f8bb-ea3f-cc84-8b49-708bff499cd7" executionId="6f443239-f79d-4343-aebf-edfefed08f5a" testListId="8c84fa94-04c1-424b-9868-57a2d4851a1d" />
    <TestEntry testId="b3961dcc-7a38-2113-9639-b9147b073687" executionId="cd6a118b-0f67-4b3a-bebe-609ece18faa0" testListId="8c84fa94-04c1-424b-9868-57a2d4851a1d" />
    <TestEntry testId="10c6e40c-daca-4950-6019-a3a7ec88eb82" executionId="832b9a7e-b2ca-414b-a3f9-7d5b8334bcd9" testListId="8c84fa94-04c1-424b-9868-57a2d4851a1d" />
    <TestEntry testId="44da78d8-904e-d616-f174-2b6a9767cdcb" executionId="1625f8c4-1fcd-4686-8d59-2adb816f9dcd" testListId="8c84fa94-04c1-424b-9868-57a2d4851a1d" />
    <TestEntry testId="b00da7e2-1034-9a94-bdb6-4d0dec2ca4dd" executionId="8e184b83-20e6-44f4-851e-f9a3e043dd17" testListId="8c84fa94-04c1-424b-9868-57a2d4851a1d" />
    <TestEntry testId="99564a9c-de8e-bba7-fce2-1855da9f00d6" executionId="f83ceb5c-0cf7-4ebf-ae80-87cc54a1816a" testListId="8c84fa94-04c1-424b-9868-57a2d4851a1d" />
    <TestEntry testId="594caead-0457-af95-78db-f11df6a0960a" executionId="8c38254f-1442-4a83-87b7-149529113365" testListId="8c84fa94-04c1-424b-9868-57a2d4851a1d" />
    <TestEntry testId="59a57370-8637-253e-de19-a484c9442cbd" executionId="7d7b7898-bf53-49ea-bb65-a10078c73d7c" testListId="8c84fa94-04c1-424b-9868-57a2d4851a1d" />
    <TestEntry testId="e0b26bfd-5e10-47a7-5708-ed4ae0f6f17a" executionId="7176ed9f-75c5-46b4-9b1c-acf339c51434" testListId="8c84fa94-04c1-424b-9868-57a2d4851a1d" />
    <TestEntry testId="e4cbb751-c512-8650-1a17-2e8ac57a05f2" executionId="8cff19a5-7594-4630-aee3-ea4c75736edd" testListId="8c84fa94-04c1-424b-9868-57a2d4851a1d" />
    <TestEntry testId="fa860a25-9f76-25a8-9a76-b7824318caf2" executionId="27a9a8b7-bbf2-4e0d-ba06-8c4db6a15908" testListId="8c84fa94-04c1-424b-9868-57a2d4851a1d" />
    <TestEntry testId="d677c7f0-fd98-db4b-f256-9d5a40eeb450" executionId="bbac1572-580a-41f6-8507-9efbb480d459" testListId="8c84fa94-04c1-424b-9868-57a2d4851a1d" />
    <TestEntry testId="55b94eb4-b768-e9e6-66cb-0b4726f406c0" executionId="f998fef9-981a-48e8-bfd0-7a4e9fe60cb1" testListId="8c84fa94-04c1-424b-9868-57a2d4851a1d" />
    <TestEntry testId="8d1ae0de-2769-faaf-9dcf-e6f047c0d5f3" executionId="dfb9f7f6-707b-4a60-94f3-4d31c1620e39" testListId="8c84fa94-04c1-424b-9868-57a2d4851a1d" />
    <TestEntry testId="c0800344-f0ec-fd64-7ee2-f71e18c8af14" executionId="bc273b12-3156-444e-82df-a210b354ac14" testListId="8c84fa94-04c1-424b-9868-57a2d4851a1d" />
    <TestEntry testId="c70cdfcc-fe0e-0a22-3f91-3f78bf225323" executionId="ba5cac3e-7da4-4fea-a8ff-0719c26e9173" testListId="8c84fa94-04c1-424b-9868-57a2d4851a1d" />
    <TestEntry testId="c721fbc4-4b7f-c0df-d55e-177b347e9a92" executionId="80764364-f09d-4871-80a2-5f6987d53635" testListId="8c84fa94-04c1-424b-9868-57a2d4851a1d" />
    <TestEntry testId="3f9f394b-3398-3cc3-37cc-56417e5a89b6" executionId="e140ef9a-ab49-4989-8285-dd9865621ba7" testListId="8c84fa94-04c1-424b-9868-57a2d4851a1d" />
    <TestEntry testId="89814799-e32a-55bb-8345-b24b3f8784f3" executionId="20f29a06-e622-4dea-9b4e-e20309ab8367" testListId="8c84fa94-04c1-424b-9868-57a2d4851a1d" />
    <TestEntry testId="8a1e305d-837e-e2ab-0677-efc86659bf91" executionId="bc9ea850-f254-4954-a334-c8e7fa826207" testListId="8c84fa94-04c1-424b-9868-57a2d4851a1d" />
    <TestEntry testId="f188e44f-a366-01fc-679d-e6a774f27a0b" executionId="66935c06-17c6-4f94-a242-53fc6dfb8b96" testListId="8c84fa94-04c1-424b-9868-57a2d4851a1d" />
    <TestEntry testId="693b69fd-81f0-56fd-8f17-ee56b4f8d96d" executionId="d46862c7-1659-4cc7-8829-1f1e1b3b7d90" testListId="8c84fa94-04c1-424b-9868-57a2d4851a1d" />
    <TestEntry testId="04965b1d-7fcd-a172-3bd8-f962f6396ef1" executionId="f9fbd219-71cd-4fb4-b573-eb331ecdb040" testListId="8c84fa94-04c1-424b-9868-57a2d4851a1d" />
    <TestEntry testId="3f3cfbdc-7778-44fe-127e-9e051a2f1aa2" executionId="4b8125c5-d9ac-49db-9e67-2a7621d0d6cc" testListId="8c84fa94-04c1-424b-9868-57a2d4851a1d" />
    <TestEntry testId="cec8e838-5451-2a86-db1e-5de14ad9804c" executionId="05378eb1-5c90-4173-bd98-a11648ac2dc6" testListId="8c84fa94-04c1-424b-9868-57a2d4851a1d" />
    <TestEntry testId="4560ec12-e47b-78e1-23c7-f98e322348ee" executionId="5565582a-390a-44b9-9df0-3b6510e54c26" testListId="8c84fa94-04c1-424b-9868-57a2d4851a1d" />
    <TestEntry testId="78e4846a-98ff-e3e6-be1b-f68ce6653ef7" executionId="c3fc9cf4-750d-412b-8ae8-9e643babbe01" testListId="8c84fa94-04c1-424b-9868-57a2d4851a1d" />
    <TestEntry testId="5a4b4514-f7a8-ec80-0b2e-cc4f1e3225c9" executionId="28769502-0f60-429d-b045-a88a7b31b471" testListId="8c84fa94-04c1-424b-9868-57a2d4851a1d" />
    <TestEntry testId="a1bdf61b-cabc-642a-7abf-89a752dec9e4" executionId="59549ad3-b22b-4c59-b378-58a6463407da" testListId="8c84fa94-04c1-424b-9868-57a2d4851a1d" />
    <TestEntry testId="6191621d-615a-32f8-fd79-90783c02b94b" executionId="9e410e98-6e77-42ff-ad90-a24d170366bc" testListId="8c84fa94-04c1-424b-9868-57a2d4851a1d" />
    <TestEntry testId="49fbec17-8a99-3521-2b8d-bc34471c898c" executionId="5351be38-ead2-4b77-a3c3-97df021f81b7" testListId="8c84fa94-04c1-424b-9868-57a2d4851a1d" />
    <TestEntry testId="415fc078-5627-2006-e301-3bb2cb96ae2b" executionId="992722f3-aa37-4721-b481-f17715f4ff69" testListId="8c84fa94-04c1-424b-9868-57a2d4851a1d" />
    <TestEntry testId="9df8c1b1-aaf4-5545-12dd-5ce8d49b25cf" executionId="b1651dbf-b330-4062-9e81-44ad8fe9cde1" testListId="8c84fa94-04c1-424b-9868-57a2d4851a1d" />
  </TestEntries>
  <TestLists>
    <TestList name="Results Not in a List" id="8c84fa94-04c1-424b-9868-57a2d4851a1d" />
    <TestList name="All Loaded Results" id="19431567-8539-422a-85d7-44ee4e166bda" />
  </TestLists>
  <ResultSummary outcome="Completed">
    <Counters total="48" executed="48" passed="48" failed="0" error="0" timeout="0" aborted="0" inconclusive="0" passedButRunAborted="0" notRunnable="0" notExecuted="0" disconnected="0" warning="0" completed="0" inProgress="0" pending="0" />
  </ResultSummary>
</TestRun>