<?xml version="1.0" encoding="utf-8"?>
<TestRun id="48d36d08-ef7a-4845-b513-238bfc582dd8" name="runneradmin@runnervmxfv8o 2026-01-25 21:40:19" runUser="runnervmxfv8o\runneradmin" xmlns="http://microsoft.com/schemas/VisualStudio/TeamTest/2010">
  <Times creation="2026-01-25T21:40:19.0302678+00:00" queuing="2026-01-25T21:40:19.0302679+00:00" start="2026-01-25T21:40:18.3254906+00:00" finish="2026-01-25T21:40:19.0626652+00:00" />
  <TestSettings name="default" id="f420fa68-dc7f-4842-810d-bb6f8e05ee2b">
    <Deployment runDeploymentRoot="runneradmin_runnervmxfv8o_2026-01-25_21_40_19" />
  </TestSettings>
  <Results>
    <UnitTestResult executionId="446a4738-15b4-48f7-bf1b-eed69b47ce65" testId="1a345c8d-995f-8793-99d4-429781ba1d3d" testName="TestConvertRelativeAnchorHref (&quot;test.html#id&quot;,&quot;test.xhtml#id&quot;)" computerName="runnervmxfv8o" duration="00:00:00.0001515" startTime="2026-01-25T21:40:18.9617971+00:00" endTime="2026-01-25T21:40:18.9619923+00:00" testType="13cdc9d9-ddb5-4fa4-a97d-d965ccfc6d4b" outcome="Passed" testListId="8c84fa94-04c1-424b-9868-57a2d4851a1d" relativeResultsDirectory="446a4738-15b4-48f7-bf1b-eed69b47ce65" />
    <UnitTestResult executionId="9a3cfa42-5d3b-48ea-a0af-80c53b2a03ae" testId="1df9ce9e-da7d-8382-80f7-2626f3048fbd" testName="TestConvertRelativeAnchorHref (&quot;#id&quot;,&quot;#id&quot;)" computerName="runnervmxfv8o" duration="00:00:00.0001459" startTime="2026-01-25T21:40:18.9908662+00:00" endTime="2026-01-25T21:40:18.9920182+00:00" testType="13cdc9d9-ddb5-4fa4-a97d-d965ccfc6d4b" outcome="Passed" testListId="8c84fa94-04c1-424b-9868-57a2d4851a1d" relativeResultsDirectory="9a3cfa42-5d3b-48ea-a0af-80c53b2a03ae" />
    <UnitTestResult executionId="86a75774-14b2-4667-a3a5-a51b557bd983" testId="157f72bb-8a23-803e-bb83-f1b9f6c051f1" testName="TestConvertRelativeAnchorHref (&quot;a.b#id&quot;,&quot;a.b.xhtml#id&quot;)" computerName="runnervmxfv8o" duration="00:00:00.0001545" startTime="2026-01-25T21:40:18.9906540+00:00" endTime="2026-01-25T21:40:18.9908499+00:00" testType="13cdc9d9-ddb5-4fa4-a97d-d965ccfc6d4b" outcome="Passed" testListId="8c84fa94-04c1-424b-9868-57a2d4851a1d" relativeResultsDirectory="86a75774-14b2-4667-a3a5-a51b557bd983" />
    <UnitTestResult executionId="321c67ae-d0ad-47f8-a1f3-2c34ea6c1198" testId="1b284f47-8e42-8c24-84f7-f9272c756a26" testName="TestConvertRelativeAnchorHref (&quot;test.txt#id&quot;,&quot;test.xhtml#id&quot;)" computerName="runnervmxfv8o" duration="00:00:00.0001482" startTime="2026-01-25T21:40:18.9621799+00:00" endTime="2026-01-25T21:40:18.9623819+00:00" testType="13cdc9d9-ddb5-4fa4-a97d-d965ccfc6d4b" outcome="Passed" testListId="8c84fa94-04c1-424b-9868-57a2d4851a1d" relativeResultsDirectory="321c67ae-d0ad-47f8-a1f3-2c34ea6c1198" />
    <UnitTestResult executionId="0450e24f-2ddc-42eb-b498-4f3d2dcf47c7" testId="1dce7417-a256-8114-b844-2bcac170d324" testName="TestConvertRelativeAnchorHref (&quot;test.html&quot;,&quot;test.xhtml&quot;)" computerName="runnervmxfv8o" duration="00:00:00.1172895" startTime="2026-01-25T21:40:18.8202962+00:00" endTime="2026-01-25T21:40:18.9549134+00:00" testType="13cdc9d9-ddb5-4fa4-a97d-d965ccfc6d4b" outcome="Passed" testListId="8c84fa94-04c1-424b-9868-57a2d4851a1d" relativeResultsDirectory="0450e24f-2ddc-42eb-b498-4f3d2dcf47c7" />
    <UnitTestResult executionId="9ae5aaaf-7360-49b5-b5d3-55aca4b11bea" testId="16b1ad70-dde2-881a-a898-34f1d755d99c" testName="TestConvertRelativeAnchorHref (&quot;test#id&quot;,&quot;test.xhtml#id&quot;)" computerName="runnervmxfv8o" duration="00:00:00.0001237" startTime="2026-01-25T21:40:18.9623977+00:00" endTime="2026-01-25T21:40:18.9625598+00:00" testType="13cdc9d9-ddb5-4fa4-a97d-d965ccfc6d4b" outcome="Passed" testListId="8c84fa94-04c1-424b-9868-57a2d4851a1d" relativeResultsDirectory="9ae5aaaf-7360-49b5-b5d3-55aca4b11bea" />
    <UnitTestResult executionId="8607878a-02cc-485b-a9c7-24d8e4f96ad6" testId="17c8acae-7254-8c54-8370-4bf280c0d308" testName="TestConvertRelativeAnchorHref (&quot;test&quot;,&quot;test.xhtml&quot;)" computerName="runnervmxfv8o" duration="00:00:00.0001255" startTime="2026-01-25T21:40:18.9614387+00:00" endTime="2026-01-25T21:40:18.9615966+00:00" testType="13cdc9d9-ddb5-4fa4-a97d-d965ccfc6d4b" outcome="Passed" testListId="8c84fa94-04c1-424b-9868-57a2d4851a1d" relativeResultsDirectory="8607878a-02cc-485b-a9c7-24d8e4f96ad6" />
    <UnitTestResult executionId="cdbe0277-d929-4d59-8be2-3409b6913cf8" testId="152eb5b1-acde-8c7f-ac48-7c30686525ce" testName="TestConvertRelativeAnchorHref (&quot;test.txt&quot;,&quot;test.xhtml&quot;)" computerName="runnervmxfv8o" duration="00:00:00.0002377" startTime="2026-01-25T21:40:18.9611371+00:00" endTime="2026-01-25T21:40:18.9614218+00:00" testType="13cdc9d9-ddb5-4fa4-a97d-d965ccfc6d4b" outcome="Passed" testListId="8c84fa94-04c1-424b-9868-57a2d4851a1d" relativeResultsDirectory="cdbe0277-d929-4d59-8be2-3409b6913cf8" />
    <UnitTestResult executionId="3491fc45-8095-4814-8265-8d89611bde4a" testId="1f2580c1-a323-80f9-8e86-13a1313e7c36" testName="TestConvertRelativeAnchorHref (&quot;test.md#id&quot;,&quot;test.xhtml#id&quot;)" computerName="runnervmxfv8o" duration="00:00:00.0001281" startTime="2026-01-25T21:40:18.9620077+00:00" endTime="2026-01-25T21:40:18.9621655+00:00" testType="13cdc9d9-ddb5-4fa4-a97d-d965ccfc6d4b" outcome="Passed" testListId="8c84fa94-04c1-424b-9868-57a2d4851a1d" relativeResultsDirectory="3491fc45-8095-4814-8265-8d89611bde4a" />
    <UnitTestResult executionId="000d1892-7ae0-4fe4-82aa-135c0463b697" testId="1a2a72ca-c499-8d36-b2a6-f613a8f48e24" testName="TestConvertRelativeAnchorHref (&quot;a.b&quot;,&quot;a.b.xhtml&quot;)" computerName="runnervmxfv8o" duration="00:00:00.0001349" startTime="2026-01-25T21:40:18.9616113+00:00" endTime="2026-01-25T21:40:18.9617823+00:00" testType="13cdc9d9-ddb5-4fa4-a97d-d965ccfc6d4b" outcome="Passed" testListId="8c84fa94-04c1-424b-9868-57a2d4851a1d" relativeResultsDirectory="000d1892-7ae0-4fe4-82aa-135c0463b697" />
    <UnitTestResult executionId="04d7637b-e036-45b9-bff7-309b278597c7" testId="10800500-0759-8438-8aaa-54cc590c8f85" testName="TestConvertRelativeAnchorHref (&quot;test.md&quot;,&quot;test.xhtml&quot;)" computerName="runnervmxfv8o" duration="00:00:00.0008679" startTime="2026-01-25T21:40:18.9595361+00:00" endTime="2026-01-25T21:40:18.9607791+00:00" testType="13cdc9d9-ddb5-4fa4-a97d-d965ccfc6d4b" outcome="Passed" testListId="8c84fa94-04c1-424b-9868-57a2d4851a1d" relativeResultsDirectory="04d7637b-e036-45b9-bff7-309b278597c7" />
  </Results>
  <TestDefinitions>
    <UnitTest name="TestConvertRelativeAnchorHref (&quot;test&quot;,&quot;test.xhtml&quot;)" storage="d:\a\dotnet-monorepo\dotnet-monorepo\src\artifacts\bin\epubproj.tests\release_win-x64\epubproj.tests.dll" id="17c8acae-7254-8c54-8370-4bf280c0d308">
      <Execution id="8607878a-02cc-485b-a9c7-24d8e4f96ad6" />
      <TestMethod codeBase="D:\a\dotnet-monorepo\dotnet-monorepo\src\artifacts\bin\EpubProj.Tests\release_win-x64\EpubProj.Tests.dll" adapterTypeName="executor://mstestadapter/v4" className="EpubProj.Tests.ConverterTests" name="TestConvertRelativeAnchorHref" />
    </UnitTest>
    <UnitTest name="TestConvertRelativeAnchorHref (&quot;a.b#id&quot;,&quot;a.b.xhtml#id&quot;)" storage="d:\a\dotnet-monorepo\dotnet-monorepo\src\artifacts\bin\epubproj.tests\release_win-x64\epubproj.tests.dll" id="157f72bb-8a23-803e-bb83-f1b9f6c051f1">
      <Execution id="86a75774-14b2-4667-a3a5-a51b557bd983" />
      <TestMethod codeBase="D:\a\dotnet-monorepo\dotnet-monorepo\src\artifacts\bin\EpubProj.Tests\release_win-x64\EpubProj.Tests.dll" adapterTypeName="executor://mstestadapter/v4" className="EpubProj.Tests.ConverterTests" name="TestConvertRelativeAnchorHref" />
    </UnitTest>
    <UnitTest name="TestConvertRelativeAnchorHref (&quot;a.b&quot;,&quot;a.b.xhtml&quot;)" storage="d:\a\dotnet-monorepo\dotnet-monorepo\src\artifacts\bin\epubproj.tests\release_win-x64\epubproj.tests.dll" id="1a2a72ca-c499-8d36-b2a6-f613a8f48e24">
      <Execution id="000d1892-7ae0-4fe4-82aa-135c0463b697" />
      <TestMethod codeBase="D:\a\dotnet-monorepo\dotnet-monorepo\src\artifacts\bin\EpubProj.Tests\release_win-x64\EpubProj.Tests.dll" adapterTypeName="executor://mstestadapter/v4" className="EpubProj.Tests.ConverterTests" name="TestConvertRelativeAnchorHref" />
    </UnitTest>
    <UnitTest name="TestConvertRelativeAnchorHref (&quot;test.txt&quot;,&quot;test.xhtml&quot;)" storage="d:\a\dotnet-monorepo\dotnet-monorepo\src\artifacts\bin\epubproj.tests\release_win-x64\epubproj.tests.dll" id="152eb5b1-acde-8c7f-ac48-7c30686525ce">
      <Execution id="cdbe0277-d929-4d59-8be2-3409b6913cf8" />
      <TestMethod codeBase="D:\a\dotnet-monorepo\dotnet-monorepo\src\artifacts\bin\EpubProj.Tests\release_win-x64\EpubProj.Tests.dll" adapterTypeName="executor://mstestadapter/v4" className="EpubProj.Tests.ConverterTests" name="TestConvertRelativeAnchorHref" />
    </UnitTest>
    <UnitTest name="TestConvertRelativeAnchorHref (&quot;test.md&quot;,&quot;test.xhtml&quot;)" storage="d:\a\dotnet-monorepo\dotnet-monorepo\src\artifacts\bin\epubproj.tests\release_win-x64\epubproj.tests.dll" id="10800500-0759-8438-8aaa-54cc590c8f85">
      <Execution id="04d7637b-e036-45b9-bff7-309b278597c7" />
      <TestMethod codeBase="D:\a\dotnet-monorepo\dotnet-monorepo\src\artifacts\bin\EpubProj.Tests\release_win-x64\EpubProj.Tests.dll" adapterTypeName="executor://mstestadapter/v4" className="EpubProj.Tests.ConverterTests" name="TestConvertRelativeAnchorHref" />
    </UnitTest>
    <UnitTest name="TestConvertRelativeAnchorHref (&quot;test.html&quot;,&quot;test.xhtml&quot;)" storage="d:\a\dotnet-monorepo\dotnet-monorepo\src\artifacts\bin\epubproj.tests\release_win-x64\epubproj.tests.dll" id="1dce7417-a256-8114-b844-2bcac170d324">
      <Execution id="0450e24f-2ddc-42eb-b498-4f3d2dcf47c7" />
      <TestMethod codeBase="D:\a\dotnet-monorepo\dotnet-monorepo\src\artifacts\bin\EpubProj.Tests\release_win-x64\EpubProj.Tests.dll" adapterTypeName="executor://mstestadapter/v4" className="EpubProj.Tests.ConverterTests" name="TestConvertRelativeAnchorHref" />
    </UnitTest>
    <UnitTest name="TestConvertRelativeAnchorHref (&quot;test.txt#id&quot;,&quot;test.xhtml#id&quot;)" storage="d:\a\dotnet-monorepo\dotnet-monorepo\src\artifacts\bin\epubproj.tests\release_win-x64\epubproj.tests.dll" id="1b284f47-8e42-8c24-84f7-f9272c756a26">
      <Execution id="321c67ae-d0ad-47f8-a1f3-2c34ea6c1198" />
      <TestMethod codeBase="D:\a\dotnet-monorepo\dotnet-monorepo\src\artifacts\bin\EpubProj.Tests\release_win-x64\EpubProj.Tests.dll" adapterTypeName="executor://mstestadapter/v4" className="EpubProj.Tests.ConverterTests" name="TestConvertRelativeAnchorHref" />
    </UnitTest>
    <UnitTest name="TestConvertRelativeAnchorHref (&quot;#id&quot;,&quot;#id&quot;)" storage="d:\a\dotnet-monorepo\dotnet-monorepo\src\artifacts\bin\epubproj.tests\release_win-x64\epubproj.tests.dll" id="1df9ce9e-da7d-8382-80f7-2626f3048fbd">
      <Execution id="9a3cfa42-5d3b-48ea-a0af-80c53b2a03ae" />
      <TestMethod codeBase="D:\a\dotnet-monorepo\dotnet-monorepo\src\artifacts\bin\EpubProj.Tests\release_win-x64\EpubProj.Tests.dll" adapterTypeName="executor://mstestadapter/v4" className="EpubProj.Tests.ConverterTests" name="TestConvertRelativeAnchorHref" />
    </UnitTest>
    <UnitTest name="TestConvertRelativeAnchorHref (&quot;test.md#id&quot;,&quot;test.xhtml#id&quot;)" storage="d:\a\dotnet-monorepo\dotnet-monorepo\src\artifacts\bin\epubproj.tests\release_win-x64\epubproj.tests.dll" id="1f2580c1-a323-80f9-8e86-13a1313e7c36">
      <Execution id="3491fc45-8095-4814-8265-8d89611bde4a" />
      <TestMethod codeBase="D:\a\dotnet-monorepo\dotnet-monorepo\src\artifacts\bin\EpubProj.Tests\release_win-x64\EpubProj.Tests.dll" adapterTypeName="executor://mstestadapter/v4" className="EpubProj.Tests.ConverterTests" name="TestConvertRelativeAnchorHref" />
    </UnitTest>
    <UnitTest name="TestConvertRelativeAnchorHref (&quot;test#id&quot;,&quot;test.xhtml#id&quot;)" storage="d:\a\dotnet-monorepo\dotnet-monorepo\src\artifacts\bin\epubproj.tests\release_win-x64\epubproj.tests.dll" id="16b1ad70-dde2-881a-a898-34f1d755d99c">
      <Execution id="9ae5aaaf-7360-49b5-b5d3-55aca4b11bea" />
      <TestMethod codeBase="D:\a\dotnet-monorepo\dotnet-monorepo\src\artifacts\bin\EpubProj.Tests\release_win-x64\EpubProj.Tests.dll" adapterTypeName="executor://mstestadapter/v4" className="EpubProj.Tests.ConverterTests" name="TestConvertRelativeAnchorHref" />
    </UnitTest>
    <UnitTest name="TestConvertRelativeAnchorHref (&quot;test.html#id&quot;,&quot;test.xhtml#id&quot;)" storage="d:\a\dotnet-monorepo\dotnet-monorepo\src\artifacts\bin\epubproj.tests\release_win-x64\epubproj.tests.dll" id="1a345c8d-995f-8793-99d4-429781ba1d3d">
      <Execution id="446a4738-15b4-48f7-bf1b-eed69b47ce65" />
      <TestMethod codeBase="D:\a\dotnet-monorepo\dotnet-monorepo\src\artifacts\bin\EpubProj.Tests\release_win-x64\EpubProj.Tests.dll" adapterTypeName="executor://mstestadapter/v4" className="EpubProj.Tests.ConverterTests" name="TestConvertRelativeAnchorHref" />
    </UnitTest>
  </TestDefinitions>
  <TestEntries>
    <TestEntry testId="1a345c8d-995f-8793-99d4-429781ba1d3d" executionId="446a4738-15b4-48f7-bf1b-eed69b47ce65" testListId="8c84fa94-04c1-424b-9868-57a2d4851a1d" />
    <TestEntry testId="1df9ce9e-da7d-8382-80f7-2626f3048fbd" executionId="9a3cfa42-5d3b-48ea-a0af-80c53b2a03ae" testListId="8c84fa94-04c1-424b-9868-57a2d4851a1d" />
    <TestEntry testId="157f72bb-8a23-803e-bb83-f1b9f6c051f1" executionId="86a75774-14b2-4667-a3a5-a51b557bd983" testListId="8c84fa94-04c1-424b-9868-57a2d4851a1d" />
    <TestEntry testId="1b284f47-8e42-8c24-84f7-f9272c756a26" executionId="321c67ae-d0ad-47f8-a1f3-2c34ea6c1198" testListId="8c84fa94-04c1-424b-9868-57a2d4851a1d" />
    <TestEntry testId="1dce7417-a256-8114-b844-2bcac170d324" executionId="0450e24f-2ddc-42eb-b498-4f3d2dcf47c7" testListId="8c84fa94-04c1-424b-9868-57a2d4851a1d" />
    <TestEntry testId="16b1ad70-dde2-881a-a898-34f1d755d99c" executionId="9ae5aaaf-7360-49b5-b5d3-55aca4b11bea" testListId="8c84fa94-04c1-424b-9868-57a2d4851a1d" />
    <TestEntry testId="17c8acae-7254-8c54-8370-4bf280c0d308" executionId="8607878a-02cc-485b-a9c7-24d8e4f96ad6" testListId="8c84fa94-04c1-424b-9868-57a2d4851a1d" />
    <TestEntry testId="152eb5b1-acde-8c7f-ac48-7c30686525ce" executionId="cdbe0277-d929-4d59-8be2-3409b6913cf8" testListId="8c84fa94-04c1-424b-9868-57a2d4851a1d" />
    <TestEntry testId="1f2580c1-a323-80f9-8e86-13a1313e7c36" executionId="3491fc45-8095-4814-8265-8d89611bde4a" testListId="8c84fa94-04c1-424b-9868-57a2d4851a1d" />
    <TestEntry testId="1a2a72ca-c499-8d36-b2a6-f613a8f48e24" executionId="000d1892-7ae0-4fe4-82aa-135c0463b697" testListId="8c84fa94-04c1-424b-9868-57a2d4851a1d" />
    <TestEntry testId="10800500-0759-8438-8aaa-54cc590c8f85" executionId="04d7637b-e036-45b9-bff7-309b278597c7" testListId="8c84fa94-04c1-424b-9868-57a2d4851a1d" />
  </TestEntries>
  <TestLists>
    <TestList name="Results Not in a List" id="8c84fa94-04c1-424b-9868-57a2d4851a1d" />
    <TestList name="All Loaded Results" id="19431567-8539-422a-85d7-44ee4e166bda" />
  </TestLists>
  <ResultSummary outcome="Completed">
    <Counters total="11" executed="11" passed="11" failed="0" error="0" timeout="0" aborted="0" inconclusive="0" passedButRunAborted="0" notRunnable="0" notExecuted="0" disconnected="0" warning="0" completed="0" inProgress="0" pending="0" />
    <Output>
      <StdOut>Test Parallelization enabled for D:\a\dotnet-monorepo\dotnet-monorepo\src\artifacts\bin\EpubProj.Tests\release_win-x64\EpubProj.Tests.dll (Workers: 4, Scope: ClassLevel)&#xD;
</StdOut>
    </Output>
  </ResultSummary>
</TestRun>