<?xml version="1.0" encoding="utf-8"?>
<TestRun id="eb24fa4a-445a-4082-8350-08447c1e1871" name="runneradmin@runnervmxu3fp 2026-04-27 03:05:17" runUser="runnervmxu3fp\runneradmin" xmlns="http://microsoft.com/schemas/VisualStudio/TeamTest/2010">
  <Times creation="2026-04-27T03:05:17.3970004+00:00" queuing="2026-04-27T03:05:17.3970006+00:00" start="2026-04-27T03:05:16.6561658+00:00" finish="2026-04-27T03:05:17.4588244+00:00" />
  <TestSettings name="default" id="69e16957-00a1-4d8f-8612-86b5389855fa">
    <Deployment runDeploymentRoot="runneradmin_runnervmxu3fp_2026-04-27_03_05_17" />
  </TestSettings>
  <Results>
    <UnitTestResult executionId="56e34ca4-7b6c-4004-acc2-4cfd4bf24531" testId="1a7fb99e-f52f-8ccc-ab1f-13586db79d1e" testName="TestAddItemToLandmarks (Epub2)" computerName="runnervmxu3fp" duration="00:00:00.0003664" startTime="2026-04-27T03:05:17.3594477+00:00" endTime="2026-04-27T03:05:17.3598560+00:00" testType="13cdc9d9-ddb5-4fa4-a97d-d965ccfc6d4b" outcome="Passed" testListId="8c84fa94-04c1-424b-9868-57a2d4851a1d" relativeResultsDirectory="56e34ca4-7b6c-4004-acc2-4cfd4bf24531" />
    <UnitTestResult executionId="c027ac4f-95fa-47d7-b2e6-4d9955a1d474" testId="11ca93a8-296b-8476-9f0b-6fc4b090990d" testName="TestGetRelativePath (&quot;a/b/c&quot;,&quot;&quot;,&quot;a/b/c&quot;)" computerName="runnervmxu3fp" duration="00:00:00.0000066" startTime="2026-04-27T03:05:17.3080708+00:00" endTime="2026-04-27T03:05:17.3081040+00:00" testType="13cdc9d9-ddb5-4fa4-a97d-d965ccfc6d4b" outcome="Passed" testListId="8c84fa94-04c1-424b-9868-57a2d4851a1d" relativeResultsDirectory="c027ac4f-95fa-47d7-b2e6-4d9955a1d474" />
    <UnitTestResult executionId="43edb9de-57f4-4b4f-85dc-e2e1d04f2f85" testId="1a5dc06e-54fd-8d2c-a693-2b5cb2a6574b" testName="TestAddIdentifier (Epub2)" computerName="runnervmxu3fp" duration="00:00:00.0005085" startTime="2026-04-27T03:05:17.3594588+00:00" endTime="2026-04-27T03:05:17.3600235+00:00" testType="13cdc9d9-ddb5-4fa4-a97d-d965ccfc6d4b" outcome="Passed" testListId="8c84fa94-04c1-424b-9868-57a2d4851a1d" relativeResultsDirectory="43edb9de-57f4-4b4f-85dc-e2e1d04f2f85" />
    <UnitTestResult executionId="c8d89be9-b93c-4e8a-95ae-92bb3b7bd2dd" testId="18633743-5a95-84ca-aa1a-84a0ca6b512e" testName="TestAddCreator (Epub3,[],&quot;epub3_no_roles.opf&quot;)" computerName="runnervmxu3fp" duration="00:00:00.0011718" startTime="2026-04-27T03:05:17.3564154+00:00" endTime="2026-04-27T03:05:17.3576377+00:00" testType="13cdc9d9-ddb5-4fa4-a97d-d965ccfc6d4b" outcome="Passed" testListId="8c84fa94-04c1-424b-9868-57a2d4851a1d" relativeResultsDirectory="c8d89be9-b93c-4e8a-95ae-92bb3b7bd2dd" />
    <UnitTestResult executionId="d53a5402-b369-4d6e-8cff-908e9500ef9e" testId="1f20d052-efc6-827b-8ace-2d57870f3d7b" testName="TestGetRasterDocument (Epub3)" computerName="runnervmxu3fp" duration="00:00:00.0019885" startTime="2026-04-27T03:05:17.3648376+00:00" endTime="2026-04-27T03:05:17.3669259+00:00" testType="13cdc9d9-ddb5-4fa4-a97d-d965ccfc6d4b" outcome="Passed" testListId="8c84fa94-04c1-424b-9868-57a2d4851a1d" relativeResultsDirectory="d53a5402-b369-4d6e-8cff-908e9500ef9e" />
    <UnitTestResult executionId="a25195f4-35d4-4482-8933-806d73452534" testId="1c344ecb-28e7-8e25-b223-6e397f5054f4" testName="TestAddDate (Epub3)" computerName="runnervmxu3fp" duration="00:00:00.0005925" startTime="2026-04-27T03:05:17.3626346+00:00" endTime="2026-04-27T03:05:17.3632918+00:00" testType="13cdc9d9-ddb5-4fa4-a97d-d965ccfc6d4b" outcome="Passed" testListId="8c84fa94-04c1-424b-9868-57a2d4851a1d" relativeResultsDirectory="a25195f4-35d4-4482-8933-806d73452534" />
    <UnitTestResult executionId="ebf6e78e-11ba-4284-a5db-59230adc6fd7" testId="1b26e4d7-3e0b-8adb-af94-08e50834077a" testName="TestResolvePath (&quot;a/b/c&quot;,&quot;../../../d/e&quot;,&quot;d/e&quot;)" computerName="runnervmxu3fp" duration="00:00:00.0000172" startTime="2026-04-27T03:05:17.3454808+00:00" endTime="2026-04-27T03:05:17.3476110+00:00" testType="13cdc9d9-ddb5-4fa4-a97d-d965ccfc6d4b" outcome="Passed" testListId="8c84fa94-04c1-424b-9868-57a2d4851a1d" relativeResultsDirectory="ebf6e78e-11ba-4284-a5db-59230adc6fd7" />
    <UnitTestResult executionId="0c5f6cd3-d84b-42b3-b6d4-da30b99698c6" testId="1e13994d-6844-8233-9112-553b896408e8" testName="TestAddReferenceToGuide (Epub2)" computerName="runnervmxu3fp" duration="00:00:00.0007131" startTime="2026-04-27T03:05:17.3454314+00:00" endTime="2026-04-27T03:05:17.3476375+00:00" testType="13cdc9d9-ddb5-4fa4-a97d-d965ccfc6d4b" outcome="Passed" testListId="8c84fa94-04c1-424b-9868-57a2d4851a1d" relativeResultsDirectory="0c5f6cd3-d84b-42b3-b6d4-da30b99698c6" />
    <UnitTestResult executionId="2073a864-f89d-46be-8bc1-70fa6c0fb14b" testId="1c0b229c-cfde-842a-8c76-19a571413f49" testName="TestAddItemToManifest (Epub2,&quot;cover.jpg&quot;,&quot;cover-image&quot;,&quot;cover-id&quot;,&quot;epub2_properties_id.opf&quot;)" computerName="runnervmxu3fp" duration="00:00:00.0007400" startTime="2026-04-27T03:05:17.3453956+00:00" endTime="2026-04-27T03:05:17.3462038+00:00" testType="13cdc9d9-ddb5-4fa4-a97d-d965ccfc6d4b" outcome="Passed" testListId="8c84fa94-04c1-424b-9868-57a2d4851a1d" relativeResultsDirectory="2073a864-f89d-46be-8bc1-70fa6c0fb14b" />
    <UnitTestResult executionId="5c50f5ce-6762-4ff5-81eb-d9095a2aa9d9" testId="124a442d-5cef-8a5e-832b-b6cc6c966046" testName="TestAddIdentifier (Epub2)" computerName="runnervmxu3fp" duration="00:00:00.0005238" startTime="2026-04-27T03:05:17.3512356+00:00" endTime="2026-04-27T03:05:17.3518182+00:00" testType="13cdc9d9-ddb5-4fa4-a97d-d965ccfc6d4b" outcome="Passed" testListId="8c84fa94-04c1-424b-9868-57a2d4851a1d" relativeResultsDirectory="5c50f5ce-6762-4ff5-81eb-d9095a2aa9d9" />
    <UnitTestResult executionId="c8b2aead-e1e2-4d35-9993-fa4af93be5e6" testId="12fc392e-8199-86c7-8604-b296f0959a0f" testName="TestAddTitle (Epub3)" computerName="runnervmxu3fp" duration="00:00:00.0005909" startTime="2026-04-27T03:05:17.3518388+00:00" endTime="2026-04-27T03:05:17.3524830+00:00" testType="13cdc9d9-ddb5-4fa4-a97d-d965ccfc6d4b" outcome="Passed" testListId="8c84fa94-04c1-424b-9868-57a2d4851a1d" relativeResultsDirectory="c8b2aead-e1e2-4d35-9993-fa4af93be5e6" />
    <UnitTestResult executionId="1267ebc6-f197-421f-8f35-6068026d20d2" testId="1d853697-1c40-8ef7-b701-75fcb83d716c" testName="TestAddRightToLeft (Epub3,&quot;epub3_rtl.opf&quot;)" computerName="runnervmxu3fp" duration="00:00:00.0004857" startTime="2026-04-27T03:05:17.3569022+00:00" endTime="2026-04-27T03:05:17.3574476+00:00" testType="13cdc9d9-ddb5-4fa4-a97d-d965ccfc6d4b" outcome="Passed" testListId="8c84fa94-04c1-424b-9868-57a2d4851a1d" relativeResultsDirectory="1267ebc6-f197-421f-8f35-6068026d20d2" />
    <UnitTestResult executionId="6258d065-2407-4836-864f-68abe554ebf3" testId="1e8f751a-7342-8e0a-8749-cd28c43d3882" testName="TestGetContainerXmlDocument (Epub2)" computerName="runnervmxu3fp" duration="00:00:00.0018909" startTime="2026-04-27T03:05:17.3613822+00:00" endTime="2026-04-27T03:05:17.3633512+00:00" testType="13cdc9d9-ddb5-4fa4-a97d-d965ccfc6d4b" outcome="Passed" testListId="8c84fa94-04c1-424b-9868-57a2d4851a1d" relativeResultsDirectory="6258d065-2407-4836-864f-68abe554ebf3" />
    <UnitTestResult executionId="e74a1f29-c43f-497d-84cd-21b1be5de479" testId="1cb53fa7-66ef-886d-96df-85f4e3a5f607" testName="TestResolvePath (&quot;a/b/c&quot;,&quot;../../d/e&quot;,&quot;a/d/e&quot;)" computerName="runnervmxu3fp" duration="00:00:00.0000123" startTime="2026-04-27T03:05:17.3454127+00:00" endTime="2026-04-27T03:05:17.3454660+00:00" testType="13cdc9d9-ddb5-4fa4-a97d-d965ccfc6d4b" outcome="Passed" testListId="8c84fa94-04c1-424b-9868-57a2d4851a1d" relativeResultsDirectory="e74a1f29-c43f-497d-84cd-21b1be5de479" />
    <UnitTestResult executionId="23886d1e-74a5-4a79-81ac-e678cf06dd98" testId="132a3618-bc6c-8626-b378-85737c5c1ffb" testName="TestAddItemToSpine (Epub2,&quot;page-spread-left&quot;,&quot;epub2_properties.opf&quot;)" computerName="runnervmxu3fp" duration="00:00:00.0006549" startTime="2026-04-27T03:05:17.3510838+00:00" endTime="2026-04-27T03:05:17.3518024+00:00" testType="13cdc9d9-ddb5-4fa4-a97d-d965ccfc6d4b" outcome="Passed" testListId="8c84fa94-04c1-424b-9868-57a2d4851a1d" relativeResultsDirectory="23886d1e-74a5-4a79-81ac-e678cf06dd98" />
    <UnitTestResult executionId="80155353-e989-4482-9d8d-e63e69b02b55" testId="1576e578-fb17-8c86-9f06-aa7cda5c1b5a" testName="TestAddTitle (Epub2)" computerName="runnervmxu3fp" duration="00:00:00.0003272" startTime="2026-04-27T03:05:17.3539352+00:00" endTime="2026-04-27T03:05:17.3543135+00:00" testType="13cdc9d9-ddb5-4fa4-a97d-d965ccfc6d4b" outcome="Passed" testListId="8c84fa94-04c1-424b-9868-57a2d4851a1d" relativeResultsDirectory="80155353-e989-4482-9d8d-e63e69b02b55" />
    <UnitTestResult executionId="bf0805c8-8ca9-456e-8a36-086613bea42d" testId="163d9d25-3781-8d01-aa89-fb0ed455ce67" testName="TestGetRelativePath (&quot;&quot;,&quot;a/b/c&quot;,&quot;../../..&quot;)" computerName="runnervmxu3fp" duration="00:00:00.0000273" startTime="2026-04-27T03:05:17.3079839+00:00" endTime="2026-04-27T03:05:17.3080581+00:00" testType="13cdc9d9-ddb5-4fa4-a97d-d965ccfc6d4b" outcome="Passed" testListId="8c84fa94-04c1-424b-9868-57a2d4851a1d" relativeResultsDirectory="bf0805c8-8ca9-456e-8a36-086613bea42d" />
    <UnitTestResult executionId="37a1769d-3665-4b83-a3f8-6e4dd8644dc5" testId="1606129a-0ad6-89b1-8eb5-de137dec383d" testName="TestAddLeftToRight (Epub2,&quot;epub2_ltr.opf&quot;)" computerName="runnervmxu3fp" duration="00:00:00.0003670" startTime="2026-04-27T03:05:17.3564617+00:00" endTime="2026-04-27T03:05:17.3568849+00:00" testType="13cdc9d9-ddb5-4fa4-a97d-d965ccfc6d4b" outcome="Passed" testListId="8c84fa94-04c1-424b-9868-57a2d4851a1d" relativeResultsDirectory="37a1769d-3665-4b83-a3f8-6e4dd8644dc5" />
    <UnitTestResult executionId="fc1ecf07-e21b-4af4-b689-e56e147548fc" testId="1ec0effe-5d9b-8d26-ab26-1e26e51fca30" testName="TestAddItemToManifest (Epub2,&quot;cover.jpg&quot;,null,null,&quot;epub2_noproperties_noid.opf&quot;)" computerName="runnervmxu3fp" duration="00:00:00.0001053" startTime="2026-04-27T03:05:17.3465440+00:00" endTime="2026-04-27T03:05:17.3476606+00:00" testType="13cdc9d9-ddb5-4fa4-a97d-d965ccfc6d4b" outcome="Passed" testListId="8c84fa94-04c1-424b-9868-57a2d4851a1d" relativeResultsDirectory="fc1ecf07-e21b-4af4-b689-e56e147548fc" />
    <UnitTestResult executionId="385df890-3274-43df-91f9-55985dc9369a" testId="178aa3ea-46b0-8718-8f38-a36a6d78e6f8" testName="TestAddItemToLandmarks (Epub3)" computerName="runnervmxu3fp" duration="00:00:00.0021023" startTime="2026-04-27T03:05:17.3564823+00:00" endTime="2026-04-27T03:05:17.3586472+00:00" testType="13cdc9d9-ddb5-4fa4-a97d-d965ccfc6d4b" outcome="Passed" testListId="8c84fa94-04c1-424b-9868-57a2d4851a1d" relativeResultsDirectory="385df890-3274-43df-91f9-55985dc9369a" />
    <UnitTestResult executionId="39a384de-1071-4a0e-aac4-9cd951e06a25" testId="13acc5b9-b971-8983-8930-49d6f4051f77" testName="TestAddDescription (Epub2)" computerName="runnervmxu3fp" duration="00:00:00.0003244" startTime="2026-04-27T03:05:17.3622248+00:00" endTime="2026-04-27T03:05:17.3626154+00:00" testType="13cdc9d9-ddb5-4fa4-a97d-d965ccfc6d4b" outcome="Passed" testListId="8c84fa94-04c1-424b-9868-57a2d4851a1d" relativeResultsDirectory="39a384de-1071-4a0e-aac4-9cd951e06a25" />
    <UnitTestResult executionId="42deac48-a6b1-4034-9faf-7d5cdd52cc72" testId="1229b021-b396-8067-9d67-6db2b8bc72b7" testName="TestAddNavItem (Epub3)" computerName="runnervmxu3fp" duration="00:00:00.0063349" startTime="2026-04-27T03:05:17.3622478+00:00" endTime="2026-04-27T03:05:17.3686208+00:00" testType="13cdc9d9-ddb5-4fa4-a97d-d965ccfc6d4b" outcome="Passed" testListId="8c84fa94-04c1-424b-9868-57a2d4851a1d" relativeResultsDirectory="42deac48-a6b1-4034-9faf-7d5cdd52cc72" />
    <UnitTestResult executionId="121a9470-040e-4a78-8c45-f02e72077bf8" testId="1d890bf7-586d-85b6-b06c-8f6a41e0ae1e" testName="TestAddLeftToRight (Epub3,&quot;epub3_ltr.opf&quot;)" computerName="runnervmxu3fp" duration="00:00:00.0004255" startTime="2026-04-27T03:05:17.3548664+00:00" endTime="2026-04-27T03:05:17.3553508+00:00" testType="13cdc9d9-ddb5-4fa4-a97d-d965ccfc6d4b" outcome="Passed" testListId="8c84fa94-04c1-424b-9868-57a2d4851a1d" relativeResultsDirectory="121a9470-040e-4a78-8c45-f02e72077bf8" />
    <UnitTestResult executionId="381c4d5d-0fe7-41bb-a63b-48a1504f88ee" testId="1907624b-6009-89cb-a76c-8b426f68f298" testName="TestAddNcx (Epub2,&quot;epub2_ncx.opf&quot;)" computerName="runnervmxu3fp" duration="00:00:00.0004058" startTime="2026-04-27T03:05:17.3543884+00:00" endTime="2026-04-27T03:05:17.3548470+00:00" testType="13cdc9d9-ddb5-4fa4-a97d-d965ccfc6d4b" outcome="Passed" testListId="8c84fa94-04c1-424b-9868-57a2d4851a1d" relativeResultsDirectory="381c4d5d-0fe7-41bb-a63b-48a1504f88ee" />
    <UnitTestResult executionId="112d2d2a-f684-4471-ac65-ef81a19c1907" testId="1a00353d-820e-8fa3-9091-7b2ebff721ec" testName="TestAddItemToSpine (Epub3,null,&quot;epub3_noproperties.opf&quot;)" computerName="runnervmxu3fp" duration="00:00:00.0000935" startTime="2026-04-27T03:05:17.3518218+00:00" endTime="2026-04-27T03:05:17.3519737+00:00" testType="13cdc9d9-ddb5-4fa4-a97d-d965ccfc6d4b" outcome="Passed" testListId="8c84fa94-04c1-424b-9868-57a2d4851a1d" relativeResultsDirectory="112d2d2a-f684-4471-ac65-ef81a19c1907" />
    <UnitTestResult executionId="92f0f593-5611-417a-be30-b81fc9f6e6e5" testId="18b99c28-043f-8fa7-a585-45f8db35abe5" testName="TestAddItemToManifest (Epub3,&quot;cover.jpg&quot;,null,null,&quot;epub3_noproperties_noid.opf&quot;)" computerName="runnervmxu3fp" duration="00:00:00.0002483" startTime="2026-04-27T03:05:17.3462230+00:00" endTime="2026-04-27T03:05:17.3465208+00:00" testType="13cdc9d9-ddb5-4fa4-a97d-d965ccfc6d4b" outcome="Passed" testListId="8c84fa94-04c1-424b-9868-57a2d4851a1d" relativeResultsDirectory="92f0f593-5611-417a-be30-b81fc9f6e6e5" />
    <UnitTestResult executionId="f1c30f7f-edee-47ff-834c-088131a3004e" testId="1b20638b-a8a6-85af-8458-b3b7c366f1d5" testName="TestAddTitle (Epub2)" computerName="runnervmxu3fp" duration="00:00:00.0003874" startTime="2026-04-27T03:05:17.3613551+00:00" endTime="2026-04-27T03:05:17.3622352+00:00" testType="13cdc9d9-ddb5-4fa4-a97d-d965ccfc6d4b" outcome="Passed" testListId="8c84fa94-04c1-424b-9868-57a2d4851a1d" relativeResultsDirectory="f1c30f7f-edee-47ff-834c-088131a3004e" />
    <UnitTestResult executionId="9561bce5-077a-4835-84fb-37abf23be479" testId="1bf56acc-bc6b-8496-947d-aa65e255463c" testName="TestAddNavItem (Epub3)" computerName="runnervmxu3fp" duration="00:00:00.0038115" startTime="2026-04-27T03:05:17.3500096+00:00" endTime="2026-04-27T03:05:17.3538967+00:00" testType="13cdc9d9-ddb5-4fa4-a97d-d965ccfc6d4b" outcome="Passed" testListId="8c84fa94-04c1-424b-9868-57a2d4851a1d" relativeResultsDirectory="9561bce5-077a-4835-84fb-37abf23be479" />
    <UnitTestResult executionId="97299c1a-72be-446c-82fe-988ceec8a46b" testId="17cbd791-edb7-8411-9f3d-d0fe1b2fcf02" testName="TestAddItemToSpine (Epub2,null,&quot;epub2_noproperties.opf&quot;)" computerName="runnervmxu3fp" duration="00:00:00.0000844" startTime="2026-04-27T03:05:17.3519926+00:00" endTime="2026-04-27T03:05:17.3521393+00:00" testType="13cdc9d9-ddb5-4fa4-a97d-d965ccfc6d4b" outcome="Passed" testListId="8c84fa94-04c1-424b-9868-57a2d4851a1d" relativeResultsDirectory="97299c1a-72be-446c-82fe-988ceec8a46b" />
    <UnitTestResult executionId="d50fe127-0852-4c99-b76a-fbae3cb3456b" testId="132c93fc-99cf-80a0-b0a6-22904c48670f" testName="TestAddNavItem (Epub2)" computerName="runnervmxu3fp" duration="00:00:00.0018148" startTime="2026-04-27T03:05:17.3539131+00:00" endTime="2026-04-27T03:05:17.3558221+00:00" testType="13cdc9d9-ddb5-4fa4-a97d-d965ccfc6d4b" outcome="Passed" testListId="8c84fa94-04c1-424b-9868-57a2d4851a1d" relativeResultsDirectory="d50fe127-0852-4c99-b76a-fbae3cb3456b" />
    <UnitTestResult executionId="2c042c80-c4cd-4274-a7ce-6c49d4d04e69" testId="1dc58f02-8bfb-87ff-8152-97912961162e" testName="TestAddModified (Epub2)" computerName="runnervmxu3fp" duration="00:00:00.0003575" startTime="2026-04-27T03:05:17.3668167+00:00" endTime="2026-04-27T03:05:17.3672251+00:00" testType="13cdc9d9-ddb5-4fa4-a97d-d965ccfc6d4b" outcome="Passed" testListId="8c84fa94-04c1-424b-9868-57a2d4851a1d" relativeResultsDirectory="2c042c80-c4cd-4274-a7ce-6c49d4d04e69" />
    <UnitTestResult executionId="411c47f9-e8e7-4d08-87e1-c21515eab1d3" testId="17163b0e-a15f-81ae-864e-083555ff6db1" testName="TestAddPrePaginated (Epub2)" computerName="runnervmxu3fp" duration="00:00:00.0002999" startTime="2026-04-27T03:05:17.3658559+00:00" endTime="2026-04-27T03:05:17.3662091+00:00" testType="13cdc9d9-ddb5-4fa4-a97d-d965ccfc6d4b" outcome="Passed" testListId="8c84fa94-04c1-424b-9868-57a2d4851a1d" relativeResultsDirectory="411c47f9-e8e7-4d08-87e1-c21515eab1d3" />
    <UnitTestResult executionId="18938016-a9f3-4ef8-b49e-a836ce69fce9" testId="110d5f63-5620-8288-a852-48415a5701b6" testName="TestAddIdentifier (Epub3)" computerName="runnervmxu3fp" duration="00:00:00.0011132" startTime="2026-04-27T03:05:17.3499431+00:00" endTime="2026-04-27T03:05:17.3512112+00:00" testType="13cdc9d9-ddb5-4fa4-a97d-d965ccfc6d4b" outcome="Passed" testListId="8c84fa94-04c1-424b-9868-57a2d4851a1d" relativeResultsDirectory="18938016-a9f3-4ef8-b49e-a836ce69fce9" />
    <UnitTestResult executionId="58b00298-f86f-4f5b-92fc-6907fefadace" testId="196202e8-80f4-8220-b7a4-03bed006a872" testName="TestAddLanguage (Epub2)" computerName="runnervmxu3fp" duration="00:00:00.0003483" startTime="2026-04-27T03:05:17.3548359+00:00" endTime="2026-04-27T03:05:17.3552294+00:00" testType="13cdc9d9-ddb5-4fa4-a97d-d965ccfc6d4b" outcome="Passed" testListId="8c84fa94-04c1-424b-9868-57a2d4851a1d" relativeResultsDirectory="58b00298-f86f-4f5b-92fc-6907fefadace" />
    <UnitTestResult executionId="92882dfb-0b84-4df3-8391-74c10a05c4fd" testId="12ab518a-33ba-8068-a833-7799730fcbd5" testName="TestAddCreator (Epub3,[&quot;aut&quot;,&quot;ill&quot;],&quot;epub3_two_roles.opf&quot;)" computerName="runnervmxu3fp" duration="00:00:00.0001164" startTime="2026-04-27T03:05:17.3598725+00:00" endTime="2026-04-27T03:05:17.3600531+00:00" testType="13cdc9d9-ddb5-4fa4-a97d-d965ccfc6d4b" outcome="Passed" testListId="8c84fa94-04c1-424b-9868-57a2d4851a1d" relativeResultsDirectory="92882dfb-0b84-4df3-8391-74c10a05c4fd" />
    <UnitTestResult executionId="8f1b2f1a-7cc5-4cf2-a341-4f87964aae3b" testId="1a3f96ff-4c2e-82f1-a4ad-01abaff96e83" testName="TestResolvePath (&quot;a/b/c&quot;,&quot;../c&quot;,&quot;a/b/c&quot;)" computerName="runnervmxu3fp" duration="00:00:00.0000288" startTime="2026-04-27T03:05:17.3452495+00:00" endTime="2026-04-27T03:05:17.3453604+00:00" testType="13cdc9d9-ddb5-4fa4-a97d-d965ccfc6d4b" outcome="Passed" testListId="8c84fa94-04c1-424b-9868-57a2d4851a1d" relativeResultsDirectory="8f1b2f1a-7cc5-4cf2-a341-4f87964aae3b" />
    <UnitTestResult executionId="570f4197-6ce8-4896-a8fa-ef5ef5fd04c9" testId="15879af3-5667-8627-8798-073634574cfb" testName="TestAddPrePaginated (Epub3)" computerName="runnervmxu3fp" duration="00:00:00.0005896" startTime="2026-04-27T03:05:17.3651840+00:00" endTime="2026-04-27T03:05:17.3658373+00:00" testType="13cdc9d9-ddb5-4fa4-a97d-d965ccfc6d4b" outcome="Passed" testListId="8c84fa94-04c1-424b-9868-57a2d4851a1d" relativeResultsDirectory="570f4197-6ce8-4896-a8fa-ef5ef5fd04c9" />
    <UnitTestResult executionId="50f9307d-0a3d-4827-a9bf-36e39e6b5798" testId="1d0b33a2-7e9b-8950-ad7c-1126beafd8dd" testName="TestResolvePath (&quot;&quot;,&quot;a/b/c&quot;,&quot;a/b/c&quot;)" computerName="runnervmxu3fp" duration="00:00:00.0004014" startTime="2026-04-27T03:05:17.3081453+00:00" endTime="2026-04-27T03:05:17.3085789+00:00" testType="13cdc9d9-ddb5-4fa4-a97d-d965ccfc6d4b" outcome="Passed" testListId="8c84fa94-04c1-424b-9868-57a2d4851a1d" relativeResultsDirectory="50f9307d-0a3d-4827-a9bf-36e39e6b5798" />
    <UnitTestResult executionId="f732ede1-a4c7-4cf9-97fd-3cf9f2290016" testId="17b70e0f-1bb5-8232-bb22-ad292bd4ca53" testName="TestAddDescription (Epub3)" computerName="runnervmxu3fp" duration="00:00:00.0005828" startTime="2026-04-27T03:05:17.3615230+00:00" endTime="2026-04-27T03:05:17.3621547+00:00" testType="13cdc9d9-ddb5-4fa4-a97d-d965ccfc6d4b" outcome="Passed" testListId="8c84fa94-04c1-424b-9868-57a2d4851a1d" relativeResultsDirectory="f732ede1-a4c7-4cf9-97fd-3cf9f2290016" />
    <UnitTestResult executionId="cbba5a3d-9d2a-4455-a9bc-ebd7a0abf1f1" testId="1ad59a54-6162-8915-b78f-cbce5547287d" testName="TestAddCreator (Epub2,[&quot;aut&quot;],&quot;epub2_one_role.opf&quot;)" computerName="runnervmxu3fp" duration="00:00:00.0001215" startTime="2026-04-27T03:05:17.3596694+00:00" endTime="2026-04-27T03:05:17.3598496+00:00" testType="13cdc9d9-ddb5-4fa4-a97d-d965ccfc6d4b" outcome="Passed" testListId="8c84fa94-04c1-424b-9868-57a2d4851a1d" relativeResultsDirectory="cbba5a3d-9d2a-4455-a9bc-ebd7a0abf1f1" />
    <UnitTestResult executionId="22bbce5e-dd4f-4c44-8bbe-865fe30244ec" testId="1f86d215-1c27-8857-97b9-0ba7f808e19d" testName="TestGetRelativePath (&quot;a/b/c&quot;,&quot;a&quot;,&quot;b/c&quot;)" computerName="runnervmxu3fp" duration="00:00:00.0116334" startTime="2026-04-27T03:05:17.2607721+00:00" endTime="2026-04-27T03:05:17.2991448+00:00" testType="13cdc9d9-ddb5-4fa4-a97d-d965ccfc6d4b" outcome="Passed" testListId="8c84fa94-04c1-424b-9868-57a2d4851a1d" relativeResultsDirectory="22bbce5e-dd4f-4c44-8bbe-865fe30244ec" />
    <UnitTestResult executionId="abb82804-3fce-476d-a3b0-848e1ce4689f" testId="14c058b4-2c86-895b-b0b1-cc5b57859157" testName="TestAddNavItem (Epub2)" computerName="runnervmxu3fp" duration="00:00:00.0002861" startTime="2026-04-27T03:05:17.3695935+00:00" endTime="2026-04-27T03:05:17.3719522+00:00" testType="13cdc9d9-ddb5-4fa4-a97d-d965ccfc6d4b" outcome="Passed" testListId="8c84fa94-04c1-424b-9868-57a2d4851a1d" relativeResultsDirectory="abb82804-3fce-476d-a3b0-848e1ce4689f" />
    <UnitTestResult executionId="bd5dd40b-d9e3-49cf-a435-7d2e1b01113f" testId="178c28d6-788e-8eb5-bd79-d8ce91ec7454" testName="TestAddCreator (Epub3,[&quot;aut&quot;],&quot;epub3_one_role.opf&quot;)" computerName="runnervmxu3fp" duration="00:00:00.0001313" startTime="2026-04-27T03:05:17.3594192+00:00" endTime="2026-04-27T03:05:17.3596504+00:00" testType="13cdc9d9-ddb5-4fa4-a97d-d965ccfc6d4b" outcome="Passed" testListId="8c84fa94-04c1-424b-9868-57a2d4851a1d" relativeResultsDirectory="bd5dd40b-d9e3-49cf-a435-7d2e1b01113f" />
    <UnitTestResult executionId="357d05e4-5d82-4cef-96c2-094e604db93c" testId="139f1cb2-b2ce-8c72-a0dc-23e529c29a74" testName="TestAddCreator (Epub2,[],&quot;epub2_no_roles.opf&quot;)" computerName="runnervmxu3fp" duration="00:00:00.0004026" startTime="2026-04-27T03:05:17.3576562+00:00" endTime="2026-04-27T03:05:17.3581157+00:00" testType="13cdc9d9-ddb5-4fa4-a97d-d965ccfc6d4b" outcome="Passed" testListId="8c84fa94-04c1-424b-9868-57a2d4851a1d" relativeResultsDirectory="357d05e4-5d82-4cef-96c2-094e604db93c" />
    <UnitTestResult executionId="1f9defcb-0e14-4491-a91a-f14aa7516f1e" testId="1f027eb2-66bc-8be8-8300-bf63e361e75e" testName="TestGetRelativePath (&quot;a/b/c&quot;,&quot;b/c/d&quot;,&quot;../../../a/b/c&quot;)" computerName="runnervmxu3fp" duration="00:00:00.0000063" startTime="2026-04-27T03:05:17.3081105+00:00" endTime="2026-04-27T03:05:17.3081381+00:00" testType="13cdc9d9-ddb5-4fa4-a97d-d965ccfc6d4b" outcome="Passed" testListId="8c84fa94-04c1-424b-9868-57a2d4851a1d" relativeResultsDirectory="1f9defcb-0e14-4491-a91a-f14aa7516f1e" />
    <UnitTestResult executionId="37ea5265-a941-416d-90b6-4033cd2ddcd6" testId="19fedbcf-3e8f-80d3-8f00-c9b50d3782b5" testName="TestAddItemToSpine (Epub3,&quot;page-spread-left&quot;,&quot;epub3_properties.opf&quot;)" computerName="runnervmxu3fp" duration="00:00:00.0009653" startTime="2026-04-27T03:05:17.3499829+00:00" endTime="2026-04-27T03:05:17.3510581+00:00" testType="13cdc9d9-ddb5-4fa4-a97d-d965ccfc6d4b" outcome="Passed" testListId="8c84fa94-04c1-424b-9868-57a2d4851a1d" relativeResultsDirectory="37ea5265-a941-416d-90b6-4033cd2ddcd6" />
    <UnitTestResult executionId="f69dda99-69cf-4101-a903-df2a4841fc8b" testId="1584ef67-fe1c-864d-a045-629d708e2516" testName="TestAddModified (Epub3)" computerName="runnervmxu3fp" duration="00:00:00.0005251" startTime="2026-04-27T03:05:17.3662285+00:00" endTime="2026-04-27T03:05:17.3667983+00:00" testType="13cdc9d9-ddb5-4fa4-a97d-d965ccfc6d4b" outcome="Passed" testListId="8c84fa94-04c1-424b-9868-57a2d4851a1d" relativeResultsDirectory="f69dda99-69cf-4101-a903-df2a4841fc8b" />
    <UnitTestResult executionId="5e012b25-d11e-49d2-a7c8-42cbdc2de815" testId="17e7e5f5-8e92-8ea9-bd8b-79d2ff2868d6" testName="TestAddTitle (Epub3)" computerName="runnervmxu3fp" duration="00:00:00.0004273" startTime="2026-04-27T03:05:17.3600431+00:00" endTime="2026-04-27T03:05:17.3605251+00:00" testType="13cdc9d9-ddb5-4fa4-a97d-d965ccfc6d4b" outcome="Passed" testListId="8c84fa94-04c1-424b-9868-57a2d4851a1d" relativeResultsDirectory="5e012b25-d11e-49d2-a7c8-42cbdc2de815" />
    <UnitTestResult executionId="01206916-163e-4264-be30-2ad9999e3c1a" testId="1d6f9d40-3288-8453-b9b2-5ea56e2a4753" testName="TestAddItemToManifest (Epub3,&quot;cover.jpg&quot;,&quot;cover-image&quot;,&quot;cover-id&quot;,&quot;epub3_properties_id.opf&quot;)" computerName="runnervmxu3fp" duration="00:00:00.0402773" startTime="2026-04-27T03:05:17.2608212+00:00" endTime="2026-04-27T03:05:17.3248112+00:00" testType="13cdc9d9-ddb5-4fa4-a97d-d965ccfc6d4b" outcome="Passed" testListId="8c84fa94-04c1-424b-9868-57a2d4851a1d" relativeResultsDirectory="01206916-163e-4264-be30-2ad9999e3c1a" />
    <UnitTestResult executionId="f0cc2e80-e593-4922-b08d-634555a94e1c" testId="18f58b21-b2c3-803b-8cb0-4e08dd113f73" testName="TestAddRightToLeft (Epub2,&quot;epub2_rtl.opf&quot;)" computerName="runnervmxu3fp" duration="00:00:00.0003901" startTime="2026-04-27T03:05:17.3574805+00:00" endTime="2026-04-27T03:05:17.3579252+00:00" testType="13cdc9d9-ddb5-4fa4-a97d-d965ccfc6d4b" outcome="Passed" testListId="8c84fa94-04c1-424b-9868-57a2d4851a1d" relativeResultsDirectory="f0cc2e80-e593-4922-b08d-634555a94e1c" />
    <UnitTestResult executionId="ba944cc9-6b33-4784-9558-efc2e004d883" testId="12509452-eb51-8bd2-8023-5d9d95470f16" testName="TestAddReferenceToGuide (Epub3)" computerName="runnervmxu3fp" duration="00:00:00.0403026" startTime="2026-04-27T03:05:17.2607963+00:00" endTime="2026-04-27T03:05:17.3248284+00:00" testType="13cdc9d9-ddb5-4fa4-a97d-d965ccfc6d4b" outcome="Passed" testListId="8c84fa94-04c1-424b-9868-57a2d4851a1d" relativeResultsDirectory="ba944cc9-6b33-4784-9558-efc2e004d883" />
    <UnitTestResult executionId="7eb9beda-4d86-4e8a-a6f8-9a3089dbde82" testId="1011288e-031f-8748-b274-76a1b0e99c39" testName="TestGetContainerXmlDocument (Epub3)" computerName="runnervmxu3fp" duration="00:00:00.0008392" startTime="2026-04-27T03:05:17.3598803+00:00" endTime="2026-04-27T03:05:17.3607844+00:00" testType="13cdc9d9-ddb5-4fa4-a97d-d965ccfc6d4b" outcome="Passed" testListId="8c84fa94-04c1-424b-9868-57a2d4851a1d" relativeResultsDirectory="7eb9beda-4d86-4e8a-a6f8-9a3089dbde82" />
    <UnitTestResult executionId="412e9837-f189-4d84-bb76-9050791dac0d" testId="173165ad-d2bc-8165-97a9-c5621186750e" testName="TestResolvePath (&quot;a/b/c&quot;,&quot;d/e&quot;,&quot;a/b/c/d/e&quot;)" computerName="runnervmxu3fp" duration="00:00:00.0001858" startTime="2026-04-27T03:05:17.3085945+00:00" endTime="2026-04-27T03:05:17.3088239+00:00" testType="13cdc9d9-ddb5-4fa4-a97d-d965ccfc6d4b" outcome="Passed" testListId="8c84fa94-04c1-424b-9868-57a2d4851a1d" relativeResultsDirectory="412e9837-f189-4d84-bb76-9050791dac0d" />
    <UnitTestResult executionId="db7315f6-44c9-4d55-b2ec-49638e069b37" testId="16e56989-76a7-8585-b943-e273cd2ed1c2" testName="TestAddDate (Epub2)" computerName="runnervmxu3fp" duration="00:00:00.0003092" startTime="2026-04-27T03:05:17.3648055+00:00" endTime="2026-04-27T03:05:17.3651661+00:00" testType="13cdc9d9-ddb5-4fa4-a97d-d965ccfc6d4b" outcome="Passed" testListId="8c84fa94-04c1-424b-9868-57a2d4851a1d" relativeResultsDirectory="db7315f6-44c9-4d55-b2ec-49638e069b37" />
    <UnitTestResult executionId="988267a9-46e4-4910-91e9-1fce13d982a2" testId="16734436-cecd-83b5-8627-bcedb89c8296" testName="TestGetRelativePath (&quot;a/b/c&quot;,&quot;a/b/d&quot;,&quot;../c&quot;)" computerName="runnervmxu3fp" duration="00:00:00.0005044" startTime="2026-04-27T03:05:17.3065412+00:00" endTime="2026-04-27T03:05:17.3074670+00:00" testType="13cdc9d9-ddb5-4fa4-a97d-d965ccfc6d4b" outcome="Passed" testListId="8c84fa94-04c1-424b-9868-57a2d4851a1d" relativeResultsDirectory="988267a9-46e4-4910-91e9-1fce13d982a2" />
    <UnitTestResult executionId="351f6a07-6d1b-46ab-884f-7f152e0c8aa1" testId="1cef8686-5f34-86de-a6a3-8d35bb7afd79" testName="TestAddLanguage (Epub3)" computerName="runnervmxu3fp" duration="00:00:00.0004033" startTime="2026-04-27T03:05:17.3543431+00:00" endTime="2026-04-27T03:05:17.3548161+00:00" testType="13cdc9d9-ddb5-4fa4-a97d-d965ccfc6d4b" outcome="Passed" testListId="8c84fa94-04c1-424b-9868-57a2d4851a1d" relativeResultsDirectory="351f6a07-6d1b-46ab-884f-7f152e0c8aa1" />
    <UnitTestResult executionId="4eed3cdc-8048-43d5-9bed-042efb3a8bf5" testId="18fb7630-93a1-828b-a9e1-500b27327666" testName="TestAddCreator (Epub2,[&quot;aut&quot;,&quot;ill&quot;],&quot;epub2_two_roles.opf&quot;)" computerName="runnervmxu3fp" duration="00:00:00.0001228" startTime="2026-04-27T03:05:17.3613195+00:00" endTime="2026-04-27T03:05:17.3614951+00:00" testType="13cdc9d9-ddb5-4fa4-a97d-d965ccfc6d4b" outcome="Passed" testListId="8c84fa94-04c1-424b-9868-57a2d4851a1d" relativeResultsDirectory="4eed3cdc-8048-43d5-9bed-042efb3a8bf5" />
    <UnitTestResult executionId="812a8570-9461-4599-848f-7b22dcb7bd16" testId="13bb92f3-9643-8d68-aa0d-763f51bdbf81" testName="TestAddIdentifier (Epub3)" computerName="runnervmxu3fp" duration="00:00:00.0009279" startTime="2026-04-27T03:05:17.3579462+00:00" endTime="2026-04-27T03:05:17.3589630+00:00" testType="13cdc9d9-ddb5-4fa4-a97d-d965ccfc6d4b" outcome="Passed" testListId="8c84fa94-04c1-424b-9868-57a2d4851a1d" relativeResultsDirectory="812a8570-9461-4599-848f-7b22dcb7bd16" />
    <UnitTestResult executionId="c76cd8b1-ecbe-40ad-85c5-5adb3f7c19a5" testId="14d0cd07-d554-8a17-ae84-6d68b4a68e29" testName="TestAddNcx (Epub3,&quot;epub3_ncx.opf&quot;)" computerName="runnervmxu3fp" duration="00:00:00.0004561" startTime="2026-04-27T03:05:17.3538598+00:00" endTime="2026-04-27T03:05:17.3543689+00:00" testType="13cdc9d9-ddb5-4fa4-a97d-d965ccfc6d4b" outcome="Passed" testListId="8c84fa94-04c1-424b-9868-57a2d4851a1d" relativeResultsDirectory="c76cd8b1-ecbe-40ad-85c5-5adb3f7c19a5" />
    <UnitTestResult executionId="261a5c66-c12c-47d9-a695-0be6e4074faa" testId="104fae68-6cd5-841d-8283-464853a139a3" testName="TestGetRasterDocument (Epub2)" computerName="runnervmxu3fp" duration="00:00:00.0010535" startTime="2026-04-27T03:05:17.3669452+00:00" endTime="2026-04-27T03:05:17.3680451+00:00" testType="13cdc9d9-ddb5-4fa4-a97d-d965ccfc6d4b" outcome="Passed" testListId="8c84fa94-04c1-424b-9868-57a2d4851a1d" relativeResultsDirectory="261a5c66-c12c-47d9-a695-0be6e4074faa" />
  </Results>
  <TestDefinitions>
    <UnitTest name="TestAddReferenceToGuide (Epub2)" storage="d:\a\dotnet-monorepo\dotnet-monorepo\src\artifacts\bin\epubs.tests\release_win-x64\epubs.tests.dll" id="1e13994d-6844-8233-9112-553b896408e8">
      <Execution id="0c5f6cd3-d84b-42b3-b6d4-da30b99698c6" />
      <TestMethod codeBase="D:\a\dotnet-monorepo\dotnet-monorepo\src\artifacts\bin\Epubs.Tests\release_win-x64\Epubs.Tests.dll" adapterTypeName="executor://mstestadapter/v4" className="Epubs.Tests.WriterTests.PackageDocumentTests.GuideTests" name="TestAddReferenceToGuide" />
    </UnitTest>
    <UnitTest name="TestAddModified (Epub2)" storage="d:\a\dotnet-monorepo\dotnet-monorepo\src\artifacts\bin\epubs.tests\release_win-x64\epubs.tests.dll" id="1dc58f02-8bfb-87ff-8152-97912961162e">
      <Execution id="2c042c80-c4cd-4274-a7ce-6c49d4d04e69" />
      <TestMethod codeBase="D:\a\dotnet-monorepo\dotnet-monorepo\src\artifacts\bin\Epubs.Tests\release_win-x64\Epubs.Tests.dll" adapterTypeName="executor://mstestadapter/v4" className="Epubs.Tests.WriterTests.PackageDocumentTests.MetadataTests" name="TestAddModified" />
    </UnitTest>
    <UnitTest name="TestAddTitle (Epub2)" storage="d:\a\dotnet-monorepo\dotnet-monorepo\src\artifacts\bin\epubs.tests\release_win-x64\epubs.tests.dll" id="1576e578-fb17-8c86-9f06-aa7cda5c1b5a">
      <Execution id="80155353-e989-4482-9d8d-e63e69b02b55" />
      <TestMethod codeBase="D:\a\dotnet-monorepo\dotnet-monorepo\src\artifacts\bin\Epubs.Tests\release_win-x64\Epubs.Tests.dll" adapterTypeName="executor://mstestadapter/v4" className="Epubs.Tests.WriterTests.PackageDocumentTests.MetadataTests" name="TestAddTitle" />
    </UnitTest>
    <UnitTest name="TestGetRelativePath (&quot;a/b/c&quot;,&quot;a/b/d&quot;,&quot;../c&quot;)" storage="d:\a\dotnet-monorepo\dotnet-monorepo\src\artifacts\bin\epubs.tests\release_win-x64\epubs.tests.dll" id="16734436-cecd-83b5-8627-bcedb89c8296">
      <Execution id="988267a9-46e4-4910-91e9-1fce13d982a2" />
      <TestMethod codeBase="D:\a\dotnet-monorepo\dotnet-monorepo\src\artifacts\bin\Epubs.Tests\release_win-x64\Epubs.Tests.dll" adapterTypeName="executor://mstestadapter/v4" className="Epubs.Tests.EpubPathsTests" name="TestGetRelativePath" />
    </UnitTest>
    <UnitTest name="TestAddLeftToRight (Epub3,&quot;epub3_ltr.opf&quot;)" storage="d:\a\dotnet-monorepo\dotnet-monorepo\src\artifacts\bin\epubs.tests\release_win-x64\epubs.tests.dll" id="1d890bf7-586d-85b6-b06c-8f6a41e0ae1e">
      <Execution id="121a9470-040e-4a78-8c45-f02e72077bf8" />
      <TestMethod codeBase="D:\a\dotnet-monorepo\dotnet-monorepo\src\artifacts\bin\Epubs.Tests\release_win-x64\Epubs.Tests.dll" adapterTypeName="executor://mstestadapter/v4" className="Epubs.Tests.WriterTests.PackageDocumentTests.SpineTests" name="TestAddLeftToRight" />
    </UnitTest>
    <UnitTest name="TestAddIdentifier (Epub2)" storage="d:\a\dotnet-monorepo\dotnet-monorepo\src\artifacts\bin\epubs.tests\release_win-x64\epubs.tests.dll" id="1a5dc06e-54fd-8d2c-a693-2b5cb2a6574b">
      <Execution id="43edb9de-57f4-4b4f-85dc-e2e1d04f2f85" />
      <TestMethod codeBase="D:\a\dotnet-monorepo\dotnet-monorepo\src\artifacts\bin\Epubs.Tests\release_win-x64\Epubs.Tests.dll" adapterTypeName="executor://mstestadapter/v4" className="Epubs.Tests.WriterTests.NavigationTests.NcxTests" name="TestAddIdentifier" />
    </UnitTest>
    <UnitTest name="TestAddItemToLandmarks (Epub3)" storage="d:\a\dotnet-monorepo\dotnet-monorepo\src\artifacts\bin\epubs.tests\release_win-x64\epubs.tests.dll" id="178aa3ea-46b0-8718-8f38-a36a6d78e6f8">
      <Execution id="385df890-3274-43df-91f9-55985dc9369a" />
      <TestMethod codeBase="D:\a\dotnet-monorepo\dotnet-monorepo\src\artifacts\bin\Epubs.Tests\release_win-x64\Epubs.Tests.dll" adapterTypeName="executor://mstestadapter/v4" className="Epubs.Tests.WriterTests.NavigationTests.NavigationDocumentTests" name="TestAddItemToLandmarks" />
    </UnitTest>
    <UnitTest name="TestGetContainerXmlDocument (Epub2)" storage="d:\a\dotnet-monorepo\dotnet-monorepo\src\artifacts\bin\epubs.tests\release_win-x64\epubs.tests.dll" id="1e8f751a-7342-8e0a-8749-cd28c43d3882">
      <Execution id="6258d065-2407-4836-864f-68abe554ebf3" />
      <TestMethod codeBase="D:\a\dotnet-monorepo\dotnet-monorepo\src\artifacts\bin\Epubs.Tests\release_win-x64\Epubs.Tests.dll" adapterTypeName="executor://mstestadapter/v4" className="Epubs.Tests.WriterTests.MetaInfTests.ContainerXmlTests" name="TestGetContainerXmlDocument" />
    </UnitTest>
    <UnitTest name="TestAddCreator (Epub2,[&quot;aut&quot;],&quot;epub2_one_role.opf&quot;)" storage="d:\a\dotnet-monorepo\dotnet-monorepo\src\artifacts\bin\epubs.tests\release_win-x64\epubs.tests.dll" id="1ad59a54-6162-8915-b78f-cbce5547287d">
      <Execution id="cbba5a3d-9d2a-4455-a9bc-ebd7a0abf1f1" />
      <TestMethod codeBase="D:\a\dotnet-monorepo\dotnet-monorepo\src\artifacts\bin\Epubs.Tests\release_win-x64\Epubs.Tests.dll" adapterTypeName="executor://mstestadapter/v4" className="Epubs.Tests.WriterTests.PackageDocumentTests.MetadataTests" name="TestAddCreator" />
    </UnitTest>
    <UnitTest name="TestAddRightToLeft (Epub2,&quot;epub2_rtl.opf&quot;)" storage="d:\a\dotnet-monorepo\dotnet-monorepo\src\artifacts\bin\epubs.tests\release_win-x64\epubs.tests.dll" id="18f58b21-b2c3-803b-8cb0-4e08dd113f73">
      <Execution id="f0cc2e80-e593-4922-b08d-634555a94e1c" />
      <TestMethod codeBase="D:\a\dotnet-monorepo\dotnet-monorepo\src\artifacts\bin\Epubs.Tests\release_win-x64\Epubs.Tests.dll" adapterTypeName="executor://mstestadapter/v4" className="Epubs.Tests.WriterTests.PackageDocumentTests.SpineTests" name="TestAddRightToLeft" />
    </UnitTest>
    <UnitTest name="TestAddModified (Epub3)" storage="d:\a\dotnet-monorepo\dotnet-monorepo\src\artifacts\bin\epubs.tests\release_win-x64\epubs.tests.dll" id="1584ef67-fe1c-864d-a045-629d708e2516">
      <Execution id="f69dda99-69cf-4101-a903-df2a4841fc8b" />
      <TestMethod codeBase="D:\a\dotnet-monorepo\dotnet-monorepo\src\artifacts\bin\Epubs.Tests\release_win-x64\Epubs.Tests.dll" adapterTypeName="executor://mstestadapter/v4" className="Epubs.Tests.WriterTests.PackageDocumentTests.MetadataTests" name="TestAddModified" />
    </UnitTest>
    <UnitTest name="TestAddLanguage (Epub2)" storage="d:\a\dotnet-monorepo\dotnet-monorepo\src\artifacts\bin\epubs.tests\release_win-x64\epubs.tests.dll" id="196202e8-80f4-8220-b7a4-03bed006a872">
      <Execution id="58b00298-f86f-4f5b-92fc-6907fefadace" />
      <TestMethod codeBase="D:\a\dotnet-monorepo\dotnet-monorepo\src\artifacts\bin\Epubs.Tests\release_win-x64\Epubs.Tests.dll" adapterTypeName="executor://mstestadapter/v4" className="Epubs.Tests.WriterTests.PackageDocumentTests.MetadataTests" name="TestAddLanguage" />
    </UnitTest>
    <UnitTest name="TestResolvePath (&quot;a/b/c&quot;,&quot;d/e&quot;,&quot;a/b/c/d/e&quot;)" storage="d:\a\dotnet-monorepo\dotnet-monorepo\src\artifacts\bin\epubs.tests\release_win-x64\epubs.tests.dll" id="173165ad-d2bc-8165-97a9-c5621186750e">
      <Execution id="412e9837-f189-4d84-bb76-9050791dac0d" />
      <TestMethod codeBase="D:\a\dotnet-monorepo\dotnet-monorepo\src\artifacts\bin\Epubs.Tests\release_win-x64\Epubs.Tests.dll" adapterTypeName="executor://mstestadapter/v4" className="Epubs.Tests.EpubPathsTests" name="TestResolvePath" />
    </UnitTest>
    <UnitTest name="TestAddDescription (Epub2)" storage="d:\a\dotnet-monorepo\dotnet-monorepo\src\artifacts\bin\epubs.tests\release_win-x64\epubs.tests.dll" id="13acc5b9-b971-8983-8930-49d6f4051f77">
      <Execution id="39a384de-1071-4a0e-aac4-9cd951e06a25" />
      <TestMethod codeBase="D:\a\dotnet-monorepo\dotnet-monorepo\src\artifacts\bin\Epubs.Tests\release_win-x64\Epubs.Tests.dll" adapterTypeName="executor://mstestadapter/v4" className="Epubs.Tests.WriterTests.PackageDocumentTests.MetadataTests" name="TestAddDescription" />
    </UnitTest>
    <UnitTest name="TestAddNavItem (Epub2)" storage="d:\a\dotnet-monorepo\dotnet-monorepo\src\artifacts\bin\epubs.tests\release_win-x64\epubs.tests.dll" id="14c058b4-2c86-895b-b0b1-cc5b57859157">
      <Execution id="abb82804-3fce-476d-a3b0-848e1ce4689f" />
      <TestMethod codeBase="D:\a\dotnet-monorepo\dotnet-monorepo\src\artifacts\bin\Epubs.Tests\release_win-x64\Epubs.Tests.dll" adapterTypeName="executor://mstestadapter/v4" className="Epubs.Tests.WriterTests.NavigationTests.NcxTests" name="TestAddNavItem" />
    </UnitTest>
    <UnitTest name="TestGetContainerXmlDocument (Epub3)" storage="d:\a\dotnet-monorepo\dotnet-monorepo\src\artifacts\bin\epubs.tests\release_win-x64\epubs.tests.dll" id="1011288e-031f-8748-b274-76a1b0e99c39">
      <Execution id="7eb9beda-4d86-4e8a-a6f8-9a3089dbde82" />
      <TestMethod codeBase="D:\a\dotnet-monorepo\dotnet-monorepo\src\artifacts\bin\Epubs.Tests\release_win-x64\Epubs.Tests.dll" adapterTypeName="executor://mstestadapter/v4" className="Epubs.Tests.WriterTests.MetaInfTests.ContainerXmlTests" name="TestGetContainerXmlDocument" />
    </UnitTest>
    <UnitTest name="TestAddLeftToRight (Epub2,&quot;epub2_ltr.opf&quot;)" storage="d:\a\dotnet-monorepo\dotnet-monorepo\src\artifacts\bin\epubs.tests\release_win-x64\epubs.tests.dll" id="1606129a-0ad6-89b1-8eb5-de137dec383d">
      <Execution id="37a1769d-3665-4b83-a3f8-6e4dd8644dc5" />
      <TestMethod codeBase="D:\a\dotnet-monorepo\dotnet-monorepo\src\artifacts\bin\Epubs.Tests\release_win-x64\Epubs.Tests.dll" adapterTypeName="executor://mstestadapter/v4" className="Epubs.Tests.WriterTests.PackageDocumentTests.SpineTests" name="TestAddLeftToRight" />
    </UnitTest>
    <UnitTest name="TestAddNcx (Epub2,&quot;epub2_ncx.opf&quot;)" storage="d:\a\dotnet-monorepo\dotnet-monorepo\src\artifacts\bin\epubs.tests\release_win-x64\epubs.tests.dll" id="1907624b-6009-89cb-a76c-8b426f68f298">
      <Execution id="381c4d5d-0fe7-41bb-a63b-48a1504f88ee" />
      <TestMethod codeBase="D:\a\dotnet-monorepo\dotnet-monorepo\src\artifacts\bin\Epubs.Tests\release_win-x64\Epubs.Tests.dll" adapterTypeName="executor://mstestadapter/v4" className="Epubs.Tests.WriterTests.PackageDocumentTests.SpineTests" name="TestAddNcx" />
    </UnitTest>
    <UnitTest name="TestGetRasterDocument (Epub3)" storage="d:\a\dotnet-monorepo\dotnet-monorepo\src\artifacts\bin\epubs.tests\release_win-x64\epubs.tests.dll" id="1f20d052-efc6-827b-8ace-2d57870f3d7b">
      <Execution id="d53a5402-b369-4d6e-8cff-908e9500ef9e" />
      <TestMethod codeBase="D:\a\dotnet-monorepo\dotnet-monorepo\src\artifacts\bin\Epubs.Tests\release_win-x64\Epubs.Tests.dll" adapterTypeName="executor://mstestadapter/v4" className="Epubs.Tests.WriterTests.CoverXhtmlTests.RasterTests" name="TestGetRasterDocument" />
    </UnitTest>
    <UnitTest name="TestAddItemToManifest (Epub2,&quot;cover.jpg&quot;,null,null,&quot;epub2_noproperties_noid.opf&quot;)" storage="d:\a\dotnet-monorepo\dotnet-monorepo\src\artifacts\bin\epubs.tests\release_win-x64\epubs.tests.dll" id="1ec0effe-5d9b-8d26-ab26-1e26e51fca30">
      <Execution id="fc1ecf07-e21b-4af4-b689-e56e147548fc" />
      <TestMethod codeBase="D:\a\dotnet-monorepo\dotnet-monorepo\src\artifacts\bin\Epubs.Tests\release_win-x64\Epubs.Tests.dll" adapterTypeName="executor://mstestadapter/v4" className="Epubs.Tests.WriterTests.PackageDocumentTests.ManifestTests" name="TestAddItemToManifest" />
    </UnitTest>
    <UnitTest name="TestAddRightToLeft (Epub3,&quot;epub3_rtl.opf&quot;)" storage="d:\a\dotnet-monorepo\dotnet-monorepo\src\artifacts\bin\epubs.tests\release_win-x64\epubs.tests.dll" id="1d853697-1c40-8ef7-b701-75fcb83d716c">
      <Execution id="1267ebc6-f197-421f-8f35-6068026d20d2" />
      <TestMethod codeBase="D:\a\dotnet-monorepo\dotnet-monorepo\src\artifacts\bin\Epubs.Tests\release_win-x64\Epubs.Tests.dll" adapterTypeName="executor://mstestadapter/v4" className="Epubs.Tests.WriterTests.PackageDocumentTests.SpineTests" name="TestAddRightToLeft" />
    </UnitTest>
    <UnitTest name="TestAddNavItem (Epub3)" storage="d:\a\dotnet-monorepo\dotnet-monorepo\src\artifacts\bin\epubs.tests\release_win-x64\epubs.tests.dll" id="1bf56acc-bc6b-8496-947d-aa65e255463c">
      <Execution id="9561bce5-077a-4835-84fb-37abf23be479" />
      <TestMethod codeBase="D:\a\dotnet-monorepo\dotnet-monorepo\src\artifacts\bin\Epubs.Tests\release_win-x64\Epubs.Tests.dll" adapterTypeName="executor://mstestadapter/v4" className="Epubs.Tests.WriterTests.NavigationTests.NavigationDocumentTests" name="TestAddNavItem" />
    </UnitTest>
    <UnitTest name="TestAddDate (Epub2)" storage="d:\a\dotnet-monorepo\dotnet-monorepo\src\artifacts\bin\epubs.tests\release_win-x64\epubs.tests.dll" id="16e56989-76a7-8585-b943-e273cd2ed1c2">
      <Execution id="db7315f6-44c9-4d55-b2ec-49638e069b37" />
      <TestMethod codeBase="D:\a\dotnet-monorepo\dotnet-monorepo\src\artifacts\bin\Epubs.Tests\release_win-x64\Epubs.Tests.dll" adapterTypeName="executor://mstestadapter/v4" className="Epubs.Tests.WriterTests.PackageDocumentTests.MetadataTests" name="TestAddDate" />
    </UnitTest>
    <UnitTest name="TestGetRelativePath (&quot;a/b/c&quot;,&quot;&quot;,&quot;a/b/c&quot;)" storage="d:\a\dotnet-monorepo\dotnet-monorepo\src\artifacts\bin\epubs.tests\release_win-x64\epubs.tests.dll" id="11ca93a8-296b-8476-9f0b-6fc4b090990d">
      <Execution id="c027ac4f-95fa-47d7-b2e6-4d9955a1d474" />
      <TestMethod codeBase="D:\a\dotnet-monorepo\dotnet-monorepo\src\artifacts\bin\Epubs.Tests\release_win-x64\Epubs.Tests.dll" adapterTypeName="executor://mstestadapter/v4" className="Epubs.Tests.EpubPathsTests" name="TestGetRelativePath" />
    </UnitTest>
    <UnitTest name="TestGetRelativePath (&quot;a/b/c&quot;,&quot;a&quot;,&quot;b/c&quot;)" storage="d:\a\dotnet-monorepo\dotnet-monorepo\src\artifacts\bin\epubs.tests\release_win-x64\epubs.tests.dll" id="1f86d215-1c27-8857-97b9-0ba7f808e19d">
      <Execution id="22bbce5e-dd4f-4c44-8bbe-865fe30244ec" />
      <TestMethod codeBase="D:\a\dotnet-monorepo\dotnet-monorepo\src\artifacts\bin\Epubs.Tests\release_win-x64\Epubs.Tests.dll" adapterTypeName="executor://mstestadapter/v4" className="Epubs.Tests.EpubPathsTests" name="TestGetRelativePath" />
    </UnitTest>
    <UnitTest name="TestAddIdentifier (Epub3)" storage="d:\a\dotnet-monorepo\dotnet-monorepo\src\artifacts\bin\epubs.tests\release_win-x64\epubs.tests.dll" id="110d5f63-5620-8288-a852-48415a5701b6">
      <Execution id="18938016-a9f3-4ef8-b49e-a836ce69fce9" />
      <TestMethod codeBase="D:\a\dotnet-monorepo\dotnet-monorepo\src\artifacts\bin\Epubs.Tests\release_win-x64\Epubs.Tests.dll" adapterTypeName="executor://mstestadapter/v4" className="Epubs.Tests.WriterTests.PackageDocumentTests.MetadataTests" name="TestAddIdentifier" />
    </UnitTest>
    <UnitTest name="TestAddIdentifier (Epub3)" storage="d:\a\dotnet-monorepo\dotnet-monorepo\src\artifacts\bin\epubs.tests\release_win-x64\epubs.tests.dll" id="13bb92f3-9643-8d68-aa0d-763f51bdbf81">
      <Execution id="812a8570-9461-4599-848f-7b22dcb7bd16" />
      <TestMethod codeBase="D:\a\dotnet-monorepo\dotnet-monorepo\src\artifacts\bin\Epubs.Tests\release_win-x64\Epubs.Tests.dll" adapterTypeName="executor://mstestadapter/v4" className="Epubs.Tests.WriterTests.NavigationTests.NcxTests" name="TestAddIdentifier" />
    </UnitTest>
    <UnitTest name="TestGetRasterDocument (Epub2)" storage="d:\a\dotnet-monorepo\dotnet-monorepo\src\artifacts\bin\epubs.tests\release_win-x64\epubs.tests.dll" id="104fae68-6cd5-841d-8283-464853a139a3">
      <Execution id="261a5c66-c12c-47d9-a695-0be6e4074faa" />
      <TestMethod codeBase="D:\a\dotnet-monorepo\dotnet-monorepo\src\artifacts\bin\Epubs.Tests\release_win-x64\Epubs.Tests.dll" adapterTypeName="executor://mstestadapter/v4" className="Epubs.Tests.WriterTests.CoverXhtmlTests.RasterTests" name="TestGetRasterDocument" />
    </UnitTest>
    <UnitTest name="TestAddPrePaginated (Epub2)" storage="d:\a\dotnet-monorepo\dotnet-monorepo\src\artifacts\bin\epubs.tests\release_win-x64\epubs.tests.dll" id="17163b0e-a15f-81ae-864e-083555ff6db1">
      <Execution id="411c47f9-e8e7-4d08-87e1-c21515eab1d3" />
      <TestMethod codeBase="D:\a\dotnet-monorepo\dotnet-monorepo\src\artifacts\bin\Epubs.Tests\release_win-x64\Epubs.Tests.dll" adapterTypeName="executor://mstestadapter/v4" className="Epubs.Tests.WriterTests.PackageDocumentTests.MetadataTests" name="TestAddPrePaginated" />
    </UnitTest>
    <UnitTest name="TestAddDescription (Epub3)" storage="d:\a\dotnet-monorepo\dotnet-monorepo\src\artifacts\bin\epubs.tests\release_win-x64\epubs.tests.dll" id="17b70e0f-1bb5-8232-bb22-ad292bd4ca53">
      <Execution id="f732ede1-a4c7-4cf9-97fd-3cf9f2290016" />
      <TestMethod codeBase="D:\a\dotnet-monorepo\dotnet-monorepo\src\artifacts\bin\Epubs.Tests\release_win-x64\Epubs.Tests.dll" adapterTypeName="executor://mstestadapter/v4" className="Epubs.Tests.WriterTests.PackageDocumentTests.MetadataTests" name="TestAddDescription" />
    </UnitTest>
    <UnitTest name="TestResolvePath (&quot;&quot;,&quot;a/b/c&quot;,&quot;a/b/c&quot;)" storage="d:\a\dotnet-monorepo\dotnet-monorepo\src\artifacts\bin\epubs.tests\release_win-x64\epubs.tests.dll" id="1d0b33a2-7e9b-8950-ad7c-1126beafd8dd">
      <Execution id="50f9307d-0a3d-4827-a9bf-36e39e6b5798" />
      <TestMethod codeBase="D:\a\dotnet-monorepo\dotnet-monorepo\src\artifacts\bin\Epubs.Tests\release_win-x64\Epubs.Tests.dll" adapterTypeName="executor://mstestadapter/v4" className="Epubs.Tests.EpubPathsTests" name="TestResolvePath" />
    </UnitTest>
    <UnitTest name="TestAddItemToLandmarks (Epub2)" storage="d:\a\dotnet-monorepo\dotnet-monorepo\src\artifacts\bin\epubs.tests\release_win-x64\epubs.tests.dll" id="1a7fb99e-f52f-8ccc-ab1f-13586db79d1e">
      <Execution id="56e34ca4-7b6c-4004-acc2-4cfd4bf24531" />
      <TestMethod codeBase="D:\a\dotnet-monorepo\dotnet-monorepo\src\artifacts\bin\Epubs.Tests\release_win-x64\Epubs.Tests.dll" adapterTypeName="executor://mstestadapter/v4" className="Epubs.Tests.WriterTests.NavigationTests.NavigationDocumentTests" name="TestAddItemToLandmarks" />
    </UnitTest>
    <UnitTest name="TestResolvePath (&quot;a/b/c&quot;,&quot;../../d/e&quot;,&quot;a/d/e&quot;)" storage="d:\a\dotnet-monorepo\dotnet-monorepo\src\artifacts\bin\epubs.tests\release_win-x64\epubs.tests.dll" id="1cb53fa7-66ef-886d-96df-85f4e3a5f607">
      <Execution id="e74a1f29-c43f-497d-84cd-21b1be5de479" />
      <TestMethod codeBase="D:\a\dotnet-monorepo\dotnet-monorepo\src\artifacts\bin\Epubs.Tests\release_win-x64\Epubs.Tests.dll" adapterTypeName="executor://mstestadapter/v4" className="Epubs.Tests.EpubPathsTests" name="TestResolvePath" />
    </UnitTest>
    <UnitTest name="TestAddReferenceToGuide (Epub3)" storage="d:\a\dotnet-monorepo\dotnet-monorepo\src\artifacts\bin\epubs.tests\release_win-x64\epubs.tests.dll" id="12509452-eb51-8bd2-8023-5d9d95470f16">
      <Execution id="ba944cc9-6b33-4784-9558-efc2e004d883" />
      <TestMethod codeBase="D:\a\dotnet-monorepo\dotnet-monorepo\src\artifacts\bin\Epubs.Tests\release_win-x64\Epubs.Tests.dll" adapterTypeName="executor://mstestadapter/v4" className="Epubs.Tests.WriterTests.PackageDocumentTests.GuideTests" name="TestAddReferenceToGuide" />
    </UnitTest>
    <UnitTest name="TestAddTitle (Epub3)" storage="d:\a\dotnet-monorepo\dotnet-monorepo\src\artifacts\bin\epubs.tests\release_win-x64\epubs.tests.dll" id="12fc392e-8199-86c7-8604-b296f0959a0f">
      <Execution id="c8b2aead-e1e2-4d35-9993-fa4af93be5e6" />
      <TestMethod codeBase="D:\a\dotnet-monorepo\dotnet-monorepo\src\artifacts\bin\Epubs.Tests\release_win-x64\Epubs.Tests.dll" adapterTypeName="executor://mstestadapter/v4" className="Epubs.Tests.WriterTests.PackageDocumentTests.MetadataTests" name="TestAddTitle" />
    </UnitTest>
    <UnitTest name="TestAddNcx (Epub3,&quot;epub3_ncx.opf&quot;)" storage="d:\a\dotnet-monorepo\dotnet-monorepo\src\artifacts\bin\epubs.tests\release_win-x64\epubs.tests.dll" id="14d0cd07-d554-8a17-ae84-6d68b4a68e29">
      <Execution id="c76cd8b1-ecbe-40ad-85c5-5adb3f7c19a5" />
      <TestMethod codeBase="D:\a\dotnet-monorepo\dotnet-monorepo\src\artifacts\bin\Epubs.Tests\release_win-x64\Epubs.Tests.dll" adapterTypeName="executor://mstestadapter/v4" className="Epubs.Tests.WriterTests.PackageDocumentTests.SpineTests" name="TestAddNcx" />
    </UnitTest>
    <UnitTest name="TestAddDate (Epub3)" storage="d:\a\dotnet-monorepo\dotnet-monorepo\src\artifacts\bin\epubs.tests\release_win-x64\epubs.tests.dll" id="1c344ecb-28e7-8e25-b223-6e397f5054f4">
      <Execution id="a25195f4-35d4-4482-8933-806d73452534" />
      <TestMethod codeBase="D:\a\dotnet-monorepo\dotnet-monorepo\src\artifacts\bin\Epubs.Tests\release_win-x64\Epubs.Tests.dll" adapterTypeName="executor://mstestadapter/v4" className="Epubs.Tests.WriterTests.PackageDocumentTests.MetadataTests" name="TestAddDate" />
    </UnitTest>
    <UnitTest name="TestAddCreator (Epub3,[&quot;aut&quot;,&quot;ill&quot;],&quot;epub3_two_roles.opf&quot;)" storage="d:\a\dotnet-monorepo\dotnet-monorepo\src\artifacts\bin\epubs.tests\release_win-x64\epubs.tests.dll" id="12ab518a-33ba-8068-a833-7799730fcbd5">
      <Execution id="92882dfb-0b84-4df3-8391-74c10a05c4fd" />
      <TestMethod codeBase="D:\a\dotnet-monorepo\dotnet-monorepo\src\artifacts\bin\Epubs.Tests\release_win-x64\Epubs.Tests.dll" adapterTypeName="executor://mstestadapter/v4" className="Epubs.Tests.WriterTests.PackageDocumentTests.MetadataTests" name="TestAddCreator" />
    </UnitTest>
    <UnitTest name="TestAddCreator (Epub3,[&quot;aut&quot;],&quot;epub3_one_role.opf&quot;)" storage="d:\a\dotnet-monorepo\dotnet-monorepo\src\artifacts\bin\epubs.tests\release_win-x64\epubs.tests.dll" id="178c28d6-788e-8eb5-bd79-d8ce91ec7454">
      <Execution id="bd5dd40b-d9e3-49cf-a435-7d2e1b01113f" />
      <TestMethod codeBase="D:\a\dotnet-monorepo\dotnet-monorepo\src\artifacts\bin\Epubs.Tests\release_win-x64\Epubs.Tests.dll" adapterTypeName="executor://mstestadapter/v4" className="Epubs.Tests.WriterTests.PackageDocumentTests.MetadataTests" name="TestAddCreator" />
    </UnitTest>
    <UnitTest name="TestAddIdentifier (Epub2)" storage="d:\a\dotnet-monorepo\dotnet-monorepo\src\artifacts\bin\epubs.tests\release_win-x64\epubs.tests.dll" id="124a442d-5cef-8a5e-832b-b6cc6c966046">
      <Execution id="5c50f5ce-6762-4ff5-81eb-d9095a2aa9d9" />
      <TestMethod codeBase="D:\a\dotnet-monorepo\dotnet-monorepo\src\artifacts\bin\Epubs.Tests\release_win-x64\Epubs.Tests.dll" adapterTypeName="executor://mstestadapter/v4" className="Epubs.Tests.WriterTests.PackageDocumentTests.MetadataTests" name="TestAddIdentifier" />
    </UnitTest>
    <UnitTest name="TestAddCreator (Epub2,[&quot;aut&quot;,&quot;ill&quot;],&quot;epub2_two_roles.opf&quot;)" storage="d:\a\dotnet-monorepo\dotnet-monorepo\src\artifacts\bin\epubs.tests\release_win-x64\epubs.tests.dll" id="18fb7630-93a1-828b-a9e1-500b27327666">
      <Execution id="4eed3cdc-8048-43d5-9bed-042efb3a8bf5" />
      <TestMethod codeBase="D:\a\dotnet-monorepo\dotnet-monorepo\src\artifacts\bin\Epubs.Tests\release_win-x64\Epubs.Tests.dll" adapterTypeName="executor://mstestadapter/v4" className="Epubs.Tests.WriterTests.PackageDocumentTests.MetadataTests" name="TestAddCreator" />
    </UnitTest>
    <UnitTest name="TestResolvePath (&quot;a/b/c&quot;,&quot;../c&quot;,&quot;a/b/c&quot;)" storage="d:\a\dotnet-monorepo\dotnet-monorepo\src\artifacts\bin\epubs.tests\release_win-x64\epubs.tests.dll" id="1a3f96ff-4c2e-82f1-a4ad-01abaff96e83">
      <Execution id="8f1b2f1a-7cc5-4cf2-a341-4f87964aae3b" />
      <TestMethod codeBase="D:\a\dotnet-monorepo\dotnet-monorepo\src\artifacts\bin\Epubs.Tests\release_win-x64\Epubs.Tests.dll" adapterTypeName="executor://mstestadapter/v4" className="Epubs.Tests.EpubPathsTests" name="TestResolvePath" />
    </UnitTest>
    <UnitTest name="TestAddItemToSpine (Epub2,null,&quot;epub2_noproperties.opf&quot;)" storage="d:\a\dotnet-monorepo\dotnet-monorepo\src\artifacts\bin\epubs.tests\release_win-x64\epubs.tests.dll" id="17cbd791-edb7-8411-9f3d-d0fe1b2fcf02">
      <Execution id="97299c1a-72be-446c-82fe-988ceec8a46b" />
      <TestMethod codeBase="D:\a\dotnet-monorepo\dotnet-monorepo\src\artifacts\bin\Epubs.Tests\release_win-x64\Epubs.Tests.dll" adapterTypeName="executor://mstestadapter/v4" className="Epubs.Tests.WriterTests.PackageDocumentTests.SpineTests" name="TestAddItemToSpine" />
    </UnitTest>
    <UnitTest name="TestAddItemToManifest (Epub3,&quot;cover.jpg&quot;,null,null,&quot;epub3_noproperties_noid.opf&quot;)" storage="d:\a\dotnet-monorepo\dotnet-monorepo\src\artifacts\bin\epubs.tests\release_win-x64\epubs.tests.dll" id="18b99c28-043f-8fa7-a585-45f8db35abe5">
      <Execution id="92f0f593-5611-417a-be30-b81fc9f6e6e5" />
      <TestMethod codeBase="D:\a\dotnet-monorepo\dotnet-monorepo\src\artifacts\bin\Epubs.Tests\release_win-x64\Epubs.Tests.dll" adapterTypeName="executor://mstestadapter/v4" className="Epubs.Tests.WriterTests.PackageDocumentTests.ManifestTests" name="TestAddItemToManifest" />
    </UnitTest>
    <UnitTest name="TestAddItemToSpine (Epub3,&quot;page-spread-left&quot;,&quot;epub3_properties.opf&quot;)" storage="d:\a\dotnet-monorepo\dotnet-monorepo\src\artifacts\bin\epubs.tests\release_win-x64\epubs.tests.dll" id="19fedbcf-3e8f-80d3-8f00-c9b50d3782b5">
      <Execution id="37ea5265-a941-416d-90b6-4033cd2ddcd6" />
      <TestMethod codeBase="D:\a\dotnet-monorepo\dotnet-monorepo\src\artifacts\bin\Epubs.Tests\release_win-x64\Epubs.Tests.dll" adapterTypeName="executor://mstestadapter/v4" className="Epubs.Tests.WriterTests.PackageDocumentTests.SpineTests" name="TestAddItemToSpine" />
    </UnitTest>
    <UnitTest name="TestAddPrePaginated (Epub3)" storage="d:\a\dotnet-monorepo\dotnet-monorepo\src\artifacts\bin\epubs.tests\release_win-x64\epubs.tests.dll" id="15879af3-5667-8627-8798-073634574cfb">
      <Execution id="570f4197-6ce8-4896-a8fa-ef5ef5fd04c9" />
      <TestMethod codeBase="D:\a\dotnet-monorepo\dotnet-monorepo\src\artifacts\bin\Epubs.Tests\release_win-x64\Epubs.Tests.dll" adapterTypeName="executor://mstestadapter/v4" className="Epubs.Tests.WriterTests.PackageDocumentTests.MetadataTests" name="TestAddPrePaginated" />
    </UnitTest>
    <UnitTest name="TestAddCreator (Epub2,[],&quot;epub2_no_roles.opf&quot;)" storage="d:\a\dotnet-monorepo\dotnet-monorepo\src\artifacts\bin\epubs.tests\release_win-x64\epubs.tests.dll" id="139f1cb2-b2ce-8c72-a0dc-23e529c29a74">
      <Execution id="357d05e4-5d82-4cef-96c2-094e604db93c" />
      <TestMethod codeBase="D:\a\dotnet-monorepo\dotnet-monorepo\src\artifacts\bin\Epubs.Tests\release_win-x64\Epubs.Tests.dll" adapterTypeName="executor://mstestadapter/v4" className="Epubs.Tests.WriterTests.PackageDocumentTests.MetadataTests" name="TestAddCreator" />
    </UnitTest>
    <UnitTest name="TestAddItemToSpine (Epub2,&quot;page-spread-left&quot;,&quot;epub2_properties.opf&quot;)" storage="d:\a\dotnet-monorepo\dotnet-monorepo\src\artifacts\bin\epubs.tests\release_win-x64\epubs.tests.dll" id="132a3618-bc6c-8626-b378-85737c5c1ffb">
      <Execution id="23886d1e-74a5-4a79-81ac-e678cf06dd98" />
      <TestMethod codeBase="D:\a\dotnet-monorepo\dotnet-monorepo\src\artifacts\bin\Epubs.Tests\release_win-x64\Epubs.Tests.dll" adapterTypeName="executor://mstestadapter/v4" className="Epubs.Tests.WriterTests.PackageDocumentTests.SpineTests" name="TestAddItemToSpine" />
    </UnitTest>
    <UnitTest name="TestAddItemToManifest (Epub3,&quot;cover.jpg&quot;,&quot;cover-image&quot;,&quot;cover-id&quot;,&quot;epub3_properties_id.opf&quot;)" storage="d:\a\dotnet-monorepo\dotnet-monorepo\src\artifacts\bin\epubs.tests\release_win-x64\epubs.tests.dll" id="1d6f9d40-3288-8453-b9b2-5ea56e2a4753">
      <Execution id="01206916-163e-4264-be30-2ad9999e3c1a" />
      <TestMethod codeBase="D:\a\dotnet-monorepo\dotnet-monorepo\src\artifacts\bin\Epubs.Tests\release_win-x64\Epubs.Tests.dll" adapterTypeName="executor://mstestadapter/v4" className="Epubs.Tests.WriterTests.PackageDocumentTests.ManifestTests" name="TestAddItemToManifest" />
    </UnitTest>
    <UnitTest name="TestAddNavItem (Epub3)" storage="d:\a\dotnet-monorepo\dotnet-monorepo\src\artifacts\bin\epubs.tests\release_win-x64\epubs.tests.dll" id="1229b021-b396-8067-9d67-6db2b8bc72b7">
      <Execution id="42deac48-a6b1-4034-9faf-7d5cdd52cc72" />
      <TestMethod codeBase="D:\a\dotnet-monorepo\dotnet-monorepo\src\artifacts\bin\Epubs.Tests\release_win-x64\Epubs.Tests.dll" adapterTypeName="executor://mstestadapter/v4" className="Epubs.Tests.WriterTests.NavigationTests.NcxTests" name="TestAddNavItem" />
    </UnitTest>
    <UnitTest name="TestGetRelativePath (&quot;a/b/c&quot;,&quot;b/c/d&quot;,&quot;../../../a/b/c&quot;)" storage="d:\a\dotnet-monorepo\dotnet-monorepo\src\artifacts\bin\epubs.tests\release_win-x64\epubs.tests.dll" id="1f027eb2-66bc-8be8-8300-bf63e361e75e">
      <Execution id="1f9defcb-0e14-4491-a91a-f14aa7516f1e" />
      <TestMethod codeBase="D:\a\dotnet-monorepo\dotnet-monorepo\src\artifacts\bin\Epubs.Tests\release_win-x64\Epubs.Tests.dll" adapterTypeName="executor://mstestadapter/v4" className="Epubs.Tests.EpubPathsTests" name="TestGetRelativePath" />
    </UnitTest>
    <UnitTest name="TestAddTitle (Epub3)" storage="d:\a\dotnet-monorepo\dotnet-monorepo\src\artifacts\bin\epubs.tests\release_win-x64\epubs.tests.dll" id="17e7e5f5-8e92-8ea9-bd8b-79d2ff2868d6">
      <Execution id="5e012b25-d11e-49d2-a7c8-42cbdc2de815" />
      <TestMethod codeBase="D:\a\dotnet-monorepo\dotnet-monorepo\src\artifacts\bin\Epubs.Tests\release_win-x64\Epubs.Tests.dll" adapterTypeName="executor://mstestadapter/v4" className="Epubs.Tests.WriterTests.NavigationTests.NcxTests" name="TestAddTitle" />
    </UnitTest>
    <UnitTest name="TestAddItemToSpine (Epub3,null,&quot;epub3_noproperties.opf&quot;)" storage="d:\a\dotnet-monorepo\dotnet-monorepo\src\artifacts\bin\epubs.tests\release_win-x64\epubs.tests.dll" id="1a00353d-820e-8fa3-9091-7b2ebff721ec">
      <Execution id="112d2d2a-f684-4471-ac65-ef81a19c1907" />
      <TestMethod codeBase="D:\a\dotnet-monorepo\dotnet-monorepo\src\artifacts\bin\Epubs.Tests\release_win-x64\Epubs.Tests.dll" adapterTypeName="executor://mstestadapter/v4" className="Epubs.Tests.WriterTests.PackageDocumentTests.SpineTests" name="TestAddItemToSpine" />
    </UnitTest>
    <UnitTest name="TestAddItemToManifest (Epub2,&quot;cover.jpg&quot;,&quot;cover-image&quot;,&quot;cover-id&quot;,&quot;epub2_properties_id.opf&quot;)" storage="d:\a\dotnet-monorepo\dotnet-monorepo\src\artifacts\bin\epubs.tests\release_win-x64\epubs.tests.dll" id="1c0b229c-cfde-842a-8c76-19a571413f49">
      <Execution id="2073a864-f89d-46be-8bc1-70fa6c0fb14b" />
      <TestMethod codeBase="D:\a\dotnet-monorepo\dotnet-monorepo\src\artifacts\bin\Epubs.Tests\release_win-x64\Epubs.Tests.dll" adapterTypeName="executor://mstestadapter/v4" className="Epubs.Tests.WriterTests.PackageDocumentTests.ManifestTests" name="TestAddItemToManifest" />
    </UnitTest>
    <UnitTest name="TestAddTitle (Epub2)" storage="d:\a\dotnet-monorepo\dotnet-monorepo\src\artifacts\bin\epubs.tests\release_win-x64\epubs.tests.dll" id="1b20638b-a8a6-85af-8458-b3b7c366f1d5">
      <Execution id="f1c30f7f-edee-47ff-834c-088131a3004e" />
      <TestMethod codeBase="D:\a\dotnet-monorepo\dotnet-monorepo\src\artifacts\bin\Epubs.Tests\release_win-x64\Epubs.Tests.dll" adapterTypeName="executor://mstestadapter/v4" className="Epubs.Tests.WriterTests.NavigationTests.NcxTests" name="TestAddTitle" />
    </UnitTest>
    <UnitTest name="TestResolvePath (&quot;a/b/c&quot;,&quot;../../../d/e&quot;,&quot;d/e&quot;)" storage="d:\a\dotnet-monorepo\dotnet-monorepo\src\artifacts\bin\epubs.tests\release_win-x64\epubs.tests.dll" id="1b26e4d7-3e0b-8adb-af94-08e50834077a">
      <Execution id="ebf6e78e-11ba-4284-a5db-59230adc6fd7" />
      <TestMethod codeBase="D:\a\dotnet-monorepo\dotnet-monorepo\src\artifacts\bin\Epubs.Tests\release_win-x64\Epubs.Tests.dll" adapterTypeName="executor://mstestadapter/v4" className="Epubs.Tests.EpubPathsTests" name="TestResolvePath" />
    </UnitTest>
    <UnitTest name="TestAddNavItem (Epub2)" storage="d:\a\dotnet-monorepo\dotnet-monorepo\src\artifacts\bin\epubs.tests\release_win-x64\epubs.tests.dll" id="132c93fc-99cf-80a0-b0a6-22904c48670f">
      <Execution id="d50fe127-0852-4c99-b76a-fbae3cb3456b" />
      <TestMethod codeBase="D:\a\dotnet-monorepo\dotnet-monorepo\src\artifacts\bin\Epubs.Tests\release_win-x64\Epubs.Tests.dll" adapterTypeName="executor://mstestadapter/v4" className="Epubs.Tests.WriterTests.NavigationTests.NavigationDocumentTests" name="TestAddNavItem" />
    </UnitTest>
    <UnitTest name="TestAddLanguage (Epub3)" storage="d:\a\dotnet-monorepo\dotnet-monorepo\src\artifacts\bin\epubs.tests\release_win-x64\epubs.tests.dll" id="1cef8686-5f34-86de-a6a3-8d35bb7afd79">
      <Execution id="351f6a07-6d1b-46ab-884f-7f152e0c8aa1" />
      <TestMethod codeBase="D:\a\dotnet-monorepo\dotnet-monorepo\src\artifacts\bin\Epubs.Tests\release_win-x64\Epubs.Tests.dll" adapterTypeName="executor://mstestadapter/v4" className="Epubs.Tests.WriterTests.PackageDocumentTests.MetadataTests" name="TestAddLanguage" />
    </UnitTest>
    <UnitTest name="TestAddCreator (Epub3,[],&quot;epub3_no_roles.opf&quot;)" storage="d:\a\dotnet-monorepo\dotnet-monorepo\src\artifacts\bin\epubs.tests\release_win-x64\epubs.tests.dll" id="18633743-5a95-84ca-aa1a-84a0ca6b512e">
      <Execution id="c8d89be9-b93c-4e8a-95ae-92bb3b7bd2dd" />
      <TestMethod codeBase="D:\a\dotnet-monorepo\dotnet-monorepo\src\artifacts\bin\Epubs.Tests\release_win-x64\Epubs.Tests.dll" adapterTypeName="executor://mstestadapter/v4" className="Epubs.Tests.WriterTests.PackageDocumentTests.MetadataTests" name="TestAddCreator" />
    </UnitTest>
    <UnitTest name="TestGetRelativePath (&quot;&quot;,&quot;a/b/c&quot;,&quot;../../..&quot;)" storage="d:\a\dotnet-monorepo\dotnet-monorepo\src\artifacts\bin\epubs.tests\release_win-x64\epubs.tests.dll" id="163d9d25-3781-8d01-aa89-fb0ed455ce67">
      <Execution id="bf0805c8-8ca9-456e-8a36-086613bea42d" />
      <TestMethod codeBase="D:\a\dotnet-monorepo\dotnet-monorepo\src\artifacts\bin\Epubs.Tests\release_win-x64\Epubs.Tests.dll" adapterTypeName="executor://mstestadapter/v4" className="Epubs.Tests.EpubPathsTests" name="TestGetRelativePath" />
    </UnitTest>
  </TestDefinitions>
  <TestEntries>
    <TestEntry testId="1a7fb99e-f52f-8ccc-ab1f-13586db79d1e" executionId="56e34ca4-7b6c-4004-acc2-4cfd4bf24531" testListId="8c84fa94-04c1-424b-9868-57a2d4851a1d" />
    <TestEntry testId="11ca93a8-296b-8476-9f0b-6fc4b090990d" executionId="c027ac4f-95fa-47d7-b2e6-4d9955a1d474" testListId="8c84fa94-04c1-424b-9868-57a2d4851a1d" />
    <TestEntry testId="1a5dc06e-54fd-8d2c-a693-2b5cb2a6574b" executionId="43edb9de-57f4-4b4f-85dc-e2e1d04f2f85" testListId="8c84fa94-04c1-424b-9868-57a2d4851a1d" />
    <TestEntry testId="18633743-5a95-84ca-aa1a-84a0ca6b512e" executionId="c8d89be9-b93c-4e8a-95ae-92bb3b7bd2dd" testListId="8c84fa94-04c1-424b-9868-57a2d4851a1d" />
    <TestEntry testId="1f20d052-efc6-827b-8ace-2d57870f3d7b" executionId="d53a5402-b369-4d6e-8cff-908e9500ef9e" testListId="8c84fa94-04c1-424b-9868-57a2d4851a1d" />
    <TestEntry testId="1c344ecb-28e7-8e25-b223-6e397f5054f4" executionId="a25195f4-35d4-4482-8933-806d73452534" testListId="8c84fa94-04c1-424b-9868-57a2d4851a1d" />
    <TestEntry testId="1b26e4d7-3e0b-8adb-af94-08e50834077a" executionId="ebf6e78e-11ba-4284-a5db-59230adc6fd7" testListId="8c84fa94-04c1-424b-9868-57a2d4851a1d" />
    <TestEntry testId="1e13994d-6844-8233-9112-553b896408e8" executionId="0c5f6cd3-d84b-42b3-b6d4-da30b99698c6" testListId="8c84fa94-04c1-424b-9868-57a2d4851a1d" />
    <TestEntry testId="1c0b229c-cfde-842a-8c76-19a571413f49" executionId="2073a864-f89d-46be-8bc1-70fa6c0fb14b" testListId="8c84fa94-04c1-424b-9868-57a2d4851a1d" />
    <TestEntry testId="124a442d-5cef-8a5e-832b-b6cc6c966046" executionId="5c50f5ce-6762-4ff5-81eb-d9095a2aa9d9" testListId="8c84fa94-04c1-424b-9868-57a2d4851a1d" />
    <TestEntry testId="12fc392e-8199-86c7-8604-b296f0959a0f" executionId="c8b2aead-e1e2-4d35-9993-fa4af93be5e6" testListId="8c84fa94-04c1-424b-9868-57a2d4851a1d" />
    <TestEntry testId="1d853697-1c40-8ef7-b701-75fcb83d716c" executionId="1267ebc6-f197-421f-8f35-6068026d20d2" testListId="8c84fa94-04c1-424b-9868-57a2d4851a1d" />
    <TestEntry testId="1e8f751a-7342-8e0a-8749-cd28c43d3882" executionId="6258d065-2407-4836-864f-68abe554ebf3" testListId="8c84fa94-04c1-424b-9868-57a2d4851a1d" />
    <TestEntry testId="1cb53fa7-66ef-886d-96df-85f4e3a5f607" executionId="e74a1f29-c43f-497d-84cd-21b1be5de479" testListId="8c84fa94-04c1-424b-9868-57a2d4851a1d" />
    <TestEntry testId="132a3618-bc6c-8626-b378-85737c5c1ffb" executionId="23886d1e-74a5-4a79-81ac-e678cf06dd98" testListId="8c84fa94-04c1-424b-9868-57a2d4851a1d" />
    <TestEntry testId="1576e578-fb17-8c86-9f06-aa7cda5c1b5a" executionId="80155353-e989-4482-9d8d-e63e69b02b55" testListId="8c84fa94-04c1-424b-9868-57a2d4851a1d" />
    <TestEntry testId="163d9d25-3781-8d01-aa89-fb0ed455ce67" executionId="bf0805c8-8ca9-456e-8a36-086613bea42d" testListId="8c84fa94-04c1-424b-9868-57a2d4851a1d" />
    <TestEntry testId="1606129a-0ad6-89b1-8eb5-de137dec383d" executionId="37a1769d-3665-4b83-a3f8-6e4dd8644dc5" testListId="8c84fa94-04c1-424b-9868-57a2d4851a1d" />
    <TestEntry testId="1ec0effe-5d9b-8d26-ab26-1e26e51fca30" executionId="fc1ecf07-e21b-4af4-b689-e56e147548fc" testListId="8c84fa94-04c1-424b-9868-57a2d4851a1d" />
    <TestEntry testId="178aa3ea-46b0-8718-8f38-a36a6d78e6f8" executionId="385df890-3274-43df-91f9-55985dc9369a" testListId="8c84fa94-04c1-424b-9868-57a2d4851a1d" />
    <TestEntry testId="13acc5b9-b971-8983-8930-49d6f4051f77" executionId="39a384de-1071-4a0e-aac4-9cd951e06a25" testListId="8c84fa94-04c1-424b-9868-57a2d4851a1d" />
    <TestEntry testId="1229b021-b396-8067-9d67-6db2b8bc72b7" executionId="42deac48-a6b1-4034-9faf-7d5cdd52cc72" testListId="8c84fa94-04c1-424b-9868-57a2d4851a1d" />
    <TestEntry testId="1d890bf7-586d-85b6-b06c-8f6a41e0ae1e" executionId="121a9470-040e-4a78-8c45-f02e72077bf8" testListId="8c84fa94-04c1-424b-9868-57a2d4851a1d" />
    <TestEntry testId="1907624b-6009-89cb-a76c-8b426f68f298" executionId="381c4d5d-0fe7-41bb-a63b-48a1504f88ee" testListId="8c84fa94-04c1-424b-9868-57a2d4851a1d" />
    <TestEntry testId="1a00353d-820e-8fa3-9091-7b2ebff721ec" executionId="112d2d2a-f684-4471-ac65-ef81a19c1907" testListId="8c84fa94-04c1-424b-9868-57a2d4851a1d" />
    <TestEntry testId="18b99c28-043f-8fa7-a585-45f8db35abe5" executionId="92f0f593-5611-417a-be30-b81fc9f6e6e5" testListId="8c84fa94-04c1-424b-9868-57a2d4851a1d" />
    <TestEntry testId="1b20638b-a8a6-85af-8458-b3b7c366f1d5" executionId="f1c30f7f-edee-47ff-834c-088131a3004e" testListId="8c84fa94-04c1-424b-9868-57a2d4851a1d" />
    <TestEntry testId="1bf56acc-bc6b-8496-947d-aa65e255463c" executionId="9561bce5-077a-4835-84fb-37abf23be479" testListId="8c84fa94-04c1-424b-9868-57a2d4851a1d" />
    <TestEntry testId="17cbd791-edb7-8411-9f3d-d0fe1b2fcf02" executionId="97299c1a-72be-446c-82fe-988ceec8a46b" testListId="8c84fa94-04c1-424b-9868-57a2d4851a1d" />
    <TestEntry testId="132c93fc-99cf-80a0-b0a6-22904c48670f" executionId="d50fe127-0852-4c99-b76a-fbae3cb3456b" testListId="8c84fa94-04c1-424b-9868-57a2d4851a1d" />
    <TestEntry testId="1dc58f02-8bfb-87ff-8152-97912961162e" executionId="2c042c80-c4cd-4274-a7ce-6c49d4d04e69" testListId="8c84fa94-04c1-424b-9868-57a2d4851a1d" />
    <TestEntry testId="17163b0e-a15f-81ae-864e-083555ff6db1" executionId="411c47f9-e8e7-4d08-87e1-c21515eab1d3" testListId="8c84fa94-04c1-424b-9868-57a2d4851a1d" />
    <TestEntry testId="110d5f63-5620-8288-a852-48415a5701b6" executionId="18938016-a9f3-4ef8-b49e-a836ce69fce9" testListId="8c84fa94-04c1-424b-9868-57a2d4851a1d" />
    <TestEntry testId="196202e8-80f4-8220-b7a4-03bed006a872" executionId="58b00298-f86f-4f5b-92fc-6907fefadace" testListId="8c84fa94-04c1-424b-9868-57a2d4851a1d" />
    <TestEntry testId="12ab518a-33ba-8068-a833-7799730fcbd5" executionId="92882dfb-0b84-4df3-8391-74c10a05c4fd" testListId="8c84fa94-04c1-424b-9868-57a2d4851a1d" />
    <TestEntry testId="1a3f96ff-4c2e-82f1-a4ad-01abaff96e83" executionId="8f1b2f1a-7cc5-4cf2-a341-4f87964aae3b" testListId="8c84fa94-04c1-424b-9868-57a2d4851a1d" />
    <TestEntry testId="15879af3-5667-8627-8798-073634574cfb" executionId="570f4197-6ce8-4896-a8fa-ef5ef5fd04c9" testListId="8c84fa94-04c1-424b-9868-57a2d4851a1d" />
    <TestEntry testId="1d0b33a2-7e9b-8950-ad7c-1126beafd8dd" executionId="50f9307d-0a3d-4827-a9bf-36e39e6b5798" testListId="8c84fa94-04c1-424b-9868-57a2d4851a1d" />
    <TestEntry testId="17b70e0f-1bb5-8232-bb22-ad292bd4ca53" executionId="f732ede1-a4c7-4cf9-97fd-3cf9f2290016" testListId="8c84fa94-04c1-424b-9868-57a2d4851a1d" />
    <TestEntry testId="1ad59a54-6162-8915-b78f-cbce5547287d" executionId="cbba5a3d-9d2a-4455-a9bc-ebd7a0abf1f1" testListId="8c84fa94-04c1-424b-9868-57a2d4851a1d" />
    <TestEntry testId="1f86d215-1c27-8857-97b9-0ba7f808e19d" executionId="22bbce5e-dd4f-4c44-8bbe-865fe30244ec" testListId="8c84fa94-04c1-424b-9868-57a2d4851a1d" />
    <TestEntry testId="14c058b4-2c86-895b-b0b1-cc5b57859157" executionId="abb82804-3fce-476d-a3b0-848e1ce4689f" testListId="8c84fa94-04c1-424b-9868-57a2d4851a1d" />
    <TestEntry testId="178c28d6-788e-8eb5-bd79-d8ce91ec7454" executionId="bd5dd40b-d9e3-49cf-a435-7d2e1b01113f" testListId="8c84fa94-04c1-424b-9868-57a2d4851a1d" />
    <TestEntry testId="139f1cb2-b2ce-8c72-a0dc-23e529c29a74" executionId="357d05e4-5d82-4cef-96c2-094e604db93c" testListId="8c84fa94-04c1-424b-9868-57a2d4851a1d" />
    <TestEntry testId="1f027eb2-66bc-8be8-8300-bf63e361e75e" executionId="1f9defcb-0e14-4491-a91a-f14aa7516f1e" testListId="8c84fa94-04c1-424b-9868-57a2d4851a1d" />
    <TestEntry testId="19fedbcf-3e8f-80d3-8f00-c9b50d3782b5" executionId="37ea5265-a941-416d-90b6-4033cd2ddcd6" testListId="8c84fa94-04c1-424b-9868-57a2d4851a1d" />
    <TestEntry testId="1584ef67-fe1c-864d-a045-629d708e2516" executionId="f69dda99-69cf-4101-a903-df2a4841fc8b" testListId="8c84fa94-04c1-424b-9868-57a2d4851a1d" />
    <TestEntry testId="17e7e5f5-8e92-8ea9-bd8b-79d2ff2868d6" executionId="5e012b25-d11e-49d2-a7c8-42cbdc2de815" testListId="8c84fa94-04c1-424b-9868-57a2d4851a1d" />
    <TestEntry testId="1d6f9d40-3288-8453-b9b2-5ea56e2a4753" executionId="01206916-163e-4264-be30-2ad9999e3c1a" testListId="8c84fa94-04c1-424b-9868-57a2d4851a1d" />
    <TestEntry testId="18f58b21-b2c3-803b-8cb0-4e08dd113f73" executionId="f0cc2e80-e593-4922-b08d-634555a94e1c" testListId="8c84fa94-04c1-424b-9868-57a2d4851a1d" />
    <TestEntry testId="12509452-eb51-8bd2-8023-5d9d95470f16" executionId="ba944cc9-6b33-4784-9558-efc2e004d883" testListId="8c84fa94-04c1-424b-9868-57a2d4851a1d" />
    <TestEntry testId="1011288e-031f-8748-b274-76a1b0e99c39" executionId="7eb9beda-4d86-4e8a-a6f8-9a3089dbde82" testListId="8c84fa94-04c1-424b-9868-57a2d4851a1d" />
    <TestEntry testId="173165ad-d2bc-8165-97a9-c5621186750e" executionId="412e9837-f189-4d84-bb76-9050791dac0d" testListId="8c84fa94-04c1-424b-9868-57a2d4851a1d" />
    <TestEntry testId="16e56989-76a7-8585-b943-e273cd2ed1c2" executionId="db7315f6-44c9-4d55-b2ec-49638e069b37" testListId="8c84fa94-04c1-424b-9868-57a2d4851a1d" />
    <TestEntry testId="16734436-cecd-83b5-8627-bcedb89c8296" executionId="988267a9-46e4-4910-91e9-1fce13d982a2" testListId="8c84fa94-04c1-424b-9868-57a2d4851a1d" />
    <TestEntry testId="1cef8686-5f34-86de-a6a3-8d35bb7afd79" executionId="351f6a07-6d1b-46ab-884f-7f152e0c8aa1" testListId="8c84fa94-04c1-424b-9868-57a2d4851a1d" />
    <TestEntry testId="18fb7630-93a1-828b-a9e1-500b27327666" executionId="4eed3cdc-8048-43d5-9bed-042efb3a8bf5" testListId="8c84fa94-04c1-424b-9868-57a2d4851a1d" />
    <TestEntry testId="13bb92f3-9643-8d68-aa0d-763f51bdbf81" executionId="812a8570-9461-4599-848f-7b22dcb7bd16" testListId="8c84fa94-04c1-424b-9868-57a2d4851a1d" />
    <TestEntry testId="14d0cd07-d554-8a17-ae84-6d68b4a68e29" executionId="c76cd8b1-ecbe-40ad-85c5-5adb3f7c19a5" testListId="8c84fa94-04c1-424b-9868-57a2d4851a1d" />
    <TestEntry testId="104fae68-6cd5-841d-8283-464853a139a3" executionId="261a5c66-c12c-47d9-a695-0be6e4074faa" testListId="8c84fa94-04c1-424b-9868-57a2d4851a1d" />
  </TestEntries>
  <TestLists>
    <TestList name="Results Not in a List" id="8c84fa94-04c1-424b-9868-57a2d4851a1d" />
    <TestList name="All Loaded Results" id="19431567-8539-422a-85d7-44ee4e166bda" />
  </TestLists>
  <ResultSummary outcome="Completed">
    <Counters total="60" executed="60" passed="60" failed="0" error="0" timeout="0" aborted="0" inconclusive="0" passedButRunAborted="0" notRunnable="0" notExecuted="0" disconnected="0" warning="0" completed="0" inProgress="0" pending="0" />
    <Output>
      <StdOut>Test Parallelization enabled for D:\a\dotnet-monorepo\dotnet-monorepo\src\artifacts\bin\Epubs.Tests\release_win-x64\Epubs.Tests.dll (Workers: 4, Scope: ClassLevel)&#xD;
</StdOut>
    </Output>
  </ResultSummary>
</TestRun>