<?xml version="1.0" encoding="utf-8"?>
<TestRun id="7aceca9f-22bb-4db9-a212-0cb94605f65f" name="@runnervm1li68 2026-06-11 01:53:01" xmlns="http://microsoft.com/schemas/VisualStudio/TeamTest/2010">
  <Times creation="2026-06-11T01:53:01.0088247+00:00" queuing="2026-06-11T01:53:01.0088247+00:00" start="2026-06-11T01:53:00.4226980+00:00" finish="2026-06-11T01:53:01.0702298+00:00" />
  <TestSettings name="default" id="8037a421-fcfd-4f67-b9e6-4b1572f3c575">
    <Deployment runDeploymentRoot="_runnervm1li68_2026-06-11_01_53_01" />
  </TestSettings>
  <Results>
    <UnitTestResult executionId="727ed4ac-9294-475d-b36b-5fafaa471698" testId="1606129a-0ad6-89b1-8eb5-de137dec383d" testName="TestAddLeftToRight (Epub2,&quot;epub2_ltr.opf&quot;)" computerName="runnervm1li68" duration="00:00:00.0003345" startTime="2026-06-11T01:53:00.9673456+00:00" endTime="2026-06-11T01:53:00.9677523+00:00" testType="13cdc9d9-ddb5-4fa4-a97d-d965ccfc6d4b" outcome="Passed" testListId="8c84fa94-04c1-424b-9868-57a2d4851a1d" relativeResultsDirectory="727ed4ac-9294-475d-b36b-5fafaa471698" />
    <UnitTestResult executionId="4b9f9312-802d-40b8-b9d5-5ef3c1b51527" testId="1e8f751a-7342-8e0a-8749-cd28c43d3882" testName="TestGetContainerXmlDocument (Epub2)" computerName="runnervm1li68" duration="00:00:00.0005726" startTime="2026-06-11T01:53:00.9722142+00:00" endTime="2026-06-11T01:53:00.9728435+00:00" testType="13cdc9d9-ddb5-4fa4-a97d-d965ccfc6d4b" outcome="Passed" testListId="8c84fa94-04c1-424b-9868-57a2d4851a1d" relativeResultsDirectory="4b9f9312-802d-40b8-b9d5-5ef3c1b51527" />
    <UnitTestResult executionId="c8e1e0c8-a3e0-46d5-b09f-43c41645c782" testId="110d5f63-5620-8288-a852-48415a5701b6" testName="TestAddIdentifier (Epub3)" computerName="runnervm1li68" duration="00:00:00.0006855" startTime="2026-06-11T01:53:00.9622148+00:00" endTime="2026-06-11T01:53:00.9630103+00:00" testType="13cdc9d9-ddb5-4fa4-a97d-d965ccfc6d4b" outcome="Passed" testListId="8c84fa94-04c1-424b-9868-57a2d4851a1d" relativeResultsDirectory="c8e1e0c8-a3e0-46d5-b09f-43c41645c782" />
    <UnitTestResult executionId="453f85f1-c855-43b3-95d5-4b4560a48c1a" testId="1584ef67-fe1c-864d-a045-629d708e2516" testName="TestAddModified (Epub3)" computerName="runnervm1li68" duration="00:00:00.0004691" startTime="2026-06-11T01:53:00.9765103+00:00" endTime="2026-06-11T01:53:00.9770475+00:00" testType="13cdc9d9-ddb5-4fa4-a97d-d965ccfc6d4b" outcome="Passed" testListId="8c84fa94-04c1-424b-9868-57a2d4851a1d" relativeResultsDirectory="453f85f1-c855-43b3-95d5-4b4560a48c1a" />
    <UnitTestResult executionId="0d09dee9-9fc9-474b-a33d-8eef861db91c" testId="13acc5b9-b971-8983-8930-49d6f4051f77" testName="TestAddDescription (Epub2)" computerName="runnervm1li68" duration="00:00:00.0003736" startTime="2026-06-11T01:53:00.9727955+00:00" endTime="2026-06-11T01:53:00.9732209+00:00" testType="13cdc9d9-ddb5-4fa4-a97d-d965ccfc6d4b" outcome="Passed" testListId="8c84fa94-04c1-424b-9868-57a2d4851a1d" relativeResultsDirectory="0d09dee9-9fc9-474b-a33d-8eef861db91c" />
    <UnitTestResult executionId="d1f71001-1a2d-4212-8f6b-27f241768cbc" testId="19fedbcf-3e8f-80d3-8f00-c9b50d3782b5" testName="TestAddItemToSpine (Epub3,&quot;page-spread-left&quot;,&quot;epub3_properties.opf&quot;)" computerName="runnervm1li68" duration="00:00:00.0006056" startTime="2026-06-11T01:53:00.9622392+00:00" endTime="2026-06-11T01:53:00.9629360+00:00" testType="13cdc9d9-ddb5-4fa4-a97d-d965ccfc6d4b" outcome="Passed" testListId="8c84fa94-04c1-424b-9868-57a2d4851a1d" relativeResultsDirectory="d1f71001-1a2d-4212-8f6b-27f241768cbc" />
    <UnitTestResult executionId="88be54b5-ee8e-4835-9cfb-725a3dfd68b3" testId="1b26e4d7-3e0b-8adb-af94-08e50834077a" testName="TestResolvePath (&quot;a/b/c&quot;,&quot;../../../d/e&quot;,&quot;d/e&quot;)" computerName="runnervm1li68" duration="00:00:00.0000102" startTime="2026-06-11T01:53:00.9588555+00:00" endTime="2026-06-11T01:53:00.9603892+00:00" testType="13cdc9d9-ddb5-4fa4-a97d-d965ccfc6d4b" outcome="Passed" testListId="8c84fa94-04c1-424b-9868-57a2d4851a1d" relativeResultsDirectory="88be54b5-ee8e-4835-9cfb-725a3dfd68b3" />
    <UnitTestResult executionId="aedea826-cae1-4937-9ac1-b87dea759d1c" testId="1907624b-6009-89cb-a76c-8b426f68f298" testName="TestAddNcx (Epub2,&quot;epub2_ncx.opf&quot;)" computerName="runnervm1li68" duration="00:00:00.0004005" startTime="2026-06-11T01:53:00.9655361+00:00" endTime="2026-06-11T01:53:00.9659915+00:00" testType="13cdc9d9-ddb5-4fa4-a97d-d965ccfc6d4b" outcome="Passed" testListId="8c84fa94-04c1-424b-9868-57a2d4851a1d" relativeResultsDirectory="aedea826-cae1-4937-9ac1-b87dea759d1c" />
    <UnitTestResult executionId="13250492-5a15-4fc4-ac89-854f2b418717" testId="178aa3ea-46b0-8718-8f38-a36a6d78e6f8" testName="TestAddItemToLandmarks (Epub3)" computerName="runnervm1li68" duration="00:00:00.0007581" startTime="2026-06-11T01:53:00.9678493+00:00" endTime="2026-06-11T01:53:00.9686641+00:00" testType="13cdc9d9-ddb5-4fa4-a97d-d965ccfc6d4b" outcome="Passed" testListId="8c84fa94-04c1-424b-9868-57a2d4851a1d" relativeResultsDirectory="13250492-5a15-4fc4-ac89-854f2b418717" />
    <UnitTestResult executionId="88eeb946-b951-414e-935e-ee94d40579f1" testId="18b99c28-043f-8fa7-a585-45f8db35abe5" testName="TestAddItemToManifest (Epub3,&quot;cover.jpg&quot;,null,null,&quot;epub3_noproperties_noid.opf&quot;)" computerName="runnervm1li68" duration="00:00:00.0002864" startTime="2026-06-11T01:53:00.9594778+00:00" endTime="2026-06-11T01:53:00.9598251+00:00" testType="13cdc9d9-ddb5-4fa4-a97d-d965ccfc6d4b" outcome="Passed" testListId="8c84fa94-04c1-424b-9868-57a2d4851a1d" relativeResultsDirectory="88eeb946-b951-414e-935e-ee94d40579f1" />
    <UnitTestResult executionId="96943ec3-7d14-41fd-920e-2117126e253a" testId="17163b0e-a15f-81ae-864e-083555ff6db1" testName="TestAddPrePaginated (Epub2)" computerName="runnervm1li68" duration="00:00:00.0003731" startTime="2026-06-11T01:53:00.9760669+00:00" endTime="2026-06-11T01:53:00.9764911+00:00" testType="13cdc9d9-ddb5-4fa4-a97d-d965ccfc6d4b" outcome="Passed" testListId="8c84fa94-04c1-424b-9868-57a2d4851a1d" relativeResultsDirectory="96943ec3-7d14-41fd-920e-2117126e253a" />
    <UnitTestResult executionId="f2580658-10c8-45ec-8b62-a43baa466c32" testId="17b70e0f-1bb5-8232-bb22-ad292bd4ca53" testName="TestAddDescription (Epub3)" computerName="runnervm1li68" duration="00:00:00.0004671" startTime="2026-06-11T01:53:00.9722420+00:00" endTime="2026-06-11T01:53:00.9727756+00:00" testType="13cdc9d9-ddb5-4fa4-a97d-d965ccfc6d4b" outcome="Passed" testListId="8c84fa94-04c1-424b-9868-57a2d4851a1d" relativeResultsDirectory="f2580658-10c8-45ec-8b62-a43baa466c32" />
    <UnitTestResult executionId="796ce165-2836-42a3-abcb-884525507694" testId="1c0b229c-cfde-842a-8c76-19a571413f49" testName="TestAddItemToManifest (Epub2,&quot;cover.jpg&quot;,&quot;cover-image&quot;,&quot;cover-id&quot;,&quot;epub2_properties_id.opf&quot;)" computerName="runnervm1li68" duration="00:00:00.0005811" startTime="2026-06-11T01:53:00.9588026+00:00" endTime="2026-06-11T01:53:00.9594585+00:00" testType="13cdc9d9-ddb5-4fa4-a97d-d965ccfc6d4b" outcome="Passed" testListId="8c84fa94-04c1-424b-9868-57a2d4851a1d" relativeResultsDirectory="796ce165-2836-42a3-abcb-884525507694" />
    <UnitTestResult executionId="30d38a26-e55c-48d2-8811-bc32133e71b0" testId="124a442d-5cef-8a5e-832b-b6cc6c966046" testName="TestAddIdentifier (Epub2)" computerName="runnervm1li68" duration="00:00:00.0004878" startTime="2026-06-11T01:53:00.9630262+00:00" endTime="2026-06-11T01:53:00.9635634+00:00" testType="13cdc9d9-ddb5-4fa4-a97d-d965ccfc6d4b" outcome="Passed" testListId="8c84fa94-04c1-424b-9868-57a2d4851a1d" relativeResultsDirectory="30d38a26-e55c-48d2-8811-bc32133e71b0" />
    <UnitTestResult executionId="c7ac9543-9153-459b-87a8-8b1217fcd417" testId="17cbd791-edb7-8411-9f3d-d0fe1b2fcf02" testName="TestAddItemToSpine (Epub2,null,&quot;epub2_noproperties.opf&quot;)" computerName="runnervm1li68" duration="00:00:00.0001306" startTime="2026-06-11T01:53:00.9637855+00:00" endTime="2026-06-11T01:53:00.9639704+00:00" testType="13cdc9d9-ddb5-4fa4-a97d-d965ccfc6d4b" outcome="Passed" testListId="8c84fa94-04c1-424b-9868-57a2d4851a1d" relativeResultsDirectory="c7ac9543-9153-459b-87a8-8b1217fcd417" />
    <UnitTestResult executionId="9a5e6530-3d61-469b-9cce-0ddc5a1fc38b" testId="196202e8-80f4-8220-b7a4-03bed006a872" testName="TestAddLanguage (Epub2)" computerName="runnervm1li68" duration="00:00:00.0003333" startTime="2026-06-11T01:53:00.9660367+00:00" endTime="2026-06-11T01:53:00.9664235+00:00" testType="13cdc9d9-ddb5-4fa4-a97d-d965ccfc6d4b" outcome="Passed" testListId="8c84fa94-04c1-424b-9868-57a2d4851a1d" relativeResultsDirectory="9a5e6530-3d61-469b-9cce-0ddc5a1fc38b" />
    <UnitTestResult executionId="55cb50e1-5743-4649-adb6-e1f1238c0f95" testId="104fae68-6cd5-841d-8283-464853a139a3" testName="TestGetRasterDocument (Epub2)" computerName="runnervm1li68" duration="00:00:00.0010168" startTime="2026-06-11T01:53:00.9752012+00:00" endTime="2026-06-11T01:53:00.9762901+00:00" testType="13cdc9d9-ddb5-4fa4-a97d-d965ccfc6d4b" outcome="Passed" testListId="8c84fa94-04c1-424b-9868-57a2d4851a1d" relativeResultsDirectory="55cb50e1-5743-4649-adb6-e1f1238c0f95" />
    <UnitTestResult executionId="95cf9dd8-5407-4e46-91f0-486065126d0f" testId="139f1cb2-b2ce-8c72-a0dc-23e529c29a74" testName="TestAddCreator (Epub2,[],&quot;epub2_no_roles.opf&quot;)" computerName="runnervm1li68" duration="00:00:00.0003574" startTime="2026-06-11T01:53:00.9684348+00:00" endTime="2026-06-11T01:53:00.9688734+00:00" testType="13cdc9d9-ddb5-4fa4-a97d-d965ccfc6d4b" outcome="Passed" testListId="8c84fa94-04c1-424b-9868-57a2d4851a1d" relativeResultsDirectory="95cf9dd8-5407-4e46-91f0-486065126d0f" />
    <UnitTestResult executionId="bbda4de0-b389-466c-b5e1-de8c9d6a80c4" testId="1d890bf7-586d-85b6-b06c-8f6a41e0ae1e" testName="TestAddLeftToRight (Epub3,&quot;epub3_ltr.opf&quot;)" computerName="runnervm1li68" duration="00:00:00.0003435" startTime="2026-06-11T01:53:00.9660112+00:00" endTime="2026-06-11T01:53:00.9664235+00:00" testType="13cdc9d9-ddb5-4fa4-a97d-d965ccfc6d4b" outcome="Passed" testListId="8c84fa94-04c1-424b-9868-57a2d4851a1d" relativeResultsDirectory="bbda4de0-b389-466c-b5e1-de8c9d6a80c4" />
    <UnitTestResult executionId="15d2eb2e-4035-4fa9-a870-b6bd55ba9eda" testId="1229b021-b396-8067-9d67-6db2b8bc72b7" testName="TestAddNavItem (Epub3)" computerName="runnervm1li68" duration="00:00:00.0046652" startTime="2026-06-11T01:53:00.9727966+00:00" endTime="2026-06-11T01:53:00.9775072+00:00" testType="13cdc9d9-ddb5-4fa4-a97d-d965ccfc6d4b" outcome="Passed" testListId="8c84fa94-04c1-424b-9868-57a2d4851a1d" relativeResultsDirectory="15d2eb2e-4035-4fa9-a870-b6bd55ba9eda" />
    <UnitTestResult executionId="8b019130-1263-42e6-9cce-45254c4018bd" testId="1ec0effe-5d9b-8d26-ab26-1e26e51fca30" testName="TestAddItemToManifest (Epub2,&quot;cover.jpg&quot;,null,null,&quot;epub2_noproperties_noid.opf&quot;)" computerName="runnervm1li68" duration="00:00:00.0001443" startTime="2026-06-11T01:53:00.9598438+00:00" endTime="2026-06-11T01:53:00.9604273+00:00" testType="13cdc9d9-ddb5-4fa4-a97d-d965ccfc6d4b" outcome="Passed" testListId="8c84fa94-04c1-424b-9868-57a2d4851a1d" relativeResultsDirectory="8b019130-1263-42e6-9cce-45254c4018bd" />
    <UnitTestResult executionId="3211f1b2-41db-4297-99b8-5cc4cdd55109" testId="14c058b4-2c86-895b-b0b1-cc5b57859157" testName="TestAddNavItem (Epub2)" computerName="runnervm1li68" duration="00:00:00.0003122" startTime="2026-06-11T01:53:00.9775276+00:00" endTime="2026-06-11T01:53:00.9796657+00:00" testType="13cdc9d9-ddb5-4fa4-a97d-d965ccfc6d4b" outcome="Passed" testListId="8c84fa94-04c1-424b-9868-57a2d4851a1d" relativeResultsDirectory="3211f1b2-41db-4297-99b8-5cc4cdd55109" />
    <UnitTestResult executionId="236aff78-02c8-48fb-967b-989e31ac5e1a" testId="1e13994d-6844-8233-9112-553b896408e8" testName="TestAddReferenceToGuide (Epub2)" computerName="runnervm1li68" duration="00:00:00.0005321" startTime="2026-06-11T01:53:00.9588306+00:00" endTime="2026-06-11T01:53:00.9604055+00:00" testType="13cdc9d9-ddb5-4fa4-a97d-d965ccfc6d4b" outcome="Passed" testListId="8c84fa94-04c1-424b-9868-57a2d4851a1d" relativeResultsDirectory="236aff78-02c8-48fb-967b-989e31ac5e1a" />
    <UnitTestResult executionId="4c8437ff-ef88-41aa-9ff4-f708ea9b01c4" testId="12fc392e-8199-86c7-8604-b296f0959a0f" testName="TestAddTitle (Epub3)" computerName="runnervm1li68" duration="00:00:00.0005486" startTime="2026-06-11T01:53:00.9635864+00:00" endTime="2026-06-11T01:53:00.9641821+00:00" testType="13cdc9d9-ddb5-4fa4-a97d-d965ccfc6d4b" outcome="Passed" testListId="8c84fa94-04c1-424b-9868-57a2d4851a1d" relativeResultsDirectory="4c8437ff-ef88-41aa-9ff4-f708ea9b01c4" />
    <UnitTestResult executionId="bcd929b6-b6d2-4718-9202-84aadc79e8e7" testId="1f86d215-1c27-8857-97b9-0ba7f808e19d" testName="TestGetRelativePath (&quot;a/b/c&quot;,&quot;a&quot;,&quot;b/c&quot;)" computerName="runnervm1li68" duration="00:00:00.0077995" startTime="2026-06-11T01:53:00.8944714+00:00" endTime="2026-06-11T01:53:00.9210017+00:00" testType="13cdc9d9-ddb5-4fa4-a97d-d965ccfc6d4b" outcome="Passed" testListId="8c84fa94-04c1-424b-9868-57a2d4851a1d" relativeResultsDirectory="bcd929b6-b6d2-4718-9202-84aadc79e8e7" />
    <UnitTestResult executionId="49a88bcb-e2fe-4bd8-be34-935eb967dd7a" testId="1a7fb99e-f52f-8ccc-ab1f-13586db79d1e" testName="TestAddItemToLandmarks (Epub2)" computerName="runnervm1li68" duration="00:00:00.0003111" startTime="2026-06-11T01:53:00.9686924+00:00" endTime="2026-06-11T01:53:00.9690526+00:00" testType="13cdc9d9-ddb5-4fa4-a97d-d965ccfc6d4b" outcome="Passed" testListId="8c84fa94-04c1-424b-9868-57a2d4851a1d" relativeResultsDirectory="49a88bcb-e2fe-4bd8-be34-935eb967dd7a" />
    <UnitTestResult executionId="4ca05ef8-a079-4df9-a3d8-53bc029ca269" testId="18f58b21-b2c3-803b-8cb0-4e08dd113f73" testName="TestAddRightToLeft (Epub2,&quot;epub2_rtl.opf&quot;)" computerName="runnervm1li68" duration="00:00:00.0004134" startTime="2026-06-11T01:53:00.9681460+00:00" endTime="2026-06-11T01:53:00.9686183+00:00" testType="13cdc9d9-ddb5-4fa4-a97d-d965ccfc6d4b" outcome="Passed" testListId="8c84fa94-04c1-424b-9868-57a2d4851a1d" relativeResultsDirectory="4ca05ef8-a079-4df9-a3d8-53bc029ca269" />
    <UnitTestResult executionId="e0ecedc6-954e-46e9-9017-0023ff73893d" testId="1f20d052-efc6-827b-8ace-2d57870f3d7b" testName="TestGetRasterDocument (Epub3)" computerName="runnervm1li68" duration="00:00:00.0016189" startTime="2026-06-11T01:53:00.9728657+00:00" endTime="2026-06-11T01:53:00.9745661+00:00" testType="13cdc9d9-ddb5-4fa4-a97d-d965ccfc6d4b" outcome="Passed" testListId="8c84fa94-04c1-424b-9868-57a2d4851a1d" relativeResultsDirectory="e0ecedc6-954e-46e9-9017-0023ff73893d" />
    <UnitTestResult executionId="407c38b8-238f-420b-9ead-46980691e5cc" testId="1f027eb2-66bc-8be8-8300-bf63e361e75e" testName="TestGetRelativePath (&quot;a/b/c&quot;,&quot;b/c/d&quot;,&quot;../../../a/b/c&quot;)" computerName="runnervm1li68" duration="00:00:00.0000039" startTime="2026-06-11T01:53:00.9274813+00:00" endTime="2026-06-11T01:53:00.9275026+00:00" testType="13cdc9d9-ddb5-4fa4-a97d-d965ccfc6d4b" outcome="Passed" testListId="8c84fa94-04c1-424b-9868-57a2d4851a1d" relativeResultsDirectory="407c38b8-238f-420b-9ead-46980691e5cc" />
    <UnitTestResult executionId="8c47595f-2c8b-4b68-8cc7-12989b52b6b4" testId="14d0cd07-d554-8a17-ae84-6d68b4a68e29" testName="TestAddNcx (Epub3,&quot;epub3_ncx.opf&quot;)" computerName="runnervm1li68" duration="00:00:00.0004551" startTime="2026-06-11T01:53:00.9650049+00:00" endTime="2026-06-11T01:53:00.9655139+00:00" testType="13cdc9d9-ddb5-4fa4-a97d-d965ccfc6d4b" outcome="Passed" testListId="8c84fa94-04c1-424b-9868-57a2d4851a1d" relativeResultsDirectory="8c47595f-2c8b-4b68-8cc7-12989b52b6b4" />
    <UnitTestResult executionId="85bd00d3-f0f6-4c7a-8170-553d54173a30" testId="1011288e-031f-8748-b274-76a1b0e99c39" testName="TestGetContainerXmlDocument (Epub3)" computerName="runnervm1li68" duration="00:00:00.0006717" startTime="2026-06-11T01:53:00.9701065+00:00" endTime="2026-06-11T01:53:00.9708617+00:00" testType="13cdc9d9-ddb5-4fa4-a97d-d965ccfc6d4b" outcome="Passed" testListId="8c84fa94-04c1-424b-9868-57a2d4851a1d" relativeResultsDirectory="85bd00d3-f0f6-4c7a-8170-553d54173a30" />
    <UnitTestResult executionId="41ab6d7d-690b-4343-96cf-ca31ab22c054" testId="16734436-cecd-83b5-8627-bcedb89c8296" testName="TestGetRelativePath (&quot;a/b/c&quot;,&quot;a/b/d&quot;,&quot;../c&quot;)" computerName="runnervm1li68" duration="00:00:00.0004425" startTime="2026-06-11T01:53:00.9261955+00:00" endTime="2026-06-11T01:53:00.9270066+00:00" testType="13cdc9d9-ddb5-4fa4-a97d-d965ccfc6d4b" outcome="Passed" testListId="8c84fa94-04c1-424b-9868-57a2d4851a1d" relativeResultsDirectory="41ab6d7d-690b-4343-96cf-ca31ab22c054" />
    <UnitTestResult executionId="0bc8bdd9-aeb9-41d7-8a84-87d2d68c4bbd" testId="1c344ecb-28e7-8e25-b223-6e397f5054f4" testName="TestAddDate (Epub3)" computerName="runnervm1li68" duration="00:00:00.0005060" startTime="2026-06-11T01:53:00.9732413+00:00" endTime="2026-06-11T01:53:00.9738178+00:00" testType="13cdc9d9-ddb5-4fa4-a97d-d965ccfc6d4b" outcome="Passed" testListId="8c84fa94-04c1-424b-9868-57a2d4851a1d" relativeResultsDirectory="0bc8bdd9-aeb9-41d7-8a84-87d2d68c4bbd" />
    <UnitTestResult executionId="c36c1721-68be-42da-a6fc-059ea079a129" testId="18633743-5a95-84ca-aa1a-84a0ca6b512e" testName="TestAddCreator (Epub3,[],&quot;epub3_no_roles.opf&quot;)" computerName="runnervm1li68" duration="00:00:00.0009807" startTime="2026-06-11T01:53:00.9673603+00:00" endTime="2026-06-11T01:53:00.9684146+00:00" testType="13cdc9d9-ddb5-4fa4-a97d-d965ccfc6d4b" outcome="Passed" testListId="8c84fa94-04c1-424b-9868-57a2d4851a1d" relativeResultsDirectory="c36c1721-68be-42da-a6fc-059ea079a129" />
    <UnitTestResult executionId="ede17099-3bbd-4fdf-b51e-aa01de81b8f2" testId="1a00353d-820e-8fa3-9091-7b2ebff721ec" testName="TestAddItemToSpine (Epub3,null,&quot;epub3_noproperties.opf&quot;)" computerName="runnervm1li68" duration="00:00:00.0001273" startTime="2026-06-11T01:53:00.9635874+00:00" endTime="2026-06-11T01:53:00.9637664+00:00" testType="13cdc9d9-ddb5-4fa4-a97d-d965ccfc6d4b" outcome="Passed" testListId="8c84fa94-04c1-424b-9868-57a2d4851a1d" relativeResultsDirectory="ede17099-3bbd-4fdf-b51e-aa01de81b8f2" />
    <UnitTestResult executionId="b476c86e-cf1c-4d10-b77f-d6d41a99459f" testId="1a3f96ff-4c2e-82f1-a4ad-01abaff96e83" testName="TestResolvePath (&quot;a/b/c&quot;,&quot;../c&quot;,&quot;a/b/c&quot;)" computerName="runnervm1li68" duration="00:00:00.0000204" startTime="2026-06-11T01:53:00.9586760+00:00" endTime="2026-06-11T01:53:00.9587675+00:00" testType="13cdc9d9-ddb5-4fa4-a97d-d965ccfc6d4b" outcome="Passed" testListId="8c84fa94-04c1-424b-9868-57a2d4851a1d" relativeResultsDirectory="b476c86e-cf1c-4d10-b77f-d6d41a99459f" />
    <UnitTestResult executionId="01f77edd-ca18-48d8-ba82-35fa0e8005e1" testId="1a5dc06e-54fd-8d2c-a693-2b5cb2a6574b" testName="TestAddIdentifier (Epub2)" computerName="runnervm1li68" duration="00:00:00.0004637" startTime="2026-06-11T01:53:00.9701234+00:00" endTime="2026-06-11T01:53:00.9706332+00:00" testType="13cdc9d9-ddb5-4fa4-a97d-d965ccfc6d4b" outcome="Passed" testListId="8c84fa94-04c1-424b-9868-57a2d4851a1d" relativeResultsDirectory="01f77edd-ca18-48d8-ba82-35fa0e8005e1" />
    <UnitTestResult executionId="c798cf47-0532-4ced-925e-7677d86592b5" testId="1ad59a54-6162-8915-b78f-cbce5547287d" testName="TestAddCreator (Epub2,[&quot;aut&quot;],&quot;epub2_one_role.opf&quot;)" computerName="runnervm1li68" duration="00:00:00.0001668" startTime="2026-06-11T01:53:00.9702902+00:00" endTime="2026-06-11T01:53:00.9705127+00:00" testType="13cdc9d9-ddb5-4fa4-a97d-d965ccfc6d4b" outcome="Passed" testListId="8c84fa94-04c1-424b-9868-57a2d4851a1d" relativeResultsDirectory="c798cf47-0532-4ced-925e-7677d86592b5" />
    <UnitTestResult executionId="f71a6e62-67a5-4d37-a259-663e194ca95c" testId="132a3618-bc6c-8626-b378-85737c5c1ffb" testName="TestAddItemToSpine (Epub2,&quot;page-spread-left&quot;,&quot;epub2_properties.opf&quot;)" computerName="runnervm1li68" duration="00:00:00.0005474" startTime="2026-06-11T01:53:00.9629653+00:00" endTime="2026-06-11T01:53:00.9635634+00:00" testType="13cdc9d9-ddb5-4fa4-a97d-d965ccfc6d4b" outcome="Passed" testListId="8c84fa94-04c1-424b-9868-57a2d4851a1d" relativeResultsDirectory="f71a6e62-67a5-4d37-a259-663e194ca95c" />
    <UnitTestResult executionId="7d7d0d78-076b-4fe0-b7cf-dc29461328ad" testId="1b20638b-a8a6-85af-8458-b3b7c366f1d5" testName="TestAddTitle (Epub2)" computerName="runnervm1li68" duration="00:00:00.0004670" startTime="2026-06-11T01:53:00.9722492+00:00" endTime="2026-06-11T01:53:00.9727757+00:00" testType="13cdc9d9-ddb5-4fa4-a97d-d965ccfc6d4b" outcome="Passed" testListId="8c84fa94-04c1-424b-9868-57a2d4851a1d" relativeResultsDirectory="7d7d0d78-076b-4fe0-b7cf-dc29461328ad" />
    <UnitTestResult executionId="0b99432f-9ea7-4282-94f3-823141f22e28" testId="1bf56acc-bc6b-8496-947d-aa65e255463c" testName="TestAddNavItem (Epub3)" computerName="runnervm1li68" duration="00:00:00.0037283" startTime="2026-06-11T01:53:00.9622817+00:00" endTime="2026-06-11T01:53:00.9661071+00:00" testType="13cdc9d9-ddb5-4fa4-a97d-d965ccfc6d4b" outcome="Passed" testListId="8c84fa94-04c1-424b-9868-57a2d4851a1d" relativeResultsDirectory="0b99432f-9ea7-4282-94f3-823141f22e28" />
    <UnitTestResult executionId="4e85c033-aebd-407c-9b8e-b0089094342a" testId="1d853697-1c40-8ef7-b701-75fcb83d716c" testName="TestAddRightToLeft (Epub3,&quot;epub3_rtl.opf&quot;)" computerName="runnervm1li68" duration="00:00:00.0002878" startTime="2026-06-11T01:53:00.9677925+00:00" endTime="2026-06-11T01:53:00.9681268+00:00" testType="13cdc9d9-ddb5-4fa4-a97d-d965ccfc6d4b" outcome="Passed" testListId="8c84fa94-04c1-424b-9868-57a2d4851a1d" relativeResultsDirectory="4e85c033-aebd-407c-9b8e-b0089094342a" />
    <UnitTestResult executionId="d0ed13b7-59a6-4dc4-99b8-8e5ece793d30" testId="173165ad-d2bc-8165-97a9-c5621186750e" testName="TestResolvePath (&quot;a/b/c&quot;,&quot;d/e&quot;,&quot;a/b/c/d/e&quot;)" computerName="runnervm1li68" duration="00:00:00.0001786" startTime="2026-06-11T01:53:00.9279575+00:00" endTime="2026-06-11T01:53:00.9281916+00:00" testType="13cdc9d9-ddb5-4fa4-a97d-d965ccfc6d4b" outcome="Passed" testListId="8c84fa94-04c1-424b-9868-57a2d4851a1d" relativeResultsDirectory="d0ed13b7-59a6-4dc4-99b8-8e5ece793d30" />
    <UnitTestResult executionId="9a6aed1e-f47d-417b-8ccc-5fd66d8fb350" testId="1d0b33a2-7e9b-8950-ad7c-1126beafd8dd" testName="TestResolvePath (&quot;&quot;,&quot;a/b/c&quot;,&quot;a/b/c&quot;)" computerName="runnervm1li68" duration="00:00:00.0004065" startTime="2026-06-11T01:53:00.9275070+00:00" endTime="2026-06-11T01:53:00.9279399+00:00" testType="13cdc9d9-ddb5-4fa4-a97d-d965ccfc6d4b" outcome="Passed" testListId="8c84fa94-04c1-424b-9868-57a2d4851a1d" relativeResultsDirectory="9a6aed1e-f47d-417b-8ccc-5fd66d8fb350" />
    <UnitTestResult executionId="d91d36cf-84f4-4f07-92b4-be9fe03ba341" testId="12509452-eb51-8bd2-8023-5d9d95470f16" testName="TestAddReferenceToGuide (Epub3)" computerName="runnervm1li68" duration="00:00:00.0284757" startTime="2026-06-11T01:53:00.8945043+00:00" endTime="2026-06-11T01:53:00.9402831+00:00" testType="13cdc9d9-ddb5-4fa4-a97d-d965ccfc6d4b" outcome="Passed" testListId="8c84fa94-04c1-424b-9868-57a2d4851a1d" relativeResultsDirectory="d91d36cf-84f4-4f07-92b4-be9fe03ba341" />
    <UnitTestResult executionId="b5217cf8-b88d-4ef0-a6b6-5acee89ef899" testId="1576e578-fb17-8c86-9f06-aa7cda5c1b5a" testName="TestAddTitle (Epub2)" computerName="runnervm1li68" duration="00:00:00.0004447" startTime="2026-06-11T01:53:00.9650299+00:00" endTime="2026-06-11T01:53:00.9655213+00:00" testType="13cdc9d9-ddb5-4fa4-a97d-d965ccfc6d4b" outcome="Passed" testListId="8c84fa94-04c1-424b-9868-57a2d4851a1d" relativeResultsDirectory="b5217cf8-b88d-4ef0-a6b6-5acee89ef899" />
    <UnitTestResult executionId="749afe04-be50-46b2-964b-fd48c97bb3a7" testId="1cef8686-5f34-86de-a6a3-8d35bb7afd79" testName="TestAddLanguage (Epub3)" computerName="runnervm1li68" duration="00:00:00.0004396" startTime="2026-06-11T01:53:00.9655368+00:00" endTime="2026-06-11T01:53:00.9660228+00:00" testType="13cdc9d9-ddb5-4fa4-a97d-d965ccfc6d4b" outcome="Passed" testListId="8c84fa94-04c1-424b-9868-57a2d4851a1d" relativeResultsDirectory="749afe04-be50-46b2-964b-fd48c97bb3a7" />
    <UnitTestResult executionId="19dba90f-d887-422b-8c1d-b6cc84fd465d" testId="16e56989-76a7-8585-b943-e273cd2ed1c2" testName="TestAddDate (Epub2)" computerName="runnervm1li68" duration="00:00:00.0003776" startTime="2026-06-11T01:53:00.9751678+00:00" endTime="2026-06-11T01:53:00.9756022+00:00" testType="13cdc9d9-ddb5-4fa4-a97d-d965ccfc6d4b" outcome="Passed" testListId="8c84fa94-04c1-424b-9868-57a2d4851a1d" relativeResultsDirectory="19dba90f-d887-422b-8c1d-b6cc84fd465d" />
    <UnitTestResult executionId="8f3e7db3-b286-46fa-9861-f44289f6d3cb" testId="15879af3-5667-8627-8798-073634574cfb" testName="TestAddPrePaginated (Epub3)" computerName="runnervm1li68" duration="00:00:00.0003614" startTime="2026-06-11T01:53:00.9756223+00:00" endTime="2026-06-11T01:53:00.9760472+00:00" testType="13cdc9d9-ddb5-4fa4-a97d-d965ccfc6d4b" outcome="Passed" testListId="8c84fa94-04c1-424b-9868-57a2d4851a1d" relativeResultsDirectory="8f3e7db3-b286-46fa-9861-f44289f6d3cb" />
    <UnitTestResult executionId="a8f43dfb-ecbd-4331-bac7-8d40019a2735" testId="12ab518a-33ba-8068-a833-7799730fcbd5" testName="TestAddCreator (Epub3,[&quot;aut&quot;,&quot;ill&quot;],&quot;epub3_two_roles.opf&quot;)" computerName="runnervm1li68" duration="00:00:00.0001637" startTime="2026-06-11T01:53:00.9705311+00:00" endTime="2026-06-11T01:53:00.9707366+00:00" testType="13cdc9d9-ddb5-4fa4-a97d-d965ccfc6d4b" outcome="Passed" testListId="8c84fa94-04c1-424b-9868-57a2d4851a1d" relativeResultsDirectory="a8f43dfb-ecbd-4331-bac7-8d40019a2735" />
    <UnitTestResult executionId="22fb3db0-85cc-4d32-a5de-ca5680fbc9ed" testId="178c28d6-788e-8eb5-bd79-d8ce91ec7454" testName="TestAddCreator (Epub3,[&quot;aut&quot;],&quot;epub3_one_role.opf&quot;)" computerName="runnervm1li68" duration="00:00:00.0001538" startTime="2026-06-11T01:53:00.9700618+00:00" endTime="2026-06-11T01:53:00.9702703+00:00" testType="13cdc9d9-ddb5-4fa4-a97d-d965ccfc6d4b" outcome="Passed" testListId="8c84fa94-04c1-424b-9868-57a2d4851a1d" relativeResultsDirectory="22fb3db0-85cc-4d32-a5de-ca5680fbc9ed" />
    <UnitTestResult executionId="8f919ee2-ebdb-4677-b529-0547388c44cd" testId="18fb7630-93a1-828b-a9e1-500b27327666" testName="TestAddCreator (Epub2,[&quot;aut&quot;,&quot;ill&quot;],&quot;epub2_two_roles.opf&quot;)" computerName="runnervm1li68" duration="00:00:00.0001502" startTime="2026-06-11T01:53:00.9707537+00:00" endTime="2026-06-11T01:53:00.9709548+00:00" testType="13cdc9d9-ddb5-4fa4-a97d-d965ccfc6d4b" outcome="Passed" testListId="8c84fa94-04c1-424b-9868-57a2d4851a1d" relativeResultsDirectory="8f919ee2-ebdb-4677-b529-0547388c44cd" />
    <UnitTestResult executionId="0dc61b31-5374-4dd5-9bbb-ae3bd946ca3c" testId="163d9d25-3781-8d01-aa89-fb0ed455ce67" testName="TestGetRelativePath (&quot;&quot;,&quot;a/b/c&quot;,&quot;../../..&quot;)" computerName="runnervm1li68" duration="00:00:00.0000625" startTime="2026-06-11T01:53:00.9273259+00:00" endTime="2026-06-11T01:53:00.9274314+00:00" testType="13cdc9d9-ddb5-4fa4-a97d-d965ccfc6d4b" outcome="Passed" testListId="8c84fa94-04c1-424b-9868-57a2d4851a1d" relativeResultsDirectory="0dc61b31-5374-4dd5-9bbb-ae3bd946ca3c" />
    <UnitTestResult executionId="5d618dab-ad8a-4fe9-9c9b-4e5e7416cf34" testId="1dc58f02-8bfb-87ff-8152-97912961162e" testName="TestAddModified (Epub2)" computerName="runnervm1li68" duration="00:00:00.0003929" startTime="2026-06-11T01:53:00.9770659+00:00" endTime="2026-06-11T01:53:00.9775072+00:00" testType="13cdc9d9-ddb5-4fa4-a97d-d965ccfc6d4b" outcome="Passed" testListId="8c84fa94-04c1-424b-9868-57a2d4851a1d" relativeResultsDirectory="5d618dab-ad8a-4fe9-9c9b-4e5e7416cf34" />
    <UnitTestResult executionId="6ce10137-6da8-4734-82a2-c4764b5bba5b" testId="1cb53fa7-66ef-886d-96df-85f4e3a5f607" testName="TestResolvePath (&quot;a/b/c&quot;,&quot;../../d/e&quot;,&quot;a/d/e&quot;)" computerName="runnervm1li68" duration="00:00:00.0000070" startTime="2026-06-11T01:53:00.9588031+00:00" endTime="2026-06-11T01:53:00.9588454+00:00" testType="13cdc9d9-ddb5-4fa4-a97d-d965ccfc6d4b" outcome="Passed" testListId="8c84fa94-04c1-424b-9868-57a2d4851a1d" relativeResultsDirectory="6ce10137-6da8-4734-82a2-c4764b5bba5b" />
    <UnitTestResult executionId="3840d71d-3a34-415d-a958-cb219436ccd3" testId="13bb92f3-9643-8d68-aa0d-763f51bdbf81" testName="TestAddIdentifier (Epub3)" computerName="runnervm1li68" duration="00:00:00.0007262" startTime="2026-06-11T01:53:00.9686420+00:00" endTime="2026-06-11T01:53:00.9694572+00:00" testType="13cdc9d9-ddb5-4fa4-a97d-d965ccfc6d4b" outcome="Passed" testListId="8c84fa94-04c1-424b-9868-57a2d4851a1d" relativeResultsDirectory="3840d71d-3a34-415d-a958-cb219436ccd3" />
    <UnitTestResult executionId="79c40652-09a2-405f-89a4-ef78583e865d" testId="132c93fc-99cf-80a0-b0a6-22904c48670f" testName="TestAddNavItem (Epub2)" computerName="runnervm1li68" duration="00:00:00.0016523" startTime="2026-06-11T01:53:00.9661282+00:00" endTime="2026-06-11T01:53:00.9678285+00:00" testType="13cdc9d9-ddb5-4fa4-a97d-d965ccfc6d4b" outcome="Passed" testListId="8c84fa94-04c1-424b-9868-57a2d4851a1d" relativeResultsDirectory="79c40652-09a2-405f-89a4-ef78583e865d" />
    <UnitTestResult executionId="babc882a-47d6-4117-928d-1a7b68c36e89" testId="1d6f9d40-3288-8453-b9b2-5ea56e2a4753" testName="TestAddItemToManifest (Epub3,&quot;cover.jpg&quot;,&quot;cover-image&quot;,&quot;cover-id&quot;,&quot;epub3_properties_id.opf&quot;)" computerName="runnervm1li68" duration="00:00:00.0284855" startTime="2026-06-11T01:53:00.8944947+00:00" endTime="2026-06-11T01:53:00.9402831+00:00" testType="13cdc9d9-ddb5-4fa4-a97d-d965ccfc6d4b" outcome="Passed" testListId="8c84fa94-04c1-424b-9868-57a2d4851a1d" relativeResultsDirectory="babc882a-47d6-4117-928d-1a7b68c36e89" />
    <UnitTestResult executionId="e2d9fad7-7ef3-4de8-b9c6-5f3b7e8d6056" testId="11ca93a8-296b-8476-9f0b-6fc4b090990d" testName="TestGetRelativePath (&quot;a/b/c&quot;,&quot;&quot;,&quot;a/b/c&quot;)" computerName="runnervm1li68" duration="00:00:00.0000043" startTime="2026-06-11T01:53:00.9274536+00:00" endTime="2026-06-11T01:53:00.9274767+00:00" testType="13cdc9d9-ddb5-4fa4-a97d-d965ccfc6d4b" outcome="Passed" testListId="8c84fa94-04c1-424b-9868-57a2d4851a1d" relativeResultsDirectory="e2d9fad7-7ef3-4de8-b9c6-5f3b7e8d6056" />
    <UnitTestResult executionId="6e90f5ce-a406-4978-bf23-ed34bb4d0d50" testId="17e7e5f5-8e92-8ea9-bd8b-79d2ff2868d6" testName="TestAddTitle (Epub3)" computerName="runnervm1li68" duration="00:00:00.0003046" startTime="2026-06-11T01:53:00.9706558+00:00" endTime="2026-06-11T01:53:00.9710024+00:00" testType="13cdc9d9-ddb5-4fa4-a97d-d965ccfc6d4b" outcome="Passed" testListId="8c84fa94-04c1-424b-9868-57a2d4851a1d" relativeResultsDirectory="6e90f5ce-a406-4978-bf23-ed34bb4d0d50" />
  </Results>
  <TestDefinitions>
    <UnitTest name="TestAddReferenceToGuide (Epub2)" storage="/home/runner/work/dotnet-monorepo/dotnet-monorepo/src/artifacts/bin/epubs.tests/release_linux-x64/epubs.tests.dll" id="1e13994d-6844-8233-9112-553b896408e8">
      <Execution id="236aff78-02c8-48fb-967b-989e31ac5e1a" />
      <TestMethod codeBase="/home/runner/work/dotnet-monorepo/dotnet-monorepo/src/artifacts/bin/Epubs.Tests/release_linux-x64/Epubs.Tests.dll" adapterTypeName="executor://mstestadapter/v4" className="Epubs.Tests.WriterTests.PackageDocumentTests.GuideTests" name="TestAddReferenceToGuide" />
    </UnitTest>
    <UnitTest name="TestAddModified (Epub2)" storage="/home/runner/work/dotnet-monorepo/dotnet-monorepo/src/artifacts/bin/epubs.tests/release_linux-x64/epubs.tests.dll" id="1dc58f02-8bfb-87ff-8152-97912961162e">
      <Execution id="5d618dab-ad8a-4fe9-9c9b-4e5e7416cf34" />
      <TestMethod codeBase="/home/runner/work/dotnet-monorepo/dotnet-monorepo/src/artifacts/bin/Epubs.Tests/release_linux-x64/Epubs.Tests.dll" adapterTypeName="executor://mstestadapter/v4" className="Epubs.Tests.WriterTests.PackageDocumentTests.MetadataTests" name="TestAddModified" />
    </UnitTest>
    <UnitTest name="TestAddTitle (Epub2)" storage="/home/runner/work/dotnet-monorepo/dotnet-monorepo/src/artifacts/bin/epubs.tests/release_linux-x64/epubs.tests.dll" id="1576e578-fb17-8c86-9f06-aa7cda5c1b5a">
      <Execution id="b5217cf8-b88d-4ef0-a6b6-5acee89ef899" />
      <TestMethod codeBase="/home/runner/work/dotnet-monorepo/dotnet-monorepo/src/artifacts/bin/Epubs.Tests/release_linux-x64/Epubs.Tests.dll" adapterTypeName="executor://mstestadapter/v4" className="Epubs.Tests.WriterTests.PackageDocumentTests.MetadataTests" name="TestAddTitle" />
    </UnitTest>
    <UnitTest name="TestGetRelativePath (&quot;a/b/c&quot;,&quot;a/b/d&quot;,&quot;../c&quot;)" storage="/home/runner/work/dotnet-monorepo/dotnet-monorepo/src/artifacts/bin/epubs.tests/release_linux-x64/epubs.tests.dll" id="16734436-cecd-83b5-8627-bcedb89c8296">
      <Execution id="41ab6d7d-690b-4343-96cf-ca31ab22c054" />
      <TestMethod codeBase="/home/runner/work/dotnet-monorepo/dotnet-monorepo/src/artifacts/bin/Epubs.Tests/release_linux-x64/Epubs.Tests.dll" adapterTypeName="executor://mstestadapter/v4" className="Epubs.Tests.EpubPathsTests" name="TestGetRelativePath" />
    </UnitTest>
    <UnitTest name="TestAddLeftToRight (Epub3,&quot;epub3_ltr.opf&quot;)" storage="/home/runner/work/dotnet-monorepo/dotnet-monorepo/src/artifacts/bin/epubs.tests/release_linux-x64/epubs.tests.dll" id="1d890bf7-586d-85b6-b06c-8f6a41e0ae1e">
      <Execution id="bbda4de0-b389-466c-b5e1-de8c9d6a80c4" />
      <TestMethod codeBase="/home/runner/work/dotnet-monorepo/dotnet-monorepo/src/artifacts/bin/Epubs.Tests/release_linux-x64/Epubs.Tests.dll" adapterTypeName="executor://mstestadapter/v4" className="Epubs.Tests.WriterTests.PackageDocumentTests.SpineTests" name="TestAddLeftToRight" />
    </UnitTest>
    <UnitTest name="TestAddIdentifier (Epub2)" storage="/home/runner/work/dotnet-monorepo/dotnet-monorepo/src/artifacts/bin/epubs.tests/release_linux-x64/epubs.tests.dll" id="1a5dc06e-54fd-8d2c-a693-2b5cb2a6574b">
      <Execution id="01f77edd-ca18-48d8-ba82-35fa0e8005e1" />
      <TestMethod codeBase="/home/runner/work/dotnet-monorepo/dotnet-monorepo/src/artifacts/bin/Epubs.Tests/release_linux-x64/Epubs.Tests.dll" adapterTypeName="executor://mstestadapter/v4" className="Epubs.Tests.WriterTests.NavigationTests.NcxTests" name="TestAddIdentifier" />
    </UnitTest>
    <UnitTest name="TestAddItemToLandmarks (Epub3)" storage="/home/runner/work/dotnet-monorepo/dotnet-monorepo/src/artifacts/bin/epubs.tests/release_linux-x64/epubs.tests.dll" id="178aa3ea-46b0-8718-8f38-a36a6d78e6f8">
      <Execution id="13250492-5a15-4fc4-ac89-854f2b418717" />
      <TestMethod codeBase="/home/runner/work/dotnet-monorepo/dotnet-monorepo/src/artifacts/bin/Epubs.Tests/release_linux-x64/Epubs.Tests.dll" adapterTypeName="executor://mstestadapter/v4" className="Epubs.Tests.WriterTests.NavigationTests.NavigationDocumentTests" name="TestAddItemToLandmarks" />
    </UnitTest>
    <UnitTest name="TestGetContainerXmlDocument (Epub2)" storage="/home/runner/work/dotnet-monorepo/dotnet-monorepo/src/artifacts/bin/epubs.tests/release_linux-x64/epubs.tests.dll" id="1e8f751a-7342-8e0a-8749-cd28c43d3882">
      <Execution id="4b9f9312-802d-40b8-b9d5-5ef3c1b51527" />
      <TestMethod codeBase="/home/runner/work/dotnet-monorepo/dotnet-monorepo/src/artifacts/bin/Epubs.Tests/release_linux-x64/Epubs.Tests.dll" adapterTypeName="executor://mstestadapter/v4" className="Epubs.Tests.WriterTests.MetaInfTests.ContainerXmlTests" name="TestGetContainerXmlDocument" />
    </UnitTest>
    <UnitTest name="TestAddCreator (Epub2,[&quot;aut&quot;],&quot;epub2_one_role.opf&quot;)" storage="/home/runner/work/dotnet-monorepo/dotnet-monorepo/src/artifacts/bin/epubs.tests/release_linux-x64/epubs.tests.dll" id="1ad59a54-6162-8915-b78f-cbce5547287d">
      <Execution id="c798cf47-0532-4ced-925e-7677d86592b5" />
      <TestMethod codeBase="/home/runner/work/dotnet-monorepo/dotnet-monorepo/src/artifacts/bin/Epubs.Tests/release_linux-x64/Epubs.Tests.dll" adapterTypeName="executor://mstestadapter/v4" className="Epubs.Tests.WriterTests.PackageDocumentTests.MetadataTests" name="TestAddCreator" />
    </UnitTest>
    <UnitTest name="TestAddRightToLeft (Epub2,&quot;epub2_rtl.opf&quot;)" storage="/home/runner/work/dotnet-monorepo/dotnet-monorepo/src/artifacts/bin/epubs.tests/release_linux-x64/epubs.tests.dll" id="18f58b21-b2c3-803b-8cb0-4e08dd113f73">
      <Execution id="4ca05ef8-a079-4df9-a3d8-53bc029ca269" />
      <TestMethod codeBase="/home/runner/work/dotnet-monorepo/dotnet-monorepo/src/artifacts/bin/Epubs.Tests/release_linux-x64/Epubs.Tests.dll" adapterTypeName="executor://mstestadapter/v4" className="Epubs.Tests.WriterTests.PackageDocumentTests.SpineTests" name="TestAddRightToLeft" />
    </UnitTest>
    <UnitTest name="TestAddModified (Epub3)" storage="/home/runner/work/dotnet-monorepo/dotnet-monorepo/src/artifacts/bin/epubs.tests/release_linux-x64/epubs.tests.dll" id="1584ef67-fe1c-864d-a045-629d708e2516">
      <Execution id="453f85f1-c855-43b3-95d5-4b4560a48c1a" />
      <TestMethod codeBase="/home/runner/work/dotnet-monorepo/dotnet-monorepo/src/artifacts/bin/Epubs.Tests/release_linux-x64/Epubs.Tests.dll" adapterTypeName="executor://mstestadapter/v4" className="Epubs.Tests.WriterTests.PackageDocumentTests.MetadataTests" name="TestAddModified" />
    </UnitTest>
    <UnitTest name="TestAddLanguage (Epub2)" storage="/home/runner/work/dotnet-monorepo/dotnet-monorepo/src/artifacts/bin/epubs.tests/release_linux-x64/epubs.tests.dll" id="196202e8-80f4-8220-b7a4-03bed006a872">
      <Execution id="9a5e6530-3d61-469b-9cce-0ddc5a1fc38b" />
      <TestMethod codeBase="/home/runner/work/dotnet-monorepo/dotnet-monorepo/src/artifacts/bin/Epubs.Tests/release_linux-x64/Epubs.Tests.dll" adapterTypeName="executor://mstestadapter/v4" className="Epubs.Tests.WriterTests.PackageDocumentTests.MetadataTests" name="TestAddLanguage" />
    </UnitTest>
    <UnitTest name="TestResolvePath (&quot;a/b/c&quot;,&quot;d/e&quot;,&quot;a/b/c/d/e&quot;)" storage="/home/runner/work/dotnet-monorepo/dotnet-monorepo/src/artifacts/bin/epubs.tests/release_linux-x64/epubs.tests.dll" id="173165ad-d2bc-8165-97a9-c5621186750e">
      <Execution id="d0ed13b7-59a6-4dc4-99b8-8e5ece793d30" />
      <TestMethod codeBase="/home/runner/work/dotnet-monorepo/dotnet-monorepo/src/artifacts/bin/Epubs.Tests/release_linux-x64/Epubs.Tests.dll" adapterTypeName="executor://mstestadapter/v4" className="Epubs.Tests.EpubPathsTests" name="TestResolvePath" />
    </UnitTest>
    <UnitTest name="TestAddDescription (Epub2)" storage="/home/runner/work/dotnet-monorepo/dotnet-monorepo/src/artifacts/bin/epubs.tests/release_linux-x64/epubs.tests.dll" id="13acc5b9-b971-8983-8930-49d6f4051f77">
      <Execution id="0d09dee9-9fc9-474b-a33d-8eef861db91c" />
      <TestMethod codeBase="/home/runner/work/dotnet-monorepo/dotnet-monorepo/src/artifacts/bin/Epubs.Tests/release_linux-x64/Epubs.Tests.dll" adapterTypeName="executor://mstestadapter/v4" className="Epubs.Tests.WriterTests.PackageDocumentTests.MetadataTests" name="TestAddDescription" />
    </UnitTest>
    <UnitTest name="TestAddNavItem (Epub2)" storage="/home/runner/work/dotnet-monorepo/dotnet-monorepo/src/artifacts/bin/epubs.tests/release_linux-x64/epubs.tests.dll" id="14c058b4-2c86-895b-b0b1-cc5b57859157">
      <Execution id="3211f1b2-41db-4297-99b8-5cc4cdd55109" />
      <TestMethod codeBase="/home/runner/work/dotnet-monorepo/dotnet-monorepo/src/artifacts/bin/Epubs.Tests/release_linux-x64/Epubs.Tests.dll" adapterTypeName="executor://mstestadapter/v4" className="Epubs.Tests.WriterTests.NavigationTests.NcxTests" name="TestAddNavItem" />
    </UnitTest>
    <UnitTest name="TestGetContainerXmlDocument (Epub3)" storage="/home/runner/work/dotnet-monorepo/dotnet-monorepo/src/artifacts/bin/epubs.tests/release_linux-x64/epubs.tests.dll" id="1011288e-031f-8748-b274-76a1b0e99c39">
      <Execution id="85bd00d3-f0f6-4c7a-8170-553d54173a30" />
      <TestMethod codeBase="/home/runner/work/dotnet-monorepo/dotnet-monorepo/src/artifacts/bin/Epubs.Tests/release_linux-x64/Epubs.Tests.dll" adapterTypeName="executor://mstestadapter/v4" className="Epubs.Tests.WriterTests.MetaInfTests.ContainerXmlTests" name="TestGetContainerXmlDocument" />
    </UnitTest>
    <UnitTest name="TestAddLeftToRight (Epub2,&quot;epub2_ltr.opf&quot;)" storage="/home/runner/work/dotnet-monorepo/dotnet-monorepo/src/artifacts/bin/epubs.tests/release_linux-x64/epubs.tests.dll" id="1606129a-0ad6-89b1-8eb5-de137dec383d">
      <Execution id="727ed4ac-9294-475d-b36b-5fafaa471698" />
      <TestMethod codeBase="/home/runner/work/dotnet-monorepo/dotnet-monorepo/src/artifacts/bin/Epubs.Tests/release_linux-x64/Epubs.Tests.dll" adapterTypeName="executor://mstestadapter/v4" className="Epubs.Tests.WriterTests.PackageDocumentTests.SpineTests" name="TestAddLeftToRight" />
    </UnitTest>
    <UnitTest name="TestAddNcx (Epub2,&quot;epub2_ncx.opf&quot;)" storage="/home/runner/work/dotnet-monorepo/dotnet-monorepo/src/artifacts/bin/epubs.tests/release_linux-x64/epubs.tests.dll" id="1907624b-6009-89cb-a76c-8b426f68f298">
      <Execution id="aedea826-cae1-4937-9ac1-b87dea759d1c" />
      <TestMethod codeBase="/home/runner/work/dotnet-monorepo/dotnet-monorepo/src/artifacts/bin/Epubs.Tests/release_linux-x64/Epubs.Tests.dll" adapterTypeName="executor://mstestadapter/v4" className="Epubs.Tests.WriterTests.PackageDocumentTests.SpineTests" name="TestAddNcx" />
    </UnitTest>
    <UnitTest name="TestGetRasterDocument (Epub3)" storage="/home/runner/work/dotnet-monorepo/dotnet-monorepo/src/artifacts/bin/epubs.tests/release_linux-x64/epubs.tests.dll" id="1f20d052-efc6-827b-8ace-2d57870f3d7b">
      <Execution id="e0ecedc6-954e-46e9-9017-0023ff73893d" />
      <TestMethod codeBase="/home/runner/work/dotnet-monorepo/dotnet-monorepo/src/artifacts/bin/Epubs.Tests/release_linux-x64/Epubs.Tests.dll" adapterTypeName="executor://mstestadapter/v4" className="Epubs.Tests.WriterTests.CoverXhtmlTests.RasterTests" name="TestGetRasterDocument" />
    </UnitTest>
    <UnitTest name="TestAddItemToManifest (Epub2,&quot;cover.jpg&quot;,null,null,&quot;epub2_noproperties_noid.opf&quot;)" storage="/home/runner/work/dotnet-monorepo/dotnet-monorepo/src/artifacts/bin/epubs.tests/release_linux-x64/epubs.tests.dll" id="1ec0effe-5d9b-8d26-ab26-1e26e51fca30">
      <Execution id="8b019130-1263-42e6-9cce-45254c4018bd" />
      <TestMethod codeBase="/home/runner/work/dotnet-monorepo/dotnet-monorepo/src/artifacts/bin/Epubs.Tests/release_linux-x64/Epubs.Tests.dll" adapterTypeName="executor://mstestadapter/v4" className="Epubs.Tests.WriterTests.PackageDocumentTests.ManifestTests" name="TestAddItemToManifest" />
    </UnitTest>
    <UnitTest name="TestAddRightToLeft (Epub3,&quot;epub3_rtl.opf&quot;)" storage="/home/runner/work/dotnet-monorepo/dotnet-monorepo/src/artifacts/bin/epubs.tests/release_linux-x64/epubs.tests.dll" id="1d853697-1c40-8ef7-b701-75fcb83d716c">
      <Execution id="4e85c033-aebd-407c-9b8e-b0089094342a" />
      <TestMethod codeBase="/home/runner/work/dotnet-monorepo/dotnet-monorepo/src/artifacts/bin/Epubs.Tests/release_linux-x64/Epubs.Tests.dll" adapterTypeName="executor://mstestadapter/v4" className="Epubs.Tests.WriterTests.PackageDocumentTests.SpineTests" name="TestAddRightToLeft" />
    </UnitTest>
    <UnitTest name="TestAddNavItem (Epub3)" storage="/home/runner/work/dotnet-monorepo/dotnet-monorepo/src/artifacts/bin/epubs.tests/release_linux-x64/epubs.tests.dll" id="1bf56acc-bc6b-8496-947d-aa65e255463c">
      <Execution id="0b99432f-9ea7-4282-94f3-823141f22e28" />
      <TestMethod codeBase="/home/runner/work/dotnet-monorepo/dotnet-monorepo/src/artifacts/bin/Epubs.Tests/release_linux-x64/Epubs.Tests.dll" adapterTypeName="executor://mstestadapter/v4" className="Epubs.Tests.WriterTests.NavigationTests.NavigationDocumentTests" name="TestAddNavItem" />
    </UnitTest>
    <UnitTest name="TestAddDate (Epub2)" storage="/home/runner/work/dotnet-monorepo/dotnet-monorepo/src/artifacts/bin/epubs.tests/release_linux-x64/epubs.tests.dll" id="16e56989-76a7-8585-b943-e273cd2ed1c2">
      <Execution id="19dba90f-d887-422b-8c1d-b6cc84fd465d" />
      <TestMethod codeBase="/home/runner/work/dotnet-monorepo/dotnet-monorepo/src/artifacts/bin/Epubs.Tests/release_linux-x64/Epubs.Tests.dll" adapterTypeName="executor://mstestadapter/v4" className="Epubs.Tests.WriterTests.PackageDocumentTests.MetadataTests" name="TestAddDate" />
    </UnitTest>
    <UnitTest name="TestGetRelativePath (&quot;a/b/c&quot;,&quot;&quot;,&quot;a/b/c&quot;)" storage="/home/runner/work/dotnet-monorepo/dotnet-monorepo/src/artifacts/bin/epubs.tests/release_linux-x64/epubs.tests.dll" id="11ca93a8-296b-8476-9f0b-6fc4b090990d">
      <Execution id="e2d9fad7-7ef3-4de8-b9c6-5f3b7e8d6056" />
      <TestMethod codeBase="/home/runner/work/dotnet-monorepo/dotnet-monorepo/src/artifacts/bin/Epubs.Tests/release_linux-x64/Epubs.Tests.dll" adapterTypeName="executor://mstestadapter/v4" className="Epubs.Tests.EpubPathsTests" name="TestGetRelativePath" />
    </UnitTest>
    <UnitTest name="TestGetRelativePath (&quot;a/b/c&quot;,&quot;a&quot;,&quot;b/c&quot;)" storage="/home/runner/work/dotnet-monorepo/dotnet-monorepo/src/artifacts/bin/epubs.tests/release_linux-x64/epubs.tests.dll" id="1f86d215-1c27-8857-97b9-0ba7f808e19d">
      <Execution id="bcd929b6-b6d2-4718-9202-84aadc79e8e7" />
      <TestMethod codeBase="/home/runner/work/dotnet-monorepo/dotnet-monorepo/src/artifacts/bin/Epubs.Tests/release_linux-x64/Epubs.Tests.dll" adapterTypeName="executor://mstestadapter/v4" className="Epubs.Tests.EpubPathsTests" name="TestGetRelativePath" />
    </UnitTest>
    <UnitTest name="TestAddIdentifier (Epub3)" storage="/home/runner/work/dotnet-monorepo/dotnet-monorepo/src/artifacts/bin/epubs.tests/release_linux-x64/epubs.tests.dll" id="110d5f63-5620-8288-a852-48415a5701b6">
      <Execution id="c8e1e0c8-a3e0-46d5-b09f-43c41645c782" />
      <TestMethod codeBase="/home/runner/work/dotnet-monorepo/dotnet-monorepo/src/artifacts/bin/Epubs.Tests/release_linux-x64/Epubs.Tests.dll" adapterTypeName="executor://mstestadapter/v4" className="Epubs.Tests.WriterTests.PackageDocumentTests.MetadataTests" name="TestAddIdentifier" />
    </UnitTest>
    <UnitTest name="TestAddIdentifier (Epub3)" storage="/home/runner/work/dotnet-monorepo/dotnet-monorepo/src/artifacts/bin/epubs.tests/release_linux-x64/epubs.tests.dll" id="13bb92f3-9643-8d68-aa0d-763f51bdbf81">
      <Execution id="3840d71d-3a34-415d-a958-cb219436ccd3" />
      <TestMethod codeBase="/home/runner/work/dotnet-monorepo/dotnet-monorepo/src/artifacts/bin/Epubs.Tests/release_linux-x64/Epubs.Tests.dll" adapterTypeName="executor://mstestadapter/v4" className="Epubs.Tests.WriterTests.NavigationTests.NcxTests" name="TestAddIdentifier" />
    </UnitTest>
    <UnitTest name="TestAddPrePaginated (Epub2)" storage="/home/runner/work/dotnet-monorepo/dotnet-monorepo/src/artifacts/bin/epubs.tests/release_linux-x64/epubs.tests.dll" id="17163b0e-a15f-81ae-864e-083555ff6db1">
      <Execution id="96943ec3-7d14-41fd-920e-2117126e253a" />
      <TestMethod codeBase="/home/runner/work/dotnet-monorepo/dotnet-monorepo/src/artifacts/bin/Epubs.Tests/release_linux-x64/Epubs.Tests.dll" adapterTypeName="executor://mstestadapter/v4" className="Epubs.Tests.WriterTests.PackageDocumentTests.MetadataTests" name="TestAddPrePaginated" />
    </UnitTest>
    <UnitTest name="TestGetRasterDocument (Epub2)" storage="/home/runner/work/dotnet-monorepo/dotnet-monorepo/src/artifacts/bin/epubs.tests/release_linux-x64/epubs.tests.dll" id="104fae68-6cd5-841d-8283-464853a139a3">
      <Execution id="55cb50e1-5743-4649-adb6-e1f1238c0f95" />
      <TestMethod codeBase="/home/runner/work/dotnet-monorepo/dotnet-monorepo/src/artifacts/bin/Epubs.Tests/release_linux-x64/Epubs.Tests.dll" adapterTypeName="executor://mstestadapter/v4" className="Epubs.Tests.WriterTests.CoverXhtmlTests.RasterTests" name="TestGetRasterDocument" />
    </UnitTest>
    <UnitTest name="TestAddDescription (Epub3)" storage="/home/runner/work/dotnet-monorepo/dotnet-monorepo/src/artifacts/bin/epubs.tests/release_linux-x64/epubs.tests.dll" id="17b70e0f-1bb5-8232-bb22-ad292bd4ca53">
      <Execution id="f2580658-10c8-45ec-8b62-a43baa466c32" />
      <TestMethod codeBase="/home/runner/work/dotnet-monorepo/dotnet-monorepo/src/artifacts/bin/Epubs.Tests/release_linux-x64/Epubs.Tests.dll" adapterTypeName="executor://mstestadapter/v4" className="Epubs.Tests.WriterTests.PackageDocumentTests.MetadataTests" name="TestAddDescription" />
    </UnitTest>
    <UnitTest name="TestResolvePath (&quot;&quot;,&quot;a/b/c&quot;,&quot;a/b/c&quot;)" storage="/home/runner/work/dotnet-monorepo/dotnet-monorepo/src/artifacts/bin/epubs.tests/release_linux-x64/epubs.tests.dll" id="1d0b33a2-7e9b-8950-ad7c-1126beafd8dd">
      <Execution id="9a6aed1e-f47d-417b-8ccc-5fd66d8fb350" />
      <TestMethod codeBase="/home/runner/work/dotnet-monorepo/dotnet-monorepo/src/artifacts/bin/Epubs.Tests/release_linux-x64/Epubs.Tests.dll" adapterTypeName="executor://mstestadapter/v4" className="Epubs.Tests.EpubPathsTests" name="TestResolvePath" />
    </UnitTest>
    <UnitTest name="TestAddItemToLandmarks (Epub2)" storage="/home/runner/work/dotnet-monorepo/dotnet-monorepo/src/artifacts/bin/epubs.tests/release_linux-x64/epubs.tests.dll" id="1a7fb99e-f52f-8ccc-ab1f-13586db79d1e">
      <Execution id="49a88bcb-e2fe-4bd8-be34-935eb967dd7a" />
      <TestMethod codeBase="/home/runner/work/dotnet-monorepo/dotnet-monorepo/src/artifacts/bin/Epubs.Tests/release_linux-x64/Epubs.Tests.dll" adapterTypeName="executor://mstestadapter/v4" className="Epubs.Tests.WriterTests.NavigationTests.NavigationDocumentTests" name="TestAddItemToLandmarks" />
    </UnitTest>
    <UnitTest name="TestResolvePath (&quot;a/b/c&quot;,&quot;../../d/e&quot;,&quot;a/d/e&quot;)" storage="/home/runner/work/dotnet-monorepo/dotnet-monorepo/src/artifacts/bin/epubs.tests/release_linux-x64/epubs.tests.dll" id="1cb53fa7-66ef-886d-96df-85f4e3a5f607">
      <Execution id="6ce10137-6da8-4734-82a2-c4764b5bba5b" />
      <TestMethod codeBase="/home/runner/work/dotnet-monorepo/dotnet-monorepo/src/artifacts/bin/Epubs.Tests/release_linux-x64/Epubs.Tests.dll" adapterTypeName="executor://mstestadapter/v4" className="Epubs.Tests.EpubPathsTests" name="TestResolvePath" />
    </UnitTest>
    <UnitTest name="TestAddReferenceToGuide (Epub3)" storage="/home/runner/work/dotnet-monorepo/dotnet-monorepo/src/artifacts/bin/epubs.tests/release_linux-x64/epubs.tests.dll" id="12509452-eb51-8bd2-8023-5d9d95470f16">
      <Execution id="d91d36cf-84f4-4f07-92b4-be9fe03ba341" />
      <TestMethod codeBase="/home/runner/work/dotnet-monorepo/dotnet-monorepo/src/artifacts/bin/Epubs.Tests/release_linux-x64/Epubs.Tests.dll" adapterTypeName="executor://mstestadapter/v4" className="Epubs.Tests.WriterTests.PackageDocumentTests.GuideTests" name="TestAddReferenceToGuide" />
    </UnitTest>
    <UnitTest name="TestAddTitle (Epub3)" storage="/home/runner/work/dotnet-monorepo/dotnet-monorepo/src/artifacts/bin/epubs.tests/release_linux-x64/epubs.tests.dll" id="12fc392e-8199-86c7-8604-b296f0959a0f">
      <Execution id="4c8437ff-ef88-41aa-9ff4-f708ea9b01c4" />
      <TestMethod codeBase="/home/runner/work/dotnet-monorepo/dotnet-monorepo/src/artifacts/bin/Epubs.Tests/release_linux-x64/Epubs.Tests.dll" adapterTypeName="executor://mstestadapter/v4" className="Epubs.Tests.WriterTests.PackageDocumentTests.MetadataTests" name="TestAddTitle" />
    </UnitTest>
    <UnitTest name="TestAddNcx (Epub3,&quot;epub3_ncx.opf&quot;)" storage="/home/runner/work/dotnet-monorepo/dotnet-monorepo/src/artifacts/bin/epubs.tests/release_linux-x64/epubs.tests.dll" id="14d0cd07-d554-8a17-ae84-6d68b4a68e29">
      <Execution id="8c47595f-2c8b-4b68-8cc7-12989b52b6b4" />
      <TestMethod codeBase="/home/runner/work/dotnet-monorepo/dotnet-monorepo/src/artifacts/bin/Epubs.Tests/release_linux-x64/Epubs.Tests.dll" adapterTypeName="executor://mstestadapter/v4" className="Epubs.Tests.WriterTests.PackageDocumentTests.SpineTests" name="TestAddNcx" />
    </UnitTest>
    <UnitTest name="TestAddDate (Epub3)" storage="/home/runner/work/dotnet-monorepo/dotnet-monorepo/src/artifacts/bin/epubs.tests/release_linux-x64/epubs.tests.dll" id="1c344ecb-28e7-8e25-b223-6e397f5054f4">
      <Execution id="0bc8bdd9-aeb9-41d7-8a84-87d2d68c4bbd" />
      <TestMethod codeBase="/home/runner/work/dotnet-monorepo/dotnet-monorepo/src/artifacts/bin/Epubs.Tests/release_linux-x64/Epubs.Tests.dll" adapterTypeName="executor://mstestadapter/v4" className="Epubs.Tests.WriterTests.PackageDocumentTests.MetadataTests" name="TestAddDate" />
    </UnitTest>
    <UnitTest name="TestAddCreator (Epub3,[&quot;aut&quot;,&quot;ill&quot;],&quot;epub3_two_roles.opf&quot;)" storage="/home/runner/work/dotnet-monorepo/dotnet-monorepo/src/artifacts/bin/epubs.tests/release_linux-x64/epubs.tests.dll" id="12ab518a-33ba-8068-a833-7799730fcbd5">
      <Execution id="a8f43dfb-ecbd-4331-bac7-8d40019a2735" />
      <TestMethod codeBase="/home/runner/work/dotnet-monorepo/dotnet-monorepo/src/artifacts/bin/Epubs.Tests/release_linux-x64/Epubs.Tests.dll" adapterTypeName="executor://mstestadapter/v4" className="Epubs.Tests.WriterTests.PackageDocumentTests.MetadataTests" name="TestAddCreator" />
    </UnitTest>
    <UnitTest name="TestAddCreator (Epub3,[&quot;aut&quot;],&quot;epub3_one_role.opf&quot;)" storage="/home/runner/work/dotnet-monorepo/dotnet-monorepo/src/artifacts/bin/epubs.tests/release_linux-x64/epubs.tests.dll" id="178c28d6-788e-8eb5-bd79-d8ce91ec7454">
      <Execution id="22fb3db0-85cc-4d32-a5de-ca5680fbc9ed" />
      <TestMethod codeBase="/home/runner/work/dotnet-monorepo/dotnet-monorepo/src/artifacts/bin/Epubs.Tests/release_linux-x64/Epubs.Tests.dll" adapterTypeName="executor://mstestadapter/v4" className="Epubs.Tests.WriterTests.PackageDocumentTests.MetadataTests" name="TestAddCreator" />
    </UnitTest>
    <UnitTest name="TestAddIdentifier (Epub2)" storage="/home/runner/work/dotnet-monorepo/dotnet-monorepo/src/artifacts/bin/epubs.tests/release_linux-x64/epubs.tests.dll" id="124a442d-5cef-8a5e-832b-b6cc6c966046">
      <Execution id="30d38a26-e55c-48d2-8811-bc32133e71b0" />
      <TestMethod codeBase="/home/runner/work/dotnet-monorepo/dotnet-monorepo/src/artifacts/bin/Epubs.Tests/release_linux-x64/Epubs.Tests.dll" adapterTypeName="executor://mstestadapter/v4" className="Epubs.Tests.WriterTests.PackageDocumentTests.MetadataTests" name="TestAddIdentifier" />
    </UnitTest>
    <UnitTest name="TestAddCreator (Epub2,[&quot;aut&quot;,&quot;ill&quot;],&quot;epub2_two_roles.opf&quot;)" storage="/home/runner/work/dotnet-monorepo/dotnet-monorepo/src/artifacts/bin/epubs.tests/release_linux-x64/epubs.tests.dll" id="18fb7630-93a1-828b-a9e1-500b27327666">
      <Execution id="8f919ee2-ebdb-4677-b529-0547388c44cd" />
      <TestMethod codeBase="/home/runner/work/dotnet-monorepo/dotnet-monorepo/src/artifacts/bin/Epubs.Tests/release_linux-x64/Epubs.Tests.dll" adapterTypeName="executor://mstestadapter/v4" className="Epubs.Tests.WriterTests.PackageDocumentTests.MetadataTests" name="TestAddCreator" />
    </UnitTest>
    <UnitTest name="TestResolvePath (&quot;a/b/c&quot;,&quot;../c&quot;,&quot;a/b/c&quot;)" storage="/home/runner/work/dotnet-monorepo/dotnet-monorepo/src/artifacts/bin/epubs.tests/release_linux-x64/epubs.tests.dll" id="1a3f96ff-4c2e-82f1-a4ad-01abaff96e83">
      <Execution id="b476c86e-cf1c-4d10-b77f-d6d41a99459f" />
      <TestMethod codeBase="/home/runner/work/dotnet-monorepo/dotnet-monorepo/src/artifacts/bin/Epubs.Tests/release_linux-x64/Epubs.Tests.dll" adapterTypeName="executor://mstestadapter/v4" className="Epubs.Tests.EpubPathsTests" name="TestResolvePath" />
    </UnitTest>
    <UnitTest name="TestAddItemToSpine (Epub2,null,&quot;epub2_noproperties.opf&quot;)" storage="/home/runner/work/dotnet-monorepo/dotnet-monorepo/src/artifacts/bin/epubs.tests/release_linux-x64/epubs.tests.dll" id="17cbd791-edb7-8411-9f3d-d0fe1b2fcf02">
      <Execution id="c7ac9543-9153-459b-87a8-8b1217fcd417" />
      <TestMethod codeBase="/home/runner/work/dotnet-monorepo/dotnet-monorepo/src/artifacts/bin/Epubs.Tests/release_linux-x64/Epubs.Tests.dll" adapterTypeName="executor://mstestadapter/v4" className="Epubs.Tests.WriterTests.PackageDocumentTests.SpineTests" name="TestAddItemToSpine" />
    </UnitTest>
    <UnitTest name="TestAddItemToManifest (Epub3,&quot;cover.jpg&quot;,null,null,&quot;epub3_noproperties_noid.opf&quot;)" storage="/home/runner/work/dotnet-monorepo/dotnet-monorepo/src/artifacts/bin/epubs.tests/release_linux-x64/epubs.tests.dll" id="18b99c28-043f-8fa7-a585-45f8db35abe5">
      <Execution id="88eeb946-b951-414e-935e-ee94d40579f1" />
      <TestMethod codeBase="/home/runner/work/dotnet-monorepo/dotnet-monorepo/src/artifacts/bin/Epubs.Tests/release_linux-x64/Epubs.Tests.dll" adapterTypeName="executor://mstestadapter/v4" className="Epubs.Tests.WriterTests.PackageDocumentTests.ManifestTests" name="TestAddItemToManifest" />
    </UnitTest>
    <UnitTest name="TestAddItemToSpine (Epub3,&quot;page-spread-left&quot;,&quot;epub3_properties.opf&quot;)" storage="/home/runner/work/dotnet-monorepo/dotnet-monorepo/src/artifacts/bin/epubs.tests/release_linux-x64/epubs.tests.dll" id="19fedbcf-3e8f-80d3-8f00-c9b50d3782b5">
      <Execution id="d1f71001-1a2d-4212-8f6b-27f241768cbc" />
      <TestMethod codeBase="/home/runner/work/dotnet-monorepo/dotnet-monorepo/src/artifacts/bin/Epubs.Tests/release_linux-x64/Epubs.Tests.dll" adapterTypeName="executor://mstestadapter/v4" className="Epubs.Tests.WriterTests.PackageDocumentTests.SpineTests" name="TestAddItemToSpine" />
    </UnitTest>
    <UnitTest name="TestAddPrePaginated (Epub3)" storage="/home/runner/work/dotnet-monorepo/dotnet-monorepo/src/artifacts/bin/epubs.tests/release_linux-x64/epubs.tests.dll" id="15879af3-5667-8627-8798-073634574cfb">
      <Execution id="8f3e7db3-b286-46fa-9861-f44289f6d3cb" />
      <TestMethod codeBase="/home/runner/work/dotnet-monorepo/dotnet-monorepo/src/artifacts/bin/Epubs.Tests/release_linux-x64/Epubs.Tests.dll" adapterTypeName="executor://mstestadapter/v4" className="Epubs.Tests.WriterTests.PackageDocumentTests.MetadataTests" name="TestAddPrePaginated" />
    </UnitTest>
    <UnitTest name="TestAddCreator (Epub2,[],&quot;epub2_no_roles.opf&quot;)" storage="/home/runner/work/dotnet-monorepo/dotnet-monorepo/src/artifacts/bin/epubs.tests/release_linux-x64/epubs.tests.dll" id="139f1cb2-b2ce-8c72-a0dc-23e529c29a74">
      <Execution id="95cf9dd8-5407-4e46-91f0-486065126d0f" />
      <TestMethod codeBase="/home/runner/work/dotnet-monorepo/dotnet-monorepo/src/artifacts/bin/Epubs.Tests/release_linux-x64/Epubs.Tests.dll" adapterTypeName="executor://mstestadapter/v4" className="Epubs.Tests.WriterTests.PackageDocumentTests.MetadataTests" name="TestAddCreator" />
    </UnitTest>
    <UnitTest name="TestAddItemToSpine (Epub2,&quot;page-spread-left&quot;,&quot;epub2_properties.opf&quot;)" storage="/home/runner/work/dotnet-monorepo/dotnet-monorepo/src/artifacts/bin/epubs.tests/release_linux-x64/epubs.tests.dll" id="132a3618-bc6c-8626-b378-85737c5c1ffb">
      <Execution id="f71a6e62-67a5-4d37-a259-663e194ca95c" />
      <TestMethod codeBase="/home/runner/work/dotnet-monorepo/dotnet-monorepo/src/artifacts/bin/Epubs.Tests/release_linux-x64/Epubs.Tests.dll" adapterTypeName="executor://mstestadapter/v4" className="Epubs.Tests.WriterTests.PackageDocumentTests.SpineTests" name="TestAddItemToSpine" />
    </UnitTest>
    <UnitTest name="TestAddItemToManifest (Epub3,&quot;cover.jpg&quot;,&quot;cover-image&quot;,&quot;cover-id&quot;,&quot;epub3_properties_id.opf&quot;)" storage="/home/runner/work/dotnet-monorepo/dotnet-monorepo/src/artifacts/bin/epubs.tests/release_linux-x64/epubs.tests.dll" id="1d6f9d40-3288-8453-b9b2-5ea56e2a4753">
      <Execution id="babc882a-47d6-4117-928d-1a7b68c36e89" />
      <TestMethod codeBase="/home/runner/work/dotnet-monorepo/dotnet-monorepo/src/artifacts/bin/Epubs.Tests/release_linux-x64/Epubs.Tests.dll" adapterTypeName="executor://mstestadapter/v4" className="Epubs.Tests.WriterTests.PackageDocumentTests.ManifestTests" name="TestAddItemToManifest" />
    </UnitTest>
    <UnitTest name="TestAddNavItem (Epub3)" storage="/home/runner/work/dotnet-monorepo/dotnet-monorepo/src/artifacts/bin/epubs.tests/release_linux-x64/epubs.tests.dll" id="1229b021-b396-8067-9d67-6db2b8bc72b7">
      <Execution id="15d2eb2e-4035-4fa9-a870-b6bd55ba9eda" />
      <TestMethod codeBase="/home/runner/work/dotnet-monorepo/dotnet-monorepo/src/artifacts/bin/Epubs.Tests/release_linux-x64/Epubs.Tests.dll" adapterTypeName="executor://mstestadapter/v4" className="Epubs.Tests.WriterTests.NavigationTests.NcxTests" name="TestAddNavItem" />
    </UnitTest>
    <UnitTest name="TestGetRelativePath (&quot;a/b/c&quot;,&quot;b/c/d&quot;,&quot;../../../a/b/c&quot;)" storage="/home/runner/work/dotnet-monorepo/dotnet-monorepo/src/artifacts/bin/epubs.tests/release_linux-x64/epubs.tests.dll" id="1f027eb2-66bc-8be8-8300-bf63e361e75e">
      <Execution id="407c38b8-238f-420b-9ead-46980691e5cc" />
      <TestMethod codeBase="/home/runner/work/dotnet-monorepo/dotnet-monorepo/src/artifacts/bin/Epubs.Tests/release_linux-x64/Epubs.Tests.dll" adapterTypeName="executor://mstestadapter/v4" className="Epubs.Tests.EpubPathsTests" name="TestGetRelativePath" />
    </UnitTest>
    <UnitTest name="TestAddTitle (Epub3)" storage="/home/runner/work/dotnet-monorepo/dotnet-monorepo/src/artifacts/bin/epubs.tests/release_linux-x64/epubs.tests.dll" id="17e7e5f5-8e92-8ea9-bd8b-79d2ff2868d6">
      <Execution id="6e90f5ce-a406-4978-bf23-ed34bb4d0d50" />
      <TestMethod codeBase="/home/runner/work/dotnet-monorepo/dotnet-monorepo/src/artifacts/bin/Epubs.Tests/release_linux-x64/Epubs.Tests.dll" adapterTypeName="executor://mstestadapter/v4" className="Epubs.Tests.WriterTests.NavigationTests.NcxTests" name="TestAddTitle" />
    </UnitTest>
    <UnitTest name="TestAddItemToSpine (Epub3,null,&quot;epub3_noproperties.opf&quot;)" storage="/home/runner/work/dotnet-monorepo/dotnet-monorepo/src/artifacts/bin/epubs.tests/release_linux-x64/epubs.tests.dll" id="1a00353d-820e-8fa3-9091-7b2ebff721ec">
      <Execution id="ede17099-3bbd-4fdf-b51e-aa01de81b8f2" />
      <TestMethod codeBase="/home/runner/work/dotnet-monorepo/dotnet-monorepo/src/artifacts/bin/Epubs.Tests/release_linux-x64/Epubs.Tests.dll" adapterTypeName="executor://mstestadapter/v4" className="Epubs.Tests.WriterTests.PackageDocumentTests.SpineTests" name="TestAddItemToSpine" />
    </UnitTest>
    <UnitTest name="TestAddItemToManifest (Epub2,&quot;cover.jpg&quot;,&quot;cover-image&quot;,&quot;cover-id&quot;,&quot;epub2_properties_id.opf&quot;)" storage="/home/runner/work/dotnet-monorepo/dotnet-monorepo/src/artifacts/bin/epubs.tests/release_linux-x64/epubs.tests.dll" id="1c0b229c-cfde-842a-8c76-19a571413f49">
      <Execution id="796ce165-2836-42a3-abcb-884525507694" />
      <TestMethod codeBase="/home/runner/work/dotnet-monorepo/dotnet-monorepo/src/artifacts/bin/Epubs.Tests/release_linux-x64/Epubs.Tests.dll" adapterTypeName="executor://mstestadapter/v4" className="Epubs.Tests.WriterTests.PackageDocumentTests.ManifestTests" name="TestAddItemToManifest" />
    </UnitTest>
    <UnitTest name="TestAddTitle (Epub2)" storage="/home/runner/work/dotnet-monorepo/dotnet-monorepo/src/artifacts/bin/epubs.tests/release_linux-x64/epubs.tests.dll" id="1b20638b-a8a6-85af-8458-b3b7c366f1d5">
      <Execution id="7d7d0d78-076b-4fe0-b7cf-dc29461328ad" />
      <TestMethod codeBase="/home/runner/work/dotnet-monorepo/dotnet-monorepo/src/artifacts/bin/Epubs.Tests/release_linux-x64/Epubs.Tests.dll" adapterTypeName="executor://mstestadapter/v4" className="Epubs.Tests.WriterTests.NavigationTests.NcxTests" name="TestAddTitle" />
    </UnitTest>
    <UnitTest name="TestResolvePath (&quot;a/b/c&quot;,&quot;../../../d/e&quot;,&quot;d/e&quot;)" storage="/home/runner/work/dotnet-monorepo/dotnet-monorepo/src/artifacts/bin/epubs.tests/release_linux-x64/epubs.tests.dll" id="1b26e4d7-3e0b-8adb-af94-08e50834077a">
      <Execution id="88be54b5-ee8e-4835-9cfb-725a3dfd68b3" />
      <TestMethod codeBase="/home/runner/work/dotnet-monorepo/dotnet-monorepo/src/artifacts/bin/Epubs.Tests/release_linux-x64/Epubs.Tests.dll" adapterTypeName="executor://mstestadapter/v4" className="Epubs.Tests.EpubPathsTests" name="TestResolvePath" />
    </UnitTest>
    <UnitTest name="TestAddNavItem (Epub2)" storage="/home/runner/work/dotnet-monorepo/dotnet-monorepo/src/artifacts/bin/epubs.tests/release_linux-x64/epubs.tests.dll" id="132c93fc-99cf-80a0-b0a6-22904c48670f">
      <Execution id="79c40652-09a2-405f-89a4-ef78583e865d" />
      <TestMethod codeBase="/home/runner/work/dotnet-monorepo/dotnet-monorepo/src/artifacts/bin/Epubs.Tests/release_linux-x64/Epubs.Tests.dll" adapterTypeName="executor://mstestadapter/v4" className="Epubs.Tests.WriterTests.NavigationTests.NavigationDocumentTests" name="TestAddNavItem" />
    </UnitTest>
    <UnitTest name="TestAddLanguage (Epub3)" storage="/home/runner/work/dotnet-monorepo/dotnet-monorepo/src/artifacts/bin/epubs.tests/release_linux-x64/epubs.tests.dll" id="1cef8686-5f34-86de-a6a3-8d35bb7afd79">
      <Execution id="749afe04-be50-46b2-964b-fd48c97bb3a7" />
      <TestMethod codeBase="/home/runner/work/dotnet-monorepo/dotnet-monorepo/src/artifacts/bin/Epubs.Tests/release_linux-x64/Epubs.Tests.dll" adapterTypeName="executor://mstestadapter/v4" className="Epubs.Tests.WriterTests.PackageDocumentTests.MetadataTests" name="TestAddLanguage" />
    </UnitTest>
    <UnitTest name="TestAddCreator (Epub3,[],&quot;epub3_no_roles.opf&quot;)" storage="/home/runner/work/dotnet-monorepo/dotnet-monorepo/src/artifacts/bin/epubs.tests/release_linux-x64/epubs.tests.dll" id="18633743-5a95-84ca-aa1a-84a0ca6b512e">
      <Execution id="c36c1721-68be-42da-a6fc-059ea079a129" />
      <TestMethod codeBase="/home/runner/work/dotnet-monorepo/dotnet-monorepo/src/artifacts/bin/Epubs.Tests/release_linux-x64/Epubs.Tests.dll" adapterTypeName="executor://mstestadapter/v4" className="Epubs.Tests.WriterTests.PackageDocumentTests.MetadataTests" name="TestAddCreator" />
    </UnitTest>
    <UnitTest name="TestGetRelativePath (&quot;&quot;,&quot;a/b/c&quot;,&quot;../../..&quot;)" storage="/home/runner/work/dotnet-monorepo/dotnet-monorepo/src/artifacts/bin/epubs.tests/release_linux-x64/epubs.tests.dll" id="163d9d25-3781-8d01-aa89-fb0ed455ce67">
      <Execution id="0dc61b31-5374-4dd5-9bbb-ae3bd946ca3c" />
      <TestMethod codeBase="/home/runner/work/dotnet-monorepo/dotnet-monorepo/src/artifacts/bin/Epubs.Tests/release_linux-x64/Epubs.Tests.dll" adapterTypeName="executor://mstestadapter/v4" className="Epubs.Tests.EpubPathsTests" name="TestGetRelativePath" />
    </UnitTest>
  </TestDefinitions>
  <TestEntries>
    <TestEntry testId="1606129a-0ad6-89b1-8eb5-de137dec383d" executionId="727ed4ac-9294-475d-b36b-5fafaa471698" testListId="8c84fa94-04c1-424b-9868-57a2d4851a1d" />
    <TestEntry testId="1e8f751a-7342-8e0a-8749-cd28c43d3882" executionId="4b9f9312-802d-40b8-b9d5-5ef3c1b51527" testListId="8c84fa94-04c1-424b-9868-57a2d4851a1d" />
    <TestEntry testId="110d5f63-5620-8288-a852-48415a5701b6" executionId="c8e1e0c8-a3e0-46d5-b09f-43c41645c782" testListId="8c84fa94-04c1-424b-9868-57a2d4851a1d" />
    <TestEntry testId="1584ef67-fe1c-864d-a045-629d708e2516" executionId="453f85f1-c855-43b3-95d5-4b4560a48c1a" testListId="8c84fa94-04c1-424b-9868-57a2d4851a1d" />
    <TestEntry testId="13acc5b9-b971-8983-8930-49d6f4051f77" executionId="0d09dee9-9fc9-474b-a33d-8eef861db91c" testListId="8c84fa94-04c1-424b-9868-57a2d4851a1d" />
    <TestEntry testId="19fedbcf-3e8f-80d3-8f00-c9b50d3782b5" executionId="d1f71001-1a2d-4212-8f6b-27f241768cbc" testListId="8c84fa94-04c1-424b-9868-57a2d4851a1d" />
    <TestEntry testId="1b26e4d7-3e0b-8adb-af94-08e50834077a" executionId="88be54b5-ee8e-4835-9cfb-725a3dfd68b3" testListId="8c84fa94-04c1-424b-9868-57a2d4851a1d" />
    <TestEntry testId="1907624b-6009-89cb-a76c-8b426f68f298" executionId="aedea826-cae1-4937-9ac1-b87dea759d1c" testListId="8c84fa94-04c1-424b-9868-57a2d4851a1d" />
    <TestEntry testId="178aa3ea-46b0-8718-8f38-a36a6d78e6f8" executionId="13250492-5a15-4fc4-ac89-854f2b418717" testListId="8c84fa94-04c1-424b-9868-57a2d4851a1d" />
    <TestEntry testId="18b99c28-043f-8fa7-a585-45f8db35abe5" executionId="88eeb946-b951-414e-935e-ee94d40579f1" testListId="8c84fa94-04c1-424b-9868-57a2d4851a1d" />
    <TestEntry testId="17163b0e-a15f-81ae-864e-083555ff6db1" executionId="96943ec3-7d14-41fd-920e-2117126e253a" testListId="8c84fa94-04c1-424b-9868-57a2d4851a1d" />
    <TestEntry testId="17b70e0f-1bb5-8232-bb22-ad292bd4ca53" executionId="f2580658-10c8-45ec-8b62-a43baa466c32" testListId="8c84fa94-04c1-424b-9868-57a2d4851a1d" />
    <TestEntry testId="1c0b229c-cfde-842a-8c76-19a571413f49" executionId="796ce165-2836-42a3-abcb-884525507694" testListId="8c84fa94-04c1-424b-9868-57a2d4851a1d" />
    <TestEntry testId="124a442d-5cef-8a5e-832b-b6cc6c966046" executionId="30d38a26-e55c-48d2-8811-bc32133e71b0" testListId="8c84fa94-04c1-424b-9868-57a2d4851a1d" />
    <TestEntry testId="17cbd791-edb7-8411-9f3d-d0fe1b2fcf02" executionId="c7ac9543-9153-459b-87a8-8b1217fcd417" testListId="8c84fa94-04c1-424b-9868-57a2d4851a1d" />
    <TestEntry testId="196202e8-80f4-8220-b7a4-03bed006a872" executionId="9a5e6530-3d61-469b-9cce-0ddc5a1fc38b" testListId="8c84fa94-04c1-424b-9868-57a2d4851a1d" />
    <TestEntry testId="104fae68-6cd5-841d-8283-464853a139a3" executionId="55cb50e1-5743-4649-adb6-e1f1238c0f95" testListId="8c84fa94-04c1-424b-9868-57a2d4851a1d" />
    <TestEntry testId="139f1cb2-b2ce-8c72-a0dc-23e529c29a74" executionId="95cf9dd8-5407-4e46-91f0-486065126d0f" testListId="8c84fa94-04c1-424b-9868-57a2d4851a1d" />
    <TestEntry testId="1d890bf7-586d-85b6-b06c-8f6a41e0ae1e" executionId="bbda4de0-b389-466c-b5e1-de8c9d6a80c4" testListId="8c84fa94-04c1-424b-9868-57a2d4851a1d" />
    <TestEntry testId="1229b021-b396-8067-9d67-6db2b8bc72b7" executionId="15d2eb2e-4035-4fa9-a870-b6bd55ba9eda" testListId="8c84fa94-04c1-424b-9868-57a2d4851a1d" />
    <TestEntry testId="1ec0effe-5d9b-8d26-ab26-1e26e51fca30" executionId="8b019130-1263-42e6-9cce-45254c4018bd" testListId="8c84fa94-04c1-424b-9868-57a2d4851a1d" />
    <TestEntry testId="14c058b4-2c86-895b-b0b1-cc5b57859157" executionId="3211f1b2-41db-4297-99b8-5cc4cdd55109" testListId="8c84fa94-04c1-424b-9868-57a2d4851a1d" />
    <TestEntry testId="1e13994d-6844-8233-9112-553b896408e8" executionId="236aff78-02c8-48fb-967b-989e31ac5e1a" testListId="8c84fa94-04c1-424b-9868-57a2d4851a1d" />
    <TestEntry testId="12fc392e-8199-86c7-8604-b296f0959a0f" executionId="4c8437ff-ef88-41aa-9ff4-f708ea9b01c4" testListId="8c84fa94-04c1-424b-9868-57a2d4851a1d" />
    <TestEntry testId="1f86d215-1c27-8857-97b9-0ba7f808e19d" executionId="bcd929b6-b6d2-4718-9202-84aadc79e8e7" testListId="8c84fa94-04c1-424b-9868-57a2d4851a1d" />
    <TestEntry testId="1a7fb99e-f52f-8ccc-ab1f-13586db79d1e" executionId="49a88bcb-e2fe-4bd8-be34-935eb967dd7a" testListId="8c84fa94-04c1-424b-9868-57a2d4851a1d" />
    <TestEntry testId="18f58b21-b2c3-803b-8cb0-4e08dd113f73" executionId="4ca05ef8-a079-4df9-a3d8-53bc029ca269" testListId="8c84fa94-04c1-424b-9868-57a2d4851a1d" />
    <TestEntry testId="1f20d052-efc6-827b-8ace-2d57870f3d7b" executionId="e0ecedc6-954e-46e9-9017-0023ff73893d" testListId="8c84fa94-04c1-424b-9868-57a2d4851a1d" />
    <TestEntry testId="1f027eb2-66bc-8be8-8300-bf63e361e75e" executionId="407c38b8-238f-420b-9ead-46980691e5cc" testListId="8c84fa94-04c1-424b-9868-57a2d4851a1d" />
    <TestEntry testId="14d0cd07-d554-8a17-ae84-6d68b4a68e29" executionId="8c47595f-2c8b-4b68-8cc7-12989b52b6b4" testListId="8c84fa94-04c1-424b-9868-57a2d4851a1d" />
    <TestEntry testId="1011288e-031f-8748-b274-76a1b0e99c39" executionId="85bd00d3-f0f6-4c7a-8170-553d54173a30" testListId="8c84fa94-04c1-424b-9868-57a2d4851a1d" />
    <TestEntry testId="16734436-cecd-83b5-8627-bcedb89c8296" executionId="41ab6d7d-690b-4343-96cf-ca31ab22c054" testListId="8c84fa94-04c1-424b-9868-57a2d4851a1d" />
    <TestEntry testId="1c344ecb-28e7-8e25-b223-6e397f5054f4" executionId="0bc8bdd9-aeb9-41d7-8a84-87d2d68c4bbd" testListId="8c84fa94-04c1-424b-9868-57a2d4851a1d" />
    <TestEntry testId="18633743-5a95-84ca-aa1a-84a0ca6b512e" executionId="c36c1721-68be-42da-a6fc-059ea079a129" testListId="8c84fa94-04c1-424b-9868-57a2d4851a1d" />
    <TestEntry testId="1a00353d-820e-8fa3-9091-7b2ebff721ec" executionId="ede17099-3bbd-4fdf-b51e-aa01de81b8f2" testListId="8c84fa94-04c1-424b-9868-57a2d4851a1d" />
    <TestEntry testId="1a3f96ff-4c2e-82f1-a4ad-01abaff96e83" executionId="b476c86e-cf1c-4d10-b77f-d6d41a99459f" testListId="8c84fa94-04c1-424b-9868-57a2d4851a1d" />
    <TestEntry testId="1a5dc06e-54fd-8d2c-a693-2b5cb2a6574b" executionId="01f77edd-ca18-48d8-ba82-35fa0e8005e1" testListId="8c84fa94-04c1-424b-9868-57a2d4851a1d" />
    <TestEntry testId="1ad59a54-6162-8915-b78f-cbce5547287d" executionId="c798cf47-0532-4ced-925e-7677d86592b5" testListId="8c84fa94-04c1-424b-9868-57a2d4851a1d" />
    <TestEntry testId="132a3618-bc6c-8626-b378-85737c5c1ffb" executionId="f71a6e62-67a5-4d37-a259-663e194ca95c" testListId="8c84fa94-04c1-424b-9868-57a2d4851a1d" />
    <TestEntry testId="1b20638b-a8a6-85af-8458-b3b7c366f1d5" executionId="7d7d0d78-076b-4fe0-b7cf-dc29461328ad" testListId="8c84fa94-04c1-424b-9868-57a2d4851a1d" />
    <TestEntry testId="1bf56acc-bc6b-8496-947d-aa65e255463c" executionId="0b99432f-9ea7-4282-94f3-823141f22e28" testListId="8c84fa94-04c1-424b-9868-57a2d4851a1d" />
    <TestEntry testId="1d853697-1c40-8ef7-b701-75fcb83d716c" executionId="4e85c033-aebd-407c-9b8e-b0089094342a" testListId="8c84fa94-04c1-424b-9868-57a2d4851a1d" />
    <TestEntry testId="173165ad-d2bc-8165-97a9-c5621186750e" executionId="d0ed13b7-59a6-4dc4-99b8-8e5ece793d30" testListId="8c84fa94-04c1-424b-9868-57a2d4851a1d" />
    <TestEntry testId="1d0b33a2-7e9b-8950-ad7c-1126beafd8dd" executionId="9a6aed1e-f47d-417b-8ccc-5fd66d8fb350" testListId="8c84fa94-04c1-424b-9868-57a2d4851a1d" />
    <TestEntry testId="12509452-eb51-8bd2-8023-5d9d95470f16" executionId="d91d36cf-84f4-4f07-92b4-be9fe03ba341" testListId="8c84fa94-04c1-424b-9868-57a2d4851a1d" />
    <TestEntry testId="1576e578-fb17-8c86-9f06-aa7cda5c1b5a" executionId="b5217cf8-b88d-4ef0-a6b6-5acee89ef899" testListId="8c84fa94-04c1-424b-9868-57a2d4851a1d" />
    <TestEntry testId="1cef8686-5f34-86de-a6a3-8d35bb7afd79" executionId="749afe04-be50-46b2-964b-fd48c97bb3a7" testListId="8c84fa94-04c1-424b-9868-57a2d4851a1d" />
    <TestEntry testId="16e56989-76a7-8585-b943-e273cd2ed1c2" executionId="19dba90f-d887-422b-8c1d-b6cc84fd465d" testListId="8c84fa94-04c1-424b-9868-57a2d4851a1d" />
    <TestEntry testId="15879af3-5667-8627-8798-073634574cfb" executionId="8f3e7db3-b286-46fa-9861-f44289f6d3cb" testListId="8c84fa94-04c1-424b-9868-57a2d4851a1d" />
    <TestEntry testId="12ab518a-33ba-8068-a833-7799730fcbd5" executionId="a8f43dfb-ecbd-4331-bac7-8d40019a2735" testListId="8c84fa94-04c1-424b-9868-57a2d4851a1d" />
    <TestEntry testId="178c28d6-788e-8eb5-bd79-d8ce91ec7454" executionId="22fb3db0-85cc-4d32-a5de-ca5680fbc9ed" testListId="8c84fa94-04c1-424b-9868-57a2d4851a1d" />
    <TestEntry testId="18fb7630-93a1-828b-a9e1-500b27327666" executionId="8f919ee2-ebdb-4677-b529-0547388c44cd" testListId="8c84fa94-04c1-424b-9868-57a2d4851a1d" />
    <TestEntry testId="163d9d25-3781-8d01-aa89-fb0ed455ce67" executionId="0dc61b31-5374-4dd5-9bbb-ae3bd946ca3c" testListId="8c84fa94-04c1-424b-9868-57a2d4851a1d" />
    <TestEntry testId="1dc58f02-8bfb-87ff-8152-97912961162e" executionId="5d618dab-ad8a-4fe9-9c9b-4e5e7416cf34" testListId="8c84fa94-04c1-424b-9868-57a2d4851a1d" />
    <TestEntry testId="1cb53fa7-66ef-886d-96df-85f4e3a5f607" executionId="6ce10137-6da8-4734-82a2-c4764b5bba5b" testListId="8c84fa94-04c1-424b-9868-57a2d4851a1d" />
    <TestEntry testId="13bb92f3-9643-8d68-aa0d-763f51bdbf81" executionId="3840d71d-3a34-415d-a958-cb219436ccd3" testListId="8c84fa94-04c1-424b-9868-57a2d4851a1d" />
    <TestEntry testId="132c93fc-99cf-80a0-b0a6-22904c48670f" executionId="79c40652-09a2-405f-89a4-ef78583e865d" testListId="8c84fa94-04c1-424b-9868-57a2d4851a1d" />
    <TestEntry testId="1d6f9d40-3288-8453-b9b2-5ea56e2a4753" executionId="babc882a-47d6-4117-928d-1a7b68c36e89" testListId="8c84fa94-04c1-424b-9868-57a2d4851a1d" />
    <TestEntry testId="11ca93a8-296b-8476-9f0b-6fc4b090990d" executionId="e2d9fad7-7ef3-4de8-b9c6-5f3b7e8d6056" testListId="8c84fa94-04c1-424b-9868-57a2d4851a1d" />
    <TestEntry testId="17e7e5f5-8e92-8ea9-bd8b-79d2ff2868d6" executionId="6e90f5ce-a406-4978-bf23-ed34bb4d0d50" testListId="8c84fa94-04c1-424b-9868-57a2d4851a1d" />
  </TestEntries>
  <TestLists>
    <TestList name="Results Not in a List" id="8c84fa94-04c1-424b-9868-57a2d4851a1d" />
    <TestList name="All Loaded Results" id="19431567-8539-422a-85d7-44ee4e166bda" />
  </TestLists>
  <ResultSummary outcome="Completed">
    <Counters total="60" executed="60" passed="60" failed="0" error="0" timeout="0" aborted="0" inconclusive="0" passedButRunAborted="0" notRunnable="0" notExecuted="0" disconnected="0" warning="0" completed="0" inProgress="0" pending="0" />
    <Output>
      <StdOut>Test Parallelization enabled for /home/runner/work/dotnet-monorepo/dotnet-monorepo/src/artifacts/bin/Epubs.Tests/release_linux-x64/Epubs.Tests.dll (Workers: 4, Scope: ClassLevel)
</StdOut>
    </Output>
  </ResultSummary>
</TestRun>