<?xml version="1.0" encoding="utf-8"?>
<TestRun id="b6aca190-6d65-4aa4-9986-fcaaa6a5ccdd" name="@runnervmmklqx 2026-06-29 21:36:17" xmlns="http://microsoft.com/schemas/VisualStudio/TeamTest/2010">
  <Times creation="2026-06-29T21:36:17.2117873+00:00" queuing="2026-06-29T21:36:17.2117874+00:00" start="2026-06-29T21:36:16.6460923+00:00" finish="2026-06-29T21:36:17.2731996+00:00" />
  <TestSettings name="default" id="8ba83561-5b06-41ec-a53e-79729a84b46f">
    <Deployment runDeploymentRoot="_runnervmmklqx_2026-06-29_21_36_17" />
  </TestSettings>
  <Results>
    <UnitTestResult executionId="4391f342-973f-4b34-8724-5d9531e3b170" testId="178c28d6-788e-8eb5-bd79-d8ce91ec7454" testName="TestAddCreator (Epub3,[&quot;aut&quot;],&quot;epub3_one_role.opf&quot;)" computerName="runnervmmklqx" duration="00:00:00.0001378" startTime="2026-06-29T21:36:17.1773230+00:00" endTime="2026-06-29T21:36:17.1775125+00:00" testType="13cdc9d9-ddb5-4fa4-a97d-d965ccfc6d4b" outcome="Passed" testListId="8c84fa94-04c1-424b-9868-57a2d4851a1d" relativeResultsDirectory="4391f342-973f-4b34-8724-5d9531e3b170" />
    <UnitTestResult executionId="39234cbf-83bd-48ad-9d08-97538ce9c35c" testId="1ad59a54-6162-8915-b78f-cbce5547287d" testName="TestAddCreator (Epub2,[&quot;aut&quot;],&quot;epub2_one_role.opf&quot;)" computerName="runnervmmklqx" duration="00:00:00.0001374" startTime="2026-06-29T21:36:17.1775310+00:00" endTime="2026-06-29T21:36:17.1777232+00:00" testType="13cdc9d9-ddb5-4fa4-a97d-d965ccfc6d4b" outcome="Passed" testListId="8c84fa94-04c1-424b-9868-57a2d4851a1d" relativeResultsDirectory="39234cbf-83bd-48ad-9d08-97538ce9c35c" />
    <UnitTestResult executionId="74e8fc9a-cd67-4ed6-a81c-51020b469f6c" testId="139f1cb2-b2ce-8c72-a0dc-23e529c29a74" testName="TestAddCreator (Epub2,[],&quot;epub2_no_roles.opf&quot;)" computerName="runnervmmklqx" duration="00:00:00.0003199" startTime="2026-06-29T21:36:17.1756021+00:00" endTime="2026-06-29T21:36:17.1759877+00:00" testType="13cdc9d9-ddb5-4fa4-a97d-d965ccfc6d4b" outcome="Passed" testListId="8c84fa94-04c1-424b-9868-57a2d4851a1d" relativeResultsDirectory="74e8fc9a-cd67-4ed6-a81c-51020b469f6c" />
    <UnitTestResult executionId="b4bd0cca-08c7-4652-a010-6ea62616160b" testId="163d9d25-3781-8d01-aa89-fb0ed455ce67" testName="TestGetRelativePath (&quot;&quot;,&quot;a/b/c&quot;,&quot;../../..&quot;)" computerName="runnervmmklqx" duration="00:00:00.0000431" startTime="2026-06-29T21:36:17.1356054+00:00" endTime="2026-06-29T21:36:17.1356892+00:00" testType="13cdc9d9-ddb5-4fa4-a97d-d965ccfc6d4b" outcome="Passed" testListId="8c84fa94-04c1-424b-9868-57a2d4851a1d" relativeResultsDirectory="b4bd0cca-08c7-4652-a010-6ea62616160b" />
    <UnitTestResult executionId="a8ba6be4-d227-4705-a258-f1b6cee066e3" testId="1a00353d-820e-8fa3-9091-7b2ebff721ec" testName="TestAddItemToSpine (Epub3,null,&quot;epub3_noproperties.opf&quot;)" computerName="runnervmmklqx" duration="00:00:00.0001086" startTime="2026-06-29T21:36:17.1708581+00:00" endTime="2026-06-29T21:36:17.1710214+00:00" testType="13cdc9d9-ddb5-4fa4-a97d-d965ccfc6d4b" outcome="Passed" testListId="8c84fa94-04c1-424b-9868-57a2d4851a1d" relativeResultsDirectory="a8ba6be4-d227-4705-a258-f1b6cee066e3" />
    <UnitTestResult executionId="d7809e2c-006a-4608-97f0-18950defd66e" testId="104fae68-6cd5-841d-8283-464853a139a3" testName="TestGetRasterDocument (Epub2)" computerName="runnervmmklqx" duration="00:00:00.0009325" startTime="2026-06-29T21:36:17.1826347+00:00" endTime="2026-06-29T21:36:17.1836241+00:00" testType="13cdc9d9-ddb5-4fa4-a97d-d965ccfc6d4b" outcome="Passed" testListId="8c84fa94-04c1-424b-9868-57a2d4851a1d" relativeResultsDirectory="d7809e2c-006a-4608-97f0-18950defd66e" />
    <UnitTestResult executionId="e903be8a-f2e4-41ff-96dd-e358b990bcc7" testId="1bf56acc-bc6b-8496-947d-aa65e255463c" testName="TestAddNavItem (Epub3)" computerName="runnervmmklqx" duration="00:00:00.0036116" startTime="2026-06-29T21:36:17.1697424+00:00" endTime="2026-06-29T21:36:17.1734493+00:00" testType="13cdc9d9-ddb5-4fa4-a97d-d965ccfc6d4b" outcome="Passed" testListId="8c84fa94-04c1-424b-9868-57a2d4851a1d" relativeResultsDirectory="e903be8a-f2e4-41ff-96dd-e358b990bcc7" />
    <UnitTestResult executionId="ed496984-6bd2-4e57-9dc4-b3afbf379a42" testId="12ab518a-33ba-8068-a833-7799730fcbd5" testName="TestAddCreator (Epub3,[&quot;aut&quot;,&quot;ill&quot;],&quot;epub3_two_roles.opf&quot;)" computerName="runnervmmklqx" duration="00:00:00.0001148" startTime="2026-06-29T21:36:17.1777405+00:00" endTime="2026-06-29T21:36:17.1779045+00:00" testType="13cdc9d9-ddb5-4fa4-a97d-d965ccfc6d4b" outcome="Passed" testListId="8c84fa94-04c1-424b-9868-57a2d4851a1d" relativeResultsDirectory="ed496984-6bd2-4e57-9dc4-b3afbf379a42" />
    <UnitTestResult executionId="2221cbe6-74d9-4f16-a6ee-65229e059ba2" testId="17b70e0f-1bb5-8232-bb22-ad292bd4ca53" testName="TestAddDescription (Epub3)" computerName="runnervmmklqx" duration="00:00:00.0004416" startTime="2026-06-29T21:36:17.1796010+00:00" endTime="2026-06-29T21:36:17.1800961+00:00" testType="13cdc9d9-ddb5-4fa4-a97d-d965ccfc6d4b" outcome="Passed" testListId="8c84fa94-04c1-424b-9868-57a2d4851a1d" relativeResultsDirectory="2221cbe6-74d9-4f16-a6ee-65229e059ba2" />
    <UnitTestResult executionId="f68e2048-8b2c-4a74-be0c-445a4d110df8" testId="14d0cd07-d554-8a17-ae84-6d68b4a68e29" testName="TestAddNcx (Epub3,&quot;epub3_ncx.opf&quot;)" computerName="runnervmmklqx" duration="00:00:00.0003684" startTime="2026-06-29T21:36:17.1723169+00:00" endTime="2026-06-29T21:36:17.1727368+00:00" testType="13cdc9d9-ddb5-4fa4-a97d-d965ccfc6d4b" outcome="Passed" testListId="8c84fa94-04c1-424b-9868-57a2d4851a1d" relativeResultsDirectory="f68e2048-8b2c-4a74-be0c-445a4d110df8" />
    <UnitTestResult executionId="b456491c-9731-42f5-bff7-6d0ffff4da3e" testId="11ca93a8-296b-8476-9f0b-6fc4b090990d" testName="TestGetRelativePath (&quot;a/b/c&quot;,&quot;&quot;,&quot;a/b/c&quot;)" computerName="runnervmmklqx" duration="00:00:00.0000071" startTime="2026-06-29T21:36:17.1357097+00:00" endTime="2026-06-29T21:36:17.1357417+00:00" testType="13cdc9d9-ddb5-4fa4-a97d-d965ccfc6d4b" outcome="Passed" testListId="8c84fa94-04c1-424b-9868-57a2d4851a1d" relativeResultsDirectory="b456491c-9731-42f5-bff7-6d0ffff4da3e" />
    <UnitTestResult executionId="510052ed-f066-421b-b0ae-ec22a824ba2d" testId="124a442d-5cef-8a5e-832b-b6cc6c966046" testName="TestAddIdentifier (Epub2)" computerName="runnervmmklqx" duration="00:00:00.0003721" startTime="2026-06-29T21:36:17.1704138+00:00" endTime="2026-06-29T21:36:17.1708371+00:00" testType="13cdc9d9-ddb5-4fa4-a97d-d965ccfc6d4b" outcome="Passed" testListId="8c84fa94-04c1-424b-9868-57a2d4851a1d" relativeResultsDirectory="510052ed-f066-421b-b0ae-ec22a824ba2d" />
    <UnitTestResult executionId="64c6c7e5-b9fd-4f64-924a-f5ae64dc45ef" testId="12fc392e-8199-86c7-8604-b296f0959a0f" testName="TestAddTitle (Epub3)" computerName="runnervmmklqx" duration="00:00:00.0005218" startTime="2026-06-29T21:36:17.1708573+00:00" endTime="2026-06-29T21:36:17.1714258+00:00" testType="13cdc9d9-ddb5-4fa4-a97d-d965ccfc6d4b" outcome="Passed" testListId="8c84fa94-04c1-424b-9868-57a2d4851a1d" relativeResultsDirectory="64c6c7e5-b9fd-4f64-924a-f5ae64dc45ef" />
    <UnitTestResult executionId="ca815941-761c-46ce-99f6-4dbafccded71" testId="1f027eb2-66bc-8be8-8300-bf63e361e75e" testName="TestGetRelativePath (&quot;a/b/c&quot;,&quot;b/c/d&quot;,&quot;../../../a/b/c&quot;)" computerName="runnervmmklqx" duration="00:00:00.0000062" startTime="2026-06-29T21:36:17.1357488+00:00" endTime="2026-06-29T21:36:17.1357768+00:00" testType="13cdc9d9-ddb5-4fa4-a97d-d965ccfc6d4b" outcome="Passed" testListId="8c84fa94-04c1-424b-9868-57a2d4851a1d" relativeResultsDirectory="ca815941-761c-46ce-99f6-4dbafccded71" />
    <UnitTestResult executionId="af1f9e0d-780a-4842-b84c-0a166496ac56" testId="1584ef67-fe1c-864d-a045-629d708e2516" testName="TestAddModified (Epub3)" computerName="runnervmmklqx" duration="00:00:00.0004765" startTime="2026-06-29T21:36:17.1838953+00:00" endTime="2026-06-29T21:36:17.1844162+00:00" testType="13cdc9d9-ddb5-4fa4-a97d-d965ccfc6d4b" outcome="Passed" testListId="8c84fa94-04c1-424b-9868-57a2d4851a1d" relativeResultsDirectory="af1f9e0d-780a-4842-b84c-0a166496ac56" />
    <UnitTestResult executionId="edda060e-f0c3-4f44-8afe-1b233bddd274" testId="1b26e4d7-3e0b-8adb-af94-08e50834077a" testName="TestResolvePath (&quot;a/b/c&quot;,&quot;../../../d/e&quot;,&quot;d/e&quot;)" computerName="runnervmmklqx" duration="00:00:00.0000384" startTime="2026-06-29T21:36:17.1663090+00:00" endTime="2026-06-29T21:36:17.1678216+00:00" testType="13cdc9d9-ddb5-4fa4-a97d-d965ccfc6d4b" outcome="Passed" testListId="8c84fa94-04c1-424b-9868-57a2d4851a1d" relativeResultsDirectory="edda060e-f0c3-4f44-8afe-1b233bddd274" />
    <UnitTestResult executionId="6c1a2f82-4095-44ea-8101-b0092ad1b4eb" testId="110d5f63-5620-8288-a852-48415a5701b6" testName="TestAddIdentifier (Epub3)" computerName="runnervmmklqx" duration="00:00:00.0006314" startTime="2026-06-29T21:36:17.1696713+00:00" endTime="2026-06-29T21:36:17.1703962+00:00" testType="13cdc9d9-ddb5-4fa4-a97d-d965ccfc6d4b" outcome="Passed" testListId="8c84fa94-04c1-424b-9868-57a2d4851a1d" relativeResultsDirectory="6c1a2f82-4095-44ea-8101-b0092ad1b4eb" />
    <UnitTestResult executionId="c74abc72-771f-478f-a46d-372bd156f8d6" testId="1c344ecb-28e7-8e25-b223-6e397f5054f4" testName="TestAddDate (Epub3)" computerName="runnervmmklqx" duration="00:00:00.0004333" startTime="2026-06-29T21:36:17.1806165+00:00" endTime="2026-06-29T21:36:17.1811110+00:00" testType="13cdc9d9-ddb5-4fa4-a97d-d965ccfc6d4b" outcome="Passed" testListId="8c84fa94-04c1-424b-9868-57a2d4851a1d" relativeResultsDirectory="c74abc72-771f-478f-a46d-372bd156f8d6" />
    <UnitTestResult executionId="713abfef-ab5d-4144-8d00-d9dacd697145" testId="196202e8-80f4-8220-b7a4-03bed006a872" testName="TestAddLanguage (Epub2)" computerName="runnervmmklqx" duration="00:00:00.0003755" startTime="2026-06-29T21:36:17.1732030+00:00" endTime="2026-06-29T21:36:17.1736334+00:00" testType="13cdc9d9-ddb5-4fa4-a97d-d965ccfc6d4b" outcome="Passed" testListId="8c84fa94-04c1-424b-9868-57a2d4851a1d" relativeResultsDirectory="713abfef-ab5d-4144-8d00-d9dacd697145" />
    <UnitTestResult executionId="a03261de-2725-4f2f-bcba-e9b972164d47" testId="1c0b229c-cfde-842a-8c76-19a571413f49" testName="TestAddItemToManifest (Epub2,&quot;cover.jpg&quot;,&quot;cover-image&quot;,&quot;cover-id&quot;,&quot;epub2_properties_id.opf&quot;)" computerName="runnervmmklqx" duration="00:00:00.0006300" startTime="2026-06-29T21:36:17.1661551+00:00" endTime="2026-06-29T21:36:17.1668525+00:00" testType="13cdc9d9-ddb5-4fa4-a97d-d965ccfc6d4b" outcome="Passed" testListId="8c84fa94-04c1-424b-9868-57a2d4851a1d" relativeResultsDirectory="a03261de-2725-4f2f-bcba-e9b972164d47" />
    <UnitTestResult executionId="7a364b2f-58cb-431a-af2b-528580dc12dd" testId="17e7e5f5-8e92-8ea9-bd8b-79d2ff2868d6" testName="TestAddTitle (Epub3)" computerName="runnervmmklqx" duration="00:00:00.0002989" startTime="2026-06-29T21:36:17.1778092+00:00" endTime="2026-06-29T21:36:17.1781524+00:00" testType="13cdc9d9-ddb5-4fa4-a97d-d965ccfc6d4b" outcome="Passed" testListId="8c84fa94-04c1-424b-9868-57a2d4851a1d" relativeResultsDirectory="7a364b2f-58cb-431a-af2b-528580dc12dd" />
    <UnitTestResult executionId="e3277986-0c08-4e51-8838-135b655fb461" testId="14c058b4-2c86-895b-b0b1-cc5b57859157" testName="TestAddNavItem (Epub2)" computerName="runnervmmklqx" duration="00:00:00.0002888" startTime="2026-06-29T21:36:17.1846731+00:00" endTime="2026-06-29T21:36:17.1866884+00:00" testType="13cdc9d9-ddb5-4fa4-a97d-d965ccfc6d4b" outcome="Passed" testListId="8c84fa94-04c1-424b-9868-57a2d4851a1d" relativeResultsDirectory="e3277986-0c08-4e51-8838-135b655fb461" />
    <UnitTestResult executionId="0900d0c4-ee6f-4ed2-96eb-1d7310e1eb4d" testId="16e56989-76a7-8585-b943-e273cd2ed1c2" testName="TestAddDate (Epub2)" computerName="runnervmmklqx" duration="00:00:00.0003206" startTime="2026-06-29T21:36:17.1826066+00:00" endTime="2026-06-29T21:36:17.1829781+00:00" testType="13cdc9d9-ddb5-4fa4-a97d-d965ccfc6d4b" outcome="Passed" testListId="8c84fa94-04c1-424b-9868-57a2d4851a1d" relativeResultsDirectory="0900d0c4-ee6f-4ed2-96eb-1d7310e1eb4d" />
    <UnitTestResult executionId="96373391-90c2-40c2-adb3-27e561f0f925" testId="17163b0e-a15f-81ae-864e-083555ff6db1" testName="TestAddPrePaginated (Epub2)" computerName="runnervmmklqx" duration="00:00:00.0003135" startTime="2026-06-29T21:36:17.1835191+00:00" endTime="2026-06-29T21:36:17.1838785+00:00" testType="13cdc9d9-ddb5-4fa4-a97d-d965ccfc6d4b" outcome="Passed" testListId="8c84fa94-04c1-424b-9868-57a2d4851a1d" relativeResultsDirectory="96373391-90c2-40c2-adb3-27e561f0f925" />
    <UnitTestResult executionId="7269bf62-a636-4eea-b6d1-57c0e0642594" testId="1b20638b-a8a6-85af-8458-b3b7c366f1d5" testName="TestAddTitle (Epub2)" computerName="runnervmmklqx" duration="00:00:00.0002619" startTime="2026-06-29T21:36:17.1796076+00:00" endTime="2026-06-29T21:36:17.1799214+00:00" testType="13cdc9d9-ddb5-4fa4-a97d-d965ccfc6d4b" outcome="Passed" testListId="8c84fa94-04c1-424b-9868-57a2d4851a1d" relativeResultsDirectory="7269bf62-a636-4eea-b6d1-57c0e0642594" />
    <UnitTestResult executionId="1ee465eb-d233-49a7-8e0d-64ad2f3d1b31" testId="1a5dc06e-54fd-8d2c-a693-2b5cb2a6574b" testName="TestAddIdentifier (Epub2)" computerName="runnervmmklqx" duration="00:00:00.0003671" startTime="2026-06-29T21:36:17.1773757+00:00" endTime="2026-06-29T21:36:17.1777922+00:00" testType="13cdc9d9-ddb5-4fa4-a97d-d965ccfc6d4b" outcome="Passed" testListId="8c84fa94-04c1-424b-9868-57a2d4851a1d" relativeResultsDirectory="1ee465eb-d233-49a7-8e0d-64ad2f3d1b31" />
    <UnitTestResult executionId="c8ce09eb-3658-438d-8afc-5f7c57b6f226" testId="1ec0effe-5d9b-8d26-ab26-1e26e51fca30" testName="TestAddItemToManifest (Epub2,&quot;cover.jpg&quot;,null,null,&quot;epub2_noproperties_noid.opf&quot;)" computerName="runnervmmklqx" duration="00:00:00.0001649" startTime="2026-06-29T21:36:17.1672019+00:00" endTime="2026-06-29T21:36:17.1678645+00:00" testType="13cdc9d9-ddb5-4fa4-a97d-d965ccfc6d4b" outcome="Passed" testListId="8c84fa94-04c1-424b-9868-57a2d4851a1d" relativeResultsDirectory="c8ce09eb-3658-438d-8afc-5f7c57b6f226" />
    <UnitTestResult executionId="fdfaf632-7225-40b7-af24-eeb93a428dc4" testId="1e13994d-6844-8233-9112-553b896408e8" testName="TestAddReferenceToGuide (Epub2)" computerName="runnervmmklqx" duration="00:00:00.0004924" startTime="2026-06-29T21:36:17.1661945+00:00" endTime="2026-06-29T21:36:17.1678392+00:00" testType="13cdc9d9-ddb5-4fa4-a97d-d965ccfc6d4b" outcome="Passed" testListId="8c84fa94-04c1-424b-9868-57a2d4851a1d" relativeResultsDirectory="fdfaf632-7225-40b7-af24-eeb93a428dc4" />
    <UnitTestResult executionId="65085490-8fa9-4d61-8741-417e3af53eb8" testId="13bb92f3-9643-8d68-aa0d-763f51bdbf81" testName="TestAddIdentifier (Epub3)" computerName="runnervmmklqx" duration="00:00:00.0007561" startTime="2026-06-29T21:36:17.1758750+00:00" endTime="2026-06-29T21:36:17.1767050+00:00" testType="13cdc9d9-ddb5-4fa4-a97d-d965ccfc6d4b" outcome="Passed" testListId="8c84fa94-04c1-424b-9868-57a2d4851a1d" relativeResultsDirectory="65085490-8fa9-4d61-8741-417e3af53eb8" />
    <UnitTestResult executionId="eb345b0d-4e76-4962-94fd-d8813cbcb677" testId="16734436-cecd-83b5-8627-bcedb89c8296" testName="TestGetRelativePath (&quot;a/b/c&quot;,&quot;a/b/d&quot;,&quot;../c&quot;)" computerName="runnervmmklqx" duration="00:00:00.0004044" startTime="2026-06-29T21:36:17.1344640+00:00" endTime="2026-06-29T21:36:17.1351891+00:00" testType="13cdc9d9-ddb5-4fa4-a97d-d965ccfc6d4b" outcome="Passed" testListId="8c84fa94-04c1-424b-9868-57a2d4851a1d" relativeResultsDirectory="eb345b0d-4e76-4962-94fd-d8813cbcb677" />
    <UnitTestResult executionId="304848e4-ba5d-4be9-b8c7-2f884efb1f5c" testId="1d890bf7-586d-85b6-b06c-8f6a41e0ae1e" testName="TestAddLeftToRight (Epub3,&quot;epub3_ltr.opf&quot;)" computerName="runnervmmklqx" duration="00:00:00.0004137" startTime="2026-06-29T21:36:17.1731586+00:00" endTime="2026-06-29T21:36:17.1736332+00:00" testType="13cdc9d9-ddb5-4fa4-a97d-d965ccfc6d4b" outcome="Passed" testListId="8c84fa94-04c1-424b-9868-57a2d4851a1d" relativeResultsDirectory="304848e4-ba5d-4be9-b8c7-2f884efb1f5c" />
    <UnitTestResult executionId="d1f48c00-4e76-46a5-8d83-5822e0a4a1e6" testId="13acc5b9-b971-8983-8930-49d6f4051f77" testName="TestAddDescription (Epub2)" computerName="runnervmmklqx" duration="00:00:00.0004311" startTime="2026-06-29T21:36:17.1801143+00:00" endTime="2026-06-29T21:36:17.1805975+00:00" testType="13cdc9d9-ddb5-4fa4-a97d-d965ccfc6d4b" outcome="Passed" testListId="8c84fa94-04c1-424b-9868-57a2d4851a1d" relativeResultsDirectory="d1f48c00-4e76-46a5-8d83-5822e0a4a1e6" />
    <UnitTestResult executionId="a959db11-af3b-4017-98e9-f15835172192" testId="1907624b-6009-89cb-a76c-8b426f68f298" testName="TestAddNcx (Epub2,&quot;epub2_ncx.opf&quot;)" computerName="runnervmmklqx" duration="00:00:00.0003371" startTime="2026-06-29T21:36:17.1727624+00:00" endTime="2026-06-29T21:36:17.1731406+00:00" testType="13cdc9d9-ddb5-4fa4-a97d-d965ccfc6d4b" outcome="Passed" testListId="8c84fa94-04c1-424b-9868-57a2d4851a1d" relativeResultsDirectory="a959db11-af3b-4017-98e9-f15835172192" />
    <UnitTestResult executionId="68a9aae3-55d9-43c6-b03d-498a04b8bc46" testId="1a3f96ff-4c2e-82f1-a4ad-01abaff96e83" testName="TestResolvePath (&quot;a/b/c&quot;,&quot;../c&quot;,&quot;a/b/c&quot;)" computerName="runnervmmklqx" duration="00:00:00.0000118" startTime="2026-06-29T21:36:17.1660361+00:00" endTime="2026-06-29T21:36:17.1661038+00:00" testType="13cdc9d9-ddb5-4fa4-a97d-d965ccfc6d4b" outcome="Passed" testListId="8c84fa94-04c1-424b-9868-57a2d4851a1d" relativeResultsDirectory="68a9aae3-55d9-43c6-b03d-498a04b8bc46" />
    <UnitTestResult executionId="a8181556-4a83-4617-bfcf-f86c9269fe85" testId="173165ad-d2bc-8165-97a9-c5621186750e" testName="TestResolvePath (&quot;a/b/c&quot;,&quot;d/e&quot;,&quot;a/b/c/d/e&quot;)" computerName="runnervmmklqx" duration="00:00:00.0002021" startTime="2026-06-29T21:36:17.1361871+00:00" endTime="2026-06-29T21:36:17.1364343+00:00" testType="13cdc9d9-ddb5-4fa4-a97d-d965ccfc6d4b" outcome="Passed" testListId="8c84fa94-04c1-424b-9868-57a2d4851a1d" relativeResultsDirectory="a8181556-4a83-4617-bfcf-f86c9269fe85" />
    <UnitTestResult executionId="a6318089-57a7-43dd-9f4e-99c3d859c4c5" testId="18f58b21-b2c3-803b-8cb0-4e08dd113f73" testName="TestAddRightToLeft (Epub2,&quot;epub2_rtl.opf&quot;)" computerName="runnervmmklqx" duration="00:00:00.0003453" startTime="2026-06-29T21:36:17.1754429+00:00" endTime="2026-06-29T21:36:17.1758534+00:00" testType="13cdc9d9-ddb5-4fa4-a97d-d965ccfc6d4b" outcome="Passed" testListId="8c84fa94-04c1-424b-9868-57a2d4851a1d" relativeResultsDirectory="a6318089-57a7-43dd-9f4e-99c3d859c4c5" />
    <UnitTestResult executionId="27965c14-e6a2-44af-8787-3c55732c37fa" testId="1576e578-fb17-8c86-9f06-aa7cda5c1b5a" testName="TestAddTitle (Epub2)" computerName="runnervmmklqx" duration="00:00:00.0003453" startTime="2026-06-29T21:36:17.1723366+00:00" endTime="2026-06-29T21:36:17.1727368+00:00" testType="13cdc9d9-ddb5-4fa4-a97d-d965ccfc6d4b" outcome="Passed" testListId="8c84fa94-04c1-424b-9868-57a2d4851a1d" relativeResultsDirectory="27965c14-e6a2-44af-8787-3c55732c37fa" />
    <UnitTestResult executionId="bb9d2214-1c94-4293-abbb-a3131ba3e008" testId="18b99c28-043f-8fa7-a585-45f8db35abe5" testName="TestAddItemToManifest (Epub3,&quot;cover.jpg&quot;,null,null,&quot;epub3_noproperties_noid.opf&quot;)" computerName="runnervmmklqx" duration="00:00:00.0002413" startTime="2026-06-29T21:36:17.1668721+00:00" endTime="2026-06-29T21:36:17.1671833+00:00" testType="13cdc9d9-ddb5-4fa4-a97d-d965ccfc6d4b" outcome="Passed" testListId="8c84fa94-04c1-424b-9868-57a2d4851a1d" relativeResultsDirectory="bb9d2214-1c94-4293-abbb-a3131ba3e008" />
    <UnitTestResult executionId="3f47ed7b-95a8-42a9-91e7-e862b29139eb" testId="132a3618-bc6c-8626-b378-85737c5c1ffb" testName="TestAddItemToSpine (Epub2,&quot;page-spread-left&quot;,&quot;epub2_properties.opf&quot;)" computerName="runnervmmklqx" duration="00:00:00.0004442" startTime="2026-06-29T21:36:17.1703343+00:00" endTime="2026-06-29T21:36:17.1708371+00:00" testType="13cdc9d9-ddb5-4fa4-a97d-d965ccfc6d4b" outcome="Passed" testListId="8c84fa94-04c1-424b-9868-57a2d4851a1d" relativeResultsDirectory="3f47ed7b-95a8-42a9-91e7-e862b29139eb" />
    <UnitTestResult executionId="79ce8c9e-c791-4229-b8cb-aa750bf947f1" testId="1606129a-0ad6-89b1-8eb5-de137dec383d" testName="TestAddLeftToRight (Epub2,&quot;epub2_ltr.opf&quot;)" computerName="runnervmmklqx" duration="00:00:00.0003268" startTime="2026-06-29T21:36:17.1746423+00:00" endTime="2026-06-29T21:36:17.1750201+00:00" testType="13cdc9d9-ddb5-4fa4-a97d-d965ccfc6d4b" outcome="Passed" testListId="8c84fa94-04c1-424b-9868-57a2d4851a1d" relativeResultsDirectory="79ce8c9e-c791-4229-b8cb-aa750bf947f1" />
    <UnitTestResult executionId="b4130061-2809-4fb3-bd0d-3eb7afc3693c" testId="178aa3ea-46b0-8718-8f38-a36a6d78e6f8" testName="TestAddItemToLandmarks (Epub3)" computerName="runnervmmklqx" duration="00:00:00.0007557" startTime="2026-06-29T21:36:17.1750575+00:00" endTime="2026-06-29T21:36:17.1758739+00:00" testType="13cdc9d9-ddb5-4fa4-a97d-d965ccfc6d4b" outcome="Passed" testListId="8c84fa94-04c1-424b-9868-57a2d4851a1d" relativeResultsDirectory="b4130061-2809-4fb3-bd0d-3eb7afc3693c" />
    <UnitTestResult executionId="247c0296-29bc-4221-92d6-1f4e42423b0c" testId="1cb53fa7-66ef-886d-96df-85f4e3a5f607" testName="TestResolvePath (&quot;a/b/c&quot;,&quot;../../d/e&quot;,&quot;a/d/e&quot;)" computerName="runnervmmklqx" duration="00:00:00.0000401" startTime="2026-06-29T21:36:17.1662028+00:00" endTime="2026-06-29T21:36:17.1662917+00:00" testType="13cdc9d9-ddb5-4fa4-a97d-d965ccfc6d4b" outcome="Passed" testListId="8c84fa94-04c1-424b-9868-57a2d4851a1d" relativeResultsDirectory="247c0296-29bc-4221-92d6-1f4e42423b0c" />
    <UnitTestResult executionId="2426c2dd-62a7-4633-863d-d0d7065991cc" testId="1d853697-1c40-8ef7-b701-75fcb83d716c" testName="TestAddRightToLeft (Epub3,&quot;epub3_rtl.opf&quot;)" computerName="runnervmmklqx" duration="00:00:00.0003353" startTime="2026-06-29T21:36:17.1750391+00:00" endTime="2026-06-29T21:36:17.1754253+00:00" testType="13cdc9d9-ddb5-4fa4-a97d-d965ccfc6d4b" outcome="Passed" testListId="8c84fa94-04c1-424b-9868-57a2d4851a1d" relativeResultsDirectory="2426c2dd-62a7-4633-863d-d0d7065991cc" />
    <UnitTestResult executionId="b6b48d8b-0539-4a1e-bbad-b6813648021c" testId="1229b021-b396-8067-9d67-6db2b8bc72b7" testName="TestAddNavItem (Epub3)" computerName="runnervmmklqx" duration="00:00:00.0046071" startTime="2026-06-29T21:36:17.1799396+00:00" endTime="2026-06-29T21:36:17.1846442+00:00" testType="13cdc9d9-ddb5-4fa4-a97d-d965ccfc6d4b" outcome="Passed" testListId="8c84fa94-04c1-424b-9868-57a2d4851a1d" relativeResultsDirectory="b6b48d8b-0539-4a1e-bbad-b6813648021c" />
    <UnitTestResult executionId="074300ca-4555-4076-ab75-be3d39f92f14" testId="1a7fb99e-f52f-8ccc-ab1f-13586db79d1e" testName="TestAddItemToLandmarks (Epub2)" computerName="runnervmmklqx" duration="00:00:00.0003630" startTime="2026-06-29T21:36:17.1758933+00:00" endTime="2026-06-29T21:36:17.1763036+00:00" testType="13cdc9d9-ddb5-4fa4-a97d-d965ccfc6d4b" outcome="Passed" testListId="8c84fa94-04c1-424b-9868-57a2d4851a1d" relativeResultsDirectory="074300ca-4555-4076-ab75-be3d39f92f14" />
    <UnitTestResult executionId="45d7fe65-65c7-44b6-b621-ce6964b525a5" testId="1011288e-031f-8748-b274-76a1b0e99c39" testName="TestGetContainerXmlDocument (Epub3)" computerName="runnervmmklqx" duration="00:00:00.0005653" startTime="2026-06-29T21:36:17.1773599+00:00" endTime="2026-06-29T21:36:17.1780113+00:00" testType="13cdc9d9-ddb5-4fa4-a97d-d965ccfc6d4b" outcome="Passed" testListId="8c84fa94-04c1-424b-9868-57a2d4851a1d" relativeResultsDirectory="45d7fe65-65c7-44b6-b621-ce6964b525a5" />
    <UnitTestResult executionId="26f5faf4-a2c9-4bc2-99a7-01ba669876c4" testId="17cbd791-edb7-8411-9f3d-d0fe1b2fcf02" testName="TestAddItemToSpine (Epub2,null,&quot;epub2_noproperties.opf&quot;)" computerName="runnervmmklqx" duration="00:00:00.0001131" startTime="2026-06-29T21:36:17.1710394+00:00" endTime="2026-06-29T21:36:17.1711986+00:00" testType="13cdc9d9-ddb5-4fa4-a97d-d965ccfc6d4b" outcome="Passed" testListId="8c84fa94-04c1-424b-9868-57a2d4851a1d" relativeResultsDirectory="26f5faf4-a2c9-4bc2-99a7-01ba669876c4" />
    <UnitTestResult executionId="1da44c9f-3048-4e8c-a78f-486fa279336a" testId="1d0b33a2-7e9b-8950-ad7c-1126beafd8dd" testName="TestResolvePath (&quot;&quot;,&quot;a/b/c&quot;,&quot;a/b/c&quot;)" computerName="runnervmmklqx" duration="00:00:00.0003447" startTime="2026-06-29T21:36:17.1357842+00:00" endTime="2026-06-29T21:36:17.1361710+00:00" testType="13cdc9d9-ddb5-4fa4-a97d-d965ccfc6d4b" outcome="Passed" testListId="8c84fa94-04c1-424b-9868-57a2d4851a1d" relativeResultsDirectory="1da44c9f-3048-4e8c-a78f-486fa279336a" />
    <UnitTestResult executionId="b406f0db-d9d9-4795-bf7a-2ff076035315" testId="1e8f751a-7342-8e0a-8749-cd28c43d3882" testName="TestGetContainerXmlDocument (Epub2)" computerName="runnervmmklqx" duration="00:00:00.0004719" startTime="2026-06-29T21:36:17.1795713+00:00" endTime="2026-06-29T21:36:17.1801108+00:00" testType="13cdc9d9-ddb5-4fa4-a97d-d965ccfc6d4b" outcome="Passed" testListId="8c84fa94-04c1-424b-9868-57a2d4851a1d" relativeResultsDirectory="b406f0db-d9d9-4795-bf7a-2ff076035315" />
    <UnitTestResult executionId="ad7a100a-3041-45a9-9c99-533d6d45f419" testId="1f86d215-1c27-8857-97b9-0ba7f808e19d" testName="TestGetRelativePath (&quot;a/b/c&quot;,&quot;a&quot;,&quot;b/c&quot;)" computerName="runnervmmklqx" duration="00:00:00.0080556" startTime="2026-06-29T21:36:17.1025762+00:00" endTime="2026-06-29T21:36:17.1293757+00:00" testType="13cdc9d9-ddb5-4fa4-a97d-d965ccfc6d4b" outcome="Passed" testListId="8c84fa94-04c1-424b-9868-57a2d4851a1d" relativeResultsDirectory="ad7a100a-3041-45a9-9c99-533d6d45f419" />
    <UnitTestResult executionId="a5e3150c-3986-4b42-9cab-970daa2436bd" testId="18fb7630-93a1-828b-a9e1-500b27327666" testName="TestAddCreator (Epub2,[&quot;aut&quot;,&quot;ill&quot;],&quot;epub2_two_roles.opf&quot;)" computerName="runnervmmklqx" duration="00:00:00.0001290" startTime="2026-06-29T21:36:17.1779216+00:00" endTime="2026-06-29T21:36:17.1781051+00:00" testType="13cdc9d9-ddb5-4fa4-a97d-d965ccfc6d4b" outcome="Passed" testListId="8c84fa94-04c1-424b-9868-57a2d4851a1d" relativeResultsDirectory="a5e3150c-3986-4b42-9cab-970daa2436bd" />
    <UnitTestResult executionId="32e134da-231a-41d6-a05b-4b6403c2489e" testId="12509452-eb51-8bd2-8023-5d9d95470f16" testName="TestAddReferenceToGuide (Epub3)" computerName="runnervmmklqx" duration="00:00:00.0289119" startTime="2026-06-29T21:36:17.1025923+00:00" endTime="2026-06-29T21:36:17.1488074+00:00" testType="13cdc9d9-ddb5-4fa4-a97d-d965ccfc6d4b" outcome="Passed" testListId="8c84fa94-04c1-424b-9868-57a2d4851a1d" relativeResultsDirectory="32e134da-231a-41d6-a05b-4b6403c2489e" />
    <UnitTestResult executionId="72c5bf56-de4a-4114-bed6-1a12cd280562" testId="1f20d052-efc6-827b-8ace-2d57870f3d7b" testName="TestGetRasterDocument (Epub3)" computerName="runnervmmklqx" duration="00:00:00.0016735" startTime="2026-06-29T21:36:17.1801340+00:00" endTime="2026-06-29T21:36:17.1818902+00:00" testType="13cdc9d9-ddb5-4fa4-a97d-d965ccfc6d4b" outcome="Passed" testListId="8c84fa94-04c1-424b-9868-57a2d4851a1d" relativeResultsDirectory="72c5bf56-de4a-4114-bed6-1a12cd280562" />
    <UnitTestResult executionId="2f143ab7-b210-4313-beaa-efdc652e70bb" testId="18633743-5a95-84ca-aa1a-84a0ca6b512e" testName="TestAddCreator (Epub3,[],&quot;epub3_no_roles.opf&quot;)" computerName="runnervmmklqx" duration="00:00:00.0008751" startTime="2026-06-29T21:36:17.1746576+00:00" endTime="2026-06-29T21:36:17.1755833+00:00" testType="13cdc9d9-ddb5-4fa4-a97d-d965ccfc6d4b" outcome="Passed" testListId="8c84fa94-04c1-424b-9868-57a2d4851a1d" relativeResultsDirectory="2f143ab7-b210-4313-beaa-efdc652e70bb" />
    <UnitTestResult executionId="89b978b4-4d20-4559-ab0c-ba92b4d0ee66" testId="19fedbcf-3e8f-80d3-8f00-c9b50d3782b5" testName="TestAddItemToSpine (Epub3,&quot;page-spread-left&quot;,&quot;epub3_properties.opf&quot;)" computerName="runnervmmklqx" duration="00:00:00.0005276" startTime="2026-06-29T21:36:17.1697063+00:00" endTime="2026-06-29T21:36:17.1703127+00:00" testType="13cdc9d9-ddb5-4fa4-a97d-d965ccfc6d4b" outcome="Passed" testListId="8c84fa94-04c1-424b-9868-57a2d4851a1d" relativeResultsDirectory="89b978b4-4d20-4559-ab0c-ba92b4d0ee66" />
    <UnitTestResult executionId="40130108-aa3a-4307-91bd-e1f21a996278" testId="15879af3-5667-8627-8798-073634574cfb" testName="TestAddPrePaginated (Epub3)" computerName="runnervmmklqx" duration="00:00:00.0004497" startTime="2026-06-29T21:36:17.1829972+00:00" endTime="2026-06-29T21:36:17.1834999+00:00" testType="13cdc9d9-ddb5-4fa4-a97d-d965ccfc6d4b" outcome="Passed" testListId="8c84fa94-04c1-424b-9868-57a2d4851a1d" relativeResultsDirectory="40130108-aa3a-4307-91bd-e1f21a996278" />
    <UnitTestResult executionId="02adcf01-b036-4e61-af75-bbb91d0b4078" testId="132c93fc-99cf-80a0-b0a6-22904c48670f" testName="TestAddNavItem (Epub2)" computerName="runnervmmklqx" duration="00:00:00.0015101" startTime="2026-06-29T21:36:17.1734754+00:00" endTime="2026-06-29T21:36:17.1750363+00:00" testType="13cdc9d9-ddb5-4fa4-a97d-d965ccfc6d4b" outcome="Passed" testListId="8c84fa94-04c1-424b-9868-57a2d4851a1d" relativeResultsDirectory="02adcf01-b036-4e61-af75-bbb91d0b4078" />
    <UnitTestResult executionId="b3025566-c599-4610-816d-003e8a9abe3c" testId="1cef8686-5f34-86de-a6a3-8d35bb7afd79" testName="TestAddLanguage (Epub3)" computerName="runnervmmklqx" duration="00:00:00.0003851" startTime="2026-06-29T21:36:17.1727569+00:00" endTime="2026-06-29T21:36:17.1731863+00:00" testType="13cdc9d9-ddb5-4fa4-a97d-d965ccfc6d4b" outcome="Passed" testListId="8c84fa94-04c1-424b-9868-57a2d4851a1d" relativeResultsDirectory="b3025566-c599-4610-816d-003e8a9abe3c" />
    <UnitTestResult executionId="08349dc7-5eb3-4a0c-99a5-445e20ebdb8e" testId="1d6f9d40-3288-8453-b9b2-5ea56e2a4753" testName="TestAddItemToManifest (Epub3,&quot;cover.jpg&quot;,&quot;cover-image&quot;,&quot;cover-id&quot;,&quot;epub3_properties_id.opf&quot;)" computerName="runnervmmklqx" duration="00:00:00.0289093" startTime="2026-06-29T21:36:17.1026014+00:00" endTime="2026-06-29T21:36:17.1488077+00:00" testType="13cdc9d9-ddb5-4fa4-a97d-d965ccfc6d4b" outcome="Passed" testListId="8c84fa94-04c1-424b-9868-57a2d4851a1d" relativeResultsDirectory="08349dc7-5eb3-4a0c-99a5-445e20ebdb8e" />
    <UnitTestResult executionId="88a6568f-e90a-40e4-a917-b8c713db236a" testId="1dc58f02-8bfb-87ff-8152-97912961162e" testName="TestAddModified (Epub2)" computerName="runnervmmklqx" duration="00:00:00.0002954" startTime="2026-06-29T21:36:17.1844401+00:00" endTime="2026-06-29T21:36:17.1847867+00:00" testType="13cdc9d9-ddb5-4fa4-a97d-d965ccfc6d4b" outcome="Passed" testListId="8c84fa94-04c1-424b-9868-57a2d4851a1d" relativeResultsDirectory="88a6568f-e90a-40e4-a917-b8c713db236a" />
  </Results>
  <TestDefinitions>
    <UnitTest name="TestAddReferenceToGuide (Epub2)" storage="/home/runner/work/dotnet-monorepo/dotnet-monorepo/src/artifacts/bin/epubs.tests/release_linux-x64/epubs.tests.dll" id="1e13994d-6844-8233-9112-553b896408e8">
      <Execution id="fdfaf632-7225-40b7-af24-eeb93a428dc4" />
      <TestMethod codeBase="/home/runner/work/dotnet-monorepo/dotnet-monorepo/src/artifacts/bin/Epubs.Tests/release_linux-x64/Epubs.Tests.dll" adapterTypeName="executor://mstestadapter/v4" className="Epubs.Tests.WriterTests.PackageDocumentTests.GuideTests" name="TestAddReferenceToGuide" />
    </UnitTest>
    <UnitTest name="TestAddModified (Epub2)" storage="/home/runner/work/dotnet-monorepo/dotnet-monorepo/src/artifacts/bin/epubs.tests/release_linux-x64/epubs.tests.dll" id="1dc58f02-8bfb-87ff-8152-97912961162e">
      <Execution id="88a6568f-e90a-40e4-a917-b8c713db236a" />
      <TestMethod codeBase="/home/runner/work/dotnet-monorepo/dotnet-monorepo/src/artifacts/bin/Epubs.Tests/release_linux-x64/Epubs.Tests.dll" adapterTypeName="executor://mstestadapter/v4" className="Epubs.Tests.WriterTests.PackageDocumentTests.MetadataTests" name="TestAddModified" />
    </UnitTest>
    <UnitTest name="TestAddTitle (Epub2)" storage="/home/runner/work/dotnet-monorepo/dotnet-monorepo/src/artifacts/bin/epubs.tests/release_linux-x64/epubs.tests.dll" id="1576e578-fb17-8c86-9f06-aa7cda5c1b5a">
      <Execution id="27965c14-e6a2-44af-8787-3c55732c37fa" />
      <TestMethod codeBase="/home/runner/work/dotnet-monorepo/dotnet-monorepo/src/artifacts/bin/Epubs.Tests/release_linux-x64/Epubs.Tests.dll" adapterTypeName="executor://mstestadapter/v4" className="Epubs.Tests.WriterTests.PackageDocumentTests.MetadataTests" name="TestAddTitle" />
    </UnitTest>
    <UnitTest name="TestGetRelativePath (&quot;a/b/c&quot;,&quot;a/b/d&quot;,&quot;../c&quot;)" storage="/home/runner/work/dotnet-monorepo/dotnet-monorepo/src/artifacts/bin/epubs.tests/release_linux-x64/epubs.tests.dll" id="16734436-cecd-83b5-8627-bcedb89c8296">
      <Execution id="eb345b0d-4e76-4962-94fd-d8813cbcb677" />
      <TestMethod codeBase="/home/runner/work/dotnet-monorepo/dotnet-monorepo/src/artifacts/bin/Epubs.Tests/release_linux-x64/Epubs.Tests.dll" adapterTypeName="executor://mstestadapter/v4" className="Epubs.Tests.EpubPathsTests" name="TestGetRelativePath" />
    </UnitTest>
    <UnitTest name="TestAddLeftToRight (Epub3,&quot;epub3_ltr.opf&quot;)" storage="/home/runner/work/dotnet-monorepo/dotnet-monorepo/src/artifacts/bin/epubs.tests/release_linux-x64/epubs.tests.dll" id="1d890bf7-586d-85b6-b06c-8f6a41e0ae1e">
      <Execution id="304848e4-ba5d-4be9-b8c7-2f884efb1f5c" />
      <TestMethod codeBase="/home/runner/work/dotnet-monorepo/dotnet-monorepo/src/artifacts/bin/Epubs.Tests/release_linux-x64/Epubs.Tests.dll" adapterTypeName="executor://mstestadapter/v4" className="Epubs.Tests.WriterTests.PackageDocumentTests.SpineTests" name="TestAddLeftToRight" />
    </UnitTest>
    <UnitTest name="TestAddIdentifier (Epub2)" storage="/home/runner/work/dotnet-monorepo/dotnet-monorepo/src/artifacts/bin/epubs.tests/release_linux-x64/epubs.tests.dll" id="1a5dc06e-54fd-8d2c-a693-2b5cb2a6574b">
      <Execution id="1ee465eb-d233-49a7-8e0d-64ad2f3d1b31" />
      <TestMethod codeBase="/home/runner/work/dotnet-monorepo/dotnet-monorepo/src/artifacts/bin/Epubs.Tests/release_linux-x64/Epubs.Tests.dll" adapterTypeName="executor://mstestadapter/v4" className="Epubs.Tests.WriterTests.NavigationTests.NcxTests" name="TestAddIdentifier" />
    </UnitTest>
    <UnitTest name="TestAddItemToLandmarks (Epub3)" storage="/home/runner/work/dotnet-monorepo/dotnet-monorepo/src/artifacts/bin/epubs.tests/release_linux-x64/epubs.tests.dll" id="178aa3ea-46b0-8718-8f38-a36a6d78e6f8">
      <Execution id="b4130061-2809-4fb3-bd0d-3eb7afc3693c" />
      <TestMethod codeBase="/home/runner/work/dotnet-monorepo/dotnet-monorepo/src/artifacts/bin/Epubs.Tests/release_linux-x64/Epubs.Tests.dll" adapterTypeName="executor://mstestadapter/v4" className="Epubs.Tests.WriterTests.NavigationTests.NavigationDocumentTests" name="TestAddItemToLandmarks" />
    </UnitTest>
    <UnitTest name="TestGetContainerXmlDocument (Epub2)" storage="/home/runner/work/dotnet-monorepo/dotnet-monorepo/src/artifacts/bin/epubs.tests/release_linux-x64/epubs.tests.dll" id="1e8f751a-7342-8e0a-8749-cd28c43d3882">
      <Execution id="b406f0db-d9d9-4795-bf7a-2ff076035315" />
      <TestMethod codeBase="/home/runner/work/dotnet-monorepo/dotnet-monorepo/src/artifacts/bin/Epubs.Tests/release_linux-x64/Epubs.Tests.dll" adapterTypeName="executor://mstestadapter/v4" className="Epubs.Tests.WriterTests.MetaInfTests.ContainerXmlTests" name="TestGetContainerXmlDocument" />
    </UnitTest>
    <UnitTest name="TestAddCreator (Epub2,[&quot;aut&quot;],&quot;epub2_one_role.opf&quot;)" storage="/home/runner/work/dotnet-monorepo/dotnet-monorepo/src/artifacts/bin/epubs.tests/release_linux-x64/epubs.tests.dll" id="1ad59a54-6162-8915-b78f-cbce5547287d">
      <Execution id="39234cbf-83bd-48ad-9d08-97538ce9c35c" />
      <TestMethod codeBase="/home/runner/work/dotnet-monorepo/dotnet-monorepo/src/artifacts/bin/Epubs.Tests/release_linux-x64/Epubs.Tests.dll" adapterTypeName="executor://mstestadapter/v4" className="Epubs.Tests.WriterTests.PackageDocumentTests.MetadataTests" name="TestAddCreator" />
    </UnitTest>
    <UnitTest name="TestAddRightToLeft (Epub2,&quot;epub2_rtl.opf&quot;)" storage="/home/runner/work/dotnet-monorepo/dotnet-monorepo/src/artifacts/bin/epubs.tests/release_linux-x64/epubs.tests.dll" id="18f58b21-b2c3-803b-8cb0-4e08dd113f73">
      <Execution id="a6318089-57a7-43dd-9f4e-99c3d859c4c5" />
      <TestMethod codeBase="/home/runner/work/dotnet-monorepo/dotnet-monorepo/src/artifacts/bin/Epubs.Tests/release_linux-x64/Epubs.Tests.dll" adapterTypeName="executor://mstestadapter/v4" className="Epubs.Tests.WriterTests.PackageDocumentTests.SpineTests" name="TestAddRightToLeft" />
    </UnitTest>
    <UnitTest name="TestAddModified (Epub3)" storage="/home/runner/work/dotnet-monorepo/dotnet-monorepo/src/artifacts/bin/epubs.tests/release_linux-x64/epubs.tests.dll" id="1584ef67-fe1c-864d-a045-629d708e2516">
      <Execution id="af1f9e0d-780a-4842-b84c-0a166496ac56" />
      <TestMethod codeBase="/home/runner/work/dotnet-monorepo/dotnet-monorepo/src/artifacts/bin/Epubs.Tests/release_linux-x64/Epubs.Tests.dll" adapterTypeName="executor://mstestadapter/v4" className="Epubs.Tests.WriterTests.PackageDocumentTests.MetadataTests" name="TestAddModified" />
    </UnitTest>
    <UnitTest name="TestAddLanguage (Epub2)" storage="/home/runner/work/dotnet-monorepo/dotnet-monorepo/src/artifacts/bin/epubs.tests/release_linux-x64/epubs.tests.dll" id="196202e8-80f4-8220-b7a4-03bed006a872">
      <Execution id="713abfef-ab5d-4144-8d00-d9dacd697145" />
      <TestMethod codeBase="/home/runner/work/dotnet-monorepo/dotnet-monorepo/src/artifacts/bin/Epubs.Tests/release_linux-x64/Epubs.Tests.dll" adapterTypeName="executor://mstestadapter/v4" className="Epubs.Tests.WriterTests.PackageDocumentTests.MetadataTests" name="TestAddLanguage" />
    </UnitTest>
    <UnitTest name="TestResolvePath (&quot;a/b/c&quot;,&quot;d/e&quot;,&quot;a/b/c/d/e&quot;)" storage="/home/runner/work/dotnet-monorepo/dotnet-monorepo/src/artifacts/bin/epubs.tests/release_linux-x64/epubs.tests.dll" id="173165ad-d2bc-8165-97a9-c5621186750e">
      <Execution id="a8181556-4a83-4617-bfcf-f86c9269fe85" />
      <TestMethod codeBase="/home/runner/work/dotnet-monorepo/dotnet-monorepo/src/artifacts/bin/Epubs.Tests/release_linux-x64/Epubs.Tests.dll" adapterTypeName="executor://mstestadapter/v4" className="Epubs.Tests.EpubPathsTests" name="TestResolvePath" />
    </UnitTest>
    <UnitTest name="TestAddDescription (Epub2)" storage="/home/runner/work/dotnet-monorepo/dotnet-monorepo/src/artifacts/bin/epubs.tests/release_linux-x64/epubs.tests.dll" id="13acc5b9-b971-8983-8930-49d6f4051f77">
      <Execution id="d1f48c00-4e76-46a5-8d83-5822e0a4a1e6" />
      <TestMethod codeBase="/home/runner/work/dotnet-monorepo/dotnet-monorepo/src/artifacts/bin/Epubs.Tests/release_linux-x64/Epubs.Tests.dll" adapterTypeName="executor://mstestadapter/v4" className="Epubs.Tests.WriterTests.PackageDocumentTests.MetadataTests" name="TestAddDescription" />
    </UnitTest>
    <UnitTest name="TestAddNavItem (Epub2)" storage="/home/runner/work/dotnet-monorepo/dotnet-monorepo/src/artifacts/bin/epubs.tests/release_linux-x64/epubs.tests.dll" id="14c058b4-2c86-895b-b0b1-cc5b57859157">
      <Execution id="e3277986-0c08-4e51-8838-135b655fb461" />
      <TestMethod codeBase="/home/runner/work/dotnet-monorepo/dotnet-monorepo/src/artifacts/bin/Epubs.Tests/release_linux-x64/Epubs.Tests.dll" adapterTypeName="executor://mstestadapter/v4" className="Epubs.Tests.WriterTests.NavigationTests.NcxTests" name="TestAddNavItem" />
    </UnitTest>
    <UnitTest name="TestGetContainerXmlDocument (Epub3)" storage="/home/runner/work/dotnet-monorepo/dotnet-monorepo/src/artifacts/bin/epubs.tests/release_linux-x64/epubs.tests.dll" id="1011288e-031f-8748-b274-76a1b0e99c39">
      <Execution id="45d7fe65-65c7-44b6-b621-ce6964b525a5" />
      <TestMethod codeBase="/home/runner/work/dotnet-monorepo/dotnet-monorepo/src/artifacts/bin/Epubs.Tests/release_linux-x64/Epubs.Tests.dll" adapterTypeName="executor://mstestadapter/v4" className="Epubs.Tests.WriterTests.MetaInfTests.ContainerXmlTests" name="TestGetContainerXmlDocument" />
    </UnitTest>
    <UnitTest name="TestAddLeftToRight (Epub2,&quot;epub2_ltr.opf&quot;)" storage="/home/runner/work/dotnet-monorepo/dotnet-monorepo/src/artifacts/bin/epubs.tests/release_linux-x64/epubs.tests.dll" id="1606129a-0ad6-89b1-8eb5-de137dec383d">
      <Execution id="79ce8c9e-c791-4229-b8cb-aa750bf947f1" />
      <TestMethod codeBase="/home/runner/work/dotnet-monorepo/dotnet-monorepo/src/artifacts/bin/Epubs.Tests/release_linux-x64/Epubs.Tests.dll" adapterTypeName="executor://mstestadapter/v4" className="Epubs.Tests.WriterTests.PackageDocumentTests.SpineTests" name="TestAddLeftToRight" />
    </UnitTest>
    <UnitTest name="TestAddNcx (Epub2,&quot;epub2_ncx.opf&quot;)" storage="/home/runner/work/dotnet-monorepo/dotnet-monorepo/src/artifacts/bin/epubs.tests/release_linux-x64/epubs.tests.dll" id="1907624b-6009-89cb-a76c-8b426f68f298">
      <Execution id="a959db11-af3b-4017-98e9-f15835172192" />
      <TestMethod codeBase="/home/runner/work/dotnet-monorepo/dotnet-monorepo/src/artifacts/bin/Epubs.Tests/release_linux-x64/Epubs.Tests.dll" adapterTypeName="executor://mstestadapter/v4" className="Epubs.Tests.WriterTests.PackageDocumentTests.SpineTests" name="TestAddNcx" />
    </UnitTest>
    <UnitTest name="TestGetRasterDocument (Epub3)" storage="/home/runner/work/dotnet-monorepo/dotnet-monorepo/src/artifacts/bin/epubs.tests/release_linux-x64/epubs.tests.dll" id="1f20d052-efc6-827b-8ace-2d57870f3d7b">
      <Execution id="72c5bf56-de4a-4114-bed6-1a12cd280562" />
      <TestMethod codeBase="/home/runner/work/dotnet-monorepo/dotnet-monorepo/src/artifacts/bin/Epubs.Tests/release_linux-x64/Epubs.Tests.dll" adapterTypeName="executor://mstestadapter/v4" className="Epubs.Tests.WriterTests.CoverXhtmlTests.RasterTests" name="TestGetRasterDocument" />
    </UnitTest>
    <UnitTest name="TestAddItemToManifest (Epub2,&quot;cover.jpg&quot;,null,null,&quot;epub2_noproperties_noid.opf&quot;)" storage="/home/runner/work/dotnet-monorepo/dotnet-monorepo/src/artifacts/bin/epubs.tests/release_linux-x64/epubs.tests.dll" id="1ec0effe-5d9b-8d26-ab26-1e26e51fca30">
      <Execution id="c8ce09eb-3658-438d-8afc-5f7c57b6f226" />
      <TestMethod codeBase="/home/runner/work/dotnet-monorepo/dotnet-monorepo/src/artifacts/bin/Epubs.Tests/release_linux-x64/Epubs.Tests.dll" adapterTypeName="executor://mstestadapter/v4" className="Epubs.Tests.WriterTests.PackageDocumentTests.ManifestTests" name="TestAddItemToManifest" />
    </UnitTest>
    <UnitTest name="TestAddRightToLeft (Epub3,&quot;epub3_rtl.opf&quot;)" storage="/home/runner/work/dotnet-monorepo/dotnet-monorepo/src/artifacts/bin/epubs.tests/release_linux-x64/epubs.tests.dll" id="1d853697-1c40-8ef7-b701-75fcb83d716c">
      <Execution id="2426c2dd-62a7-4633-863d-d0d7065991cc" />
      <TestMethod codeBase="/home/runner/work/dotnet-monorepo/dotnet-monorepo/src/artifacts/bin/Epubs.Tests/release_linux-x64/Epubs.Tests.dll" adapterTypeName="executor://mstestadapter/v4" className="Epubs.Tests.WriterTests.PackageDocumentTests.SpineTests" name="TestAddRightToLeft" />
    </UnitTest>
    <UnitTest name="TestAddNavItem (Epub3)" storage="/home/runner/work/dotnet-monorepo/dotnet-monorepo/src/artifacts/bin/epubs.tests/release_linux-x64/epubs.tests.dll" id="1bf56acc-bc6b-8496-947d-aa65e255463c">
      <Execution id="e903be8a-f2e4-41ff-96dd-e358b990bcc7" />
      <TestMethod codeBase="/home/runner/work/dotnet-monorepo/dotnet-monorepo/src/artifacts/bin/Epubs.Tests/release_linux-x64/Epubs.Tests.dll" adapterTypeName="executor://mstestadapter/v4" className="Epubs.Tests.WriterTests.NavigationTests.NavigationDocumentTests" name="TestAddNavItem" />
    </UnitTest>
    <UnitTest name="TestAddDate (Epub2)" storage="/home/runner/work/dotnet-monorepo/dotnet-monorepo/src/artifacts/bin/epubs.tests/release_linux-x64/epubs.tests.dll" id="16e56989-76a7-8585-b943-e273cd2ed1c2">
      <Execution id="0900d0c4-ee6f-4ed2-96eb-1d7310e1eb4d" />
      <TestMethod codeBase="/home/runner/work/dotnet-monorepo/dotnet-monorepo/src/artifacts/bin/Epubs.Tests/release_linux-x64/Epubs.Tests.dll" adapterTypeName="executor://mstestadapter/v4" className="Epubs.Tests.WriterTests.PackageDocumentTests.MetadataTests" name="TestAddDate" />
    </UnitTest>
    <UnitTest name="TestGetRelativePath (&quot;a/b/c&quot;,&quot;&quot;,&quot;a/b/c&quot;)" storage="/home/runner/work/dotnet-monorepo/dotnet-monorepo/src/artifacts/bin/epubs.tests/release_linux-x64/epubs.tests.dll" id="11ca93a8-296b-8476-9f0b-6fc4b090990d">
      <Execution id="b456491c-9731-42f5-bff7-6d0ffff4da3e" />
      <TestMethod codeBase="/home/runner/work/dotnet-monorepo/dotnet-monorepo/src/artifacts/bin/Epubs.Tests/release_linux-x64/Epubs.Tests.dll" adapterTypeName="executor://mstestadapter/v4" className="Epubs.Tests.EpubPathsTests" name="TestGetRelativePath" />
    </UnitTest>
    <UnitTest name="TestGetRelativePath (&quot;a/b/c&quot;,&quot;a&quot;,&quot;b/c&quot;)" storage="/home/runner/work/dotnet-monorepo/dotnet-monorepo/src/artifacts/bin/epubs.tests/release_linux-x64/epubs.tests.dll" id="1f86d215-1c27-8857-97b9-0ba7f808e19d">
      <Execution id="ad7a100a-3041-45a9-9c99-533d6d45f419" />
      <TestMethod codeBase="/home/runner/work/dotnet-monorepo/dotnet-monorepo/src/artifacts/bin/Epubs.Tests/release_linux-x64/Epubs.Tests.dll" adapterTypeName="executor://mstestadapter/v4" className="Epubs.Tests.EpubPathsTests" name="TestGetRelativePath" />
    </UnitTest>
    <UnitTest name="TestAddIdentifier (Epub3)" storage="/home/runner/work/dotnet-monorepo/dotnet-monorepo/src/artifacts/bin/epubs.tests/release_linux-x64/epubs.tests.dll" id="110d5f63-5620-8288-a852-48415a5701b6">
      <Execution id="6c1a2f82-4095-44ea-8101-b0092ad1b4eb" />
      <TestMethod codeBase="/home/runner/work/dotnet-monorepo/dotnet-monorepo/src/artifacts/bin/Epubs.Tests/release_linux-x64/Epubs.Tests.dll" adapterTypeName="executor://mstestadapter/v4" className="Epubs.Tests.WriterTests.PackageDocumentTests.MetadataTests" name="TestAddIdentifier" />
    </UnitTest>
    <UnitTest name="TestAddIdentifier (Epub3)" storage="/home/runner/work/dotnet-monorepo/dotnet-monorepo/src/artifacts/bin/epubs.tests/release_linux-x64/epubs.tests.dll" id="13bb92f3-9643-8d68-aa0d-763f51bdbf81">
      <Execution id="65085490-8fa9-4d61-8741-417e3af53eb8" />
      <TestMethod codeBase="/home/runner/work/dotnet-monorepo/dotnet-monorepo/src/artifacts/bin/Epubs.Tests/release_linux-x64/Epubs.Tests.dll" adapterTypeName="executor://mstestadapter/v4" className="Epubs.Tests.WriterTests.NavigationTests.NcxTests" name="TestAddIdentifier" />
    </UnitTest>
    <UnitTest name="TestAddPrePaginated (Epub2)" storage="/home/runner/work/dotnet-monorepo/dotnet-monorepo/src/artifacts/bin/epubs.tests/release_linux-x64/epubs.tests.dll" id="17163b0e-a15f-81ae-864e-083555ff6db1">
      <Execution id="96373391-90c2-40c2-adb3-27e561f0f925" />
      <TestMethod codeBase="/home/runner/work/dotnet-monorepo/dotnet-monorepo/src/artifacts/bin/Epubs.Tests/release_linux-x64/Epubs.Tests.dll" adapterTypeName="executor://mstestadapter/v4" className="Epubs.Tests.WriterTests.PackageDocumentTests.MetadataTests" name="TestAddPrePaginated" />
    </UnitTest>
    <UnitTest name="TestGetRasterDocument (Epub2)" storage="/home/runner/work/dotnet-monorepo/dotnet-monorepo/src/artifacts/bin/epubs.tests/release_linux-x64/epubs.tests.dll" id="104fae68-6cd5-841d-8283-464853a139a3">
      <Execution id="d7809e2c-006a-4608-97f0-18950defd66e" />
      <TestMethod codeBase="/home/runner/work/dotnet-monorepo/dotnet-monorepo/src/artifacts/bin/Epubs.Tests/release_linux-x64/Epubs.Tests.dll" adapterTypeName="executor://mstestadapter/v4" className="Epubs.Tests.WriterTests.CoverXhtmlTests.RasterTests" name="TestGetRasterDocument" />
    </UnitTest>
    <UnitTest name="TestAddDescription (Epub3)" storage="/home/runner/work/dotnet-monorepo/dotnet-monorepo/src/artifacts/bin/epubs.tests/release_linux-x64/epubs.tests.dll" id="17b70e0f-1bb5-8232-bb22-ad292bd4ca53">
      <Execution id="2221cbe6-74d9-4f16-a6ee-65229e059ba2" />
      <TestMethod codeBase="/home/runner/work/dotnet-monorepo/dotnet-monorepo/src/artifacts/bin/Epubs.Tests/release_linux-x64/Epubs.Tests.dll" adapterTypeName="executor://mstestadapter/v4" className="Epubs.Tests.WriterTests.PackageDocumentTests.MetadataTests" name="TestAddDescription" />
    </UnitTest>
    <UnitTest name="TestResolvePath (&quot;&quot;,&quot;a/b/c&quot;,&quot;a/b/c&quot;)" storage="/home/runner/work/dotnet-monorepo/dotnet-monorepo/src/artifacts/bin/epubs.tests/release_linux-x64/epubs.tests.dll" id="1d0b33a2-7e9b-8950-ad7c-1126beafd8dd">
      <Execution id="1da44c9f-3048-4e8c-a78f-486fa279336a" />
      <TestMethod codeBase="/home/runner/work/dotnet-monorepo/dotnet-monorepo/src/artifacts/bin/Epubs.Tests/release_linux-x64/Epubs.Tests.dll" adapterTypeName="executor://mstestadapter/v4" className="Epubs.Tests.EpubPathsTests" name="TestResolvePath" />
    </UnitTest>
    <UnitTest name="TestAddItemToLandmarks (Epub2)" storage="/home/runner/work/dotnet-monorepo/dotnet-monorepo/src/artifacts/bin/epubs.tests/release_linux-x64/epubs.tests.dll" id="1a7fb99e-f52f-8ccc-ab1f-13586db79d1e">
      <Execution id="074300ca-4555-4076-ab75-be3d39f92f14" />
      <TestMethod codeBase="/home/runner/work/dotnet-monorepo/dotnet-monorepo/src/artifacts/bin/Epubs.Tests/release_linux-x64/Epubs.Tests.dll" adapterTypeName="executor://mstestadapter/v4" className="Epubs.Tests.WriterTests.NavigationTests.NavigationDocumentTests" name="TestAddItemToLandmarks" />
    </UnitTest>
    <UnitTest name="TestResolvePath (&quot;a/b/c&quot;,&quot;../../d/e&quot;,&quot;a/d/e&quot;)" storage="/home/runner/work/dotnet-monorepo/dotnet-monorepo/src/artifacts/bin/epubs.tests/release_linux-x64/epubs.tests.dll" id="1cb53fa7-66ef-886d-96df-85f4e3a5f607">
      <Execution id="247c0296-29bc-4221-92d6-1f4e42423b0c" />
      <TestMethod codeBase="/home/runner/work/dotnet-monorepo/dotnet-monorepo/src/artifacts/bin/Epubs.Tests/release_linux-x64/Epubs.Tests.dll" adapterTypeName="executor://mstestadapter/v4" className="Epubs.Tests.EpubPathsTests" name="TestResolvePath" />
    </UnitTest>
    <UnitTest name="TestAddReferenceToGuide (Epub3)" storage="/home/runner/work/dotnet-monorepo/dotnet-monorepo/src/artifacts/bin/epubs.tests/release_linux-x64/epubs.tests.dll" id="12509452-eb51-8bd2-8023-5d9d95470f16">
      <Execution id="32e134da-231a-41d6-a05b-4b6403c2489e" />
      <TestMethod codeBase="/home/runner/work/dotnet-monorepo/dotnet-monorepo/src/artifacts/bin/Epubs.Tests/release_linux-x64/Epubs.Tests.dll" adapterTypeName="executor://mstestadapter/v4" className="Epubs.Tests.WriterTests.PackageDocumentTests.GuideTests" name="TestAddReferenceToGuide" />
    </UnitTest>
    <UnitTest name="TestAddTitle (Epub3)" storage="/home/runner/work/dotnet-monorepo/dotnet-monorepo/src/artifacts/bin/epubs.tests/release_linux-x64/epubs.tests.dll" id="12fc392e-8199-86c7-8604-b296f0959a0f">
      <Execution id="64c6c7e5-b9fd-4f64-924a-f5ae64dc45ef" />
      <TestMethod codeBase="/home/runner/work/dotnet-monorepo/dotnet-monorepo/src/artifacts/bin/Epubs.Tests/release_linux-x64/Epubs.Tests.dll" adapterTypeName="executor://mstestadapter/v4" className="Epubs.Tests.WriterTests.PackageDocumentTests.MetadataTests" name="TestAddTitle" />
    </UnitTest>
    <UnitTest name="TestAddNcx (Epub3,&quot;epub3_ncx.opf&quot;)" storage="/home/runner/work/dotnet-monorepo/dotnet-monorepo/src/artifacts/bin/epubs.tests/release_linux-x64/epubs.tests.dll" id="14d0cd07-d554-8a17-ae84-6d68b4a68e29">
      <Execution id="f68e2048-8b2c-4a74-be0c-445a4d110df8" />
      <TestMethod codeBase="/home/runner/work/dotnet-monorepo/dotnet-monorepo/src/artifacts/bin/Epubs.Tests/release_linux-x64/Epubs.Tests.dll" adapterTypeName="executor://mstestadapter/v4" className="Epubs.Tests.WriterTests.PackageDocumentTests.SpineTests" name="TestAddNcx" />
    </UnitTest>
    <UnitTest name="TestAddDate (Epub3)" storage="/home/runner/work/dotnet-monorepo/dotnet-monorepo/src/artifacts/bin/epubs.tests/release_linux-x64/epubs.tests.dll" id="1c344ecb-28e7-8e25-b223-6e397f5054f4">
      <Execution id="c74abc72-771f-478f-a46d-372bd156f8d6" />
      <TestMethod codeBase="/home/runner/work/dotnet-monorepo/dotnet-monorepo/src/artifacts/bin/Epubs.Tests/release_linux-x64/Epubs.Tests.dll" adapterTypeName="executor://mstestadapter/v4" className="Epubs.Tests.WriterTests.PackageDocumentTests.MetadataTests" name="TestAddDate" />
    </UnitTest>
    <UnitTest name="TestAddCreator (Epub3,[&quot;aut&quot;,&quot;ill&quot;],&quot;epub3_two_roles.opf&quot;)" storage="/home/runner/work/dotnet-monorepo/dotnet-monorepo/src/artifacts/bin/epubs.tests/release_linux-x64/epubs.tests.dll" id="12ab518a-33ba-8068-a833-7799730fcbd5">
      <Execution id="ed496984-6bd2-4e57-9dc4-b3afbf379a42" />
      <TestMethod codeBase="/home/runner/work/dotnet-monorepo/dotnet-monorepo/src/artifacts/bin/Epubs.Tests/release_linux-x64/Epubs.Tests.dll" adapterTypeName="executor://mstestadapter/v4" className="Epubs.Tests.WriterTests.PackageDocumentTests.MetadataTests" name="TestAddCreator" />
    </UnitTest>
    <UnitTest name="TestAddCreator (Epub3,[&quot;aut&quot;],&quot;epub3_one_role.opf&quot;)" storage="/home/runner/work/dotnet-monorepo/dotnet-monorepo/src/artifacts/bin/epubs.tests/release_linux-x64/epubs.tests.dll" id="178c28d6-788e-8eb5-bd79-d8ce91ec7454">
      <Execution id="4391f342-973f-4b34-8724-5d9531e3b170" />
      <TestMethod codeBase="/home/runner/work/dotnet-monorepo/dotnet-monorepo/src/artifacts/bin/Epubs.Tests/release_linux-x64/Epubs.Tests.dll" adapterTypeName="executor://mstestadapter/v4" className="Epubs.Tests.WriterTests.PackageDocumentTests.MetadataTests" name="TestAddCreator" />
    </UnitTest>
    <UnitTest name="TestAddIdentifier (Epub2)" storage="/home/runner/work/dotnet-monorepo/dotnet-monorepo/src/artifacts/bin/epubs.tests/release_linux-x64/epubs.tests.dll" id="124a442d-5cef-8a5e-832b-b6cc6c966046">
      <Execution id="510052ed-f066-421b-b0ae-ec22a824ba2d" />
      <TestMethod codeBase="/home/runner/work/dotnet-monorepo/dotnet-monorepo/src/artifacts/bin/Epubs.Tests/release_linux-x64/Epubs.Tests.dll" adapterTypeName="executor://mstestadapter/v4" className="Epubs.Tests.WriterTests.PackageDocumentTests.MetadataTests" name="TestAddIdentifier" />
    </UnitTest>
    <UnitTest name="TestAddCreator (Epub2,[&quot;aut&quot;,&quot;ill&quot;],&quot;epub2_two_roles.opf&quot;)" storage="/home/runner/work/dotnet-monorepo/dotnet-monorepo/src/artifacts/bin/epubs.tests/release_linux-x64/epubs.tests.dll" id="18fb7630-93a1-828b-a9e1-500b27327666">
      <Execution id="a5e3150c-3986-4b42-9cab-970daa2436bd" />
      <TestMethod codeBase="/home/runner/work/dotnet-monorepo/dotnet-monorepo/src/artifacts/bin/Epubs.Tests/release_linux-x64/Epubs.Tests.dll" adapterTypeName="executor://mstestadapter/v4" className="Epubs.Tests.WriterTests.PackageDocumentTests.MetadataTests" name="TestAddCreator" />
    </UnitTest>
    <UnitTest name="TestResolvePath (&quot;a/b/c&quot;,&quot;../c&quot;,&quot;a/b/c&quot;)" storage="/home/runner/work/dotnet-monorepo/dotnet-monorepo/src/artifacts/bin/epubs.tests/release_linux-x64/epubs.tests.dll" id="1a3f96ff-4c2e-82f1-a4ad-01abaff96e83">
      <Execution id="68a9aae3-55d9-43c6-b03d-498a04b8bc46" />
      <TestMethod codeBase="/home/runner/work/dotnet-monorepo/dotnet-monorepo/src/artifacts/bin/Epubs.Tests/release_linux-x64/Epubs.Tests.dll" adapterTypeName="executor://mstestadapter/v4" className="Epubs.Tests.EpubPathsTests" name="TestResolvePath" />
    </UnitTest>
    <UnitTest name="TestAddItemToSpine (Epub2,null,&quot;epub2_noproperties.opf&quot;)" storage="/home/runner/work/dotnet-monorepo/dotnet-monorepo/src/artifacts/bin/epubs.tests/release_linux-x64/epubs.tests.dll" id="17cbd791-edb7-8411-9f3d-d0fe1b2fcf02">
      <Execution id="26f5faf4-a2c9-4bc2-99a7-01ba669876c4" />
      <TestMethod codeBase="/home/runner/work/dotnet-monorepo/dotnet-monorepo/src/artifacts/bin/Epubs.Tests/release_linux-x64/Epubs.Tests.dll" adapterTypeName="executor://mstestadapter/v4" className="Epubs.Tests.WriterTests.PackageDocumentTests.SpineTests" name="TestAddItemToSpine" />
    </UnitTest>
    <UnitTest name="TestAddItemToManifest (Epub3,&quot;cover.jpg&quot;,null,null,&quot;epub3_noproperties_noid.opf&quot;)" storage="/home/runner/work/dotnet-monorepo/dotnet-monorepo/src/artifacts/bin/epubs.tests/release_linux-x64/epubs.tests.dll" id="18b99c28-043f-8fa7-a585-45f8db35abe5">
      <Execution id="bb9d2214-1c94-4293-abbb-a3131ba3e008" />
      <TestMethod codeBase="/home/runner/work/dotnet-monorepo/dotnet-monorepo/src/artifacts/bin/Epubs.Tests/release_linux-x64/Epubs.Tests.dll" adapterTypeName="executor://mstestadapter/v4" className="Epubs.Tests.WriterTests.PackageDocumentTests.ManifestTests" name="TestAddItemToManifest" />
    </UnitTest>
    <UnitTest name="TestAddItemToSpine (Epub3,&quot;page-spread-left&quot;,&quot;epub3_properties.opf&quot;)" storage="/home/runner/work/dotnet-monorepo/dotnet-monorepo/src/artifacts/bin/epubs.tests/release_linux-x64/epubs.tests.dll" id="19fedbcf-3e8f-80d3-8f00-c9b50d3782b5">
      <Execution id="89b978b4-4d20-4559-ab0c-ba92b4d0ee66" />
      <TestMethod codeBase="/home/runner/work/dotnet-monorepo/dotnet-monorepo/src/artifacts/bin/Epubs.Tests/release_linux-x64/Epubs.Tests.dll" adapterTypeName="executor://mstestadapter/v4" className="Epubs.Tests.WriterTests.PackageDocumentTests.SpineTests" name="TestAddItemToSpine" />
    </UnitTest>
    <UnitTest name="TestAddPrePaginated (Epub3)" storage="/home/runner/work/dotnet-monorepo/dotnet-monorepo/src/artifacts/bin/epubs.tests/release_linux-x64/epubs.tests.dll" id="15879af3-5667-8627-8798-073634574cfb">
      <Execution id="40130108-aa3a-4307-91bd-e1f21a996278" />
      <TestMethod codeBase="/home/runner/work/dotnet-monorepo/dotnet-monorepo/src/artifacts/bin/Epubs.Tests/release_linux-x64/Epubs.Tests.dll" adapterTypeName="executor://mstestadapter/v4" className="Epubs.Tests.WriterTests.PackageDocumentTests.MetadataTests" name="TestAddPrePaginated" />
    </UnitTest>
    <UnitTest name="TestAddCreator (Epub2,[],&quot;epub2_no_roles.opf&quot;)" storage="/home/runner/work/dotnet-monorepo/dotnet-monorepo/src/artifacts/bin/epubs.tests/release_linux-x64/epubs.tests.dll" id="139f1cb2-b2ce-8c72-a0dc-23e529c29a74">
      <Execution id="74e8fc9a-cd67-4ed6-a81c-51020b469f6c" />
      <TestMethod codeBase="/home/runner/work/dotnet-monorepo/dotnet-monorepo/src/artifacts/bin/Epubs.Tests/release_linux-x64/Epubs.Tests.dll" adapterTypeName="executor://mstestadapter/v4" className="Epubs.Tests.WriterTests.PackageDocumentTests.MetadataTests" name="TestAddCreator" />
    </UnitTest>
    <UnitTest name="TestAddItemToSpine (Epub2,&quot;page-spread-left&quot;,&quot;epub2_properties.opf&quot;)" storage="/home/runner/work/dotnet-monorepo/dotnet-monorepo/src/artifacts/bin/epubs.tests/release_linux-x64/epubs.tests.dll" id="132a3618-bc6c-8626-b378-85737c5c1ffb">
      <Execution id="3f47ed7b-95a8-42a9-91e7-e862b29139eb" />
      <TestMethod codeBase="/home/runner/work/dotnet-monorepo/dotnet-monorepo/src/artifacts/bin/Epubs.Tests/release_linux-x64/Epubs.Tests.dll" adapterTypeName="executor://mstestadapter/v4" className="Epubs.Tests.WriterTests.PackageDocumentTests.SpineTests" name="TestAddItemToSpine" />
    </UnitTest>
    <UnitTest name="TestAddItemToManifest (Epub3,&quot;cover.jpg&quot;,&quot;cover-image&quot;,&quot;cover-id&quot;,&quot;epub3_properties_id.opf&quot;)" storage="/home/runner/work/dotnet-monorepo/dotnet-monorepo/src/artifacts/bin/epubs.tests/release_linux-x64/epubs.tests.dll" id="1d6f9d40-3288-8453-b9b2-5ea56e2a4753">
      <Execution id="08349dc7-5eb3-4a0c-99a5-445e20ebdb8e" />
      <TestMethod codeBase="/home/runner/work/dotnet-monorepo/dotnet-monorepo/src/artifacts/bin/Epubs.Tests/release_linux-x64/Epubs.Tests.dll" adapterTypeName="executor://mstestadapter/v4" className="Epubs.Tests.WriterTests.PackageDocumentTests.ManifestTests" name="TestAddItemToManifest" />
    </UnitTest>
    <UnitTest name="TestAddNavItem (Epub3)" storage="/home/runner/work/dotnet-monorepo/dotnet-monorepo/src/artifacts/bin/epubs.tests/release_linux-x64/epubs.tests.dll" id="1229b021-b396-8067-9d67-6db2b8bc72b7">
      <Execution id="b6b48d8b-0539-4a1e-bbad-b6813648021c" />
      <TestMethod codeBase="/home/runner/work/dotnet-monorepo/dotnet-monorepo/src/artifacts/bin/Epubs.Tests/release_linux-x64/Epubs.Tests.dll" adapterTypeName="executor://mstestadapter/v4" className="Epubs.Tests.WriterTests.NavigationTests.NcxTests" name="TestAddNavItem" />
    </UnitTest>
    <UnitTest name="TestGetRelativePath (&quot;a/b/c&quot;,&quot;b/c/d&quot;,&quot;../../../a/b/c&quot;)" storage="/home/runner/work/dotnet-monorepo/dotnet-monorepo/src/artifacts/bin/epubs.tests/release_linux-x64/epubs.tests.dll" id="1f027eb2-66bc-8be8-8300-bf63e361e75e">
      <Execution id="ca815941-761c-46ce-99f6-4dbafccded71" />
      <TestMethod codeBase="/home/runner/work/dotnet-monorepo/dotnet-monorepo/src/artifacts/bin/Epubs.Tests/release_linux-x64/Epubs.Tests.dll" adapterTypeName="executor://mstestadapter/v4" className="Epubs.Tests.EpubPathsTests" name="TestGetRelativePath" />
    </UnitTest>
    <UnitTest name="TestAddTitle (Epub3)" storage="/home/runner/work/dotnet-monorepo/dotnet-monorepo/src/artifacts/bin/epubs.tests/release_linux-x64/epubs.tests.dll" id="17e7e5f5-8e92-8ea9-bd8b-79d2ff2868d6">
      <Execution id="7a364b2f-58cb-431a-af2b-528580dc12dd" />
      <TestMethod codeBase="/home/runner/work/dotnet-monorepo/dotnet-monorepo/src/artifacts/bin/Epubs.Tests/release_linux-x64/Epubs.Tests.dll" adapterTypeName="executor://mstestadapter/v4" className="Epubs.Tests.WriterTests.NavigationTests.NcxTests" name="TestAddTitle" />
    </UnitTest>
    <UnitTest name="TestAddItemToSpine (Epub3,null,&quot;epub3_noproperties.opf&quot;)" storage="/home/runner/work/dotnet-monorepo/dotnet-monorepo/src/artifacts/bin/epubs.tests/release_linux-x64/epubs.tests.dll" id="1a00353d-820e-8fa3-9091-7b2ebff721ec">
      <Execution id="a8ba6be4-d227-4705-a258-f1b6cee066e3" />
      <TestMethod codeBase="/home/runner/work/dotnet-monorepo/dotnet-monorepo/src/artifacts/bin/Epubs.Tests/release_linux-x64/Epubs.Tests.dll" adapterTypeName="executor://mstestadapter/v4" className="Epubs.Tests.WriterTests.PackageDocumentTests.SpineTests" name="TestAddItemToSpine" />
    </UnitTest>
    <UnitTest name="TestAddItemToManifest (Epub2,&quot;cover.jpg&quot;,&quot;cover-image&quot;,&quot;cover-id&quot;,&quot;epub2_properties_id.opf&quot;)" storage="/home/runner/work/dotnet-monorepo/dotnet-monorepo/src/artifacts/bin/epubs.tests/release_linux-x64/epubs.tests.dll" id="1c0b229c-cfde-842a-8c76-19a571413f49">
      <Execution id="a03261de-2725-4f2f-bcba-e9b972164d47" />
      <TestMethod codeBase="/home/runner/work/dotnet-monorepo/dotnet-monorepo/src/artifacts/bin/Epubs.Tests/release_linux-x64/Epubs.Tests.dll" adapterTypeName="executor://mstestadapter/v4" className="Epubs.Tests.WriterTests.PackageDocumentTests.ManifestTests" name="TestAddItemToManifest" />
    </UnitTest>
    <UnitTest name="TestAddTitle (Epub2)" storage="/home/runner/work/dotnet-monorepo/dotnet-monorepo/src/artifacts/bin/epubs.tests/release_linux-x64/epubs.tests.dll" id="1b20638b-a8a6-85af-8458-b3b7c366f1d5">
      <Execution id="7269bf62-a636-4eea-b6d1-57c0e0642594" />
      <TestMethod codeBase="/home/runner/work/dotnet-monorepo/dotnet-monorepo/src/artifacts/bin/Epubs.Tests/release_linux-x64/Epubs.Tests.dll" adapterTypeName="executor://mstestadapter/v4" className="Epubs.Tests.WriterTests.NavigationTests.NcxTests" name="TestAddTitle" />
    </UnitTest>
    <UnitTest name="TestResolvePath (&quot;a/b/c&quot;,&quot;../../../d/e&quot;,&quot;d/e&quot;)" storage="/home/runner/work/dotnet-monorepo/dotnet-monorepo/src/artifacts/bin/epubs.tests/release_linux-x64/epubs.tests.dll" id="1b26e4d7-3e0b-8adb-af94-08e50834077a">
      <Execution id="edda060e-f0c3-4f44-8afe-1b233bddd274" />
      <TestMethod codeBase="/home/runner/work/dotnet-monorepo/dotnet-monorepo/src/artifacts/bin/Epubs.Tests/release_linux-x64/Epubs.Tests.dll" adapterTypeName="executor://mstestadapter/v4" className="Epubs.Tests.EpubPathsTests" name="TestResolvePath" />
    </UnitTest>
    <UnitTest name="TestAddNavItem (Epub2)" storage="/home/runner/work/dotnet-monorepo/dotnet-monorepo/src/artifacts/bin/epubs.tests/release_linux-x64/epubs.tests.dll" id="132c93fc-99cf-80a0-b0a6-22904c48670f">
      <Execution id="02adcf01-b036-4e61-af75-bbb91d0b4078" />
      <TestMethod codeBase="/home/runner/work/dotnet-monorepo/dotnet-monorepo/src/artifacts/bin/Epubs.Tests/release_linux-x64/Epubs.Tests.dll" adapterTypeName="executor://mstestadapter/v4" className="Epubs.Tests.WriterTests.NavigationTests.NavigationDocumentTests" name="TestAddNavItem" />
    </UnitTest>
    <UnitTest name="TestAddLanguage (Epub3)" storage="/home/runner/work/dotnet-monorepo/dotnet-monorepo/src/artifacts/bin/epubs.tests/release_linux-x64/epubs.tests.dll" id="1cef8686-5f34-86de-a6a3-8d35bb7afd79">
      <Execution id="b3025566-c599-4610-816d-003e8a9abe3c" />
      <TestMethod codeBase="/home/runner/work/dotnet-monorepo/dotnet-monorepo/src/artifacts/bin/Epubs.Tests/release_linux-x64/Epubs.Tests.dll" adapterTypeName="executor://mstestadapter/v4" className="Epubs.Tests.WriterTests.PackageDocumentTests.MetadataTests" name="TestAddLanguage" />
    </UnitTest>
    <UnitTest name="TestAddCreator (Epub3,[],&quot;epub3_no_roles.opf&quot;)" storage="/home/runner/work/dotnet-monorepo/dotnet-monorepo/src/artifacts/bin/epubs.tests/release_linux-x64/epubs.tests.dll" id="18633743-5a95-84ca-aa1a-84a0ca6b512e">
      <Execution id="2f143ab7-b210-4313-beaa-efdc652e70bb" />
      <TestMethod codeBase="/home/runner/work/dotnet-monorepo/dotnet-monorepo/src/artifacts/bin/Epubs.Tests/release_linux-x64/Epubs.Tests.dll" adapterTypeName="executor://mstestadapter/v4" className="Epubs.Tests.WriterTests.PackageDocumentTests.MetadataTests" name="TestAddCreator" />
    </UnitTest>
    <UnitTest name="TestGetRelativePath (&quot;&quot;,&quot;a/b/c&quot;,&quot;../../..&quot;)" storage="/home/runner/work/dotnet-monorepo/dotnet-monorepo/src/artifacts/bin/epubs.tests/release_linux-x64/epubs.tests.dll" id="163d9d25-3781-8d01-aa89-fb0ed455ce67">
      <Execution id="b4bd0cca-08c7-4652-a010-6ea62616160b" />
      <TestMethod codeBase="/home/runner/work/dotnet-monorepo/dotnet-monorepo/src/artifacts/bin/Epubs.Tests/release_linux-x64/Epubs.Tests.dll" adapterTypeName="executor://mstestadapter/v4" className="Epubs.Tests.EpubPathsTests" name="TestGetRelativePath" />
    </UnitTest>
  </TestDefinitions>
  <TestEntries>
    <TestEntry testId="178c28d6-788e-8eb5-bd79-d8ce91ec7454" executionId="4391f342-973f-4b34-8724-5d9531e3b170" testListId="8c84fa94-04c1-424b-9868-57a2d4851a1d" />
    <TestEntry testId="1ad59a54-6162-8915-b78f-cbce5547287d" executionId="39234cbf-83bd-48ad-9d08-97538ce9c35c" testListId="8c84fa94-04c1-424b-9868-57a2d4851a1d" />
    <TestEntry testId="139f1cb2-b2ce-8c72-a0dc-23e529c29a74" executionId="74e8fc9a-cd67-4ed6-a81c-51020b469f6c" testListId="8c84fa94-04c1-424b-9868-57a2d4851a1d" />
    <TestEntry testId="163d9d25-3781-8d01-aa89-fb0ed455ce67" executionId="b4bd0cca-08c7-4652-a010-6ea62616160b" testListId="8c84fa94-04c1-424b-9868-57a2d4851a1d" />
    <TestEntry testId="1a00353d-820e-8fa3-9091-7b2ebff721ec" executionId="a8ba6be4-d227-4705-a258-f1b6cee066e3" testListId="8c84fa94-04c1-424b-9868-57a2d4851a1d" />
    <TestEntry testId="104fae68-6cd5-841d-8283-464853a139a3" executionId="d7809e2c-006a-4608-97f0-18950defd66e" testListId="8c84fa94-04c1-424b-9868-57a2d4851a1d" />
    <TestEntry testId="1bf56acc-bc6b-8496-947d-aa65e255463c" executionId="e903be8a-f2e4-41ff-96dd-e358b990bcc7" testListId="8c84fa94-04c1-424b-9868-57a2d4851a1d" />
    <TestEntry testId="12ab518a-33ba-8068-a833-7799730fcbd5" executionId="ed496984-6bd2-4e57-9dc4-b3afbf379a42" testListId="8c84fa94-04c1-424b-9868-57a2d4851a1d" />
    <TestEntry testId="17b70e0f-1bb5-8232-bb22-ad292bd4ca53" executionId="2221cbe6-74d9-4f16-a6ee-65229e059ba2" testListId="8c84fa94-04c1-424b-9868-57a2d4851a1d" />
    <TestEntry testId="14d0cd07-d554-8a17-ae84-6d68b4a68e29" executionId="f68e2048-8b2c-4a74-be0c-445a4d110df8" testListId="8c84fa94-04c1-424b-9868-57a2d4851a1d" />
    <TestEntry testId="11ca93a8-296b-8476-9f0b-6fc4b090990d" executionId="b456491c-9731-42f5-bff7-6d0ffff4da3e" testListId="8c84fa94-04c1-424b-9868-57a2d4851a1d" />
    <TestEntry testId="124a442d-5cef-8a5e-832b-b6cc6c966046" executionId="510052ed-f066-421b-b0ae-ec22a824ba2d" testListId="8c84fa94-04c1-424b-9868-57a2d4851a1d" />
    <TestEntry testId="12fc392e-8199-86c7-8604-b296f0959a0f" executionId="64c6c7e5-b9fd-4f64-924a-f5ae64dc45ef" testListId="8c84fa94-04c1-424b-9868-57a2d4851a1d" />
    <TestEntry testId="1f027eb2-66bc-8be8-8300-bf63e361e75e" executionId="ca815941-761c-46ce-99f6-4dbafccded71" testListId="8c84fa94-04c1-424b-9868-57a2d4851a1d" />
    <TestEntry testId="1584ef67-fe1c-864d-a045-629d708e2516" executionId="af1f9e0d-780a-4842-b84c-0a166496ac56" testListId="8c84fa94-04c1-424b-9868-57a2d4851a1d" />
    <TestEntry testId="1b26e4d7-3e0b-8adb-af94-08e50834077a" executionId="edda060e-f0c3-4f44-8afe-1b233bddd274" testListId="8c84fa94-04c1-424b-9868-57a2d4851a1d" />
    <TestEntry testId="110d5f63-5620-8288-a852-48415a5701b6" executionId="6c1a2f82-4095-44ea-8101-b0092ad1b4eb" testListId="8c84fa94-04c1-424b-9868-57a2d4851a1d" />
    <TestEntry testId="1c344ecb-28e7-8e25-b223-6e397f5054f4" executionId="c74abc72-771f-478f-a46d-372bd156f8d6" testListId="8c84fa94-04c1-424b-9868-57a2d4851a1d" />
    <TestEntry testId="196202e8-80f4-8220-b7a4-03bed006a872" executionId="713abfef-ab5d-4144-8d00-d9dacd697145" testListId="8c84fa94-04c1-424b-9868-57a2d4851a1d" />
    <TestEntry testId="1c0b229c-cfde-842a-8c76-19a571413f49" executionId="a03261de-2725-4f2f-bcba-e9b972164d47" testListId="8c84fa94-04c1-424b-9868-57a2d4851a1d" />
    <TestEntry testId="17e7e5f5-8e92-8ea9-bd8b-79d2ff2868d6" executionId="7a364b2f-58cb-431a-af2b-528580dc12dd" testListId="8c84fa94-04c1-424b-9868-57a2d4851a1d" />
    <TestEntry testId="14c058b4-2c86-895b-b0b1-cc5b57859157" executionId="e3277986-0c08-4e51-8838-135b655fb461" testListId="8c84fa94-04c1-424b-9868-57a2d4851a1d" />
    <TestEntry testId="16e56989-76a7-8585-b943-e273cd2ed1c2" executionId="0900d0c4-ee6f-4ed2-96eb-1d7310e1eb4d" testListId="8c84fa94-04c1-424b-9868-57a2d4851a1d" />
    <TestEntry testId="17163b0e-a15f-81ae-864e-083555ff6db1" executionId="96373391-90c2-40c2-adb3-27e561f0f925" testListId="8c84fa94-04c1-424b-9868-57a2d4851a1d" />
    <TestEntry testId="1b20638b-a8a6-85af-8458-b3b7c366f1d5" executionId="7269bf62-a636-4eea-b6d1-57c0e0642594" testListId="8c84fa94-04c1-424b-9868-57a2d4851a1d" />
    <TestEntry testId="1a5dc06e-54fd-8d2c-a693-2b5cb2a6574b" executionId="1ee465eb-d233-49a7-8e0d-64ad2f3d1b31" testListId="8c84fa94-04c1-424b-9868-57a2d4851a1d" />
    <TestEntry testId="1ec0effe-5d9b-8d26-ab26-1e26e51fca30" executionId="c8ce09eb-3658-438d-8afc-5f7c57b6f226" testListId="8c84fa94-04c1-424b-9868-57a2d4851a1d" />
    <TestEntry testId="1e13994d-6844-8233-9112-553b896408e8" executionId="fdfaf632-7225-40b7-af24-eeb93a428dc4" testListId="8c84fa94-04c1-424b-9868-57a2d4851a1d" />
    <TestEntry testId="13bb92f3-9643-8d68-aa0d-763f51bdbf81" executionId="65085490-8fa9-4d61-8741-417e3af53eb8" testListId="8c84fa94-04c1-424b-9868-57a2d4851a1d" />
    <TestEntry testId="16734436-cecd-83b5-8627-bcedb89c8296" executionId="eb345b0d-4e76-4962-94fd-d8813cbcb677" testListId="8c84fa94-04c1-424b-9868-57a2d4851a1d" />
    <TestEntry testId="1d890bf7-586d-85b6-b06c-8f6a41e0ae1e" executionId="304848e4-ba5d-4be9-b8c7-2f884efb1f5c" testListId="8c84fa94-04c1-424b-9868-57a2d4851a1d" />
    <TestEntry testId="13acc5b9-b971-8983-8930-49d6f4051f77" executionId="d1f48c00-4e76-46a5-8d83-5822e0a4a1e6" testListId="8c84fa94-04c1-424b-9868-57a2d4851a1d" />
    <TestEntry testId="1907624b-6009-89cb-a76c-8b426f68f298" executionId="a959db11-af3b-4017-98e9-f15835172192" testListId="8c84fa94-04c1-424b-9868-57a2d4851a1d" />
    <TestEntry testId="1a3f96ff-4c2e-82f1-a4ad-01abaff96e83" executionId="68a9aae3-55d9-43c6-b03d-498a04b8bc46" testListId="8c84fa94-04c1-424b-9868-57a2d4851a1d" />
    <TestEntry testId="173165ad-d2bc-8165-97a9-c5621186750e" executionId="a8181556-4a83-4617-bfcf-f86c9269fe85" testListId="8c84fa94-04c1-424b-9868-57a2d4851a1d" />
    <TestEntry testId="18f58b21-b2c3-803b-8cb0-4e08dd113f73" executionId="a6318089-57a7-43dd-9f4e-99c3d859c4c5" testListId="8c84fa94-04c1-424b-9868-57a2d4851a1d" />
    <TestEntry testId="1576e578-fb17-8c86-9f06-aa7cda5c1b5a" executionId="27965c14-e6a2-44af-8787-3c55732c37fa" testListId="8c84fa94-04c1-424b-9868-57a2d4851a1d" />
    <TestEntry testId="18b99c28-043f-8fa7-a585-45f8db35abe5" executionId="bb9d2214-1c94-4293-abbb-a3131ba3e008" testListId="8c84fa94-04c1-424b-9868-57a2d4851a1d" />
    <TestEntry testId="132a3618-bc6c-8626-b378-85737c5c1ffb" executionId="3f47ed7b-95a8-42a9-91e7-e862b29139eb" testListId="8c84fa94-04c1-424b-9868-57a2d4851a1d" />
    <TestEntry testId="1606129a-0ad6-89b1-8eb5-de137dec383d" executionId="79ce8c9e-c791-4229-b8cb-aa750bf947f1" testListId="8c84fa94-04c1-424b-9868-57a2d4851a1d" />
    <TestEntry testId="178aa3ea-46b0-8718-8f38-a36a6d78e6f8" executionId="b4130061-2809-4fb3-bd0d-3eb7afc3693c" testListId="8c84fa94-04c1-424b-9868-57a2d4851a1d" />
    <TestEntry testId="1cb53fa7-66ef-886d-96df-85f4e3a5f607" executionId="247c0296-29bc-4221-92d6-1f4e42423b0c" testListId="8c84fa94-04c1-424b-9868-57a2d4851a1d" />
    <TestEntry testId="1d853697-1c40-8ef7-b701-75fcb83d716c" executionId="2426c2dd-62a7-4633-863d-d0d7065991cc" testListId="8c84fa94-04c1-424b-9868-57a2d4851a1d" />
    <TestEntry testId="1229b021-b396-8067-9d67-6db2b8bc72b7" executionId="b6b48d8b-0539-4a1e-bbad-b6813648021c" testListId="8c84fa94-04c1-424b-9868-57a2d4851a1d" />
    <TestEntry testId="1a7fb99e-f52f-8ccc-ab1f-13586db79d1e" executionId="074300ca-4555-4076-ab75-be3d39f92f14" testListId="8c84fa94-04c1-424b-9868-57a2d4851a1d" />
    <TestEntry testId="1011288e-031f-8748-b274-76a1b0e99c39" executionId="45d7fe65-65c7-44b6-b621-ce6964b525a5" testListId="8c84fa94-04c1-424b-9868-57a2d4851a1d" />
    <TestEntry testId="17cbd791-edb7-8411-9f3d-d0fe1b2fcf02" executionId="26f5faf4-a2c9-4bc2-99a7-01ba669876c4" testListId="8c84fa94-04c1-424b-9868-57a2d4851a1d" />
    <TestEntry testId="1d0b33a2-7e9b-8950-ad7c-1126beafd8dd" executionId="1da44c9f-3048-4e8c-a78f-486fa279336a" testListId="8c84fa94-04c1-424b-9868-57a2d4851a1d" />
    <TestEntry testId="1e8f751a-7342-8e0a-8749-cd28c43d3882" executionId="b406f0db-d9d9-4795-bf7a-2ff076035315" testListId="8c84fa94-04c1-424b-9868-57a2d4851a1d" />
    <TestEntry testId="1f86d215-1c27-8857-97b9-0ba7f808e19d" executionId="ad7a100a-3041-45a9-9c99-533d6d45f419" testListId="8c84fa94-04c1-424b-9868-57a2d4851a1d" />
    <TestEntry testId="18fb7630-93a1-828b-a9e1-500b27327666" executionId="a5e3150c-3986-4b42-9cab-970daa2436bd" testListId="8c84fa94-04c1-424b-9868-57a2d4851a1d" />
    <TestEntry testId="12509452-eb51-8bd2-8023-5d9d95470f16" executionId="32e134da-231a-41d6-a05b-4b6403c2489e" testListId="8c84fa94-04c1-424b-9868-57a2d4851a1d" />
    <TestEntry testId="1f20d052-efc6-827b-8ace-2d57870f3d7b" executionId="72c5bf56-de4a-4114-bed6-1a12cd280562" testListId="8c84fa94-04c1-424b-9868-57a2d4851a1d" />
    <TestEntry testId="18633743-5a95-84ca-aa1a-84a0ca6b512e" executionId="2f143ab7-b210-4313-beaa-efdc652e70bb" testListId="8c84fa94-04c1-424b-9868-57a2d4851a1d" />
    <TestEntry testId="19fedbcf-3e8f-80d3-8f00-c9b50d3782b5" executionId="89b978b4-4d20-4559-ab0c-ba92b4d0ee66" testListId="8c84fa94-04c1-424b-9868-57a2d4851a1d" />
    <TestEntry testId="15879af3-5667-8627-8798-073634574cfb" executionId="40130108-aa3a-4307-91bd-e1f21a996278" testListId="8c84fa94-04c1-424b-9868-57a2d4851a1d" />
    <TestEntry testId="132c93fc-99cf-80a0-b0a6-22904c48670f" executionId="02adcf01-b036-4e61-af75-bbb91d0b4078" testListId="8c84fa94-04c1-424b-9868-57a2d4851a1d" />
    <TestEntry testId="1cef8686-5f34-86de-a6a3-8d35bb7afd79" executionId="b3025566-c599-4610-816d-003e8a9abe3c" testListId="8c84fa94-04c1-424b-9868-57a2d4851a1d" />
    <TestEntry testId="1d6f9d40-3288-8453-b9b2-5ea56e2a4753" executionId="08349dc7-5eb3-4a0c-99a5-445e20ebdb8e" testListId="8c84fa94-04c1-424b-9868-57a2d4851a1d" />
    <TestEntry testId="1dc58f02-8bfb-87ff-8152-97912961162e" executionId="88a6568f-e90a-40e4-a917-b8c713db236a" testListId="8c84fa94-04c1-424b-9868-57a2d4851a1d" />
  </TestEntries>
  <TestLists>
    <TestList name="Results Not in a List" id="8c84fa94-04c1-424b-9868-57a2d4851a1d" />
    <TestList name="All Loaded Results" id="19431567-8539-422a-85d7-44ee4e166bda" />
  </TestLists>
  <ResultSummary outcome="Completed">
    <Counters total="60" executed="60" passed="60" failed="0" error="0" timeout="0" aborted="0" inconclusive="0" passedButRunAborted="0" notRunnable="0" notExecuted="0" disconnected="0" warning="0" completed="0" inProgress="0" pending="0" />
    <Output>
      <StdOut>Test Parallelization enabled for /home/runner/work/dotnet-monorepo/dotnet-monorepo/src/artifacts/bin/Epubs.Tests/release_linux-x64/Epubs.Tests.dll (Workers: 4, Scope: ClassLevel)
</StdOut>
    </Output>
  </ResultSummary>
</TestRun>