<?xml version="1.0" encoding="utf-8"?>
<TestRun id="cdac3f09-afcb-4f6b-b4f7-969248f683f9" name="runneradmin@runnervmifolv 2025-09-14 11:55:30" runUser="runnervmifolv\runneradmin" xmlns="http://microsoft.com/schemas/VisualStudio/TeamTest/2010">
  <Times creation="2025-09-14T11:55:30.3300372+00:00" queuing="2025-09-14T11:55:30.3300374+00:00" start="2025-09-14T11:55:29.7319157+00:00" finish="2025-09-14T11:55:30.3716435+00:00" />
  <TestSettings name="default" id="f6ed9918-8c47-47f5-8fee-6e20d7aa38d2">
    <Deployment runDeploymentRoot="runneradmin_runnervmifolv_2025-09-14_11_55_30" />
  </TestSettings>
  <Results>
    <UnitTestResult executionId="4328a86b-f7ca-49be-b65e-3f31f9ad9368" testId="410eac8a-445b-ddc0-5763-81a3a18c8bb9" testName="TestGetRasterDocument (Epub3)" computerName="runnervmifolv" duration="00:00:00.0008202" startTime="2025-09-14T11:55:30.3081518+00:00" endTime="2025-09-14T11:55:30.3090520+00:00" testType="13cdc9d9-ddb5-4fa4-a97d-d965ccfc6d4b" outcome="Passed" testListId="8c84fa94-04c1-424b-9868-57a2d4851a1d" relativeResultsDirectory="4328a86b-f7ca-49be-b65e-3f31f9ad9368" />
    <UnitTestResult executionId="817accbe-5cd1-4f98-8fb7-f932f995e4b8" testId="8c9e771c-c83f-550a-cb50-0b2a7179104c" testName="TestAddItemToSpine (Epub3,&quot;page-spread-left&quot;,&quot;epub3_properties.opf&quot;)" computerName="runnervmifolv" duration="00:00:00.0002880" startTime="2025-09-14T11:55:30.2934430+00:00" endTime="2025-09-14T11:55:30.2938241+00:00" testType="13cdc9d9-ddb5-4fa4-a97d-d965ccfc6d4b" outcome="Passed" testListId="8c84fa94-04c1-424b-9868-57a2d4851a1d" relativeResultsDirectory="817accbe-5cd1-4f98-8fb7-f932f995e4b8" />
    <UnitTestResult executionId="9692413c-3d8e-4f98-a12d-e708008de05c" testId="de5c320f-e3e6-6348-70fb-6545025c4cd1" testName="TestAddItemToLandmarks (Epub2)" computerName="runnervmifolv" duration="00:00:00.0002008" startTime="2025-09-14T11:55:30.3015948+00:00" endTime="2025-09-14T11:55:30.3018566+00:00" testType="13cdc9d9-ddb5-4fa4-a97d-d965ccfc6d4b" outcome="Passed" testListId="8c84fa94-04c1-424b-9868-57a2d4851a1d" relativeResultsDirectory="9692413c-3d8e-4f98-a12d-e708008de05c" />
    <UnitTestResult executionId="35f218b3-2a3e-4ed0-995c-3660854f3781" testId="10c6e40c-daca-4950-6019-a3a7ec88eb82" testName="TestAddIdentifier (Epub3)" computerName="runnervmifolv" duration="00:00:00.0003995" startTime="2025-09-14T11:55:30.3018826+00:00" endTime="2025-09-14T11:55:30.3023629+00:00" testType="13cdc9d9-ddb5-4fa4-a97d-d965ccfc6d4b" outcome="Passed" testListId="8c84fa94-04c1-424b-9868-57a2d4851a1d" relativeResultsDirectory="35f218b3-2a3e-4ed0-995c-3660854f3781" />
    <UnitTestResult executionId="55cb1622-5ed7-4549-9233-421342d29ffe" testId="d677c7f0-fd98-db4b-f256-9d5a40eeb450" testName="TestAddCreator (Epub3,[],&quot;epub3_no_roles.opf&quot;)" computerName="runnervmifolv" duration="00:00:00.0005820" startTime="2025-09-14T11:55:30.2878975+00:00" endTime="2025-09-14T11:55:30.2885517+00:00" testType="13cdc9d9-ddb5-4fa4-a97d-d965ccfc6d4b" outcome="Passed" testListId="8c84fa94-04c1-424b-9868-57a2d4851a1d" relativeResultsDirectory="55cb1622-5ed7-4549-9233-421342d29ffe" />
    <UnitTestResult executionId="77131124-c740-425e-87b6-035437ef704e" testId="40fccafb-603f-db2e-52f5-0e6854d614d2" testName="TestAddRightToLeft (Epub2,&quot;epub2_rtl.opf&quot;)" computerName="runnervmifolv" duration="00:00:00.0001998" startTime="2025-09-14T11:55:30.2968354+00:00" endTime="2025-09-14T11:55:30.2971029+00:00" testType="13cdc9d9-ddb5-4fa4-a97d-d965ccfc6d4b" outcome="Passed" testListId="8c84fa94-04c1-424b-9868-57a2d4851a1d" relativeResultsDirectory="77131124-c740-425e-87b6-035437ef704e" />
    <UnitTestResult executionId="5f252c38-ba14-4b21-acb0-ea2d50ae8d8b" testId="49fbec17-8a99-3521-2b8d-bc34471c898c" testName="TestAddPrePaginated (Epub2)" computerName="runnervmifolv" duration="00:00:00.0001874" startTime="2025-09-14T11:55:30.2925403+00:00" endTime="2025-09-14T11:55:30.2927883+00:00" testType="13cdc9d9-ddb5-4fa4-a97d-d965ccfc6d4b" outcome="Passed" testListId="8c84fa94-04c1-424b-9868-57a2d4851a1d" relativeResultsDirectory="5f252c38-ba14-4b21-acb0-ea2d50ae8d8b" />
    <UnitTestResult executionId="794e3666-af64-4f55-bc09-01b0400724bd" testId="c721fbc4-4b7f-c0df-d55e-177b347e9a92" testName="TestAddCreator (Epub3,[&quot;aut&quot;],&quot;epub3_one_role.opf&quot;)" computerName="runnervmifolv" duration="00:00:00.0000760" startTime="2025-09-14T11:55:30.2889059+00:00" endTime="2025-09-14T11:55:30.2890444+00:00" testType="13cdc9d9-ddb5-4fa4-a97d-d965ccfc6d4b" outcome="Passed" testListId="8c84fa94-04c1-424b-9868-57a2d4851a1d" relativeResultsDirectory="794e3666-af64-4f55-bc09-01b0400724bd" />
    <UnitTestResult executionId="a6b0f698-4501-4f36-8a5d-01b7c4dff955" testId="c70cdfcc-fe0e-0a22-3f91-3f78bf225323" testName="TestGetRasterDocument (Epub2)" computerName="runnervmifolv" duration="00:00:00.0004853" startTime="2025-09-14T11:55:30.3090781+00:00" endTime="2025-09-14T11:55:30.3103511+00:00" testType="13cdc9d9-ddb5-4fa4-a97d-d965ccfc6d4b" outcome="Passed" testListId="8c84fa94-04c1-424b-9868-57a2d4851a1d" relativeResultsDirectory="a6b0f698-4501-4f36-8a5d-01b7c4dff955" />
    <UnitTestResult executionId="eb2d19ad-1a64-4024-8bcc-35f4244b79ce" testId="0979f8bb-ea3f-cc84-8b49-708bff499cd7" testName="TestAddItemToManifest (Epub2,&quot;cover.jpg&quot;,&quot;cover-image&quot;,&quot;cover-id&quot;,&quot;epub2_properties_id.opf&quot;)" computerName="runnervmifolv" duration="00:00:00.0004058" startTime="2025-09-14T11:55:30.2531393+00:00" endTime="2025-09-14T11:55:30.2536167+00:00" testType="13cdc9d9-ddb5-4fa4-a97d-d965ccfc6d4b" outcome="Passed" testListId="8c84fa94-04c1-424b-9868-57a2d4851a1d" relativeResultsDirectory="eb2d19ad-1a64-4024-8bcc-35f4244b79ce" />
    <UnitTestResult executionId="4e56a049-3d87-4efa-a2e9-446902bde925" testId="3f9f394b-3398-3cc3-37cc-56417e5a89b6" testName="TestAddCreator (Epub3,[&quot;aut&quot;,&quot;ill&quot;],&quot;epub3_two_roles.opf&quot;)" computerName="runnervmifolv" duration="00:00:00.0000904" startTime="2025-09-14T11:55:30.2892373+00:00" endTime="2025-09-14T11:55:30.2893900+00:00" testType="13cdc9d9-ddb5-4fa4-a97d-d965ccfc6d4b" outcome="Passed" testListId="8c84fa94-04c1-424b-9868-57a2d4851a1d" relativeResultsDirectory="4e56a049-3d87-4efa-a2e9-446902bde925" />
    <UnitTestResult executionId="8ff0ca1b-c1b6-4a38-9543-ea2b6311786f" testId="e6a52e6f-b4f1-a194-00bd-8dca39600023" testName="TestAddCreator (Epub2,[&quot;aut&quot;,&quot;ill&quot;],&quot;epub2_two_roles.opf&quot;)" computerName="runnervmifolv" duration="00:00:00.0000741" startTime="2025-09-14T11:55:30.2894116+00:00" endTime="2025-09-14T11:55:30.2895411+00:00" testType="13cdc9d9-ddb5-4fa4-a97d-d965ccfc6d4b" outcome="Passed" testListId="8c84fa94-04c1-424b-9868-57a2d4851a1d" relativeResultsDirectory="8ff0ca1b-c1b6-4a38-9543-ea2b6311786f" />
    <UnitTestResult executionId="477df210-a29a-4d1b-9817-edae8985c1f1" testId="78e4846a-98ff-e3e6-be1b-f68ce6653ef7" testName="TestAddCreator (Epub2,[&quot;aut&quot;],&quot;epub2_one_role.opf&quot;)" computerName="runnervmifolv" duration="00:00:00.0000835" startTime="2025-09-14T11:55:30.2890692+00:00" endTime="2025-09-14T11:55:30.2892094+00:00" testType="13cdc9d9-ddb5-4fa4-a97d-d965ccfc6d4b" outcome="Passed" testListId="8c84fa94-04c1-424b-9868-57a2d4851a1d" relativeResultsDirectory="477df210-a29a-4d1b-9817-edae8985c1f1" />
    <UnitTestResult executionId="ba095dfc-787f-4349-bb9f-8d759320a5cd" testId="415fc078-5627-2006-e301-3bb2cb96ae2b" testName="TestAddCreator (Epub2,[],&quot;epub2_no_roles.opf&quot;)" computerName="runnervmifolv" duration="00:00:00.0002285" startTime="2025-09-14T11:55:30.2885780+00:00" endTime="2025-09-14T11:55:30.2888744+00:00" testType="13cdc9d9-ddb5-4fa4-a97d-d965ccfc6d4b" outcome="Passed" testListId="8c84fa94-04c1-424b-9868-57a2d4851a1d" relativeResultsDirectory="ba095dfc-787f-4349-bb9f-8d759320a5cd" />
    <UnitTestResult executionId="38a24b44-a754-4e0e-8a81-ebcbaf211109" testId="e0b26bfd-5e10-47a7-5708-ed4ae0f6f17a" testName="TestAddTitle (Epub3)" computerName="runnervmifolv" duration="00:00:00.0001861" startTime="2025-09-14T11:55:30.3027504+00:00" endTime="2025-09-14T11:55:30.3029915+00:00" testType="13cdc9d9-ddb5-4fa4-a97d-d965ccfc6d4b" outcome="Passed" testListId="8c84fa94-04c1-424b-9868-57a2d4851a1d" relativeResultsDirectory="38a24b44-a754-4e0e-8a81-ebcbaf211109" />
    <UnitTestResult executionId="f0a7f321-a264-4b81-a2df-a6e29bfe8704" testId="dfff1bb5-cf96-7b7e-3f4f-13e2e3d017dd" testName="TestAddIdentifier (Epub3)" computerName="runnervmifolv" duration="00:00:00.0004035" startTime="2025-09-14T11:55:30.2540516+00:00" endTime="2025-09-14T11:55:30.2545365+00:00" testType="13cdc9d9-ddb5-4fa4-a97d-d965ccfc6d4b" outcome="Passed" testListId="8c84fa94-04c1-424b-9868-57a2d4851a1d" relativeResultsDirectory="f0a7f321-a264-4b81-a2df-a6e29bfe8704" />
    <UnitTestResult executionId="14f0d16d-4006-4d31-9dc5-521ea0fa2eb5" testId="3f3cfbdc-7778-44fe-127e-9e051a2f1aa2" testName="TestAddNavItem (Epub2)" computerName="runnervmifolv" duration="00:00:00.0009002" startTime="2025-09-14T11:55:30.2991286+00:00" endTime="2025-09-14T11:55:30.3000907+00:00" testType="13cdc9d9-ddb5-4fa4-a97d-d965ccfc6d4b" outcome="Passed" testListId="8c84fa94-04c1-424b-9868-57a2d4851a1d" relativeResultsDirectory="14f0d16d-4006-4d31-9dc5-521ea0fa2eb5" />
    <UnitTestResult executionId="d99f9367-6a3d-4856-b56e-dfa2fd882236" testId="99a6b07e-6c4a-175c-f49d-3d815f9e4c5a" testName="TestAddItemToSpine (Epub2,null,&quot;epub2_noproperties.opf&quot;)" computerName="runnervmifolv" duration="00:00:00.0000802" startTime="2025-09-14T11:55:30.2952853+00:00" endTime="2025-09-14T11:55:30.2954338+00:00" testType="13cdc9d9-ddb5-4fa4-a97d-d965ccfc6d4b" outcome="Passed" testListId="8c84fa94-04c1-424b-9868-57a2d4851a1d" relativeResultsDirectory="d99f9367-6a3d-4856-b56e-dfa2fd882236" />
    <UnitTestResult executionId="ef83dcbe-f264-44ac-8f71-1cdeb7152077" testId="693b69fd-81f0-56fd-8f17-ee56b4f8d96d" testName="TestAddNavItem (Epub2)" computerName="runnervmifolv" duration="00:00:00.0002511" startTime="2025-09-14T11:55:30.3061330+00:00" endTime="2025-09-14T11:55:30.3064472+00:00" testType="13cdc9d9-ddb5-4fa4-a97d-d965ccfc6d4b" outcome="Passed" testListId="8c84fa94-04c1-424b-9868-57a2d4851a1d" relativeResultsDirectory="ef83dcbe-f264-44ac-8f71-1cdeb7152077" />
    <UnitTestResult executionId="e3c6830d-4e1e-4346-aa11-a72f0e68cb80" testId="9df8c1b1-aaf4-5545-12dd-5ce8d49b25cf" testName="TestAddPrePaginated (Epub3)" computerName="runnervmifolv" duration="00:00:00.0002469" startTime="2025-09-14T11:55:30.2921966+00:00" endTime="2025-09-14T11:55:30.2925152+00:00" testType="13cdc9d9-ddb5-4fa4-a97d-d965ccfc6d4b" outcome="Passed" testListId="8c84fa94-04c1-424b-9868-57a2d4851a1d" relativeResultsDirectory="e3c6830d-4e1e-4346-aa11-a72f0e68cb80" />
    <UnitTestResult executionId="a318c81a-60d3-470f-9b93-69033fcbd7ca" testId="5d4d5230-0e25-87c0-4af6-2de9a7c4c4a1" testName="TestAddTitle (Epub2)" computerName="runnervmifolv" duration="00:00:00.0001822" startTime="2025-09-14T11:55:30.3030195+00:00" endTime="2025-09-14T11:55:30.3032554+00:00" testType="13cdc9d9-ddb5-4fa4-a97d-d965ccfc6d4b" outcome="Passed" testListId="8c84fa94-04c1-424b-9868-57a2d4851a1d" relativeResultsDirectory="a318c81a-60d3-470f-9b93-69033fcbd7ca" />
    <UnitTestResult executionId="7824eba3-f2f2-4473-a35b-ac778d7f576f" testId="b9126755-0e48-3338-5d7f-d91de59b1147" testName="TestAddModified (Epub2)" computerName="runnervmifolv" duration="00:00:00.0001876" startTime="2025-09-14T11:55:30.2931694+00:00" endTime="2025-09-14T11:55:30.2934183+00:00" testType="13cdc9d9-ddb5-4fa4-a97d-d965ccfc6d4b" outcome="Passed" testListId="8c84fa94-04c1-424b-9868-57a2d4851a1d" relativeResultsDirectory="7824eba3-f2f2-4473-a35b-ac778d7f576f" />
    <UnitTestResult executionId="a3402b48-bbb0-4b2a-9911-038e049bd41d" testId="e4cbb751-c512-8650-1a17-2e8ac57a05f2" testName="TestAddModified (Epub3)" computerName="runnervmifolv" duration="00:00:00.0002706" startTime="2025-09-14T11:55:30.2928139+00:00" endTime="2025-09-14T11:55:30.2931412+00:00" testType="13cdc9d9-ddb5-4fa4-a97d-d965ccfc6d4b" outcome="Passed" testListId="8c84fa94-04c1-424b-9868-57a2d4851a1d" relativeResultsDirectory="a3402b48-bbb0-4b2a-9911-038e049bd41d" />
    <UnitTestResult executionId="84ecc54e-8470-4747-99de-de0c00b7c1a5" testId="a1bdf61b-cabc-642a-7abf-89a752dec9e4" testName="TestAddItemToManifest (Epub2,&quot;cover.jpg&quot;,null,null,&quot;epub2_noproperties_noid.opf&quot;)" computerName="runnervmifolv" duration="00:00:00.0000663" startTime="2025-09-14T11:55:30.2538954+00:00" endTime="2025-09-14T11:55:30.2540283+00:00" testType="13cdc9d9-ddb5-4fa4-a97d-d965ccfc6d4b" outcome="Passed" testListId="8c84fa94-04c1-424b-9868-57a2d4851a1d" relativeResultsDirectory="84ecc54e-8470-4747-99de-de0c00b7c1a5" />
    <UnitTestResult executionId="d00fcc3b-0312-4d4c-8110-f56c338c67db" testId="924b8454-c381-318c-99e1-35856fc01e42" testName="TestAddItemToSpine (Epub2,&quot;page-spread-left&quot;,&quot;epub2_properties.opf&quot;)" computerName="runnervmifolv" duration="00:00:00.0002856" startTime="2025-09-14T11:55:30.2938490+00:00" endTime="2025-09-14T11:55:30.2941949+00:00" testType="13cdc9d9-ddb5-4fa4-a97d-d965ccfc6d4b" outcome="Passed" testListId="8c84fa94-04c1-424b-9868-57a2d4851a1d" relativeResultsDirectory="d00fcc3b-0312-4d4c-8110-f56c338c67db" />
    <UnitTestResult executionId="3b956025-81e9-40c4-9d28-bb4195c35e13" testId="44da78d8-904e-d616-f174-2b6a9767cdcb" testName="TestAddReferenceToGuide (Epub3)" computerName="runnervmifolv" duration="00:00:00.0241141" startTime="2025-09-14T11:55:30.2071269+00:00" endTime="2025-09-14T11:55:30.2464527+00:00" testType="13cdc9d9-ddb5-4fa4-a97d-d965ccfc6d4b" outcome="Passed" testListId="8c84fa94-04c1-424b-9868-57a2d4851a1d" relativeResultsDirectory="3b956025-81e9-40c4-9d28-bb4195c35e13" />
    <UnitTestResult executionId="a8b7cf98-7b47-4212-b591-f1e501940781" testId="6191621d-615a-32f8-fd79-90783c02b94b" testName="TestAddDate (Epub3)" computerName="runnervmifolv" duration="00:00:00.0006856" startTime="2025-09-14T11:55:30.2911318+00:00" endTime="2025-09-14T11:55:30.2918847+00:00" testType="13cdc9d9-ddb5-4fa4-a97d-d965ccfc6d4b" outcome="Passed" testListId="8c84fa94-04c1-424b-9868-57a2d4851a1d" relativeResultsDirectory="a8b7cf98-7b47-4212-b591-f1e501940781" />
    <UnitTestResult executionId="6bab1670-eec0-4274-b03b-dac6095b0ac6" testId="b3961dcc-7a38-2113-9639-b9147b073687" testName="TestAddTitle (Epub2)" computerName="runnervmifolv" duration="00:00:00.0002119" startTime="2025-09-14T11:55:30.2869818+00:00" endTime="2025-09-14T11:55:30.2872730+00:00" testType="13cdc9d9-ddb5-4fa4-a97d-d965ccfc6d4b" outcome="Passed" testListId="8c84fa94-04c1-424b-9868-57a2d4851a1d" relativeResultsDirectory="6bab1670-eec0-4274-b03b-dac6095b0ac6" />
    <UnitTestResult executionId="b3b31464-64b4-4b0a-83b9-3a2ff660766a" testId="55b94eb4-b768-e9e6-66cb-0b4726f406c0" testName="TestAddTitle (Epub3)" computerName="runnervmifolv" duration="00:00:00.0002983" startTime="2025-09-14T11:55:30.2549341+00:00" endTime="2025-09-14T11:55:30.2552880+00:00" testType="13cdc9d9-ddb5-4fa4-a97d-d965ccfc6d4b" outcome="Passed" testListId="8c84fa94-04c1-424b-9868-57a2d4851a1d" relativeResultsDirectory="b3b31464-64b4-4b0a-83b9-3a2ff660766a" />
    <UnitTestResult executionId="6760f731-aced-4c55-8504-cedd616a7f6b" testId="594caead-0457-af95-78db-f11df6a0960a" testName="TestAddIdentifier (Epub2)" computerName="runnervmifolv" duration="00:00:00.0002722" startTime="2025-09-14T11:55:30.3023922+00:00" endTime="2025-09-14T11:55:30.3027250+00:00" testType="13cdc9d9-ddb5-4fa4-a97d-d965ccfc6d4b" outcome="Passed" testListId="8c84fa94-04c1-424b-9868-57a2d4851a1d" relativeResultsDirectory="6760f731-aced-4c55-8504-cedd616a7f6b" />
    <UnitTestResult executionId="1c6b1d32-5a6c-4d9a-a0b6-f39cbfd64888" testId="8a1e305d-837e-e2ab-0677-efc86659bf91" testName="TestGetContainerXmlDocument (Epub3)" computerName="runnervmifolv" duration="00:00:00.0003264" startTime="2025-09-14T11:55:30.3064812+00:00" endTime="2025-09-14T11:55:30.3068906+00:00" testType="13cdc9d9-ddb5-4fa4-a97d-d965ccfc6d4b" outcome="Passed" testListId="8c84fa94-04c1-424b-9868-57a2d4851a1d" relativeResultsDirectory="1c6b1d32-5a6c-4d9a-a0b6-f39cbfd64888" />
    <UnitTestResult executionId="d00b483a-c1f9-4d33-af6e-8f64b2b85d6f" testId="f188e44f-a366-01fc-679d-e6a774f27a0b" testName="TestAddReferenceToGuide (Epub2)" computerName="runnervmifolv" duration="00:00:00.0004151" startTime="2025-09-14T11:55:30.2503606+00:00" endTime="2025-09-14T11:55:30.2516899+00:00" testType="13cdc9d9-ddb5-4fa4-a97d-d965ccfc6d4b" outcome="Passed" testListId="8c84fa94-04c1-424b-9868-57a2d4851a1d" relativeResultsDirectory="d00b483a-c1f9-4d33-af6e-8f64b2b85d6f" />
    <UnitTestResult executionId="b095d286-8257-4e4d-8678-eed2200e1b82" testId="c0800344-f0ec-fd64-7ee2-f71e18c8af14" testName="TestAddNavItem (Epub3)" computerName="runnervmifolv" duration="00:00:00.0018967" startTime="2025-09-14T11:55:30.2971280+00:00" endTime="2025-09-14T11:55:30.2991024+00:00" testType="13cdc9d9-ddb5-4fa4-a97d-d965ccfc6d4b" outcome="Passed" testListId="8c84fa94-04c1-424b-9868-57a2d4851a1d" relativeResultsDirectory="b095d286-8257-4e4d-8678-eed2200e1b82" />
    <UnitTestResult executionId="fbab329c-7539-4915-af23-7b89b0ea30ce" testId="8d1ae0de-2769-faaf-9dcf-e6f047c0d5f3" testName="TestAddIdentifier (Epub2)" computerName="runnervmifolv" duration="00:00:00.0002794" startTime="2025-09-14T11:55:30.2545630+00:00" endTime="2025-09-14T11:55:30.2549024+00:00" testType="13cdc9d9-ddb5-4fa4-a97d-d965ccfc6d4b" outcome="Passed" testListId="8c84fa94-04c1-424b-9868-57a2d4851a1d" relativeResultsDirectory="fbab329c-7539-4915-af23-7b89b0ea30ce" />
    <UnitTestResult executionId="71321f81-3ed9-44d1-ac8b-0200c81c61a5" testId="96bd8760-c7b7-81b8-4f89-ec6ccc94ca0b" testName="TestAddNcx (Epub3,&quot;epub3_ncx.opf&quot;)" computerName="runnervmifolv" duration="00:00:00.0001804" startTime="2025-09-14T11:55:30.2954579+00:00" endTime="2025-09-14T11:55:30.2956957+00:00" testType="13cdc9d9-ddb5-4fa4-a97d-d965ccfc6d4b" outcome="Passed" testListId="8c84fa94-04c1-424b-9868-57a2d4851a1d" relativeResultsDirectory="71321f81-3ed9-44d1-ac8b-0200c81c61a5" />
    <UnitTestResult executionId="09740c7d-24ac-41d5-ba68-6ed810a57a2e" testId="4560ec12-e47b-78e1-23c7-f98e322348ee" testName="TestGetContainerXmlDocument (Epub2)" computerName="runnervmifolv" duration="00:00:00.0002642" startTime="2025-09-14T11:55:30.3077978+00:00" endTime="2025-09-14T11:55:30.3081264+00:00" testType="13cdc9d9-ddb5-4fa4-a97d-d965ccfc6d4b" outcome="Passed" testListId="8c84fa94-04c1-424b-9868-57a2d4851a1d" relativeResultsDirectory="09740c7d-24ac-41d5-ba68-6ed810a57a2e" />
    <UnitTestResult executionId="6d4f04d8-183d-4f42-b908-d26812814290" testId="b00da7e2-1034-9a94-bdb6-4d0dec2ca4dd" testName="TestAddLeftToRight (Epub3,&quot;epub3_ltr.opf&quot;)" computerName="runnervmifolv" duration="00:00:00.0001845" startTime="2025-09-14T11:55:30.2960205+00:00" endTime="2025-09-14T11:55:30.2962660+00:00" testType="13cdc9d9-ddb5-4fa4-a97d-d965ccfc6d4b" outcome="Passed" testListId="8c84fa94-04c1-424b-9868-57a2d4851a1d" relativeResultsDirectory="6d4f04d8-183d-4f42-b908-d26812814290" />
    <UnitTestResult executionId="b14daf39-4dff-4a8b-8c83-7f963c2ae687" testId="5a4b4514-f7a8-ec80-0b2e-cc4f1e3225c9" testName="TestAddItemToLandmarks (Epub3)" computerName="runnervmifolv" duration="00:00:00.0004104" startTime="2025-09-14T11:55:30.3010869+00:00" endTime="2025-09-14T11:55:30.3015643+00:00" testType="13cdc9d9-ddb5-4fa4-a97d-d965ccfc6d4b" outcome="Passed" testListId="8c84fa94-04c1-424b-9868-57a2d4851a1d" relativeResultsDirectory="b14daf39-4dff-4a8b-8c83-7f963c2ae687" />
    <UnitTestResult executionId="8ef46b55-1107-4404-a71b-711b77aeff9e" testId="265f5716-a8e8-4a3d-7578-667e80e2b50e" testName="TestAddLanguage (Epub3)" computerName="runnervmifolv" duration="00:00:00.0002295" startTime="2025-09-14T11:55:30.2873063+00:00" endTime="2025-09-14T11:55:30.2875960+00:00" testType="13cdc9d9-ddb5-4fa4-a97d-d965ccfc6d4b" outcome="Passed" testListId="8c84fa94-04c1-424b-9868-57a2d4851a1d" relativeResultsDirectory="8ef46b55-1107-4404-a71b-711b77aeff9e" />
    <UnitTestResult executionId="300f5834-cabd-4788-985c-f06eab896a40" testId="04965b1d-7fcd-a172-3bd8-f962f6396ef1" testName="TestAddNavItem (Epub3)" computerName="runnervmifolv" duration="00:00:00.0027635" startTime="2025-09-14T11:55:30.3032801+00:00" endTime="2025-09-14T11:55:30.3061016+00:00" testType="13cdc9d9-ddb5-4fa4-a97d-d965ccfc6d4b" outcome="Passed" testListId="8c84fa94-04c1-424b-9868-57a2d4851a1d" relativeResultsDirectory="300f5834-cabd-4788-985c-f06eab896a40" />
    <UnitTestResult executionId="b199218a-8e06-4abb-8807-7318fb3ae880" testId="cec8e838-5451-2a86-db1e-5de14ad9804c" testName="TestAddDate (Epub2)" computerName="runnervmifolv" duration="00:00:00.0002004" startTime="2025-09-14T11:55:30.2919139+00:00" endTime="2025-09-14T11:55:30.2921703+00:00" testType="13cdc9d9-ddb5-4fa4-a97d-d965ccfc6d4b" outcome="Passed" testListId="8c84fa94-04c1-424b-9868-57a2d4851a1d" relativeResultsDirectory="b199218a-8e06-4abb-8807-7318fb3ae880" />
    <UnitTestResult executionId="0223466e-8257-4c42-9146-35713b70fcab" testId="ccd4c932-333c-882b-c126-06d1ad778550" testName="TestAddItemToManifest (Epub3,&quot;cover.jpg&quot;,&quot;cover-image&quot;,&quot;cover-id&quot;,&quot;epub3_properties_id.opf&quot;)" computerName="runnervmifolv" duration="00:00:00.0010477" startTime="2025-09-14T11:55:30.2519425+00:00" endTime="2025-09-14T11:55:30.2531033+00:00" testType="13cdc9d9-ddb5-4fa4-a97d-d965ccfc6d4b" outcome="Passed" testListId="8c84fa94-04c1-424b-9868-57a2d4851a1d" relativeResultsDirectory="0223466e-8257-4c42-9146-35713b70fcab" />
    <UnitTestResult executionId="ed6a1e39-9ff7-4f33-a4c3-c140c75ed3ea" testId="fa860a25-9f76-25a8-9a76-b7824318caf2" testName="TestAddLeftToRight (Epub2,&quot;epub2_ltr.opf&quot;)" computerName="runnervmifolv" duration="00:00:00.0001979" startTime="2025-09-14T11:55:30.2962906+00:00" endTime="2025-09-14T11:55:30.2965441+00:00" testType="13cdc9d9-ddb5-4fa4-a97d-d965ccfc6d4b" outcome="Passed" testListId="8c84fa94-04c1-424b-9868-57a2d4851a1d" relativeResultsDirectory="ed6a1e39-9ff7-4f33-a4c3-c140c75ed3ea" />
    <UnitTestResult executionId="87fc4ada-2a42-40a4-a7a4-aa596b097837" testId="99564a9c-de8e-bba7-fce2-1855da9f00d6" testName="TestAddNcx (Epub2,&quot;epub2_ncx.opf&quot;)" computerName="runnervmifolv" duration="00:00:00.0002150" startTime="2025-09-14T11:55:30.2957208+00:00" endTime="2025-09-14T11:55:30.2959958+00:00" testType="13cdc9d9-ddb5-4fa4-a97d-d965ccfc6d4b" outcome="Passed" testListId="8c84fa94-04c1-424b-9868-57a2d4851a1d" relativeResultsDirectory="87fc4ada-2a42-40a4-a7a4-aa596b097837" />
    <UnitTestResult executionId="f39ca192-0619-46cc-825d-cae0e85178ac" testId="713cc4f0-5833-4981-89c3-33f67d49e215" testName="TestAddLanguage (Epub2)" computerName="runnervmifolv" duration="00:00:00.0001903" startTime="2025-09-14T11:55:30.2876256+00:00" endTime="2025-09-14T11:55:30.2878715+00:00" testType="13cdc9d9-ddb5-4fa4-a97d-d965ccfc6d4b" outcome="Passed" testListId="8c84fa94-04c1-424b-9868-57a2d4851a1d" relativeResultsDirectory="f39ca192-0619-46cc-825d-cae0e85178ac" />
    <UnitTestResult executionId="81ce66ca-1894-4976-b5c7-6bad78c16e9d" testId="59a57370-8637-253e-de19-a484c9442cbd" testName="TestAddItemToSpine (Epub3,null,&quot;epub3_noproperties.opf&quot;)" computerName="runnervmifolv" duration="00:00:00.0000616" startTime="2025-09-14T11:55:30.2942237+00:00" endTime="2025-09-14T11:55:30.2943536+00:00" testType="13cdc9d9-ddb5-4fa4-a97d-d965ccfc6d4b" outcome="Passed" testListId="8c84fa94-04c1-424b-9868-57a2d4851a1d" relativeResultsDirectory="81ce66ca-1894-4976-b5c7-6bad78c16e9d" />
    <UnitTestResult executionId="235480ea-b39e-4243-afca-74b17073459c" testId="1994ae24-05cd-3449-cbf7-9654aa01ed73" testName="TestAddItemToManifest (Epub3,&quot;cover.jpg&quot;,null,null,&quot;epub3_noproperties_noid.opf&quot;)" computerName="runnervmifolv" duration="00:00:00.0001530" startTime="2025-09-14T11:55:30.2536456+00:00" endTime="2025-09-14T11:55:30.2538689+00:00" testType="13cdc9d9-ddb5-4fa4-a97d-d965ccfc6d4b" outcome="Passed" testListId="8c84fa94-04c1-424b-9868-57a2d4851a1d" relativeResultsDirectory="235480ea-b39e-4243-afca-74b17073459c" />
    <UnitTestResult executionId="204526ee-7578-415f-be39-fb17a03616f0" testId="89814799-e32a-55bb-8345-b24b3f8784f3" testName="TestAddRightToLeft (Epub3,&quot;epub3_rtl.opf&quot;)" computerName="runnervmifolv" duration="00:00:00.0001762" startTime="2025-09-14T11:55:30.2965717+00:00" endTime="2025-09-14T11:55:30.2968111+00:00" testType="13cdc9d9-ddb5-4fa4-a97d-d965ccfc6d4b" outcome="Passed" testListId="8c84fa94-04c1-424b-9868-57a2d4851a1d" relativeResultsDirectory="204526ee-7578-415f-be39-fb17a03616f0" />
  </Results>
  <TestDefinitions>
    <UnitTest name="TestAddDate (Epub3)" storage="d:\a\dotnet-monorepo\dotnet-monorepo\src\artifacts\bin\epubs.tests\release_win-x64\epubs.tests.dll" id="6191621d-615a-32f8-fd79-90783c02b94b">
      <Execution id="a8b7cf98-7b47-4212-b591-f1e501940781" />
      <TestMethod codeBase="D:\a\dotnet-monorepo\dotnet-monorepo\src\artifacts\bin\Epubs.Tests\release_win-x64\Epubs.Tests.dll" adapterTypeName="executor://mstestadapter/v2" className="Epubs.Tests.WriterTests.PackageDocumentTests.MetadataTests" name="TestAddDate" />
    </UnitTest>
    <UnitTest name="TestAddItemToSpine (Epub2,null,&quot;epub2_noproperties.opf&quot;)" storage="d:\a\dotnet-monorepo\dotnet-monorepo\src\artifacts\bin\epubs.tests\release_win-x64\epubs.tests.dll" id="99a6b07e-6c4a-175c-f49d-3d815f9e4c5a">
      <Execution id="d99f9367-6a3d-4856-b56e-dfa2fd882236" />
      <TestMethod codeBase="D:\a\dotnet-monorepo\dotnet-monorepo\src\artifacts\bin\Epubs.Tests\release_win-x64\Epubs.Tests.dll" adapterTypeName="executor://mstestadapter/v2" className="Epubs.Tests.WriterTests.PackageDocumentTests.SpineTests" name="TestAddItemToSpine" />
    </UnitTest>
    <UnitTest name="TestAddModified (Epub2)" storage="d:\a\dotnet-monorepo\dotnet-monorepo\src\artifacts\bin\epubs.tests\release_win-x64\epubs.tests.dll" id="b9126755-0e48-3338-5d7f-d91de59b1147">
      <Execution id="7824eba3-f2f2-4473-a35b-ac778d7f576f" />
      <TestMethod codeBase="D:\a\dotnet-monorepo\dotnet-monorepo\src\artifacts\bin\Epubs.Tests\release_win-x64\Epubs.Tests.dll" adapterTypeName="executor://mstestadapter/v2" className="Epubs.Tests.WriterTests.PackageDocumentTests.MetadataTests" name="TestAddModified" />
    </UnitTest>
    <UnitTest name="TestGetRasterDocument (Epub3)" storage="d:\a\dotnet-monorepo\dotnet-monorepo\src\artifacts\bin\epubs.tests\release_win-x64\epubs.tests.dll" id="410eac8a-445b-ddc0-5763-81a3a18c8bb9">
      <Execution id="4328a86b-f7ca-49be-b65e-3f31f9ad9368" />
      <TestMethod codeBase="D:\a\dotnet-monorepo\dotnet-monorepo\src\artifacts\bin\Epubs.Tests\release_win-x64\Epubs.Tests.dll" adapterTypeName="executor://mstestadapter/v2" className="Epubs.Tests.WriterTests.CoverXhtmlTests.RasterTests" name="TestGetRasterDocument" />
    </UnitTest>
    <UnitTest name="TestAddItemToSpine (Epub3,null,&quot;epub3_noproperties.opf&quot;)" storage="d:\a\dotnet-monorepo\dotnet-monorepo\src\artifacts\bin\epubs.tests\release_win-x64\epubs.tests.dll" id="59a57370-8637-253e-de19-a484c9442cbd">
      <Execution id="81ce66ca-1894-4976-b5c7-6bad78c16e9d" />
      <TestMethod codeBase="D:\a\dotnet-monorepo\dotnet-monorepo\src\artifacts\bin\Epubs.Tests\release_win-x64\Epubs.Tests.dll" adapterTypeName="executor://mstestadapter/v2" className="Epubs.Tests.WriterTests.PackageDocumentTests.SpineTests" name="TestAddItemToSpine" />
    </UnitTest>
    <UnitTest name="TestAddNcx (Epub3,&quot;epub3_ncx.opf&quot;)" storage="d:\a\dotnet-monorepo\dotnet-monorepo\src\artifacts\bin\epubs.tests\release_win-x64\epubs.tests.dll" id="96bd8760-c7b7-81b8-4f89-ec6ccc94ca0b">
      <Execution id="71321f81-3ed9-44d1-ac8b-0200c81c61a5" />
      <TestMethod codeBase="D:\a\dotnet-monorepo\dotnet-monorepo\src\artifacts\bin\Epubs.Tests\release_win-x64\Epubs.Tests.dll" adapterTypeName="executor://mstestadapter/v2" className="Epubs.Tests.WriterTests.PackageDocumentTests.SpineTests" name="TestAddNcx" />
    </UnitTest>
    <UnitTest name="TestAddReferenceToGuide (Epub3)" storage="d:\a\dotnet-monorepo\dotnet-monorepo\src\artifacts\bin\epubs.tests\release_win-x64\epubs.tests.dll" id="44da78d8-904e-d616-f174-2b6a9767cdcb">
      <Execution id="3b956025-81e9-40c4-9d28-bb4195c35e13" />
      <TestMethod codeBase="D:\a\dotnet-monorepo\dotnet-monorepo\src\artifacts\bin\Epubs.Tests\release_win-x64\Epubs.Tests.dll" adapterTypeName="executor://mstestadapter/v2" className="Epubs.Tests.WriterTests.PackageDocumentTests.GuideTests" name="TestAddReferenceToGuide" />
    </UnitTest>
    <UnitTest name="TestAddPrePaginated (Epub3)" storage="d:\a\dotnet-monorepo\dotnet-monorepo\src\artifacts\bin\epubs.tests\release_win-x64\epubs.tests.dll" id="9df8c1b1-aaf4-5545-12dd-5ce8d49b25cf">
      <Execution id="e3c6830d-4e1e-4346-aa11-a72f0e68cb80" />
      <TestMethod codeBase="D:\a\dotnet-monorepo\dotnet-monorepo\src\artifacts\bin\Epubs.Tests\release_win-x64\Epubs.Tests.dll" adapterTypeName="executor://mstestadapter/v2" className="Epubs.Tests.WriterTests.PackageDocumentTests.MetadataTests" name="TestAddPrePaginated" />
    </UnitTest>
    <UnitTest name="TestAddItemToSpine (Epub2,&quot;page-spread-left&quot;,&quot;epub2_properties.opf&quot;)" storage="d:\a\dotnet-monorepo\dotnet-monorepo\src\artifacts\bin\epubs.tests\release_win-x64\epubs.tests.dll" id="924b8454-c381-318c-99e1-35856fc01e42">
      <Execution id="d00fcc3b-0312-4d4c-8110-f56c338c67db" />
      <TestMethod codeBase="D:\a\dotnet-monorepo\dotnet-monorepo\src\artifacts\bin\Epubs.Tests\release_win-x64\Epubs.Tests.dll" adapterTypeName="executor://mstestadapter/v2" className="Epubs.Tests.WriterTests.PackageDocumentTests.SpineTests" name="TestAddItemToSpine" />
    </UnitTest>
    <UnitTest name="TestGetRasterDocument (Epub2)" storage="d:\a\dotnet-monorepo\dotnet-monorepo\src\artifacts\bin\epubs.tests\release_win-x64\epubs.tests.dll" id="c70cdfcc-fe0e-0a22-3f91-3f78bf225323">
      <Execution id="a6b0f698-4501-4f36-8a5d-01b7c4dff955" />
      <TestMethod codeBase="D:\a\dotnet-monorepo\dotnet-monorepo\src\artifacts\bin\Epubs.Tests\release_win-x64\Epubs.Tests.dll" adapterTypeName="executor://mstestadapter/v2" className="Epubs.Tests.WriterTests.CoverXhtmlTests.RasterTests" name="TestGetRasterDocument" />
    </UnitTest>
    <UnitTest name="TestAddItemToManifest (Epub3,&quot;cover.jpg&quot;,null,null,&quot;epub3_noproperties_noid.opf&quot;)" storage="d:\a\dotnet-monorepo\dotnet-monorepo\src\artifacts\bin\epubs.tests\release_win-x64\epubs.tests.dll" id="1994ae24-05cd-3449-cbf7-9654aa01ed73">
      <Execution id="235480ea-b39e-4243-afca-74b17073459c" />
      <TestMethod codeBase="D:\a\dotnet-monorepo\dotnet-monorepo\src\artifacts\bin\Epubs.Tests\release_win-x64\Epubs.Tests.dll" adapterTypeName="executor://mstestadapter/v2" className="Epubs.Tests.WriterTests.PackageDocumentTests.ManifestTests" name="TestAddItemToManifest" />
    </UnitTest>
    <UnitTest name="TestAddItemToSpine (Epub3,&quot;page-spread-left&quot;,&quot;epub3_properties.opf&quot;)" storage="d:\a\dotnet-monorepo\dotnet-monorepo\src\artifacts\bin\epubs.tests\release_win-x64\epubs.tests.dll" id="8c9e771c-c83f-550a-cb50-0b2a7179104c">
      <Execution id="817accbe-5cd1-4f98-8fb7-f932f995e4b8" />
      <TestMethod codeBase="D:\a\dotnet-monorepo\dotnet-monorepo\src\artifacts\bin\Epubs.Tests\release_win-x64\Epubs.Tests.dll" adapterTypeName="executor://mstestadapter/v2" className="Epubs.Tests.WriterTests.PackageDocumentTests.SpineTests" name="TestAddItemToSpine" />
    </UnitTest>
    <UnitTest name="TestAddLeftToRight (Epub2,&quot;epub2_ltr.opf&quot;)" storage="d:\a\dotnet-monorepo\dotnet-monorepo\src\artifacts\bin\epubs.tests\release_win-x64\epubs.tests.dll" id="fa860a25-9f76-25a8-9a76-b7824318caf2">
      <Execution id="ed6a1e39-9ff7-4f33-a4c3-c140c75ed3ea" />
      <TestMethod codeBase="D:\a\dotnet-monorepo\dotnet-monorepo\src\artifacts\bin\Epubs.Tests\release_win-x64\Epubs.Tests.dll" adapterTypeName="executor://mstestadapter/v2" className="Epubs.Tests.WriterTests.PackageDocumentTests.SpineTests" name="TestAddLeftToRight" />
    </UnitTest>
    <UnitTest name="TestAddCreator (Epub3,[],&quot;epub3_no_roles.opf&quot;)" storage="d:\a\dotnet-monorepo\dotnet-monorepo\src\artifacts\bin\epubs.tests\release_win-x64\epubs.tests.dll" id="d677c7f0-fd98-db4b-f256-9d5a40eeb450">
      <Execution id="55cb1622-5ed7-4549-9233-421342d29ffe" />
      <TestMethod codeBase="D:\a\dotnet-monorepo\dotnet-monorepo\src\artifacts\bin\Epubs.Tests\release_win-x64\Epubs.Tests.dll" adapterTypeName="executor://mstestadapter/v2" className="Epubs.Tests.WriterTests.PackageDocumentTests.MetadataTests" name="TestAddCreator" />
    </UnitTest>
    <UnitTest name="TestAddReferenceToGuide (Epub2)" storage="d:\a\dotnet-monorepo\dotnet-monorepo\src\artifacts\bin\epubs.tests\release_win-x64\epubs.tests.dll" id="f188e44f-a366-01fc-679d-e6a774f27a0b">
      <Execution id="d00b483a-c1f9-4d33-af6e-8f64b2b85d6f" />
      <TestMethod codeBase="D:\a\dotnet-monorepo\dotnet-monorepo\src\artifacts\bin\Epubs.Tests\release_win-x64\Epubs.Tests.dll" adapterTypeName="executor://mstestadapter/v2" className="Epubs.Tests.WriterTests.PackageDocumentTests.GuideTests" name="TestAddReferenceToGuide" />
    </UnitTest>
    <UnitTest name="TestAddCreator (Epub3,[&quot;aut&quot;],&quot;epub3_one_role.opf&quot;)" storage="d:\a\dotnet-monorepo\dotnet-monorepo\src\artifacts\bin\epubs.tests\release_win-x64\epubs.tests.dll" id="c721fbc4-4b7f-c0df-d55e-177b347e9a92">
      <Execution id="794e3666-af64-4f55-bc09-01b0400724bd" />
      <TestMethod codeBase="D:\a\dotnet-monorepo\dotnet-monorepo\src\artifacts\bin\Epubs.Tests\release_win-x64\Epubs.Tests.dll" adapterTypeName="executor://mstestadapter/v2" className="Epubs.Tests.WriterTests.PackageDocumentTests.MetadataTests" name="TestAddCreator" />
    </UnitTest>
    <UnitTest name="TestAddRightToLeft (Epub3,&quot;epub3_rtl.opf&quot;)" storage="d:\a\dotnet-monorepo\dotnet-monorepo\src\artifacts\bin\epubs.tests\release_win-x64\epubs.tests.dll" id="89814799-e32a-55bb-8345-b24b3f8784f3">
      <Execution id="204526ee-7578-415f-be39-fb17a03616f0" />
      <TestMethod codeBase="D:\a\dotnet-monorepo\dotnet-monorepo\src\artifacts\bin\Epubs.Tests\release_win-x64\Epubs.Tests.dll" adapterTypeName="executor://mstestadapter/v2" className="Epubs.Tests.WriterTests.PackageDocumentTests.SpineTests" name="TestAddRightToLeft" />
    </UnitTest>
    <UnitTest name="TestAddModified (Epub3)" storage="d:\a\dotnet-monorepo\dotnet-monorepo\src\artifacts\bin\epubs.tests\release_win-x64\epubs.tests.dll" id="e4cbb751-c512-8650-1a17-2e8ac57a05f2">
      <Execution id="a3402b48-bbb0-4b2a-9911-038e049bd41d" />
      <TestMethod codeBase="D:\a\dotnet-monorepo\dotnet-monorepo\src\artifacts\bin\Epubs.Tests\release_win-x64\Epubs.Tests.dll" adapterTypeName="executor://mstestadapter/v2" className="Epubs.Tests.WriterTests.PackageDocumentTests.MetadataTests" name="TestAddModified" />
    </UnitTest>
    <UnitTest name="TestAddIdentifier (Epub3)" storage="d:\a\dotnet-monorepo\dotnet-monorepo\src\artifacts\bin\epubs.tests\release_win-x64\epubs.tests.dll" id="dfff1bb5-cf96-7b7e-3f4f-13e2e3d017dd">
      <Execution id="f0a7f321-a264-4b81-a2df-a6e29bfe8704" />
      <TestMethod codeBase="D:\a\dotnet-monorepo\dotnet-monorepo\src\artifacts\bin\Epubs.Tests\release_win-x64\Epubs.Tests.dll" adapterTypeName="executor://mstestadapter/v2" className="Epubs.Tests.WriterTests.PackageDocumentTests.MetadataTests" name="TestAddIdentifier" />
    </UnitTest>
    <UnitTest name="TestAddItemToManifest (Epub3,&quot;cover.jpg&quot;,&quot;cover-image&quot;,&quot;cover-id&quot;,&quot;epub3_properties_id.opf&quot;)" storage="d:\a\dotnet-monorepo\dotnet-monorepo\src\artifacts\bin\epubs.tests\release_win-x64\epubs.tests.dll" id="ccd4c932-333c-882b-c126-06d1ad778550">
      <Execution id="0223466e-8257-4c42-9146-35713b70fcab" />
      <TestMethod codeBase="D:\a\dotnet-monorepo\dotnet-monorepo\src\artifacts\bin\Epubs.Tests\release_win-x64\Epubs.Tests.dll" adapterTypeName="executor://mstestadapter/v2" className="Epubs.Tests.WriterTests.PackageDocumentTests.ManifestTests" name="TestAddItemToManifest" />
    </UnitTest>
    <UnitTest name="TestAddTitle (Epub3)" storage="d:\a\dotnet-monorepo\dotnet-monorepo\src\artifacts\bin\epubs.tests\release_win-x64\epubs.tests.dll" id="55b94eb4-b768-e9e6-66cb-0b4726f406c0">
      <Execution id="b3b31464-64b4-4b0a-83b9-3a2ff660766a" />
      <TestMethod codeBase="D:\a\dotnet-monorepo\dotnet-monorepo\src\artifacts\bin\Epubs.Tests\release_win-x64\Epubs.Tests.dll" adapterTypeName="executor://mstestadapter/v2" className="Epubs.Tests.WriterTests.PackageDocumentTests.MetadataTests" name="TestAddTitle" />
    </UnitTest>
    <UnitTest name="TestAddItemToManifest (Epub2,&quot;cover.jpg&quot;,null,null,&quot;epub2_noproperties_noid.opf&quot;)" storage="d:\a\dotnet-monorepo\dotnet-monorepo\src\artifacts\bin\epubs.tests\release_win-x64\epubs.tests.dll" id="a1bdf61b-cabc-642a-7abf-89a752dec9e4">
      <Execution id="84ecc54e-8470-4747-99de-de0c00b7c1a5" />
      <TestMethod codeBase="D:\a\dotnet-monorepo\dotnet-monorepo\src\artifacts\bin\Epubs.Tests\release_win-x64\Epubs.Tests.dll" adapterTypeName="executor://mstestadapter/v2" className="Epubs.Tests.WriterTests.PackageDocumentTests.ManifestTests" name="TestAddItemToManifest" />
    </UnitTest>
    <UnitTest name="TestAddLeftToRight (Epub3,&quot;epub3_ltr.opf&quot;)" storage="d:\a\dotnet-monorepo\dotnet-monorepo\src\artifacts\bin\epubs.tests\release_win-x64\epubs.tests.dll" id="b00da7e2-1034-9a94-bdb6-4d0dec2ca4dd">
      <Execution id="6d4f04d8-183d-4f42-b908-d26812814290" />
      <TestMethod codeBase="D:\a\dotnet-monorepo\dotnet-monorepo\src\artifacts\bin\Epubs.Tests\release_win-x64\Epubs.Tests.dll" adapterTypeName="executor://mstestadapter/v2" className="Epubs.Tests.WriterTests.PackageDocumentTests.SpineTests" name="TestAddLeftToRight" />
    </UnitTest>
    <UnitTest name="TestAddItemToManifest (Epub2,&quot;cover.jpg&quot;,&quot;cover-image&quot;,&quot;cover-id&quot;,&quot;epub2_properties_id.opf&quot;)" storage="d:\a\dotnet-monorepo\dotnet-monorepo\src\artifacts\bin\epubs.tests\release_win-x64\epubs.tests.dll" id="0979f8bb-ea3f-cc84-8b49-708bff499cd7">
      <Execution id="eb2d19ad-1a64-4024-8bcc-35f4244b79ce" />
      <TestMethod codeBase="D:\a\dotnet-monorepo\dotnet-monorepo\src\artifacts\bin\Epubs.Tests\release_win-x64\Epubs.Tests.dll" adapterTypeName="executor://mstestadapter/v2" className="Epubs.Tests.WriterTests.PackageDocumentTests.ManifestTests" name="TestAddItemToManifest" />
    </UnitTest>
    <UnitTest name="TestAddCreator (Epub2,[&quot;aut&quot;,&quot;ill&quot;],&quot;epub2_two_roles.opf&quot;)" storage="d:\a\dotnet-monorepo\dotnet-monorepo\src\artifacts\bin\epubs.tests\release_win-x64\epubs.tests.dll" id="e6a52e6f-b4f1-a194-00bd-8dca39600023">
      <Execution id="8ff0ca1b-c1b6-4a38-9543-ea2b6311786f" />
      <TestMethod codeBase="D:\a\dotnet-monorepo\dotnet-monorepo\src\artifacts\bin\Epubs.Tests\release_win-x64\Epubs.Tests.dll" adapterTypeName="executor://mstestadapter/v2" className="Epubs.Tests.WriterTests.PackageDocumentTests.MetadataTests" name="TestAddCreator" />
    </UnitTest>
    <UnitTest name="TestAddCreator (Epub3,[&quot;aut&quot;,&quot;ill&quot;],&quot;epub3_two_roles.opf&quot;)" storage="d:\a\dotnet-monorepo\dotnet-monorepo\src\artifacts\bin\epubs.tests\release_win-x64\epubs.tests.dll" id="3f9f394b-3398-3cc3-37cc-56417e5a89b6">
      <Execution id="4e56a049-3d87-4efa-a2e9-446902bde925" />
      <TestMethod codeBase="D:\a\dotnet-monorepo\dotnet-monorepo\src\artifacts\bin\Epubs.Tests\release_win-x64\Epubs.Tests.dll" adapterTypeName="executor://mstestadapter/v2" className="Epubs.Tests.WriterTests.PackageDocumentTests.MetadataTests" name="TestAddCreator" />
    </UnitTest>
    <UnitTest name="TestAddLanguage (Epub3)" storage="d:\a\dotnet-monorepo\dotnet-monorepo\src\artifacts\bin\epubs.tests\release_win-x64\epubs.tests.dll" id="265f5716-a8e8-4a3d-7578-667e80e2b50e">
      <Execution id="8ef46b55-1107-4404-a71b-711b77aeff9e" />
      <TestMethod codeBase="D:\a\dotnet-monorepo\dotnet-monorepo\src\artifacts\bin\Epubs.Tests\release_win-x64\Epubs.Tests.dll" adapterTypeName="executor://mstestadapter/v2" className="Epubs.Tests.WriterTests.PackageDocumentTests.MetadataTests" name="TestAddLanguage" />
    </UnitTest>
    <UnitTest name="TestAddNavItem (Epub3)" storage="d:\a\dotnet-monorepo\dotnet-monorepo\src\artifacts\bin\epubs.tests\release_win-x64\epubs.tests.dll" id="c0800344-f0ec-fd64-7ee2-f71e18c8af14">
      <Execution id="b095d286-8257-4e4d-8678-eed2200e1b82" />
      <TestMethod codeBase="D:\a\dotnet-monorepo\dotnet-monorepo\src\artifacts\bin\Epubs.Tests\release_win-x64\Epubs.Tests.dll" adapterTypeName="executor://mstestadapter/v2" className="Epubs.Tests.WriterTests.NavigationTests.NavigationDocumentTests" name="TestAddNavItem" />
    </UnitTest>
    <UnitTest name="TestAddNavItem (Epub2)" storage="d:\a\dotnet-monorepo\dotnet-monorepo\src\artifacts\bin\epubs.tests\release_win-x64\epubs.tests.dll" id="693b69fd-81f0-56fd-8f17-ee56b4f8d96d">
      <Execution id="ef83dcbe-f264-44ac-8f71-1cdeb7152077" />
      <TestMethod codeBase="D:\a\dotnet-monorepo\dotnet-monorepo\src\artifacts\bin\Epubs.Tests\release_win-x64\Epubs.Tests.dll" adapterTypeName="executor://mstestadapter/v2" className="Epubs.Tests.WriterTests.NavigationTests.NcxTests" name="TestAddNavItem" />
    </UnitTest>
    <UnitTest name="TestAddLanguage (Epub2)" storage="d:\a\dotnet-monorepo\dotnet-monorepo\src\artifacts\bin\epubs.tests\release_win-x64\epubs.tests.dll" id="713cc4f0-5833-4981-89c3-33f67d49e215">
      <Execution id="f39ca192-0619-46cc-825d-cae0e85178ac" />
      <TestMethod codeBase="D:\a\dotnet-monorepo\dotnet-monorepo\src\artifacts\bin\Epubs.Tests\release_win-x64\Epubs.Tests.dll" adapterTypeName="executor://mstestadapter/v2" className="Epubs.Tests.WriterTests.PackageDocumentTests.MetadataTests" name="TestAddLanguage" />
    </UnitTest>
    <UnitTest name="TestAddIdentifier (Epub3)" storage="d:\a\dotnet-monorepo\dotnet-monorepo\src\artifacts\bin\epubs.tests\release_win-x64\epubs.tests.dll" id="10c6e40c-daca-4950-6019-a3a7ec88eb82">
      <Execution id="35f218b3-2a3e-4ed0-995c-3660854f3781" />
      <TestMethod codeBase="D:\a\dotnet-monorepo\dotnet-monorepo\src\artifacts\bin\Epubs.Tests\release_win-x64\Epubs.Tests.dll" adapterTypeName="executor://mstestadapter/v2" className="Epubs.Tests.WriterTests.NavigationTests.NcxTests" name="TestAddIdentifier" />
    </UnitTest>
    <UnitTest name="TestGetContainerXmlDocument (Epub2)" storage="d:\a\dotnet-monorepo\dotnet-monorepo\src\artifacts\bin\epubs.tests\release_win-x64\epubs.tests.dll" id="4560ec12-e47b-78e1-23c7-f98e322348ee">
      <Execution id="09740c7d-24ac-41d5-ba68-6ed810a57a2e" />
      <TestMethod codeBase="D:\a\dotnet-monorepo\dotnet-monorepo\src\artifacts\bin\Epubs.Tests\release_win-x64\Epubs.Tests.dll" adapterTypeName="executor://mstestadapter/v2" className="Epubs.Tests.WriterTests.MetaInfTests.ContainerXmlTests" name="TestGetContainerXmlDocument" />
    </UnitTest>
    <UnitTest name="TestAddRightToLeft (Epub2,&quot;epub2_rtl.opf&quot;)" storage="d:\a\dotnet-monorepo\dotnet-monorepo\src\artifacts\bin\epubs.tests\release_win-x64\epubs.tests.dll" id="40fccafb-603f-db2e-52f5-0e6854d614d2">
      <Execution id="77131124-c740-425e-87b6-035437ef704e" />
      <TestMethod codeBase="D:\a\dotnet-monorepo\dotnet-monorepo\src\artifacts\bin\Epubs.Tests\release_win-x64\Epubs.Tests.dll" adapterTypeName="executor://mstestadapter/v2" className="Epubs.Tests.WriterTests.PackageDocumentTests.SpineTests" name="TestAddRightToLeft" />
    </UnitTest>
    <UnitTest name="TestAddNavItem (Epub2)" storage="d:\a\dotnet-monorepo\dotnet-monorepo\src\artifacts\bin\epubs.tests\release_win-x64\epubs.tests.dll" id="3f3cfbdc-7778-44fe-127e-9e051a2f1aa2">
      <Execution id="14f0d16d-4006-4d31-9dc5-521ea0fa2eb5" />
      <TestMethod codeBase="D:\a\dotnet-monorepo\dotnet-monorepo\src\artifacts\bin\Epubs.Tests\release_win-x64\Epubs.Tests.dll" adapterTypeName="executor://mstestadapter/v2" className="Epubs.Tests.WriterTests.NavigationTests.NavigationDocumentTests" name="TestAddNavItem" />
    </UnitTest>
    <UnitTest name="TestAddTitle (Epub2)" storage="d:\a\dotnet-monorepo\dotnet-monorepo\src\artifacts\bin\epubs.tests\release_win-x64\epubs.tests.dll" id="5d4d5230-0e25-87c0-4af6-2de9a7c4c4a1">
      <Execution id="a318c81a-60d3-470f-9b93-69033fcbd7ca" />
      <TestMethod codeBase="D:\a\dotnet-monorepo\dotnet-monorepo\src\artifacts\bin\Epubs.Tests\release_win-x64\Epubs.Tests.dll" adapterTypeName="executor://mstestadapter/v2" className="Epubs.Tests.WriterTests.NavigationTests.NcxTests" name="TestAddTitle" />
    </UnitTest>
    <UnitTest name="TestAddCreator (Epub2,[],&quot;epub2_no_roles.opf&quot;)" storage="d:\a\dotnet-monorepo\dotnet-monorepo\src\artifacts\bin\epubs.tests\release_win-x64\epubs.tests.dll" id="415fc078-5627-2006-e301-3bb2cb96ae2b">
      <Execution id="ba095dfc-787f-4349-bb9f-8d759320a5cd" />
      <TestMethod codeBase="D:\a\dotnet-monorepo\dotnet-monorepo\src\artifacts\bin\Epubs.Tests\release_win-x64\Epubs.Tests.dll" adapterTypeName="executor://mstestadapter/v2" className="Epubs.Tests.WriterTests.PackageDocumentTests.MetadataTests" name="TestAddCreator" />
    </UnitTest>
    <UnitTest name="TestAddDate (Epub2)" storage="d:\a\dotnet-monorepo\dotnet-monorepo\src\artifacts\bin\epubs.tests\release_win-x64\epubs.tests.dll" id="cec8e838-5451-2a86-db1e-5de14ad9804c">
      <Execution id="b199218a-8e06-4abb-8807-7318fb3ae880" />
      <TestMethod codeBase="D:\a\dotnet-monorepo\dotnet-monorepo\src\artifacts\bin\Epubs.Tests\release_win-x64\Epubs.Tests.dll" adapterTypeName="executor://mstestadapter/v2" className="Epubs.Tests.WriterTests.PackageDocumentTests.MetadataTests" name="TestAddDate" />
    </UnitTest>
    <UnitTest name="TestAddNavItem (Epub3)" storage="d:\a\dotnet-monorepo\dotnet-monorepo\src\artifacts\bin\epubs.tests\release_win-x64\epubs.tests.dll" id="04965b1d-7fcd-a172-3bd8-f962f6396ef1">
      <Execution id="300f5834-cabd-4788-985c-f06eab896a40" />
      <TestMethod codeBase="D:\a\dotnet-monorepo\dotnet-monorepo\src\artifacts\bin\Epubs.Tests\release_win-x64\Epubs.Tests.dll" adapterTypeName="executor://mstestadapter/v2" className="Epubs.Tests.WriterTests.NavigationTests.NcxTests" name="TestAddNavItem" />
    </UnitTest>
    <UnitTest name="TestAddPrePaginated (Epub2)" storage="d:\a\dotnet-monorepo\dotnet-monorepo\src\artifacts\bin\epubs.tests\release_win-x64\epubs.tests.dll" id="49fbec17-8a99-3521-2b8d-bc34471c898c">
      <Execution id="5f252c38-ba14-4b21-acb0-ea2d50ae8d8b" />
      <TestMethod codeBase="D:\a\dotnet-monorepo\dotnet-monorepo\src\artifacts\bin\Epubs.Tests\release_win-x64\Epubs.Tests.dll" adapterTypeName="executor://mstestadapter/v2" className="Epubs.Tests.WriterTests.PackageDocumentTests.MetadataTests" name="TestAddPrePaginated" />
    </UnitTest>
    <UnitTest name="TestAddItemToLandmarks (Epub3)" storage="d:\a\dotnet-monorepo\dotnet-monorepo\src\artifacts\bin\epubs.tests\release_win-x64\epubs.tests.dll" id="5a4b4514-f7a8-ec80-0b2e-cc4f1e3225c9">
      <Execution id="b14daf39-4dff-4a8b-8c83-7f963c2ae687" />
      <TestMethod codeBase="D:\a\dotnet-monorepo\dotnet-monorepo\src\artifacts\bin\Epubs.Tests\release_win-x64\Epubs.Tests.dll" adapterTypeName="executor://mstestadapter/v2" className="Epubs.Tests.WriterTests.NavigationTests.NavigationDocumentTests" name="TestAddItemToLandmarks" />
    </UnitTest>
    <UnitTest name="TestAddNcx (Epub2,&quot;epub2_ncx.opf&quot;)" storage="d:\a\dotnet-monorepo\dotnet-monorepo\src\artifacts\bin\epubs.tests\release_win-x64\epubs.tests.dll" id="99564a9c-de8e-bba7-fce2-1855da9f00d6">
      <Execution id="87fc4ada-2a42-40a4-a7a4-aa596b097837" />
      <TestMethod codeBase="D:\a\dotnet-monorepo\dotnet-monorepo\src\artifacts\bin\Epubs.Tests\release_win-x64\Epubs.Tests.dll" adapterTypeName="executor://mstestadapter/v2" className="Epubs.Tests.WriterTests.PackageDocumentTests.SpineTests" name="TestAddNcx" />
    </UnitTest>
    <UnitTest name="TestGetContainerXmlDocument (Epub3)" storage="d:\a\dotnet-monorepo\dotnet-monorepo\src\artifacts\bin\epubs.tests\release_win-x64\epubs.tests.dll" id="8a1e305d-837e-e2ab-0677-efc86659bf91">
      <Execution id="1c6b1d32-5a6c-4d9a-a0b6-f39cbfd64888" />
      <TestMethod codeBase="D:\a\dotnet-monorepo\dotnet-monorepo\src\artifacts\bin\Epubs.Tests\release_win-x64\Epubs.Tests.dll" adapterTypeName="executor://mstestadapter/v2" className="Epubs.Tests.WriterTests.MetaInfTests.ContainerXmlTests" name="TestGetContainerXmlDocument" />
    </UnitTest>
    <UnitTest name="TestAddCreator (Epub2,[&quot;aut&quot;],&quot;epub2_one_role.opf&quot;)" storage="d:\a\dotnet-monorepo\dotnet-monorepo\src\artifacts\bin\epubs.tests\release_win-x64\epubs.tests.dll" id="78e4846a-98ff-e3e6-be1b-f68ce6653ef7">
      <Execution id="477df210-a29a-4d1b-9817-edae8985c1f1" />
      <TestMethod codeBase="D:\a\dotnet-monorepo\dotnet-monorepo\src\artifacts\bin\Epubs.Tests\release_win-x64\Epubs.Tests.dll" adapterTypeName="executor://mstestadapter/v2" className="Epubs.Tests.WriterTests.PackageDocumentTests.MetadataTests" name="TestAddCreator" />
    </UnitTest>
    <UnitTest name="TestAddIdentifier (Epub2)" storage="d:\a\dotnet-monorepo\dotnet-monorepo\src\artifacts\bin\epubs.tests\release_win-x64\epubs.tests.dll" id="594caead-0457-af95-78db-f11df6a0960a">
      <Execution id="6760f731-aced-4c55-8504-cedd616a7f6b" />
      <TestMethod codeBase="D:\a\dotnet-monorepo\dotnet-monorepo\src\artifacts\bin\Epubs.Tests\release_win-x64\Epubs.Tests.dll" adapterTypeName="executor://mstestadapter/v2" className="Epubs.Tests.WriterTests.NavigationTests.NcxTests" name="TestAddIdentifier" />
    </UnitTest>
    <UnitTest name="TestAddIdentifier (Epub2)" storage="d:\a\dotnet-monorepo\dotnet-monorepo\src\artifacts\bin\epubs.tests\release_win-x64\epubs.tests.dll" id="8d1ae0de-2769-faaf-9dcf-e6f047c0d5f3">
      <Execution id="fbab329c-7539-4915-af23-7b89b0ea30ce" />
      <TestMethod codeBase="D:\a\dotnet-monorepo\dotnet-monorepo\src\artifacts\bin\Epubs.Tests\release_win-x64\Epubs.Tests.dll" adapterTypeName="executor://mstestadapter/v2" className="Epubs.Tests.WriterTests.PackageDocumentTests.MetadataTests" name="TestAddIdentifier" />
    </UnitTest>
    <UnitTest name="TestAddTitle (Epub2)" storage="d:\a\dotnet-monorepo\dotnet-monorepo\src\artifacts\bin\epubs.tests\release_win-x64\epubs.tests.dll" id="b3961dcc-7a38-2113-9639-b9147b073687">
      <Execution id="6bab1670-eec0-4274-b03b-dac6095b0ac6" />
      <TestMethod codeBase="D:\a\dotnet-monorepo\dotnet-monorepo\src\artifacts\bin\Epubs.Tests\release_win-x64\Epubs.Tests.dll" adapterTypeName="executor://mstestadapter/v2" className="Epubs.Tests.WriterTests.PackageDocumentTests.MetadataTests" name="TestAddTitle" />
    </UnitTest>
    <UnitTest name="TestAddItemToLandmarks (Epub2)" storage="d:\a\dotnet-monorepo\dotnet-monorepo\src\artifacts\bin\epubs.tests\release_win-x64\epubs.tests.dll" id="de5c320f-e3e6-6348-70fb-6545025c4cd1">
      <Execution id="9692413c-3d8e-4f98-a12d-e708008de05c" />
      <TestMethod codeBase="D:\a\dotnet-monorepo\dotnet-monorepo\src\artifacts\bin\Epubs.Tests\release_win-x64\Epubs.Tests.dll" adapterTypeName="executor://mstestadapter/v2" className="Epubs.Tests.WriterTests.NavigationTests.NavigationDocumentTests" name="TestAddItemToLandmarks" />
    </UnitTest>
    <UnitTest name="TestAddTitle (Epub3)" storage="d:\a\dotnet-monorepo\dotnet-monorepo\src\artifacts\bin\epubs.tests\release_win-x64\epubs.tests.dll" id="e0b26bfd-5e10-47a7-5708-ed4ae0f6f17a">
      <Execution id="38a24b44-a754-4e0e-8a81-ebcbaf211109" />
      <TestMethod codeBase="D:\a\dotnet-monorepo\dotnet-monorepo\src\artifacts\bin\Epubs.Tests\release_win-x64\Epubs.Tests.dll" adapterTypeName="executor://mstestadapter/v2" className="Epubs.Tests.WriterTests.NavigationTests.NcxTests" name="TestAddTitle" />
    </UnitTest>
  </TestDefinitions>
  <TestEntries>
    <TestEntry testId="410eac8a-445b-ddc0-5763-81a3a18c8bb9" executionId="4328a86b-f7ca-49be-b65e-3f31f9ad9368" testListId="8c84fa94-04c1-424b-9868-57a2d4851a1d" />
    <TestEntry testId="8c9e771c-c83f-550a-cb50-0b2a7179104c" executionId="817accbe-5cd1-4f98-8fb7-f932f995e4b8" testListId="8c84fa94-04c1-424b-9868-57a2d4851a1d" />
    <TestEntry testId="de5c320f-e3e6-6348-70fb-6545025c4cd1" executionId="9692413c-3d8e-4f98-a12d-e708008de05c" testListId="8c84fa94-04c1-424b-9868-57a2d4851a1d" />
    <TestEntry testId="10c6e40c-daca-4950-6019-a3a7ec88eb82" executionId="35f218b3-2a3e-4ed0-995c-3660854f3781" testListId="8c84fa94-04c1-424b-9868-57a2d4851a1d" />
    <TestEntry testId="d677c7f0-fd98-db4b-f256-9d5a40eeb450" executionId="55cb1622-5ed7-4549-9233-421342d29ffe" testListId="8c84fa94-04c1-424b-9868-57a2d4851a1d" />
    <TestEntry testId="40fccafb-603f-db2e-52f5-0e6854d614d2" executionId="77131124-c740-425e-87b6-035437ef704e" testListId="8c84fa94-04c1-424b-9868-57a2d4851a1d" />
    <TestEntry testId="49fbec17-8a99-3521-2b8d-bc34471c898c" executionId="5f252c38-ba14-4b21-acb0-ea2d50ae8d8b" testListId="8c84fa94-04c1-424b-9868-57a2d4851a1d" />
    <TestEntry testId="c721fbc4-4b7f-c0df-d55e-177b347e9a92" executionId="794e3666-af64-4f55-bc09-01b0400724bd" testListId="8c84fa94-04c1-424b-9868-57a2d4851a1d" />
    <TestEntry testId="c70cdfcc-fe0e-0a22-3f91-3f78bf225323" executionId="a6b0f698-4501-4f36-8a5d-01b7c4dff955" testListId="8c84fa94-04c1-424b-9868-57a2d4851a1d" />
    <TestEntry testId="0979f8bb-ea3f-cc84-8b49-708bff499cd7" executionId="eb2d19ad-1a64-4024-8bcc-35f4244b79ce" testListId="8c84fa94-04c1-424b-9868-57a2d4851a1d" />
    <TestEntry testId="3f9f394b-3398-3cc3-37cc-56417e5a89b6" executionId="4e56a049-3d87-4efa-a2e9-446902bde925" testListId="8c84fa94-04c1-424b-9868-57a2d4851a1d" />
    <TestEntry testId="e6a52e6f-b4f1-a194-00bd-8dca39600023" executionId="8ff0ca1b-c1b6-4a38-9543-ea2b6311786f" testListId="8c84fa94-04c1-424b-9868-57a2d4851a1d" />
    <TestEntry testId="78e4846a-98ff-e3e6-be1b-f68ce6653ef7" executionId="477df210-a29a-4d1b-9817-edae8985c1f1" testListId="8c84fa94-04c1-424b-9868-57a2d4851a1d" />
    <TestEntry testId="415fc078-5627-2006-e301-3bb2cb96ae2b" executionId="ba095dfc-787f-4349-bb9f-8d759320a5cd" testListId="8c84fa94-04c1-424b-9868-57a2d4851a1d" />
    <TestEntry testId="e0b26bfd-5e10-47a7-5708-ed4ae0f6f17a" executionId="38a24b44-a754-4e0e-8a81-ebcbaf211109" testListId="8c84fa94-04c1-424b-9868-57a2d4851a1d" />
    <TestEntry testId="dfff1bb5-cf96-7b7e-3f4f-13e2e3d017dd" executionId="f0a7f321-a264-4b81-a2df-a6e29bfe8704" testListId="8c84fa94-04c1-424b-9868-57a2d4851a1d" />
    <TestEntry testId="3f3cfbdc-7778-44fe-127e-9e051a2f1aa2" executionId="14f0d16d-4006-4d31-9dc5-521ea0fa2eb5" testListId="8c84fa94-04c1-424b-9868-57a2d4851a1d" />
    <TestEntry testId="99a6b07e-6c4a-175c-f49d-3d815f9e4c5a" executionId="d99f9367-6a3d-4856-b56e-dfa2fd882236" testListId="8c84fa94-04c1-424b-9868-57a2d4851a1d" />
    <TestEntry testId="693b69fd-81f0-56fd-8f17-ee56b4f8d96d" executionId="ef83dcbe-f264-44ac-8f71-1cdeb7152077" testListId="8c84fa94-04c1-424b-9868-57a2d4851a1d" />
    <TestEntry testId="9df8c1b1-aaf4-5545-12dd-5ce8d49b25cf" executionId="e3c6830d-4e1e-4346-aa11-a72f0e68cb80" testListId="8c84fa94-04c1-424b-9868-57a2d4851a1d" />
    <TestEntry testId="5d4d5230-0e25-87c0-4af6-2de9a7c4c4a1" executionId="a318c81a-60d3-470f-9b93-69033fcbd7ca" testListId="8c84fa94-04c1-424b-9868-57a2d4851a1d" />
    <TestEntry testId="b9126755-0e48-3338-5d7f-d91de59b1147" executionId="7824eba3-f2f2-4473-a35b-ac778d7f576f" testListId="8c84fa94-04c1-424b-9868-57a2d4851a1d" />
    <TestEntry testId="e4cbb751-c512-8650-1a17-2e8ac57a05f2" executionId="a3402b48-bbb0-4b2a-9911-038e049bd41d" testListId="8c84fa94-04c1-424b-9868-57a2d4851a1d" />
    <TestEntry testId="a1bdf61b-cabc-642a-7abf-89a752dec9e4" executionId="84ecc54e-8470-4747-99de-de0c00b7c1a5" testListId="8c84fa94-04c1-424b-9868-57a2d4851a1d" />
    <TestEntry testId="924b8454-c381-318c-99e1-35856fc01e42" executionId="d00fcc3b-0312-4d4c-8110-f56c338c67db" testListId="8c84fa94-04c1-424b-9868-57a2d4851a1d" />
    <TestEntry testId="44da78d8-904e-d616-f174-2b6a9767cdcb" executionId="3b956025-81e9-40c4-9d28-bb4195c35e13" testListId="8c84fa94-04c1-424b-9868-57a2d4851a1d" />
    <TestEntry testId="6191621d-615a-32f8-fd79-90783c02b94b" executionId="a8b7cf98-7b47-4212-b591-f1e501940781" testListId="8c84fa94-04c1-424b-9868-57a2d4851a1d" />
    <TestEntry testId="b3961dcc-7a38-2113-9639-b9147b073687" executionId="6bab1670-eec0-4274-b03b-dac6095b0ac6" testListId="8c84fa94-04c1-424b-9868-57a2d4851a1d" />
    <TestEntry testId="55b94eb4-b768-e9e6-66cb-0b4726f406c0" executionId="b3b31464-64b4-4b0a-83b9-3a2ff660766a" testListId="8c84fa94-04c1-424b-9868-57a2d4851a1d" />
    <TestEntry testId="594caead-0457-af95-78db-f11df6a0960a" executionId="6760f731-aced-4c55-8504-cedd616a7f6b" testListId="8c84fa94-04c1-424b-9868-57a2d4851a1d" />
    <TestEntry testId="8a1e305d-837e-e2ab-0677-efc86659bf91" executionId="1c6b1d32-5a6c-4d9a-a0b6-f39cbfd64888" testListId="8c84fa94-04c1-424b-9868-57a2d4851a1d" />
    <TestEntry testId="f188e44f-a366-01fc-679d-e6a774f27a0b" executionId="d00b483a-c1f9-4d33-af6e-8f64b2b85d6f" testListId="8c84fa94-04c1-424b-9868-57a2d4851a1d" />
    <TestEntry testId="c0800344-f0ec-fd64-7ee2-f71e18c8af14" executionId="b095d286-8257-4e4d-8678-eed2200e1b82" testListId="8c84fa94-04c1-424b-9868-57a2d4851a1d" />
    <TestEntry testId="8d1ae0de-2769-faaf-9dcf-e6f047c0d5f3" executionId="fbab329c-7539-4915-af23-7b89b0ea30ce" testListId="8c84fa94-04c1-424b-9868-57a2d4851a1d" />
    <TestEntry testId="96bd8760-c7b7-81b8-4f89-ec6ccc94ca0b" executionId="71321f81-3ed9-44d1-ac8b-0200c81c61a5" testListId="8c84fa94-04c1-424b-9868-57a2d4851a1d" />
    <TestEntry testId="4560ec12-e47b-78e1-23c7-f98e322348ee" executionId="09740c7d-24ac-41d5-ba68-6ed810a57a2e" testListId="8c84fa94-04c1-424b-9868-57a2d4851a1d" />
    <TestEntry testId="b00da7e2-1034-9a94-bdb6-4d0dec2ca4dd" executionId="6d4f04d8-183d-4f42-b908-d26812814290" testListId="8c84fa94-04c1-424b-9868-57a2d4851a1d" />
    <TestEntry testId="5a4b4514-f7a8-ec80-0b2e-cc4f1e3225c9" executionId="b14daf39-4dff-4a8b-8c83-7f963c2ae687" testListId="8c84fa94-04c1-424b-9868-57a2d4851a1d" />
    <TestEntry testId="265f5716-a8e8-4a3d-7578-667e80e2b50e" executionId="8ef46b55-1107-4404-a71b-711b77aeff9e" testListId="8c84fa94-04c1-424b-9868-57a2d4851a1d" />
    <TestEntry testId="04965b1d-7fcd-a172-3bd8-f962f6396ef1" executionId="300f5834-cabd-4788-985c-f06eab896a40" testListId="8c84fa94-04c1-424b-9868-57a2d4851a1d" />
    <TestEntry testId="cec8e838-5451-2a86-db1e-5de14ad9804c" executionId="b199218a-8e06-4abb-8807-7318fb3ae880" testListId="8c84fa94-04c1-424b-9868-57a2d4851a1d" />
    <TestEntry testId="ccd4c932-333c-882b-c126-06d1ad778550" executionId="0223466e-8257-4c42-9146-35713b70fcab" testListId="8c84fa94-04c1-424b-9868-57a2d4851a1d" />
    <TestEntry testId="fa860a25-9f76-25a8-9a76-b7824318caf2" executionId="ed6a1e39-9ff7-4f33-a4c3-c140c75ed3ea" testListId="8c84fa94-04c1-424b-9868-57a2d4851a1d" />
    <TestEntry testId="99564a9c-de8e-bba7-fce2-1855da9f00d6" executionId="87fc4ada-2a42-40a4-a7a4-aa596b097837" testListId="8c84fa94-04c1-424b-9868-57a2d4851a1d" />
    <TestEntry testId="713cc4f0-5833-4981-89c3-33f67d49e215" executionId="f39ca192-0619-46cc-825d-cae0e85178ac" testListId="8c84fa94-04c1-424b-9868-57a2d4851a1d" />
    <TestEntry testId="59a57370-8637-253e-de19-a484c9442cbd" executionId="81ce66ca-1894-4976-b5c7-6bad78c16e9d" testListId="8c84fa94-04c1-424b-9868-57a2d4851a1d" />
    <TestEntry testId="1994ae24-05cd-3449-cbf7-9654aa01ed73" executionId="235480ea-b39e-4243-afca-74b17073459c" testListId="8c84fa94-04c1-424b-9868-57a2d4851a1d" />
    <TestEntry testId="89814799-e32a-55bb-8345-b24b3f8784f3" executionId="204526ee-7578-415f-be39-fb17a03616f0" testListId="8c84fa94-04c1-424b-9868-57a2d4851a1d" />
  </TestEntries>
  <TestLists>
    <TestList name="Results Not in a List" id="8c84fa94-04c1-424b-9868-57a2d4851a1d" />
    <TestList name="All Loaded Results" id="19431567-8539-422a-85d7-44ee4e166bda" />
  </TestLists>
  <ResultSummary outcome="Completed">
    <Counters total="48" executed="48" passed="48" failed="0" error="0" timeout="0" aborted="0" inconclusive="0" passedButRunAborted="0" notRunnable="0" notExecuted="0" disconnected="0" warning="0" completed="0" inProgress="0" pending="0" />
  </ResultSummary>
</TestRun>