<?xml version="1.0" encoding="utf-8"?>
<TestRun id="8817e59a-4e01-443e-b41e-0c9da3a95488" name="runneradmin@runnervm0hlvn 2025-08-31 02:23:16" runUser="runnervm0hlvn\runneradmin" xmlns="http://microsoft.com/schemas/VisualStudio/TeamTest/2010">
  <Times creation="2025-08-31T02:23:16.5751554+00:00" queuing="2025-08-31T02:23:16.5751556+00:00" start="2025-08-31T02:23:15.9976912+00:00" finish="2025-08-31T02:23:16.6147045+00:00" />
  <TestSettings name="default" id="485651de-16ca-439a-af3e-fa04ce0c1593">
    <Deployment runDeploymentRoot="runneradmin_runnervm0hlvn_2025-08-31_02_23_16" />
  </TestSettings>
  <Results>
    <UnitTestResult executionId="2e6572df-bbc6-448c-b1c9-40b3d80bf2ec" testId="c70cdfcc-fe0e-0a22-3f91-3f78bf225323" testName="TestGetRasterDocument (Epub2)" computerName="runnervm0hlvn" duration="00:00:00.0004781" startTime="2025-08-31T02:23:16.5562657+00:00" endTime="2025-08-31T02:23:16.5574464+00:00" testType="13cdc9d9-ddb5-4fa4-a97d-d965ccfc6d4b" outcome="Passed" testListId="8c84fa94-04c1-424b-9868-57a2d4851a1d" relativeResultsDirectory="2e6572df-bbc6-448c-b1c9-40b3d80bf2ec" />
    <UnitTestResult executionId="58a979c1-e7a5-4176-b51b-35e021b58bb2" testId="3f9f394b-3398-3cc3-37cc-56417e5a89b6" testName="TestAddCreator (Epub3,[&quot;aut&quot;,&quot;ill&quot;],&quot;epub3_two_roles.opf&quot;)" computerName="runnervm0hlvn" duration="00:00:00.0000679" startTime="2025-08-31T02:23:16.5366521+00:00" endTime="2025-08-31T02:23:16.5367775+00:00" testType="13cdc9d9-ddb5-4fa4-a97d-d965ccfc6d4b" outcome="Passed" testListId="8c84fa94-04c1-424b-9868-57a2d4851a1d" relativeResultsDirectory="58a979c1-e7a5-4176-b51b-35e021b58bb2" />
    <UnitTestResult executionId="cc53de9e-004a-432a-8a68-522918cd70cf" testId="49fbec17-8a99-3521-2b8d-bc34471c898c" testName="TestAddPrePaginated (Epub2)" computerName="runnervm0hlvn" duration="00:00:00.0001861" startTime="2025-08-31T02:23:16.5401118+00:00" endTime="2025-08-31T02:23:16.5403563+00:00" testType="13cdc9d9-ddb5-4fa4-a97d-d965ccfc6d4b" outcome="Passed" testListId="8c84fa94-04c1-424b-9868-57a2d4851a1d" relativeResultsDirectory="cc53de9e-004a-432a-8a68-522918cd70cf" />
    <UnitTestResult executionId="0ef365b4-d68d-4c6d-bbe1-1e7053bf3741" testId="d677c7f0-fd98-db4b-f256-9d5a40eeb450" testName="TestAddCreator (Epub3,[],&quot;epub3_no_roles.opf&quot;)" computerName="runnervm0hlvn" duration="00:00:00.0005935" startTime="2025-08-31T02:23:16.5353266+00:00" endTime="2025-08-31T02:23:16.5359904+00:00" testType="13cdc9d9-ddb5-4fa4-a97d-d965ccfc6d4b" outcome="Passed" testListId="8c84fa94-04c1-424b-9868-57a2d4851a1d" relativeResultsDirectory="0ef365b4-d68d-4c6d-bbe1-1e7053bf3741" />
    <UnitTestResult executionId="50e7cf61-f956-46bd-8540-e633b7db7b4e" testId="b00da7e2-1034-9a94-bdb6-4d0dec2ca4dd" testName="TestAddLeftToRight (Epub3,&quot;epub3_ltr.opf&quot;)" computerName="runnervm0hlvn" duration="00:00:00.0001853" startTime="2025-08-31T02:23:16.5435194+00:00" endTime="2025-08-31T02:23:16.5437643+00:00" testType="13cdc9d9-ddb5-4fa4-a97d-d965ccfc6d4b" outcome="Passed" testListId="8c84fa94-04c1-424b-9868-57a2d4851a1d" relativeResultsDirectory="50e7cf61-f956-46bd-8540-e633b7db7b4e" />
    <UnitTestResult executionId="ffdfe559-20a3-4ccd-ad6f-1d0559e203d2" testId="8a1e305d-837e-e2ab-0677-efc86659bf91" testName="TestGetContainerXmlDocument (Epub3)" computerName="runnervm0hlvn" duration="00:00:00.0003207" startTime="2025-08-31T02:23:16.5537303+00:00" endTime="2025-08-31T02:23:16.5541279+00:00" testType="13cdc9d9-ddb5-4fa4-a97d-d965ccfc6d4b" outcome="Passed" testListId="8c84fa94-04c1-424b-9868-57a2d4851a1d" relativeResultsDirectory="ffdfe559-20a3-4ccd-ad6f-1d0559e203d2" />
    <UnitTestResult executionId="1eb49127-4c02-49b6-a683-bd2cf64823f5" testId="a1bdf61b-cabc-642a-7abf-89a752dec9e4" testName="TestAddItemToManifest (Epub2,&quot;cover.jpg&quot;,null,null,&quot;epub2_noproperties_noid.opf&quot;)" computerName="runnervm0hlvn" duration="00:00:00.0000623" startTime="2025-08-31T02:23:16.5024329+00:00" endTime="2025-08-31T02:23:16.5025594+00:00" testType="13cdc9d9-ddb5-4fa4-a97d-d965ccfc6d4b" outcome="Passed" testListId="8c84fa94-04c1-424b-9868-57a2d4851a1d" relativeResultsDirectory="1eb49127-4c02-49b6-a683-bd2cf64823f5" />
    <UnitTestResult executionId="e3c42d4c-9726-4e2b-ba4a-ad1992253076" testId="fa860a25-9f76-25a8-9a76-b7824318caf2" testName="TestAddLeftToRight (Epub2,&quot;epub2_ltr.opf&quot;)" computerName="runnervm0hlvn" duration="00:00:00.0002017" startTime="2025-08-31T02:23:16.5437893+00:00" endTime="2025-08-31T02:23:16.5440462+00:00" testType="13cdc9d9-ddb5-4fa4-a97d-d965ccfc6d4b" outcome="Passed" testListId="8c84fa94-04c1-424b-9868-57a2d4851a1d" relativeResultsDirectory="e3c42d4c-9726-4e2b-ba4a-ad1992253076" />
    <UnitTestResult executionId="630b5275-02cb-44e7-80c8-3cdd7dfffec3" testId="1994ae24-05cd-3449-cbf7-9654aa01ed73" testName="TestAddItemToManifest (Epub3,&quot;cover.jpg&quot;,null,null,&quot;epub3_noproperties_noid.opf&quot;)" computerName="runnervm0hlvn" duration="00:00:00.0001482" startTime="2025-08-31T02:23:16.5021950+00:00" endTime="2025-08-31T02:23:16.5024081+00:00" testType="13cdc9d9-ddb5-4fa4-a97d-d965ccfc6d4b" outcome="Passed" testListId="8c84fa94-04c1-424b-9868-57a2d4851a1d" relativeResultsDirectory="630b5275-02cb-44e7-80c8-3cdd7dfffec3" />
    <UnitTestResult executionId="232de5a3-67ac-45a9-9931-bc3f876c9374" testId="f188e44f-a366-01fc-679d-e6a774f27a0b" testName="TestAddReferenceToGuide (Epub2)" computerName="runnervm0hlvn" duration="00:00:00.0003706" startTime="2025-08-31T02:23:16.4991387+00:00" endTime="2025-08-31T02:23:16.5004030+00:00" testType="13cdc9d9-ddb5-4fa4-a97d-d965ccfc6d4b" outcome="Passed" testListId="8c84fa94-04c1-424b-9868-57a2d4851a1d" relativeResultsDirectory="232de5a3-67ac-45a9-9931-bc3f876c9374" />
    <UnitTestResult executionId="d1062734-14cb-46ae-af1c-ad24afd01057" testId="10c6e40c-daca-4950-6019-a3a7ec88eb82" testName="TestAddIdentifier (Epub3)" computerName="runnervm0hlvn" duration="00:00:00.0004000" startTime="2025-08-31T02:23:16.5491613+00:00" endTime="2025-08-31T02:23:16.5496375+00:00" testType="13cdc9d9-ddb5-4fa4-a97d-d965ccfc6d4b" outcome="Passed" testListId="8c84fa94-04c1-424b-9868-57a2d4851a1d" relativeResultsDirectory="d1062734-14cb-46ae-af1c-ad24afd01057" />
    <UnitTestResult executionId="7601546d-2bc3-478d-92dc-2b81939f2575" testId="924b8454-c381-318c-99e1-35856fc01e42" testName="TestAddItemToSpine (Epub2,&quot;page-spread-left&quot;,&quot;epub2_properties.opf&quot;)" computerName="runnervm0hlvn" duration="00:00:00.0002816" startTime="2025-08-31T02:23:16.5414167+00:00" endTime="2025-08-31T02:23:16.5417603+00:00" testType="13cdc9d9-ddb5-4fa4-a97d-d965ccfc6d4b" outcome="Passed" testListId="8c84fa94-04c1-424b-9868-57a2d4851a1d" relativeResultsDirectory="7601546d-2bc3-478d-92dc-2b81939f2575" />
    <UnitTestResult executionId="06a60fcb-ddca-4e5b-9543-344e7aaa7f18" testId="5d4d5230-0e25-87c0-4af6-2de9a7c4c4a1" testName="TestAddTitle (Epub2)" computerName="runnervm0hlvn" duration="00:00:00.0001784" startTime="2025-08-31T02:23:16.5503044+00:00" endTime="2025-08-31T02:23:16.5505361+00:00" testType="13cdc9d9-ddb5-4fa4-a97d-d965ccfc6d4b" outcome="Passed" testListId="8c84fa94-04c1-424b-9868-57a2d4851a1d" relativeResultsDirectory="06a60fcb-ddca-4e5b-9543-344e7aaa7f18" />
    <UnitTestResult executionId="11b865b8-2b9f-443f-892e-abf00f626368" testId="de5c320f-e3e6-6348-70fb-6545025c4cd1" testName="TestAddItemToLandmarks (Epub2)" computerName="runnervm0hlvn" duration="00:00:00.0001981" startTime="2025-08-31T02:23:16.5488772+00:00" endTime="2025-08-31T02:23:16.5491354+00:00" testType="13cdc9d9-ddb5-4fa4-a97d-d965ccfc6d4b" outcome="Passed" testListId="8c84fa94-04c1-424b-9868-57a2d4851a1d" relativeResultsDirectory="11b865b8-2b9f-443f-892e-abf00f626368" />
    <UnitTestResult executionId="27d7c319-5b19-406a-b162-785a04c4df9b" testId="e6a52e6f-b4f1-a194-00bd-8dca39600023" testName="TestAddCreator (Epub2,[&quot;aut&quot;,&quot;ill&quot;],&quot;epub2_two_roles.opf&quot;)" computerName="runnervm0hlvn" duration="00:00:00.0000684" startTime="2025-08-31T02:23:16.5367991+00:00" endTime="2025-08-31T02:23:16.5369216+00:00" testType="13cdc9d9-ddb5-4fa4-a97d-d965ccfc6d4b" outcome="Passed" testListId="8c84fa94-04c1-424b-9868-57a2d4851a1d" relativeResultsDirectory="27d7c319-5b19-406a-b162-785a04c4df9b" />
    <UnitTestResult executionId="d0ffb31a-7119-459f-9b59-24f462187a01" testId="89814799-e32a-55bb-8345-b24b3f8784f3" testName="TestAddRightToLeft (Epub3,&quot;epub3_rtl.opf&quot;)" computerName="runnervm0hlvn" duration="00:00:00.0001726" startTime="2025-08-31T02:23:16.5440745+00:00" endTime="2025-08-31T02:23:16.5443043+00:00" testType="13cdc9d9-ddb5-4fa4-a97d-d965ccfc6d4b" outcome="Passed" testListId="8c84fa94-04c1-424b-9868-57a2d4851a1d" relativeResultsDirectory="d0ffb31a-7119-459f-9b59-24f462187a01" />
    <UnitTestResult executionId="935ffcbc-ba1b-452b-957b-4a8f300654be" testId="dfff1bb5-cf96-7b7e-3f4f-13e2e3d017dd" testName="TestAddIdentifier (Epub3)" computerName="runnervm0hlvn" duration="00:00:00.0003843" startTime="2025-08-31T02:23:16.5025810+00:00" endTime="2025-08-31T02:23:16.5030420+00:00" testType="13cdc9d9-ddb5-4fa4-a97d-d965ccfc6d4b" outcome="Passed" testListId="8c84fa94-04c1-424b-9868-57a2d4851a1d" relativeResultsDirectory="935ffcbc-ba1b-452b-957b-4a8f300654be" />
    <UnitTestResult executionId="d163c5c9-671b-4ddd-b2d6-eb49aeb78951" testId="ccd4c932-333c-882b-c126-06d1ad778550" testName="TestAddItemToManifest (Epub3,&quot;cover.jpg&quot;,&quot;cover-image&quot;,&quot;cover-id&quot;,&quot;epub3_properties_id.opf&quot;)" computerName="runnervm0hlvn" duration="00:00:00.0010195" startTime="2025-08-31T02:23:16.5006388+00:00" endTime="2025-08-31T02:23:16.5017583+00:00" testType="13cdc9d9-ddb5-4fa4-a97d-d965ccfc6d4b" outcome="Passed" testListId="8c84fa94-04c1-424b-9868-57a2d4851a1d" relativeResultsDirectory="d163c5c9-671b-4ddd-b2d6-eb49aeb78951" />
    <UnitTestResult executionId="7e5c5194-b96d-4a35-b172-2af5f6049896" testId="59a57370-8637-253e-de19-a484c9442cbd" testName="TestAddItemToSpine (Epub3,null,&quot;epub3_noproperties.opf&quot;)" computerName="runnervm0hlvn" duration="00:00:00.0000709" startTime="2025-08-31T02:23:16.5417857+00:00" endTime="2025-08-31T02:23:16.5419203+00:00" testType="13cdc9d9-ddb5-4fa4-a97d-d965ccfc6d4b" outcome="Passed" testListId="8c84fa94-04c1-424b-9868-57a2d4851a1d" relativeResultsDirectory="7e5c5194-b96d-4a35-b172-2af5f6049896" />
    <UnitTestResult executionId="c794a15b-b3a6-42b9-8a3d-811a74a32a97" testId="5a4b4514-f7a8-ec80-0b2e-cc4f1e3225c9" testName="TestAddItemToLandmarks (Epub3)" computerName="runnervm0hlvn" duration="00:00:00.0003791" startTime="2025-08-31T02:23:16.5484062+00:00" endTime="2025-08-31T02:23:16.5488472+00:00" testType="13cdc9d9-ddb5-4fa4-a97d-d965ccfc6d4b" outcome="Passed" testListId="8c84fa94-04c1-424b-9868-57a2d4851a1d" relativeResultsDirectory="c794a15b-b3a6-42b9-8a3d-811a74a32a97" />
    <UnitTestResult executionId="eaf0a3f3-29a1-4f20-98b6-fac16313d5d9" testId="55b94eb4-b768-e9e6-66cb-0b4726f406c0" testName="TestAddTitle (Epub3)" computerName="runnervm0hlvn" duration="00:00:00.0002931" startTime="2025-08-31T02:23:16.5034100+00:00" endTime="2025-08-31T02:23:16.5037595+00:00" testType="13cdc9d9-ddb5-4fa4-a97d-d965ccfc6d4b" outcome="Passed" testListId="8c84fa94-04c1-424b-9868-57a2d4851a1d" relativeResultsDirectory="eaf0a3f3-29a1-4f20-98b6-fac16313d5d9" />
    <UnitTestResult executionId="612c9821-c140-4ef1-9893-656a8faac124" testId="3f3cfbdc-7778-44fe-127e-9e051a2f1aa2" testName="TestAddNavItem (Epub2)" computerName="runnervm0hlvn" duration="00:00:00.0008811" startTime="2025-08-31T02:23:16.5465670+00:00" endTime="2025-08-31T02:23:16.5475084+00:00" testType="13cdc9d9-ddb5-4fa4-a97d-d965ccfc6d4b" outcome="Passed" testListId="8c84fa94-04c1-424b-9868-57a2d4851a1d" relativeResultsDirectory="612c9821-c140-4ef1-9893-656a8faac124" />
    <UnitTestResult executionId="86c7851b-d69f-44f2-9742-a2a378795c61" testId="96bd8760-c7b7-81b8-4f89-ec6ccc94ca0b" testName="TestAddNcx (Epub3,&quot;epub3_ncx.opf&quot;)" computerName="runnervm0hlvn" duration="00:00:00.0001735" startTime="2025-08-31T02:23:16.5429791+00:00" endTime="2025-08-31T02:23:16.5432044+00:00" testType="13cdc9d9-ddb5-4fa4-a97d-d965ccfc6d4b" outcome="Passed" testListId="8c84fa94-04c1-424b-9868-57a2d4851a1d" relativeResultsDirectory="86c7851b-d69f-44f2-9742-a2a378795c61" />
    <UnitTestResult executionId="5c69a4fa-b601-4aad-9817-576b31e6ca01" testId="99a6b07e-6c4a-175c-f49d-3d815f9e4c5a" testName="TestAddItemToSpine (Epub2,null,&quot;epub2_noproperties.opf&quot;)" computerName="runnervm0hlvn" duration="00:00:00.0000678" startTime="2025-08-31T02:23:16.5428215+00:00" endTime="2025-08-31T02:23:16.5429550+00:00" testType="13cdc9d9-ddb5-4fa4-a97d-d965ccfc6d4b" outcome="Passed" testListId="8c84fa94-04c1-424b-9868-57a2d4851a1d" relativeResultsDirectory="5c69a4fa-b601-4aad-9817-576b31e6ca01" />
    <UnitTestResult executionId="40e42e44-68a0-480c-ad43-4309ce7650b1" testId="6191621d-615a-32f8-fd79-90783c02b94b" testName="TestAddDate (Epub3)" computerName="runnervm0hlvn" duration="00:00:00.0006802" startTime="2025-08-31T02:23:16.5386990+00:00" endTime="2025-08-31T02:23:16.5394458+00:00" testType="13cdc9d9-ddb5-4fa4-a97d-d965ccfc6d4b" outcome="Passed" testListId="8c84fa94-04c1-424b-9868-57a2d4851a1d" relativeResultsDirectory="40e42e44-68a0-480c-ad43-4309ce7650b1" />
    <UnitTestResult executionId="f03f3811-8cec-4d22-afe5-f73135b9b353" testId="04965b1d-7fcd-a172-3bd8-f962f6396ef1" testName="TestAddNavItem (Epub3)" computerName="runnervm0hlvn" duration="00:00:00.0027711" startTime="2025-08-31T02:23:16.5505615+00:00" endTime="2025-08-31T02:23:16.5533889+00:00" testType="13cdc9d9-ddb5-4fa4-a97d-d965ccfc6d4b" outcome="Passed" testListId="8c84fa94-04c1-424b-9868-57a2d4851a1d" relativeResultsDirectory="f03f3811-8cec-4d22-afe5-f73135b9b353" />
    <UnitTestResult executionId="79262898-6262-49c3-a9d3-c781e568491c" testId="0979f8bb-ea3f-cc84-8b49-708bff499cd7" testName="TestAddItemToManifest (Epub2,&quot;cover.jpg&quot;,&quot;cover-image&quot;,&quot;cover-id&quot;,&quot;epub2_properties_id.opf&quot;)" computerName="runnervm0hlvn" duration="00:00:00.0003153" startTime="2025-08-31T02:23:16.5017898+00:00" endTime="2025-08-31T02:23:16.5021692+00:00" testType="13cdc9d9-ddb5-4fa4-a97d-d965ccfc6d4b" outcome="Passed" testListId="8c84fa94-04c1-424b-9868-57a2d4851a1d" relativeResultsDirectory="79262898-6262-49c3-a9d3-c781e568491c" />
    <UnitTestResult executionId="fbb425aa-fcb3-4256-8964-e4d4bc680246" testId="594caead-0457-af95-78db-f11df6a0960a" testName="TestAddIdentifier (Epub2)" computerName="runnervm0hlvn" duration="00:00:00.0002798" startTime="2025-08-31T02:23:16.5496724+00:00" endTime="2025-08-31T02:23:16.5500150+00:00" testType="13cdc9d9-ddb5-4fa4-a97d-d965ccfc6d4b" outcome="Passed" testListId="8c84fa94-04c1-424b-9868-57a2d4851a1d" relativeResultsDirectory="fbb425aa-fcb3-4256-8964-e4d4bc680246" />
    <UnitTestResult executionId="8f5d83d7-8838-44fd-9f8c-59c23663a77d" testId="b9126755-0e48-3338-5d7f-d91de59b1147" testName="TestAddModified (Epub2)" computerName="runnervm0hlvn" duration="00:00:00.0001815" startTime="2025-08-31T02:23:16.5407446+00:00" endTime="2025-08-31T02:23:16.5409838+00:00" testType="13cdc9d9-ddb5-4fa4-a97d-d965ccfc6d4b" outcome="Passed" testListId="8c84fa94-04c1-424b-9868-57a2d4851a1d" relativeResultsDirectory="8f5d83d7-8838-44fd-9f8c-59c23663a77d" />
    <UnitTestResult executionId="cf95f7ce-25a1-4c06-b759-57fdf8ebe0c8" testId="9df8c1b1-aaf4-5545-12dd-5ce8d49b25cf" testName="TestAddPrePaginated (Epub3)" computerName="runnervm0hlvn" duration="00:00:00.0002555" startTime="2025-08-31T02:23:16.5397641+00:00" endTime="2025-08-31T02:23:16.5400860+00:00" testType="13cdc9d9-ddb5-4fa4-a97d-d965ccfc6d4b" outcome="Passed" testListId="8c84fa94-04c1-424b-9868-57a2d4851a1d" relativeResultsDirectory="cf95f7ce-25a1-4c06-b759-57fdf8ebe0c8" />
    <UnitTestResult executionId="c5795a16-22ef-408c-8d65-07d6ee655aae" testId="cec8e838-5451-2a86-db1e-5de14ad9804c" testName="TestAddDate (Epub2)" computerName="runnervm0hlvn" duration="00:00:00.0002069" startTime="2025-08-31T02:23:16.5394762+00:00" endTime="2025-08-31T02:23:16.5397389+00:00" testType="13cdc9d9-ddb5-4fa4-a97d-d965ccfc6d4b" outcome="Passed" testListId="8c84fa94-04c1-424b-9868-57a2d4851a1d" relativeResultsDirectory="c5795a16-22ef-408c-8d65-07d6ee655aae" />
    <UnitTestResult executionId="da36c862-64ef-435f-b430-6c80dc7b067f" testId="e0b26bfd-5e10-47a7-5708-ed4ae0f6f17a" testName="TestAddTitle (Epub3)" computerName="runnervm0hlvn" duration="00:00:00.0001807" startTime="2025-08-31T02:23:16.5500407+00:00" endTime="2025-08-31T02:23:16.5502758+00:00" testType="13cdc9d9-ddb5-4fa4-a97d-d965ccfc6d4b" outcome="Passed" testListId="8c84fa94-04c1-424b-9868-57a2d4851a1d" relativeResultsDirectory="da36c862-64ef-435f-b430-6c80dc7b067f" />
    <UnitTestResult executionId="59d5f26c-63ef-42aa-91f1-55d725f2593c" testId="c721fbc4-4b7f-c0df-d55e-177b347e9a92" testName="TestAddCreator (Epub3,[&quot;aut&quot;],&quot;epub3_one_role.opf&quot;)" computerName="runnervm0hlvn" duration="00:00:00.0000740" startTime="2025-08-31T02:23:16.5363413+00:00" endTime="2025-08-31T02:23:16.5364766+00:00" testType="13cdc9d9-ddb5-4fa4-a97d-d965ccfc6d4b" outcome="Passed" testListId="8c84fa94-04c1-424b-9868-57a2d4851a1d" relativeResultsDirectory="59d5f26c-63ef-42aa-91f1-55d725f2593c" />
    <UnitTestResult executionId="32135bb5-9b31-43b0-8ef4-3309d8c3e05c" testId="99564a9c-de8e-bba7-fce2-1855da9f00d6" testName="TestAddNcx (Epub2,&quot;epub2_ncx.opf&quot;)" computerName="runnervm0hlvn" duration="00:00:00.0002057" startTime="2025-08-31T02:23:16.5432289+00:00" endTime="2025-08-31T02:23:16.5434937+00:00" testType="13cdc9d9-ddb5-4fa4-a97d-d965ccfc6d4b" outcome="Passed" testListId="8c84fa94-04c1-424b-9868-57a2d4851a1d" relativeResultsDirectory="32135bb5-9b31-43b0-8ef4-3309d8c3e05c" />
    <UnitTestResult executionId="0d1c50f9-64dc-46bc-8ae1-e29eb87552af" testId="b3961dcc-7a38-2113-9639-b9147b073687" testName="TestAddTitle (Epub2)" computerName="runnervm0hlvn" duration="00:00:00.0002027" startTime="2025-08-31T02:23:16.5344543+00:00" endTime="2025-08-31T02:23:16.5347280+00:00" testType="13cdc9d9-ddb5-4fa4-a97d-d965ccfc6d4b" outcome="Passed" testListId="8c84fa94-04c1-424b-9868-57a2d4851a1d" relativeResultsDirectory="0d1c50f9-64dc-46bc-8ae1-e29eb87552af" />
    <UnitTestResult executionId="258efcdf-50d4-4c76-ab85-b29df8327fb7" testId="8c9e771c-c83f-550a-cb50-0b2a7179104c" testName="TestAddItemToSpine (Epub3,&quot;page-spread-left&quot;,&quot;epub3_properties.opf&quot;)" computerName="runnervm0hlvn" duration="00:00:00.0002834" startTime="2025-08-31T02:23:16.5410097+00:00" endTime="2025-08-31T02:23:16.5413909+00:00" testType="13cdc9d9-ddb5-4fa4-a97d-d965ccfc6d4b" outcome="Passed" testListId="8c84fa94-04c1-424b-9868-57a2d4851a1d" relativeResultsDirectory="258efcdf-50d4-4c76-ab85-b29df8327fb7" />
    <UnitTestResult executionId="c958911c-38bf-4a01-8a7b-52bde7f566de" testId="713cc4f0-5833-4981-89c3-33f67d49e215" testName="TestAddLanguage (Epub2)" computerName="runnervm0hlvn" duration="00:00:00.0001887" startTime="2025-08-31T02:23:16.5350582+00:00" endTime="2025-08-31T02:23:16.5353014+00:00" testType="13cdc9d9-ddb5-4fa4-a97d-d965ccfc6d4b" outcome="Passed" testListId="8c84fa94-04c1-424b-9868-57a2d4851a1d" relativeResultsDirectory="c958911c-38bf-4a01-8a7b-52bde7f566de" />
    <UnitTestResult executionId="40e100d7-0f63-4bdf-9a86-aa2231257378" testId="8d1ae0de-2769-faaf-9dcf-e6f047c0d5f3" testName="TestAddIdentifier (Epub2)" computerName="runnervm0hlvn" duration="00:00:00.0002583" startTime="2025-08-31T02:23:16.5030673+00:00" endTime="2025-08-31T02:23:16.5033809+00:00" testType="13cdc9d9-ddb5-4fa4-a97d-d965ccfc6d4b" outcome="Passed" testListId="8c84fa94-04c1-424b-9868-57a2d4851a1d" relativeResultsDirectory="40e100d7-0f63-4bdf-9a86-aa2231257378" />
    <UnitTestResult executionId="5c1128af-f6ad-4293-b2ca-f9761779c98f" testId="265f5716-a8e8-4a3d-7578-667e80e2b50e" testName="TestAddLanguage (Epub3)" computerName="runnervm0hlvn" duration="00:00:00.0002114" startTime="2025-08-31T02:23:16.5347584+00:00" endTime="2025-08-31T02:23:16.5350298+00:00" testType="13cdc9d9-ddb5-4fa4-a97d-d965ccfc6d4b" outcome="Passed" testListId="8c84fa94-04c1-424b-9868-57a2d4851a1d" relativeResultsDirectory="5c1128af-f6ad-4293-b2ca-f9761779c98f" />
    <UnitTestResult executionId="1aa6d303-15b3-4316-b1f6-f1b7f815edbd" testId="e4cbb751-c512-8650-1a17-2e8ac57a05f2" testName="TestAddModified (Epub3)" computerName="runnervm0hlvn" duration="00:00:00.0002787" startTime="2025-08-31T02:23:16.5403823+00:00" endTime="2025-08-31T02:23:16.5407166+00:00" testType="13cdc9d9-ddb5-4fa4-a97d-d965ccfc6d4b" outcome="Passed" testListId="8c84fa94-04c1-424b-9868-57a2d4851a1d" relativeResultsDirectory="1aa6d303-15b3-4316-b1f6-f1b7f815edbd" />
    <UnitTestResult executionId="65f2826a-6eac-4e37-836e-39697a0dd7be" testId="c0800344-f0ec-fd64-7ee2-f71e18c8af14" testName="TestAddNavItem (Epub3)" computerName="runnervm0hlvn" duration="00:00:00.0018539" startTime="2025-08-31T02:23:16.5446131+00:00" endTime="2025-08-31T02:23:16.5465408+00:00" testType="13cdc9d9-ddb5-4fa4-a97d-d965ccfc6d4b" outcome="Passed" testListId="8c84fa94-04c1-424b-9868-57a2d4851a1d" relativeResultsDirectory="65f2826a-6eac-4e37-836e-39697a0dd7be" />
    <UnitTestResult executionId="92979d5c-f2a6-4f61-bca5-e412a142c8f4" testId="44da78d8-904e-d616-f174-2b6a9767cdcb" testName="TestAddReferenceToGuide (Epub3)" computerName="runnervm0hlvn" duration="00:00:00.0237176" startTime="2025-08-31T02:23:16.4566854+00:00" endTime="2025-08-31T02:23:16.4952828+00:00" testType="13cdc9d9-ddb5-4fa4-a97d-d965ccfc6d4b" outcome="Passed" testListId="8c84fa94-04c1-424b-9868-57a2d4851a1d" relativeResultsDirectory="92979d5c-f2a6-4f61-bca5-e412a142c8f4" />
    <UnitTestResult executionId="40153bc5-b925-4594-8f12-1c3a7581d36f" testId="4560ec12-e47b-78e1-23c7-f98e322348ee" testName="TestGetContainerXmlDocument (Epub2)" computerName="runnervm0hlvn" duration="00:00:00.0002604" startTime="2025-08-31T02:23:16.5550129+00:00" endTime="2025-08-31T02:23:16.5553353+00:00" testType="13cdc9d9-ddb5-4fa4-a97d-d965ccfc6d4b" outcome="Passed" testListId="8c84fa94-04c1-424b-9868-57a2d4851a1d" relativeResultsDirectory="40153bc5-b925-4594-8f12-1c3a7581d36f" />
    <UnitTestResult executionId="b7bbb98a-1d61-4c50-bac6-fcffb6922210" testId="415fc078-5627-2006-e301-3bb2cb96ae2b" testName="TestAddCreator (Epub2,[],&quot;epub2_no_roles.opf&quot;)" computerName="runnervm0hlvn" duration="00:00:00.0002302" startTime="2025-08-31T02:23:16.5360162+00:00" endTime="2025-08-31T02:23:16.5363130+00:00" testType="13cdc9d9-ddb5-4fa4-a97d-d965ccfc6d4b" outcome="Passed" testListId="8c84fa94-04c1-424b-9868-57a2d4851a1d" relativeResultsDirectory="b7bbb98a-1d61-4c50-bac6-fcffb6922210" />
    <UnitTestResult executionId="05fe46ea-aa93-47b8-ace2-13cc111390c3" testId="693b69fd-81f0-56fd-8f17-ee56b4f8d96d" testName="TestAddNavItem (Epub2)" computerName="runnervm0hlvn" duration="00:00:00.0002259" startTime="2025-08-31T02:23:16.5534155+00:00" endTime="2025-08-31T02:23:16.5537041+00:00" testType="13cdc9d9-ddb5-4fa4-a97d-d965ccfc6d4b" outcome="Passed" testListId="8c84fa94-04c1-424b-9868-57a2d4851a1d" relativeResultsDirectory="05fe46ea-aa93-47b8-ace2-13cc111390c3" />
    <UnitTestResult executionId="ee365de4-58f8-41af-9462-0288ad8acdd5" testId="40fccafb-603f-db2e-52f5-0e6854d614d2" testName="TestAddRightToLeft (Epub2,&quot;epub2_rtl.opf&quot;)" computerName="runnervm0hlvn" duration="00:00:00.0002003" startTime="2025-08-31T02:23:16.5443294+00:00" endTime="2025-08-31T02:23:16.5445874+00:00" testType="13cdc9d9-ddb5-4fa4-a97d-d965ccfc6d4b" outcome="Passed" testListId="8c84fa94-04c1-424b-9868-57a2d4851a1d" relativeResultsDirectory="ee365de4-58f8-41af-9462-0288ad8acdd5" />
    <UnitTestResult executionId="30fba8a7-5798-40a0-b06c-647cd644e584" testId="78e4846a-98ff-e3e6-be1b-f68ce6653ef7" testName="TestAddCreator (Epub2,[&quot;aut&quot;],&quot;epub2_one_role.opf&quot;)" computerName="runnervm0hlvn" duration="00:00:00.0000727" startTime="2025-08-31T02:23:16.5365019+00:00" endTime="2025-08-31T02:23:16.5366285+00:00" testType="13cdc9d9-ddb5-4fa4-a97d-d965ccfc6d4b" outcome="Passed" testListId="8c84fa94-04c1-424b-9868-57a2d4851a1d" relativeResultsDirectory="30fba8a7-5798-40a0-b06c-647cd644e584" />
    <UnitTestResult executionId="b0941797-aa71-4365-9d58-0cf2a306fbd3" testId="410eac8a-445b-ddc0-5763-81a3a18c8bb9" testName="TestGetRasterDocument (Epub3)" computerName="runnervm0hlvn" duration="00:00:00.0008021" startTime="2025-08-31T02:23:16.5553612+00:00" endTime="2025-08-31T02:23:16.5562400+00:00" testType="13cdc9d9-ddb5-4fa4-a97d-d965ccfc6d4b" outcome="Passed" testListId="8c84fa94-04c1-424b-9868-57a2d4851a1d" relativeResultsDirectory="b0941797-aa71-4365-9d58-0cf2a306fbd3" />
  </Results>
  <TestDefinitions>
    <UnitTest name="TestAddDate (Epub3)" storage="d:\a\dotnet-monorepo\dotnet-monorepo\src\artifacts\bin\epubs.tests\release_win-x64\epubs.tests.dll" id="6191621d-615a-32f8-fd79-90783c02b94b">
      <Execution id="40e42e44-68a0-480c-ad43-4309ce7650b1" />
      <TestMethod codeBase="D:\a\dotnet-monorepo\dotnet-monorepo\src\artifacts\bin\Epubs.Tests\release_win-x64\Epubs.Tests.dll" adapterTypeName="executor://mstestadapter/v2" className="Epubs.Tests.WriterTests.PackageDocumentTests.MetadataTests" name="TestAddDate" />
    </UnitTest>
    <UnitTest name="TestAddItemToSpine (Epub2,null,&quot;epub2_noproperties.opf&quot;)" storage="d:\a\dotnet-monorepo\dotnet-monorepo\src\artifacts\bin\epubs.tests\release_win-x64\epubs.tests.dll" id="99a6b07e-6c4a-175c-f49d-3d815f9e4c5a">
      <Execution id="5c69a4fa-b601-4aad-9817-576b31e6ca01" />
      <TestMethod codeBase="D:\a\dotnet-monorepo\dotnet-monorepo\src\artifacts\bin\Epubs.Tests\release_win-x64\Epubs.Tests.dll" adapterTypeName="executor://mstestadapter/v2" className="Epubs.Tests.WriterTests.PackageDocumentTests.SpineTests" name="TestAddItemToSpine" />
    </UnitTest>
    <UnitTest name="TestAddModified (Epub2)" storage="d:\a\dotnet-monorepo\dotnet-monorepo\src\artifacts\bin\epubs.tests\release_win-x64\epubs.tests.dll" id="b9126755-0e48-3338-5d7f-d91de59b1147">
      <Execution id="8f5d83d7-8838-44fd-9f8c-59c23663a77d" />
      <TestMethod codeBase="D:\a\dotnet-monorepo\dotnet-monorepo\src\artifacts\bin\Epubs.Tests\release_win-x64\Epubs.Tests.dll" adapterTypeName="executor://mstestadapter/v2" className="Epubs.Tests.WriterTests.PackageDocumentTests.MetadataTests" name="TestAddModified" />
    </UnitTest>
    <UnitTest name="TestGetRasterDocument (Epub3)" storage="d:\a\dotnet-monorepo\dotnet-monorepo\src\artifacts\bin\epubs.tests\release_win-x64\epubs.tests.dll" id="410eac8a-445b-ddc0-5763-81a3a18c8bb9">
      <Execution id="b0941797-aa71-4365-9d58-0cf2a306fbd3" />
      <TestMethod codeBase="D:\a\dotnet-monorepo\dotnet-monorepo\src\artifacts\bin\Epubs.Tests\release_win-x64\Epubs.Tests.dll" adapterTypeName="executor://mstestadapter/v2" className="Epubs.Tests.WriterTests.CoverXhtmlTests.RasterTests" name="TestGetRasterDocument" />
    </UnitTest>
    <UnitTest name="TestAddItemToSpine (Epub3,null,&quot;epub3_noproperties.opf&quot;)" storage="d:\a\dotnet-monorepo\dotnet-monorepo\src\artifacts\bin\epubs.tests\release_win-x64\epubs.tests.dll" id="59a57370-8637-253e-de19-a484c9442cbd">
      <Execution id="7e5c5194-b96d-4a35-b172-2af5f6049896" />
      <TestMethod codeBase="D:\a\dotnet-monorepo\dotnet-monorepo\src\artifacts\bin\Epubs.Tests\release_win-x64\Epubs.Tests.dll" adapterTypeName="executor://mstestadapter/v2" className="Epubs.Tests.WriterTests.PackageDocumentTests.SpineTests" name="TestAddItemToSpine" />
    </UnitTest>
    <UnitTest name="TestAddNcx (Epub3,&quot;epub3_ncx.opf&quot;)" storage="d:\a\dotnet-monorepo\dotnet-monorepo\src\artifacts\bin\epubs.tests\release_win-x64\epubs.tests.dll" id="96bd8760-c7b7-81b8-4f89-ec6ccc94ca0b">
      <Execution id="86c7851b-d69f-44f2-9742-a2a378795c61" />
      <TestMethod codeBase="D:\a\dotnet-monorepo\dotnet-monorepo\src\artifacts\bin\Epubs.Tests\release_win-x64\Epubs.Tests.dll" adapterTypeName="executor://mstestadapter/v2" className="Epubs.Tests.WriterTests.PackageDocumentTests.SpineTests" name="TestAddNcx" />
    </UnitTest>
    <UnitTest name="TestAddReferenceToGuide (Epub3)" storage="d:\a\dotnet-monorepo\dotnet-monorepo\src\artifacts\bin\epubs.tests\release_win-x64\epubs.tests.dll" id="44da78d8-904e-d616-f174-2b6a9767cdcb">
      <Execution id="92979d5c-f2a6-4f61-bca5-e412a142c8f4" />
      <TestMethod codeBase="D:\a\dotnet-monorepo\dotnet-monorepo\src\artifacts\bin\Epubs.Tests\release_win-x64\Epubs.Tests.dll" adapterTypeName="executor://mstestadapter/v2" className="Epubs.Tests.WriterTests.PackageDocumentTests.GuideTests" name="TestAddReferenceToGuide" />
    </UnitTest>
    <UnitTest name="TestAddPrePaginated (Epub3)" storage="d:\a\dotnet-monorepo\dotnet-monorepo\src\artifacts\bin\epubs.tests\release_win-x64\epubs.tests.dll" id="9df8c1b1-aaf4-5545-12dd-5ce8d49b25cf">
      <Execution id="cf95f7ce-25a1-4c06-b759-57fdf8ebe0c8" />
      <TestMethod codeBase="D:\a\dotnet-monorepo\dotnet-monorepo\src\artifacts\bin\Epubs.Tests\release_win-x64\Epubs.Tests.dll" adapterTypeName="executor://mstestadapter/v2" className="Epubs.Tests.WriterTests.PackageDocumentTests.MetadataTests" name="TestAddPrePaginated" />
    </UnitTest>
    <UnitTest name="TestAddItemToSpine (Epub2,&quot;page-spread-left&quot;,&quot;epub2_properties.opf&quot;)" storage="d:\a\dotnet-monorepo\dotnet-monorepo\src\artifacts\bin\epubs.tests\release_win-x64\epubs.tests.dll" id="924b8454-c381-318c-99e1-35856fc01e42">
      <Execution id="7601546d-2bc3-478d-92dc-2b81939f2575" />
      <TestMethod codeBase="D:\a\dotnet-monorepo\dotnet-monorepo\src\artifacts\bin\Epubs.Tests\release_win-x64\Epubs.Tests.dll" adapterTypeName="executor://mstestadapter/v2" className="Epubs.Tests.WriterTests.PackageDocumentTests.SpineTests" name="TestAddItemToSpine" />
    </UnitTest>
    <UnitTest name="TestGetRasterDocument (Epub2)" storage="d:\a\dotnet-monorepo\dotnet-monorepo\src\artifacts\bin\epubs.tests\release_win-x64\epubs.tests.dll" id="c70cdfcc-fe0e-0a22-3f91-3f78bf225323">
      <Execution id="2e6572df-bbc6-448c-b1c9-40b3d80bf2ec" />
      <TestMethod codeBase="D:\a\dotnet-monorepo\dotnet-monorepo\src\artifacts\bin\Epubs.Tests\release_win-x64\Epubs.Tests.dll" adapterTypeName="executor://mstestadapter/v2" className="Epubs.Tests.WriterTests.CoverXhtmlTests.RasterTests" name="TestGetRasterDocument" />
    </UnitTest>
    <UnitTest name="TestAddItemToManifest (Epub3,&quot;cover.jpg&quot;,null,null,&quot;epub3_noproperties_noid.opf&quot;)" storage="d:\a\dotnet-monorepo\dotnet-monorepo\src\artifacts\bin\epubs.tests\release_win-x64\epubs.tests.dll" id="1994ae24-05cd-3449-cbf7-9654aa01ed73">
      <Execution id="630b5275-02cb-44e7-80c8-3cdd7dfffec3" />
      <TestMethod codeBase="D:\a\dotnet-monorepo\dotnet-monorepo\src\artifacts\bin\Epubs.Tests\release_win-x64\Epubs.Tests.dll" adapterTypeName="executor://mstestadapter/v2" className="Epubs.Tests.WriterTests.PackageDocumentTests.ManifestTests" name="TestAddItemToManifest" />
    </UnitTest>
    <UnitTest name="TestAddItemToSpine (Epub3,&quot;page-spread-left&quot;,&quot;epub3_properties.opf&quot;)" storage="d:\a\dotnet-monorepo\dotnet-monorepo\src\artifacts\bin\epubs.tests\release_win-x64\epubs.tests.dll" id="8c9e771c-c83f-550a-cb50-0b2a7179104c">
      <Execution id="258efcdf-50d4-4c76-ab85-b29df8327fb7" />
      <TestMethod codeBase="D:\a\dotnet-monorepo\dotnet-monorepo\src\artifacts\bin\Epubs.Tests\release_win-x64\Epubs.Tests.dll" adapterTypeName="executor://mstestadapter/v2" className="Epubs.Tests.WriterTests.PackageDocumentTests.SpineTests" name="TestAddItemToSpine" />
    </UnitTest>
    <UnitTest name="TestAddLeftToRight (Epub2,&quot;epub2_ltr.opf&quot;)" storage="d:\a\dotnet-monorepo\dotnet-monorepo\src\artifacts\bin\epubs.tests\release_win-x64\epubs.tests.dll" id="fa860a25-9f76-25a8-9a76-b7824318caf2">
      <Execution id="e3c42d4c-9726-4e2b-ba4a-ad1992253076" />
      <TestMethod codeBase="D:\a\dotnet-monorepo\dotnet-monorepo\src\artifacts\bin\Epubs.Tests\release_win-x64\Epubs.Tests.dll" adapterTypeName="executor://mstestadapter/v2" className="Epubs.Tests.WriterTests.PackageDocumentTests.SpineTests" name="TestAddLeftToRight" />
    </UnitTest>
    <UnitTest name="TestAddCreator (Epub3,[],&quot;epub3_no_roles.opf&quot;)" storage="d:\a\dotnet-monorepo\dotnet-monorepo\src\artifacts\bin\epubs.tests\release_win-x64\epubs.tests.dll" id="d677c7f0-fd98-db4b-f256-9d5a40eeb450">
      <Execution id="0ef365b4-d68d-4c6d-bbe1-1e7053bf3741" />
      <TestMethod codeBase="D:\a\dotnet-monorepo\dotnet-monorepo\src\artifacts\bin\Epubs.Tests\release_win-x64\Epubs.Tests.dll" adapterTypeName="executor://mstestadapter/v2" className="Epubs.Tests.WriterTests.PackageDocumentTests.MetadataTests" name="TestAddCreator" />
    </UnitTest>
    <UnitTest name="TestAddReferenceToGuide (Epub2)" storage="d:\a\dotnet-monorepo\dotnet-monorepo\src\artifacts\bin\epubs.tests\release_win-x64\epubs.tests.dll" id="f188e44f-a366-01fc-679d-e6a774f27a0b">
      <Execution id="232de5a3-67ac-45a9-9931-bc3f876c9374" />
      <TestMethod codeBase="D:\a\dotnet-monorepo\dotnet-monorepo\src\artifacts\bin\Epubs.Tests\release_win-x64\Epubs.Tests.dll" adapterTypeName="executor://mstestadapter/v2" className="Epubs.Tests.WriterTests.PackageDocumentTests.GuideTests" name="TestAddReferenceToGuide" />
    </UnitTest>
    <UnitTest name="TestAddCreator (Epub3,[&quot;aut&quot;],&quot;epub3_one_role.opf&quot;)" storage="d:\a\dotnet-monorepo\dotnet-monorepo\src\artifacts\bin\epubs.tests\release_win-x64\epubs.tests.dll" id="c721fbc4-4b7f-c0df-d55e-177b347e9a92">
      <Execution id="59d5f26c-63ef-42aa-91f1-55d725f2593c" />
      <TestMethod codeBase="D:\a\dotnet-monorepo\dotnet-monorepo\src\artifacts\bin\Epubs.Tests\release_win-x64\Epubs.Tests.dll" adapterTypeName="executor://mstestadapter/v2" className="Epubs.Tests.WriterTests.PackageDocumentTests.MetadataTests" name="TestAddCreator" />
    </UnitTest>
    <UnitTest name="TestAddRightToLeft (Epub3,&quot;epub3_rtl.opf&quot;)" storage="d:\a\dotnet-monorepo\dotnet-monorepo\src\artifacts\bin\epubs.tests\release_win-x64\epubs.tests.dll" id="89814799-e32a-55bb-8345-b24b3f8784f3">
      <Execution id="d0ffb31a-7119-459f-9b59-24f462187a01" />
      <TestMethod codeBase="D:\a\dotnet-monorepo\dotnet-monorepo\src\artifacts\bin\Epubs.Tests\release_win-x64\Epubs.Tests.dll" adapterTypeName="executor://mstestadapter/v2" className="Epubs.Tests.WriterTests.PackageDocumentTests.SpineTests" name="TestAddRightToLeft" />
    </UnitTest>
    <UnitTest name="TestAddModified (Epub3)" storage="d:\a\dotnet-monorepo\dotnet-monorepo\src\artifacts\bin\epubs.tests\release_win-x64\epubs.tests.dll" id="e4cbb751-c512-8650-1a17-2e8ac57a05f2">
      <Execution id="1aa6d303-15b3-4316-b1f6-f1b7f815edbd" />
      <TestMethod codeBase="D:\a\dotnet-monorepo\dotnet-monorepo\src\artifacts\bin\Epubs.Tests\release_win-x64\Epubs.Tests.dll" adapterTypeName="executor://mstestadapter/v2" className="Epubs.Tests.WriterTests.PackageDocumentTests.MetadataTests" name="TestAddModified" />
    </UnitTest>
    <UnitTest name="TestAddIdentifier (Epub3)" storage="d:\a\dotnet-monorepo\dotnet-monorepo\src\artifacts\bin\epubs.tests\release_win-x64\epubs.tests.dll" id="dfff1bb5-cf96-7b7e-3f4f-13e2e3d017dd">
      <Execution id="935ffcbc-ba1b-452b-957b-4a8f300654be" />
      <TestMethod codeBase="D:\a\dotnet-monorepo\dotnet-monorepo\src\artifacts\bin\Epubs.Tests\release_win-x64\Epubs.Tests.dll" adapterTypeName="executor://mstestadapter/v2" className="Epubs.Tests.WriterTests.PackageDocumentTests.MetadataTests" name="TestAddIdentifier" />
    </UnitTest>
    <UnitTest name="TestAddItemToManifest (Epub3,&quot;cover.jpg&quot;,&quot;cover-image&quot;,&quot;cover-id&quot;,&quot;epub3_properties_id.opf&quot;)" storage="d:\a\dotnet-monorepo\dotnet-monorepo\src\artifacts\bin\epubs.tests\release_win-x64\epubs.tests.dll" id="ccd4c932-333c-882b-c126-06d1ad778550">
      <Execution id="d163c5c9-671b-4ddd-b2d6-eb49aeb78951" />
      <TestMethod codeBase="D:\a\dotnet-monorepo\dotnet-monorepo\src\artifacts\bin\Epubs.Tests\release_win-x64\Epubs.Tests.dll" adapterTypeName="executor://mstestadapter/v2" className="Epubs.Tests.WriterTests.PackageDocumentTests.ManifestTests" name="TestAddItemToManifest" />
    </UnitTest>
    <UnitTest name="TestAddTitle (Epub3)" storage="d:\a\dotnet-monorepo\dotnet-monorepo\src\artifacts\bin\epubs.tests\release_win-x64\epubs.tests.dll" id="55b94eb4-b768-e9e6-66cb-0b4726f406c0">
      <Execution id="eaf0a3f3-29a1-4f20-98b6-fac16313d5d9" />
      <TestMethod codeBase="D:\a\dotnet-monorepo\dotnet-monorepo\src\artifacts\bin\Epubs.Tests\release_win-x64\Epubs.Tests.dll" adapterTypeName="executor://mstestadapter/v2" className="Epubs.Tests.WriterTests.PackageDocumentTests.MetadataTests" name="TestAddTitle" />
    </UnitTest>
    <UnitTest name="TestAddItemToManifest (Epub2,&quot;cover.jpg&quot;,null,null,&quot;epub2_noproperties_noid.opf&quot;)" storage="d:\a\dotnet-monorepo\dotnet-monorepo\src\artifacts\bin\epubs.tests\release_win-x64\epubs.tests.dll" id="a1bdf61b-cabc-642a-7abf-89a752dec9e4">
      <Execution id="1eb49127-4c02-49b6-a683-bd2cf64823f5" />
      <TestMethod codeBase="D:\a\dotnet-monorepo\dotnet-monorepo\src\artifacts\bin\Epubs.Tests\release_win-x64\Epubs.Tests.dll" adapterTypeName="executor://mstestadapter/v2" className="Epubs.Tests.WriterTests.PackageDocumentTests.ManifestTests" name="TestAddItemToManifest" />
    </UnitTest>
    <UnitTest name="TestAddLeftToRight (Epub3,&quot;epub3_ltr.opf&quot;)" storage="d:\a\dotnet-monorepo\dotnet-monorepo\src\artifacts\bin\epubs.tests\release_win-x64\epubs.tests.dll" id="b00da7e2-1034-9a94-bdb6-4d0dec2ca4dd">
      <Execution id="50e7cf61-f956-46bd-8540-e633b7db7b4e" />
      <TestMethod codeBase="D:\a\dotnet-monorepo\dotnet-monorepo\src\artifacts\bin\Epubs.Tests\release_win-x64\Epubs.Tests.dll" adapterTypeName="executor://mstestadapter/v2" className="Epubs.Tests.WriterTests.PackageDocumentTests.SpineTests" name="TestAddLeftToRight" />
    </UnitTest>
    <UnitTest name="TestAddItemToManifest (Epub2,&quot;cover.jpg&quot;,&quot;cover-image&quot;,&quot;cover-id&quot;,&quot;epub2_properties_id.opf&quot;)" storage="d:\a\dotnet-monorepo\dotnet-monorepo\src\artifacts\bin\epubs.tests\release_win-x64\epubs.tests.dll" id="0979f8bb-ea3f-cc84-8b49-708bff499cd7">
      <Execution id="79262898-6262-49c3-a9d3-c781e568491c" />
      <TestMethod codeBase="D:\a\dotnet-monorepo\dotnet-monorepo\src\artifacts\bin\Epubs.Tests\release_win-x64\Epubs.Tests.dll" adapterTypeName="executor://mstestadapter/v2" className="Epubs.Tests.WriterTests.PackageDocumentTests.ManifestTests" name="TestAddItemToManifest" />
    </UnitTest>
    <UnitTest name="TestAddCreator (Epub2,[&quot;aut&quot;,&quot;ill&quot;],&quot;epub2_two_roles.opf&quot;)" storage="d:\a\dotnet-monorepo\dotnet-monorepo\src\artifacts\bin\epubs.tests\release_win-x64\epubs.tests.dll" id="e6a52e6f-b4f1-a194-00bd-8dca39600023">
      <Execution id="27d7c319-5b19-406a-b162-785a04c4df9b" />
      <TestMethod codeBase="D:\a\dotnet-monorepo\dotnet-monorepo\src\artifacts\bin\Epubs.Tests\release_win-x64\Epubs.Tests.dll" adapterTypeName="executor://mstestadapter/v2" className="Epubs.Tests.WriterTests.PackageDocumentTests.MetadataTests" name="TestAddCreator" />
    </UnitTest>
    <UnitTest name="TestAddCreator (Epub3,[&quot;aut&quot;,&quot;ill&quot;],&quot;epub3_two_roles.opf&quot;)" storage="d:\a\dotnet-monorepo\dotnet-monorepo\src\artifacts\bin\epubs.tests\release_win-x64\epubs.tests.dll" id="3f9f394b-3398-3cc3-37cc-56417e5a89b6">
      <Execution id="58a979c1-e7a5-4176-b51b-35e021b58bb2" />
      <TestMethod codeBase="D:\a\dotnet-monorepo\dotnet-monorepo\src\artifacts\bin\Epubs.Tests\release_win-x64\Epubs.Tests.dll" adapterTypeName="executor://mstestadapter/v2" className="Epubs.Tests.WriterTests.PackageDocumentTests.MetadataTests" name="TestAddCreator" />
    </UnitTest>
    <UnitTest name="TestAddLanguage (Epub3)" storage="d:\a\dotnet-monorepo\dotnet-monorepo\src\artifacts\bin\epubs.tests\release_win-x64\epubs.tests.dll" id="265f5716-a8e8-4a3d-7578-667e80e2b50e">
      <Execution id="5c1128af-f6ad-4293-b2ca-f9761779c98f" />
      <TestMethod codeBase="D:\a\dotnet-monorepo\dotnet-monorepo\src\artifacts\bin\Epubs.Tests\release_win-x64\Epubs.Tests.dll" adapterTypeName="executor://mstestadapter/v2" className="Epubs.Tests.WriterTests.PackageDocumentTests.MetadataTests" name="TestAddLanguage" />
    </UnitTest>
    <UnitTest name="TestAddNavItem (Epub3)" storage="d:\a\dotnet-monorepo\dotnet-monorepo\src\artifacts\bin\epubs.tests\release_win-x64\epubs.tests.dll" id="c0800344-f0ec-fd64-7ee2-f71e18c8af14">
      <Execution id="65f2826a-6eac-4e37-836e-39697a0dd7be" />
      <TestMethod codeBase="D:\a\dotnet-monorepo\dotnet-monorepo\src\artifacts\bin\Epubs.Tests\release_win-x64\Epubs.Tests.dll" adapterTypeName="executor://mstestadapter/v2" className="Epubs.Tests.WriterTests.NavigationTests.NavigationDocumentTests" name="TestAddNavItem" />
    </UnitTest>
    <UnitTest name="TestAddNavItem (Epub2)" storage="d:\a\dotnet-monorepo\dotnet-monorepo\src\artifacts\bin\epubs.tests\release_win-x64\epubs.tests.dll" id="693b69fd-81f0-56fd-8f17-ee56b4f8d96d">
      <Execution id="05fe46ea-aa93-47b8-ace2-13cc111390c3" />
      <TestMethod codeBase="D:\a\dotnet-monorepo\dotnet-monorepo\src\artifacts\bin\Epubs.Tests\release_win-x64\Epubs.Tests.dll" adapterTypeName="executor://mstestadapter/v2" className="Epubs.Tests.WriterTests.NavigationTests.NcxTests" name="TestAddNavItem" />
    </UnitTest>
    <UnitTest name="TestAddLanguage (Epub2)" storage="d:\a\dotnet-monorepo\dotnet-monorepo\src\artifacts\bin\epubs.tests\release_win-x64\epubs.tests.dll" id="713cc4f0-5833-4981-89c3-33f67d49e215">
      <Execution id="c958911c-38bf-4a01-8a7b-52bde7f566de" />
      <TestMethod codeBase="D:\a\dotnet-monorepo\dotnet-monorepo\src\artifacts\bin\Epubs.Tests\release_win-x64\Epubs.Tests.dll" adapterTypeName="executor://mstestadapter/v2" className="Epubs.Tests.WriterTests.PackageDocumentTests.MetadataTests" name="TestAddLanguage" />
    </UnitTest>
    <UnitTest name="TestAddIdentifier (Epub3)" storage="d:\a\dotnet-monorepo\dotnet-monorepo\src\artifacts\bin\epubs.tests\release_win-x64\epubs.tests.dll" id="10c6e40c-daca-4950-6019-a3a7ec88eb82">
      <Execution id="d1062734-14cb-46ae-af1c-ad24afd01057" />
      <TestMethod codeBase="D:\a\dotnet-monorepo\dotnet-monorepo\src\artifacts\bin\Epubs.Tests\release_win-x64\Epubs.Tests.dll" adapterTypeName="executor://mstestadapter/v2" className="Epubs.Tests.WriterTests.NavigationTests.NcxTests" name="TestAddIdentifier" />
    </UnitTest>
    <UnitTest name="TestGetContainerXmlDocument (Epub2)" storage="d:\a\dotnet-monorepo\dotnet-monorepo\src\artifacts\bin\epubs.tests\release_win-x64\epubs.tests.dll" id="4560ec12-e47b-78e1-23c7-f98e322348ee">
      <Execution id="40153bc5-b925-4594-8f12-1c3a7581d36f" />
      <TestMethod codeBase="D:\a\dotnet-monorepo\dotnet-monorepo\src\artifacts\bin\Epubs.Tests\release_win-x64\Epubs.Tests.dll" adapterTypeName="executor://mstestadapter/v2" className="Epubs.Tests.WriterTests.MetaInfTests.ContainerXmlTests" name="TestGetContainerXmlDocument" />
    </UnitTest>
    <UnitTest name="TestAddRightToLeft (Epub2,&quot;epub2_rtl.opf&quot;)" storage="d:\a\dotnet-monorepo\dotnet-monorepo\src\artifacts\bin\epubs.tests\release_win-x64\epubs.tests.dll" id="40fccafb-603f-db2e-52f5-0e6854d614d2">
      <Execution id="ee365de4-58f8-41af-9462-0288ad8acdd5" />
      <TestMethod codeBase="D:\a\dotnet-monorepo\dotnet-monorepo\src\artifacts\bin\Epubs.Tests\release_win-x64\Epubs.Tests.dll" adapterTypeName="executor://mstestadapter/v2" className="Epubs.Tests.WriterTests.PackageDocumentTests.SpineTests" name="TestAddRightToLeft" />
    </UnitTest>
    <UnitTest name="TestAddNavItem (Epub2)" storage="d:\a\dotnet-monorepo\dotnet-monorepo\src\artifacts\bin\epubs.tests\release_win-x64\epubs.tests.dll" id="3f3cfbdc-7778-44fe-127e-9e051a2f1aa2">
      <Execution id="612c9821-c140-4ef1-9893-656a8faac124" />
      <TestMethod codeBase="D:\a\dotnet-monorepo\dotnet-monorepo\src\artifacts\bin\Epubs.Tests\release_win-x64\Epubs.Tests.dll" adapterTypeName="executor://mstestadapter/v2" className="Epubs.Tests.WriterTests.NavigationTests.NavigationDocumentTests" name="TestAddNavItem" />
    </UnitTest>
    <UnitTest name="TestAddTitle (Epub2)" storage="d:\a\dotnet-monorepo\dotnet-monorepo\src\artifacts\bin\epubs.tests\release_win-x64\epubs.tests.dll" id="5d4d5230-0e25-87c0-4af6-2de9a7c4c4a1">
      <Execution id="06a60fcb-ddca-4e5b-9543-344e7aaa7f18" />
      <TestMethod codeBase="D:\a\dotnet-monorepo\dotnet-monorepo\src\artifacts\bin\Epubs.Tests\release_win-x64\Epubs.Tests.dll" adapterTypeName="executor://mstestadapter/v2" className="Epubs.Tests.WriterTests.NavigationTests.NcxTests" name="TestAddTitle" />
    </UnitTest>
    <UnitTest name="TestAddCreator (Epub2,[],&quot;epub2_no_roles.opf&quot;)" storage="d:\a\dotnet-monorepo\dotnet-monorepo\src\artifacts\bin\epubs.tests\release_win-x64\epubs.tests.dll" id="415fc078-5627-2006-e301-3bb2cb96ae2b">
      <Execution id="b7bbb98a-1d61-4c50-bac6-fcffb6922210" />
      <TestMethod codeBase="D:\a\dotnet-monorepo\dotnet-monorepo\src\artifacts\bin\Epubs.Tests\release_win-x64\Epubs.Tests.dll" adapterTypeName="executor://mstestadapter/v2" className="Epubs.Tests.WriterTests.PackageDocumentTests.MetadataTests" name="TestAddCreator" />
    </UnitTest>
    <UnitTest name="TestAddDate (Epub2)" storage="d:\a\dotnet-monorepo\dotnet-monorepo\src\artifacts\bin\epubs.tests\release_win-x64\epubs.tests.dll" id="cec8e838-5451-2a86-db1e-5de14ad9804c">
      <Execution id="c5795a16-22ef-408c-8d65-07d6ee655aae" />
      <TestMethod codeBase="D:\a\dotnet-monorepo\dotnet-monorepo\src\artifacts\bin\Epubs.Tests\release_win-x64\Epubs.Tests.dll" adapterTypeName="executor://mstestadapter/v2" className="Epubs.Tests.WriterTests.PackageDocumentTests.MetadataTests" name="TestAddDate" />
    </UnitTest>
    <UnitTest name="TestAddNavItem (Epub3)" storage="d:\a\dotnet-monorepo\dotnet-monorepo\src\artifacts\bin\epubs.tests\release_win-x64\epubs.tests.dll" id="04965b1d-7fcd-a172-3bd8-f962f6396ef1">
      <Execution id="f03f3811-8cec-4d22-afe5-f73135b9b353" />
      <TestMethod codeBase="D:\a\dotnet-monorepo\dotnet-monorepo\src\artifacts\bin\Epubs.Tests\release_win-x64\Epubs.Tests.dll" adapterTypeName="executor://mstestadapter/v2" className="Epubs.Tests.WriterTests.NavigationTests.NcxTests" name="TestAddNavItem" />
    </UnitTest>
    <UnitTest name="TestAddPrePaginated (Epub2)" storage="d:\a\dotnet-monorepo\dotnet-monorepo\src\artifacts\bin\epubs.tests\release_win-x64\epubs.tests.dll" id="49fbec17-8a99-3521-2b8d-bc34471c898c">
      <Execution id="cc53de9e-004a-432a-8a68-522918cd70cf" />
      <TestMethod codeBase="D:\a\dotnet-monorepo\dotnet-monorepo\src\artifacts\bin\Epubs.Tests\release_win-x64\Epubs.Tests.dll" adapterTypeName="executor://mstestadapter/v2" className="Epubs.Tests.WriterTests.PackageDocumentTests.MetadataTests" name="TestAddPrePaginated" />
    </UnitTest>
    <UnitTest name="TestAddItemToLandmarks (Epub3)" storage="d:\a\dotnet-monorepo\dotnet-monorepo\src\artifacts\bin\epubs.tests\release_win-x64\epubs.tests.dll" id="5a4b4514-f7a8-ec80-0b2e-cc4f1e3225c9">
      <Execution id="c794a15b-b3a6-42b9-8a3d-811a74a32a97" />
      <TestMethod codeBase="D:\a\dotnet-monorepo\dotnet-monorepo\src\artifacts\bin\Epubs.Tests\release_win-x64\Epubs.Tests.dll" adapterTypeName="executor://mstestadapter/v2" className="Epubs.Tests.WriterTests.NavigationTests.NavigationDocumentTests" name="TestAddItemToLandmarks" />
    </UnitTest>
    <UnitTest name="TestAddNcx (Epub2,&quot;epub2_ncx.opf&quot;)" storage="d:\a\dotnet-monorepo\dotnet-monorepo\src\artifacts\bin\epubs.tests\release_win-x64\epubs.tests.dll" id="99564a9c-de8e-bba7-fce2-1855da9f00d6">
      <Execution id="32135bb5-9b31-43b0-8ef4-3309d8c3e05c" />
      <TestMethod codeBase="D:\a\dotnet-monorepo\dotnet-monorepo\src\artifacts\bin\Epubs.Tests\release_win-x64\Epubs.Tests.dll" adapterTypeName="executor://mstestadapter/v2" className="Epubs.Tests.WriterTests.PackageDocumentTests.SpineTests" name="TestAddNcx" />
    </UnitTest>
    <UnitTest name="TestGetContainerXmlDocument (Epub3)" storage="d:\a\dotnet-monorepo\dotnet-monorepo\src\artifacts\bin\epubs.tests\release_win-x64\epubs.tests.dll" id="8a1e305d-837e-e2ab-0677-efc86659bf91">
      <Execution id="ffdfe559-20a3-4ccd-ad6f-1d0559e203d2" />
      <TestMethod codeBase="D:\a\dotnet-monorepo\dotnet-monorepo\src\artifacts\bin\Epubs.Tests\release_win-x64\Epubs.Tests.dll" adapterTypeName="executor://mstestadapter/v2" className="Epubs.Tests.WriterTests.MetaInfTests.ContainerXmlTests" name="TestGetContainerXmlDocument" />
    </UnitTest>
    <UnitTest name="TestAddCreator (Epub2,[&quot;aut&quot;],&quot;epub2_one_role.opf&quot;)" storage="d:\a\dotnet-monorepo\dotnet-monorepo\src\artifacts\bin\epubs.tests\release_win-x64\epubs.tests.dll" id="78e4846a-98ff-e3e6-be1b-f68ce6653ef7">
      <Execution id="30fba8a7-5798-40a0-b06c-647cd644e584" />
      <TestMethod codeBase="D:\a\dotnet-monorepo\dotnet-monorepo\src\artifacts\bin\Epubs.Tests\release_win-x64\Epubs.Tests.dll" adapterTypeName="executor://mstestadapter/v2" className="Epubs.Tests.WriterTests.PackageDocumentTests.MetadataTests" name="TestAddCreator" />
    </UnitTest>
    <UnitTest name="TestAddIdentifier (Epub2)" storage="d:\a\dotnet-monorepo\dotnet-monorepo\src\artifacts\bin\epubs.tests\release_win-x64\epubs.tests.dll" id="594caead-0457-af95-78db-f11df6a0960a">
      <Execution id="fbb425aa-fcb3-4256-8964-e4d4bc680246" />
      <TestMethod codeBase="D:\a\dotnet-monorepo\dotnet-monorepo\src\artifacts\bin\Epubs.Tests\release_win-x64\Epubs.Tests.dll" adapterTypeName="executor://mstestadapter/v2" className="Epubs.Tests.WriterTests.NavigationTests.NcxTests" name="TestAddIdentifier" />
    </UnitTest>
    <UnitTest name="TestAddIdentifier (Epub2)" storage="d:\a\dotnet-monorepo\dotnet-monorepo\src\artifacts\bin\epubs.tests\release_win-x64\epubs.tests.dll" id="8d1ae0de-2769-faaf-9dcf-e6f047c0d5f3">
      <Execution id="40e100d7-0f63-4bdf-9a86-aa2231257378" />
      <TestMethod codeBase="D:\a\dotnet-monorepo\dotnet-monorepo\src\artifacts\bin\Epubs.Tests\release_win-x64\Epubs.Tests.dll" adapterTypeName="executor://mstestadapter/v2" className="Epubs.Tests.WriterTests.PackageDocumentTests.MetadataTests" name="TestAddIdentifier" />
    </UnitTest>
    <UnitTest name="TestAddTitle (Epub2)" storage="d:\a\dotnet-monorepo\dotnet-monorepo\src\artifacts\bin\epubs.tests\release_win-x64\epubs.tests.dll" id="b3961dcc-7a38-2113-9639-b9147b073687">
      <Execution id="0d1c50f9-64dc-46bc-8ae1-e29eb87552af" />
      <TestMethod codeBase="D:\a\dotnet-monorepo\dotnet-monorepo\src\artifacts\bin\Epubs.Tests\release_win-x64\Epubs.Tests.dll" adapterTypeName="executor://mstestadapter/v2" className="Epubs.Tests.WriterTests.PackageDocumentTests.MetadataTests" name="TestAddTitle" />
    </UnitTest>
    <UnitTest name="TestAddItemToLandmarks (Epub2)" storage="d:\a\dotnet-monorepo\dotnet-monorepo\src\artifacts\bin\epubs.tests\release_win-x64\epubs.tests.dll" id="de5c320f-e3e6-6348-70fb-6545025c4cd1">
      <Execution id="11b865b8-2b9f-443f-892e-abf00f626368" />
      <TestMethod codeBase="D:\a\dotnet-monorepo\dotnet-monorepo\src\artifacts\bin\Epubs.Tests\release_win-x64\Epubs.Tests.dll" adapterTypeName="executor://mstestadapter/v2" className="Epubs.Tests.WriterTests.NavigationTests.NavigationDocumentTests" name="TestAddItemToLandmarks" />
    </UnitTest>
    <UnitTest name="TestAddTitle (Epub3)" storage="d:\a\dotnet-monorepo\dotnet-monorepo\src\artifacts\bin\epubs.tests\release_win-x64\epubs.tests.dll" id="e0b26bfd-5e10-47a7-5708-ed4ae0f6f17a">
      <Execution id="da36c862-64ef-435f-b430-6c80dc7b067f" />
      <TestMethod codeBase="D:\a\dotnet-monorepo\dotnet-monorepo\src\artifacts\bin\Epubs.Tests\release_win-x64\Epubs.Tests.dll" adapterTypeName="executor://mstestadapter/v2" className="Epubs.Tests.WriterTests.NavigationTests.NcxTests" name="TestAddTitle" />
    </UnitTest>
  </TestDefinitions>
  <TestEntries>
    <TestEntry testId="c70cdfcc-fe0e-0a22-3f91-3f78bf225323" executionId="2e6572df-bbc6-448c-b1c9-40b3d80bf2ec" testListId="8c84fa94-04c1-424b-9868-57a2d4851a1d" />
    <TestEntry testId="3f9f394b-3398-3cc3-37cc-56417e5a89b6" executionId="58a979c1-e7a5-4176-b51b-35e021b58bb2" testListId="8c84fa94-04c1-424b-9868-57a2d4851a1d" />
    <TestEntry testId="49fbec17-8a99-3521-2b8d-bc34471c898c" executionId="cc53de9e-004a-432a-8a68-522918cd70cf" testListId="8c84fa94-04c1-424b-9868-57a2d4851a1d" />
    <TestEntry testId="d677c7f0-fd98-db4b-f256-9d5a40eeb450" executionId="0ef365b4-d68d-4c6d-bbe1-1e7053bf3741" testListId="8c84fa94-04c1-424b-9868-57a2d4851a1d" />
    <TestEntry testId="b00da7e2-1034-9a94-bdb6-4d0dec2ca4dd" executionId="50e7cf61-f956-46bd-8540-e633b7db7b4e" testListId="8c84fa94-04c1-424b-9868-57a2d4851a1d" />
    <TestEntry testId="8a1e305d-837e-e2ab-0677-efc86659bf91" executionId="ffdfe559-20a3-4ccd-ad6f-1d0559e203d2" testListId="8c84fa94-04c1-424b-9868-57a2d4851a1d" />
    <TestEntry testId="a1bdf61b-cabc-642a-7abf-89a752dec9e4" executionId="1eb49127-4c02-49b6-a683-bd2cf64823f5" testListId="8c84fa94-04c1-424b-9868-57a2d4851a1d" />
    <TestEntry testId="fa860a25-9f76-25a8-9a76-b7824318caf2" executionId="e3c42d4c-9726-4e2b-ba4a-ad1992253076" testListId="8c84fa94-04c1-424b-9868-57a2d4851a1d" />
    <TestEntry testId="1994ae24-05cd-3449-cbf7-9654aa01ed73" executionId="630b5275-02cb-44e7-80c8-3cdd7dfffec3" testListId="8c84fa94-04c1-424b-9868-57a2d4851a1d" />
    <TestEntry testId="f188e44f-a366-01fc-679d-e6a774f27a0b" executionId="232de5a3-67ac-45a9-9931-bc3f876c9374" testListId="8c84fa94-04c1-424b-9868-57a2d4851a1d" />
    <TestEntry testId="10c6e40c-daca-4950-6019-a3a7ec88eb82" executionId="d1062734-14cb-46ae-af1c-ad24afd01057" testListId="8c84fa94-04c1-424b-9868-57a2d4851a1d" />
    <TestEntry testId="924b8454-c381-318c-99e1-35856fc01e42" executionId="7601546d-2bc3-478d-92dc-2b81939f2575" testListId="8c84fa94-04c1-424b-9868-57a2d4851a1d" />
    <TestEntry testId="5d4d5230-0e25-87c0-4af6-2de9a7c4c4a1" executionId="06a60fcb-ddca-4e5b-9543-344e7aaa7f18" testListId="8c84fa94-04c1-424b-9868-57a2d4851a1d" />
    <TestEntry testId="de5c320f-e3e6-6348-70fb-6545025c4cd1" executionId="11b865b8-2b9f-443f-892e-abf00f626368" testListId="8c84fa94-04c1-424b-9868-57a2d4851a1d" />
    <TestEntry testId="e6a52e6f-b4f1-a194-00bd-8dca39600023" executionId="27d7c319-5b19-406a-b162-785a04c4df9b" testListId="8c84fa94-04c1-424b-9868-57a2d4851a1d" />
    <TestEntry testId="89814799-e32a-55bb-8345-b24b3f8784f3" executionId="d0ffb31a-7119-459f-9b59-24f462187a01" testListId="8c84fa94-04c1-424b-9868-57a2d4851a1d" />
    <TestEntry testId="dfff1bb5-cf96-7b7e-3f4f-13e2e3d017dd" executionId="935ffcbc-ba1b-452b-957b-4a8f300654be" testListId="8c84fa94-04c1-424b-9868-57a2d4851a1d" />
    <TestEntry testId="ccd4c932-333c-882b-c126-06d1ad778550" executionId="d163c5c9-671b-4ddd-b2d6-eb49aeb78951" testListId="8c84fa94-04c1-424b-9868-57a2d4851a1d" />
    <TestEntry testId="59a57370-8637-253e-de19-a484c9442cbd" executionId="7e5c5194-b96d-4a35-b172-2af5f6049896" testListId="8c84fa94-04c1-424b-9868-57a2d4851a1d" />
    <TestEntry testId="5a4b4514-f7a8-ec80-0b2e-cc4f1e3225c9" executionId="c794a15b-b3a6-42b9-8a3d-811a74a32a97" testListId="8c84fa94-04c1-424b-9868-57a2d4851a1d" />
    <TestEntry testId="55b94eb4-b768-e9e6-66cb-0b4726f406c0" executionId="eaf0a3f3-29a1-4f20-98b6-fac16313d5d9" testListId="8c84fa94-04c1-424b-9868-57a2d4851a1d" />
    <TestEntry testId="3f3cfbdc-7778-44fe-127e-9e051a2f1aa2" executionId="612c9821-c140-4ef1-9893-656a8faac124" testListId="8c84fa94-04c1-424b-9868-57a2d4851a1d" />
    <TestEntry testId="96bd8760-c7b7-81b8-4f89-ec6ccc94ca0b" executionId="86c7851b-d69f-44f2-9742-a2a378795c61" testListId="8c84fa94-04c1-424b-9868-57a2d4851a1d" />
    <TestEntry testId="99a6b07e-6c4a-175c-f49d-3d815f9e4c5a" executionId="5c69a4fa-b601-4aad-9817-576b31e6ca01" testListId="8c84fa94-04c1-424b-9868-57a2d4851a1d" />
    <TestEntry testId="6191621d-615a-32f8-fd79-90783c02b94b" executionId="40e42e44-68a0-480c-ad43-4309ce7650b1" testListId="8c84fa94-04c1-424b-9868-57a2d4851a1d" />
    <TestEntry testId="04965b1d-7fcd-a172-3bd8-f962f6396ef1" executionId="f03f3811-8cec-4d22-afe5-f73135b9b353" testListId="8c84fa94-04c1-424b-9868-57a2d4851a1d" />
    <TestEntry testId="0979f8bb-ea3f-cc84-8b49-708bff499cd7" executionId="79262898-6262-49c3-a9d3-c781e568491c" testListId="8c84fa94-04c1-424b-9868-57a2d4851a1d" />
    <TestEntry testId="594caead-0457-af95-78db-f11df6a0960a" executionId="fbb425aa-fcb3-4256-8964-e4d4bc680246" testListId="8c84fa94-04c1-424b-9868-57a2d4851a1d" />
    <TestEntry testId="b9126755-0e48-3338-5d7f-d91de59b1147" executionId="8f5d83d7-8838-44fd-9f8c-59c23663a77d" testListId="8c84fa94-04c1-424b-9868-57a2d4851a1d" />
    <TestEntry testId="9df8c1b1-aaf4-5545-12dd-5ce8d49b25cf" executionId="cf95f7ce-25a1-4c06-b759-57fdf8ebe0c8" testListId="8c84fa94-04c1-424b-9868-57a2d4851a1d" />
    <TestEntry testId="cec8e838-5451-2a86-db1e-5de14ad9804c" executionId="c5795a16-22ef-408c-8d65-07d6ee655aae" testListId="8c84fa94-04c1-424b-9868-57a2d4851a1d" />
    <TestEntry testId="e0b26bfd-5e10-47a7-5708-ed4ae0f6f17a" executionId="da36c862-64ef-435f-b430-6c80dc7b067f" testListId="8c84fa94-04c1-424b-9868-57a2d4851a1d" />
    <TestEntry testId="c721fbc4-4b7f-c0df-d55e-177b347e9a92" executionId="59d5f26c-63ef-42aa-91f1-55d725f2593c" testListId="8c84fa94-04c1-424b-9868-57a2d4851a1d" />
    <TestEntry testId="99564a9c-de8e-bba7-fce2-1855da9f00d6" executionId="32135bb5-9b31-43b0-8ef4-3309d8c3e05c" testListId="8c84fa94-04c1-424b-9868-57a2d4851a1d" />
    <TestEntry testId="b3961dcc-7a38-2113-9639-b9147b073687" executionId="0d1c50f9-64dc-46bc-8ae1-e29eb87552af" testListId="8c84fa94-04c1-424b-9868-57a2d4851a1d" />
    <TestEntry testId="8c9e771c-c83f-550a-cb50-0b2a7179104c" executionId="258efcdf-50d4-4c76-ab85-b29df8327fb7" testListId="8c84fa94-04c1-424b-9868-57a2d4851a1d" />
    <TestEntry testId="713cc4f0-5833-4981-89c3-33f67d49e215" executionId="c958911c-38bf-4a01-8a7b-52bde7f566de" testListId="8c84fa94-04c1-424b-9868-57a2d4851a1d" />
    <TestEntry testId="8d1ae0de-2769-faaf-9dcf-e6f047c0d5f3" executionId="40e100d7-0f63-4bdf-9a86-aa2231257378" testListId="8c84fa94-04c1-424b-9868-57a2d4851a1d" />
    <TestEntry testId="265f5716-a8e8-4a3d-7578-667e80e2b50e" executionId="5c1128af-f6ad-4293-b2ca-f9761779c98f" testListId="8c84fa94-04c1-424b-9868-57a2d4851a1d" />
    <TestEntry testId="e4cbb751-c512-8650-1a17-2e8ac57a05f2" executionId="1aa6d303-15b3-4316-b1f6-f1b7f815edbd" testListId="8c84fa94-04c1-424b-9868-57a2d4851a1d" />
    <TestEntry testId="c0800344-f0ec-fd64-7ee2-f71e18c8af14" executionId="65f2826a-6eac-4e37-836e-39697a0dd7be" testListId="8c84fa94-04c1-424b-9868-57a2d4851a1d" />
    <TestEntry testId="44da78d8-904e-d616-f174-2b6a9767cdcb" executionId="92979d5c-f2a6-4f61-bca5-e412a142c8f4" testListId="8c84fa94-04c1-424b-9868-57a2d4851a1d" />
    <TestEntry testId="4560ec12-e47b-78e1-23c7-f98e322348ee" executionId="40153bc5-b925-4594-8f12-1c3a7581d36f" testListId="8c84fa94-04c1-424b-9868-57a2d4851a1d" />
    <TestEntry testId="415fc078-5627-2006-e301-3bb2cb96ae2b" executionId="b7bbb98a-1d61-4c50-bac6-fcffb6922210" testListId="8c84fa94-04c1-424b-9868-57a2d4851a1d" />
    <TestEntry testId="693b69fd-81f0-56fd-8f17-ee56b4f8d96d" executionId="05fe46ea-aa93-47b8-ace2-13cc111390c3" testListId="8c84fa94-04c1-424b-9868-57a2d4851a1d" />
    <TestEntry testId="40fccafb-603f-db2e-52f5-0e6854d614d2" executionId="ee365de4-58f8-41af-9462-0288ad8acdd5" testListId="8c84fa94-04c1-424b-9868-57a2d4851a1d" />
    <TestEntry testId="78e4846a-98ff-e3e6-be1b-f68ce6653ef7" executionId="30fba8a7-5798-40a0-b06c-647cd644e584" testListId="8c84fa94-04c1-424b-9868-57a2d4851a1d" />
    <TestEntry testId="410eac8a-445b-ddc0-5763-81a3a18c8bb9" executionId="b0941797-aa71-4365-9d58-0cf2a306fbd3" testListId="8c84fa94-04c1-424b-9868-57a2d4851a1d" />
  </TestEntries>
  <TestLists>
    <TestList name="Results Not in a List" id="8c84fa94-04c1-424b-9868-57a2d4851a1d" />
    <TestList name="All Loaded Results" id="19431567-8539-422a-85d7-44ee4e166bda" />
  </TestLists>
  <ResultSummary outcome="Completed">
    <Counters total="48" executed="48" passed="48" failed="0" error="0" timeout="0" aborted="0" inconclusive="0" passedButRunAborted="0" notRunnable="0" notExecuted="0" disconnected="0" warning="0" completed="0" inProgress="0" pending="0" />
  </ResultSummary>
</TestRun>