<?xml version="1.0" encoding="utf-8"?>
<TestRun id="be2efd54-1700-4582-91d4-5349d5a53d1a" name="runneradmin@runnervmybtk3 2026-01-09 12:50:44" runUser="runnervmybtk3\runneradmin" xmlns="http://microsoft.com/schemas/VisualStudio/TeamTest/2010">
  <Times creation="2026-01-09T12:50:44.1017218+00:00" queuing="2026-01-09T12:50:44.1017222+00:00" start="2026-01-09T12:50:43.3635501+00:00" finish="2026-01-09T12:50:44.1413395+00:00" />
  <TestSettings name="default" id="afd298ec-d610-4717-b26f-83cbc63fa65d">
    <Deployment runDeploymentRoot="runneradmin_runnervmybtk3_2026-01-09_12_50_44" />
  </TestSettings>
  <Results>
    <UnitTestResult executionId="9cd46283-0868-46a0-82db-105d7d6f63c5" testId="1df9ce9e-da7d-8382-80f7-2626f3048fbd" testName="TestConvertRelativeAnchorHref (&quot;#id&quot;,&quot;#id&quot;)" computerName="runnervmybtk3" duration="00:00:00.0001297" startTime="2026-01-09T12:50:44.0558340+00:00" endTime="2026-01-09T12:50:44.0570042+00:00" testType="13cdc9d9-ddb5-4fa4-a97d-d965ccfc6d4b" outcome="Passed" testListId="8c84fa94-04c1-424b-9868-57a2d4851a1d" relativeResultsDirectory="9cd46283-0868-46a0-82db-105d7d6f63c5" />
    <UnitTestResult executionId="437c974c-6976-4189-99b5-13b94b3bdea0" testId="1a2a72ca-c499-8d36-b2a6-f613a8f48e24" testName="TestConvertRelativeAnchorHref (&quot;a.b&quot;,&quot;a.b.xhtml&quot;)" computerName="runnervmybtk3" duration="00:00:00.0001203" startTime="2026-01-09T12:50:44.0240882+00:00" endTime="2026-01-09T12:50:44.0242400+00:00" testType="13cdc9d9-ddb5-4fa4-a97d-d965ccfc6d4b" outcome="Passed" testListId="8c84fa94-04c1-424b-9868-57a2d4851a1d" relativeResultsDirectory="437c974c-6976-4189-99b5-13b94b3bdea0" />
    <UnitTestResult executionId="bffc2f92-fb19-4839-bf4d-1a0ffcde7e57" testId="17c8acae-7254-8c54-8370-4bf280c0d308" testName="TestConvertRelativeAnchorHref (&quot;test&quot;,&quot;test.xhtml&quot;)" computerName="runnervmybtk3" duration="00:00:00.0001280" startTime="2026-01-09T12:50:44.0239130+00:00" endTime="2026-01-09T12:50:44.0240737+00:00" testType="13cdc9d9-ddb5-4fa4-a97d-d965ccfc6d4b" outcome="Passed" testListId="8c84fa94-04c1-424b-9868-57a2d4851a1d" relativeResultsDirectory="bffc2f92-fb19-4839-bf4d-1a0ffcde7e57" />
    <UnitTestResult executionId="a2c18f55-4a08-47b9-aecd-a86a1d66a2a3" testId="157f72bb-8a23-803e-bb83-f1b9f6c051f1" testName="TestConvertRelativeAnchorHref (&quot;a.b#id&quot;,&quot;a.b.xhtml#id&quot;)" computerName="runnervmybtk3" duration="00:00:00.0002333" startTime="2026-01-09T12:50:44.0555027+00:00" endTime="2026-01-09T12:50:44.0558067+00:00" testType="13cdc9d9-ddb5-4fa4-a97d-d965ccfc6d4b" outcome="Passed" testListId="8c84fa94-04c1-424b-9868-57a2d4851a1d" relativeResultsDirectory="a2c18f55-4a08-47b9-aecd-a86a1d66a2a3" />
    <UnitTestResult executionId="f0e2b31d-bf28-48d7-a7a5-7ecae1591ee6" testId="1dce7417-a256-8114-b844-2bcac170d324" testName="TestConvertRelativeAnchorHref (&quot;test.html&quot;,&quot;test.xhtml&quot;)" computerName="runnervmybtk3" duration="00:00:00.1100830" startTime="2026-01-09T12:50:43.8900976+00:00" endTime="2026-01-09T12:50:44.0174918+00:00" testType="13cdc9d9-ddb5-4fa4-a97d-d965ccfc6d4b" outcome="Passed" testListId="8c84fa94-04c1-424b-9868-57a2d4851a1d" relativeResultsDirectory="f0e2b31d-bf28-48d7-a7a5-7ecae1591ee6" />
    <UnitTestResult executionId="519b17c3-d193-4fbd-a8b9-61d30d51a68f" testId="1b284f47-8e42-8c24-84f7-f9272c756a26" testName="TestConvertRelativeAnchorHref (&quot;test.txt#id&quot;,&quot;test.xhtml#id&quot;)" computerName="runnervmybtk3" duration="00:00:00.0001275" startTime="2026-01-09T12:50:44.0246149+00:00" endTime="2026-01-09T12:50:44.0247761+00:00" testType="13cdc9d9-ddb5-4fa4-a97d-d965ccfc6d4b" outcome="Passed" testListId="8c84fa94-04c1-424b-9868-57a2d4851a1d" relativeResultsDirectory="519b17c3-d193-4fbd-a8b9-61d30d51a68f" />
    <UnitTestResult executionId="2d041d74-2a32-4e6d-91aa-1666ec7c6ca4" testId="16b1ad70-dde2-881a-a898-34f1d755d99c" testName="TestConvertRelativeAnchorHref (&quot;test#id&quot;,&quot;test.xhtml#id&quot;)" computerName="runnervmybtk3" duration="00:00:00.0001222" startTime="2026-01-09T12:50:44.0247904+00:00" endTime="2026-01-09T12:50:44.0249526+00:00" testType="13cdc9d9-ddb5-4fa4-a97d-d965ccfc6d4b" outcome="Passed" testListId="8c84fa94-04c1-424b-9868-57a2d4851a1d" relativeResultsDirectory="2d041d74-2a32-4e6d-91aa-1666ec7c6ca4" />
    <UnitTestResult executionId="ae75094e-80d2-4051-a050-c7289627649a" testId="152eb5b1-acde-8c7f-ac48-7c30686525ce" testName="TestConvertRelativeAnchorHref (&quot;test.txt&quot;,&quot;test.xhtml&quot;)" computerName="runnervmybtk3" duration="00:00:00.0002438" startTime="2026-01-09T12:50:44.0236108+00:00" endTime="2026-01-09T12:50:44.0238965+00:00" testType="13cdc9d9-ddb5-4fa4-a97d-d965ccfc6d4b" outcome="Passed" testListId="8c84fa94-04c1-424b-9868-57a2d4851a1d" relativeResultsDirectory="ae75094e-80d2-4051-a050-c7289627649a" />
    <UnitTestResult executionId="1c84dd6c-8cc4-45dc-a150-5b9ae1fae996" testId="1a345c8d-995f-8793-99d4-429781ba1d3d" testName="TestConvertRelativeAnchorHref (&quot;test.html#id&quot;,&quot;test.xhtml#id&quot;)" computerName="runnervmybtk3" duration="00:00:00.0001306" startTime="2026-01-09T12:50:44.0242549+00:00" endTime="2026-01-09T12:50:44.0244204+00:00" testType="13cdc9d9-ddb5-4fa4-a97d-d965ccfc6d4b" outcome="Passed" testListId="8c84fa94-04c1-424b-9868-57a2d4851a1d" relativeResultsDirectory="1c84dd6c-8cc4-45dc-a150-5b9ae1fae996" />
    <UnitTestResult executionId="682fb0a1-fb9f-4d77-a136-bdc56fadbd1b" testId="10800500-0759-8438-8aaa-54cc590c8f85" testName="TestConvertRelativeAnchorHref (&quot;test.md&quot;,&quot;test.xhtml&quot;)" computerName="runnervmybtk3" duration="00:00:00.0008753" startTime="2026-01-09T12:50:44.0219618+00:00" endTime="2026-01-09T12:50:44.0232653+00:00" testType="13cdc9d9-ddb5-4fa4-a97d-d965ccfc6d4b" outcome="Passed" testListId="8c84fa94-04c1-424b-9868-57a2d4851a1d" relativeResultsDirectory="682fb0a1-fb9f-4d77-a136-bdc56fadbd1b" />
    <UnitTestResult executionId="f1f94999-7f7d-456a-aa58-41347ce97333" testId="1f2580c1-a323-80f9-8e86-13a1313e7c36" testName="TestConvertRelativeAnchorHref (&quot;test.md#id&quot;,&quot;test.xhtml#id&quot;)" computerName="runnervmybtk3" duration="00:00:00.0001223" startTime="2026-01-09T12:50:44.0244351+00:00" endTime="2026-01-09T12:50:44.0246003+00:00" testType="13cdc9d9-ddb5-4fa4-a97d-d965ccfc6d4b" outcome="Passed" testListId="8c84fa94-04c1-424b-9868-57a2d4851a1d" relativeResultsDirectory="f1f94999-7f7d-456a-aa58-41347ce97333" />
  </Results>
  <TestDefinitions>
    <UnitTest name="TestConvertRelativeAnchorHref (&quot;test&quot;,&quot;test.xhtml&quot;)" storage="d:\a\dotnet-monorepo\dotnet-monorepo\src\artifacts\bin\epubproj.tests\release_win-x64\epubproj.tests.dll" id="17c8acae-7254-8c54-8370-4bf280c0d308">
      <Execution id="bffc2f92-fb19-4839-bf4d-1a0ffcde7e57" />
      <TestMethod codeBase="D:\a\dotnet-monorepo\dotnet-monorepo\src\artifacts\bin\EpubProj.Tests\release_win-x64\EpubProj.Tests.dll" adapterTypeName="executor://mstestadapter/v4" className="EpubProj.Tests.ConverterTests" name="TestConvertRelativeAnchorHref" />
    </UnitTest>
    <UnitTest name="TestConvertRelativeAnchorHref (&quot;a.b#id&quot;,&quot;a.b.xhtml#id&quot;)" storage="d:\a\dotnet-monorepo\dotnet-monorepo\src\artifacts\bin\epubproj.tests\release_win-x64\epubproj.tests.dll" id="157f72bb-8a23-803e-bb83-f1b9f6c051f1">
      <Execution id="a2c18f55-4a08-47b9-aecd-a86a1d66a2a3" />
      <TestMethod codeBase="D:\a\dotnet-monorepo\dotnet-monorepo\src\artifacts\bin\EpubProj.Tests\release_win-x64\EpubProj.Tests.dll" adapterTypeName="executor://mstestadapter/v4" className="EpubProj.Tests.ConverterTests" name="TestConvertRelativeAnchorHref" />
    </UnitTest>
    <UnitTest name="TestConvertRelativeAnchorHref (&quot;a.b&quot;,&quot;a.b.xhtml&quot;)" storage="d:\a\dotnet-monorepo\dotnet-monorepo\src\artifacts\bin\epubproj.tests\release_win-x64\epubproj.tests.dll" id="1a2a72ca-c499-8d36-b2a6-f613a8f48e24">
      <Execution id="437c974c-6976-4189-99b5-13b94b3bdea0" />
      <TestMethod codeBase="D:\a\dotnet-monorepo\dotnet-monorepo\src\artifacts\bin\EpubProj.Tests\release_win-x64\EpubProj.Tests.dll" adapterTypeName="executor://mstestadapter/v4" className="EpubProj.Tests.ConverterTests" name="TestConvertRelativeAnchorHref" />
    </UnitTest>
    <UnitTest name="TestConvertRelativeAnchorHref (&quot;test.txt&quot;,&quot;test.xhtml&quot;)" storage="d:\a\dotnet-monorepo\dotnet-monorepo\src\artifacts\bin\epubproj.tests\release_win-x64\epubproj.tests.dll" id="152eb5b1-acde-8c7f-ac48-7c30686525ce">
      <Execution id="ae75094e-80d2-4051-a050-c7289627649a" />
      <TestMethod codeBase="D:\a\dotnet-monorepo\dotnet-monorepo\src\artifacts\bin\EpubProj.Tests\release_win-x64\EpubProj.Tests.dll" adapterTypeName="executor://mstestadapter/v4" className="EpubProj.Tests.ConverterTests" name="TestConvertRelativeAnchorHref" />
    </UnitTest>
    <UnitTest name="TestConvertRelativeAnchorHref (&quot;test.md&quot;,&quot;test.xhtml&quot;)" storage="d:\a\dotnet-monorepo\dotnet-monorepo\src\artifacts\bin\epubproj.tests\release_win-x64\epubproj.tests.dll" id="10800500-0759-8438-8aaa-54cc590c8f85">
      <Execution id="682fb0a1-fb9f-4d77-a136-bdc56fadbd1b" />
      <TestMethod codeBase="D:\a\dotnet-monorepo\dotnet-monorepo\src\artifacts\bin\EpubProj.Tests\release_win-x64\EpubProj.Tests.dll" adapterTypeName="executor://mstestadapter/v4" className="EpubProj.Tests.ConverterTests" name="TestConvertRelativeAnchorHref" />
    </UnitTest>
    <UnitTest name="TestConvertRelativeAnchorHref (&quot;test.html&quot;,&quot;test.xhtml&quot;)" storage="d:\a\dotnet-monorepo\dotnet-monorepo\src\artifacts\bin\epubproj.tests\release_win-x64\epubproj.tests.dll" id="1dce7417-a256-8114-b844-2bcac170d324">
      <Execution id="f0e2b31d-bf28-48d7-a7a5-7ecae1591ee6" />
      <TestMethod codeBase="D:\a\dotnet-monorepo\dotnet-monorepo\src\artifacts\bin\EpubProj.Tests\release_win-x64\EpubProj.Tests.dll" adapterTypeName="executor://mstestadapter/v4" className="EpubProj.Tests.ConverterTests" name="TestConvertRelativeAnchorHref" />
    </UnitTest>
    <UnitTest name="TestConvertRelativeAnchorHref (&quot;test.txt#id&quot;,&quot;test.xhtml#id&quot;)" storage="d:\a\dotnet-monorepo\dotnet-monorepo\src\artifacts\bin\epubproj.tests\release_win-x64\epubproj.tests.dll" id="1b284f47-8e42-8c24-84f7-f9272c756a26">
      <Execution id="519b17c3-d193-4fbd-a8b9-61d30d51a68f" />
      <TestMethod codeBase="D:\a\dotnet-monorepo\dotnet-monorepo\src\artifacts\bin\EpubProj.Tests\release_win-x64\EpubProj.Tests.dll" adapterTypeName="executor://mstestadapter/v4" className="EpubProj.Tests.ConverterTests" name="TestConvertRelativeAnchorHref" />
    </UnitTest>
    <UnitTest name="TestConvertRelativeAnchorHref (&quot;#id&quot;,&quot;#id&quot;)" storage="d:\a\dotnet-monorepo\dotnet-monorepo\src\artifacts\bin\epubproj.tests\release_win-x64\epubproj.tests.dll" id="1df9ce9e-da7d-8382-80f7-2626f3048fbd">
      <Execution id="9cd46283-0868-46a0-82db-105d7d6f63c5" />
      <TestMethod codeBase="D:\a\dotnet-monorepo\dotnet-monorepo\src\artifacts\bin\EpubProj.Tests\release_win-x64\EpubProj.Tests.dll" adapterTypeName="executor://mstestadapter/v4" className="EpubProj.Tests.ConverterTests" name="TestConvertRelativeAnchorHref" />
    </UnitTest>
    <UnitTest name="TestConvertRelativeAnchorHref (&quot;test.md#id&quot;,&quot;test.xhtml#id&quot;)" storage="d:\a\dotnet-monorepo\dotnet-monorepo\src\artifacts\bin\epubproj.tests\release_win-x64\epubproj.tests.dll" id="1f2580c1-a323-80f9-8e86-13a1313e7c36">
      <Execution id="f1f94999-7f7d-456a-aa58-41347ce97333" />
      <TestMethod codeBase="D:\a\dotnet-monorepo\dotnet-monorepo\src\artifacts\bin\EpubProj.Tests\release_win-x64\EpubProj.Tests.dll" adapterTypeName="executor://mstestadapter/v4" className="EpubProj.Tests.ConverterTests" name="TestConvertRelativeAnchorHref" />
    </UnitTest>
    <UnitTest name="TestConvertRelativeAnchorHref (&quot;test#id&quot;,&quot;test.xhtml#id&quot;)" storage="d:\a\dotnet-monorepo\dotnet-monorepo\src\artifacts\bin\epubproj.tests\release_win-x64\epubproj.tests.dll" id="16b1ad70-dde2-881a-a898-34f1d755d99c">
      <Execution id="2d041d74-2a32-4e6d-91aa-1666ec7c6ca4" />
      <TestMethod codeBase="D:\a\dotnet-monorepo\dotnet-monorepo\src\artifacts\bin\EpubProj.Tests\release_win-x64\EpubProj.Tests.dll" adapterTypeName="executor://mstestadapter/v4" className="EpubProj.Tests.ConverterTests" name="TestConvertRelativeAnchorHref" />
    </UnitTest>
    <UnitTest name="TestConvertRelativeAnchorHref (&quot;test.html#id&quot;,&quot;test.xhtml#id&quot;)" storage="d:\a\dotnet-monorepo\dotnet-monorepo\src\artifacts\bin\epubproj.tests\release_win-x64\epubproj.tests.dll" id="1a345c8d-995f-8793-99d4-429781ba1d3d">
      <Execution id="1c84dd6c-8cc4-45dc-a150-5b9ae1fae996" />
      <TestMethod codeBase="D:\a\dotnet-monorepo\dotnet-monorepo\src\artifacts\bin\EpubProj.Tests\release_win-x64\EpubProj.Tests.dll" adapterTypeName="executor://mstestadapter/v4" className="EpubProj.Tests.ConverterTests" name="TestConvertRelativeAnchorHref" />
    </UnitTest>
  </TestDefinitions>
  <TestEntries>
    <TestEntry testId="1df9ce9e-da7d-8382-80f7-2626f3048fbd" executionId="9cd46283-0868-46a0-82db-105d7d6f63c5" testListId="8c84fa94-04c1-424b-9868-57a2d4851a1d" />
    <TestEntry testId="1a2a72ca-c499-8d36-b2a6-f613a8f48e24" executionId="437c974c-6976-4189-99b5-13b94b3bdea0" testListId="8c84fa94-04c1-424b-9868-57a2d4851a1d" />
    <TestEntry testId="17c8acae-7254-8c54-8370-4bf280c0d308" executionId="bffc2f92-fb19-4839-bf4d-1a0ffcde7e57" testListId="8c84fa94-04c1-424b-9868-57a2d4851a1d" />
    <TestEntry testId="157f72bb-8a23-803e-bb83-f1b9f6c051f1" executionId="a2c18f55-4a08-47b9-aecd-a86a1d66a2a3" testListId="8c84fa94-04c1-424b-9868-57a2d4851a1d" />
    <TestEntry testId="1dce7417-a256-8114-b844-2bcac170d324" executionId="f0e2b31d-bf28-48d7-a7a5-7ecae1591ee6" testListId="8c84fa94-04c1-424b-9868-57a2d4851a1d" />
    <TestEntry testId="1b284f47-8e42-8c24-84f7-f9272c756a26" executionId="519b17c3-d193-4fbd-a8b9-61d30d51a68f" testListId="8c84fa94-04c1-424b-9868-57a2d4851a1d" />
    <TestEntry testId="16b1ad70-dde2-881a-a898-34f1d755d99c" executionId="2d041d74-2a32-4e6d-91aa-1666ec7c6ca4" testListId="8c84fa94-04c1-424b-9868-57a2d4851a1d" />
    <TestEntry testId="152eb5b1-acde-8c7f-ac48-7c30686525ce" executionId="ae75094e-80d2-4051-a050-c7289627649a" testListId="8c84fa94-04c1-424b-9868-57a2d4851a1d" />
    <TestEntry testId="1a345c8d-995f-8793-99d4-429781ba1d3d" executionId="1c84dd6c-8cc4-45dc-a150-5b9ae1fae996" testListId="8c84fa94-04c1-424b-9868-57a2d4851a1d" />
    <TestEntry testId="10800500-0759-8438-8aaa-54cc590c8f85" executionId="682fb0a1-fb9f-4d77-a136-bdc56fadbd1b" testListId="8c84fa94-04c1-424b-9868-57a2d4851a1d" />
    <TestEntry testId="1f2580c1-a323-80f9-8e86-13a1313e7c36" executionId="f1f94999-7f7d-456a-aa58-41347ce97333" testListId="8c84fa94-04c1-424b-9868-57a2d4851a1d" />
  </TestEntries>
  <TestLists>
    <TestList name="Results Not in a List" id="8c84fa94-04c1-424b-9868-57a2d4851a1d" />
    <TestList name="All Loaded Results" id="19431567-8539-422a-85d7-44ee4e166bda" />
  </TestLists>
  <ResultSummary outcome="Completed">
    <Counters total="11" executed="11" passed="11" failed="0" error="0" timeout="0" aborted="0" inconclusive="0" passedButRunAborted="0" notRunnable="0" notExecuted="0" disconnected="0" warning="0" completed="0" inProgress="0" pending="0" />
    <Output>
      <StdOut>Test Parallelization enabled for D:\a\dotnet-monorepo\dotnet-monorepo\src\artifacts\bin\EpubProj.Tests\release_win-x64\EpubProj.Tests.dll (Workers: 4, Scope: ClassLevel)&#xD;
</StdOut>
    </Output>
  </ResultSummary>
</TestRun>