<?xml version="1.0" encoding="utf-8"?>
<TestRun id="83f9f08e-1080-477f-bad2-17511f182230" name="runneradmin@runnervmlu3mh 2026-06-11 01:57:21" runUser="runnervmlu3mh\runneradmin" xmlns="http://microsoft.com/schemas/VisualStudio/TeamTest/2010">
  <Times creation="2026-06-11T01:57:21.5865141+00:00" queuing="2026-06-11T01:57:21.5865142+00:00" start="2026-06-11T01:57:21.0072946+00:00" finish="2026-06-11T01:57:21.6328487+00:00" />
  <TestSettings name="default" id="c9ff2f8f-bebe-41a0-ba2c-1cf67ad0e9c2">
    <Deployment runDeploymentRoot="runneradmin_runnervmlu3mh_2026-06-11_01_57_21" />
  </TestSettings>
  <Results>
    <UnitTestResult executionId="d290d50e-f504-4b05-9ab4-e7ff173d7116" testId="18b99c28-043f-8fa7-a585-45f8db35abe5" testName="TestAddItemToManifest (Epub3,&quot;cover.jpg&quot;,null,null,&quot;epub3_noproperties_noid.opf&quot;)" computerName="runnervmlu3mh" duration="00:00:00.0002707" startTime="2026-06-11T01:57:21.5414406+00:00" endTime="2026-06-11T01:57:21.5417605+00:00" testType="13cdc9d9-ddb5-4fa4-a97d-d965ccfc6d4b" outcome="Passed" testListId="8c84fa94-04c1-424b-9868-57a2d4851a1d" relativeResultsDirectory="d290d50e-f504-4b05-9ab4-e7ff173d7116" />
    <UnitTestResult executionId="4b4fce81-f486-4df8-9429-49eef46bdf19" testId="19fedbcf-3e8f-80d3-8f00-c9b50d3782b5" testName="TestAddItemToSpine (Epub3,&quot;page-spread-left&quot;,&quot;epub3_properties.opf&quot;)" computerName="runnervmlu3mh" duration="00:00:00.0005968" startTime="2026-06-11T01:57:21.5451394+00:00" endTime="2026-06-11T01:57:21.5458151+00:00" testType="13cdc9d9-ddb5-4fa4-a97d-d965ccfc6d4b" outcome="Passed" testListId="8c84fa94-04c1-424b-9868-57a2d4851a1d" relativeResultsDirectory="4b4fce81-f486-4df8-9429-49eef46bdf19" />
    <UnitTestResult executionId="59175114-ce31-4937-962a-0aa42542d00b" testId="1606129a-0ad6-89b1-8eb5-de137dec383d" testName="TestAddLeftToRight (Epub2,&quot;epub2_ltr.opf&quot;)" computerName="runnervmlu3mh" duration="00:00:00.0019438" startTime="2026-06-11T01:57:21.5483334+00:00" endTime="2026-06-11T01:57:21.5503565+00:00" testType="13cdc9d9-ddb5-4fa4-a97d-d965ccfc6d4b" outcome="Passed" testListId="8c84fa94-04c1-424b-9868-57a2d4851a1d" relativeResultsDirectory="59175114-ce31-4937-962a-0aa42542d00b" />
    <UnitTestResult executionId="e975354f-8053-474a-8926-b81d40108eb4" testId="163d9d25-3781-8d01-aa89-fb0ed455ce67" testName="TestGetRelativePath (&quot;&quot;,&quot;a/b/c&quot;,&quot;../../..&quot;)" computerName="runnervmlu3mh" duration="00:00:00.0000193" startTime="2026-06-11T01:57:21.5086977+00:00" endTime="2026-06-11T01:57:21.5087589+00:00" testType="13cdc9d9-ddb5-4fa4-a97d-d965ccfc6d4b" outcome="Passed" testListId="8c84fa94-04c1-424b-9868-57a2d4851a1d" relativeResultsDirectory="e975354f-8053-474a-8926-b81d40108eb4" />
    <UnitTestResult executionId="38967f2c-fc13-40f4-9f9b-a2bc1b2c459d" testId="1d0b33a2-7e9b-8950-ad7c-1126beafd8dd" testName="TestResolvePath (&quot;&quot;,&quot;a/b/c&quot;,&quot;a/b/c&quot;)" computerName="runnervmlu3mh" duration="00:00:00.0003974" startTime="2026-06-11T01:57:21.5088836+00:00" endTime="2026-06-11T01:57:21.5093100+00:00" testType="13cdc9d9-ddb5-4fa4-a97d-d965ccfc6d4b" outcome="Passed" testListId="8c84fa94-04c1-424b-9868-57a2d4851a1d" relativeResultsDirectory="38967f2c-fc13-40f4-9f9b-a2bc1b2c459d" />
    <UnitTestResult executionId="7a37e78e-62ed-4f01-b5ef-6163fd65ba18" testId="124a442d-5cef-8a5e-832b-b6cc6c966046" testName="TestAddIdentifier (Epub2)" computerName="runnervmlu3mh" duration="00:00:00.0003959" startTime="2026-06-11T01:57:21.5456184+00:00" endTime="2026-06-11T01:57:21.5460529+00:00" testType="13cdc9d9-ddb5-4fa4-a97d-d965ccfc6d4b" outcome="Passed" testListId="8c84fa94-04c1-424b-9868-57a2d4851a1d" relativeResultsDirectory="7a37e78e-62ed-4f01-b5ef-6163fd65ba18" />
    <UnitTestResult executionId="db1ff1d6-1c5b-4a41-b465-52d50d01254e" testId="13acc5b9-b971-8983-8930-49d6f4051f77" testName="TestAddDescription (Epub2)" computerName="runnervmlu3mh" duration="00:00:00.0002783" startTime="2026-06-11T01:57:21.5519211+00:00" endTime="2026-06-11T01:57:21.5522489+00:00" testType="13cdc9d9-ddb5-4fa4-a97d-d965ccfc6d4b" outcome="Passed" testListId="8c84fa94-04c1-424b-9868-57a2d4851a1d" relativeResultsDirectory="db1ff1d6-1c5b-4a41-b465-52d50d01254e" />
    <UnitTestResult executionId="07963e50-3713-43c1-b01c-ab99d77b7507" testId="1bf56acc-bc6b-8496-947d-aa65e255463c" testName="TestAddNavItem (Epub3)" computerName="runnervmlu3mh" duration="00:00:00.0132036" startTime="2026-06-11T01:57:21.5510099+00:00" endTime="2026-06-11T01:57:21.5642878+00:00" testType="13cdc9d9-ddb5-4fa4-a97d-d965ccfc6d4b" outcome="Passed" testListId="8c84fa94-04c1-424b-9868-57a2d4851a1d" relativeResultsDirectory="07963e50-3713-43c1-b01c-ab99d77b7507" />
    <UnitTestResult executionId="5a6b2a9d-59f0-4ef1-bd34-d0718f2ee8af" testId="1a7fb99e-f52f-8ccc-ab1f-13586db79d1e" testName="TestAddItemToLandmarks (Epub2)" computerName="runnervmlu3mh" duration="00:00:00.0003192" startTime="2026-06-11T01:57:21.5659733+00:00" endTime="2026-06-11T01:57:21.5695109+00:00" testType="13cdc9d9-ddb5-4fa4-a97d-d965ccfc6d4b" outcome="Passed" testListId="8c84fa94-04c1-424b-9868-57a2d4851a1d" relativeResultsDirectory="5a6b2a9d-59f0-4ef1-bd34-d0718f2ee8af" />
    <UnitTestResult executionId="8404b1d6-fc19-4ebe-a6ec-f922522552f4" testId="1e8f751a-7342-8e0a-8749-cd28c43d3882" testName="TestGetContainerXmlDocument (Epub2)" computerName="runnervmlu3mh" duration="00:00:00.0004590" startTime="2026-06-11T01:57:21.5603853+00:00" endTime="2026-06-11T01:57:21.5608873+00:00" testType="13cdc9d9-ddb5-4fa4-a97d-d965ccfc6d4b" outcome="Passed" testListId="8c84fa94-04c1-424b-9868-57a2d4851a1d" relativeResultsDirectory="8404b1d6-fc19-4ebe-a6ec-f922522552f4" />
    <UnitTestResult executionId="3b065205-0bcb-470e-9cd6-8b5b09eeeba0" testId="18f58b21-b2c3-803b-8cb0-4e08dd113f73" testName="TestAddRightToLeft (Epub2,&quot;epub2_rtl.opf&quot;)" computerName="runnervmlu3mh" duration="00:00:00.0002583" startTime="2026-06-11T01:57:21.5541129+00:00" endTime="2026-06-11T01:57:21.5544448+00:00" testType="13cdc9d9-ddb5-4fa4-a97d-d965ccfc6d4b" outcome="Passed" testListId="8c84fa94-04c1-424b-9868-57a2d4851a1d" relativeResultsDirectory="3b065205-0bcb-470e-9cd6-8b5b09eeeba0" />
    <UnitTestResult executionId="47b36aa6-4f9a-4ed7-8dc3-e9203926237e" testId="15879af3-5667-8627-8798-073634574cfb" testName="TestAddPrePaginated (Epub3)" computerName="runnervmlu3mh" duration="00:00:00.0004008" startTime="2026-06-11T01:57:21.5557307+00:00" endTime="2026-06-11T01:57:21.5561723+00:00" testType="13cdc9d9-ddb5-4fa4-a97d-d965ccfc6d4b" outcome="Passed" testListId="8c84fa94-04c1-424b-9868-57a2d4851a1d" relativeResultsDirectory="47b36aa6-4f9a-4ed7-8dc3-e9203926237e" />
    <UnitTestResult executionId="e655bb49-fca9-40f5-b8ed-17faa2670d57" testId="1e13994d-6844-8233-9112-553b896408e8" testName="TestAddReferenceToGuide (Epub2)" computerName="runnervmlu3mh" duration="00:00:00.0013635" startTime="2026-06-11T01:57:21.5408123+00:00" endTime="2026-06-11T01:57:21.5428105+00:00" testType="13cdc9d9-ddb5-4fa4-a97d-d965ccfc6d4b" outcome="Passed" testListId="8c84fa94-04c1-424b-9868-57a2d4851a1d" relativeResultsDirectory="e655bb49-fca9-40f5-b8ed-17faa2670d57" />
    <UnitTestResult executionId="0e8a46ea-b00d-486f-9d57-231231759cb7" testId="1dc58f02-8bfb-87ff-8152-97912961162e" testName="TestAddModified (Epub2)" computerName="runnervmlu3mh" duration="00:00:00.0002648" startTime="2026-06-11T01:57:21.5582577+00:00" endTime="2026-06-11T01:57:21.5585577+00:00" testType="13cdc9d9-ddb5-4fa4-a97d-d965ccfc6d4b" outcome="Passed" testListId="8c84fa94-04c1-424b-9868-57a2d4851a1d" relativeResultsDirectory="0e8a46ea-b00d-486f-9d57-231231759cb7" />
    <UnitTestResult executionId="36872dd5-e107-4003-9810-9bf7fb4623ac" testId="18633743-5a95-84ca-aa1a-84a0ca6b512e" testName="TestAddCreator (Epub3,[],&quot;epub3_no_roles.opf&quot;)" computerName="runnervmlu3mh" duration="00:00:00.0008242" startTime="2026-06-11T01:57:21.5487114+00:00" endTime="2026-06-11T01:57:21.5495847+00:00" testType="13cdc9d9-ddb5-4fa4-a97d-d965ccfc6d4b" outcome="Passed" testListId="8c84fa94-04c1-424b-9868-57a2d4851a1d" relativeResultsDirectory="36872dd5-e107-4003-9810-9bf7fb4623ac" />
    <UnitTestResult executionId="8b0e3caf-614e-4f15-9558-4c51dd7d75d4" testId="1cef8686-5f34-86de-a6a3-8d35bb7afd79" testName="TestAddLanguage (Epub3)" computerName="runnervmlu3mh" duration="00:00:00.0003251" startTime="2026-06-11T01:57:21.5478958+00:00" endTime="2026-06-11T01:57:21.5482618+00:00" testType="13cdc9d9-ddb5-4fa4-a97d-d965ccfc6d4b" outcome="Passed" testListId="8c84fa94-04c1-424b-9868-57a2d4851a1d" relativeResultsDirectory="8b0e3caf-614e-4f15-9558-4c51dd7d75d4" />
    <UnitTestResult executionId="eb3fa2cb-2996-4759-ae28-375e97f48fce" testId="1b26e4d7-3e0b-8adb-af94-08e50834077a" testName="TestResolvePath (&quot;a/b/c&quot;,&quot;../../../d/e&quot;,&quot;d/e&quot;)" computerName="runnervmlu3mh" duration="00:00:00.0000077" startTime="2026-06-11T01:57:21.5410367+00:00" endTime="2026-06-11T01:57:21.5428327+00:00" testType="13cdc9d9-ddb5-4fa4-a97d-d965ccfc6d4b" outcome="Passed" testListId="8c84fa94-04c1-424b-9868-57a2d4851a1d" relativeResultsDirectory="eb3fa2cb-2996-4759-ae28-375e97f48fce" />
    <UnitTestResult executionId="91d18c1c-08d5-4ad2-a3f2-5452b8610445" testId="14d0cd07-d554-8a17-ae84-6d68b4a68e29" testName="TestAddNcx (Epub3,&quot;epub3_ncx.opf&quot;)" computerName="runnervmlu3mh" duration="00:00:00.0002915" startTime="2026-06-11T01:57:21.5465989+00:00" endTime="2026-06-11T01:57:21.5469270+00:00" testType="13cdc9d9-ddb5-4fa4-a97d-d965ccfc6d4b" outcome="Passed" testListId="8c84fa94-04c1-424b-9868-57a2d4851a1d" relativeResultsDirectory="91d18c1c-08d5-4ad2-a3f2-5452b8610445" />
    <UnitTestResult executionId="3bd2d3a8-51f6-4d58-a29c-6fbb3cd3e9f7" testId="16734436-cecd-83b5-8627-bcedb89c8296" testName="TestGetRelativePath (&quot;a/b/c&quot;,&quot;a/b/d&quot;,&quot;../c&quot;)" computerName="runnervmlu3mh" duration="00:00:00.0004780" startTime="2026-06-11T01:57:21.5072467+00:00" endTime="2026-06-11T01:57:21.5081743+00:00" testType="13cdc9d9-ddb5-4fa4-a97d-d965ccfc6d4b" outcome="Passed" testListId="8c84fa94-04c1-424b-9868-57a2d4851a1d" relativeResultsDirectory="3bd2d3a8-51f6-4d58-a29c-6fbb3cd3e9f7" />
    <UnitTestResult executionId="3b776079-682c-4005-aaf4-7d1d0136e95d" testId="1b20638b-a8a6-85af-8458-b3b7c366f1d5" testName="TestAddTitle (Epub2)" computerName="runnervmlu3mh" duration="00:00:00.0002724" startTime="2026-06-11T01:57:21.5558411+00:00" endTime="2026-06-11T01:57:21.5561474+00:00" testType="13cdc9d9-ddb5-4fa4-a97d-d965ccfc6d4b" outcome="Passed" testListId="8c84fa94-04c1-424b-9868-57a2d4851a1d" relativeResultsDirectory="3b776079-682c-4005-aaf4-7d1d0136e95d" />
    <UnitTestResult executionId="7709faab-b92b-4aed-9217-16f2a47a2413" testId="1011288e-031f-8748-b274-76a1b0e99c39" testName="TestGetContainerXmlDocument (Epub3)" computerName="runnervmlu3mh" duration="00:00:00.0017308" startTime="2026-06-11T01:57:21.5585761+00:00" endTime="2026-06-11T01:57:21.5603694+00:00" testType="13cdc9d9-ddb5-4fa4-a97d-d965ccfc6d4b" outcome="Passed" testListId="8c84fa94-04c1-424b-9868-57a2d4851a1d" relativeResultsDirectory="7709faab-b92b-4aed-9217-16f2a47a2413" />
    <UnitTestResult executionId="e53bbdea-31db-43ea-81f0-4e98c799a161" testId="16e56989-76a7-8585-b943-e273cd2ed1c2" testName="TestAddDate (Epub2)" computerName="runnervmlu3mh" duration="00:00:00.0002556" startTime="2026-06-11T01:57:21.5554057+00:00" endTime="2026-06-11T01:57:21.5557129+00:00" testType="13cdc9d9-ddb5-4fa4-a97d-d965ccfc6d4b" outcome="Passed" testListId="8c84fa94-04c1-424b-9868-57a2d4851a1d" relativeResultsDirectory="e53bbdea-31db-43ea-81f0-4e98c799a161" />
    <UnitTestResult executionId="b22eef33-9772-4815-8ed4-7e5b6c1d79d4" testId="11ca93a8-296b-8476-9f0b-6fc4b090990d" testName="TestGetRelativePath (&quot;a/b/c&quot;,&quot;&quot;,&quot;a/b/c&quot;)" computerName="runnervmlu3mh" duration="00:00:00.0000413" startTime="2026-06-11T01:57:21.5087772+00:00" endTime="2026-06-11T01:57:21.5088402+00:00" testType="13cdc9d9-ddb5-4fa4-a97d-d965ccfc6d4b" outcome="Passed" testListId="8c84fa94-04c1-424b-9868-57a2d4851a1d" relativeResultsDirectory="b22eef33-9772-4815-8ed4-7e5b6c1d79d4" />
    <UnitTestResult executionId="1a605d20-bdc6-4c7f-ac4c-d0e110c9d226" testId="132a3618-bc6c-8626-b378-85737c5c1ffb" testName="TestAddItemToSpine (Epub2,&quot;page-spread-left&quot;,&quot;epub2_properties.opf&quot;)" computerName="runnervmlu3mh" duration="00:00:00.0004322" startTime="2026-06-11T01:57:21.5458309+00:00" endTime="2026-06-11T01:57:21.5463041+00:00" testType="13cdc9d9-ddb5-4fa4-a97d-d965ccfc6d4b" outcome="Passed" testListId="8c84fa94-04c1-424b-9868-57a2d4851a1d" relativeResultsDirectory="1a605d20-bdc6-4c7f-ac4c-d0e110c9d226" />
    <UnitTestResult executionId="7fba4a0c-8238-48fd-9d61-801a8881b612" testId="13bb92f3-9643-8d68-aa0d-763f51bdbf81" testName="TestAddIdentifier (Epub3)" computerName="runnervmlu3mh" duration="00:00:00.0005842" startTime="2026-06-11T01:57:21.5544594+00:00" endTime="2026-06-11T01:57:21.5551016+00:00" testType="13cdc9d9-ddb5-4fa4-a97d-d965ccfc6d4b" outcome="Passed" testListId="8c84fa94-04c1-424b-9868-57a2d4851a1d" relativeResultsDirectory="7fba4a0c-8238-48fd-9d61-801a8881b612" />
    <UnitTestResult executionId="76004f19-c4b6-4666-afd1-241b78c5e621" testId="17cbd791-edb7-8411-9f3d-d0fe1b2fcf02" testName="TestAddItemToSpine (Epub2,null,&quot;epub2_noproperties.opf&quot;)" computerName="runnervmlu3mh" duration="00:00:00.0000911" startTime="2026-06-11T01:57:21.5464603+00:00" endTime="2026-06-11T01:57:21.5465867+00:00" testType="13cdc9d9-ddb5-4fa4-a97d-d965ccfc6d4b" outcome="Passed" testListId="8c84fa94-04c1-424b-9868-57a2d4851a1d" relativeResultsDirectory="76004f19-c4b6-4666-afd1-241b78c5e621" />
    <UnitTestResult executionId="aebd97a5-4604-460d-9d3a-ee4531b5e5d5" testId="17163b0e-a15f-81ae-864e-083555ff6db1" testName="TestAddPrePaginated (Epub2)" computerName="runnervmlu3mh" duration="00:00:00.0003246" startTime="2026-06-11T01:57:21.5574298+00:00" endTime="2026-06-11T01:57:21.5577961+00:00" testType="13cdc9d9-ddb5-4fa4-a97d-d965ccfc6d4b" outcome="Passed" testListId="8c84fa94-04c1-424b-9868-57a2d4851a1d" relativeResultsDirectory="aebd97a5-4604-460d-9d3a-ee4531b5e5d5" />
    <UnitTestResult executionId="4fc34745-0764-4304-aab5-728adb51e408" testId="1584ef67-fe1c-864d-a045-629d708e2516" testName="TestAddModified (Epub3)" computerName="runnervmlu3mh" duration="00:00:00.0003946" startTime="2026-06-11T01:57:21.5578137+00:00" endTime="2026-06-11T01:57:21.5582450+00:00" testType="13cdc9d9-ddb5-4fa4-a97d-d965ccfc6d4b" outcome="Passed" testListId="8c84fa94-04c1-424b-9868-57a2d4851a1d" relativeResultsDirectory="4fc34745-0764-4304-aab5-728adb51e408" />
    <UnitTestResult executionId="8d8d5f64-8a7e-4f9f-a92f-815592e92fe7" testId="1a3f96ff-4c2e-82f1-a4ad-01abaff96e83" testName="TestResolvePath (&quot;a/b/c&quot;,&quot;../c&quot;,&quot;a/b/c&quot;)" computerName="runnervmlu3mh" duration="00:00:00.0000243" startTime="2026-06-11T01:57:21.5406144+00:00" endTime="2026-06-11T01:57:21.5407226+00:00" testType="13cdc9d9-ddb5-4fa4-a97d-d965ccfc6d4b" outcome="Passed" testListId="8c84fa94-04c1-424b-9868-57a2d4851a1d" relativeResultsDirectory="8d8d5f64-8a7e-4f9f-a92f-815592e92fe7" />
    <UnitTestResult executionId="ac3613b1-efd8-4739-86b5-88c288b20032" testId="18fb7630-93a1-828b-a9e1-500b27327666" testName="TestAddCreator (Epub2,[&quot;aut&quot;,&quot;ill&quot;],&quot;epub2_two_roles.opf&quot;)" computerName="runnervmlu3mh" duration="00:00:00.0000769" startTime="2026-06-11T01:57:21.5514047+00:00" endTime="2026-06-11T01:57:21.5515128+00:00" testType="13cdc9d9-ddb5-4fa4-a97d-d965ccfc6d4b" outcome="Passed" testListId="8c84fa94-04c1-424b-9868-57a2d4851a1d" relativeResultsDirectory="ac3613b1-efd8-4739-86b5-88c288b20032" />
    <UnitTestResult executionId="1fb79cc2-fc1d-46e3-9272-8e2f71858503" testId="178c28d6-788e-8eb5-bd79-d8ce91ec7454" testName="TestAddCreator (Epub3,[&quot;aut&quot;],&quot;epub3_one_role.opf&quot;)" computerName="runnervmlu3mh" duration="00:00:00.0001011" startTime="2026-06-11T01:57:21.5509875+00:00" endTime="2026-06-11T01:57:21.5511310+00:00" testType="13cdc9d9-ddb5-4fa4-a97d-d965ccfc6d4b" outcome="Passed" testListId="8c84fa94-04c1-424b-9868-57a2d4851a1d" relativeResultsDirectory="1fb79cc2-fc1d-46e3-9272-8e2f71858503" />
    <UnitTestResult executionId="0af460f3-5590-4e9b-b17b-76aefff288c3" testId="173165ad-d2bc-8165-97a9-c5621186750e" testName="TestResolvePath (&quot;a/b/c&quot;,&quot;d/e&quot;,&quot;a/b/c/d/e&quot;)" computerName="runnervmlu3mh" duration="00:00:00.0001902" startTime="2026-06-11T01:57:21.5093245+00:00" endTime="2026-06-11T01:57:21.5095559+00:00" testType="13cdc9d9-ddb5-4fa4-a97d-d965ccfc6d4b" outcome="Passed" testListId="8c84fa94-04c1-424b-9868-57a2d4851a1d" relativeResultsDirectory="0af460f3-5590-4e9b-b17b-76aefff288c3" />
    <UnitTestResult executionId="100aad82-bf18-422b-9464-ae1394d13f35" testId="1f86d215-1c27-8857-97b9-0ba7f808e19d" testName="TestGetRelativePath (&quot;a/b/c&quot;,&quot;a&quot;,&quot;b/c&quot;)" computerName="runnervmlu3mh" duration="00:00:00.0107385" startTime="2026-06-11T01:57:21.4677130+00:00" endTime="2026-06-11T01:57:21.5004898+00:00" testType="13cdc9d9-ddb5-4fa4-a97d-d965ccfc6d4b" outcome="Passed" testListId="8c84fa94-04c1-424b-9868-57a2d4851a1d" relativeResultsDirectory="100aad82-bf18-422b-9464-ae1394d13f35" />
    <UnitTestResult executionId="aecba23f-20af-45ba-9baf-7e07203b3fcd" testId="110d5f63-5620-8288-a852-48415a5701b6" testName="TestAddIdentifier (Epub3)" computerName="runnervmlu3mh" duration="00:00:00.0006661" startTime="2026-06-11T01:57:21.5448375+00:00" endTime="2026-06-11T01:57:21.5455922+00:00" testType="13cdc9d9-ddb5-4fa4-a97d-d965ccfc6d4b" outcome="Passed" testListId="8c84fa94-04c1-424b-9868-57a2d4851a1d" relativeResultsDirectory="aecba23f-20af-45ba-9baf-7e07203b3fcd" />
    <UnitTestResult executionId="8c53514d-eeff-4574-b7dd-303a42e704c1" testId="17b70e0f-1bb5-8232-bb22-ad292bd4ca53" testName="TestAddDescription (Epub3)" computerName="runnervmlu3mh" duration="00:00:00.0003430" startTime="2026-06-11T01:57:21.5515249+00:00" endTime="2026-06-11T01:57:21.5519059+00:00" testType="13cdc9d9-ddb5-4fa4-a97d-d965ccfc6d4b" outcome="Passed" testListId="8c84fa94-04c1-424b-9868-57a2d4851a1d" relativeResultsDirectory="8c53514d-eeff-4574-b7dd-303a42e704c1" />
    <UnitTestResult executionId="f33e9b78-59c6-44d4-8b89-e547fa0cdf86" testId="12fc392e-8199-86c7-8604-b296f0959a0f" testName="TestAddTitle (Epub3)" computerName="runnervmlu3mh" duration="00:00:00.0004811" startTime="2026-06-11T01:57:21.5460747+00:00" endTime="2026-06-11T01:57:21.5465899+00:00" testType="13cdc9d9-ddb5-4fa4-a97d-d965ccfc6d4b" outcome="Passed" testListId="8c84fa94-04c1-424b-9868-57a2d4851a1d" relativeResultsDirectory="f33e9b78-59c6-44d4-8b89-e547fa0cdf86" />
    <UnitTestResult executionId="b68ad130-3467-4bc4-97ec-5d5ffee6e5b8" testId="178aa3ea-46b0-8718-8f38-a36a6d78e6f8" testName="TestAddItemToLandmarks (Epub3)" computerName="runnervmlu3mh" duration="00:00:00.0005845" startTime="2026-06-11T01:57:21.5653371+00:00" endTime="2026-06-11T01:57:21.5659592+00:00" testType="13cdc9d9-ddb5-4fa4-a97d-d965ccfc6d4b" outcome="Passed" testListId="8c84fa94-04c1-424b-9868-57a2d4851a1d" relativeResultsDirectory="b68ad130-3467-4bc4-97ec-5d5ffee6e5b8" />
    <UnitTestResult executionId="1e112dd5-6695-4466-b0af-501157d4c288" testId="196202e8-80f4-8220-b7a4-03bed006a872" testName="TestAddLanguage (Epub2)" computerName="runnervmlu3mh" duration="00:00:00.0003851" startTime="2026-06-11T01:57:21.5482764+00:00" endTime="2026-06-11T01:57:21.5486960+00:00" testType="13cdc9d9-ddb5-4fa4-a97d-d965ccfc6d4b" outcome="Passed" testListId="8c84fa94-04c1-424b-9868-57a2d4851a1d" relativeResultsDirectory="1e112dd5-6695-4466-b0af-501157d4c288" />
    <UnitTestResult executionId="385984fa-36d3-4ee1-a1bf-9825d118522a" testId="1f20d052-efc6-827b-8ace-2d57870f3d7b" testName="TestGetRasterDocument (Epub3)" computerName="runnervmlu3mh" duration="00:00:00.0015093" startTime="2026-06-11T01:57:21.5609034+00:00" endTime="2026-06-11T01:57:21.5624779+00:00" testType="13cdc9d9-ddb5-4fa4-a97d-d965ccfc6d4b" outcome="Passed" testListId="8c84fa94-04c1-424b-9868-57a2d4851a1d" relativeResultsDirectory="385984fa-36d3-4ee1-a1bf-9825d118522a" />
    <UnitTestResult executionId="051860f7-9af3-4eb3-97b9-2bc08f2da88c" testId="17e7e5f5-8e92-8ea9-bd8b-79d2ff2868d6" testName="TestAddTitle (Epub3)" computerName="runnervmlu3mh" duration="00:00:00.0002902" startTime="2026-06-11T01:57:21.5554973+00:00" endTime="2026-06-11T01:57:21.5558212+00:00" testType="13cdc9d9-ddb5-4fa4-a97d-d965ccfc6d4b" outcome="Passed" testListId="8c84fa94-04c1-424b-9868-57a2d4851a1d" relativeResultsDirectory="051860f7-9af3-4eb3-97b9-2bc08f2da88c" />
    <UnitTestResult executionId="7dfdc94b-14b9-4c83-908e-7cddb7cb99df" testId="1d890bf7-586d-85b6-b06c-8f6a41e0ae1e" testName="TestAddLeftToRight (Epub3,&quot;epub3_ltr.opf&quot;)" computerName="runnervmlu3mh" duration="00:00:00.0003133" startTime="2026-06-11T01:57:21.5479635+00:00" endTime="2026-06-11T01:57:21.5483177+00:00" testType="13cdc9d9-ddb5-4fa4-a97d-d965ccfc6d4b" outcome="Passed" testListId="8c84fa94-04c1-424b-9868-57a2d4851a1d" relativeResultsDirectory="7dfdc94b-14b9-4c83-908e-7cddb7cb99df" />
    <UnitTestResult executionId="ac3a29ab-48ce-453f-afdc-c02ba803d517" testId="1576e578-fb17-8c86-9f06-aa7cda5c1b5a" testName="TestAddTitle (Epub2)" computerName="runnervmlu3mh" duration="00:00:00.0002576" startTime="2026-06-11T01:57:21.5475754+00:00" endTime="2026-06-11T01:57:21.5478717+00:00" testType="13cdc9d9-ddb5-4fa4-a97d-d965ccfc6d4b" outcome="Passed" testListId="8c84fa94-04c1-424b-9868-57a2d4851a1d" relativeResultsDirectory="ac3a29ab-48ce-453f-afdc-c02ba803d517" />
    <UnitTestResult executionId="f341b178-728d-4cd9-96ed-350cb6f76af7" testId="1c0b229c-cfde-842a-8c76-19a571413f49" testName="TestAddItemToManifest (Epub2,&quot;cover.jpg&quot;,&quot;cover-image&quot;,&quot;cover-id&quot;,&quot;epub2_properties_id.opf&quot;)" computerName="runnervmlu3mh" duration="00:00:00.0005566" startTime="2026-06-11T01:57:21.5408221+00:00" endTime="2026-06-11T01:57:21.5414238+00:00" testType="13cdc9d9-ddb5-4fa4-a97d-d965ccfc6d4b" outcome="Passed" testListId="8c84fa94-04c1-424b-9868-57a2d4851a1d" relativeResultsDirectory="f341b178-728d-4cd9-96ed-350cb6f76af7" />
    <UnitTestResult executionId="b393c010-2810-4d54-9650-77320b345022" testId="1f027eb2-66bc-8be8-8300-bf63e361e75e" testName="TestGetRelativePath (&quot;a/b/c&quot;,&quot;b/c/d&quot;,&quot;../../../a/b/c&quot;)" computerName="runnervmlu3mh" duration="00:00:00.0000065" startTime="2026-06-11T01:57:21.5088479+00:00" endTime="2026-06-11T01:57:21.5088773+00:00" testType="13cdc9d9-ddb5-4fa4-a97d-d965ccfc6d4b" outcome="Passed" testListId="8c84fa94-04c1-424b-9868-57a2d4851a1d" relativeResultsDirectory="b393c010-2810-4d54-9650-77320b345022" />
    <UnitTestResult executionId="827f8353-210e-412c-a5bd-0ccb903edd68" testId="104fae68-6cd5-841d-8283-464853a139a3" testName="TestGetRasterDocument (Epub2)" computerName="runnervmlu3mh" duration="00:00:00.0011095" startTime="2026-06-11T01:57:21.5624948+00:00" endTime="2026-06-11T01:57:21.5636575+00:00" testType="13cdc9d9-ddb5-4fa4-a97d-d965ccfc6d4b" outcome="Passed" testListId="8c84fa94-04c1-424b-9868-57a2d4851a1d" relativeResultsDirectory="827f8353-210e-412c-a5bd-0ccb903edd68" />
    <UnitTestResult executionId="14cf397b-5c91-4179-9341-f6737a1868f4" testId="1907624b-6009-89cb-a76c-8b426f68f298" testName="TestAddNcx (Epub2,&quot;epub2_ncx.opf&quot;)" computerName="runnervmlu3mh" duration="00:00:00.0003018" startTime="2026-06-11T01:57:21.5476041+00:00" endTime="2026-06-11T01:57:21.5479483+00:00" testType="13cdc9d9-ddb5-4fa4-a97d-d965ccfc6d4b" outcome="Passed" testListId="8c84fa94-04c1-424b-9868-57a2d4851a1d" relativeResultsDirectory="14cf397b-5c91-4179-9341-f6737a1868f4" />
    <UnitTestResult executionId="4a8e271b-6a16-4254-912a-0e0caa350f11" testId="1cb53fa7-66ef-886d-96df-85f4e3a5f607" testName="TestResolvePath (&quot;a/b/c&quot;,&quot;../../d/e&quot;,&quot;a/d/e&quot;)" computerName="runnervmlu3mh" duration="00:00:00.0000116" startTime="2026-06-11T01:57:21.5409746+00:00" endTime="2026-06-11T01:57:21.5410274+00:00" testType="13cdc9d9-ddb5-4fa4-a97d-d965ccfc6d4b" outcome="Passed" testListId="8c84fa94-04c1-424b-9868-57a2d4851a1d" relativeResultsDirectory="4a8e271b-6a16-4254-912a-0e0caa350f11" />
    <UnitTestResult executionId="019457a1-0a31-4196-b0ff-dd58695e8ce4" testId="139f1cb2-b2ce-8c72-a0dc-23e529c29a74" testName="TestAddCreator (Epub2,[],&quot;epub2_no_roles.opf&quot;)" computerName="runnervmlu3mh" duration="00:00:00.0002860" startTime="2026-06-11T01:57:21.5495997+00:00" endTime="2026-06-11T01:57:21.5499235+00:00" testType="13cdc9d9-ddb5-4fa4-a97d-d965ccfc6d4b" outcome="Passed" testListId="8c84fa94-04c1-424b-9868-57a2d4851a1d" relativeResultsDirectory="019457a1-0a31-4196-b0ff-dd58695e8ce4" />
    <UnitTestResult executionId="251726d3-c602-45c8-9acd-f9f4266595a0" testId="1229b021-b396-8067-9d67-6db2b8bc72b7" testName="TestAddNavItem (Epub3)" computerName="runnervmlu3mh" duration="00:00:00.0052135" startTime="2026-06-11T01:57:21.5574101+00:00" endTime="2026-06-11T01:57:21.5626670+00:00" testType="13cdc9d9-ddb5-4fa4-a97d-d965ccfc6d4b" outcome="Passed" testListId="8c84fa94-04c1-424b-9868-57a2d4851a1d" relativeResultsDirectory="251726d3-c602-45c8-9acd-f9f4266595a0" />
    <UnitTestResult executionId="8069d413-0878-4e68-ba8f-00f2118e7ce3" testId="1c344ecb-28e7-8e25-b223-6e397f5054f4" testName="TestAddDate (Epub3)" computerName="runnervmlu3mh" duration="00:00:00.0005180" startTime="2026-06-11T01:57:21.5522641+00:00" endTime="2026-06-11T01:57:21.5528173+00:00" testType="13cdc9d9-ddb5-4fa4-a97d-d965ccfc6d4b" outcome="Passed" testListId="8c84fa94-04c1-424b-9868-57a2d4851a1d" relativeResultsDirectory="8069d413-0878-4e68-ba8f-00f2118e7ce3" />
    <UnitTestResult executionId="e5e8e93a-ec5b-42f2-a92a-c30e522ded61" testId="1a5dc06e-54fd-8d2c-a693-2b5cb2a6574b" testName="TestAddIdentifier (Epub2)" computerName="runnervmlu3mh" duration="00:00:00.0003317" startTime="2026-06-11T01:57:21.5551145+00:00" endTime="2026-06-11T01:57:21.5554833+00:00" testType="13cdc9d9-ddb5-4fa4-a97d-d965ccfc6d4b" outcome="Passed" testListId="8c84fa94-04c1-424b-9868-57a2d4851a1d" relativeResultsDirectory="e5e8e93a-ec5b-42f2-a92a-c30e522ded61" />
    <UnitTestResult executionId="4ae064b2-295d-49b0-9aca-d72b7d32cf8a" testId="132c93fc-99cf-80a0-b0a6-22904c48670f" testName="TestAddNavItem (Epub2)" computerName="runnervmlu3mh" duration="00:00:00.0009556" startTime="2026-06-11T01:57:21.5643010+00:00" endTime="2026-06-11T01:57:21.5653230+00:00" testType="13cdc9d9-ddb5-4fa4-a97d-d965ccfc6d4b" outcome="Passed" testListId="8c84fa94-04c1-424b-9868-57a2d4851a1d" relativeResultsDirectory="4ae064b2-295d-49b0-9aca-d72b7d32cf8a" />
    <UnitTestResult executionId="1e752a3e-3e96-47cd-b273-23f425264467" testId="1ec0effe-5d9b-8d26-ab26-1e26e51fca30" testName="TestAddItemToManifest (Epub2,&quot;cover.jpg&quot;,null,null,&quot;epub2_noproperties_noid.opf&quot;)" computerName="runnervmlu3mh" duration="00:00:00.0000766" startTime="2026-06-11T01:57:21.5417748+00:00" endTime="2026-06-11T01:57:21.5427854+00:00" testType="13cdc9d9-ddb5-4fa4-a97d-d965ccfc6d4b" outcome="Passed" testListId="8c84fa94-04c1-424b-9868-57a2d4851a1d" relativeResultsDirectory="1e752a3e-3e96-47cd-b273-23f425264467" />
    <UnitTestResult executionId="b60d3ade-d1d5-44fe-aeb2-ad2fb26e029c" testId="12509452-eb51-8bd2-8023-5d9d95470f16" testName="TestAddReferenceToGuide (Epub3)" computerName="runnervmlu3mh" duration="00:00:00.0361948" startTime="2026-06-11T01:57:21.4677227+00:00" endTime="2026-06-11T01:57:21.5237110+00:00" testType="13cdc9d9-ddb5-4fa4-a97d-d965ccfc6d4b" outcome="Passed" testListId="8c84fa94-04c1-424b-9868-57a2d4851a1d" relativeResultsDirectory="b60d3ade-d1d5-44fe-aeb2-ad2fb26e029c" />
    <UnitTestResult executionId="285a195a-08ac-4654-a813-1ff3807200f8" testId="1d853697-1c40-8ef7-b701-75fcb83d716c" testName="TestAddRightToLeft (Epub3,&quot;epub3_rtl.opf&quot;)" computerName="runnervmlu3mh" duration="00:00:00.0002718" startTime="2026-06-11T01:57:21.5537862+00:00" endTime="2026-06-11T01:57:21.5540998+00:00" testType="13cdc9d9-ddb5-4fa4-a97d-d965ccfc6d4b" outcome="Passed" testListId="8c84fa94-04c1-424b-9868-57a2d4851a1d" relativeResultsDirectory="285a195a-08ac-4654-a813-1ff3807200f8" />
    <UnitTestResult executionId="bf6a93c4-826a-4db4-ba02-6a301dfa51f0" testId="12ab518a-33ba-8068-a833-7799730fcbd5" testName="TestAddCreator (Epub3,[&quot;aut&quot;,&quot;ill&quot;],&quot;epub3_two_roles.opf&quot;)" computerName="runnervmlu3mh" duration="00:00:00.0000880" startTime="2026-06-11T01:57:21.5512712+00:00" endTime="2026-06-11T01:57:21.5513932+00:00" testType="13cdc9d9-ddb5-4fa4-a97d-d965ccfc6d4b" outcome="Passed" testListId="8c84fa94-04c1-424b-9868-57a2d4851a1d" relativeResultsDirectory="bf6a93c4-826a-4db4-ba02-6a301dfa51f0" />
    <UnitTestResult executionId="b12e3223-9a2f-4605-92a4-4e265d13ca44" testId="14c058b4-2c86-895b-b0b1-cc5b57859157" testName="TestAddNavItem (Epub2)" computerName="runnervmlu3mh" duration="00:00:00.0002772" startTime="2026-06-11T01:57:21.5637075+00:00" endTime="2026-06-11T01:57:21.5640274+00:00" testType="13cdc9d9-ddb5-4fa4-a97d-d965ccfc6d4b" outcome="Passed" testListId="8c84fa94-04c1-424b-9868-57a2d4851a1d" relativeResultsDirectory="b12e3223-9a2f-4605-92a4-4e265d13ca44" />
    <UnitTestResult executionId="d504424b-8d6a-4cb7-bcd6-0afc9375a6ab" testId="1ad59a54-6162-8915-b78f-cbce5547287d" testName="TestAddCreator (Epub2,[&quot;aut&quot;],&quot;epub2_one_role.opf&quot;)" computerName="runnervmlu3mh" duration="00:00:00.0000766" startTime="2026-06-11T01:57:21.5511513+00:00" endTime="2026-06-11T01:57:21.5512595+00:00" testType="13cdc9d9-ddb5-4fa4-a97d-d965ccfc6d4b" outcome="Passed" testListId="8c84fa94-04c1-424b-9868-57a2d4851a1d" relativeResultsDirectory="d504424b-8d6a-4cb7-bcd6-0afc9375a6ab" />
    <UnitTestResult executionId="f4e99317-34c7-4c63-a937-cab28e5a0be9" testId="1a00353d-820e-8fa3-9091-7b2ebff721ec" testName="TestAddItemToSpine (Epub3,null,&quot;epub3_noproperties.opf&quot;)" computerName="runnervmlu3mh" duration="00:00:00.0000874" startTime="2026-06-11T01:57:21.5463196+00:00" endTime="2026-06-11T01:57:21.5464441+00:00" testType="13cdc9d9-ddb5-4fa4-a97d-d965ccfc6d4b" outcome="Passed" testListId="8c84fa94-04c1-424b-9868-57a2d4851a1d" relativeResultsDirectory="f4e99317-34c7-4c63-a937-cab28e5a0be9" />
    <UnitTestResult executionId="1fbaf4cf-5129-4c06-a08c-2ee563d61be6" testId="1d6f9d40-3288-8453-b9b2-5ea56e2a4753" testName="TestAddItemToManifest (Epub3,&quot;cover.jpg&quot;,&quot;cover-image&quot;,&quot;cover-id&quot;,&quot;epub3_properties_id.opf&quot;)" computerName="runnervmlu3mh" duration="00:00:00.0361932" startTime="2026-06-11T01:57:21.4677435+00:00" endTime="2026-06-11T01:57:21.5237123+00:00" testType="13cdc9d9-ddb5-4fa4-a97d-d965ccfc6d4b" outcome="Passed" testListId="8c84fa94-04c1-424b-9868-57a2d4851a1d" relativeResultsDirectory="1fbaf4cf-5129-4c06-a08c-2ee563d61be6" />
  </Results>
  <TestDefinitions>
    <UnitTest name="TestAddReferenceToGuide (Epub2)" storage="d:\a\dotnet-monorepo\dotnet-monorepo\src\artifacts\bin\epubs.tests\release_win-x64\epubs.tests.dll" id="1e13994d-6844-8233-9112-553b896408e8">
      <Execution id="e655bb49-fca9-40f5-b8ed-17faa2670d57" />
      <TestMethod codeBase="D:\a\dotnet-monorepo\dotnet-monorepo\src\artifacts\bin\Epubs.Tests\release_win-x64\Epubs.Tests.dll" adapterTypeName="executor://mstestadapter/v4" className="Epubs.Tests.WriterTests.PackageDocumentTests.GuideTests" name="TestAddReferenceToGuide" />
    </UnitTest>
    <UnitTest name="TestAddModified (Epub2)" storage="d:\a\dotnet-monorepo\dotnet-monorepo\src\artifacts\bin\epubs.tests\release_win-x64\epubs.tests.dll" id="1dc58f02-8bfb-87ff-8152-97912961162e">
      <Execution id="0e8a46ea-b00d-486f-9d57-231231759cb7" />
      <TestMethod codeBase="D:\a\dotnet-monorepo\dotnet-monorepo\src\artifacts\bin\Epubs.Tests\release_win-x64\Epubs.Tests.dll" adapterTypeName="executor://mstestadapter/v4" className="Epubs.Tests.WriterTests.PackageDocumentTests.MetadataTests" name="TestAddModified" />
    </UnitTest>
    <UnitTest name="TestAddTitle (Epub2)" storage="d:\a\dotnet-monorepo\dotnet-monorepo\src\artifacts\bin\epubs.tests\release_win-x64\epubs.tests.dll" id="1576e578-fb17-8c86-9f06-aa7cda5c1b5a">
      <Execution id="ac3a29ab-48ce-453f-afdc-c02ba803d517" />
      <TestMethod codeBase="D:\a\dotnet-monorepo\dotnet-monorepo\src\artifacts\bin\Epubs.Tests\release_win-x64\Epubs.Tests.dll" adapterTypeName="executor://mstestadapter/v4" className="Epubs.Tests.WriterTests.PackageDocumentTests.MetadataTests" name="TestAddTitle" />
    </UnitTest>
    <UnitTest name="TestGetRelativePath (&quot;a/b/c&quot;,&quot;a/b/d&quot;,&quot;../c&quot;)" storage="d:\a\dotnet-monorepo\dotnet-monorepo\src\artifacts\bin\epubs.tests\release_win-x64\epubs.tests.dll" id="16734436-cecd-83b5-8627-bcedb89c8296">
      <Execution id="3bd2d3a8-51f6-4d58-a29c-6fbb3cd3e9f7" />
      <TestMethod codeBase="D:\a\dotnet-monorepo\dotnet-monorepo\src\artifacts\bin\Epubs.Tests\release_win-x64\Epubs.Tests.dll" adapterTypeName="executor://mstestadapter/v4" className="Epubs.Tests.EpubPathsTests" name="TestGetRelativePath" />
    </UnitTest>
    <UnitTest name="TestAddLeftToRight (Epub3,&quot;epub3_ltr.opf&quot;)" storage="d:\a\dotnet-monorepo\dotnet-monorepo\src\artifacts\bin\epubs.tests\release_win-x64\epubs.tests.dll" id="1d890bf7-586d-85b6-b06c-8f6a41e0ae1e">
      <Execution id="7dfdc94b-14b9-4c83-908e-7cddb7cb99df" />
      <TestMethod codeBase="D:\a\dotnet-monorepo\dotnet-monorepo\src\artifacts\bin\Epubs.Tests\release_win-x64\Epubs.Tests.dll" adapterTypeName="executor://mstestadapter/v4" className="Epubs.Tests.WriterTests.PackageDocumentTests.SpineTests" name="TestAddLeftToRight" />
    </UnitTest>
    <UnitTest name="TestAddIdentifier (Epub2)" storage="d:\a\dotnet-monorepo\dotnet-monorepo\src\artifacts\bin\epubs.tests\release_win-x64\epubs.tests.dll" id="1a5dc06e-54fd-8d2c-a693-2b5cb2a6574b">
      <Execution id="e5e8e93a-ec5b-42f2-a92a-c30e522ded61" />
      <TestMethod codeBase="D:\a\dotnet-monorepo\dotnet-monorepo\src\artifacts\bin\Epubs.Tests\release_win-x64\Epubs.Tests.dll" adapterTypeName="executor://mstestadapter/v4" className="Epubs.Tests.WriterTests.NavigationTests.NcxTests" name="TestAddIdentifier" />
    </UnitTest>
    <UnitTest name="TestAddItemToLandmarks (Epub3)" storage="d:\a\dotnet-monorepo\dotnet-monorepo\src\artifacts\bin\epubs.tests\release_win-x64\epubs.tests.dll" id="178aa3ea-46b0-8718-8f38-a36a6d78e6f8">
      <Execution id="b68ad130-3467-4bc4-97ec-5d5ffee6e5b8" />
      <TestMethod codeBase="D:\a\dotnet-monorepo\dotnet-monorepo\src\artifacts\bin\Epubs.Tests\release_win-x64\Epubs.Tests.dll" adapterTypeName="executor://mstestadapter/v4" className="Epubs.Tests.WriterTests.NavigationTests.NavigationDocumentTests" name="TestAddItemToLandmarks" />
    </UnitTest>
    <UnitTest name="TestGetContainerXmlDocument (Epub2)" storage="d:\a\dotnet-monorepo\dotnet-monorepo\src\artifacts\bin\epubs.tests\release_win-x64\epubs.tests.dll" id="1e8f751a-7342-8e0a-8749-cd28c43d3882">
      <Execution id="8404b1d6-fc19-4ebe-a6ec-f922522552f4" />
      <TestMethod codeBase="D:\a\dotnet-monorepo\dotnet-monorepo\src\artifacts\bin\Epubs.Tests\release_win-x64\Epubs.Tests.dll" adapterTypeName="executor://mstestadapter/v4" className="Epubs.Tests.WriterTests.MetaInfTests.ContainerXmlTests" name="TestGetContainerXmlDocument" />
    </UnitTest>
    <UnitTest name="TestAddRightToLeft (Epub2,&quot;epub2_rtl.opf&quot;)" storage="d:\a\dotnet-monorepo\dotnet-monorepo\src\artifacts\bin\epubs.tests\release_win-x64\epubs.tests.dll" id="18f58b21-b2c3-803b-8cb0-4e08dd113f73">
      <Execution id="3b065205-0bcb-470e-9cd6-8b5b09eeeba0" />
      <TestMethod codeBase="D:\a\dotnet-monorepo\dotnet-monorepo\src\artifacts\bin\Epubs.Tests\release_win-x64\Epubs.Tests.dll" adapterTypeName="executor://mstestadapter/v4" className="Epubs.Tests.WriterTests.PackageDocumentTests.SpineTests" name="TestAddRightToLeft" />
    </UnitTest>
    <UnitTest name="TestAddCreator (Epub2,[&quot;aut&quot;],&quot;epub2_one_role.opf&quot;)" storage="d:\a\dotnet-monorepo\dotnet-monorepo\src\artifacts\bin\epubs.tests\release_win-x64\epubs.tests.dll" id="1ad59a54-6162-8915-b78f-cbce5547287d">
      <Execution id="d504424b-8d6a-4cb7-bcd6-0afc9375a6ab" />
      <TestMethod codeBase="D:\a\dotnet-monorepo\dotnet-monorepo\src\artifacts\bin\Epubs.Tests\release_win-x64\Epubs.Tests.dll" adapterTypeName="executor://mstestadapter/v4" className="Epubs.Tests.WriterTests.PackageDocumentTests.MetadataTests" name="TestAddCreator" />
    </UnitTest>
    <UnitTest name="TestAddModified (Epub3)" storage="d:\a\dotnet-monorepo\dotnet-monorepo\src\artifacts\bin\epubs.tests\release_win-x64\epubs.tests.dll" id="1584ef67-fe1c-864d-a045-629d708e2516">
      <Execution id="4fc34745-0764-4304-aab5-728adb51e408" />
      <TestMethod codeBase="D:\a\dotnet-monorepo\dotnet-monorepo\src\artifacts\bin\Epubs.Tests\release_win-x64\Epubs.Tests.dll" adapterTypeName="executor://mstestadapter/v4" className="Epubs.Tests.WriterTests.PackageDocumentTests.MetadataTests" name="TestAddModified" />
    </UnitTest>
    <UnitTest name="TestAddLanguage (Epub2)" storage="d:\a\dotnet-monorepo\dotnet-monorepo\src\artifacts\bin\epubs.tests\release_win-x64\epubs.tests.dll" id="196202e8-80f4-8220-b7a4-03bed006a872">
      <Execution id="1e112dd5-6695-4466-b0af-501157d4c288" />
      <TestMethod codeBase="D:\a\dotnet-monorepo\dotnet-monorepo\src\artifacts\bin\Epubs.Tests\release_win-x64\Epubs.Tests.dll" adapterTypeName="executor://mstestadapter/v4" className="Epubs.Tests.WriterTests.PackageDocumentTests.MetadataTests" name="TestAddLanguage" />
    </UnitTest>
    <UnitTest name="TestResolvePath (&quot;a/b/c&quot;,&quot;d/e&quot;,&quot;a/b/c/d/e&quot;)" storage="d:\a\dotnet-monorepo\dotnet-monorepo\src\artifacts\bin\epubs.tests\release_win-x64\epubs.tests.dll" id="173165ad-d2bc-8165-97a9-c5621186750e">
      <Execution id="0af460f3-5590-4e9b-b17b-76aefff288c3" />
      <TestMethod codeBase="D:\a\dotnet-monorepo\dotnet-monorepo\src\artifacts\bin\Epubs.Tests\release_win-x64\Epubs.Tests.dll" adapterTypeName="executor://mstestadapter/v4" className="Epubs.Tests.EpubPathsTests" name="TestResolvePath" />
    </UnitTest>
    <UnitTest name="TestAddDescription (Epub2)" storage="d:\a\dotnet-monorepo\dotnet-monorepo\src\artifacts\bin\epubs.tests\release_win-x64\epubs.tests.dll" id="13acc5b9-b971-8983-8930-49d6f4051f77">
      <Execution id="db1ff1d6-1c5b-4a41-b465-52d50d01254e" />
      <TestMethod codeBase="D:\a\dotnet-monorepo\dotnet-monorepo\src\artifacts\bin\Epubs.Tests\release_win-x64\Epubs.Tests.dll" adapterTypeName="executor://mstestadapter/v4" className="Epubs.Tests.WriterTests.PackageDocumentTests.MetadataTests" name="TestAddDescription" />
    </UnitTest>
    <UnitTest name="TestAddNavItem (Epub2)" storage="d:\a\dotnet-monorepo\dotnet-monorepo\src\artifacts\bin\epubs.tests\release_win-x64\epubs.tests.dll" id="14c058b4-2c86-895b-b0b1-cc5b57859157">
      <Execution id="b12e3223-9a2f-4605-92a4-4e265d13ca44" />
      <TestMethod codeBase="D:\a\dotnet-monorepo\dotnet-monorepo\src\artifacts\bin\Epubs.Tests\release_win-x64\Epubs.Tests.dll" adapterTypeName="executor://mstestadapter/v4" className="Epubs.Tests.WriterTests.NavigationTests.NcxTests" name="TestAddNavItem" />
    </UnitTest>
    <UnitTest name="TestGetContainerXmlDocument (Epub3)" storage="d:\a\dotnet-monorepo\dotnet-monorepo\src\artifacts\bin\epubs.tests\release_win-x64\epubs.tests.dll" id="1011288e-031f-8748-b274-76a1b0e99c39">
      <Execution id="7709faab-b92b-4aed-9217-16f2a47a2413" />
      <TestMethod codeBase="D:\a\dotnet-monorepo\dotnet-monorepo\src\artifacts\bin\Epubs.Tests\release_win-x64\Epubs.Tests.dll" adapterTypeName="executor://mstestadapter/v4" className="Epubs.Tests.WriterTests.MetaInfTests.ContainerXmlTests" name="TestGetContainerXmlDocument" />
    </UnitTest>
    <UnitTest name="TestAddLeftToRight (Epub2,&quot;epub2_ltr.opf&quot;)" storage="d:\a\dotnet-monorepo\dotnet-monorepo\src\artifacts\bin\epubs.tests\release_win-x64\epubs.tests.dll" id="1606129a-0ad6-89b1-8eb5-de137dec383d">
      <Execution id="59175114-ce31-4937-962a-0aa42542d00b" />
      <TestMethod codeBase="D:\a\dotnet-monorepo\dotnet-monorepo\src\artifacts\bin\Epubs.Tests\release_win-x64\Epubs.Tests.dll" adapterTypeName="executor://mstestadapter/v4" className="Epubs.Tests.WriterTests.PackageDocumentTests.SpineTests" name="TestAddLeftToRight" />
    </UnitTest>
    <UnitTest name="TestAddNcx (Epub2,&quot;epub2_ncx.opf&quot;)" storage="d:\a\dotnet-monorepo\dotnet-monorepo\src\artifacts\bin\epubs.tests\release_win-x64\epubs.tests.dll" id="1907624b-6009-89cb-a76c-8b426f68f298">
      <Execution id="14cf397b-5c91-4179-9341-f6737a1868f4" />
      <TestMethod codeBase="D:\a\dotnet-monorepo\dotnet-monorepo\src\artifacts\bin\Epubs.Tests\release_win-x64\Epubs.Tests.dll" adapterTypeName="executor://mstestadapter/v4" className="Epubs.Tests.WriterTests.PackageDocumentTests.SpineTests" name="TestAddNcx" />
    </UnitTest>
    <UnitTest name="TestGetRasterDocument (Epub3)" storage="d:\a\dotnet-monorepo\dotnet-monorepo\src\artifacts\bin\epubs.tests\release_win-x64\epubs.tests.dll" id="1f20d052-efc6-827b-8ace-2d57870f3d7b">
      <Execution id="385984fa-36d3-4ee1-a1bf-9825d118522a" />
      <TestMethod codeBase="D:\a\dotnet-monorepo\dotnet-monorepo\src\artifacts\bin\Epubs.Tests\release_win-x64\Epubs.Tests.dll" adapterTypeName="executor://mstestadapter/v4" className="Epubs.Tests.WriterTests.CoverXhtmlTests.RasterTests" name="TestGetRasterDocument" />
    </UnitTest>
    <UnitTest name="TestAddItemToManifest (Epub2,&quot;cover.jpg&quot;,null,null,&quot;epub2_noproperties_noid.opf&quot;)" storage="d:\a\dotnet-monorepo\dotnet-monorepo\src\artifacts\bin\epubs.tests\release_win-x64\epubs.tests.dll" id="1ec0effe-5d9b-8d26-ab26-1e26e51fca30">
      <Execution id="1e752a3e-3e96-47cd-b273-23f425264467" />
      <TestMethod codeBase="D:\a\dotnet-monorepo\dotnet-monorepo\src\artifacts\bin\Epubs.Tests\release_win-x64\Epubs.Tests.dll" adapterTypeName="executor://mstestadapter/v4" className="Epubs.Tests.WriterTests.PackageDocumentTests.ManifestTests" name="TestAddItemToManifest" />
    </UnitTest>
    <UnitTest name="TestAddNavItem (Epub3)" storage="d:\a\dotnet-monorepo\dotnet-monorepo\src\artifacts\bin\epubs.tests\release_win-x64\epubs.tests.dll" id="1bf56acc-bc6b-8496-947d-aa65e255463c">
      <Execution id="07963e50-3713-43c1-b01c-ab99d77b7507" />
      <TestMethod codeBase="D:\a\dotnet-monorepo\dotnet-monorepo\src\artifacts\bin\Epubs.Tests\release_win-x64\Epubs.Tests.dll" adapterTypeName="executor://mstestadapter/v4" className="Epubs.Tests.WriterTests.NavigationTests.NavigationDocumentTests" name="TestAddNavItem" />
    </UnitTest>
    <UnitTest name="TestAddRightToLeft (Epub3,&quot;epub3_rtl.opf&quot;)" storage="d:\a\dotnet-monorepo\dotnet-monorepo\src\artifacts\bin\epubs.tests\release_win-x64\epubs.tests.dll" id="1d853697-1c40-8ef7-b701-75fcb83d716c">
      <Execution id="285a195a-08ac-4654-a813-1ff3807200f8" />
      <TestMethod codeBase="D:\a\dotnet-monorepo\dotnet-monorepo\src\artifacts\bin\Epubs.Tests\release_win-x64\Epubs.Tests.dll" adapterTypeName="executor://mstestadapter/v4" className="Epubs.Tests.WriterTests.PackageDocumentTests.SpineTests" name="TestAddRightToLeft" />
    </UnitTest>
    <UnitTest name="TestAddDate (Epub2)" storage="d:\a\dotnet-monorepo\dotnet-monorepo\src\artifacts\bin\epubs.tests\release_win-x64\epubs.tests.dll" id="16e56989-76a7-8585-b943-e273cd2ed1c2">
      <Execution id="e53bbdea-31db-43ea-81f0-4e98c799a161" />
      <TestMethod codeBase="D:\a\dotnet-monorepo\dotnet-monorepo\src\artifacts\bin\Epubs.Tests\release_win-x64\Epubs.Tests.dll" adapterTypeName="executor://mstestadapter/v4" className="Epubs.Tests.WriterTests.PackageDocumentTests.MetadataTests" name="TestAddDate" />
    </UnitTest>
    <UnitTest name="TestGetRelativePath (&quot;a/b/c&quot;,&quot;&quot;,&quot;a/b/c&quot;)" storage="d:\a\dotnet-monorepo\dotnet-monorepo\src\artifacts\bin\epubs.tests\release_win-x64\epubs.tests.dll" id="11ca93a8-296b-8476-9f0b-6fc4b090990d">
      <Execution id="b22eef33-9772-4815-8ed4-7e5b6c1d79d4" />
      <TestMethod codeBase="D:\a\dotnet-monorepo\dotnet-monorepo\src\artifacts\bin\Epubs.Tests\release_win-x64\Epubs.Tests.dll" adapterTypeName="executor://mstestadapter/v4" className="Epubs.Tests.EpubPathsTests" name="TestGetRelativePath" />
    </UnitTest>
    <UnitTest name="TestGetRelativePath (&quot;a/b/c&quot;,&quot;a&quot;,&quot;b/c&quot;)" storage="d:\a\dotnet-monorepo\dotnet-monorepo\src\artifacts\bin\epubs.tests\release_win-x64\epubs.tests.dll" id="1f86d215-1c27-8857-97b9-0ba7f808e19d">
      <Execution id="100aad82-bf18-422b-9464-ae1394d13f35" />
      <TestMethod codeBase="D:\a\dotnet-monorepo\dotnet-monorepo\src\artifacts\bin\Epubs.Tests\release_win-x64\Epubs.Tests.dll" adapterTypeName="executor://mstestadapter/v4" className="Epubs.Tests.EpubPathsTests" name="TestGetRelativePath" />
    </UnitTest>
    <UnitTest name="TestAddIdentifier (Epub3)" storage="d:\a\dotnet-monorepo\dotnet-monorepo\src\artifacts\bin\epubs.tests\release_win-x64\epubs.tests.dll" id="110d5f63-5620-8288-a852-48415a5701b6">
      <Execution id="aecba23f-20af-45ba-9baf-7e07203b3fcd" />
      <TestMethod codeBase="D:\a\dotnet-monorepo\dotnet-monorepo\src\artifacts\bin\Epubs.Tests\release_win-x64\Epubs.Tests.dll" adapterTypeName="executor://mstestadapter/v4" className="Epubs.Tests.WriterTests.PackageDocumentTests.MetadataTests" name="TestAddIdentifier" />
    </UnitTest>
    <UnitTest name="TestAddIdentifier (Epub3)" storage="d:\a\dotnet-monorepo\dotnet-monorepo\src\artifacts\bin\epubs.tests\release_win-x64\epubs.tests.dll" id="13bb92f3-9643-8d68-aa0d-763f51bdbf81">
      <Execution id="7fba4a0c-8238-48fd-9d61-801a8881b612" />
      <TestMethod codeBase="D:\a\dotnet-monorepo\dotnet-monorepo\src\artifacts\bin\Epubs.Tests\release_win-x64\Epubs.Tests.dll" adapterTypeName="executor://mstestadapter/v4" className="Epubs.Tests.WriterTests.NavigationTests.NcxTests" name="TestAddIdentifier" />
    </UnitTest>
    <UnitTest name="TestGetRasterDocument (Epub2)" storage="d:\a\dotnet-monorepo\dotnet-monorepo\src\artifacts\bin\epubs.tests\release_win-x64\epubs.tests.dll" id="104fae68-6cd5-841d-8283-464853a139a3">
      <Execution id="827f8353-210e-412c-a5bd-0ccb903edd68" />
      <TestMethod codeBase="D:\a\dotnet-monorepo\dotnet-monorepo\src\artifacts\bin\Epubs.Tests\release_win-x64\Epubs.Tests.dll" adapterTypeName="executor://mstestadapter/v4" className="Epubs.Tests.WriterTests.CoverXhtmlTests.RasterTests" name="TestGetRasterDocument" />
    </UnitTest>
    <UnitTest name="TestAddPrePaginated (Epub2)" storage="d:\a\dotnet-monorepo\dotnet-monorepo\src\artifacts\bin\epubs.tests\release_win-x64\epubs.tests.dll" id="17163b0e-a15f-81ae-864e-083555ff6db1">
      <Execution id="aebd97a5-4604-460d-9d3a-ee4531b5e5d5" />
      <TestMethod codeBase="D:\a\dotnet-monorepo\dotnet-monorepo\src\artifacts\bin\Epubs.Tests\release_win-x64\Epubs.Tests.dll" adapterTypeName="executor://mstestadapter/v4" className="Epubs.Tests.WriterTests.PackageDocumentTests.MetadataTests" name="TestAddPrePaginated" />
    </UnitTest>
    <UnitTest name="TestAddDescription (Epub3)" storage="d:\a\dotnet-monorepo\dotnet-monorepo\src\artifacts\bin\epubs.tests\release_win-x64\epubs.tests.dll" id="17b70e0f-1bb5-8232-bb22-ad292bd4ca53">
      <Execution id="8c53514d-eeff-4574-b7dd-303a42e704c1" />
      <TestMethod codeBase="D:\a\dotnet-monorepo\dotnet-monorepo\src\artifacts\bin\Epubs.Tests\release_win-x64\Epubs.Tests.dll" adapterTypeName="executor://mstestadapter/v4" className="Epubs.Tests.WriterTests.PackageDocumentTests.MetadataTests" name="TestAddDescription" />
    </UnitTest>
    <UnitTest name="TestResolvePath (&quot;&quot;,&quot;a/b/c&quot;,&quot;a/b/c&quot;)" storage="d:\a\dotnet-monorepo\dotnet-monorepo\src\artifacts\bin\epubs.tests\release_win-x64\epubs.tests.dll" id="1d0b33a2-7e9b-8950-ad7c-1126beafd8dd">
      <Execution id="38967f2c-fc13-40f4-9f9b-a2bc1b2c459d" />
      <TestMethod codeBase="D:\a\dotnet-monorepo\dotnet-monorepo\src\artifacts\bin\Epubs.Tests\release_win-x64\Epubs.Tests.dll" adapterTypeName="executor://mstestadapter/v4" className="Epubs.Tests.EpubPathsTests" name="TestResolvePath" />
    </UnitTest>
    <UnitTest name="TestAddItemToLandmarks (Epub2)" storage="d:\a\dotnet-monorepo\dotnet-monorepo\src\artifacts\bin\epubs.tests\release_win-x64\epubs.tests.dll" id="1a7fb99e-f52f-8ccc-ab1f-13586db79d1e">
      <Execution id="5a6b2a9d-59f0-4ef1-bd34-d0718f2ee8af" />
      <TestMethod codeBase="D:\a\dotnet-monorepo\dotnet-monorepo\src\artifacts\bin\Epubs.Tests\release_win-x64\Epubs.Tests.dll" adapterTypeName="executor://mstestadapter/v4" className="Epubs.Tests.WriterTests.NavigationTests.NavigationDocumentTests" name="TestAddItemToLandmarks" />
    </UnitTest>
    <UnitTest name="TestResolvePath (&quot;a/b/c&quot;,&quot;../../d/e&quot;,&quot;a/d/e&quot;)" storage="d:\a\dotnet-monorepo\dotnet-monorepo\src\artifacts\bin\epubs.tests\release_win-x64\epubs.tests.dll" id="1cb53fa7-66ef-886d-96df-85f4e3a5f607">
      <Execution id="4a8e271b-6a16-4254-912a-0e0caa350f11" />
      <TestMethod codeBase="D:\a\dotnet-monorepo\dotnet-monorepo\src\artifacts\bin\Epubs.Tests\release_win-x64\Epubs.Tests.dll" adapterTypeName="executor://mstestadapter/v4" className="Epubs.Tests.EpubPathsTests" name="TestResolvePath" />
    </UnitTest>
    <UnitTest name="TestAddReferenceToGuide (Epub3)" storage="d:\a\dotnet-monorepo\dotnet-monorepo\src\artifacts\bin\epubs.tests\release_win-x64\epubs.tests.dll" id="12509452-eb51-8bd2-8023-5d9d95470f16">
      <Execution id="b60d3ade-d1d5-44fe-aeb2-ad2fb26e029c" />
      <TestMethod codeBase="D:\a\dotnet-monorepo\dotnet-monorepo\src\artifacts\bin\Epubs.Tests\release_win-x64\Epubs.Tests.dll" adapterTypeName="executor://mstestadapter/v4" className="Epubs.Tests.WriterTests.PackageDocumentTests.GuideTests" name="TestAddReferenceToGuide" />
    </UnitTest>
    <UnitTest name="TestAddTitle (Epub3)" storage="d:\a\dotnet-monorepo\dotnet-monorepo\src\artifacts\bin\epubs.tests\release_win-x64\epubs.tests.dll" id="12fc392e-8199-86c7-8604-b296f0959a0f">
      <Execution id="f33e9b78-59c6-44d4-8b89-e547fa0cdf86" />
      <TestMethod codeBase="D:\a\dotnet-monorepo\dotnet-monorepo\src\artifacts\bin\Epubs.Tests\release_win-x64\Epubs.Tests.dll" adapterTypeName="executor://mstestadapter/v4" className="Epubs.Tests.WriterTests.PackageDocumentTests.MetadataTests" name="TestAddTitle" />
    </UnitTest>
    <UnitTest name="TestAddNcx (Epub3,&quot;epub3_ncx.opf&quot;)" storage="d:\a\dotnet-monorepo\dotnet-monorepo\src\artifacts\bin\epubs.tests\release_win-x64\epubs.tests.dll" id="14d0cd07-d554-8a17-ae84-6d68b4a68e29">
      <Execution id="91d18c1c-08d5-4ad2-a3f2-5452b8610445" />
      <TestMethod codeBase="D:\a\dotnet-monorepo\dotnet-monorepo\src\artifacts\bin\Epubs.Tests\release_win-x64\Epubs.Tests.dll" adapterTypeName="executor://mstestadapter/v4" className="Epubs.Tests.WriterTests.PackageDocumentTests.SpineTests" name="TestAddNcx" />
    </UnitTest>
    <UnitTest name="TestAddDate (Epub3)" storage="d:\a\dotnet-monorepo\dotnet-monorepo\src\artifacts\bin\epubs.tests\release_win-x64\epubs.tests.dll" id="1c344ecb-28e7-8e25-b223-6e397f5054f4">
      <Execution id="8069d413-0878-4e68-ba8f-00f2118e7ce3" />
      <TestMethod codeBase="D:\a\dotnet-monorepo\dotnet-monorepo\src\artifacts\bin\Epubs.Tests\release_win-x64\Epubs.Tests.dll" adapterTypeName="executor://mstestadapter/v4" className="Epubs.Tests.WriterTests.PackageDocumentTests.MetadataTests" name="TestAddDate" />
    </UnitTest>
    <UnitTest name="TestAddCreator (Epub3,[&quot;aut&quot;,&quot;ill&quot;],&quot;epub3_two_roles.opf&quot;)" storage="d:\a\dotnet-monorepo\dotnet-monorepo\src\artifacts\bin\epubs.tests\release_win-x64\epubs.tests.dll" id="12ab518a-33ba-8068-a833-7799730fcbd5">
      <Execution id="bf6a93c4-826a-4db4-ba02-6a301dfa51f0" />
      <TestMethod codeBase="D:\a\dotnet-monorepo\dotnet-monorepo\src\artifacts\bin\Epubs.Tests\release_win-x64\Epubs.Tests.dll" adapterTypeName="executor://mstestadapter/v4" className="Epubs.Tests.WriterTests.PackageDocumentTests.MetadataTests" name="TestAddCreator" />
    </UnitTest>
    <UnitTest name="TestAddCreator (Epub3,[&quot;aut&quot;],&quot;epub3_one_role.opf&quot;)" storage="d:\a\dotnet-monorepo\dotnet-monorepo\src\artifacts\bin\epubs.tests\release_win-x64\epubs.tests.dll" id="178c28d6-788e-8eb5-bd79-d8ce91ec7454">
      <Execution id="1fb79cc2-fc1d-46e3-9272-8e2f71858503" />
      <TestMethod codeBase="D:\a\dotnet-monorepo\dotnet-monorepo\src\artifacts\bin\Epubs.Tests\release_win-x64\Epubs.Tests.dll" adapterTypeName="executor://mstestadapter/v4" className="Epubs.Tests.WriterTests.PackageDocumentTests.MetadataTests" name="TestAddCreator" />
    </UnitTest>
    <UnitTest name="TestAddIdentifier (Epub2)" storage="d:\a\dotnet-monorepo\dotnet-monorepo\src\artifacts\bin\epubs.tests\release_win-x64\epubs.tests.dll" id="124a442d-5cef-8a5e-832b-b6cc6c966046">
      <Execution id="7a37e78e-62ed-4f01-b5ef-6163fd65ba18" />
      <TestMethod codeBase="D:\a\dotnet-monorepo\dotnet-monorepo\src\artifacts\bin\Epubs.Tests\release_win-x64\Epubs.Tests.dll" adapterTypeName="executor://mstestadapter/v4" className="Epubs.Tests.WriterTests.PackageDocumentTests.MetadataTests" name="TestAddIdentifier" />
    </UnitTest>
    <UnitTest name="TestAddCreator (Epub2,[&quot;aut&quot;,&quot;ill&quot;],&quot;epub2_two_roles.opf&quot;)" storage="d:\a\dotnet-monorepo\dotnet-monorepo\src\artifacts\bin\epubs.tests\release_win-x64\epubs.tests.dll" id="18fb7630-93a1-828b-a9e1-500b27327666">
      <Execution id="ac3613b1-efd8-4739-86b5-88c288b20032" />
      <TestMethod codeBase="D:\a\dotnet-monorepo\dotnet-monorepo\src\artifacts\bin\Epubs.Tests\release_win-x64\Epubs.Tests.dll" adapterTypeName="executor://mstestadapter/v4" className="Epubs.Tests.WriterTests.PackageDocumentTests.MetadataTests" name="TestAddCreator" />
    </UnitTest>
    <UnitTest name="TestResolvePath (&quot;a/b/c&quot;,&quot;../c&quot;,&quot;a/b/c&quot;)" storage="d:\a\dotnet-monorepo\dotnet-monorepo\src\artifacts\bin\epubs.tests\release_win-x64\epubs.tests.dll" id="1a3f96ff-4c2e-82f1-a4ad-01abaff96e83">
      <Execution id="8d8d5f64-8a7e-4f9f-a92f-815592e92fe7" />
      <TestMethod codeBase="D:\a\dotnet-monorepo\dotnet-monorepo\src\artifacts\bin\Epubs.Tests\release_win-x64\Epubs.Tests.dll" adapterTypeName="executor://mstestadapter/v4" className="Epubs.Tests.EpubPathsTests" name="TestResolvePath" />
    </UnitTest>
    <UnitTest name="TestAddItemToSpine (Epub2,null,&quot;epub2_noproperties.opf&quot;)" storage="d:\a\dotnet-monorepo\dotnet-monorepo\src\artifacts\bin\epubs.tests\release_win-x64\epubs.tests.dll" id="17cbd791-edb7-8411-9f3d-d0fe1b2fcf02">
      <Execution id="76004f19-c4b6-4666-afd1-241b78c5e621" />
      <TestMethod codeBase="D:\a\dotnet-monorepo\dotnet-monorepo\src\artifacts\bin\Epubs.Tests\release_win-x64\Epubs.Tests.dll" adapterTypeName="executor://mstestadapter/v4" className="Epubs.Tests.WriterTests.PackageDocumentTests.SpineTests" name="TestAddItemToSpine" />
    </UnitTest>
    <UnitTest name="TestAddItemToManifest (Epub3,&quot;cover.jpg&quot;,null,null,&quot;epub3_noproperties_noid.opf&quot;)" storage="d:\a\dotnet-monorepo\dotnet-monorepo\src\artifacts\bin\epubs.tests\release_win-x64\epubs.tests.dll" id="18b99c28-043f-8fa7-a585-45f8db35abe5">
      <Execution id="d290d50e-f504-4b05-9ab4-e7ff173d7116" />
      <TestMethod codeBase="D:\a\dotnet-monorepo\dotnet-monorepo\src\artifacts\bin\Epubs.Tests\release_win-x64\Epubs.Tests.dll" adapterTypeName="executor://mstestadapter/v4" className="Epubs.Tests.WriterTests.PackageDocumentTests.ManifestTests" name="TestAddItemToManifest" />
    </UnitTest>
    <UnitTest name="TestAddItemToSpine (Epub3,&quot;page-spread-left&quot;,&quot;epub3_properties.opf&quot;)" storage="d:\a\dotnet-monorepo\dotnet-monorepo\src\artifacts\bin\epubs.tests\release_win-x64\epubs.tests.dll" id="19fedbcf-3e8f-80d3-8f00-c9b50d3782b5">
      <Execution id="4b4fce81-f486-4df8-9429-49eef46bdf19" />
      <TestMethod codeBase="D:\a\dotnet-monorepo\dotnet-monorepo\src\artifacts\bin\Epubs.Tests\release_win-x64\Epubs.Tests.dll" adapterTypeName="executor://mstestadapter/v4" className="Epubs.Tests.WriterTests.PackageDocumentTests.SpineTests" name="TestAddItemToSpine" />
    </UnitTest>
    <UnitTest name="TestAddPrePaginated (Epub3)" storage="d:\a\dotnet-monorepo\dotnet-monorepo\src\artifacts\bin\epubs.tests\release_win-x64\epubs.tests.dll" id="15879af3-5667-8627-8798-073634574cfb">
      <Execution id="47b36aa6-4f9a-4ed7-8dc3-e9203926237e" />
      <TestMethod codeBase="D:\a\dotnet-monorepo\dotnet-monorepo\src\artifacts\bin\Epubs.Tests\release_win-x64\Epubs.Tests.dll" adapterTypeName="executor://mstestadapter/v4" className="Epubs.Tests.WriterTests.PackageDocumentTests.MetadataTests" name="TestAddPrePaginated" />
    </UnitTest>
    <UnitTest name="TestAddCreator (Epub2,[],&quot;epub2_no_roles.opf&quot;)" storage="d:\a\dotnet-monorepo\dotnet-monorepo\src\artifacts\bin\epubs.tests\release_win-x64\epubs.tests.dll" id="139f1cb2-b2ce-8c72-a0dc-23e529c29a74">
      <Execution id="019457a1-0a31-4196-b0ff-dd58695e8ce4" />
      <TestMethod codeBase="D:\a\dotnet-monorepo\dotnet-monorepo\src\artifacts\bin\Epubs.Tests\release_win-x64\Epubs.Tests.dll" adapterTypeName="executor://mstestadapter/v4" className="Epubs.Tests.WriterTests.PackageDocumentTests.MetadataTests" name="TestAddCreator" />
    </UnitTest>
    <UnitTest name="TestAddItemToSpine (Epub2,&quot;page-spread-left&quot;,&quot;epub2_properties.opf&quot;)" storage="d:\a\dotnet-monorepo\dotnet-monorepo\src\artifacts\bin\epubs.tests\release_win-x64\epubs.tests.dll" id="132a3618-bc6c-8626-b378-85737c5c1ffb">
      <Execution id="1a605d20-bdc6-4c7f-ac4c-d0e110c9d226" />
      <TestMethod codeBase="D:\a\dotnet-monorepo\dotnet-monorepo\src\artifacts\bin\Epubs.Tests\release_win-x64\Epubs.Tests.dll" adapterTypeName="executor://mstestadapter/v4" className="Epubs.Tests.WriterTests.PackageDocumentTests.SpineTests" name="TestAddItemToSpine" />
    </UnitTest>
    <UnitTest name="TestAddItemToManifest (Epub3,&quot;cover.jpg&quot;,&quot;cover-image&quot;,&quot;cover-id&quot;,&quot;epub3_properties_id.opf&quot;)" storage="d:\a\dotnet-monorepo\dotnet-monorepo\src\artifacts\bin\epubs.tests\release_win-x64\epubs.tests.dll" id="1d6f9d40-3288-8453-b9b2-5ea56e2a4753">
      <Execution id="1fbaf4cf-5129-4c06-a08c-2ee563d61be6" />
      <TestMethod codeBase="D:\a\dotnet-monorepo\dotnet-monorepo\src\artifacts\bin\Epubs.Tests\release_win-x64\Epubs.Tests.dll" adapterTypeName="executor://mstestadapter/v4" className="Epubs.Tests.WriterTests.PackageDocumentTests.ManifestTests" name="TestAddItemToManifest" />
    </UnitTest>
    <UnitTest name="TestAddNavItem (Epub3)" storage="d:\a\dotnet-monorepo\dotnet-monorepo\src\artifacts\bin\epubs.tests\release_win-x64\epubs.tests.dll" id="1229b021-b396-8067-9d67-6db2b8bc72b7">
      <Execution id="251726d3-c602-45c8-9acd-f9f4266595a0" />
      <TestMethod codeBase="D:\a\dotnet-monorepo\dotnet-monorepo\src\artifacts\bin\Epubs.Tests\release_win-x64\Epubs.Tests.dll" adapterTypeName="executor://mstestadapter/v4" className="Epubs.Tests.WriterTests.NavigationTests.NcxTests" name="TestAddNavItem" />
    </UnitTest>
    <UnitTest name="TestGetRelativePath (&quot;a/b/c&quot;,&quot;b/c/d&quot;,&quot;../../../a/b/c&quot;)" storage="d:\a\dotnet-monorepo\dotnet-monorepo\src\artifacts\bin\epubs.tests\release_win-x64\epubs.tests.dll" id="1f027eb2-66bc-8be8-8300-bf63e361e75e">
      <Execution id="b393c010-2810-4d54-9650-77320b345022" />
      <TestMethod codeBase="D:\a\dotnet-monorepo\dotnet-monorepo\src\artifacts\bin\Epubs.Tests\release_win-x64\Epubs.Tests.dll" adapterTypeName="executor://mstestadapter/v4" className="Epubs.Tests.EpubPathsTests" name="TestGetRelativePath" />
    </UnitTest>
    <UnitTest name="TestAddTitle (Epub3)" storage="d:\a\dotnet-monorepo\dotnet-monorepo\src\artifacts\bin\epubs.tests\release_win-x64\epubs.tests.dll" id="17e7e5f5-8e92-8ea9-bd8b-79d2ff2868d6">
      <Execution id="051860f7-9af3-4eb3-97b9-2bc08f2da88c" />
      <TestMethod codeBase="D:\a\dotnet-monorepo\dotnet-monorepo\src\artifacts\bin\Epubs.Tests\release_win-x64\Epubs.Tests.dll" adapterTypeName="executor://mstestadapter/v4" className="Epubs.Tests.WriterTests.NavigationTests.NcxTests" name="TestAddTitle" />
    </UnitTest>
    <UnitTest name="TestAddItemToSpine (Epub3,null,&quot;epub3_noproperties.opf&quot;)" storage="d:\a\dotnet-monorepo\dotnet-monorepo\src\artifacts\bin\epubs.tests\release_win-x64\epubs.tests.dll" id="1a00353d-820e-8fa3-9091-7b2ebff721ec">
      <Execution id="f4e99317-34c7-4c63-a937-cab28e5a0be9" />
      <TestMethod codeBase="D:\a\dotnet-monorepo\dotnet-monorepo\src\artifacts\bin\Epubs.Tests\release_win-x64\Epubs.Tests.dll" adapterTypeName="executor://mstestadapter/v4" className="Epubs.Tests.WriterTests.PackageDocumentTests.SpineTests" name="TestAddItemToSpine" />
    </UnitTest>
    <UnitTest name="TestAddItemToManifest (Epub2,&quot;cover.jpg&quot;,&quot;cover-image&quot;,&quot;cover-id&quot;,&quot;epub2_properties_id.opf&quot;)" storage="d:\a\dotnet-monorepo\dotnet-monorepo\src\artifacts\bin\epubs.tests\release_win-x64\epubs.tests.dll" id="1c0b229c-cfde-842a-8c76-19a571413f49">
      <Execution id="f341b178-728d-4cd9-96ed-350cb6f76af7" />
      <TestMethod codeBase="D:\a\dotnet-monorepo\dotnet-monorepo\src\artifacts\bin\Epubs.Tests\release_win-x64\Epubs.Tests.dll" adapterTypeName="executor://mstestadapter/v4" className="Epubs.Tests.WriterTests.PackageDocumentTests.ManifestTests" name="TestAddItemToManifest" />
    </UnitTest>
    <UnitTest name="TestAddTitle (Epub2)" storage="d:\a\dotnet-monorepo\dotnet-monorepo\src\artifacts\bin\epubs.tests\release_win-x64\epubs.tests.dll" id="1b20638b-a8a6-85af-8458-b3b7c366f1d5">
      <Execution id="3b776079-682c-4005-aaf4-7d1d0136e95d" />
      <TestMethod codeBase="D:\a\dotnet-monorepo\dotnet-monorepo\src\artifacts\bin\Epubs.Tests\release_win-x64\Epubs.Tests.dll" adapterTypeName="executor://mstestadapter/v4" className="Epubs.Tests.WriterTests.NavigationTests.NcxTests" name="TestAddTitle" />
    </UnitTest>
    <UnitTest name="TestResolvePath (&quot;a/b/c&quot;,&quot;../../../d/e&quot;,&quot;d/e&quot;)" storage="d:\a\dotnet-monorepo\dotnet-monorepo\src\artifacts\bin\epubs.tests\release_win-x64\epubs.tests.dll" id="1b26e4d7-3e0b-8adb-af94-08e50834077a">
      <Execution id="eb3fa2cb-2996-4759-ae28-375e97f48fce" />
      <TestMethod codeBase="D:\a\dotnet-monorepo\dotnet-monorepo\src\artifacts\bin\Epubs.Tests\release_win-x64\Epubs.Tests.dll" adapterTypeName="executor://mstestadapter/v4" className="Epubs.Tests.EpubPathsTests" name="TestResolvePath" />
    </UnitTest>
    <UnitTest name="TestAddNavItem (Epub2)" storage="d:\a\dotnet-monorepo\dotnet-monorepo\src\artifacts\bin\epubs.tests\release_win-x64\epubs.tests.dll" id="132c93fc-99cf-80a0-b0a6-22904c48670f">
      <Execution id="4ae064b2-295d-49b0-9aca-d72b7d32cf8a" />
      <TestMethod codeBase="D:\a\dotnet-monorepo\dotnet-monorepo\src\artifacts\bin\Epubs.Tests\release_win-x64\Epubs.Tests.dll" adapterTypeName="executor://mstestadapter/v4" className="Epubs.Tests.WriterTests.NavigationTests.NavigationDocumentTests" name="TestAddNavItem" />
    </UnitTest>
    <UnitTest name="TestAddLanguage (Epub3)" storage="d:\a\dotnet-monorepo\dotnet-monorepo\src\artifacts\bin\epubs.tests\release_win-x64\epubs.tests.dll" id="1cef8686-5f34-86de-a6a3-8d35bb7afd79">
      <Execution id="8b0e3caf-614e-4f15-9558-4c51dd7d75d4" />
      <TestMethod codeBase="D:\a\dotnet-monorepo\dotnet-monorepo\src\artifacts\bin\Epubs.Tests\release_win-x64\Epubs.Tests.dll" adapterTypeName="executor://mstestadapter/v4" className="Epubs.Tests.WriterTests.PackageDocumentTests.MetadataTests" name="TestAddLanguage" />
    </UnitTest>
    <UnitTest name="TestAddCreator (Epub3,[],&quot;epub3_no_roles.opf&quot;)" storage="d:\a\dotnet-monorepo\dotnet-monorepo\src\artifacts\bin\epubs.tests\release_win-x64\epubs.tests.dll" id="18633743-5a95-84ca-aa1a-84a0ca6b512e">
      <Execution id="36872dd5-e107-4003-9810-9bf7fb4623ac" />
      <TestMethod codeBase="D:\a\dotnet-monorepo\dotnet-monorepo\src\artifacts\bin\Epubs.Tests\release_win-x64\Epubs.Tests.dll" adapterTypeName="executor://mstestadapter/v4" className="Epubs.Tests.WriterTests.PackageDocumentTests.MetadataTests" name="TestAddCreator" />
    </UnitTest>
    <UnitTest name="TestGetRelativePath (&quot;&quot;,&quot;a/b/c&quot;,&quot;../../..&quot;)" storage="d:\a\dotnet-monorepo\dotnet-monorepo\src\artifacts\bin\epubs.tests\release_win-x64\epubs.tests.dll" id="163d9d25-3781-8d01-aa89-fb0ed455ce67">
      <Execution id="e975354f-8053-474a-8926-b81d40108eb4" />
      <TestMethod codeBase="D:\a\dotnet-monorepo\dotnet-monorepo\src\artifacts\bin\Epubs.Tests\release_win-x64\Epubs.Tests.dll" adapterTypeName="executor://mstestadapter/v4" className="Epubs.Tests.EpubPathsTests" name="TestGetRelativePath" />
    </UnitTest>
  </TestDefinitions>
  <TestEntries>
    <TestEntry testId="18b99c28-043f-8fa7-a585-45f8db35abe5" executionId="d290d50e-f504-4b05-9ab4-e7ff173d7116" testListId="8c84fa94-04c1-424b-9868-57a2d4851a1d" />
    <TestEntry testId="19fedbcf-3e8f-80d3-8f00-c9b50d3782b5" executionId="4b4fce81-f486-4df8-9429-49eef46bdf19" testListId="8c84fa94-04c1-424b-9868-57a2d4851a1d" />
    <TestEntry testId="1606129a-0ad6-89b1-8eb5-de137dec383d" executionId="59175114-ce31-4937-962a-0aa42542d00b" testListId="8c84fa94-04c1-424b-9868-57a2d4851a1d" />
    <TestEntry testId="163d9d25-3781-8d01-aa89-fb0ed455ce67" executionId="e975354f-8053-474a-8926-b81d40108eb4" testListId="8c84fa94-04c1-424b-9868-57a2d4851a1d" />
    <TestEntry testId="1d0b33a2-7e9b-8950-ad7c-1126beafd8dd" executionId="38967f2c-fc13-40f4-9f9b-a2bc1b2c459d" testListId="8c84fa94-04c1-424b-9868-57a2d4851a1d" />
    <TestEntry testId="124a442d-5cef-8a5e-832b-b6cc6c966046" executionId="7a37e78e-62ed-4f01-b5ef-6163fd65ba18" testListId="8c84fa94-04c1-424b-9868-57a2d4851a1d" />
    <TestEntry testId="13acc5b9-b971-8983-8930-49d6f4051f77" executionId="db1ff1d6-1c5b-4a41-b465-52d50d01254e" testListId="8c84fa94-04c1-424b-9868-57a2d4851a1d" />
    <TestEntry testId="1bf56acc-bc6b-8496-947d-aa65e255463c" executionId="07963e50-3713-43c1-b01c-ab99d77b7507" testListId="8c84fa94-04c1-424b-9868-57a2d4851a1d" />
    <TestEntry testId="1a7fb99e-f52f-8ccc-ab1f-13586db79d1e" executionId="5a6b2a9d-59f0-4ef1-bd34-d0718f2ee8af" testListId="8c84fa94-04c1-424b-9868-57a2d4851a1d" />
    <TestEntry testId="1e8f751a-7342-8e0a-8749-cd28c43d3882" executionId="8404b1d6-fc19-4ebe-a6ec-f922522552f4" testListId="8c84fa94-04c1-424b-9868-57a2d4851a1d" />
    <TestEntry testId="18f58b21-b2c3-803b-8cb0-4e08dd113f73" executionId="3b065205-0bcb-470e-9cd6-8b5b09eeeba0" testListId="8c84fa94-04c1-424b-9868-57a2d4851a1d" />
    <TestEntry testId="15879af3-5667-8627-8798-073634574cfb" executionId="47b36aa6-4f9a-4ed7-8dc3-e9203926237e" testListId="8c84fa94-04c1-424b-9868-57a2d4851a1d" />
    <TestEntry testId="1e13994d-6844-8233-9112-553b896408e8" executionId="e655bb49-fca9-40f5-b8ed-17faa2670d57" testListId="8c84fa94-04c1-424b-9868-57a2d4851a1d" />
    <TestEntry testId="1dc58f02-8bfb-87ff-8152-97912961162e" executionId="0e8a46ea-b00d-486f-9d57-231231759cb7" testListId="8c84fa94-04c1-424b-9868-57a2d4851a1d" />
    <TestEntry testId="18633743-5a95-84ca-aa1a-84a0ca6b512e" executionId="36872dd5-e107-4003-9810-9bf7fb4623ac" testListId="8c84fa94-04c1-424b-9868-57a2d4851a1d" />
    <TestEntry testId="1cef8686-5f34-86de-a6a3-8d35bb7afd79" executionId="8b0e3caf-614e-4f15-9558-4c51dd7d75d4" testListId="8c84fa94-04c1-424b-9868-57a2d4851a1d" />
    <TestEntry testId="1b26e4d7-3e0b-8adb-af94-08e50834077a" executionId="eb3fa2cb-2996-4759-ae28-375e97f48fce" testListId="8c84fa94-04c1-424b-9868-57a2d4851a1d" />
    <TestEntry testId="14d0cd07-d554-8a17-ae84-6d68b4a68e29" executionId="91d18c1c-08d5-4ad2-a3f2-5452b8610445" testListId="8c84fa94-04c1-424b-9868-57a2d4851a1d" />
    <TestEntry testId="16734436-cecd-83b5-8627-bcedb89c8296" executionId="3bd2d3a8-51f6-4d58-a29c-6fbb3cd3e9f7" testListId="8c84fa94-04c1-424b-9868-57a2d4851a1d" />
    <TestEntry testId="1b20638b-a8a6-85af-8458-b3b7c366f1d5" executionId="3b776079-682c-4005-aaf4-7d1d0136e95d" testListId="8c84fa94-04c1-424b-9868-57a2d4851a1d" />
    <TestEntry testId="1011288e-031f-8748-b274-76a1b0e99c39" executionId="7709faab-b92b-4aed-9217-16f2a47a2413" testListId="8c84fa94-04c1-424b-9868-57a2d4851a1d" />
    <TestEntry testId="16e56989-76a7-8585-b943-e273cd2ed1c2" executionId="e53bbdea-31db-43ea-81f0-4e98c799a161" testListId="8c84fa94-04c1-424b-9868-57a2d4851a1d" />
    <TestEntry testId="11ca93a8-296b-8476-9f0b-6fc4b090990d" executionId="b22eef33-9772-4815-8ed4-7e5b6c1d79d4" testListId="8c84fa94-04c1-424b-9868-57a2d4851a1d" />
    <TestEntry testId="132a3618-bc6c-8626-b378-85737c5c1ffb" executionId="1a605d20-bdc6-4c7f-ac4c-d0e110c9d226" testListId="8c84fa94-04c1-424b-9868-57a2d4851a1d" />
    <TestEntry testId="13bb92f3-9643-8d68-aa0d-763f51bdbf81" executionId="7fba4a0c-8238-48fd-9d61-801a8881b612" testListId="8c84fa94-04c1-424b-9868-57a2d4851a1d" />
    <TestEntry testId="17cbd791-edb7-8411-9f3d-d0fe1b2fcf02" executionId="76004f19-c4b6-4666-afd1-241b78c5e621" testListId="8c84fa94-04c1-424b-9868-57a2d4851a1d" />
    <TestEntry testId="17163b0e-a15f-81ae-864e-083555ff6db1" executionId="aebd97a5-4604-460d-9d3a-ee4531b5e5d5" testListId="8c84fa94-04c1-424b-9868-57a2d4851a1d" />
    <TestEntry testId="1584ef67-fe1c-864d-a045-629d708e2516" executionId="4fc34745-0764-4304-aab5-728adb51e408" testListId="8c84fa94-04c1-424b-9868-57a2d4851a1d" />
    <TestEntry testId="1a3f96ff-4c2e-82f1-a4ad-01abaff96e83" executionId="8d8d5f64-8a7e-4f9f-a92f-815592e92fe7" testListId="8c84fa94-04c1-424b-9868-57a2d4851a1d" />
    <TestEntry testId="18fb7630-93a1-828b-a9e1-500b27327666" executionId="ac3613b1-efd8-4739-86b5-88c288b20032" testListId="8c84fa94-04c1-424b-9868-57a2d4851a1d" />
    <TestEntry testId="178c28d6-788e-8eb5-bd79-d8ce91ec7454" executionId="1fb79cc2-fc1d-46e3-9272-8e2f71858503" testListId="8c84fa94-04c1-424b-9868-57a2d4851a1d" />
    <TestEntry testId="173165ad-d2bc-8165-97a9-c5621186750e" executionId="0af460f3-5590-4e9b-b17b-76aefff288c3" testListId="8c84fa94-04c1-424b-9868-57a2d4851a1d" />
    <TestEntry testId="1f86d215-1c27-8857-97b9-0ba7f808e19d" executionId="100aad82-bf18-422b-9464-ae1394d13f35" testListId="8c84fa94-04c1-424b-9868-57a2d4851a1d" />
    <TestEntry testId="110d5f63-5620-8288-a852-48415a5701b6" executionId="aecba23f-20af-45ba-9baf-7e07203b3fcd" testListId="8c84fa94-04c1-424b-9868-57a2d4851a1d" />
    <TestEntry testId="17b70e0f-1bb5-8232-bb22-ad292bd4ca53" executionId="8c53514d-eeff-4574-b7dd-303a42e704c1" testListId="8c84fa94-04c1-424b-9868-57a2d4851a1d" />
    <TestEntry testId="12fc392e-8199-86c7-8604-b296f0959a0f" executionId="f33e9b78-59c6-44d4-8b89-e547fa0cdf86" testListId="8c84fa94-04c1-424b-9868-57a2d4851a1d" />
    <TestEntry testId="178aa3ea-46b0-8718-8f38-a36a6d78e6f8" executionId="b68ad130-3467-4bc4-97ec-5d5ffee6e5b8" testListId="8c84fa94-04c1-424b-9868-57a2d4851a1d" />
    <TestEntry testId="196202e8-80f4-8220-b7a4-03bed006a872" executionId="1e112dd5-6695-4466-b0af-501157d4c288" testListId="8c84fa94-04c1-424b-9868-57a2d4851a1d" />
    <TestEntry testId="1f20d052-efc6-827b-8ace-2d57870f3d7b" executionId="385984fa-36d3-4ee1-a1bf-9825d118522a" testListId="8c84fa94-04c1-424b-9868-57a2d4851a1d" />
    <TestEntry testId="17e7e5f5-8e92-8ea9-bd8b-79d2ff2868d6" executionId="051860f7-9af3-4eb3-97b9-2bc08f2da88c" testListId="8c84fa94-04c1-424b-9868-57a2d4851a1d" />
    <TestEntry testId="1d890bf7-586d-85b6-b06c-8f6a41e0ae1e" executionId="7dfdc94b-14b9-4c83-908e-7cddb7cb99df" testListId="8c84fa94-04c1-424b-9868-57a2d4851a1d" />
    <TestEntry testId="1576e578-fb17-8c86-9f06-aa7cda5c1b5a" executionId="ac3a29ab-48ce-453f-afdc-c02ba803d517" testListId="8c84fa94-04c1-424b-9868-57a2d4851a1d" />
    <TestEntry testId="1c0b229c-cfde-842a-8c76-19a571413f49" executionId="f341b178-728d-4cd9-96ed-350cb6f76af7" testListId="8c84fa94-04c1-424b-9868-57a2d4851a1d" />
    <TestEntry testId="1f027eb2-66bc-8be8-8300-bf63e361e75e" executionId="b393c010-2810-4d54-9650-77320b345022" testListId="8c84fa94-04c1-424b-9868-57a2d4851a1d" />
    <TestEntry testId="104fae68-6cd5-841d-8283-464853a139a3" executionId="827f8353-210e-412c-a5bd-0ccb903edd68" testListId="8c84fa94-04c1-424b-9868-57a2d4851a1d" />
    <TestEntry testId="1907624b-6009-89cb-a76c-8b426f68f298" executionId="14cf397b-5c91-4179-9341-f6737a1868f4" testListId="8c84fa94-04c1-424b-9868-57a2d4851a1d" />
    <TestEntry testId="1cb53fa7-66ef-886d-96df-85f4e3a5f607" executionId="4a8e271b-6a16-4254-912a-0e0caa350f11" testListId="8c84fa94-04c1-424b-9868-57a2d4851a1d" />
    <TestEntry testId="139f1cb2-b2ce-8c72-a0dc-23e529c29a74" executionId="019457a1-0a31-4196-b0ff-dd58695e8ce4" testListId="8c84fa94-04c1-424b-9868-57a2d4851a1d" />
    <TestEntry testId="1229b021-b396-8067-9d67-6db2b8bc72b7" executionId="251726d3-c602-45c8-9acd-f9f4266595a0" testListId="8c84fa94-04c1-424b-9868-57a2d4851a1d" />
    <TestEntry testId="1c344ecb-28e7-8e25-b223-6e397f5054f4" executionId="8069d413-0878-4e68-ba8f-00f2118e7ce3" testListId="8c84fa94-04c1-424b-9868-57a2d4851a1d" />
    <TestEntry testId="1a5dc06e-54fd-8d2c-a693-2b5cb2a6574b" executionId="e5e8e93a-ec5b-42f2-a92a-c30e522ded61" testListId="8c84fa94-04c1-424b-9868-57a2d4851a1d" />
    <TestEntry testId="132c93fc-99cf-80a0-b0a6-22904c48670f" executionId="4ae064b2-295d-49b0-9aca-d72b7d32cf8a" testListId="8c84fa94-04c1-424b-9868-57a2d4851a1d" />
    <TestEntry testId="1ec0effe-5d9b-8d26-ab26-1e26e51fca30" executionId="1e752a3e-3e96-47cd-b273-23f425264467" testListId="8c84fa94-04c1-424b-9868-57a2d4851a1d" />
    <TestEntry testId="12509452-eb51-8bd2-8023-5d9d95470f16" executionId="b60d3ade-d1d5-44fe-aeb2-ad2fb26e029c" testListId="8c84fa94-04c1-424b-9868-57a2d4851a1d" />
    <TestEntry testId="1d853697-1c40-8ef7-b701-75fcb83d716c" executionId="285a195a-08ac-4654-a813-1ff3807200f8" testListId="8c84fa94-04c1-424b-9868-57a2d4851a1d" />
    <TestEntry testId="12ab518a-33ba-8068-a833-7799730fcbd5" executionId="bf6a93c4-826a-4db4-ba02-6a301dfa51f0" testListId="8c84fa94-04c1-424b-9868-57a2d4851a1d" />
    <TestEntry testId="14c058b4-2c86-895b-b0b1-cc5b57859157" executionId="b12e3223-9a2f-4605-92a4-4e265d13ca44" testListId="8c84fa94-04c1-424b-9868-57a2d4851a1d" />
    <TestEntry testId="1ad59a54-6162-8915-b78f-cbce5547287d" executionId="d504424b-8d6a-4cb7-bcd6-0afc9375a6ab" testListId="8c84fa94-04c1-424b-9868-57a2d4851a1d" />
    <TestEntry testId="1a00353d-820e-8fa3-9091-7b2ebff721ec" executionId="f4e99317-34c7-4c63-a937-cab28e5a0be9" testListId="8c84fa94-04c1-424b-9868-57a2d4851a1d" />
    <TestEntry testId="1d6f9d40-3288-8453-b9b2-5ea56e2a4753" executionId="1fbaf4cf-5129-4c06-a08c-2ee563d61be6" testListId="8c84fa94-04c1-424b-9868-57a2d4851a1d" />
  </TestEntries>
  <TestLists>
    <TestList name="Results Not in a List" id="8c84fa94-04c1-424b-9868-57a2d4851a1d" />
    <TestList name="All Loaded Results" id="19431567-8539-422a-85d7-44ee4e166bda" />
  </TestLists>
  <ResultSummary outcome="Completed">
    <Counters total="60" executed="60" passed="60" failed="0" error="0" timeout="0" aborted="0" inconclusive="0" passedButRunAborted="0" notRunnable="0" notExecuted="0" disconnected="0" warning="0" completed="0" inProgress="0" pending="0" />
    <Output>
      <StdOut>Test Parallelization enabled for D:\a\dotnet-monorepo\dotnet-monorepo\src\artifacts\bin\Epubs.Tests\release_win-x64\Epubs.Tests.dll (Workers: 4, Scope: ClassLevel)&#xD;
</StdOut>
    </Output>
  </ResultSummary>
</TestRun>