<?xml version="1.0" encoding="utf-8"?>
<TestRun id="87fbe566-4ae5-4d39-8e49-1852c5ac9041" name="@runnervmf4ws1 2025-09-14 11:52:46" xmlns="http://microsoft.com/schemas/VisualStudio/TeamTest/2010">
  <Times creation="2025-09-14T11:52:46.3109477+00:00" queuing="2025-09-14T11:52:46.3109477+00:00" start="2025-09-14T11:52:45.7468623+00:00" finish="2025-09-14T11:52:46.3609203+00:00" />
  <TestSettings name="default" id="91872c12-abd9-451a-82f8-2798d0ecb914">
    <Deployment runDeploymentRoot="_runnervmf4ws1_2025-09-14_11_52_46" />
  </TestSettings>
  <Results>
    <UnitTestResult executionId="16d25f0a-d1f8-4cbc-98e1-42ec38890e4d" testId="e6a52e6f-b4f1-a194-00bd-8dca39600023" testName="TestAddCreator (Epub2,[&quot;aut&quot;,&quot;ill&quot;],&quot;epub2_two_roles.opf&quot;)" computerName="runnervmf4ws1" duration="00:00:00.0000896" startTime="2025-09-14T11:52:46.2717028+00:00" endTime="2025-09-14T11:52:46.2718619+00:00" testType="13cdc9d9-ddb5-4fa4-a97d-d965ccfc6d4b" outcome="Passed" testListId="8c84fa94-04c1-424b-9868-57a2d4851a1d" relativeResultsDirectory="16d25f0a-d1f8-4cbc-98e1-42ec38890e4d" />
    <UnitTestResult executionId="1a113a54-82ee-4f91-92e0-bb3bd442c2f7" testId="f188e44f-a366-01fc-679d-e6a774f27a0b" testName="TestAddReferenceToGuide (Epub2)" computerName="runnervmf4ws1" duration="00:00:00.0004867" startTime="2025-09-14T11:52:46.2305731+00:00" endTime="2025-09-14T11:52:46.2319487+00:00" testType="13cdc9d9-ddb5-4fa4-a97d-d965ccfc6d4b" outcome="Passed" testListId="8c84fa94-04c1-424b-9868-57a2d4851a1d" relativeResultsDirectory="1a113a54-82ee-4f91-92e0-bb3bd442c2f7" />
    <UnitTestResult executionId="9779131f-cac2-4768-af34-8e560e0f8da9" testId="78e4846a-98ff-e3e6-be1b-f68ce6653ef7" testName="TestAddCreator (Epub2,[&quot;aut&quot;],&quot;epub2_one_role.opf&quot;)" computerName="runnervmf4ws1" duration="00:00:00.0000995" startTime="2025-09-14T11:52:46.2713257+00:00" endTime="2025-09-14T11:52:46.2714966+00:00" testType="13cdc9d9-ddb5-4fa4-a97d-d965ccfc6d4b" outcome="Passed" testListId="8c84fa94-04c1-424b-9868-57a2d4851a1d" relativeResultsDirectory="9779131f-cac2-4768-af34-8e560e0f8da9" />
    <UnitTestResult executionId="5a253fcb-c7a6-4551-8e81-24346eb931d7" testId="713cc4f0-5833-4981-89c3-33f67d49e215" testName="TestAddLanguage (Epub2)" computerName="runnervmf4ws1" duration="00:00:00.0002357" startTime="2025-09-14T11:52:46.2697843+00:00" endTime="2025-09-14T11:52:46.2700813+00:00" testType="13cdc9d9-ddb5-4fa4-a97d-d965ccfc6d4b" outcome="Passed" testListId="8c84fa94-04c1-424b-9868-57a2d4851a1d" relativeResultsDirectory="5a253fcb-c7a6-4551-8e81-24346eb931d7" />
    <UnitTestResult executionId="d22975d2-056a-42b3-9530-91343138360f" testId="5d4d5230-0e25-87c0-4af6-2de9a7c4c4a1" testName="TestAddTitle (Epub2)" computerName="runnervmf4ws1" duration="00:00:00.0001930" startTime="2025-09-14T11:52:46.2864522+00:00" endTime="2025-09-14T11:52:46.2867048+00:00" testType="13cdc9d9-ddb5-4fa4-a97d-d965ccfc6d4b" outcome="Passed" testListId="8c84fa94-04c1-424b-9868-57a2d4851a1d" relativeResultsDirectory="d22975d2-056a-42b3-9530-91343138360f" />
    <UnitTestResult executionId="5cc3983b-c3dc-4d68-ad1a-f306cbaa08a6" testId="40fccafb-603f-db2e-52f5-0e6854d614d2" testName="TestAddRightToLeft (Epub2,&quot;epub2_rtl.opf&quot;)" computerName="runnervmf4ws1" duration="00:00:00.0002066" startTime="2025-09-14T11:52:46.2799409+00:00" endTime="2025-09-14T11:52:46.2802342+00:00" testType="13cdc9d9-ddb5-4fa4-a97d-d965ccfc6d4b" outcome="Passed" testListId="8c84fa94-04c1-424b-9868-57a2d4851a1d" relativeResultsDirectory="5cc3983b-c3dc-4d68-ad1a-f306cbaa08a6" />
    <UnitTestResult executionId="6662626e-cdb1-4870-a3af-9c08aa4061e4" testId="693b69fd-81f0-56fd-8f17-ee56b4f8d96d" testName="TestAddNavItem (Epub2)" computerName="runnervmf4ws1" duration="00:00:00.0002565" startTime="2025-09-14T11:52:46.2895161+00:00" endTime="2025-09-14T11:52:46.2898396+00:00" testType="13cdc9d9-ddb5-4fa4-a97d-d965ccfc6d4b" outcome="Passed" testListId="8c84fa94-04c1-424b-9868-57a2d4851a1d" relativeResultsDirectory="6662626e-cdb1-4870-a3af-9c08aa4061e4" />
    <UnitTestResult executionId="f32c905a-1cfa-4f85-8211-6565d374215f" testId="b3961dcc-7a38-2113-9639-b9147b073687" testName="TestAddTitle (Epub2)" computerName="runnervmf4ws1" duration="00:00:00.0002279" startTime="2025-09-14T11:52:46.2690781+00:00" endTime="2025-09-14T11:52:46.2693983+00:00" testType="13cdc9d9-ddb5-4fa4-a97d-d965ccfc6d4b" outcome="Passed" testListId="8c84fa94-04c1-424b-9868-57a2d4851a1d" relativeResultsDirectory="f32c905a-1cfa-4f85-8211-6565d374215f" />
    <UnitTestResult executionId="d786716d-8ff6-4c7a-a58b-dd6170a80e14" testId="b00da7e2-1034-9a94-bdb6-4d0dec2ca4dd" testName="TestAddLeftToRight (Epub3,&quot;epub3_ltr.opf&quot;)" computerName="runnervmf4ws1" duration="00:00:00.0002011" startTime="2025-09-14T11:52:46.2790474+00:00" endTime="2025-09-14T11:52:46.2793233+00:00" testType="13cdc9d9-ddb5-4fa4-a97d-d965ccfc6d4b" outcome="Passed" testListId="8c84fa94-04c1-424b-9868-57a2d4851a1d" relativeResultsDirectory="d786716d-8ff6-4c7a-a58b-dd6170a80e14" />
    <UnitTestResult executionId="e1aa3b9c-0b5c-4af1-bdab-1e77cd52c646" testId="44da78d8-904e-d616-f174-2b6a9767cdcb" testName="TestAddReferenceToGuide (Epub3)" computerName="runnervmf4ws1" duration="00:00:00.0245168" startTime="2025-09-14T11:52:46.1872854+00:00" endTime="2025-09-14T11:52:46.2264821+00:00" testType="13cdc9d9-ddb5-4fa4-a97d-d965ccfc6d4b" outcome="Passed" testListId="8c84fa94-04c1-424b-9868-57a2d4851a1d" relativeResultsDirectory="e1aa3b9c-0b5c-4af1-bdab-1e77cd52c646" />
    <UnitTestResult executionId="73fbf27f-daac-4392-bdf1-b84d90a7a4d3" testId="594caead-0457-af95-78db-f11df6a0960a" testName="TestAddIdentifier (Epub2)" computerName="runnervmf4ws1" duration="00:00:00.0002781" startTime="2025-09-14T11:52:46.2857943+00:00" endTime="2025-09-14T11:52:46.2861319+00:00" testType="13cdc9d9-ddb5-4fa4-a97d-d965ccfc6d4b" outcome="Passed" testListId="8c84fa94-04c1-424b-9868-57a2d4851a1d" relativeResultsDirectory="73fbf27f-daac-4392-bdf1-b84d90a7a4d3" />
    <UnitTestResult executionId="78a7793d-0efe-47fd-bb3c-9224a1a33ff7" testId="cec8e838-5451-2a86-db1e-5de14ad9804c" testName="TestAddDate (Epub2)" computerName="runnervmf4ws1" duration="00:00:00.0002456" startTime="2025-09-14T11:52:46.2745316+00:00" endTime="2025-09-14T11:52:46.2748438+00:00" testType="13cdc9d9-ddb5-4fa4-a97d-d965ccfc6d4b" outcome="Passed" testListId="8c84fa94-04c1-424b-9868-57a2d4851a1d" relativeResultsDirectory="78a7793d-0efe-47fd-bb3c-9224a1a33ff7" />
    <UnitTestResult executionId="9946a738-860c-4215-89ab-5f646e4eafdb" testId="1994ae24-05cd-3449-cbf7-9654aa01ed73" testName="TestAddItemToManifest (Epub3,&quot;cover.jpg&quot;,null,null,&quot;epub3_noproperties_noid.opf&quot;)" computerName="runnervmf4ws1" duration="00:00:00.0001764" startTime="2025-09-14T11:52:46.2340546+00:00" endTime="2025-09-14T11:52:46.2343004+00:00" testType="13cdc9d9-ddb5-4fa4-a97d-d965ccfc6d4b" outcome="Passed" testListId="8c84fa94-04c1-424b-9868-57a2d4851a1d" relativeResultsDirectory="9946a738-860c-4215-89ab-5f646e4eafdb" />
    <UnitTestResult executionId="6808effc-8d42-452a-aa48-4e96b170439f" testId="924b8454-c381-318c-99e1-35856fc01e42" testName="TestAddItemToSpine (Epub2,&quot;page-spread-left&quot;,&quot;epub2_properties.opf&quot;)" computerName="runnervmf4ws1" duration="00:00:00.0003023" startTime="2025-09-14T11:52:46.2766557+00:00" endTime="2025-09-14T11:52:46.2770240+00:00" testType="13cdc9d9-ddb5-4fa4-a97d-d965ccfc6d4b" outcome="Passed" testListId="8c84fa94-04c1-424b-9868-57a2d4851a1d" relativeResultsDirectory="6808effc-8d42-452a-aa48-4e96b170439f" />
    <UnitTestResult executionId="1cab1050-9ce8-42ce-8cfb-5c8ee76e5ad9" testId="c70cdfcc-fe0e-0a22-3f91-3f78bf225323" testName="TestGetRasterDocument (Epub2)" computerName="runnervmf4ws1" duration="00:00:00.0005424" startTime="2025-09-14T11:52:46.2925808+00:00" endTime="2025-09-14T11:52:46.2939551+00:00" testType="13cdc9d9-ddb5-4fa4-a97d-d965ccfc6d4b" outcome="Passed" testListId="8c84fa94-04c1-424b-9868-57a2d4851a1d" relativeResultsDirectory="1cab1050-9ce8-42ce-8cfb-5c8ee76e5ad9" />
    <UnitTestResult executionId="93e6c1f7-3a42-4ba7-91a9-aa0c01068311" testId="ccd4c932-333c-882b-c126-06d1ad778550" testName="TestAddItemToManifest (Epub3,&quot;cover.jpg&quot;,&quot;cover-image&quot;,&quot;cover-id&quot;,&quot;epub3_properties_id.opf&quot;)" computerName="runnervmf4ws1" duration="00:00:00.0011334" startTime="2025-09-14T11:52:46.2322464+00:00" endTime="2025-09-14T11:52:46.2335177+00:00" testType="13cdc9d9-ddb5-4fa4-a97d-d965ccfc6d4b" outcome="Passed" testListId="8c84fa94-04c1-424b-9868-57a2d4851a1d" relativeResultsDirectory="93e6c1f7-3a42-4ba7-91a9-aa0c01068311" />
    <UnitTestResult executionId="51dafcbc-0c21-4a1d-8930-9cc09a7aab0a" testId="9df8c1b1-aaf4-5545-12dd-5ce8d49b25cf" testName="TestAddPrePaginated (Epub3)" computerName="runnervmf4ws1" duration="00:00:00.0002924" startTime="2025-09-14T11:52:46.2748702+00:00" endTime="2025-09-14T11:52:46.2752241+00:00" testType="13cdc9d9-ddb5-4fa4-a97d-d965ccfc6d4b" outcome="Passed" testListId="8c84fa94-04c1-424b-9868-57a2d4851a1d" relativeResultsDirectory="51dafcbc-0c21-4a1d-8930-9cc09a7aab0a" />
    <UnitTestResult executionId="a27d12a9-33d8-4af1-a847-c8ad00920f44" testId="8d1ae0de-2769-faaf-9dcf-e6f047c0d5f3" testName="TestAddIdentifier (Epub2)" computerName="runnervmf4ws1" duration="00:00:00.0002715" startTime="2025-09-14T11:52:46.2350956+00:00" endTime="2025-09-14T11:52:46.2354402+00:00" testType="13cdc9d9-ddb5-4fa4-a97d-d965ccfc6d4b" outcome="Passed" testListId="8c84fa94-04c1-424b-9868-57a2d4851a1d" relativeResultsDirectory="a27d12a9-33d8-4af1-a847-c8ad00920f44" />
    <UnitTestResult executionId="88052008-504e-465d-8e0b-8a06230fa36c" testId="c721fbc4-4b7f-c0df-d55e-177b347e9a92" testName="TestAddCreator (Epub3,[&quot;aut&quot;],&quot;epub3_one_role.opf&quot;)" computerName="runnervmf4ws1" duration="00:00:00.0000933" startTime="2025-09-14T11:52:46.2711320+00:00" endTime="2025-09-14T11:52:46.2713012+00:00" testType="13cdc9d9-ddb5-4fa4-a97d-d965ccfc6d4b" outcome="Passed" testListId="8c84fa94-04c1-424b-9868-57a2d4851a1d" relativeResultsDirectory="88052008-504e-465d-8e0b-8a06230fa36c" />
    <UnitTestResult executionId="a2e034cb-52fb-45c6-bd10-e5ac4ea976a7" testId="3f3cfbdc-7778-44fe-127e-9e051a2f1aa2" testName="TestAddNavItem (Epub2)" computerName="runnervmf4ws1" duration="00:00:00.0009365" startTime="2025-09-14T11:52:46.2823650+00:00" endTime="2025-09-14T11:52:46.2833654+00:00" testType="13cdc9d9-ddb5-4fa4-a97d-d965ccfc6d4b" outcome="Passed" testListId="8c84fa94-04c1-424b-9868-57a2d4851a1d" relativeResultsDirectory="a2e034cb-52fb-45c6-bd10-e5ac4ea976a7" />
    <UnitTestResult executionId="ed59507f-1dce-4d2b-8ea4-186b0008c90f" testId="89814799-e32a-55bb-8345-b24b3f8784f3" testName="TestAddRightToLeft (Epub3,&quot;epub3_rtl.opf&quot;)" computerName="runnervmf4ws1" duration="00:00:00.0002043" startTime="2025-09-14T11:52:46.2796453+00:00" endTime="2025-09-14T11:52:46.2799148+00:00" testType="13cdc9d9-ddb5-4fa4-a97d-d965ccfc6d4b" outcome="Passed" testListId="8c84fa94-04c1-424b-9868-57a2d4851a1d" relativeResultsDirectory="ed59507f-1dce-4d2b-8ea4-186b0008c90f" />
    <UnitTestResult executionId="54138b75-50d0-40c0-abf2-d685920fc669" testId="a1bdf61b-cabc-642a-7abf-89a752dec9e4" testName="TestAddItemToManifest (Epub2,&quot;cover.jpg&quot;,null,null,&quot;epub2_noproperties_noid.opf&quot;)" computerName="runnervmf4ws1" duration="00:00:00.0000843" startTime="2025-09-14T11:52:46.2343276+00:00" endTime="2025-09-14T11:52:46.2344948+00:00" testType="13cdc9d9-ddb5-4fa4-a97d-d965ccfc6d4b" outcome="Passed" testListId="8c84fa94-04c1-424b-9868-57a2d4851a1d" relativeResultsDirectory="54138b75-50d0-40c0-abf2-d685920fc669" />
    <UnitTestResult executionId="dabdf232-fa7b-4adb-8cf1-349259c28ae1" testId="49fbec17-8a99-3521-2b8d-bc34471c898c" testName="TestAddPrePaginated (Epub2)" computerName="runnervmf4ws1" duration="00:00:00.0001925" startTime="2025-09-14T11:52:46.2752504+00:00" endTime="2025-09-14T11:52:46.2755177+00:00" testType="13cdc9d9-ddb5-4fa4-a97d-d965ccfc6d4b" outcome="Passed" testListId="8c84fa94-04c1-424b-9868-57a2d4851a1d" relativeResultsDirectory="dabdf232-fa7b-4adb-8cf1-349259c28ae1" />
    <UnitTestResult executionId="7aab2f06-9121-4832-bf13-22cef552bc1d" testId="8a1e305d-837e-e2ab-0677-efc86659bf91" testName="TestGetContainerXmlDocument (Epub3)" computerName="runnervmf4ws1" duration="00:00:00.0003586" startTime="2025-09-14T11:52:46.2898659+00:00" endTime="2025-09-14T11:52:46.2903064+00:00" testType="13cdc9d9-ddb5-4fa4-a97d-d965ccfc6d4b" outcome="Passed" testListId="8c84fa94-04c1-424b-9868-57a2d4851a1d" relativeResultsDirectory="7aab2f06-9121-4832-bf13-22cef552bc1d" />
    <UnitTestResult executionId="98755a54-4e53-49e6-b212-ed0a146b06c8" testId="415fc078-5627-2006-e301-3bb2cb96ae2b" testName="TestAddCreator (Epub2,[],&quot;epub2_no_roles.opf&quot;)" computerName="runnervmf4ws1" duration="00:00:00.0002657" startTime="2025-09-14T11:52:46.2707559+00:00" endTime="2025-09-14T11:52:46.2711044+00:00" testType="13cdc9d9-ddb5-4fa4-a97d-d965ccfc6d4b" outcome="Passed" testListId="8c84fa94-04c1-424b-9868-57a2d4851a1d" relativeResultsDirectory="98755a54-4e53-49e6-b212-ed0a146b06c8" />
    <UnitTestResult executionId="fd74298c-35a8-4484-af6f-37ef8091bbfc" testId="de5c320f-e3e6-6348-70fb-6545025c4cd1" testName="TestAddItemToLandmarks (Epub2)" computerName="runnervmf4ws1" duration="00:00:00.0002736" startTime="2025-09-14T11:52:46.2848709+00:00" endTime="2025-09-14T11:52:46.2852100+00:00" testType="13cdc9d9-ddb5-4fa4-a97d-d965ccfc6d4b" outcome="Passed" testListId="8c84fa94-04c1-424b-9868-57a2d4851a1d" relativeResultsDirectory="fd74298c-35a8-4484-af6f-37ef8091bbfc" />
    <UnitTestResult executionId="e5f9d92c-e0df-4b67-a925-d04850535895" testId="99a6b07e-6c4a-175c-f49d-3d815f9e4c5a" testName="TestAddItemToSpine (Epub2,null,&quot;epub2_noproperties.opf&quot;)" computerName="runnervmf4ws1" duration="00:00:00.0000819" startTime="2025-09-14T11:52:46.2782112+00:00" endTime="2025-09-14T11:52:46.2783609+00:00" testType="13cdc9d9-ddb5-4fa4-a97d-d965ccfc6d4b" outcome="Passed" testListId="8c84fa94-04c1-424b-9868-57a2d4851a1d" relativeResultsDirectory="e5f9d92c-e0df-4b67-a925-d04850535895" />
    <UnitTestResult executionId="8cd3f87a-4d15-47f4-a8cf-e084f3c77b41" testId="265f5716-a8e8-4a3d-7578-667e80e2b50e" testName="TestAddLanguage (Epub3)" computerName="runnervmf4ws1" duration="00:00:00.0002605" startTime="2025-09-14T11:52:46.2694319+00:00" endTime="2025-09-14T11:52:46.2697561+00:00" testType="13cdc9d9-ddb5-4fa4-a97d-d965ccfc6d4b" outcome="Passed" testListId="8c84fa94-04c1-424b-9868-57a2d4851a1d" relativeResultsDirectory="8cd3f87a-4d15-47f4-a8cf-e084f3c77b41" />
    <UnitTestResult executionId="ec3b607b-5a51-4af1-93f1-fa3b1b854ae4" testId="e4cbb751-c512-8650-1a17-2e8ac57a05f2" testName="TestAddModified (Epub3)" computerName="runnervmf4ws1" duration="00:00:00.0002774" startTime="2025-09-14T11:52:46.2755444+00:00" endTime="2025-09-14T11:52:46.2758826+00:00" testType="13cdc9d9-ddb5-4fa4-a97d-d965ccfc6d4b" outcome="Passed" testListId="8c84fa94-04c1-424b-9868-57a2d4851a1d" relativeResultsDirectory="ec3b607b-5a51-4af1-93f1-fa3b1b854ae4" />
    <UnitTestResult executionId="78b6d5a0-59ec-4c01-ab02-62b4b6122e58" testId="410eac8a-445b-ddc0-5763-81a3a18c8bb9" testName="TestGetRasterDocument (Epub3)" computerName="runnervmf4ws1" duration="00:00:00.0008054" startTime="2025-09-14T11:52:46.2916642+00:00" endTime="2025-09-14T11:52:46.2925534+00:00" testType="13cdc9d9-ddb5-4fa4-a97d-d965ccfc6d4b" outcome="Passed" testListId="8c84fa94-04c1-424b-9868-57a2d4851a1d" relativeResultsDirectory="78b6d5a0-59ec-4c01-ab02-62b4b6122e58" />
    <UnitTestResult executionId="70e2c86e-86ad-442d-9efe-a6f9c9bf069b" testId="e0b26bfd-5e10-47a7-5708-ed4ae0f6f17a" testName="TestAddTitle (Epub3)" computerName="runnervmf4ws1" duration="00:00:00.0001941" startTime="2025-09-14T11:52:46.2861625+00:00" endTime="2025-09-14T11:52:46.2864255+00:00" testType="13cdc9d9-ddb5-4fa4-a97d-d965ccfc6d4b" outcome="Passed" testListId="8c84fa94-04c1-424b-9868-57a2d4851a1d" relativeResultsDirectory="70e2c86e-86ad-442d-9efe-a6f9c9bf069b" />
    <UnitTestResult executionId="3881b2cd-d7fd-4f9a-8596-b2a906574adb" testId="fa860a25-9f76-25a8-9a76-b7824318caf2" testName="TestAddLeftToRight (Epub2,&quot;epub2_ltr.opf&quot;)" computerName="runnervmf4ws1" duration="00:00:00.0002046" startTime="2025-09-14T11:52:46.2793496+00:00" endTime="2025-09-14T11:52:46.2796187+00:00" testType="13cdc9d9-ddb5-4fa4-a97d-d965ccfc6d4b" outcome="Passed" testListId="8c84fa94-04c1-424b-9868-57a2d4851a1d" relativeResultsDirectory="3881b2cd-d7fd-4f9a-8596-b2a906574adb" />
    <UnitTestResult executionId="6a8901c9-58a0-4229-b0f1-8a27372c36b9" testId="10c6e40c-daca-4950-6019-a3a7ec88eb82" testName="TestAddIdentifier (Epub3)" computerName="runnervmf4ws1" duration="00:00:00.0004305" startTime="2025-09-14T11:52:46.2852380+00:00" endTime="2025-09-14T11:52:46.2857669+00:00" testType="13cdc9d9-ddb5-4fa4-a97d-d965ccfc6d4b" outcome="Passed" testListId="8c84fa94-04c1-424b-9868-57a2d4851a1d" relativeResultsDirectory="6a8901c9-58a0-4229-b0f1-8a27372c36b9" />
    <UnitTestResult executionId="5f2158ec-32e4-4dcc-8614-5d70a24ed9c1" testId="c0800344-f0ec-fd64-7ee2-f71e18c8af14" testName="TestAddNavItem (Epub3)" computerName="runnervmf4ws1" duration="00:00:00.0019846" startTime="2025-09-14T11:52:46.2802648+00:00" endTime="2025-09-14T11:52:46.2823370+00:00" testType="13cdc9d9-ddb5-4fa4-a97d-d965ccfc6d4b" outcome="Passed" testListId="8c84fa94-04c1-424b-9868-57a2d4851a1d" relativeResultsDirectory="5f2158ec-32e4-4dcc-8614-5d70a24ed9c1" />
    <UnitTestResult executionId="1899d1e6-ea23-48c9-beb3-cc59672ece44" testId="d677c7f0-fd98-db4b-f256-9d5a40eeb450" testName="TestAddCreator (Epub3,[],&quot;epub3_no_roles.opf&quot;)" computerName="runnervmf4ws1" duration="00:00:00.0005360" startTime="2025-09-14T11:52:46.2701083+00:00" endTime="2025-09-14T11:52:46.2707290+00:00" testType="13cdc9d9-ddb5-4fa4-a97d-d965ccfc6d4b" outcome="Passed" testListId="8c84fa94-04c1-424b-9868-57a2d4851a1d" relativeResultsDirectory="1899d1e6-ea23-48c9-beb3-cc59672ece44" />
    <UnitTestResult executionId="b26583f4-6e3f-4a33-9de8-f1ecd8fd9e13" testId="59a57370-8637-253e-de19-a484c9442cbd" testName="TestAddItemToSpine (Epub3,null,&quot;epub3_noproperties.opf&quot;)" computerName="runnervmf4ws1" duration="00:00:00.0000839" startTime="2025-09-14T11:52:46.2770502+00:00" endTime="2025-09-14T11:52:46.2772031+00:00" testType="13cdc9d9-ddb5-4fa4-a97d-d965ccfc6d4b" outcome="Passed" testListId="8c84fa94-04c1-424b-9868-57a2d4851a1d" relativeResultsDirectory="b26583f4-6e3f-4a33-9de8-f1ecd8fd9e13" />
    <UnitTestResult executionId="0a69b81a-ccfe-4e2f-a834-6c64672e8b92" testId="dfff1bb5-cf96-7b7e-3f4f-13e2e3d017dd" testName="TestAddIdentifier (Epub3)" computerName="runnervmf4ws1" duration="00:00:00.0004567" startTime="2025-09-14T11:52:46.2345188+00:00" endTime="2025-09-14T11:52:46.2350679+00:00" testType="13cdc9d9-ddb5-4fa4-a97d-d965ccfc6d4b" outcome="Passed" testListId="8c84fa94-04c1-424b-9868-57a2d4851a1d" relativeResultsDirectory="0a69b81a-ccfe-4e2f-a834-6c64672e8b92" />
    <UnitTestResult executionId="2b28878d-4e43-438d-b0f5-c3f3b4a8a4df" testId="b9126755-0e48-3338-5d7f-d91de59b1147" testName="TestAddModified (Epub2)" computerName="runnervmf4ws1" duration="00:00:00.0001944" startTime="2025-09-14T11:52:46.2759137+00:00" endTime="2025-09-14T11:52:46.2761888+00:00" testType="13cdc9d9-ddb5-4fa4-a97d-d965ccfc6d4b" outcome="Passed" testListId="8c84fa94-04c1-424b-9868-57a2d4851a1d" relativeResultsDirectory="2b28878d-4e43-438d-b0f5-c3f3b4a8a4df" />
    <UnitTestResult executionId="6b27a7ea-6c00-4c71-8f97-69eb46b53aae" testId="96bd8760-c7b7-81b8-4f89-ec6ccc94ca0b" testName="TestAddNcx (Epub3,&quot;epub3_ncx.opf&quot;)" computerName="runnervmf4ws1" duration="00:00:00.0002215" startTime="2025-09-14T11:52:46.2783867+00:00" endTime="2025-09-14T11:52:46.2786832+00:00" testType="13cdc9d9-ddb5-4fa4-a97d-d965ccfc6d4b" outcome="Passed" testListId="8c84fa94-04c1-424b-9868-57a2d4851a1d" relativeResultsDirectory="6b27a7ea-6c00-4c71-8f97-69eb46b53aae" />
    <UnitTestResult executionId="30d09939-0780-49d5-9b50-6d9b85be0e56" testId="3f9f394b-3398-3cc3-37cc-56417e5a89b6" testName="TestAddCreator (Epub3,[&quot;aut&quot;,&quot;ill&quot;],&quot;epub3_two_roles.opf&quot;)" computerName="runnervmf4ws1" duration="00:00:00.0000919" startTime="2025-09-14T11:52:46.2715212+00:00" endTime="2025-09-14T11:52:46.2716794+00:00" testType="13cdc9d9-ddb5-4fa4-a97d-d965ccfc6d4b" outcome="Passed" testListId="8c84fa94-04c1-424b-9868-57a2d4851a1d" relativeResultsDirectory="30d09939-0780-49d5-9b50-6d9b85be0e56" />
    <UnitTestResult executionId="e59f5ac9-923d-44b3-8618-a148b32fb6fc" testId="4560ec12-e47b-78e1-23c7-f98e322348ee" testName="TestGetContainerXmlDocument (Epub2)" computerName="runnervmf4ws1" duration="00:00:00.0002593" startTime="2025-09-14T11:52:46.2913096+00:00" endTime="2025-09-14T11:52:46.2916374+00:00" testType="13cdc9d9-ddb5-4fa4-a97d-d965ccfc6d4b" outcome="Passed" testListId="8c84fa94-04c1-424b-9868-57a2d4851a1d" relativeResultsDirectory="e59f5ac9-923d-44b3-8618-a148b32fb6fc" />
    <UnitTestResult executionId="6592388b-cf99-4e49-924a-1599d7be83be" testId="6191621d-615a-32f8-fd79-90783c02b94b" testName="TestAddDate (Epub3)" computerName="runnervmf4ws1" duration="00:00:00.0007532" startTime="2025-09-14T11:52:46.2736790+00:00" endTime="2025-09-14T11:52:46.2745031+00:00" testType="13cdc9d9-ddb5-4fa4-a97d-d965ccfc6d4b" outcome="Passed" testListId="8c84fa94-04c1-424b-9868-57a2d4851a1d" relativeResultsDirectory="6592388b-cf99-4e49-924a-1599d7be83be" />
    <UnitTestResult executionId="bd2626d3-e071-4ad6-95aa-621564b63625" testId="8c9e771c-c83f-550a-cb50-0b2a7179104c" testName="TestAddItemToSpine (Epub3,&quot;page-spread-left&quot;,&quot;epub3_properties.opf&quot;)" computerName="runnervmf4ws1" duration="00:00:00.0002972" startTime="2025-09-14T11:52:46.2762154+00:00" endTime="2025-09-14T11:52:46.2766295+00:00" testType="13cdc9d9-ddb5-4fa4-a97d-d965ccfc6d4b" outcome="Passed" testListId="8c84fa94-04c1-424b-9868-57a2d4851a1d" relativeResultsDirectory="bd2626d3-e071-4ad6-95aa-621564b63625" />
    <UnitTestResult executionId="f079ae5e-53db-4de8-96ce-948b89a69563" testId="0979f8bb-ea3f-cc84-8b49-708bff499cd7" testName="TestAddItemToManifest (Epub2,&quot;cover.jpg&quot;,&quot;cover-image&quot;,&quot;cover-id&quot;,&quot;epub2_properties_id.opf&quot;)" computerName="runnervmf4ws1" duration="00:00:00.0003787" startTime="2025-09-14T11:52:46.2335520+00:00" endTime="2025-09-14T11:52:46.2340208+00:00" testType="13cdc9d9-ddb5-4fa4-a97d-d965ccfc6d4b" outcome="Passed" testListId="8c84fa94-04c1-424b-9868-57a2d4851a1d" relativeResultsDirectory="f079ae5e-53db-4de8-96ce-948b89a69563" />
    <UnitTestResult executionId="416b0989-8067-4a44-a77d-886f5e4d7290" testId="5a4b4514-f7a8-ec80-0b2e-cc4f1e3225c9" testName="TestAddItemToLandmarks (Epub3)" computerName="runnervmf4ws1" duration="00:00:00.0003750" startTime="2025-09-14T11:52:46.2843782+00:00" endTime="2025-09-14T11:52:46.2848438+00:00" testType="13cdc9d9-ddb5-4fa4-a97d-d965ccfc6d4b" outcome="Passed" testListId="8c84fa94-04c1-424b-9868-57a2d4851a1d" relativeResultsDirectory="416b0989-8067-4a44-a77d-886f5e4d7290" />
    <UnitTestResult executionId="cc1c334b-eeb8-489f-9d71-09a4c93235d3" testId="99564a9c-de8e-bba7-fce2-1855da9f00d6" testName="TestAddNcx (Epub2,&quot;epub2_ncx.opf&quot;)" computerName="runnervmf4ws1" duration="00:00:00.0002412" startTime="2025-09-14T11:52:46.2787093+00:00" endTime="2025-09-14T11:52:46.2790151+00:00" testType="13cdc9d9-ddb5-4fa4-a97d-d965ccfc6d4b" outcome="Passed" testListId="8c84fa94-04c1-424b-9868-57a2d4851a1d" relativeResultsDirectory="cc1c334b-eeb8-489f-9d71-09a4c93235d3" />
    <UnitTestResult executionId="ab68f045-9e39-4f1b-8a87-809477a19977" testId="55b94eb4-b768-e9e6-66cb-0b4726f406c0" testName="TestAddTitle (Epub3)" computerName="runnervmf4ws1" duration="00:00:00.0003259" startTime="2025-09-14T11:52:46.2354672+00:00" endTime="2025-09-14T11:52:46.2358555+00:00" testType="13cdc9d9-ddb5-4fa4-a97d-d965ccfc6d4b" outcome="Passed" testListId="8c84fa94-04c1-424b-9868-57a2d4851a1d" relativeResultsDirectory="ab68f045-9e39-4f1b-8a87-809477a19977" />
    <UnitTestResult executionId="73943b18-783e-48ee-8117-19beb00903fa" testId="04965b1d-7fcd-a172-3bd8-f962f6396ef1" testName="TestAddNavItem (Epub3)" computerName="runnervmf4ws1" duration="00:00:00.0026894" startTime="2025-09-14T11:52:46.2867391+00:00" endTime="2025-09-14T11:52:46.2894879+00:00" testType="13cdc9d9-ddb5-4fa4-a97d-d965ccfc6d4b" outcome="Passed" testListId="8c84fa94-04c1-424b-9868-57a2d4851a1d" relativeResultsDirectory="73943b18-783e-48ee-8117-19beb00903fa" />
  </Results>
  <TestDefinitions>
    <UnitTest name="TestAddDate (Epub3)" storage="/home/runner/work/dotnet-monorepo/dotnet-monorepo/src/artifacts/bin/epubs.tests/release_linux-x64/epubs.tests.dll" id="6191621d-615a-32f8-fd79-90783c02b94b">
      <Execution id="6592388b-cf99-4e49-924a-1599d7be83be" />
      <TestMethod codeBase="/home/runner/work/dotnet-monorepo/dotnet-monorepo/src/artifacts/bin/Epubs.Tests/release_linux-x64/Epubs.Tests.dll" adapterTypeName="executor://mstestadapter/v2" className="Epubs.Tests.WriterTests.PackageDocumentTests.MetadataTests" name="TestAddDate" />
    </UnitTest>
    <UnitTest name="TestAddItemToSpine (Epub2,null,&quot;epub2_noproperties.opf&quot;)" storage="/home/runner/work/dotnet-monorepo/dotnet-monorepo/src/artifacts/bin/epubs.tests/release_linux-x64/epubs.tests.dll" id="99a6b07e-6c4a-175c-f49d-3d815f9e4c5a">
      <Execution id="e5f9d92c-e0df-4b67-a925-d04850535895" />
      <TestMethod codeBase="/home/runner/work/dotnet-monorepo/dotnet-monorepo/src/artifacts/bin/Epubs.Tests/release_linux-x64/Epubs.Tests.dll" adapterTypeName="executor://mstestadapter/v2" className="Epubs.Tests.WriterTests.PackageDocumentTests.SpineTests" name="TestAddItemToSpine" />
    </UnitTest>
    <UnitTest name="TestAddModified (Epub2)" storage="/home/runner/work/dotnet-monorepo/dotnet-monorepo/src/artifacts/bin/epubs.tests/release_linux-x64/epubs.tests.dll" id="b9126755-0e48-3338-5d7f-d91de59b1147">
      <Execution id="2b28878d-4e43-438d-b0f5-c3f3b4a8a4df" />
      <TestMethod codeBase="/home/runner/work/dotnet-monorepo/dotnet-monorepo/src/artifacts/bin/Epubs.Tests/release_linux-x64/Epubs.Tests.dll" adapterTypeName="executor://mstestadapter/v2" className="Epubs.Tests.WriterTests.PackageDocumentTests.MetadataTests" name="TestAddModified" />
    </UnitTest>
    <UnitTest name="TestGetRasterDocument (Epub3)" storage="/home/runner/work/dotnet-monorepo/dotnet-monorepo/src/artifacts/bin/epubs.tests/release_linux-x64/epubs.tests.dll" id="410eac8a-445b-ddc0-5763-81a3a18c8bb9">
      <Execution id="78b6d5a0-59ec-4c01-ab02-62b4b6122e58" />
      <TestMethod codeBase="/home/runner/work/dotnet-monorepo/dotnet-monorepo/src/artifacts/bin/Epubs.Tests/release_linux-x64/Epubs.Tests.dll" adapterTypeName="executor://mstestadapter/v2" className="Epubs.Tests.WriterTests.CoverXhtmlTests.RasterTests" name="TestGetRasterDocument" />
    </UnitTest>
    <UnitTest name="TestAddItemToSpine (Epub3,null,&quot;epub3_noproperties.opf&quot;)" storage="/home/runner/work/dotnet-monorepo/dotnet-monorepo/src/artifacts/bin/epubs.tests/release_linux-x64/epubs.tests.dll" id="59a57370-8637-253e-de19-a484c9442cbd">
      <Execution id="b26583f4-6e3f-4a33-9de8-f1ecd8fd9e13" />
      <TestMethod codeBase="/home/runner/work/dotnet-monorepo/dotnet-monorepo/src/artifacts/bin/Epubs.Tests/release_linux-x64/Epubs.Tests.dll" adapterTypeName="executor://mstestadapter/v2" className="Epubs.Tests.WriterTests.PackageDocumentTests.SpineTests" name="TestAddItemToSpine" />
    </UnitTest>
    <UnitTest name="TestAddNcx (Epub3,&quot;epub3_ncx.opf&quot;)" storage="/home/runner/work/dotnet-monorepo/dotnet-monorepo/src/artifacts/bin/epubs.tests/release_linux-x64/epubs.tests.dll" id="96bd8760-c7b7-81b8-4f89-ec6ccc94ca0b">
      <Execution id="6b27a7ea-6c00-4c71-8f97-69eb46b53aae" />
      <TestMethod codeBase="/home/runner/work/dotnet-monorepo/dotnet-monorepo/src/artifacts/bin/Epubs.Tests/release_linux-x64/Epubs.Tests.dll" adapterTypeName="executor://mstestadapter/v2" className="Epubs.Tests.WriterTests.PackageDocumentTests.SpineTests" name="TestAddNcx" />
    </UnitTest>
    <UnitTest name="TestAddReferenceToGuide (Epub3)" storage="/home/runner/work/dotnet-monorepo/dotnet-monorepo/src/artifacts/bin/epubs.tests/release_linux-x64/epubs.tests.dll" id="44da78d8-904e-d616-f174-2b6a9767cdcb">
      <Execution id="e1aa3b9c-0b5c-4af1-bdab-1e77cd52c646" />
      <TestMethod codeBase="/home/runner/work/dotnet-monorepo/dotnet-monorepo/src/artifacts/bin/Epubs.Tests/release_linux-x64/Epubs.Tests.dll" adapterTypeName="executor://mstestadapter/v2" className="Epubs.Tests.WriterTests.PackageDocumentTests.GuideTests" name="TestAddReferenceToGuide" />
    </UnitTest>
    <UnitTest name="TestAddPrePaginated (Epub3)" storage="/home/runner/work/dotnet-monorepo/dotnet-monorepo/src/artifacts/bin/epubs.tests/release_linux-x64/epubs.tests.dll" id="9df8c1b1-aaf4-5545-12dd-5ce8d49b25cf">
      <Execution id="51dafcbc-0c21-4a1d-8930-9cc09a7aab0a" />
      <TestMethod codeBase="/home/runner/work/dotnet-monorepo/dotnet-monorepo/src/artifacts/bin/Epubs.Tests/release_linux-x64/Epubs.Tests.dll" adapterTypeName="executor://mstestadapter/v2" className="Epubs.Tests.WriterTests.PackageDocumentTests.MetadataTests" name="TestAddPrePaginated" />
    </UnitTest>
    <UnitTest name="TestAddItemToSpine (Epub2,&quot;page-spread-left&quot;,&quot;epub2_properties.opf&quot;)" storage="/home/runner/work/dotnet-monorepo/dotnet-monorepo/src/artifacts/bin/epubs.tests/release_linux-x64/epubs.tests.dll" id="924b8454-c381-318c-99e1-35856fc01e42">
      <Execution id="6808effc-8d42-452a-aa48-4e96b170439f" />
      <TestMethod codeBase="/home/runner/work/dotnet-monorepo/dotnet-monorepo/src/artifacts/bin/Epubs.Tests/release_linux-x64/Epubs.Tests.dll" adapterTypeName="executor://mstestadapter/v2" className="Epubs.Tests.WriterTests.PackageDocumentTests.SpineTests" name="TestAddItemToSpine" />
    </UnitTest>
    <UnitTest name="TestGetRasterDocument (Epub2)" storage="/home/runner/work/dotnet-monorepo/dotnet-monorepo/src/artifacts/bin/epubs.tests/release_linux-x64/epubs.tests.dll" id="c70cdfcc-fe0e-0a22-3f91-3f78bf225323">
      <Execution id="1cab1050-9ce8-42ce-8cfb-5c8ee76e5ad9" />
      <TestMethod codeBase="/home/runner/work/dotnet-monorepo/dotnet-monorepo/src/artifacts/bin/Epubs.Tests/release_linux-x64/Epubs.Tests.dll" adapterTypeName="executor://mstestadapter/v2" className="Epubs.Tests.WriterTests.CoverXhtmlTests.RasterTests" name="TestGetRasterDocument" />
    </UnitTest>
    <UnitTest name="TestAddItemToManifest (Epub3,&quot;cover.jpg&quot;,null,null,&quot;epub3_noproperties_noid.opf&quot;)" storage="/home/runner/work/dotnet-monorepo/dotnet-monorepo/src/artifacts/bin/epubs.tests/release_linux-x64/epubs.tests.dll" id="1994ae24-05cd-3449-cbf7-9654aa01ed73">
      <Execution id="9946a738-860c-4215-89ab-5f646e4eafdb" />
      <TestMethod codeBase="/home/runner/work/dotnet-monorepo/dotnet-monorepo/src/artifacts/bin/Epubs.Tests/release_linux-x64/Epubs.Tests.dll" adapterTypeName="executor://mstestadapter/v2" className="Epubs.Tests.WriterTests.PackageDocumentTests.ManifestTests" name="TestAddItemToManifest" />
    </UnitTest>
    <UnitTest name="TestAddItemToSpine (Epub3,&quot;page-spread-left&quot;,&quot;epub3_properties.opf&quot;)" storage="/home/runner/work/dotnet-monorepo/dotnet-monorepo/src/artifacts/bin/epubs.tests/release_linux-x64/epubs.tests.dll" id="8c9e771c-c83f-550a-cb50-0b2a7179104c">
      <Execution id="bd2626d3-e071-4ad6-95aa-621564b63625" />
      <TestMethod codeBase="/home/runner/work/dotnet-monorepo/dotnet-monorepo/src/artifacts/bin/Epubs.Tests/release_linux-x64/Epubs.Tests.dll" adapterTypeName="executor://mstestadapter/v2" className="Epubs.Tests.WriterTests.PackageDocumentTests.SpineTests" name="TestAddItemToSpine" />
    </UnitTest>
    <UnitTest name="TestAddLeftToRight (Epub2,&quot;epub2_ltr.opf&quot;)" storage="/home/runner/work/dotnet-monorepo/dotnet-monorepo/src/artifacts/bin/epubs.tests/release_linux-x64/epubs.tests.dll" id="fa860a25-9f76-25a8-9a76-b7824318caf2">
      <Execution id="3881b2cd-d7fd-4f9a-8596-b2a906574adb" />
      <TestMethod codeBase="/home/runner/work/dotnet-monorepo/dotnet-monorepo/src/artifacts/bin/Epubs.Tests/release_linux-x64/Epubs.Tests.dll" adapterTypeName="executor://mstestadapter/v2" className="Epubs.Tests.WriterTests.PackageDocumentTests.SpineTests" name="TestAddLeftToRight" />
    </UnitTest>
    <UnitTest name="TestAddCreator (Epub3,[],&quot;epub3_no_roles.opf&quot;)" storage="/home/runner/work/dotnet-monorepo/dotnet-monorepo/src/artifacts/bin/epubs.tests/release_linux-x64/epubs.tests.dll" id="d677c7f0-fd98-db4b-f256-9d5a40eeb450">
      <Execution id="1899d1e6-ea23-48c9-beb3-cc59672ece44" />
      <TestMethod codeBase="/home/runner/work/dotnet-monorepo/dotnet-monorepo/src/artifacts/bin/Epubs.Tests/release_linux-x64/Epubs.Tests.dll" adapterTypeName="executor://mstestadapter/v2" className="Epubs.Tests.WriterTests.PackageDocumentTests.MetadataTests" name="TestAddCreator" />
    </UnitTest>
    <UnitTest name="TestAddReferenceToGuide (Epub2)" storage="/home/runner/work/dotnet-monorepo/dotnet-monorepo/src/artifacts/bin/epubs.tests/release_linux-x64/epubs.tests.dll" id="f188e44f-a366-01fc-679d-e6a774f27a0b">
      <Execution id="1a113a54-82ee-4f91-92e0-bb3bd442c2f7" />
      <TestMethod codeBase="/home/runner/work/dotnet-monorepo/dotnet-monorepo/src/artifacts/bin/Epubs.Tests/release_linux-x64/Epubs.Tests.dll" adapterTypeName="executor://mstestadapter/v2" className="Epubs.Tests.WriterTests.PackageDocumentTests.GuideTests" name="TestAddReferenceToGuide" />
    </UnitTest>
    <UnitTest name="TestAddCreator (Epub3,[&quot;aut&quot;],&quot;epub3_one_role.opf&quot;)" storage="/home/runner/work/dotnet-monorepo/dotnet-monorepo/src/artifacts/bin/epubs.tests/release_linux-x64/epubs.tests.dll" id="c721fbc4-4b7f-c0df-d55e-177b347e9a92">
      <Execution id="88052008-504e-465d-8e0b-8a06230fa36c" />
      <TestMethod codeBase="/home/runner/work/dotnet-monorepo/dotnet-monorepo/src/artifacts/bin/Epubs.Tests/release_linux-x64/Epubs.Tests.dll" adapterTypeName="executor://mstestadapter/v2" className="Epubs.Tests.WriterTests.PackageDocumentTests.MetadataTests" name="TestAddCreator" />
    </UnitTest>
    <UnitTest name="TestAddRightToLeft (Epub3,&quot;epub3_rtl.opf&quot;)" storage="/home/runner/work/dotnet-monorepo/dotnet-monorepo/src/artifacts/bin/epubs.tests/release_linux-x64/epubs.tests.dll" id="89814799-e32a-55bb-8345-b24b3f8784f3">
      <Execution id="ed59507f-1dce-4d2b-8ea4-186b0008c90f" />
      <TestMethod codeBase="/home/runner/work/dotnet-monorepo/dotnet-monorepo/src/artifacts/bin/Epubs.Tests/release_linux-x64/Epubs.Tests.dll" adapterTypeName="executor://mstestadapter/v2" className="Epubs.Tests.WriterTests.PackageDocumentTests.SpineTests" name="TestAddRightToLeft" />
    </UnitTest>
    <UnitTest name="TestAddModified (Epub3)" storage="/home/runner/work/dotnet-monorepo/dotnet-monorepo/src/artifacts/bin/epubs.tests/release_linux-x64/epubs.tests.dll" id="e4cbb751-c512-8650-1a17-2e8ac57a05f2">
      <Execution id="ec3b607b-5a51-4af1-93f1-fa3b1b854ae4" />
      <TestMethod codeBase="/home/runner/work/dotnet-monorepo/dotnet-monorepo/src/artifacts/bin/Epubs.Tests/release_linux-x64/Epubs.Tests.dll" adapterTypeName="executor://mstestadapter/v2" className="Epubs.Tests.WriterTests.PackageDocumentTests.MetadataTests" name="TestAddModified" />
    </UnitTest>
    <UnitTest name="TestAddIdentifier (Epub3)" storage="/home/runner/work/dotnet-monorepo/dotnet-monorepo/src/artifacts/bin/epubs.tests/release_linux-x64/epubs.tests.dll" id="dfff1bb5-cf96-7b7e-3f4f-13e2e3d017dd">
      <Execution id="0a69b81a-ccfe-4e2f-a834-6c64672e8b92" />
      <TestMethod codeBase="/home/runner/work/dotnet-monorepo/dotnet-monorepo/src/artifacts/bin/Epubs.Tests/release_linux-x64/Epubs.Tests.dll" adapterTypeName="executor://mstestadapter/v2" className="Epubs.Tests.WriterTests.PackageDocumentTests.MetadataTests" name="TestAddIdentifier" />
    </UnitTest>
    <UnitTest name="TestAddItemToManifest (Epub3,&quot;cover.jpg&quot;,&quot;cover-image&quot;,&quot;cover-id&quot;,&quot;epub3_properties_id.opf&quot;)" storage="/home/runner/work/dotnet-monorepo/dotnet-monorepo/src/artifacts/bin/epubs.tests/release_linux-x64/epubs.tests.dll" id="ccd4c932-333c-882b-c126-06d1ad778550">
      <Execution id="93e6c1f7-3a42-4ba7-91a9-aa0c01068311" />
      <TestMethod codeBase="/home/runner/work/dotnet-monorepo/dotnet-monorepo/src/artifacts/bin/Epubs.Tests/release_linux-x64/Epubs.Tests.dll" adapterTypeName="executor://mstestadapter/v2" className="Epubs.Tests.WriterTests.PackageDocumentTests.ManifestTests" name="TestAddItemToManifest" />
    </UnitTest>
    <UnitTest name="TestAddTitle (Epub3)" storage="/home/runner/work/dotnet-monorepo/dotnet-monorepo/src/artifacts/bin/epubs.tests/release_linux-x64/epubs.tests.dll" id="55b94eb4-b768-e9e6-66cb-0b4726f406c0">
      <Execution id="ab68f045-9e39-4f1b-8a87-809477a19977" />
      <TestMethod codeBase="/home/runner/work/dotnet-monorepo/dotnet-monorepo/src/artifacts/bin/Epubs.Tests/release_linux-x64/Epubs.Tests.dll" adapterTypeName="executor://mstestadapter/v2" className="Epubs.Tests.WriterTests.PackageDocumentTests.MetadataTests" name="TestAddTitle" />
    </UnitTest>
    <UnitTest name="TestAddItemToManifest (Epub2,&quot;cover.jpg&quot;,null,null,&quot;epub2_noproperties_noid.opf&quot;)" storage="/home/runner/work/dotnet-monorepo/dotnet-monorepo/src/artifacts/bin/epubs.tests/release_linux-x64/epubs.tests.dll" id="a1bdf61b-cabc-642a-7abf-89a752dec9e4">
      <Execution id="54138b75-50d0-40c0-abf2-d685920fc669" />
      <TestMethod codeBase="/home/runner/work/dotnet-monorepo/dotnet-monorepo/src/artifacts/bin/Epubs.Tests/release_linux-x64/Epubs.Tests.dll" adapterTypeName="executor://mstestadapter/v2" className="Epubs.Tests.WriterTests.PackageDocumentTests.ManifestTests" name="TestAddItemToManifest" />
    </UnitTest>
    <UnitTest name="TestAddLeftToRight (Epub3,&quot;epub3_ltr.opf&quot;)" storage="/home/runner/work/dotnet-monorepo/dotnet-monorepo/src/artifacts/bin/epubs.tests/release_linux-x64/epubs.tests.dll" id="b00da7e2-1034-9a94-bdb6-4d0dec2ca4dd">
      <Execution id="d786716d-8ff6-4c7a-a58b-dd6170a80e14" />
      <TestMethod codeBase="/home/runner/work/dotnet-monorepo/dotnet-monorepo/src/artifacts/bin/Epubs.Tests/release_linux-x64/Epubs.Tests.dll" adapterTypeName="executor://mstestadapter/v2" className="Epubs.Tests.WriterTests.PackageDocumentTests.SpineTests" name="TestAddLeftToRight" />
    </UnitTest>
    <UnitTest name="TestAddItemToManifest (Epub2,&quot;cover.jpg&quot;,&quot;cover-image&quot;,&quot;cover-id&quot;,&quot;epub2_properties_id.opf&quot;)" storage="/home/runner/work/dotnet-monorepo/dotnet-monorepo/src/artifacts/bin/epubs.tests/release_linux-x64/epubs.tests.dll" id="0979f8bb-ea3f-cc84-8b49-708bff499cd7">
      <Execution id="f079ae5e-53db-4de8-96ce-948b89a69563" />
      <TestMethod codeBase="/home/runner/work/dotnet-monorepo/dotnet-monorepo/src/artifacts/bin/Epubs.Tests/release_linux-x64/Epubs.Tests.dll" adapterTypeName="executor://mstestadapter/v2" className="Epubs.Tests.WriterTests.PackageDocumentTests.ManifestTests" name="TestAddItemToManifest" />
    </UnitTest>
    <UnitTest name="TestAddCreator (Epub2,[&quot;aut&quot;,&quot;ill&quot;],&quot;epub2_two_roles.opf&quot;)" storage="/home/runner/work/dotnet-monorepo/dotnet-monorepo/src/artifacts/bin/epubs.tests/release_linux-x64/epubs.tests.dll" id="e6a52e6f-b4f1-a194-00bd-8dca39600023">
      <Execution id="16d25f0a-d1f8-4cbc-98e1-42ec38890e4d" />
      <TestMethod codeBase="/home/runner/work/dotnet-monorepo/dotnet-monorepo/src/artifacts/bin/Epubs.Tests/release_linux-x64/Epubs.Tests.dll" adapterTypeName="executor://mstestadapter/v2" className="Epubs.Tests.WriterTests.PackageDocumentTests.MetadataTests" name="TestAddCreator" />
    </UnitTest>
    <UnitTest name="TestAddCreator (Epub3,[&quot;aut&quot;,&quot;ill&quot;],&quot;epub3_two_roles.opf&quot;)" storage="/home/runner/work/dotnet-monorepo/dotnet-monorepo/src/artifacts/bin/epubs.tests/release_linux-x64/epubs.tests.dll" id="3f9f394b-3398-3cc3-37cc-56417e5a89b6">
      <Execution id="30d09939-0780-49d5-9b50-6d9b85be0e56" />
      <TestMethod codeBase="/home/runner/work/dotnet-monorepo/dotnet-monorepo/src/artifacts/bin/Epubs.Tests/release_linux-x64/Epubs.Tests.dll" adapterTypeName="executor://mstestadapter/v2" className="Epubs.Tests.WriterTests.PackageDocumentTests.MetadataTests" name="TestAddCreator" />
    </UnitTest>
    <UnitTest name="TestAddLanguage (Epub3)" storage="/home/runner/work/dotnet-monorepo/dotnet-monorepo/src/artifacts/bin/epubs.tests/release_linux-x64/epubs.tests.dll" id="265f5716-a8e8-4a3d-7578-667e80e2b50e">
      <Execution id="8cd3f87a-4d15-47f4-a8cf-e084f3c77b41" />
      <TestMethod codeBase="/home/runner/work/dotnet-monorepo/dotnet-monorepo/src/artifacts/bin/Epubs.Tests/release_linux-x64/Epubs.Tests.dll" adapterTypeName="executor://mstestadapter/v2" className="Epubs.Tests.WriterTests.PackageDocumentTests.MetadataTests" name="TestAddLanguage" />
    </UnitTest>
    <UnitTest name="TestAddNavItem (Epub3)" storage="/home/runner/work/dotnet-monorepo/dotnet-monorepo/src/artifacts/bin/epubs.tests/release_linux-x64/epubs.tests.dll" id="c0800344-f0ec-fd64-7ee2-f71e18c8af14">
      <Execution id="5f2158ec-32e4-4dcc-8614-5d70a24ed9c1" />
      <TestMethod codeBase="/home/runner/work/dotnet-monorepo/dotnet-monorepo/src/artifacts/bin/Epubs.Tests/release_linux-x64/Epubs.Tests.dll" adapterTypeName="executor://mstestadapter/v2" className="Epubs.Tests.WriterTests.NavigationTests.NavigationDocumentTests" name="TestAddNavItem" />
    </UnitTest>
    <UnitTest name="TestAddNavItem (Epub2)" storage="/home/runner/work/dotnet-monorepo/dotnet-monorepo/src/artifacts/bin/epubs.tests/release_linux-x64/epubs.tests.dll" id="693b69fd-81f0-56fd-8f17-ee56b4f8d96d">
      <Execution id="6662626e-cdb1-4870-a3af-9c08aa4061e4" />
      <TestMethod codeBase="/home/runner/work/dotnet-monorepo/dotnet-monorepo/src/artifacts/bin/Epubs.Tests/release_linux-x64/Epubs.Tests.dll" adapterTypeName="executor://mstestadapter/v2" className="Epubs.Tests.WriterTests.NavigationTests.NcxTests" name="TestAddNavItem" />
    </UnitTest>
    <UnitTest name="TestAddLanguage (Epub2)" storage="/home/runner/work/dotnet-monorepo/dotnet-monorepo/src/artifacts/bin/epubs.tests/release_linux-x64/epubs.tests.dll" id="713cc4f0-5833-4981-89c3-33f67d49e215">
      <Execution id="5a253fcb-c7a6-4551-8e81-24346eb931d7" />
      <TestMethod codeBase="/home/runner/work/dotnet-monorepo/dotnet-monorepo/src/artifacts/bin/Epubs.Tests/release_linux-x64/Epubs.Tests.dll" adapterTypeName="executor://mstestadapter/v2" className="Epubs.Tests.WriterTests.PackageDocumentTests.MetadataTests" name="TestAddLanguage" />
    </UnitTest>
    <UnitTest name="TestAddIdentifier (Epub3)" storage="/home/runner/work/dotnet-monorepo/dotnet-monorepo/src/artifacts/bin/epubs.tests/release_linux-x64/epubs.tests.dll" id="10c6e40c-daca-4950-6019-a3a7ec88eb82">
      <Execution id="6a8901c9-58a0-4229-b0f1-8a27372c36b9" />
      <TestMethod codeBase="/home/runner/work/dotnet-monorepo/dotnet-monorepo/src/artifacts/bin/Epubs.Tests/release_linux-x64/Epubs.Tests.dll" adapterTypeName="executor://mstestadapter/v2" className="Epubs.Tests.WriterTests.NavigationTests.NcxTests" name="TestAddIdentifier" />
    </UnitTest>
    <UnitTest name="TestGetContainerXmlDocument (Epub2)" storage="/home/runner/work/dotnet-monorepo/dotnet-monorepo/src/artifacts/bin/epubs.tests/release_linux-x64/epubs.tests.dll" id="4560ec12-e47b-78e1-23c7-f98e322348ee">
      <Execution id="e59f5ac9-923d-44b3-8618-a148b32fb6fc" />
      <TestMethod codeBase="/home/runner/work/dotnet-monorepo/dotnet-monorepo/src/artifacts/bin/Epubs.Tests/release_linux-x64/Epubs.Tests.dll" adapterTypeName="executor://mstestadapter/v2" className="Epubs.Tests.WriterTests.MetaInfTests.ContainerXmlTests" name="TestGetContainerXmlDocument" />
    </UnitTest>
    <UnitTest name="TestAddRightToLeft (Epub2,&quot;epub2_rtl.opf&quot;)" storage="/home/runner/work/dotnet-monorepo/dotnet-monorepo/src/artifacts/bin/epubs.tests/release_linux-x64/epubs.tests.dll" id="40fccafb-603f-db2e-52f5-0e6854d614d2">
      <Execution id="5cc3983b-c3dc-4d68-ad1a-f306cbaa08a6" />
      <TestMethod codeBase="/home/runner/work/dotnet-monorepo/dotnet-monorepo/src/artifacts/bin/Epubs.Tests/release_linux-x64/Epubs.Tests.dll" adapterTypeName="executor://mstestadapter/v2" className="Epubs.Tests.WriterTests.PackageDocumentTests.SpineTests" name="TestAddRightToLeft" />
    </UnitTest>
    <UnitTest name="TestAddNavItem (Epub2)" storage="/home/runner/work/dotnet-monorepo/dotnet-monorepo/src/artifacts/bin/epubs.tests/release_linux-x64/epubs.tests.dll" id="3f3cfbdc-7778-44fe-127e-9e051a2f1aa2">
      <Execution id="a2e034cb-52fb-45c6-bd10-e5ac4ea976a7" />
      <TestMethod codeBase="/home/runner/work/dotnet-monorepo/dotnet-monorepo/src/artifacts/bin/Epubs.Tests/release_linux-x64/Epubs.Tests.dll" adapterTypeName="executor://mstestadapter/v2" className="Epubs.Tests.WriterTests.NavigationTests.NavigationDocumentTests" name="TestAddNavItem" />
    </UnitTest>
    <UnitTest name="TestAddTitle (Epub2)" storage="/home/runner/work/dotnet-monorepo/dotnet-monorepo/src/artifacts/bin/epubs.tests/release_linux-x64/epubs.tests.dll" id="5d4d5230-0e25-87c0-4af6-2de9a7c4c4a1">
      <Execution id="d22975d2-056a-42b3-9530-91343138360f" />
      <TestMethod codeBase="/home/runner/work/dotnet-monorepo/dotnet-monorepo/src/artifacts/bin/Epubs.Tests/release_linux-x64/Epubs.Tests.dll" adapterTypeName="executor://mstestadapter/v2" className="Epubs.Tests.WriterTests.NavigationTests.NcxTests" name="TestAddTitle" />
    </UnitTest>
    <UnitTest name="TestAddCreator (Epub2,[],&quot;epub2_no_roles.opf&quot;)" storage="/home/runner/work/dotnet-monorepo/dotnet-monorepo/src/artifacts/bin/epubs.tests/release_linux-x64/epubs.tests.dll" id="415fc078-5627-2006-e301-3bb2cb96ae2b">
      <Execution id="98755a54-4e53-49e6-b212-ed0a146b06c8" />
      <TestMethod codeBase="/home/runner/work/dotnet-monorepo/dotnet-monorepo/src/artifacts/bin/Epubs.Tests/release_linux-x64/Epubs.Tests.dll" adapterTypeName="executor://mstestadapter/v2" className="Epubs.Tests.WriterTests.PackageDocumentTests.MetadataTests" name="TestAddCreator" />
    </UnitTest>
    <UnitTest name="TestAddDate (Epub2)" storage="/home/runner/work/dotnet-monorepo/dotnet-monorepo/src/artifacts/bin/epubs.tests/release_linux-x64/epubs.tests.dll" id="cec8e838-5451-2a86-db1e-5de14ad9804c">
      <Execution id="78a7793d-0efe-47fd-bb3c-9224a1a33ff7" />
      <TestMethod codeBase="/home/runner/work/dotnet-monorepo/dotnet-monorepo/src/artifacts/bin/Epubs.Tests/release_linux-x64/Epubs.Tests.dll" adapterTypeName="executor://mstestadapter/v2" className="Epubs.Tests.WriterTests.PackageDocumentTests.MetadataTests" name="TestAddDate" />
    </UnitTest>
    <UnitTest name="TestAddNavItem (Epub3)" storage="/home/runner/work/dotnet-monorepo/dotnet-monorepo/src/artifacts/bin/epubs.tests/release_linux-x64/epubs.tests.dll" id="04965b1d-7fcd-a172-3bd8-f962f6396ef1">
      <Execution id="73943b18-783e-48ee-8117-19beb00903fa" />
      <TestMethod codeBase="/home/runner/work/dotnet-monorepo/dotnet-monorepo/src/artifacts/bin/Epubs.Tests/release_linux-x64/Epubs.Tests.dll" adapterTypeName="executor://mstestadapter/v2" className="Epubs.Tests.WriterTests.NavigationTests.NcxTests" name="TestAddNavItem" />
    </UnitTest>
    <UnitTest name="TestAddPrePaginated (Epub2)" storage="/home/runner/work/dotnet-monorepo/dotnet-monorepo/src/artifacts/bin/epubs.tests/release_linux-x64/epubs.tests.dll" id="49fbec17-8a99-3521-2b8d-bc34471c898c">
      <Execution id="dabdf232-fa7b-4adb-8cf1-349259c28ae1" />
      <TestMethod codeBase="/home/runner/work/dotnet-monorepo/dotnet-monorepo/src/artifacts/bin/Epubs.Tests/release_linux-x64/Epubs.Tests.dll" adapterTypeName="executor://mstestadapter/v2" className="Epubs.Tests.WriterTests.PackageDocumentTests.MetadataTests" name="TestAddPrePaginated" />
    </UnitTest>
    <UnitTest name="TestAddItemToLandmarks (Epub3)" storage="/home/runner/work/dotnet-monorepo/dotnet-monorepo/src/artifacts/bin/epubs.tests/release_linux-x64/epubs.tests.dll" id="5a4b4514-f7a8-ec80-0b2e-cc4f1e3225c9">
      <Execution id="416b0989-8067-4a44-a77d-886f5e4d7290" />
      <TestMethod codeBase="/home/runner/work/dotnet-monorepo/dotnet-monorepo/src/artifacts/bin/Epubs.Tests/release_linux-x64/Epubs.Tests.dll" adapterTypeName="executor://mstestadapter/v2" className="Epubs.Tests.WriterTests.NavigationTests.NavigationDocumentTests" name="TestAddItemToLandmarks" />
    </UnitTest>
    <UnitTest name="TestAddNcx (Epub2,&quot;epub2_ncx.opf&quot;)" storage="/home/runner/work/dotnet-monorepo/dotnet-monorepo/src/artifacts/bin/epubs.tests/release_linux-x64/epubs.tests.dll" id="99564a9c-de8e-bba7-fce2-1855da9f00d6">
      <Execution id="cc1c334b-eeb8-489f-9d71-09a4c93235d3" />
      <TestMethod codeBase="/home/runner/work/dotnet-monorepo/dotnet-monorepo/src/artifacts/bin/Epubs.Tests/release_linux-x64/Epubs.Tests.dll" adapterTypeName="executor://mstestadapter/v2" className="Epubs.Tests.WriterTests.PackageDocumentTests.SpineTests" name="TestAddNcx" />
    </UnitTest>
    <UnitTest name="TestGetContainerXmlDocument (Epub3)" storage="/home/runner/work/dotnet-monorepo/dotnet-monorepo/src/artifacts/bin/epubs.tests/release_linux-x64/epubs.tests.dll" id="8a1e305d-837e-e2ab-0677-efc86659bf91">
      <Execution id="7aab2f06-9121-4832-bf13-22cef552bc1d" />
      <TestMethod codeBase="/home/runner/work/dotnet-monorepo/dotnet-monorepo/src/artifacts/bin/Epubs.Tests/release_linux-x64/Epubs.Tests.dll" adapterTypeName="executor://mstestadapter/v2" className="Epubs.Tests.WriterTests.MetaInfTests.ContainerXmlTests" name="TestGetContainerXmlDocument" />
    </UnitTest>
    <UnitTest name="TestAddCreator (Epub2,[&quot;aut&quot;],&quot;epub2_one_role.opf&quot;)" storage="/home/runner/work/dotnet-monorepo/dotnet-monorepo/src/artifacts/bin/epubs.tests/release_linux-x64/epubs.tests.dll" id="78e4846a-98ff-e3e6-be1b-f68ce6653ef7">
      <Execution id="9779131f-cac2-4768-af34-8e560e0f8da9" />
      <TestMethod codeBase="/home/runner/work/dotnet-monorepo/dotnet-monorepo/src/artifacts/bin/Epubs.Tests/release_linux-x64/Epubs.Tests.dll" adapterTypeName="executor://mstestadapter/v2" className="Epubs.Tests.WriterTests.PackageDocumentTests.MetadataTests" name="TestAddCreator" />
    </UnitTest>
    <UnitTest name="TestAddIdentifier (Epub2)" storage="/home/runner/work/dotnet-monorepo/dotnet-monorepo/src/artifacts/bin/epubs.tests/release_linux-x64/epubs.tests.dll" id="594caead-0457-af95-78db-f11df6a0960a">
      <Execution id="73fbf27f-daac-4392-bdf1-b84d90a7a4d3" />
      <TestMethod codeBase="/home/runner/work/dotnet-monorepo/dotnet-monorepo/src/artifacts/bin/Epubs.Tests/release_linux-x64/Epubs.Tests.dll" adapterTypeName="executor://mstestadapter/v2" className="Epubs.Tests.WriterTests.NavigationTests.NcxTests" name="TestAddIdentifier" />
    </UnitTest>
    <UnitTest name="TestAddIdentifier (Epub2)" storage="/home/runner/work/dotnet-monorepo/dotnet-monorepo/src/artifacts/bin/epubs.tests/release_linux-x64/epubs.tests.dll" id="8d1ae0de-2769-faaf-9dcf-e6f047c0d5f3">
      <Execution id="a27d12a9-33d8-4af1-a847-c8ad00920f44" />
      <TestMethod codeBase="/home/runner/work/dotnet-monorepo/dotnet-monorepo/src/artifacts/bin/Epubs.Tests/release_linux-x64/Epubs.Tests.dll" adapterTypeName="executor://mstestadapter/v2" className="Epubs.Tests.WriterTests.PackageDocumentTests.MetadataTests" name="TestAddIdentifier" />
    </UnitTest>
    <UnitTest name="TestAddTitle (Epub2)" storage="/home/runner/work/dotnet-monorepo/dotnet-monorepo/src/artifacts/bin/epubs.tests/release_linux-x64/epubs.tests.dll" id="b3961dcc-7a38-2113-9639-b9147b073687">
      <Execution id="f32c905a-1cfa-4f85-8211-6565d374215f" />
      <TestMethod codeBase="/home/runner/work/dotnet-monorepo/dotnet-monorepo/src/artifacts/bin/Epubs.Tests/release_linux-x64/Epubs.Tests.dll" adapterTypeName="executor://mstestadapter/v2" className="Epubs.Tests.WriterTests.PackageDocumentTests.MetadataTests" name="TestAddTitle" />
    </UnitTest>
    <UnitTest name="TestAddItemToLandmarks (Epub2)" storage="/home/runner/work/dotnet-monorepo/dotnet-monorepo/src/artifacts/bin/epubs.tests/release_linux-x64/epubs.tests.dll" id="de5c320f-e3e6-6348-70fb-6545025c4cd1">
      <Execution id="fd74298c-35a8-4484-af6f-37ef8091bbfc" />
      <TestMethod codeBase="/home/runner/work/dotnet-monorepo/dotnet-monorepo/src/artifacts/bin/Epubs.Tests/release_linux-x64/Epubs.Tests.dll" adapterTypeName="executor://mstestadapter/v2" className="Epubs.Tests.WriterTests.NavigationTests.NavigationDocumentTests" name="TestAddItemToLandmarks" />
    </UnitTest>
    <UnitTest name="TestAddTitle (Epub3)" storage="/home/runner/work/dotnet-monorepo/dotnet-monorepo/src/artifacts/bin/epubs.tests/release_linux-x64/epubs.tests.dll" id="e0b26bfd-5e10-47a7-5708-ed4ae0f6f17a">
      <Execution id="70e2c86e-86ad-442d-9efe-a6f9c9bf069b" />
      <TestMethod codeBase="/home/runner/work/dotnet-monorepo/dotnet-monorepo/src/artifacts/bin/Epubs.Tests/release_linux-x64/Epubs.Tests.dll" adapterTypeName="executor://mstestadapter/v2" className="Epubs.Tests.WriterTests.NavigationTests.NcxTests" name="TestAddTitle" />
    </UnitTest>
  </TestDefinitions>
  <TestEntries>
    <TestEntry testId="e6a52e6f-b4f1-a194-00bd-8dca39600023" executionId="16d25f0a-d1f8-4cbc-98e1-42ec38890e4d" testListId="8c84fa94-04c1-424b-9868-57a2d4851a1d" />
    <TestEntry testId="f188e44f-a366-01fc-679d-e6a774f27a0b" executionId="1a113a54-82ee-4f91-92e0-bb3bd442c2f7" testListId="8c84fa94-04c1-424b-9868-57a2d4851a1d" />
    <TestEntry testId="78e4846a-98ff-e3e6-be1b-f68ce6653ef7" executionId="9779131f-cac2-4768-af34-8e560e0f8da9" testListId="8c84fa94-04c1-424b-9868-57a2d4851a1d" />
    <TestEntry testId="713cc4f0-5833-4981-89c3-33f67d49e215" executionId="5a253fcb-c7a6-4551-8e81-24346eb931d7" testListId="8c84fa94-04c1-424b-9868-57a2d4851a1d" />
    <TestEntry testId="5d4d5230-0e25-87c0-4af6-2de9a7c4c4a1" executionId="d22975d2-056a-42b3-9530-91343138360f" testListId="8c84fa94-04c1-424b-9868-57a2d4851a1d" />
    <TestEntry testId="40fccafb-603f-db2e-52f5-0e6854d614d2" executionId="5cc3983b-c3dc-4d68-ad1a-f306cbaa08a6" testListId="8c84fa94-04c1-424b-9868-57a2d4851a1d" />
    <TestEntry testId="693b69fd-81f0-56fd-8f17-ee56b4f8d96d" executionId="6662626e-cdb1-4870-a3af-9c08aa4061e4" testListId="8c84fa94-04c1-424b-9868-57a2d4851a1d" />
    <TestEntry testId="b3961dcc-7a38-2113-9639-b9147b073687" executionId="f32c905a-1cfa-4f85-8211-6565d374215f" testListId="8c84fa94-04c1-424b-9868-57a2d4851a1d" />
    <TestEntry testId="b00da7e2-1034-9a94-bdb6-4d0dec2ca4dd" executionId="d786716d-8ff6-4c7a-a58b-dd6170a80e14" testListId="8c84fa94-04c1-424b-9868-57a2d4851a1d" />
    <TestEntry testId="44da78d8-904e-d616-f174-2b6a9767cdcb" executionId="e1aa3b9c-0b5c-4af1-bdab-1e77cd52c646" testListId="8c84fa94-04c1-424b-9868-57a2d4851a1d" />
    <TestEntry testId="594caead-0457-af95-78db-f11df6a0960a" executionId="73fbf27f-daac-4392-bdf1-b84d90a7a4d3" testListId="8c84fa94-04c1-424b-9868-57a2d4851a1d" />
    <TestEntry testId="cec8e838-5451-2a86-db1e-5de14ad9804c" executionId="78a7793d-0efe-47fd-bb3c-9224a1a33ff7" testListId="8c84fa94-04c1-424b-9868-57a2d4851a1d" />
    <TestEntry testId="1994ae24-05cd-3449-cbf7-9654aa01ed73" executionId="9946a738-860c-4215-89ab-5f646e4eafdb" testListId="8c84fa94-04c1-424b-9868-57a2d4851a1d" />
    <TestEntry testId="924b8454-c381-318c-99e1-35856fc01e42" executionId="6808effc-8d42-452a-aa48-4e96b170439f" testListId="8c84fa94-04c1-424b-9868-57a2d4851a1d" />
    <TestEntry testId="c70cdfcc-fe0e-0a22-3f91-3f78bf225323" executionId="1cab1050-9ce8-42ce-8cfb-5c8ee76e5ad9" testListId="8c84fa94-04c1-424b-9868-57a2d4851a1d" />
    <TestEntry testId="ccd4c932-333c-882b-c126-06d1ad778550" executionId="93e6c1f7-3a42-4ba7-91a9-aa0c01068311" testListId="8c84fa94-04c1-424b-9868-57a2d4851a1d" />
    <TestEntry testId="9df8c1b1-aaf4-5545-12dd-5ce8d49b25cf" executionId="51dafcbc-0c21-4a1d-8930-9cc09a7aab0a" testListId="8c84fa94-04c1-424b-9868-57a2d4851a1d" />
    <TestEntry testId="8d1ae0de-2769-faaf-9dcf-e6f047c0d5f3" executionId="a27d12a9-33d8-4af1-a847-c8ad00920f44" testListId="8c84fa94-04c1-424b-9868-57a2d4851a1d" />
    <TestEntry testId="c721fbc4-4b7f-c0df-d55e-177b347e9a92" executionId="88052008-504e-465d-8e0b-8a06230fa36c" testListId="8c84fa94-04c1-424b-9868-57a2d4851a1d" />
    <TestEntry testId="3f3cfbdc-7778-44fe-127e-9e051a2f1aa2" executionId="a2e034cb-52fb-45c6-bd10-e5ac4ea976a7" testListId="8c84fa94-04c1-424b-9868-57a2d4851a1d" />
    <TestEntry testId="89814799-e32a-55bb-8345-b24b3f8784f3" executionId="ed59507f-1dce-4d2b-8ea4-186b0008c90f" testListId="8c84fa94-04c1-424b-9868-57a2d4851a1d" />
    <TestEntry testId="a1bdf61b-cabc-642a-7abf-89a752dec9e4" executionId="54138b75-50d0-40c0-abf2-d685920fc669" testListId="8c84fa94-04c1-424b-9868-57a2d4851a1d" />
    <TestEntry testId="49fbec17-8a99-3521-2b8d-bc34471c898c" executionId="dabdf232-fa7b-4adb-8cf1-349259c28ae1" testListId="8c84fa94-04c1-424b-9868-57a2d4851a1d" />
    <TestEntry testId="8a1e305d-837e-e2ab-0677-efc86659bf91" executionId="7aab2f06-9121-4832-bf13-22cef552bc1d" testListId="8c84fa94-04c1-424b-9868-57a2d4851a1d" />
    <TestEntry testId="415fc078-5627-2006-e301-3bb2cb96ae2b" executionId="98755a54-4e53-49e6-b212-ed0a146b06c8" testListId="8c84fa94-04c1-424b-9868-57a2d4851a1d" />
    <TestEntry testId="de5c320f-e3e6-6348-70fb-6545025c4cd1" executionId="fd74298c-35a8-4484-af6f-37ef8091bbfc" testListId="8c84fa94-04c1-424b-9868-57a2d4851a1d" />
    <TestEntry testId="99a6b07e-6c4a-175c-f49d-3d815f9e4c5a" executionId="e5f9d92c-e0df-4b67-a925-d04850535895" testListId="8c84fa94-04c1-424b-9868-57a2d4851a1d" />
    <TestEntry testId="265f5716-a8e8-4a3d-7578-667e80e2b50e" executionId="8cd3f87a-4d15-47f4-a8cf-e084f3c77b41" testListId="8c84fa94-04c1-424b-9868-57a2d4851a1d" />
    <TestEntry testId="e4cbb751-c512-8650-1a17-2e8ac57a05f2" executionId="ec3b607b-5a51-4af1-93f1-fa3b1b854ae4" testListId="8c84fa94-04c1-424b-9868-57a2d4851a1d" />
    <TestEntry testId="410eac8a-445b-ddc0-5763-81a3a18c8bb9" executionId="78b6d5a0-59ec-4c01-ab02-62b4b6122e58" testListId="8c84fa94-04c1-424b-9868-57a2d4851a1d" />
    <TestEntry testId="e0b26bfd-5e10-47a7-5708-ed4ae0f6f17a" executionId="70e2c86e-86ad-442d-9efe-a6f9c9bf069b" testListId="8c84fa94-04c1-424b-9868-57a2d4851a1d" />
    <TestEntry testId="fa860a25-9f76-25a8-9a76-b7824318caf2" executionId="3881b2cd-d7fd-4f9a-8596-b2a906574adb" testListId="8c84fa94-04c1-424b-9868-57a2d4851a1d" />
    <TestEntry testId="10c6e40c-daca-4950-6019-a3a7ec88eb82" executionId="6a8901c9-58a0-4229-b0f1-8a27372c36b9" testListId="8c84fa94-04c1-424b-9868-57a2d4851a1d" />
    <TestEntry testId="c0800344-f0ec-fd64-7ee2-f71e18c8af14" executionId="5f2158ec-32e4-4dcc-8614-5d70a24ed9c1" testListId="8c84fa94-04c1-424b-9868-57a2d4851a1d" />
    <TestEntry testId="d677c7f0-fd98-db4b-f256-9d5a40eeb450" executionId="1899d1e6-ea23-48c9-beb3-cc59672ece44" testListId="8c84fa94-04c1-424b-9868-57a2d4851a1d" />
    <TestEntry testId="59a57370-8637-253e-de19-a484c9442cbd" executionId="b26583f4-6e3f-4a33-9de8-f1ecd8fd9e13" testListId="8c84fa94-04c1-424b-9868-57a2d4851a1d" />
    <TestEntry testId="dfff1bb5-cf96-7b7e-3f4f-13e2e3d017dd" executionId="0a69b81a-ccfe-4e2f-a834-6c64672e8b92" testListId="8c84fa94-04c1-424b-9868-57a2d4851a1d" />
    <TestEntry testId="b9126755-0e48-3338-5d7f-d91de59b1147" executionId="2b28878d-4e43-438d-b0f5-c3f3b4a8a4df" testListId="8c84fa94-04c1-424b-9868-57a2d4851a1d" />
    <TestEntry testId="96bd8760-c7b7-81b8-4f89-ec6ccc94ca0b" executionId="6b27a7ea-6c00-4c71-8f97-69eb46b53aae" testListId="8c84fa94-04c1-424b-9868-57a2d4851a1d" />
    <TestEntry testId="3f9f394b-3398-3cc3-37cc-56417e5a89b6" executionId="30d09939-0780-49d5-9b50-6d9b85be0e56" testListId="8c84fa94-04c1-424b-9868-57a2d4851a1d" />
    <TestEntry testId="4560ec12-e47b-78e1-23c7-f98e322348ee" executionId="e59f5ac9-923d-44b3-8618-a148b32fb6fc" testListId="8c84fa94-04c1-424b-9868-57a2d4851a1d" />
    <TestEntry testId="6191621d-615a-32f8-fd79-90783c02b94b" executionId="6592388b-cf99-4e49-924a-1599d7be83be" testListId="8c84fa94-04c1-424b-9868-57a2d4851a1d" />
    <TestEntry testId="8c9e771c-c83f-550a-cb50-0b2a7179104c" executionId="bd2626d3-e071-4ad6-95aa-621564b63625" testListId="8c84fa94-04c1-424b-9868-57a2d4851a1d" />
    <TestEntry testId="0979f8bb-ea3f-cc84-8b49-708bff499cd7" executionId="f079ae5e-53db-4de8-96ce-948b89a69563" testListId="8c84fa94-04c1-424b-9868-57a2d4851a1d" />
    <TestEntry testId="5a4b4514-f7a8-ec80-0b2e-cc4f1e3225c9" executionId="416b0989-8067-4a44-a77d-886f5e4d7290" testListId="8c84fa94-04c1-424b-9868-57a2d4851a1d" />
    <TestEntry testId="99564a9c-de8e-bba7-fce2-1855da9f00d6" executionId="cc1c334b-eeb8-489f-9d71-09a4c93235d3" testListId="8c84fa94-04c1-424b-9868-57a2d4851a1d" />
    <TestEntry testId="55b94eb4-b768-e9e6-66cb-0b4726f406c0" executionId="ab68f045-9e39-4f1b-8a87-809477a19977" testListId="8c84fa94-04c1-424b-9868-57a2d4851a1d" />
    <TestEntry testId="04965b1d-7fcd-a172-3bd8-f962f6396ef1" executionId="73943b18-783e-48ee-8117-19beb00903fa" testListId="8c84fa94-04c1-424b-9868-57a2d4851a1d" />
  </TestEntries>
  <TestLists>
    <TestList name="Results Not in a List" id="8c84fa94-04c1-424b-9868-57a2d4851a1d" />
    <TestList name="All Loaded Results" id="19431567-8539-422a-85d7-44ee4e166bda" />
  </TestLists>
  <ResultSummary outcome="Completed">
    <Counters total="48" executed="48" passed="48" failed="0" error="0" timeout="0" aborted="0" inconclusive="0" passedButRunAborted="0" notRunnable="0" notExecuted="0" disconnected="0" warning="0" completed="0" inProgress="0" pending="0" />
  </ResultSummary>
</TestRun>