<?xml version="1.0" encoding="utf-8"?>
<TestRun id="4098a758-0508-4533-8f33-0b658928e9f8" name="runneradmin@runnervm0hlvn 2025-08-31 02:23:15" runUser="runnervm0hlvn\runneradmin" xmlns="http://microsoft.com/schemas/VisualStudio/TeamTest/2010">
  <Times creation="2025-08-31T02:23:15.1231539+00:00" queuing="2025-08-31T02:23:15.1231542+00:00" start="2025-08-31T02:23:14.6480967+00:00" finish="2025-08-31T02:23:15.1235605+00:00" />
  <TestSettings name="default" id="1e8b3d70-a8ff-4661-9b23-3e09b1708906">
    <Deployment runDeploymentRoot="runneradmin_runnervm0hlvn_2025-08-31_02_23_15" />
  </TestSettings>
  <TestLists>
    <TestList name="Results Not in a List" id="8c84fa94-04c1-424b-9868-57a2d4851a1d" />
    <TestList name="All Loaded Results" id="19431567-8539-422a-85d7-44ee4e166bda" />
  </TestLists>
  <ResultSummary outcome="Completed">
    <Counters total="0" executed="0" passed="0" failed="0" error="0" timeout="0" aborted="0" inconclusive="0" passedButRunAborted="0" notRunnable="0" notExecuted="0" disconnected="0" warning="0" completed="0" inProgress="0" pending="0" />
    <RunInfos>
      <RunInfo computerName="runnervm0hlvn" outcome="Warning" timestamp="2025-08-31T02:23:15.0707829+00:00">
        <Text>No test is available in D:\a\dotnet-monorepo\dotnet-monorepo\src\artifacts\bin\EpubProj.Tests\release_win-x64\EpubProj.Tests.dll. Make sure that test discoverer &amp; executors are registered and platform &amp; framework version settings are appropriate and try again.</Text>
      </RunInfo>
    </RunInfos>
  </ResultSummary>
</TestRun>