<?xml version="1.0" encoding="utf-8"?>
<TestRun id="6286f77c-2fd1-40ba-8338-0876600bbd21" name="runneradmin@runnervmifolv 2025-09-14 11:55:28" runUser="runnervmifolv\runneradmin" xmlns="http://microsoft.com/schemas/VisualStudio/TeamTest/2010">
  <Times creation="2025-09-14T11:55:28.8398919+00:00" queuing="2025-09-14T11:55:28.8398921+00:00" start="2025-09-14T11:55:28.3535440+00:00" finish="2025-09-14T11:55:28.8402989+00:00" />
  <TestSettings name="default" id="ba1bf998-48f4-4a31-b033-d2d4b7cc5b26">
    <Deployment runDeploymentRoot="runneradmin_runnervmifolv_2025-09-14_11_55_28" />
  </TestSettings>
  <TestLists>
    <TestList name="Results Not in a List" id="8c84fa94-04c1-424b-9868-57a2d4851a1d" />
    <TestList name="All Loaded Results" id="19431567-8539-422a-85d7-44ee4e166bda" />
  </TestLists>
  <ResultSummary outcome="Completed">
    <Counters total="0" executed="0" passed="0" failed="0" error="0" timeout="0" aborted="0" inconclusive="0" passedButRunAborted="0" notRunnable="0" notExecuted="0" disconnected="0" warning="0" completed="0" inProgress="0" pending="0" />
    <RunInfos>
      <RunInfo computerName="runnervmifolv" outcome="Warning" timestamp="2025-09-14T11:55:28.7820022+00:00">
        <Text>No test is available in D:\a\dotnet-monorepo\dotnet-monorepo\src\artifacts\bin\EpubProj.Tests\release_win-x64\EpubProj.Tests.dll. Make sure that test discoverer &amp; executors are registered and platform &amp; framework version settings are appropriate and try again.</Text>
      </RunInfo>
    </RunInfos>
  </ResultSummary>
</TestRun>