<?xml version="1.0" encoding="utf-8"?>
<TestRun id="62434945-5831-4064-b9ec-0a4c94327628" name="@runnervm7b5n9 2026-06-20 18:44:11" xmlns="http://microsoft.com/schemas/VisualStudio/TeamTest/2010">
  <Times creation="2026-06-20T18:44:11.7885850+00:00" queuing="2026-06-20T18:44:11.7885851+00:00" start="2026-06-20T18:44:11.2217688+00:00" finish="2026-06-20T18:44:11.8495659+00:00" />
  <TestSettings name="default" id="2696f9ae-6b85-4707-a32a-454d88e3787d">
    <Deployment runDeploymentRoot="_runnervm7b5n9_2026-06-20_18_44_11" />
  </TestSettings>
  <Results>
    <UnitTestResult executionId="2b533514-8900-4eac-9698-0e7cfd604f67" testId="1ad59a54-6162-8915-b78f-cbce5547287d" testName="TestAddCreator (Epub2,[&quot;aut&quot;],&quot;epub2_one_role.opf&quot;)" computerName="runnervm7b5n9" duration="00:00:00.0001733" startTime="2026-06-20T18:44:11.7586758+00:00" endTime="2026-06-20T18:44:11.7589052+00:00" testType="13cdc9d9-ddb5-4fa4-a97d-d965ccfc6d4b" outcome="Passed" testListId="8c84fa94-04c1-424b-9868-57a2d4851a1d" relativeResultsDirectory="2b533514-8900-4eac-9698-0e7cfd604f67" />
    <UnitTestResult executionId="340695af-0f74-413f-b5e7-c84b1f46a7b6" testId="1d890bf7-586d-85b6-b06c-8f6a41e0ae1e" testName="TestAddLeftToRight (Epub3,&quot;epub3_ltr.opf&quot;)" computerName="runnervm7b5n9" duration="00:00:00.0003739" startTime="2026-06-20T18:44:11.7563034+00:00" endTime="2026-06-20T18:44:11.7567357+00:00" testType="13cdc9d9-ddb5-4fa4-a97d-d965ccfc6d4b" outcome="Passed" testListId="8c84fa94-04c1-424b-9868-57a2d4851a1d" relativeResultsDirectory="340695af-0f74-413f-b5e7-c84b1f46a7b6" />
    <UnitTestResult executionId="1d273a63-dcb3-4567-b63b-04e479ad2516" testId="178c28d6-788e-8eb5-bd79-d8ce91ec7454" testName="TestAddCreator (Epub3,[&quot;aut&quot;],&quot;epub3_one_role.opf&quot;)" computerName="runnervm7b5n9" duration="00:00:00.0001512" startTime="2026-06-20T18:44:11.7584441+00:00" endTime="2026-06-20T18:44:11.7586560+00:00" testType="13cdc9d9-ddb5-4fa4-a97d-d965ccfc6d4b" outcome="Passed" testListId="8c84fa94-04c1-424b-9868-57a2d4851a1d" relativeResultsDirectory="1d273a63-dcb3-4567-b63b-04e479ad2516" />
    <UnitTestResult executionId="716d0029-989f-4161-828b-56bdf9ad34b6" testId="163d9d25-3781-8d01-aa89-fb0ed455ce67" testName="TestGetRelativePath (&quot;&quot;,&quot;a/b/c&quot;,&quot;../../..&quot;)" computerName="runnervm7b5n9" duration="00:00:00.0000596" startTime="2026-06-20T18:44:11.7147216+00:00" endTime="2026-06-20T18:44:11.7148297+00:00" testType="13cdc9d9-ddb5-4fa4-a97d-d965ccfc6d4b" outcome="Passed" testListId="8c84fa94-04c1-424b-9868-57a2d4851a1d" relativeResultsDirectory="716d0029-989f-4161-828b-56bdf9ad34b6" />
    <UnitTestResult executionId="fc680f76-234f-4bcf-9152-aca2d0050471" testId="178aa3ea-46b0-8718-8f38-a36a6d78e6f8" testName="TestAddItemToLandmarks (Epub3)" computerName="runnervm7b5n9" duration="00:00:00.0005908" startTime="2026-06-20T18:44:11.7563422+00:00" endTime="2026-06-20T18:44:11.7569830+00:00" testType="13cdc9d9-ddb5-4fa4-a97d-d965ccfc6d4b" outcome="Passed" testListId="8c84fa94-04c1-424b-9868-57a2d4851a1d" relativeResultsDirectory="fc680f76-234f-4bcf-9152-aca2d0050471" />
    <UnitTestResult executionId="62118d41-db2e-4a48-a4b5-d31146ffbd65" testId="196202e8-80f4-8220-b7a4-03bed006a872" testName="TestAddLanguage (Epub2)" computerName="runnervm7b5n9" duration="00:00:00.0003665" startTime="2026-06-20T18:44:11.7547527+00:00" endTime="2026-06-20T18:44:11.7551757+00:00" testType="13cdc9d9-ddb5-4fa4-a97d-d965ccfc6d4b" outcome="Passed" testListId="8c84fa94-04c1-424b-9868-57a2d4851a1d" relativeResultsDirectory="62118d41-db2e-4a48-a4b5-d31146ffbd65" />
    <UnitTestResult executionId="151ca704-301b-42db-bb65-6f992bd8a6b3" testId="12fc392e-8199-86c7-8604-b296f0959a0f" testName="TestAddTitle (Epub3)" computerName="runnervm7b5n9" duration="00:00:00.0005359" startTime="2026-06-20T18:44:11.7521558+00:00" endTime="2026-06-20T18:44:11.7527390+00:00" testType="13cdc9d9-ddb5-4fa4-a97d-d965ccfc6d4b" outcome="Passed" testListId="8c84fa94-04c1-424b-9868-57a2d4851a1d" relativeResultsDirectory="151ca704-301b-42db-bb65-6f992bd8a6b3" />
    <UnitTestResult executionId="22eda64c-6f6a-4256-b930-4b81968d3c7a" testId="1606129a-0ad6-89b1-8eb5-de137dec383d" testName="TestAddLeftToRight (Epub2,&quot;epub2_ltr.opf&quot;)" computerName="runnervm7b5n9" duration="00:00:00.0003370" startTime="2026-06-20T18:44:11.7567563+00:00" endTime="2026-06-20T18:44:11.7571513+00:00" testType="13cdc9d9-ddb5-4fa4-a97d-d965ccfc6d4b" outcome="Passed" testListId="8c84fa94-04c1-424b-9868-57a2d4851a1d" relativeResultsDirectory="22eda64c-6f6a-4256-b930-4b81968d3c7a" />
    <UnitTestResult executionId="f81a8393-5b85-491d-b30d-95b605b37a30" testId="18b99c28-043f-8fa7-a585-45f8db35abe5" testName="TestAddItemToManifest (Epub3,&quot;cover.jpg&quot;,null,null,&quot;epub3_noproperties_noid.opf&quot;)" computerName="runnervm7b5n9" duration="00:00:00.0002501" startTime="2026-06-20T18:44:11.7478665+00:00" endTime="2026-06-20T18:44:11.7481791+00:00" testType="13cdc9d9-ddb5-4fa4-a97d-d965ccfc6d4b" outcome="Passed" testListId="8c84fa94-04c1-424b-9868-57a2d4851a1d" relativeResultsDirectory="f81a8393-5b85-491d-b30d-95b605b37a30" />
    <UnitTestResult executionId="5a46302d-e7f3-4df4-b714-50aa63a94dce" testId="132c93fc-99cf-80a0-b0a6-22904c48670f" testName="TestAddNavItem (Epub2)" computerName="runnervm7b5n9" duration="00:00:00.0016149" startTime="2026-06-20T18:44:11.7539122+00:00" endTime="2026-06-20T18:44:11.7555764+00:00" testType="13cdc9d9-ddb5-4fa4-a97d-d965ccfc6d4b" outcome="Passed" testListId="8c84fa94-04c1-424b-9868-57a2d4851a1d" relativeResultsDirectory="5a46302d-e7f3-4df4-b714-50aa63a94dce" />
    <UnitTestResult executionId="c717f0e5-cb76-4b92-aa6d-3e9a50245907" testId="14d0cd07-d554-8a17-ae84-6d68b4a68e29" testName="TestAddNcx (Epub3,&quot;epub3_ncx.opf&quot;)" computerName="runnervm7b5n9" duration="00:00:00.0003544" startTime="2026-06-20T18:44:11.7541118+00:00" endTime="2026-06-20T18:44:11.7545205+00:00" testType="13cdc9d9-ddb5-4fa4-a97d-d965ccfc6d4b" outcome="Passed" testListId="8c84fa94-04c1-424b-9868-57a2d4851a1d" relativeResultsDirectory="c717f0e5-cb76-4b92-aa6d-3e9a50245907" />
    <UnitTestResult executionId="a86cf424-1802-4f15-821c-5eb6e7f3cb8d" testId="1907624b-6009-89cb-a76c-8b426f68f298" testName="TestAddNcx (Epub2,&quot;epub2_ncx.opf&quot;)" computerName="runnervm7b5n9" duration="00:00:00.0003403" startTime="2026-06-20T18:44:11.7545409+00:00" endTime="2026-06-20T18:44:11.7549390+00:00" testType="13cdc9d9-ddb5-4fa4-a97d-d965ccfc6d4b" outcome="Passed" testListId="8c84fa94-04c1-424b-9868-57a2d4851a1d" relativeResultsDirectory="a86cf424-1802-4f15-821c-5eb6e7f3cb8d" />
    <UnitTestResult executionId="65a5bb22-096d-426c-90e8-c92c894a8bab" testId="14c058b4-2c86-895b-b0b1-cc5b57859157" testName="TestAddNavItem (Epub2)" computerName="runnervm7b5n9" duration="00:00:00.0003161" startTime="2026-06-20T18:44:11.7664215+00:00" endTime="2026-06-20T18:44:11.7685375+00:00" testType="13cdc9d9-ddb5-4fa4-a97d-d965ccfc6d4b" outcome="Passed" testListId="8c84fa94-04c1-424b-9868-57a2d4851a1d" relativeResultsDirectory="65a5bb22-096d-426c-90e8-c92c894a8bab" />
    <UnitTestResult executionId="169f2b61-5889-4c11-8f32-e54059b7b9e7" testId="16e56989-76a7-8585-b943-e273cd2ed1c2" testName="TestAddDate (Epub2)" computerName="runnervm7b5n9" duration="00:00:00.0003884" startTime="2026-06-20T18:44:11.7621049+00:00" endTime="2026-06-20T18:44:11.7625408+00:00" testType="13cdc9d9-ddb5-4fa4-a97d-d965ccfc6d4b" outcome="Passed" testListId="8c84fa94-04c1-424b-9868-57a2d4851a1d" relativeResultsDirectory="169f2b61-5889-4c11-8f32-e54059b7b9e7" />
    <UnitTestResult executionId="7510c568-f4ab-4ff6-8f51-7154875bbc07" testId="173165ad-d2bc-8165-97a9-c5621186750e" testName="TestResolvePath (&quot;a/b/c&quot;,&quot;d/e&quot;,&quot;a/b/c/d/e&quot;)" computerName="runnervm7b5n9" duration="00:00:00.0002067" startTime="2026-06-20T18:44:11.7152719+00:00" endTime="2026-06-20T18:44:11.7155337+00:00" testType="13cdc9d9-ddb5-4fa4-a97d-d965ccfc6d4b" outcome="Passed" testListId="8c84fa94-04c1-424b-9868-57a2d4851a1d" relativeResultsDirectory="7510c568-f4ab-4ff6-8f51-7154875bbc07" />
    <UnitTestResult executionId="a82a9975-0e15-436c-8115-975ccf607b27" testId="1ec0effe-5d9b-8d26-ab26-1e26e51fca30" testName="TestAddItemToManifest (Epub2,&quot;cover.jpg&quot;,null,null,&quot;epub2_noproperties_noid.opf&quot;)" computerName="runnervm7b5n9" duration="00:00:00.0001431" startTime="2026-06-20T18:44:11.7482027+00:00" endTime="2026-06-20T18:44:11.7489924+00:00" testType="13cdc9d9-ddb5-4fa4-a97d-d965ccfc6d4b" outcome="Passed" testListId="8c84fa94-04c1-424b-9868-57a2d4851a1d" relativeResultsDirectory="a82a9975-0e15-436c-8115-975ccf607b27" />
    <UnitTestResult executionId="edea88bb-0112-4e61-bea4-7e4dec83da68" testId="1d853697-1c40-8ef7-b701-75fcb83d716c" testName="TestAddRightToLeft (Epub3,&quot;epub3_rtl.opf&quot;)" computerName="runnervm7b5n9" duration="00:00:00.0003449" startTime="2026-06-20T18:44:11.7571722+00:00" endTime="2026-06-20T18:44:11.7575647+00:00" testType="13cdc9d9-ddb5-4fa4-a97d-d965ccfc6d4b" outcome="Passed" testListId="8c84fa94-04c1-424b-9868-57a2d4851a1d" relativeResultsDirectory="edea88bb-0112-4e61-bea4-7e4dec83da68" />
    <UnitTestResult executionId="36a5f59c-acc3-4052-9b21-10e958370678" testId="15879af3-5667-8627-8798-073634574cfb" testName="TestAddPrePaginated (Epub3)" computerName="runnervm7b5n9" duration="00:00:00.0003626" startTime="2026-06-20T18:44:11.7625633+00:00" endTime="2026-06-20T18:44:11.7629718+00:00" testType="13cdc9d9-ddb5-4fa4-a97d-d965ccfc6d4b" outcome="Passed" testListId="8c84fa94-04c1-424b-9868-57a2d4851a1d" relativeResultsDirectory="36a5f59c-acc3-4052-9b21-10e958370678" />
    <UnitTestResult executionId="ae29cbd8-e607-4bae-aaf0-578fb492c465" testId="17cbd791-edb7-8411-9f3d-d0fe1b2fcf02" testName="TestAddItemToSpine (Epub2,null,&quot;epub2_noproperties.opf&quot;)" computerName="runnervm7b5n9" duration="00:00:00.0001562" startTime="2026-06-20T18:44:11.7538732+00:00" endTime="2026-06-20T18:44:11.7540875+00:00" testType="13cdc9d9-ddb5-4fa4-a97d-d965ccfc6d4b" outcome="Passed" testListId="8c84fa94-04c1-424b-9868-57a2d4851a1d" relativeResultsDirectory="ae29cbd8-e607-4bae-aaf0-578fb492c465" />
    <UnitTestResult executionId="33e69e6a-84d0-43fe-9db5-258bf1c3cb38" testId="11ca93a8-296b-8476-9f0b-6fc4b090990d" testName="TestGetRelativePath (&quot;a/b/c&quot;,&quot;&quot;,&quot;a/b/c&quot;)" computerName="runnervm7b5n9" duration="00:00:00.0000041" startTime="2026-06-20T18:44:11.7148427+00:00" endTime="2026-06-20T18:44:11.7148731+00:00" testType="13cdc9d9-ddb5-4fa4-a97d-d965ccfc6d4b" outcome="Passed" testListId="8c84fa94-04c1-424b-9868-57a2d4851a1d" relativeResultsDirectory="33e69e6a-84d0-43fe-9db5-258bf1c3cb38" />
    <UnitTestResult executionId="5cc0df15-d9f6-4ab5-b3e9-0628b33cad7d" testId="1c344ecb-28e7-8e25-b223-6e397f5054f4" testName="TestAddDate (Epub3)" computerName="runnervm7b5n9" duration="00:00:00.0006317" startTime="2026-06-20T18:44:11.7610168+00:00" endTime="2026-06-20T18:44:11.7616992+00:00" testType="13cdc9d9-ddb5-4fa4-a97d-d965ccfc6d4b" outcome="Passed" testListId="8c84fa94-04c1-424b-9868-57a2d4851a1d" relativeResultsDirectory="5cc0df15-d9f6-4ab5-b3e9-0628b33cad7d" />
    <UnitTestResult executionId="7ce49e89-6e8d-4fd8-994d-189630d0e0ee" testId="12ab518a-33ba-8068-a833-7799730fcbd5" testName="TestAddCreator (Epub3,[&quot;aut&quot;,&quot;ill&quot;],&quot;epub3_two_roles.opf&quot;)" computerName="runnervm7b5n9" duration="00:00:00.0001753" startTime="2026-06-20T18:44:11.7589255+00:00" endTime="2026-06-20T18:44:11.7591647+00:00" testType="13cdc9d9-ddb5-4fa4-a97d-d965ccfc6d4b" outcome="Passed" testListId="8c84fa94-04c1-424b-9868-57a2d4851a1d" relativeResultsDirectory="7ce49e89-6e8d-4fd8-994d-189630d0e0ee" />
    <UnitTestResult executionId="f42d236a-4ecd-413f-b193-58e8dfff5c40" testId="13bb92f3-9643-8d68-aa0d-763f51bdbf81" testName="TestAddIdentifier (Epub3)" computerName="runnervm7b5n9" duration="00:00:00.0007109" startTime="2026-06-20T18:44:11.7583620+00:00" endTime="2026-06-20T18:44:11.7591665+00:00" testType="13cdc9d9-ddb5-4fa4-a97d-d965ccfc6d4b" outcome="Passed" testListId="8c84fa94-04c1-424b-9868-57a2d4851a1d" relativeResultsDirectory="f42d236a-4ecd-413f-b193-58e8dfff5c40" />
    <UnitTestResult executionId="0715b1a2-7c0c-46b4-aab2-119eaddea97b" testId="17b70e0f-1bb5-8232-bb22-ad292bd4ca53" testName="TestAddDescription (Epub3)" computerName="runnervm7b5n9" duration="00:00:00.0003801" startTime="2026-06-20T18:44:11.7601330+00:00" endTime="2026-06-20T18:44:11.7605540+00:00" testType="13cdc9d9-ddb5-4fa4-a97d-d965ccfc6d4b" outcome="Passed" testListId="8c84fa94-04c1-424b-9868-57a2d4851a1d" relativeResultsDirectory="0715b1a2-7c0c-46b4-aab2-119eaddea97b" />
    <UnitTestResult executionId="35cfcc6a-1081-483c-bb18-43721a4a113e" testId="1a7fb99e-f52f-8ccc-ab1f-13586db79d1e" testName="TestAddItemToLandmarks (Epub2)" computerName="runnervm7b5n9" duration="00:00:00.0003014" startTime="2026-06-20T18:44:11.7570097+00:00" endTime="2026-06-20T18:44:11.7573524+00:00" testType="13cdc9d9-ddb5-4fa4-a97d-d965ccfc6d4b" outcome="Passed" testListId="8c84fa94-04c1-424b-9868-57a2d4851a1d" relativeResultsDirectory="35cfcc6a-1081-483c-bb18-43721a4a113e" />
    <UnitTestResult executionId="efc2cf19-5756-4861-83a1-143b9b0a0088" testId="1f86d215-1c27-8857-97b9-0ba7f808e19d" testName="TestGetRelativePath (&quot;a/b/c&quot;,&quot;a&quot;,&quot;b/c&quot;)" computerName="runnervm7b5n9" duration="00:00:00.0077312" startTime="2026-06-20T18:44:11.6827666+00:00" endTime="2026-06-20T18:44:11.7085029+00:00" testType="13cdc9d9-ddb5-4fa4-a97d-d965ccfc6d4b" outcome="Passed" testListId="8c84fa94-04c1-424b-9868-57a2d4851a1d" relativeResultsDirectory="efc2cf19-5756-4861-83a1-143b9b0a0088" />
    <UnitTestResult executionId="70291411-ad4b-4f49-8c46-40327dba46f1" testId="17163b0e-a15f-81ae-864e-083555ff6db1" testName="TestAddPrePaginated (Epub2)" computerName="runnervm7b5n9" duration="00:00:00.0003149" startTime="2026-06-20T18:44:11.7629920+00:00" endTime="2026-06-20T18:44:11.7633626+00:00" testType="13cdc9d9-ddb5-4fa4-a97d-d965ccfc6d4b" outcome="Passed" testListId="8c84fa94-04c1-424b-9868-57a2d4851a1d" relativeResultsDirectory="70291411-ad4b-4f49-8c46-40327dba46f1" />
    <UnitTestResult executionId="55ab1510-62f9-4c86-b44a-a8da6294231f" testId="104fae68-6cd5-841d-8283-464853a139a3" testName="TestGetRasterDocument (Epub2)" computerName="runnervm7b5n9" duration="00:00:00.0008699" startTime="2026-06-20T18:44:11.7623786+00:00" endTime="2026-06-20T18:44:11.7632973+00:00" testType="13cdc9d9-ddb5-4fa4-a97d-d965ccfc6d4b" outcome="Passed" testListId="8c84fa94-04c1-424b-9868-57a2d4851a1d" relativeResultsDirectory="55ab1510-62f9-4c86-b44a-a8da6294231f" />
    <UnitTestResult executionId="b589574c-b886-470f-9ec3-af66bfdddc9e" testId="19fedbcf-3e8f-80d3-8f00-c9b50d3782b5" testName="TestAddItemToSpine (Epub3,&quot;page-spread-left&quot;,&quot;epub3_properties.opf&quot;)" computerName="runnervm7b5n9" duration="00:00:00.0006095" startTime="2026-06-20T18:44:11.7507853+00:00" endTime="2026-06-20T18:44:11.7514989+00:00" testType="13cdc9d9-ddb5-4fa4-a97d-d965ccfc6d4b" outcome="Passed" testListId="8c84fa94-04c1-424b-9868-57a2d4851a1d" relativeResultsDirectory="b589574c-b886-470f-9ec3-af66bfdddc9e" />
    <UnitTestResult executionId="f7e6f0cc-8930-45a9-b5ec-44195cbe6037" testId="1f20d052-efc6-827b-8ace-2d57870f3d7b" testName="TestGetRasterDocument (Epub3)" computerName="runnervm7b5n9" duration="00:00:00.0015547" startTime="2026-06-20T18:44:11.7607131+00:00" endTime="2026-06-20T18:44:11.7623519+00:00" testType="13cdc9d9-ddb5-4fa4-a97d-d965ccfc6d4b" outcome="Passed" testListId="8c84fa94-04c1-424b-9868-57a2d4851a1d" relativeResultsDirectory="f7e6f0cc-8930-45a9-b5ec-44195cbe6037" />
    <UnitTestResult executionId="b1bddbd7-05dc-470e-a815-4096cd5ce1c4" testId="139f1cb2-b2ce-8c72-a0dc-23e529c29a74" testName="TestAddCreator (Epub2,[],&quot;epub2_no_roles.opf&quot;)" computerName="runnervm7b5n9" duration="00:00:00.0003713" startTime="2026-06-20T18:44:11.7572876+00:00" endTime="2026-06-20T18:44:11.7577143+00:00" testType="13cdc9d9-ddb5-4fa4-a97d-d965ccfc6d4b" outcome="Passed" testListId="8c84fa94-04c1-424b-9868-57a2d4851a1d" relativeResultsDirectory="b1bddbd7-05dc-470e-a815-4096cd5ce1c4" />
    <UnitTestResult executionId="07917b2a-7c49-49a9-8115-a56bd3c6390a" testId="1a5dc06e-54fd-8d2c-a693-2b5cb2a6574b" testName="TestAddIdentifier (Epub2)" computerName="runnervm7b5n9" duration="00:00:00.0004446" startTime="2026-06-20T18:44:11.7601054+00:00" endTime="2026-06-20T18:44:11.7606099+00:00" testType="13cdc9d9-ddb5-4fa4-a97d-d965ccfc6d4b" outcome="Passed" testListId="8c84fa94-04c1-424b-9868-57a2d4851a1d" relativeResultsDirectory="07917b2a-7c49-49a9-8115-a56bd3c6390a" />
    <UnitTestResult executionId="1adc40bf-fb59-40b3-a829-5fd7a204678c" testId="1cef8686-5f34-86de-a6a3-8d35bb7afd79" testName="TestAddLanguage (Epub3)" computerName="runnervm7b5n9" duration="00:00:00.0003747" startTime="2026-06-20T18:44:11.7543010+00:00" endTime="2026-06-20T18:44:11.7547318+00:00" testType="13cdc9d9-ddb5-4fa4-a97d-d965ccfc6d4b" outcome="Passed" testListId="8c84fa94-04c1-424b-9868-57a2d4851a1d" relativeResultsDirectory="1adc40bf-fb59-40b3-a829-5fd7a204678c" />
    <UnitTestResult executionId="c0d027e8-3899-49c9-a8e3-07abbf076b3e" testId="1229b021-b396-8067-9d67-6db2b8bc72b7" testName="TestAddNavItem (Epub3)" computerName="runnervm7b5n9" duration="00:00:00.0038001" startTime="2026-06-20T18:44:11.7625639+00:00" endTime="2026-06-20T18:44:11.7664067+00:00" testType="13cdc9d9-ddb5-4fa4-a97d-d965ccfc6d4b" outcome="Passed" testListId="8c84fa94-04c1-424b-9868-57a2d4851a1d" relativeResultsDirectory="c0d027e8-3899-49c9-a8e3-07abbf076b3e" />
    <UnitTestResult executionId="0ef1de5b-616d-425f-8f07-6f8411e740a6" testId="124a442d-5cef-8a5e-832b-b6cc6c966046" testName="TestAddIdentifier (Epub2)" computerName="runnervm7b5n9" duration="00:00:00.0005255" startTime="2026-06-20T18:44:11.7515636+00:00" endTime="2026-06-20T18:44:11.7521354+00:00" testType="13cdc9d9-ddb5-4fa4-a97d-d965ccfc6d4b" outcome="Passed" testListId="8c84fa94-04c1-424b-9868-57a2d4851a1d" relativeResultsDirectory="0ef1de5b-616d-425f-8f07-6f8411e740a6" />
    <UnitTestResult executionId="3999a8e1-c20b-4dda-aa17-417de19d9315" testId="1d0b33a2-7e9b-8950-ad7c-1126beafd8dd" testName="TestResolvePath (&quot;&quot;,&quot;a/b/c&quot;,&quot;a/b/c&quot;)" computerName="runnervm7b5n9" duration="00:00:00.0003259" startTime="2026-06-20T18:44:11.7149024+00:00" endTime="2026-06-20T18:44:11.7152543+00:00" testType="13cdc9d9-ddb5-4fa4-a97d-d965ccfc6d4b" outcome="Passed" testListId="8c84fa94-04c1-424b-9868-57a2d4851a1d" relativeResultsDirectory="3999a8e1-c20b-4dda-aa17-417de19d9315" />
    <UnitTestResult executionId="4782357b-0784-40a1-ab89-518f7c6a73b1" testId="18f58b21-b2c3-803b-8cb0-4e08dd113f73" testName="TestAddRightToLeft (Epub2,&quot;epub2_rtl.opf&quot;)" computerName="runnervm7b5n9" duration="00:00:00.0003700" startTime="2026-06-20T18:44:11.7584046+00:00" endTime="2026-06-20T18:44:11.7588741+00:00" testType="13cdc9d9-ddb5-4fa4-a97d-d965ccfc6d4b" outcome="Passed" testListId="8c84fa94-04c1-424b-9868-57a2d4851a1d" relativeResultsDirectory="4782357b-0784-40a1-ab89-518f7c6a73b1" />
    <UnitTestResult executionId="1b161023-19d6-4749-b977-5f6062dbdbd2" testId="1a3f96ff-4c2e-82f1-a4ad-01abaff96e83" testName="TestResolvePath (&quot;a/b/c&quot;,&quot;../c&quot;,&quot;a/b/c&quot;)" computerName="runnervm7b5n9" duration="00:00:00.0000197" startTime="2026-06-20T18:44:11.7469599+00:00" endTime="2026-06-20T18:44:11.7470461+00:00" testType="13cdc9d9-ddb5-4fa4-a97d-d965ccfc6d4b" outcome="Passed" testListId="8c84fa94-04c1-424b-9868-57a2d4851a1d" relativeResultsDirectory="1b161023-19d6-4749-b977-5f6062dbdbd2" />
    <UnitTestResult executionId="8781e97e-7c8b-463d-9145-d5cb7a634fd2" testId="18633743-5a95-84ca-aa1a-84a0ca6b512e" testName="TestAddCreator (Epub3,[],&quot;epub3_no_roles.opf&quot;)" computerName="runnervm7b5n9" duration="00:00:00.0008724" startTime="2026-06-20T18:44:11.7563354+00:00" endTime="2026-06-20T18:44:11.7572684+00:00" testType="13cdc9d9-ddb5-4fa4-a97d-d965ccfc6d4b" outcome="Passed" testListId="8c84fa94-04c1-424b-9868-57a2d4851a1d" relativeResultsDirectory="8781e97e-7c8b-463d-9145-d5cb7a634fd2" />
    <UnitTestResult executionId="a1fcc9ba-bb74-4666-9a55-c085f6496019" testId="110d5f63-5620-8288-a852-48415a5701b6" testName="TestAddIdentifier (Epub3)" computerName="runnervm7b5n9" duration="00:00:00.0007019" startTime="2026-06-20T18:44:11.7507406+00:00" endTime="2026-06-20T18:44:11.7515430+00:00" testType="13cdc9d9-ddb5-4fa4-a97d-d965ccfc6d4b" outcome="Passed" testListId="8c84fa94-04c1-424b-9868-57a2d4851a1d" relativeResultsDirectory="a1fcc9ba-bb74-4666-9a55-c085f6496019" />
    <UnitTestResult executionId="200640b2-16a9-4958-a585-c2e49a0e079f" testId="1b26e4d7-3e0b-8adb-af94-08e50834077a" testName="TestResolvePath (&quot;a/b/c&quot;,&quot;../../../d/e&quot;,&quot;d/e&quot;)" computerName="runnervm7b5n9" duration="00:00:00.0000329" startTime="2026-06-20T18:44:11.7471895+00:00" endTime="2026-06-20T18:44:11.7489425+00:00" testType="13cdc9d9-ddb5-4fa4-a97d-d965ccfc6d4b" outcome="Passed" testListId="8c84fa94-04c1-424b-9868-57a2d4851a1d" relativeResultsDirectory="200640b2-16a9-4958-a585-c2e49a0e079f" />
    <UnitTestResult executionId="33870d42-ba53-43a7-b2ac-e9c46256c19b" testId="17e7e5f5-8e92-8ea9-bd8b-79d2ff2868d6" testName="TestAddTitle (Epub3)" computerName="runnervm7b5n9" duration="00:00:00.0003184" startTime="2026-06-20T18:44:11.7606244+00:00" endTime="2026-06-20T18:44:11.7609951+00:00" testType="13cdc9d9-ddb5-4fa4-a97d-d965ccfc6d4b" outcome="Passed" testListId="8c84fa94-04c1-424b-9868-57a2d4851a1d" relativeResultsDirectory="33870d42-ba53-43a7-b2ac-e9c46256c19b" />
    <UnitTestResult executionId="5280de61-de6f-4646-933f-4b952a99d275" testId="1bf56acc-bc6b-8496-947d-aa65e255463c" testName="TestAddNavItem (Epub3)" computerName="runnervm7b5n9" duration="00:00:00.0028139" startTime="2026-06-20T18:44:11.7508038+00:00" endTime="2026-06-20T18:44:11.7536924+00:00" testType="13cdc9d9-ddb5-4fa4-a97d-d965ccfc6d4b" outcome="Passed" testListId="8c84fa94-04c1-424b-9868-57a2d4851a1d" relativeResultsDirectory="5280de61-de6f-4646-933f-4b952a99d275" />
    <UnitTestResult executionId="658715e4-394b-492f-9e82-f642488723bc" testId="1e8f751a-7342-8e0a-8749-cd28c43d3882" testName="TestGetContainerXmlDocument (Epub2)" computerName="runnervm7b5n9" duration="00:00:00.0004635" startTime="2026-06-20T18:44:11.7601603+00:00" endTime="2026-06-20T18:44:11.7606895+00:00" testType="13cdc9d9-ddb5-4fa4-a97d-d965ccfc6d4b" outcome="Passed" testListId="8c84fa94-04c1-424b-9868-57a2d4851a1d" relativeResultsDirectory="658715e4-394b-492f-9e82-f642488723bc" />
    <UnitTestResult executionId="bdf4ab94-23ff-40d4-afa7-8f01b3d4d41e" testId="16734436-cecd-83b5-8627-bcedb89c8296" testName="TestGetRelativePath (&quot;a/b/c&quot;,&quot;a/b/d&quot;,&quot;../c&quot;)" computerName="runnervm7b5n9" duration="00:00:00.0004299" startTime="2026-06-20T18:44:11.7135576+00:00" endTime="2026-06-20T18:44:11.7143483+00:00" testType="13cdc9d9-ddb5-4fa4-a97d-d965ccfc6d4b" outcome="Passed" testListId="8c84fa94-04c1-424b-9868-57a2d4851a1d" relativeResultsDirectory="bdf4ab94-23ff-40d4-afa7-8f01b3d4d41e" />
    <UnitTestResult executionId="cd3b0a4c-898a-4782-8e85-9d44d7c67d19" testId="1b20638b-a8a6-85af-8458-b3b7c366f1d5" testName="TestAddTitle (Epub2)" computerName="runnervm7b5n9" duration="00:00:00.0004061" startTime="2026-06-20T18:44:11.7620829+00:00" endTime="2026-06-20T18:44:11.7625407+00:00" testType="13cdc9d9-ddb5-4fa4-a97d-d965ccfc6d4b" outcome="Passed" testListId="8c84fa94-04c1-424b-9868-57a2d4851a1d" relativeResultsDirectory="cd3b0a4c-898a-4782-8e85-9d44d7c67d19" />
    <UnitTestResult executionId="bd3c8af3-9941-4765-8655-26cbaf657193" testId="1dc58f02-8bfb-87ff-8152-97912961162e" testName="TestAddModified (Epub2)" computerName="runnervm7b5n9" duration="00:00:00.0003540" startTime="2026-06-20T18:44:11.7652714+00:00" endTime="2026-06-20T18:44:11.7656801+00:00" testType="13cdc9d9-ddb5-4fa4-a97d-d965ccfc6d4b" outcome="Passed" testListId="8c84fa94-04c1-424b-9868-57a2d4851a1d" relativeResultsDirectory="bd3c8af3-9941-4765-8655-26cbaf657193" />
    <UnitTestResult executionId="1d562412-adf7-4ac6-847e-2ccc78c09d15" testId="18fb7630-93a1-828b-a9e1-500b27327666" testName="TestAddCreator (Epub2,[&quot;aut&quot;,&quot;ill&quot;],&quot;epub2_two_roles.opf&quot;)" computerName="runnervm7b5n9" duration="00:00:00.0001439" startTime="2026-06-20T18:44:11.7591859+00:00" endTime="2026-06-20T18:44:11.7593730+00:00" testType="13cdc9d9-ddb5-4fa4-a97d-d965ccfc6d4b" outcome="Passed" testListId="8c84fa94-04c1-424b-9868-57a2d4851a1d" relativeResultsDirectory="1d562412-adf7-4ac6-847e-2ccc78c09d15" />
    <UnitTestResult executionId="0c119fd2-77aa-46e7-adcd-7234e8153abf" testId="1584ef67-fe1c-864d-a045-629d708e2516" testName="TestAddModified (Epub3)" computerName="runnervm7b5n9" duration="00:00:00.0005303" startTime="2026-06-20T18:44:11.7633825+00:00" endTime="2026-06-20T18:44:11.7639578+00:00" testType="13cdc9d9-ddb5-4fa4-a97d-d965ccfc6d4b" outcome="Passed" testListId="8c84fa94-04c1-424b-9868-57a2d4851a1d" relativeResultsDirectory="0c119fd2-77aa-46e7-adcd-7234e8153abf" />
    <UnitTestResult executionId="12d64883-6aff-4c5e-aeb5-0275cabf396f" testId="132a3618-bc6c-8626-b378-85737c5c1ffb" testName="TestAddItemToSpine (Epub2,&quot;page-spread-left&quot;,&quot;epub2_properties.opf&quot;)" computerName="runnervm7b5n9" duration="00:00:00.0005332" startTime="2026-06-20T18:44:11.7515232+00:00" endTime="2026-06-20T18:44:11.7521182+00:00" testType="13cdc9d9-ddb5-4fa4-a97d-d965ccfc6d4b" outcome="Passed" testListId="8c84fa94-04c1-424b-9868-57a2d4851a1d" relativeResultsDirectory="12d64883-6aff-4c5e-aeb5-0275cabf396f" />
    <UnitTestResult executionId="d7369e09-4ed5-4689-9207-6cda60b973c7" testId="1d6f9d40-3288-8453-b9b2-5ea56e2a4753" testName="TestAddItemToManifest (Epub3,&quot;cover.jpg&quot;,&quot;cover-image&quot;,&quot;cover-id&quot;,&quot;epub3_properties_id.opf&quot;)" computerName="runnervm7b5n9" duration="00:00:00.0270203" startTime="2026-06-20T18:44:11.6827831+00:00" endTime="2026-06-20T18:44:11.7263989+00:00" testType="13cdc9d9-ddb5-4fa4-a97d-d965ccfc6d4b" outcome="Passed" testListId="8c84fa94-04c1-424b-9868-57a2d4851a1d" relativeResultsDirectory="d7369e09-4ed5-4689-9207-6cda60b973c7" />
    <UnitTestResult executionId="d526f83c-f3e5-4701-a14b-cad34fd593a5" testId="13acc5b9-b971-8983-8930-49d6f4051f77" testName="TestAddDescription (Epub2)" computerName="runnervm7b5n9" duration="00:00:00.0003615" startTime="2026-06-20T18:44:11.7605730+00:00" endTime="2026-06-20T18:44:11.7609943+00:00" testType="13cdc9d9-ddb5-4fa4-a97d-d965ccfc6d4b" outcome="Passed" testListId="8c84fa94-04c1-424b-9868-57a2d4851a1d" relativeResultsDirectory="d526f83c-f3e5-4701-a14b-cad34fd593a5" />
    <UnitTestResult executionId="91dfe61b-39c8-43e6-ac5b-a77ce4fbc197" testId="1c0b229c-cfde-842a-8c76-19a571413f49" testName="TestAddItemToManifest (Epub2,&quot;cover.jpg&quot;,&quot;cover-image&quot;,&quot;cover-id&quot;,&quot;epub2_properties_id.opf&quot;)" computerName="runnervm7b5n9" duration="00:00:00.0006583" startTime="2026-06-20T18:44:11.7471256+00:00" endTime="2026-06-20T18:44:11.7478456+00:00" testType="13cdc9d9-ddb5-4fa4-a97d-d965ccfc6d4b" outcome="Passed" testListId="8c84fa94-04c1-424b-9868-57a2d4851a1d" relativeResultsDirectory="91dfe61b-39c8-43e6-ac5b-a77ce4fbc197" />
    <UnitTestResult executionId="15a3a139-9ba3-4a5d-8ba9-42dbe55837d9" testId="1f027eb2-66bc-8be8-8300-bf63e361e75e" testName="TestGetRelativePath (&quot;a/b/c&quot;,&quot;b/c/d&quot;,&quot;../../../a/b/c&quot;)" computerName="runnervm7b5n9" duration="00:00:00.0000038" startTime="2026-06-20T18:44:11.7148775+00:00" endTime="2026-06-20T18:44:11.7148982+00:00" testType="13cdc9d9-ddb5-4fa4-a97d-d965ccfc6d4b" outcome="Passed" testListId="8c84fa94-04c1-424b-9868-57a2d4851a1d" relativeResultsDirectory="15a3a139-9ba3-4a5d-8ba9-42dbe55837d9" />
    <UnitTestResult executionId="a8b0ef29-1ecb-4464-b6a8-8c6071e38b1e" testId="1e13994d-6844-8233-9112-553b896408e8" testName="TestAddReferenceToGuide (Epub2)" computerName="runnervm7b5n9" duration="00:00:00.0005019" startTime="2026-06-20T18:44:11.7470893+00:00" endTime="2026-06-20T18:44:11.7489736+00:00" testType="13cdc9d9-ddb5-4fa4-a97d-d965ccfc6d4b" outcome="Passed" testListId="8c84fa94-04c1-424b-9868-57a2d4851a1d" relativeResultsDirectory="a8b0ef29-1ecb-4464-b6a8-8c6071e38b1e" />
    <UnitTestResult executionId="b4e082aa-d44f-490c-ac5b-66590272ab3d" testId="12509452-eb51-8bd2-8023-5d9d95470f16" testName="TestAddReferenceToGuide (Epub3)" computerName="runnervm7b5n9" duration="00:00:00.0270148" startTime="2026-06-20T18:44:11.6827914+00:00" endTime="2026-06-20T18:44:11.7263966+00:00" testType="13cdc9d9-ddb5-4fa4-a97d-d965ccfc6d4b" outcome="Passed" testListId="8c84fa94-04c1-424b-9868-57a2d4851a1d" relativeResultsDirectory="b4e082aa-d44f-490c-ac5b-66590272ab3d" />
    <UnitTestResult executionId="f98bbad9-0ba7-4cc9-856b-10ef2b3a089c" testId="1011288e-031f-8748-b274-76a1b0e99c39" testName="TestGetContainerXmlDocument (Epub3)" computerName="runnervm7b5n9" duration="00:00:00.0005888" startTime="2026-06-20T18:44:11.7588953+00:00" endTime="2026-06-20T18:44:11.7595695+00:00" testType="13cdc9d9-ddb5-4fa4-a97d-d965ccfc6d4b" outcome="Passed" testListId="8c84fa94-04c1-424b-9868-57a2d4851a1d" relativeResultsDirectory="f98bbad9-0ba7-4cc9-856b-10ef2b3a089c" />
    <UnitTestResult executionId="f8e8d746-a944-46f9-9889-3feaa2139e09" testId="1576e578-fb17-8c86-9f06-aa7cda5c1b5a" testName="TestAddTitle (Epub2)" computerName="runnervm7b5n9" duration="00:00:00.0003181" startTime="2026-06-20T18:44:11.7539118+00:00" endTime="2026-06-20T18:44:11.7542804+00:00" testType="13cdc9d9-ddb5-4fa4-a97d-d965ccfc6d4b" outcome="Passed" testListId="8c84fa94-04c1-424b-9868-57a2d4851a1d" relativeResultsDirectory="f8e8d746-a944-46f9-9889-3feaa2139e09" />
    <UnitTestResult executionId="35bb56de-64fb-4ab5-8969-426bb4db5aff" testId="1a00353d-820e-8fa3-9091-7b2ebff721ec" testName="TestAddItemToSpine (Epub3,null,&quot;epub3_noproperties.opf&quot;)" computerName="runnervm7b5n9" duration="00:00:00.0001247" startTime="2026-06-20T18:44:11.7521393+00:00" endTime="2026-06-20T18:44:11.7523222+00:00" testType="13cdc9d9-ddb5-4fa4-a97d-d965ccfc6d4b" outcome="Passed" testListId="8c84fa94-04c1-424b-9868-57a2d4851a1d" relativeResultsDirectory="35bb56de-64fb-4ab5-8969-426bb4db5aff" />
    <UnitTestResult executionId="f5f12982-17bc-4341-9f92-e716400bfc1f" testId="1cb53fa7-66ef-886d-96df-85f4e3a5f607" testName="TestResolvePath (&quot;a/b/c&quot;,&quot;../../d/e&quot;,&quot;a/d/e&quot;)" computerName="runnervm7b5n9" duration="00:00:00.0000098" startTime="2026-06-20T18:44:11.7471298+00:00" endTime="2026-06-20T18:44:11.7471782+00:00" testType="13cdc9d9-ddb5-4fa4-a97d-d965ccfc6d4b" outcome="Passed" testListId="8c84fa94-04c1-424b-9868-57a2d4851a1d" relativeResultsDirectory="f5f12982-17bc-4341-9f92-e716400bfc1f" />
  </Results>
  <TestDefinitions>
    <UnitTest name="TestAddReferenceToGuide (Epub2)" storage="/home/runner/work/dotnet-monorepo/dotnet-monorepo/src/artifacts/bin/epubs.tests/release_linux-x64/epubs.tests.dll" id="1e13994d-6844-8233-9112-553b896408e8">
      <Execution id="a8b0ef29-1ecb-4464-b6a8-8c6071e38b1e" />
      <TestMethod codeBase="/home/runner/work/dotnet-monorepo/dotnet-monorepo/src/artifacts/bin/Epubs.Tests/release_linux-x64/Epubs.Tests.dll" adapterTypeName="executor://mstestadapter/v4" className="Epubs.Tests.WriterTests.PackageDocumentTests.GuideTests" name="TestAddReferenceToGuide" />
    </UnitTest>
    <UnitTest name="TestAddModified (Epub2)" storage="/home/runner/work/dotnet-monorepo/dotnet-monorepo/src/artifacts/bin/epubs.tests/release_linux-x64/epubs.tests.dll" id="1dc58f02-8bfb-87ff-8152-97912961162e">
      <Execution id="bd3c8af3-9941-4765-8655-26cbaf657193" />
      <TestMethod codeBase="/home/runner/work/dotnet-monorepo/dotnet-monorepo/src/artifacts/bin/Epubs.Tests/release_linux-x64/Epubs.Tests.dll" adapterTypeName="executor://mstestadapter/v4" className="Epubs.Tests.WriterTests.PackageDocumentTests.MetadataTests" name="TestAddModified" />
    </UnitTest>
    <UnitTest name="TestAddTitle (Epub2)" storage="/home/runner/work/dotnet-monorepo/dotnet-monorepo/src/artifacts/bin/epubs.tests/release_linux-x64/epubs.tests.dll" id="1576e578-fb17-8c86-9f06-aa7cda5c1b5a">
      <Execution id="f8e8d746-a944-46f9-9889-3feaa2139e09" />
      <TestMethod codeBase="/home/runner/work/dotnet-monorepo/dotnet-monorepo/src/artifacts/bin/Epubs.Tests/release_linux-x64/Epubs.Tests.dll" adapterTypeName="executor://mstestadapter/v4" className="Epubs.Tests.WriterTests.PackageDocumentTests.MetadataTests" name="TestAddTitle" />
    </UnitTest>
    <UnitTest name="TestGetRelativePath (&quot;a/b/c&quot;,&quot;a/b/d&quot;,&quot;../c&quot;)" storage="/home/runner/work/dotnet-monorepo/dotnet-monorepo/src/artifacts/bin/epubs.tests/release_linux-x64/epubs.tests.dll" id="16734436-cecd-83b5-8627-bcedb89c8296">
      <Execution id="bdf4ab94-23ff-40d4-afa7-8f01b3d4d41e" />
      <TestMethod codeBase="/home/runner/work/dotnet-monorepo/dotnet-monorepo/src/artifacts/bin/Epubs.Tests/release_linux-x64/Epubs.Tests.dll" adapterTypeName="executor://mstestadapter/v4" className="Epubs.Tests.EpubPathsTests" name="TestGetRelativePath" />
    </UnitTest>
    <UnitTest name="TestAddLeftToRight (Epub3,&quot;epub3_ltr.opf&quot;)" storage="/home/runner/work/dotnet-monorepo/dotnet-monorepo/src/artifacts/bin/epubs.tests/release_linux-x64/epubs.tests.dll" id="1d890bf7-586d-85b6-b06c-8f6a41e0ae1e">
      <Execution id="340695af-0f74-413f-b5e7-c84b1f46a7b6" />
      <TestMethod codeBase="/home/runner/work/dotnet-monorepo/dotnet-monorepo/src/artifacts/bin/Epubs.Tests/release_linux-x64/Epubs.Tests.dll" adapterTypeName="executor://mstestadapter/v4" className="Epubs.Tests.WriterTests.PackageDocumentTests.SpineTests" name="TestAddLeftToRight" />
    </UnitTest>
    <UnitTest name="TestAddIdentifier (Epub2)" storage="/home/runner/work/dotnet-monorepo/dotnet-monorepo/src/artifacts/bin/epubs.tests/release_linux-x64/epubs.tests.dll" id="1a5dc06e-54fd-8d2c-a693-2b5cb2a6574b">
      <Execution id="07917b2a-7c49-49a9-8115-a56bd3c6390a" />
      <TestMethod codeBase="/home/runner/work/dotnet-monorepo/dotnet-monorepo/src/artifacts/bin/Epubs.Tests/release_linux-x64/Epubs.Tests.dll" adapterTypeName="executor://mstestadapter/v4" className="Epubs.Tests.WriterTests.NavigationTests.NcxTests" name="TestAddIdentifier" />
    </UnitTest>
    <UnitTest name="TestAddItemToLandmarks (Epub3)" storage="/home/runner/work/dotnet-monorepo/dotnet-monorepo/src/artifacts/bin/epubs.tests/release_linux-x64/epubs.tests.dll" id="178aa3ea-46b0-8718-8f38-a36a6d78e6f8">
      <Execution id="fc680f76-234f-4bcf-9152-aca2d0050471" />
      <TestMethod codeBase="/home/runner/work/dotnet-monorepo/dotnet-monorepo/src/artifacts/bin/Epubs.Tests/release_linux-x64/Epubs.Tests.dll" adapterTypeName="executor://mstestadapter/v4" className="Epubs.Tests.WriterTests.NavigationTests.NavigationDocumentTests" name="TestAddItemToLandmarks" />
    </UnitTest>
    <UnitTest name="TestGetContainerXmlDocument (Epub2)" storage="/home/runner/work/dotnet-monorepo/dotnet-monorepo/src/artifacts/bin/epubs.tests/release_linux-x64/epubs.tests.dll" id="1e8f751a-7342-8e0a-8749-cd28c43d3882">
      <Execution id="658715e4-394b-492f-9e82-f642488723bc" />
      <TestMethod codeBase="/home/runner/work/dotnet-monorepo/dotnet-monorepo/src/artifacts/bin/Epubs.Tests/release_linux-x64/Epubs.Tests.dll" adapterTypeName="executor://mstestadapter/v4" className="Epubs.Tests.WriterTests.MetaInfTests.ContainerXmlTests" name="TestGetContainerXmlDocument" />
    </UnitTest>
    <UnitTest name="TestAddCreator (Epub2,[&quot;aut&quot;],&quot;epub2_one_role.opf&quot;)" storage="/home/runner/work/dotnet-monorepo/dotnet-monorepo/src/artifacts/bin/epubs.tests/release_linux-x64/epubs.tests.dll" id="1ad59a54-6162-8915-b78f-cbce5547287d">
      <Execution id="2b533514-8900-4eac-9698-0e7cfd604f67" />
      <TestMethod codeBase="/home/runner/work/dotnet-monorepo/dotnet-monorepo/src/artifacts/bin/Epubs.Tests/release_linux-x64/Epubs.Tests.dll" adapterTypeName="executor://mstestadapter/v4" className="Epubs.Tests.WriterTests.PackageDocumentTests.MetadataTests" name="TestAddCreator" />
    </UnitTest>
    <UnitTest name="TestAddRightToLeft (Epub2,&quot;epub2_rtl.opf&quot;)" storage="/home/runner/work/dotnet-monorepo/dotnet-monorepo/src/artifacts/bin/epubs.tests/release_linux-x64/epubs.tests.dll" id="18f58b21-b2c3-803b-8cb0-4e08dd113f73">
      <Execution id="4782357b-0784-40a1-ab89-518f7c6a73b1" />
      <TestMethod codeBase="/home/runner/work/dotnet-monorepo/dotnet-monorepo/src/artifacts/bin/Epubs.Tests/release_linux-x64/Epubs.Tests.dll" adapterTypeName="executor://mstestadapter/v4" className="Epubs.Tests.WriterTests.PackageDocumentTests.SpineTests" name="TestAddRightToLeft" />
    </UnitTest>
    <UnitTest name="TestAddModified (Epub3)" storage="/home/runner/work/dotnet-monorepo/dotnet-monorepo/src/artifacts/bin/epubs.tests/release_linux-x64/epubs.tests.dll" id="1584ef67-fe1c-864d-a045-629d708e2516">
      <Execution id="0c119fd2-77aa-46e7-adcd-7234e8153abf" />
      <TestMethod codeBase="/home/runner/work/dotnet-monorepo/dotnet-monorepo/src/artifacts/bin/Epubs.Tests/release_linux-x64/Epubs.Tests.dll" adapterTypeName="executor://mstestadapter/v4" className="Epubs.Tests.WriterTests.PackageDocumentTests.MetadataTests" name="TestAddModified" />
    </UnitTest>
    <UnitTest name="TestAddLanguage (Epub2)" storage="/home/runner/work/dotnet-monorepo/dotnet-monorepo/src/artifacts/bin/epubs.tests/release_linux-x64/epubs.tests.dll" id="196202e8-80f4-8220-b7a4-03bed006a872">
      <Execution id="62118d41-db2e-4a48-a4b5-d31146ffbd65" />
      <TestMethod codeBase="/home/runner/work/dotnet-monorepo/dotnet-monorepo/src/artifacts/bin/Epubs.Tests/release_linux-x64/Epubs.Tests.dll" adapterTypeName="executor://mstestadapter/v4" className="Epubs.Tests.WriterTests.PackageDocumentTests.MetadataTests" name="TestAddLanguage" />
    </UnitTest>
    <UnitTest name="TestResolvePath (&quot;a/b/c&quot;,&quot;d/e&quot;,&quot;a/b/c/d/e&quot;)" storage="/home/runner/work/dotnet-monorepo/dotnet-monorepo/src/artifacts/bin/epubs.tests/release_linux-x64/epubs.tests.dll" id="173165ad-d2bc-8165-97a9-c5621186750e">
      <Execution id="7510c568-f4ab-4ff6-8f51-7154875bbc07" />
      <TestMethod codeBase="/home/runner/work/dotnet-monorepo/dotnet-monorepo/src/artifacts/bin/Epubs.Tests/release_linux-x64/Epubs.Tests.dll" adapterTypeName="executor://mstestadapter/v4" className="Epubs.Tests.EpubPathsTests" name="TestResolvePath" />
    </UnitTest>
    <UnitTest name="TestAddDescription (Epub2)" storage="/home/runner/work/dotnet-monorepo/dotnet-monorepo/src/artifacts/bin/epubs.tests/release_linux-x64/epubs.tests.dll" id="13acc5b9-b971-8983-8930-49d6f4051f77">
      <Execution id="d526f83c-f3e5-4701-a14b-cad34fd593a5" />
      <TestMethod codeBase="/home/runner/work/dotnet-monorepo/dotnet-monorepo/src/artifacts/bin/Epubs.Tests/release_linux-x64/Epubs.Tests.dll" adapterTypeName="executor://mstestadapter/v4" className="Epubs.Tests.WriterTests.PackageDocumentTests.MetadataTests" name="TestAddDescription" />
    </UnitTest>
    <UnitTest name="TestAddNavItem (Epub2)" storage="/home/runner/work/dotnet-monorepo/dotnet-monorepo/src/artifacts/bin/epubs.tests/release_linux-x64/epubs.tests.dll" id="14c058b4-2c86-895b-b0b1-cc5b57859157">
      <Execution id="65a5bb22-096d-426c-90e8-c92c894a8bab" />
      <TestMethod codeBase="/home/runner/work/dotnet-monorepo/dotnet-monorepo/src/artifacts/bin/Epubs.Tests/release_linux-x64/Epubs.Tests.dll" adapterTypeName="executor://mstestadapter/v4" className="Epubs.Tests.WriterTests.NavigationTests.NcxTests" name="TestAddNavItem" />
    </UnitTest>
    <UnitTest name="TestGetContainerXmlDocument (Epub3)" storage="/home/runner/work/dotnet-monorepo/dotnet-monorepo/src/artifacts/bin/epubs.tests/release_linux-x64/epubs.tests.dll" id="1011288e-031f-8748-b274-76a1b0e99c39">
      <Execution id="f98bbad9-0ba7-4cc9-856b-10ef2b3a089c" />
      <TestMethod codeBase="/home/runner/work/dotnet-monorepo/dotnet-monorepo/src/artifacts/bin/Epubs.Tests/release_linux-x64/Epubs.Tests.dll" adapterTypeName="executor://mstestadapter/v4" className="Epubs.Tests.WriterTests.MetaInfTests.ContainerXmlTests" name="TestGetContainerXmlDocument" />
    </UnitTest>
    <UnitTest name="TestAddLeftToRight (Epub2,&quot;epub2_ltr.opf&quot;)" storage="/home/runner/work/dotnet-monorepo/dotnet-monorepo/src/artifacts/bin/epubs.tests/release_linux-x64/epubs.tests.dll" id="1606129a-0ad6-89b1-8eb5-de137dec383d">
      <Execution id="22eda64c-6f6a-4256-b930-4b81968d3c7a" />
      <TestMethod codeBase="/home/runner/work/dotnet-monorepo/dotnet-monorepo/src/artifacts/bin/Epubs.Tests/release_linux-x64/Epubs.Tests.dll" adapterTypeName="executor://mstestadapter/v4" className="Epubs.Tests.WriterTests.PackageDocumentTests.SpineTests" name="TestAddLeftToRight" />
    </UnitTest>
    <UnitTest name="TestAddNcx (Epub2,&quot;epub2_ncx.opf&quot;)" storage="/home/runner/work/dotnet-monorepo/dotnet-monorepo/src/artifacts/bin/epubs.tests/release_linux-x64/epubs.tests.dll" id="1907624b-6009-89cb-a76c-8b426f68f298">
      <Execution id="a86cf424-1802-4f15-821c-5eb6e7f3cb8d" />
      <TestMethod codeBase="/home/runner/work/dotnet-monorepo/dotnet-monorepo/src/artifacts/bin/Epubs.Tests/release_linux-x64/Epubs.Tests.dll" adapterTypeName="executor://mstestadapter/v4" className="Epubs.Tests.WriterTests.PackageDocumentTests.SpineTests" name="TestAddNcx" />
    </UnitTest>
    <UnitTest name="TestGetRasterDocument (Epub3)" storage="/home/runner/work/dotnet-monorepo/dotnet-monorepo/src/artifacts/bin/epubs.tests/release_linux-x64/epubs.tests.dll" id="1f20d052-efc6-827b-8ace-2d57870f3d7b">
      <Execution id="f7e6f0cc-8930-45a9-b5ec-44195cbe6037" />
      <TestMethod codeBase="/home/runner/work/dotnet-monorepo/dotnet-monorepo/src/artifacts/bin/Epubs.Tests/release_linux-x64/Epubs.Tests.dll" adapterTypeName="executor://mstestadapter/v4" className="Epubs.Tests.WriterTests.CoverXhtmlTests.RasterTests" name="TestGetRasterDocument" />
    </UnitTest>
    <UnitTest name="TestAddItemToManifest (Epub2,&quot;cover.jpg&quot;,null,null,&quot;epub2_noproperties_noid.opf&quot;)" storage="/home/runner/work/dotnet-monorepo/dotnet-monorepo/src/artifacts/bin/epubs.tests/release_linux-x64/epubs.tests.dll" id="1ec0effe-5d9b-8d26-ab26-1e26e51fca30">
      <Execution id="a82a9975-0e15-436c-8115-975ccf607b27" />
      <TestMethod codeBase="/home/runner/work/dotnet-monorepo/dotnet-monorepo/src/artifacts/bin/Epubs.Tests/release_linux-x64/Epubs.Tests.dll" adapterTypeName="executor://mstestadapter/v4" className="Epubs.Tests.WriterTests.PackageDocumentTests.ManifestTests" name="TestAddItemToManifest" />
    </UnitTest>
    <UnitTest name="TestAddRightToLeft (Epub3,&quot;epub3_rtl.opf&quot;)" storage="/home/runner/work/dotnet-monorepo/dotnet-monorepo/src/artifacts/bin/epubs.tests/release_linux-x64/epubs.tests.dll" id="1d853697-1c40-8ef7-b701-75fcb83d716c">
      <Execution id="edea88bb-0112-4e61-bea4-7e4dec83da68" />
      <TestMethod codeBase="/home/runner/work/dotnet-monorepo/dotnet-monorepo/src/artifacts/bin/Epubs.Tests/release_linux-x64/Epubs.Tests.dll" adapterTypeName="executor://mstestadapter/v4" className="Epubs.Tests.WriterTests.PackageDocumentTests.SpineTests" name="TestAddRightToLeft" />
    </UnitTest>
    <UnitTest name="TestAddNavItem (Epub3)" storage="/home/runner/work/dotnet-monorepo/dotnet-monorepo/src/artifacts/bin/epubs.tests/release_linux-x64/epubs.tests.dll" id="1bf56acc-bc6b-8496-947d-aa65e255463c">
      <Execution id="5280de61-de6f-4646-933f-4b952a99d275" />
      <TestMethod codeBase="/home/runner/work/dotnet-monorepo/dotnet-monorepo/src/artifacts/bin/Epubs.Tests/release_linux-x64/Epubs.Tests.dll" adapterTypeName="executor://mstestadapter/v4" className="Epubs.Tests.WriterTests.NavigationTests.NavigationDocumentTests" name="TestAddNavItem" />
    </UnitTest>
    <UnitTest name="TestAddDate (Epub2)" storage="/home/runner/work/dotnet-monorepo/dotnet-monorepo/src/artifacts/bin/epubs.tests/release_linux-x64/epubs.tests.dll" id="16e56989-76a7-8585-b943-e273cd2ed1c2">
      <Execution id="169f2b61-5889-4c11-8f32-e54059b7b9e7" />
      <TestMethod codeBase="/home/runner/work/dotnet-monorepo/dotnet-monorepo/src/artifacts/bin/Epubs.Tests/release_linux-x64/Epubs.Tests.dll" adapterTypeName="executor://mstestadapter/v4" className="Epubs.Tests.WriterTests.PackageDocumentTests.MetadataTests" name="TestAddDate" />
    </UnitTest>
    <UnitTest name="TestGetRelativePath (&quot;a/b/c&quot;,&quot;&quot;,&quot;a/b/c&quot;)" storage="/home/runner/work/dotnet-monorepo/dotnet-monorepo/src/artifacts/bin/epubs.tests/release_linux-x64/epubs.tests.dll" id="11ca93a8-296b-8476-9f0b-6fc4b090990d">
      <Execution id="33e69e6a-84d0-43fe-9db5-258bf1c3cb38" />
      <TestMethod codeBase="/home/runner/work/dotnet-monorepo/dotnet-monorepo/src/artifacts/bin/Epubs.Tests/release_linux-x64/Epubs.Tests.dll" adapterTypeName="executor://mstestadapter/v4" className="Epubs.Tests.EpubPathsTests" name="TestGetRelativePath" />
    </UnitTest>
    <UnitTest name="TestGetRelativePath (&quot;a/b/c&quot;,&quot;a&quot;,&quot;b/c&quot;)" storage="/home/runner/work/dotnet-monorepo/dotnet-monorepo/src/artifacts/bin/epubs.tests/release_linux-x64/epubs.tests.dll" id="1f86d215-1c27-8857-97b9-0ba7f808e19d">
      <Execution id="efc2cf19-5756-4861-83a1-143b9b0a0088" />
      <TestMethod codeBase="/home/runner/work/dotnet-monorepo/dotnet-monorepo/src/artifacts/bin/Epubs.Tests/release_linux-x64/Epubs.Tests.dll" adapterTypeName="executor://mstestadapter/v4" className="Epubs.Tests.EpubPathsTests" name="TestGetRelativePath" />
    </UnitTest>
    <UnitTest name="TestAddIdentifier (Epub3)" storage="/home/runner/work/dotnet-monorepo/dotnet-monorepo/src/artifacts/bin/epubs.tests/release_linux-x64/epubs.tests.dll" id="110d5f63-5620-8288-a852-48415a5701b6">
      <Execution id="a1fcc9ba-bb74-4666-9a55-c085f6496019" />
      <TestMethod codeBase="/home/runner/work/dotnet-monorepo/dotnet-monorepo/src/artifacts/bin/Epubs.Tests/release_linux-x64/Epubs.Tests.dll" adapterTypeName="executor://mstestadapter/v4" className="Epubs.Tests.WriterTests.PackageDocumentTests.MetadataTests" name="TestAddIdentifier" />
    </UnitTest>
    <UnitTest name="TestAddIdentifier (Epub3)" storage="/home/runner/work/dotnet-monorepo/dotnet-monorepo/src/artifacts/bin/epubs.tests/release_linux-x64/epubs.tests.dll" id="13bb92f3-9643-8d68-aa0d-763f51bdbf81">
      <Execution id="f42d236a-4ecd-413f-b193-58e8dfff5c40" />
      <TestMethod codeBase="/home/runner/work/dotnet-monorepo/dotnet-monorepo/src/artifacts/bin/Epubs.Tests/release_linux-x64/Epubs.Tests.dll" adapterTypeName="executor://mstestadapter/v4" className="Epubs.Tests.WriterTests.NavigationTests.NcxTests" name="TestAddIdentifier" />
    </UnitTest>
    <UnitTest name="TestAddPrePaginated (Epub2)" storage="/home/runner/work/dotnet-monorepo/dotnet-monorepo/src/artifacts/bin/epubs.tests/release_linux-x64/epubs.tests.dll" id="17163b0e-a15f-81ae-864e-083555ff6db1">
      <Execution id="70291411-ad4b-4f49-8c46-40327dba46f1" />
      <TestMethod codeBase="/home/runner/work/dotnet-monorepo/dotnet-monorepo/src/artifacts/bin/Epubs.Tests/release_linux-x64/Epubs.Tests.dll" adapterTypeName="executor://mstestadapter/v4" className="Epubs.Tests.WriterTests.PackageDocumentTests.MetadataTests" name="TestAddPrePaginated" />
    </UnitTest>
    <UnitTest name="TestGetRasterDocument (Epub2)" storage="/home/runner/work/dotnet-monorepo/dotnet-monorepo/src/artifacts/bin/epubs.tests/release_linux-x64/epubs.tests.dll" id="104fae68-6cd5-841d-8283-464853a139a3">
      <Execution id="55ab1510-62f9-4c86-b44a-a8da6294231f" />
      <TestMethod codeBase="/home/runner/work/dotnet-monorepo/dotnet-monorepo/src/artifacts/bin/Epubs.Tests/release_linux-x64/Epubs.Tests.dll" adapterTypeName="executor://mstestadapter/v4" className="Epubs.Tests.WriterTests.CoverXhtmlTests.RasterTests" name="TestGetRasterDocument" />
    </UnitTest>
    <UnitTest name="TestAddDescription (Epub3)" storage="/home/runner/work/dotnet-monorepo/dotnet-monorepo/src/artifacts/bin/epubs.tests/release_linux-x64/epubs.tests.dll" id="17b70e0f-1bb5-8232-bb22-ad292bd4ca53">
      <Execution id="0715b1a2-7c0c-46b4-aab2-119eaddea97b" />
      <TestMethod codeBase="/home/runner/work/dotnet-monorepo/dotnet-monorepo/src/artifacts/bin/Epubs.Tests/release_linux-x64/Epubs.Tests.dll" adapterTypeName="executor://mstestadapter/v4" className="Epubs.Tests.WriterTests.PackageDocumentTests.MetadataTests" name="TestAddDescription" />
    </UnitTest>
    <UnitTest name="TestResolvePath (&quot;&quot;,&quot;a/b/c&quot;,&quot;a/b/c&quot;)" storage="/home/runner/work/dotnet-monorepo/dotnet-monorepo/src/artifacts/bin/epubs.tests/release_linux-x64/epubs.tests.dll" id="1d0b33a2-7e9b-8950-ad7c-1126beafd8dd">
      <Execution id="3999a8e1-c20b-4dda-aa17-417de19d9315" />
      <TestMethod codeBase="/home/runner/work/dotnet-monorepo/dotnet-monorepo/src/artifacts/bin/Epubs.Tests/release_linux-x64/Epubs.Tests.dll" adapterTypeName="executor://mstestadapter/v4" className="Epubs.Tests.EpubPathsTests" name="TestResolvePath" />
    </UnitTest>
    <UnitTest name="TestAddItemToLandmarks (Epub2)" storage="/home/runner/work/dotnet-monorepo/dotnet-monorepo/src/artifacts/bin/epubs.tests/release_linux-x64/epubs.tests.dll" id="1a7fb99e-f52f-8ccc-ab1f-13586db79d1e">
      <Execution id="35cfcc6a-1081-483c-bb18-43721a4a113e" />
      <TestMethod codeBase="/home/runner/work/dotnet-monorepo/dotnet-monorepo/src/artifacts/bin/Epubs.Tests/release_linux-x64/Epubs.Tests.dll" adapterTypeName="executor://mstestadapter/v4" className="Epubs.Tests.WriterTests.NavigationTests.NavigationDocumentTests" name="TestAddItemToLandmarks" />
    </UnitTest>
    <UnitTest name="TestResolvePath (&quot;a/b/c&quot;,&quot;../../d/e&quot;,&quot;a/d/e&quot;)" storage="/home/runner/work/dotnet-monorepo/dotnet-monorepo/src/artifacts/bin/epubs.tests/release_linux-x64/epubs.tests.dll" id="1cb53fa7-66ef-886d-96df-85f4e3a5f607">
      <Execution id="f5f12982-17bc-4341-9f92-e716400bfc1f" />
      <TestMethod codeBase="/home/runner/work/dotnet-monorepo/dotnet-monorepo/src/artifacts/bin/Epubs.Tests/release_linux-x64/Epubs.Tests.dll" adapterTypeName="executor://mstestadapter/v4" className="Epubs.Tests.EpubPathsTests" name="TestResolvePath" />
    </UnitTest>
    <UnitTest name="TestAddReferenceToGuide (Epub3)" storage="/home/runner/work/dotnet-monorepo/dotnet-monorepo/src/artifacts/bin/epubs.tests/release_linux-x64/epubs.tests.dll" id="12509452-eb51-8bd2-8023-5d9d95470f16">
      <Execution id="b4e082aa-d44f-490c-ac5b-66590272ab3d" />
      <TestMethod codeBase="/home/runner/work/dotnet-monorepo/dotnet-monorepo/src/artifacts/bin/Epubs.Tests/release_linux-x64/Epubs.Tests.dll" adapterTypeName="executor://mstestadapter/v4" className="Epubs.Tests.WriterTests.PackageDocumentTests.GuideTests" name="TestAddReferenceToGuide" />
    </UnitTest>
    <UnitTest name="TestAddTitle (Epub3)" storage="/home/runner/work/dotnet-monorepo/dotnet-monorepo/src/artifacts/bin/epubs.tests/release_linux-x64/epubs.tests.dll" id="12fc392e-8199-86c7-8604-b296f0959a0f">
      <Execution id="151ca704-301b-42db-bb65-6f992bd8a6b3" />
      <TestMethod codeBase="/home/runner/work/dotnet-monorepo/dotnet-monorepo/src/artifacts/bin/Epubs.Tests/release_linux-x64/Epubs.Tests.dll" adapterTypeName="executor://mstestadapter/v4" className="Epubs.Tests.WriterTests.PackageDocumentTests.MetadataTests" name="TestAddTitle" />
    </UnitTest>
    <UnitTest name="TestAddNcx (Epub3,&quot;epub3_ncx.opf&quot;)" storage="/home/runner/work/dotnet-monorepo/dotnet-monorepo/src/artifacts/bin/epubs.tests/release_linux-x64/epubs.tests.dll" id="14d0cd07-d554-8a17-ae84-6d68b4a68e29">
      <Execution id="c717f0e5-cb76-4b92-aa6d-3e9a50245907" />
      <TestMethod codeBase="/home/runner/work/dotnet-monorepo/dotnet-monorepo/src/artifacts/bin/Epubs.Tests/release_linux-x64/Epubs.Tests.dll" adapterTypeName="executor://mstestadapter/v4" className="Epubs.Tests.WriterTests.PackageDocumentTests.SpineTests" name="TestAddNcx" />
    </UnitTest>
    <UnitTest name="TestAddDate (Epub3)" storage="/home/runner/work/dotnet-monorepo/dotnet-monorepo/src/artifacts/bin/epubs.tests/release_linux-x64/epubs.tests.dll" id="1c344ecb-28e7-8e25-b223-6e397f5054f4">
      <Execution id="5cc0df15-d9f6-4ab5-b3e9-0628b33cad7d" />
      <TestMethod codeBase="/home/runner/work/dotnet-monorepo/dotnet-monorepo/src/artifacts/bin/Epubs.Tests/release_linux-x64/Epubs.Tests.dll" adapterTypeName="executor://mstestadapter/v4" className="Epubs.Tests.WriterTests.PackageDocumentTests.MetadataTests" name="TestAddDate" />
    </UnitTest>
    <UnitTest name="TestAddCreator (Epub3,[&quot;aut&quot;,&quot;ill&quot;],&quot;epub3_two_roles.opf&quot;)" storage="/home/runner/work/dotnet-monorepo/dotnet-monorepo/src/artifacts/bin/epubs.tests/release_linux-x64/epubs.tests.dll" id="12ab518a-33ba-8068-a833-7799730fcbd5">
      <Execution id="7ce49e89-6e8d-4fd8-994d-189630d0e0ee" />
      <TestMethod codeBase="/home/runner/work/dotnet-monorepo/dotnet-monorepo/src/artifacts/bin/Epubs.Tests/release_linux-x64/Epubs.Tests.dll" adapterTypeName="executor://mstestadapter/v4" className="Epubs.Tests.WriterTests.PackageDocumentTests.MetadataTests" name="TestAddCreator" />
    </UnitTest>
    <UnitTest name="TestAddCreator (Epub3,[&quot;aut&quot;],&quot;epub3_one_role.opf&quot;)" storage="/home/runner/work/dotnet-monorepo/dotnet-monorepo/src/artifacts/bin/epubs.tests/release_linux-x64/epubs.tests.dll" id="178c28d6-788e-8eb5-bd79-d8ce91ec7454">
      <Execution id="1d273a63-dcb3-4567-b63b-04e479ad2516" />
      <TestMethod codeBase="/home/runner/work/dotnet-monorepo/dotnet-monorepo/src/artifacts/bin/Epubs.Tests/release_linux-x64/Epubs.Tests.dll" adapterTypeName="executor://mstestadapter/v4" className="Epubs.Tests.WriterTests.PackageDocumentTests.MetadataTests" name="TestAddCreator" />
    </UnitTest>
    <UnitTest name="TestAddIdentifier (Epub2)" storage="/home/runner/work/dotnet-monorepo/dotnet-monorepo/src/artifacts/bin/epubs.tests/release_linux-x64/epubs.tests.dll" id="124a442d-5cef-8a5e-832b-b6cc6c966046">
      <Execution id="0ef1de5b-616d-425f-8f07-6f8411e740a6" />
      <TestMethod codeBase="/home/runner/work/dotnet-monorepo/dotnet-monorepo/src/artifacts/bin/Epubs.Tests/release_linux-x64/Epubs.Tests.dll" adapterTypeName="executor://mstestadapter/v4" className="Epubs.Tests.WriterTests.PackageDocumentTests.MetadataTests" name="TestAddIdentifier" />
    </UnitTest>
    <UnitTest name="TestAddCreator (Epub2,[&quot;aut&quot;,&quot;ill&quot;],&quot;epub2_two_roles.opf&quot;)" storage="/home/runner/work/dotnet-monorepo/dotnet-monorepo/src/artifacts/bin/epubs.tests/release_linux-x64/epubs.tests.dll" id="18fb7630-93a1-828b-a9e1-500b27327666">
      <Execution id="1d562412-adf7-4ac6-847e-2ccc78c09d15" />
      <TestMethod codeBase="/home/runner/work/dotnet-monorepo/dotnet-monorepo/src/artifacts/bin/Epubs.Tests/release_linux-x64/Epubs.Tests.dll" adapterTypeName="executor://mstestadapter/v4" className="Epubs.Tests.WriterTests.PackageDocumentTests.MetadataTests" name="TestAddCreator" />
    </UnitTest>
    <UnitTest name="TestResolvePath (&quot;a/b/c&quot;,&quot;../c&quot;,&quot;a/b/c&quot;)" storage="/home/runner/work/dotnet-monorepo/dotnet-monorepo/src/artifacts/bin/epubs.tests/release_linux-x64/epubs.tests.dll" id="1a3f96ff-4c2e-82f1-a4ad-01abaff96e83">
      <Execution id="1b161023-19d6-4749-b977-5f6062dbdbd2" />
      <TestMethod codeBase="/home/runner/work/dotnet-monorepo/dotnet-monorepo/src/artifacts/bin/Epubs.Tests/release_linux-x64/Epubs.Tests.dll" adapterTypeName="executor://mstestadapter/v4" className="Epubs.Tests.EpubPathsTests" name="TestResolvePath" />
    </UnitTest>
    <UnitTest name="TestAddItemToSpine (Epub2,null,&quot;epub2_noproperties.opf&quot;)" storage="/home/runner/work/dotnet-monorepo/dotnet-monorepo/src/artifacts/bin/epubs.tests/release_linux-x64/epubs.tests.dll" id="17cbd791-edb7-8411-9f3d-d0fe1b2fcf02">
      <Execution id="ae29cbd8-e607-4bae-aaf0-578fb492c465" />
      <TestMethod codeBase="/home/runner/work/dotnet-monorepo/dotnet-monorepo/src/artifacts/bin/Epubs.Tests/release_linux-x64/Epubs.Tests.dll" adapterTypeName="executor://mstestadapter/v4" className="Epubs.Tests.WriterTests.PackageDocumentTests.SpineTests" name="TestAddItemToSpine" />
    </UnitTest>
    <UnitTest name="TestAddItemToManifest (Epub3,&quot;cover.jpg&quot;,null,null,&quot;epub3_noproperties_noid.opf&quot;)" storage="/home/runner/work/dotnet-monorepo/dotnet-monorepo/src/artifacts/bin/epubs.tests/release_linux-x64/epubs.tests.dll" id="18b99c28-043f-8fa7-a585-45f8db35abe5">
      <Execution id="f81a8393-5b85-491d-b30d-95b605b37a30" />
      <TestMethod codeBase="/home/runner/work/dotnet-monorepo/dotnet-monorepo/src/artifacts/bin/Epubs.Tests/release_linux-x64/Epubs.Tests.dll" adapterTypeName="executor://mstestadapter/v4" className="Epubs.Tests.WriterTests.PackageDocumentTests.ManifestTests" name="TestAddItemToManifest" />
    </UnitTest>
    <UnitTest name="TestAddItemToSpine (Epub3,&quot;page-spread-left&quot;,&quot;epub3_properties.opf&quot;)" storage="/home/runner/work/dotnet-monorepo/dotnet-monorepo/src/artifacts/bin/epubs.tests/release_linux-x64/epubs.tests.dll" id="19fedbcf-3e8f-80d3-8f00-c9b50d3782b5">
      <Execution id="b589574c-b886-470f-9ec3-af66bfdddc9e" />
      <TestMethod codeBase="/home/runner/work/dotnet-monorepo/dotnet-monorepo/src/artifacts/bin/Epubs.Tests/release_linux-x64/Epubs.Tests.dll" adapterTypeName="executor://mstestadapter/v4" className="Epubs.Tests.WriterTests.PackageDocumentTests.SpineTests" name="TestAddItemToSpine" />
    </UnitTest>
    <UnitTest name="TestAddPrePaginated (Epub3)" storage="/home/runner/work/dotnet-monorepo/dotnet-monorepo/src/artifacts/bin/epubs.tests/release_linux-x64/epubs.tests.dll" id="15879af3-5667-8627-8798-073634574cfb">
      <Execution id="36a5f59c-acc3-4052-9b21-10e958370678" />
      <TestMethod codeBase="/home/runner/work/dotnet-monorepo/dotnet-monorepo/src/artifacts/bin/Epubs.Tests/release_linux-x64/Epubs.Tests.dll" adapterTypeName="executor://mstestadapter/v4" className="Epubs.Tests.WriterTests.PackageDocumentTests.MetadataTests" name="TestAddPrePaginated" />
    </UnitTest>
    <UnitTest name="TestAddCreator (Epub2,[],&quot;epub2_no_roles.opf&quot;)" storage="/home/runner/work/dotnet-monorepo/dotnet-monorepo/src/artifacts/bin/epubs.tests/release_linux-x64/epubs.tests.dll" id="139f1cb2-b2ce-8c72-a0dc-23e529c29a74">
      <Execution id="b1bddbd7-05dc-470e-a815-4096cd5ce1c4" />
      <TestMethod codeBase="/home/runner/work/dotnet-monorepo/dotnet-monorepo/src/artifacts/bin/Epubs.Tests/release_linux-x64/Epubs.Tests.dll" adapterTypeName="executor://mstestadapter/v4" className="Epubs.Tests.WriterTests.PackageDocumentTests.MetadataTests" name="TestAddCreator" />
    </UnitTest>
    <UnitTest name="TestAddItemToSpine (Epub2,&quot;page-spread-left&quot;,&quot;epub2_properties.opf&quot;)" storage="/home/runner/work/dotnet-monorepo/dotnet-monorepo/src/artifacts/bin/epubs.tests/release_linux-x64/epubs.tests.dll" id="132a3618-bc6c-8626-b378-85737c5c1ffb">
      <Execution id="12d64883-6aff-4c5e-aeb5-0275cabf396f" />
      <TestMethod codeBase="/home/runner/work/dotnet-monorepo/dotnet-monorepo/src/artifacts/bin/Epubs.Tests/release_linux-x64/Epubs.Tests.dll" adapterTypeName="executor://mstestadapter/v4" className="Epubs.Tests.WriterTests.PackageDocumentTests.SpineTests" name="TestAddItemToSpine" />
    </UnitTest>
    <UnitTest name="TestAddItemToManifest (Epub3,&quot;cover.jpg&quot;,&quot;cover-image&quot;,&quot;cover-id&quot;,&quot;epub3_properties_id.opf&quot;)" storage="/home/runner/work/dotnet-monorepo/dotnet-monorepo/src/artifacts/bin/epubs.tests/release_linux-x64/epubs.tests.dll" id="1d6f9d40-3288-8453-b9b2-5ea56e2a4753">
      <Execution id="d7369e09-4ed5-4689-9207-6cda60b973c7" />
      <TestMethod codeBase="/home/runner/work/dotnet-monorepo/dotnet-monorepo/src/artifacts/bin/Epubs.Tests/release_linux-x64/Epubs.Tests.dll" adapterTypeName="executor://mstestadapter/v4" className="Epubs.Tests.WriterTests.PackageDocumentTests.ManifestTests" name="TestAddItemToManifest" />
    </UnitTest>
    <UnitTest name="TestAddNavItem (Epub3)" storage="/home/runner/work/dotnet-monorepo/dotnet-monorepo/src/artifacts/bin/epubs.tests/release_linux-x64/epubs.tests.dll" id="1229b021-b396-8067-9d67-6db2b8bc72b7">
      <Execution id="c0d027e8-3899-49c9-a8e3-07abbf076b3e" />
      <TestMethod codeBase="/home/runner/work/dotnet-monorepo/dotnet-monorepo/src/artifacts/bin/Epubs.Tests/release_linux-x64/Epubs.Tests.dll" adapterTypeName="executor://mstestadapter/v4" className="Epubs.Tests.WriterTests.NavigationTests.NcxTests" name="TestAddNavItem" />
    </UnitTest>
    <UnitTest name="TestGetRelativePath (&quot;a/b/c&quot;,&quot;b/c/d&quot;,&quot;../../../a/b/c&quot;)" storage="/home/runner/work/dotnet-monorepo/dotnet-monorepo/src/artifacts/bin/epubs.tests/release_linux-x64/epubs.tests.dll" id="1f027eb2-66bc-8be8-8300-bf63e361e75e">
      <Execution id="15a3a139-9ba3-4a5d-8ba9-42dbe55837d9" />
      <TestMethod codeBase="/home/runner/work/dotnet-monorepo/dotnet-monorepo/src/artifacts/bin/Epubs.Tests/release_linux-x64/Epubs.Tests.dll" adapterTypeName="executor://mstestadapter/v4" className="Epubs.Tests.EpubPathsTests" name="TestGetRelativePath" />
    </UnitTest>
    <UnitTest name="TestAddTitle (Epub3)" storage="/home/runner/work/dotnet-monorepo/dotnet-monorepo/src/artifacts/bin/epubs.tests/release_linux-x64/epubs.tests.dll" id="17e7e5f5-8e92-8ea9-bd8b-79d2ff2868d6">
      <Execution id="33870d42-ba53-43a7-b2ac-e9c46256c19b" />
      <TestMethod codeBase="/home/runner/work/dotnet-monorepo/dotnet-monorepo/src/artifacts/bin/Epubs.Tests/release_linux-x64/Epubs.Tests.dll" adapterTypeName="executor://mstestadapter/v4" className="Epubs.Tests.WriterTests.NavigationTests.NcxTests" name="TestAddTitle" />
    </UnitTest>
    <UnitTest name="TestAddItemToSpine (Epub3,null,&quot;epub3_noproperties.opf&quot;)" storage="/home/runner/work/dotnet-monorepo/dotnet-monorepo/src/artifacts/bin/epubs.tests/release_linux-x64/epubs.tests.dll" id="1a00353d-820e-8fa3-9091-7b2ebff721ec">
      <Execution id="35bb56de-64fb-4ab5-8969-426bb4db5aff" />
      <TestMethod codeBase="/home/runner/work/dotnet-monorepo/dotnet-monorepo/src/artifacts/bin/Epubs.Tests/release_linux-x64/Epubs.Tests.dll" adapterTypeName="executor://mstestadapter/v4" className="Epubs.Tests.WriterTests.PackageDocumentTests.SpineTests" name="TestAddItemToSpine" />
    </UnitTest>
    <UnitTest name="TestAddItemToManifest (Epub2,&quot;cover.jpg&quot;,&quot;cover-image&quot;,&quot;cover-id&quot;,&quot;epub2_properties_id.opf&quot;)" storage="/home/runner/work/dotnet-monorepo/dotnet-monorepo/src/artifacts/bin/epubs.tests/release_linux-x64/epubs.tests.dll" id="1c0b229c-cfde-842a-8c76-19a571413f49">
      <Execution id="91dfe61b-39c8-43e6-ac5b-a77ce4fbc197" />
      <TestMethod codeBase="/home/runner/work/dotnet-monorepo/dotnet-monorepo/src/artifacts/bin/Epubs.Tests/release_linux-x64/Epubs.Tests.dll" adapterTypeName="executor://mstestadapter/v4" className="Epubs.Tests.WriterTests.PackageDocumentTests.ManifestTests" name="TestAddItemToManifest" />
    </UnitTest>
    <UnitTest name="TestAddTitle (Epub2)" storage="/home/runner/work/dotnet-monorepo/dotnet-monorepo/src/artifacts/bin/epubs.tests/release_linux-x64/epubs.tests.dll" id="1b20638b-a8a6-85af-8458-b3b7c366f1d5">
      <Execution id="cd3b0a4c-898a-4782-8e85-9d44d7c67d19" />
      <TestMethod codeBase="/home/runner/work/dotnet-monorepo/dotnet-monorepo/src/artifacts/bin/Epubs.Tests/release_linux-x64/Epubs.Tests.dll" adapterTypeName="executor://mstestadapter/v4" className="Epubs.Tests.WriterTests.NavigationTests.NcxTests" name="TestAddTitle" />
    </UnitTest>
    <UnitTest name="TestResolvePath (&quot;a/b/c&quot;,&quot;../../../d/e&quot;,&quot;d/e&quot;)" storage="/home/runner/work/dotnet-monorepo/dotnet-monorepo/src/artifacts/bin/epubs.tests/release_linux-x64/epubs.tests.dll" id="1b26e4d7-3e0b-8adb-af94-08e50834077a">
      <Execution id="200640b2-16a9-4958-a585-c2e49a0e079f" />
      <TestMethod codeBase="/home/runner/work/dotnet-monorepo/dotnet-monorepo/src/artifacts/bin/Epubs.Tests/release_linux-x64/Epubs.Tests.dll" adapterTypeName="executor://mstestadapter/v4" className="Epubs.Tests.EpubPathsTests" name="TestResolvePath" />
    </UnitTest>
    <UnitTest name="TestAddNavItem (Epub2)" storage="/home/runner/work/dotnet-monorepo/dotnet-monorepo/src/artifacts/bin/epubs.tests/release_linux-x64/epubs.tests.dll" id="132c93fc-99cf-80a0-b0a6-22904c48670f">
      <Execution id="5a46302d-e7f3-4df4-b714-50aa63a94dce" />
      <TestMethod codeBase="/home/runner/work/dotnet-monorepo/dotnet-monorepo/src/artifacts/bin/Epubs.Tests/release_linux-x64/Epubs.Tests.dll" adapterTypeName="executor://mstestadapter/v4" className="Epubs.Tests.WriterTests.NavigationTests.NavigationDocumentTests" name="TestAddNavItem" />
    </UnitTest>
    <UnitTest name="TestAddLanguage (Epub3)" storage="/home/runner/work/dotnet-monorepo/dotnet-monorepo/src/artifacts/bin/epubs.tests/release_linux-x64/epubs.tests.dll" id="1cef8686-5f34-86de-a6a3-8d35bb7afd79">
      <Execution id="1adc40bf-fb59-40b3-a829-5fd7a204678c" />
      <TestMethod codeBase="/home/runner/work/dotnet-monorepo/dotnet-monorepo/src/artifacts/bin/Epubs.Tests/release_linux-x64/Epubs.Tests.dll" adapterTypeName="executor://mstestadapter/v4" className="Epubs.Tests.WriterTests.PackageDocumentTests.MetadataTests" name="TestAddLanguage" />
    </UnitTest>
    <UnitTest name="TestAddCreator (Epub3,[],&quot;epub3_no_roles.opf&quot;)" storage="/home/runner/work/dotnet-monorepo/dotnet-monorepo/src/artifacts/bin/epubs.tests/release_linux-x64/epubs.tests.dll" id="18633743-5a95-84ca-aa1a-84a0ca6b512e">
      <Execution id="8781e97e-7c8b-463d-9145-d5cb7a634fd2" />
      <TestMethod codeBase="/home/runner/work/dotnet-monorepo/dotnet-monorepo/src/artifacts/bin/Epubs.Tests/release_linux-x64/Epubs.Tests.dll" adapterTypeName="executor://mstestadapter/v4" className="Epubs.Tests.WriterTests.PackageDocumentTests.MetadataTests" name="TestAddCreator" />
    </UnitTest>
    <UnitTest name="TestGetRelativePath (&quot;&quot;,&quot;a/b/c&quot;,&quot;../../..&quot;)" storage="/home/runner/work/dotnet-monorepo/dotnet-monorepo/src/artifacts/bin/epubs.tests/release_linux-x64/epubs.tests.dll" id="163d9d25-3781-8d01-aa89-fb0ed455ce67">
      <Execution id="716d0029-989f-4161-828b-56bdf9ad34b6" />
      <TestMethod codeBase="/home/runner/work/dotnet-monorepo/dotnet-monorepo/src/artifacts/bin/Epubs.Tests/release_linux-x64/Epubs.Tests.dll" adapterTypeName="executor://mstestadapter/v4" className="Epubs.Tests.EpubPathsTests" name="TestGetRelativePath" />
    </UnitTest>
  </TestDefinitions>
  <TestEntries>
    <TestEntry testId="1ad59a54-6162-8915-b78f-cbce5547287d" executionId="2b533514-8900-4eac-9698-0e7cfd604f67" testListId="8c84fa94-04c1-424b-9868-57a2d4851a1d" />
    <TestEntry testId="1d890bf7-586d-85b6-b06c-8f6a41e0ae1e" executionId="340695af-0f74-413f-b5e7-c84b1f46a7b6" testListId="8c84fa94-04c1-424b-9868-57a2d4851a1d" />
    <TestEntry testId="178c28d6-788e-8eb5-bd79-d8ce91ec7454" executionId="1d273a63-dcb3-4567-b63b-04e479ad2516" testListId="8c84fa94-04c1-424b-9868-57a2d4851a1d" />
    <TestEntry testId="163d9d25-3781-8d01-aa89-fb0ed455ce67" executionId="716d0029-989f-4161-828b-56bdf9ad34b6" testListId="8c84fa94-04c1-424b-9868-57a2d4851a1d" />
    <TestEntry testId="178aa3ea-46b0-8718-8f38-a36a6d78e6f8" executionId="fc680f76-234f-4bcf-9152-aca2d0050471" testListId="8c84fa94-04c1-424b-9868-57a2d4851a1d" />
    <TestEntry testId="196202e8-80f4-8220-b7a4-03bed006a872" executionId="62118d41-db2e-4a48-a4b5-d31146ffbd65" testListId="8c84fa94-04c1-424b-9868-57a2d4851a1d" />
    <TestEntry testId="12fc392e-8199-86c7-8604-b296f0959a0f" executionId="151ca704-301b-42db-bb65-6f992bd8a6b3" testListId="8c84fa94-04c1-424b-9868-57a2d4851a1d" />
    <TestEntry testId="1606129a-0ad6-89b1-8eb5-de137dec383d" executionId="22eda64c-6f6a-4256-b930-4b81968d3c7a" testListId="8c84fa94-04c1-424b-9868-57a2d4851a1d" />
    <TestEntry testId="18b99c28-043f-8fa7-a585-45f8db35abe5" executionId="f81a8393-5b85-491d-b30d-95b605b37a30" testListId="8c84fa94-04c1-424b-9868-57a2d4851a1d" />
    <TestEntry testId="132c93fc-99cf-80a0-b0a6-22904c48670f" executionId="5a46302d-e7f3-4df4-b714-50aa63a94dce" testListId="8c84fa94-04c1-424b-9868-57a2d4851a1d" />
    <TestEntry testId="14d0cd07-d554-8a17-ae84-6d68b4a68e29" executionId="c717f0e5-cb76-4b92-aa6d-3e9a50245907" testListId="8c84fa94-04c1-424b-9868-57a2d4851a1d" />
    <TestEntry testId="1907624b-6009-89cb-a76c-8b426f68f298" executionId="a86cf424-1802-4f15-821c-5eb6e7f3cb8d" testListId="8c84fa94-04c1-424b-9868-57a2d4851a1d" />
    <TestEntry testId="14c058b4-2c86-895b-b0b1-cc5b57859157" executionId="65a5bb22-096d-426c-90e8-c92c894a8bab" testListId="8c84fa94-04c1-424b-9868-57a2d4851a1d" />
    <TestEntry testId="16e56989-76a7-8585-b943-e273cd2ed1c2" executionId="169f2b61-5889-4c11-8f32-e54059b7b9e7" testListId="8c84fa94-04c1-424b-9868-57a2d4851a1d" />
    <TestEntry testId="173165ad-d2bc-8165-97a9-c5621186750e" executionId="7510c568-f4ab-4ff6-8f51-7154875bbc07" testListId="8c84fa94-04c1-424b-9868-57a2d4851a1d" />
    <TestEntry testId="1ec0effe-5d9b-8d26-ab26-1e26e51fca30" executionId="a82a9975-0e15-436c-8115-975ccf607b27" testListId="8c84fa94-04c1-424b-9868-57a2d4851a1d" />
    <TestEntry testId="1d853697-1c40-8ef7-b701-75fcb83d716c" executionId="edea88bb-0112-4e61-bea4-7e4dec83da68" testListId="8c84fa94-04c1-424b-9868-57a2d4851a1d" />
    <TestEntry testId="15879af3-5667-8627-8798-073634574cfb" executionId="36a5f59c-acc3-4052-9b21-10e958370678" testListId="8c84fa94-04c1-424b-9868-57a2d4851a1d" />
    <TestEntry testId="17cbd791-edb7-8411-9f3d-d0fe1b2fcf02" executionId="ae29cbd8-e607-4bae-aaf0-578fb492c465" testListId="8c84fa94-04c1-424b-9868-57a2d4851a1d" />
    <TestEntry testId="11ca93a8-296b-8476-9f0b-6fc4b090990d" executionId="33e69e6a-84d0-43fe-9db5-258bf1c3cb38" testListId="8c84fa94-04c1-424b-9868-57a2d4851a1d" />
    <TestEntry testId="1c344ecb-28e7-8e25-b223-6e397f5054f4" executionId="5cc0df15-d9f6-4ab5-b3e9-0628b33cad7d" testListId="8c84fa94-04c1-424b-9868-57a2d4851a1d" />
    <TestEntry testId="12ab518a-33ba-8068-a833-7799730fcbd5" executionId="7ce49e89-6e8d-4fd8-994d-189630d0e0ee" testListId="8c84fa94-04c1-424b-9868-57a2d4851a1d" />
    <TestEntry testId="13bb92f3-9643-8d68-aa0d-763f51bdbf81" executionId="f42d236a-4ecd-413f-b193-58e8dfff5c40" testListId="8c84fa94-04c1-424b-9868-57a2d4851a1d" />
    <TestEntry testId="17b70e0f-1bb5-8232-bb22-ad292bd4ca53" executionId="0715b1a2-7c0c-46b4-aab2-119eaddea97b" testListId="8c84fa94-04c1-424b-9868-57a2d4851a1d" />
    <TestEntry testId="1a7fb99e-f52f-8ccc-ab1f-13586db79d1e" executionId="35cfcc6a-1081-483c-bb18-43721a4a113e" testListId="8c84fa94-04c1-424b-9868-57a2d4851a1d" />
    <TestEntry testId="1f86d215-1c27-8857-97b9-0ba7f808e19d" executionId="efc2cf19-5756-4861-83a1-143b9b0a0088" testListId="8c84fa94-04c1-424b-9868-57a2d4851a1d" />
    <TestEntry testId="17163b0e-a15f-81ae-864e-083555ff6db1" executionId="70291411-ad4b-4f49-8c46-40327dba46f1" testListId="8c84fa94-04c1-424b-9868-57a2d4851a1d" />
    <TestEntry testId="104fae68-6cd5-841d-8283-464853a139a3" executionId="55ab1510-62f9-4c86-b44a-a8da6294231f" testListId="8c84fa94-04c1-424b-9868-57a2d4851a1d" />
    <TestEntry testId="19fedbcf-3e8f-80d3-8f00-c9b50d3782b5" executionId="b589574c-b886-470f-9ec3-af66bfdddc9e" testListId="8c84fa94-04c1-424b-9868-57a2d4851a1d" />
    <TestEntry testId="1f20d052-efc6-827b-8ace-2d57870f3d7b" executionId="f7e6f0cc-8930-45a9-b5ec-44195cbe6037" testListId="8c84fa94-04c1-424b-9868-57a2d4851a1d" />
    <TestEntry testId="139f1cb2-b2ce-8c72-a0dc-23e529c29a74" executionId="b1bddbd7-05dc-470e-a815-4096cd5ce1c4" testListId="8c84fa94-04c1-424b-9868-57a2d4851a1d" />
    <TestEntry testId="1a5dc06e-54fd-8d2c-a693-2b5cb2a6574b" executionId="07917b2a-7c49-49a9-8115-a56bd3c6390a" testListId="8c84fa94-04c1-424b-9868-57a2d4851a1d" />
    <TestEntry testId="1cef8686-5f34-86de-a6a3-8d35bb7afd79" executionId="1adc40bf-fb59-40b3-a829-5fd7a204678c" testListId="8c84fa94-04c1-424b-9868-57a2d4851a1d" />
    <TestEntry testId="1229b021-b396-8067-9d67-6db2b8bc72b7" executionId="c0d027e8-3899-49c9-a8e3-07abbf076b3e" testListId="8c84fa94-04c1-424b-9868-57a2d4851a1d" />
    <TestEntry testId="124a442d-5cef-8a5e-832b-b6cc6c966046" executionId="0ef1de5b-616d-425f-8f07-6f8411e740a6" testListId="8c84fa94-04c1-424b-9868-57a2d4851a1d" />
    <TestEntry testId="1d0b33a2-7e9b-8950-ad7c-1126beafd8dd" executionId="3999a8e1-c20b-4dda-aa17-417de19d9315" testListId="8c84fa94-04c1-424b-9868-57a2d4851a1d" />
    <TestEntry testId="18f58b21-b2c3-803b-8cb0-4e08dd113f73" executionId="4782357b-0784-40a1-ab89-518f7c6a73b1" testListId="8c84fa94-04c1-424b-9868-57a2d4851a1d" />
    <TestEntry testId="1a3f96ff-4c2e-82f1-a4ad-01abaff96e83" executionId="1b161023-19d6-4749-b977-5f6062dbdbd2" testListId="8c84fa94-04c1-424b-9868-57a2d4851a1d" />
    <TestEntry testId="18633743-5a95-84ca-aa1a-84a0ca6b512e" executionId="8781e97e-7c8b-463d-9145-d5cb7a634fd2" testListId="8c84fa94-04c1-424b-9868-57a2d4851a1d" />
    <TestEntry testId="110d5f63-5620-8288-a852-48415a5701b6" executionId="a1fcc9ba-bb74-4666-9a55-c085f6496019" testListId="8c84fa94-04c1-424b-9868-57a2d4851a1d" />
    <TestEntry testId="1b26e4d7-3e0b-8adb-af94-08e50834077a" executionId="200640b2-16a9-4958-a585-c2e49a0e079f" testListId="8c84fa94-04c1-424b-9868-57a2d4851a1d" />
    <TestEntry testId="17e7e5f5-8e92-8ea9-bd8b-79d2ff2868d6" executionId="33870d42-ba53-43a7-b2ac-e9c46256c19b" testListId="8c84fa94-04c1-424b-9868-57a2d4851a1d" />
    <TestEntry testId="1bf56acc-bc6b-8496-947d-aa65e255463c" executionId="5280de61-de6f-4646-933f-4b952a99d275" testListId="8c84fa94-04c1-424b-9868-57a2d4851a1d" />
    <TestEntry testId="1e8f751a-7342-8e0a-8749-cd28c43d3882" executionId="658715e4-394b-492f-9e82-f642488723bc" testListId="8c84fa94-04c1-424b-9868-57a2d4851a1d" />
    <TestEntry testId="16734436-cecd-83b5-8627-bcedb89c8296" executionId="bdf4ab94-23ff-40d4-afa7-8f01b3d4d41e" testListId="8c84fa94-04c1-424b-9868-57a2d4851a1d" />
    <TestEntry testId="1b20638b-a8a6-85af-8458-b3b7c366f1d5" executionId="cd3b0a4c-898a-4782-8e85-9d44d7c67d19" testListId="8c84fa94-04c1-424b-9868-57a2d4851a1d" />
    <TestEntry testId="1dc58f02-8bfb-87ff-8152-97912961162e" executionId="bd3c8af3-9941-4765-8655-26cbaf657193" testListId="8c84fa94-04c1-424b-9868-57a2d4851a1d" />
    <TestEntry testId="18fb7630-93a1-828b-a9e1-500b27327666" executionId="1d562412-adf7-4ac6-847e-2ccc78c09d15" testListId="8c84fa94-04c1-424b-9868-57a2d4851a1d" />
    <TestEntry testId="1584ef67-fe1c-864d-a045-629d708e2516" executionId="0c119fd2-77aa-46e7-adcd-7234e8153abf" testListId="8c84fa94-04c1-424b-9868-57a2d4851a1d" />
    <TestEntry testId="132a3618-bc6c-8626-b378-85737c5c1ffb" executionId="12d64883-6aff-4c5e-aeb5-0275cabf396f" testListId="8c84fa94-04c1-424b-9868-57a2d4851a1d" />
    <TestEntry testId="1d6f9d40-3288-8453-b9b2-5ea56e2a4753" executionId="d7369e09-4ed5-4689-9207-6cda60b973c7" testListId="8c84fa94-04c1-424b-9868-57a2d4851a1d" />
    <TestEntry testId="13acc5b9-b971-8983-8930-49d6f4051f77" executionId="d526f83c-f3e5-4701-a14b-cad34fd593a5" testListId="8c84fa94-04c1-424b-9868-57a2d4851a1d" />
    <TestEntry testId="1c0b229c-cfde-842a-8c76-19a571413f49" executionId="91dfe61b-39c8-43e6-ac5b-a77ce4fbc197" testListId="8c84fa94-04c1-424b-9868-57a2d4851a1d" />
    <TestEntry testId="1f027eb2-66bc-8be8-8300-bf63e361e75e" executionId="15a3a139-9ba3-4a5d-8ba9-42dbe55837d9" testListId="8c84fa94-04c1-424b-9868-57a2d4851a1d" />
    <TestEntry testId="1e13994d-6844-8233-9112-553b896408e8" executionId="a8b0ef29-1ecb-4464-b6a8-8c6071e38b1e" testListId="8c84fa94-04c1-424b-9868-57a2d4851a1d" />
    <TestEntry testId="12509452-eb51-8bd2-8023-5d9d95470f16" executionId="b4e082aa-d44f-490c-ac5b-66590272ab3d" testListId="8c84fa94-04c1-424b-9868-57a2d4851a1d" />
    <TestEntry testId="1011288e-031f-8748-b274-76a1b0e99c39" executionId="f98bbad9-0ba7-4cc9-856b-10ef2b3a089c" testListId="8c84fa94-04c1-424b-9868-57a2d4851a1d" />
    <TestEntry testId="1576e578-fb17-8c86-9f06-aa7cda5c1b5a" executionId="f8e8d746-a944-46f9-9889-3feaa2139e09" testListId="8c84fa94-04c1-424b-9868-57a2d4851a1d" />
    <TestEntry testId="1a00353d-820e-8fa3-9091-7b2ebff721ec" executionId="35bb56de-64fb-4ab5-8969-426bb4db5aff" testListId="8c84fa94-04c1-424b-9868-57a2d4851a1d" />
    <TestEntry testId="1cb53fa7-66ef-886d-96df-85f4e3a5f607" executionId="f5f12982-17bc-4341-9f92-e716400bfc1f" testListId="8c84fa94-04c1-424b-9868-57a2d4851a1d" />
  </TestEntries>
  <TestLists>
    <TestList name="Results Not in a List" id="8c84fa94-04c1-424b-9868-57a2d4851a1d" />
    <TestList name="All Loaded Results" id="19431567-8539-422a-85d7-44ee4e166bda" />
  </TestLists>
  <ResultSummary outcome="Completed">
    <Counters total="60" executed="60" passed="60" failed="0" error="0" timeout="0" aborted="0" inconclusive="0" passedButRunAborted="0" notRunnable="0" notExecuted="0" disconnected="0" warning="0" completed="0" inProgress="0" pending="0" />
    <Output>
      <StdOut>Test Parallelization enabled for /home/runner/work/dotnet-monorepo/dotnet-monorepo/src/artifacts/bin/Epubs.Tests/release_linux-x64/Epubs.Tests.dll (Workers: 4, Scope: ClassLevel)
</StdOut>
    </Output>
  </ResultSummary>
</TestRun>