<?xml version="1.0" encoding="utf-8"?>
<TestRun id="a6aa4967-ca67-4f07-9609-739424dd3a88" name="runneradmin@runnervmj2eup 2025-08-25 12:09:22" runUser="runnervmj2eup\runneradmin" xmlns="http://microsoft.com/schemas/VisualStudio/TeamTest/2010">
  <Times creation="2025-08-25T12:09:22.0380970+00:00" queuing="2025-08-25T12:09:22.0380972+00:00" start="2025-08-25T12:09:21.5804510+00:00" finish="2025-08-25T12:09:22.0384774+00:00" />
  <TestSettings name="default" id="cad2dec1-b59d-4bd2-b25c-9a207a3b3636">
    <Deployment runDeploymentRoot="runneradmin_runnervmj2eup_2025-08-25_12_09_22" />
  </TestSettings>
  <TestLists>
    <TestList name="Results Not in a List" id="8c84fa94-04c1-424b-9868-57a2d4851a1d" />
    <TestList name="All Loaded Results" id="19431567-8539-422a-85d7-44ee4e166bda" />
  </TestLists>
  <ResultSummary outcome="Completed">
    <Counters total="0" executed="0" passed="0" failed="0" error="0" timeout="0" aborted="0" inconclusive="0" passedButRunAborted="0" notRunnable="0" notExecuted="0" disconnected="0" warning="0" completed="0" inProgress="0" pending="0" />
    <RunInfos>
      <RunInfo computerName="runnervmj2eup" outcome="Warning" timestamp="2025-08-25T12:09:21.9876431+00:00">
        <Text>No test is available in D:\a\dotnet-monorepo\dotnet-monorepo\src\artifacts\bin\EpubProj.Tests\release_win-x64\EpubProj.Tests.dll. Make sure that test discoverer &amp; executors are registered and platform &amp; framework version settings are appropriate and try again.</Text>
      </RunInfo>
    </RunInfos>
  </ResultSummary>
</TestRun>