<?xml version="1.0" encoding="utf-8"?>
<TestRun id="8969eaf2-a691-45f3-8ec1-79f7cf8e7df2" name="runneradmin@runnervm2bfby 2026-02-21 14:59:27" runUser="runnervm2bfby\runneradmin" xmlns="http://microsoft.com/schemas/VisualStudio/TeamTest/2010">
  <Times creation="2026-02-21T14:59:27.4616506+00:00" queuing="2026-02-21T14:59:27.4616508+00:00" start="2026-02-21T14:59:26.7139523+00:00" finish="2026-02-21T14:59:27.4986402+00:00" />
  <TestSettings name="default" id="15198df5-b4ee-4358-91e0-1f5b661a1c76">
    <Deployment runDeploymentRoot="runneradmin_runnervm2bfby_2026-02-21_14_59_27" />
  </TestSettings>
  <Results>
    <UnitTestResult executionId="4332cb76-8a03-4421-9e3e-e1ac77bfa53e" testId="10800500-0759-8438-8aaa-54cc590c8f85" testName="TestConvertRelativeAnchorHref (&quot;test.md&quot;,&quot;test.xhtml&quot;)" computerName="runnervm2bfby" duration="00:00:00.0010211" startTime="2026-02-21T14:59:27.3769172+00:00" endTime="2026-02-21T14:59:27.3783870+00:00" testType="13cdc9d9-ddb5-4fa4-a97d-d965ccfc6d4b" outcome="Passed" testListId="8c84fa94-04c1-424b-9868-57a2d4851a1d" relativeResultsDirectory="4332cb76-8a03-4421-9e3e-e1ac77bfa53e" />
    <UnitTestResult executionId="9775d577-0481-40d1-bd7d-0ae8a5fe2a15" testId="152eb5b1-acde-8c7f-ac48-7c30686525ce" testName="TestConvertRelativeAnchorHref (&quot;test.txt&quot;,&quot;test.xhtml&quot;)" computerName="runnervm2bfby" duration="00:00:00.0002466" startTime="2026-02-21T14:59:27.3787204+00:00" endTime="2026-02-21T14:59:27.3790189+00:00" testType="13cdc9d9-ddb5-4fa4-a97d-d965ccfc6d4b" outcome="Passed" testListId="8c84fa94-04c1-424b-9868-57a2d4851a1d" relativeResultsDirectory="9775d577-0481-40d1-bd7d-0ae8a5fe2a15" />
    <UnitTestResult executionId="09a6d000-a055-4999-bc7e-7fabc95bd20e" testId="1dce7417-a256-8114-b844-2bcac170d324" testName="TestConvertRelativeAnchorHref (&quot;test.html&quot;,&quot;test.xhtml&quot;)" computerName="runnervm2bfby" duration="00:00:00.1285732" startTime="2026-02-21T14:59:27.2254720+00:00" endTime="2026-02-21T14:59:27.3722225+00:00" testType="13cdc9d9-ddb5-4fa4-a97d-d965ccfc6d4b" outcome="Passed" testListId="8c84fa94-04c1-424b-9868-57a2d4851a1d" relativeResultsDirectory="09a6d000-a055-4999-bc7e-7fabc95bd20e" />
    <UnitTestResult executionId="dc803555-e5b2-4028-8e24-46a4105872f4" testId="1b284f47-8e42-8c24-84f7-f9272c756a26" testName="TestConvertRelativeAnchorHref (&quot;test.txt#id&quot;,&quot;test.xhtml#id&quot;)" computerName="runnervm2bfby" duration="00:00:00.0001276" startTime="2026-02-21T14:59:27.3797965+00:00" endTime="2026-02-21T14:59:27.3799651+00:00" testType="13cdc9d9-ddb5-4fa4-a97d-d965ccfc6d4b" outcome="Passed" testListId="8c84fa94-04c1-424b-9868-57a2d4851a1d" relativeResultsDirectory="dc803555-e5b2-4028-8e24-46a4105872f4" />
    <UnitTestResult executionId="56fbaff8-c30f-4eef-859f-991a2d5b8c0e" testId="17c8acae-7254-8c54-8370-4bf280c0d308" testName="TestConvertRelativeAnchorHref (&quot;test&quot;,&quot;test.xhtml&quot;)" computerName="runnervm2bfby" duration="00:00:00.0001360" startTime="2026-02-21T14:59:27.3790659+00:00" endTime="2026-02-21T14:59:27.3792366+00:00" testType="13cdc9d9-ddb5-4fa4-a97d-d965ccfc6d4b" outcome="Passed" testListId="8c84fa94-04c1-424b-9868-57a2d4851a1d" relativeResultsDirectory="56fbaff8-c30f-4eef-859f-991a2d5b8c0e" />
    <UnitTestResult executionId="b35c316f-468d-4eca-9611-3f998141d5d5" testId="1f2580c1-a323-80f9-8e86-13a1313e7c36" testName="TestConvertRelativeAnchorHref (&quot;test.md#id&quot;,&quot;test.xhtml#id&quot;)" computerName="runnervm2bfby" duration="00:00:00.0001291" startTime="2026-02-21T14:59:27.3796227+00:00" endTime="2026-02-21T14:59:27.3797820+00:00" testType="13cdc9d9-ddb5-4fa4-a97d-d965ccfc6d4b" outcome="Passed" testListId="8c84fa94-04c1-424b-9868-57a2d4851a1d" relativeResultsDirectory="b35c316f-468d-4eca-9611-3f998141d5d5" />
    <UnitTestResult executionId="348cd098-b835-4a44-9f9a-c0c98075e4db" testId="1a345c8d-995f-8793-99d4-429781ba1d3d" testName="TestConvertRelativeAnchorHref (&quot;test.html#id&quot;,&quot;test.xhtml#id&quot;)" computerName="runnervm2bfby" duration="00:00:00.0001245" startTime="2026-02-21T14:59:27.3794389+00:00" endTime="2026-02-21T14:59:27.3796077+00:00" testType="13cdc9d9-ddb5-4fa4-a97d-d965ccfc6d4b" outcome="Passed" testListId="8c84fa94-04c1-424b-9868-57a2d4851a1d" relativeResultsDirectory="348cd098-b835-4a44-9f9a-c0c98075e4db" />
    <UnitTestResult executionId="1e017fdb-0dfa-491f-b98b-71b0f1d981a3" testId="157f72bb-8a23-803e-bb83-f1b9f6c051f1" testName="TestConvertRelativeAnchorHref (&quot;a.b#id&quot;,&quot;a.b.xhtml#id&quot;)" computerName="runnervm2bfby" duration="00:00:00.0003583" startTime="2026-02-21T14:59:27.4126219+00:00" endTime="2026-02-21T14:59:27.4130672+00:00" testType="13cdc9d9-ddb5-4fa4-a97d-d965ccfc6d4b" outcome="Passed" testListId="8c84fa94-04c1-424b-9868-57a2d4851a1d" relativeResultsDirectory="1e017fdb-0dfa-491f-b98b-71b0f1d981a3" />
    <UnitTestResult executionId="3f63192e-a918-4db9-8410-597496a3a09f" testId="1df9ce9e-da7d-8382-80f7-2626f3048fbd" testName="TestConvertRelativeAnchorHref (&quot;#id&quot;,&quot;#id&quot;)" computerName="runnervm2bfby" duration="00:00:00.0001835" startTime="2026-02-21T14:59:27.4131022+00:00" endTime="2026-02-21T14:59:27.4148686+00:00" testType="13cdc9d9-ddb5-4fa4-a97d-d965ccfc6d4b" outcome="Passed" testListId="8c84fa94-04c1-424b-9868-57a2d4851a1d" relativeResultsDirectory="3f63192e-a918-4db9-8410-597496a3a09f" />
    <UnitTestResult executionId="aa308d1a-7eb2-459c-8fe2-1d5afdd5019d" testId="16b1ad70-dde2-881a-a898-34f1d755d99c" testName="TestConvertRelativeAnchorHref (&quot;test#id&quot;,&quot;test.xhtml#id&quot;)" computerName="runnervm2bfby" duration="00:00:00.0001247" startTime="2026-02-21T14:59:27.3799799+00:00" endTime="2026-02-21T14:59:27.3801414+00:00" testType="13cdc9d9-ddb5-4fa4-a97d-d965ccfc6d4b" outcome="Passed" testListId="8c84fa94-04c1-424b-9868-57a2d4851a1d" relativeResultsDirectory="aa308d1a-7eb2-459c-8fe2-1d5afdd5019d" />
    <UnitTestResult executionId="99b4361c-718f-4774-84fe-1ca5c344b35c" testId="1a2a72ca-c499-8d36-b2a6-f613a8f48e24" testName="TestConvertRelativeAnchorHref (&quot;a.b&quot;,&quot;a.b.xhtml&quot;)" computerName="runnervm2bfby" duration="00:00:00.0001349" startTime="2026-02-21T14:59:27.3792521+00:00" endTime="2026-02-21T14:59:27.3794236+00:00" testType="13cdc9d9-ddb5-4fa4-a97d-d965ccfc6d4b" outcome="Passed" testListId="8c84fa94-04c1-424b-9868-57a2d4851a1d" relativeResultsDirectory="99b4361c-718f-4774-84fe-1ca5c344b35c" />
  </Results>
  <TestDefinitions>
    <UnitTest name="TestConvertRelativeAnchorHref (&quot;test&quot;,&quot;test.xhtml&quot;)" storage="d:\a\dotnet-monorepo\dotnet-monorepo\src\artifacts\bin\epubproj.tests\release_win-x64\epubproj.tests.dll" id="17c8acae-7254-8c54-8370-4bf280c0d308">
      <Execution id="56fbaff8-c30f-4eef-859f-991a2d5b8c0e" />
      <TestMethod codeBase="D:\a\dotnet-monorepo\dotnet-monorepo\src\artifacts\bin\EpubProj.Tests\release_win-x64\EpubProj.Tests.dll" adapterTypeName="executor://mstestadapter/v4" className="EpubProj.Tests.ConverterTests" name="TestConvertRelativeAnchorHref" />
    </UnitTest>
    <UnitTest name="TestConvertRelativeAnchorHref (&quot;a.b#id&quot;,&quot;a.b.xhtml#id&quot;)" storage="d:\a\dotnet-monorepo\dotnet-monorepo\src\artifacts\bin\epubproj.tests\release_win-x64\epubproj.tests.dll" id="157f72bb-8a23-803e-bb83-f1b9f6c051f1">
      <Execution id="1e017fdb-0dfa-491f-b98b-71b0f1d981a3" />
      <TestMethod codeBase="D:\a\dotnet-monorepo\dotnet-monorepo\src\artifacts\bin\EpubProj.Tests\release_win-x64\EpubProj.Tests.dll" adapterTypeName="executor://mstestadapter/v4" className="EpubProj.Tests.ConverterTests" name="TestConvertRelativeAnchorHref" />
    </UnitTest>
    <UnitTest name="TestConvertRelativeAnchorHref (&quot;a.b&quot;,&quot;a.b.xhtml&quot;)" storage="d:\a\dotnet-monorepo\dotnet-monorepo\src\artifacts\bin\epubproj.tests\release_win-x64\epubproj.tests.dll" id="1a2a72ca-c499-8d36-b2a6-f613a8f48e24">
      <Execution id="99b4361c-718f-4774-84fe-1ca5c344b35c" />
      <TestMethod codeBase="D:\a\dotnet-monorepo\dotnet-monorepo\src\artifacts\bin\EpubProj.Tests\release_win-x64\EpubProj.Tests.dll" adapterTypeName="executor://mstestadapter/v4" className="EpubProj.Tests.ConverterTests" name="TestConvertRelativeAnchorHref" />
    </UnitTest>
    <UnitTest name="TestConvertRelativeAnchorHref (&quot;test.txt&quot;,&quot;test.xhtml&quot;)" storage="d:\a\dotnet-monorepo\dotnet-monorepo\src\artifacts\bin\epubproj.tests\release_win-x64\epubproj.tests.dll" id="152eb5b1-acde-8c7f-ac48-7c30686525ce">
      <Execution id="9775d577-0481-40d1-bd7d-0ae8a5fe2a15" />
      <TestMethod codeBase="D:\a\dotnet-monorepo\dotnet-monorepo\src\artifacts\bin\EpubProj.Tests\release_win-x64\EpubProj.Tests.dll" adapterTypeName="executor://mstestadapter/v4" className="EpubProj.Tests.ConverterTests" name="TestConvertRelativeAnchorHref" />
    </UnitTest>
    <UnitTest name="TestConvertRelativeAnchorHref (&quot;test.md&quot;,&quot;test.xhtml&quot;)" storage="d:\a\dotnet-monorepo\dotnet-monorepo\src\artifacts\bin\epubproj.tests\release_win-x64\epubproj.tests.dll" id="10800500-0759-8438-8aaa-54cc590c8f85">
      <Execution id="4332cb76-8a03-4421-9e3e-e1ac77bfa53e" />
      <TestMethod codeBase="D:\a\dotnet-monorepo\dotnet-monorepo\src\artifacts\bin\EpubProj.Tests\release_win-x64\EpubProj.Tests.dll" adapterTypeName="executor://mstestadapter/v4" className="EpubProj.Tests.ConverterTests" name="TestConvertRelativeAnchorHref" />
    </UnitTest>
    <UnitTest name="TestConvertRelativeAnchorHref (&quot;test.html&quot;,&quot;test.xhtml&quot;)" storage="d:\a\dotnet-monorepo\dotnet-monorepo\src\artifacts\bin\epubproj.tests\release_win-x64\epubproj.tests.dll" id="1dce7417-a256-8114-b844-2bcac170d324">
      <Execution id="09a6d000-a055-4999-bc7e-7fabc95bd20e" />
      <TestMethod codeBase="D:\a\dotnet-monorepo\dotnet-monorepo\src\artifacts\bin\EpubProj.Tests\release_win-x64\EpubProj.Tests.dll" adapterTypeName="executor://mstestadapter/v4" className="EpubProj.Tests.ConverterTests" name="TestConvertRelativeAnchorHref" />
    </UnitTest>
    <UnitTest name="TestConvertRelativeAnchorHref (&quot;test.txt#id&quot;,&quot;test.xhtml#id&quot;)" storage="d:\a\dotnet-monorepo\dotnet-monorepo\src\artifacts\bin\epubproj.tests\release_win-x64\epubproj.tests.dll" id="1b284f47-8e42-8c24-84f7-f9272c756a26">
      <Execution id="dc803555-e5b2-4028-8e24-46a4105872f4" />
      <TestMethod codeBase="D:\a\dotnet-monorepo\dotnet-monorepo\src\artifacts\bin\EpubProj.Tests\release_win-x64\EpubProj.Tests.dll" adapterTypeName="executor://mstestadapter/v4" className="EpubProj.Tests.ConverterTests" name="TestConvertRelativeAnchorHref" />
    </UnitTest>
    <UnitTest name="TestConvertRelativeAnchorHref (&quot;#id&quot;,&quot;#id&quot;)" storage="d:\a\dotnet-monorepo\dotnet-monorepo\src\artifacts\bin\epubproj.tests\release_win-x64\epubproj.tests.dll" id="1df9ce9e-da7d-8382-80f7-2626f3048fbd">
      <Execution id="3f63192e-a918-4db9-8410-597496a3a09f" />
      <TestMethod codeBase="D:\a\dotnet-monorepo\dotnet-monorepo\src\artifacts\bin\EpubProj.Tests\release_win-x64\EpubProj.Tests.dll" adapterTypeName="executor://mstestadapter/v4" className="EpubProj.Tests.ConverterTests" name="TestConvertRelativeAnchorHref" />
    </UnitTest>
    <UnitTest name="TestConvertRelativeAnchorHref (&quot;test.md#id&quot;,&quot;test.xhtml#id&quot;)" storage="d:\a\dotnet-monorepo\dotnet-monorepo\src\artifacts\bin\epubproj.tests\release_win-x64\epubproj.tests.dll" id="1f2580c1-a323-80f9-8e86-13a1313e7c36">
      <Execution id="b35c316f-468d-4eca-9611-3f998141d5d5" />
      <TestMethod codeBase="D:\a\dotnet-monorepo\dotnet-monorepo\src\artifacts\bin\EpubProj.Tests\release_win-x64\EpubProj.Tests.dll" adapterTypeName="executor://mstestadapter/v4" className="EpubProj.Tests.ConverterTests" name="TestConvertRelativeAnchorHref" />
    </UnitTest>
    <UnitTest name="TestConvertRelativeAnchorHref (&quot;test#id&quot;,&quot;test.xhtml#id&quot;)" storage="d:\a\dotnet-monorepo\dotnet-monorepo\src\artifacts\bin\epubproj.tests\release_win-x64\epubproj.tests.dll" id="16b1ad70-dde2-881a-a898-34f1d755d99c">
      <Execution id="aa308d1a-7eb2-459c-8fe2-1d5afdd5019d" />
      <TestMethod codeBase="D:\a\dotnet-monorepo\dotnet-monorepo\src\artifacts\bin\EpubProj.Tests\release_win-x64\EpubProj.Tests.dll" adapterTypeName="executor://mstestadapter/v4" className="EpubProj.Tests.ConverterTests" name="TestConvertRelativeAnchorHref" />
    </UnitTest>
    <UnitTest name="TestConvertRelativeAnchorHref (&quot;test.html#id&quot;,&quot;test.xhtml#id&quot;)" storage="d:\a\dotnet-monorepo\dotnet-monorepo\src\artifacts\bin\epubproj.tests\release_win-x64\epubproj.tests.dll" id="1a345c8d-995f-8793-99d4-429781ba1d3d">
      <Execution id="348cd098-b835-4a44-9f9a-c0c98075e4db" />
      <TestMethod codeBase="D:\a\dotnet-monorepo\dotnet-monorepo\src\artifacts\bin\EpubProj.Tests\release_win-x64\EpubProj.Tests.dll" adapterTypeName="executor://mstestadapter/v4" className="EpubProj.Tests.ConverterTests" name="TestConvertRelativeAnchorHref" />
    </UnitTest>
  </TestDefinitions>
  <TestEntries>
    <TestEntry testId="10800500-0759-8438-8aaa-54cc590c8f85" executionId="4332cb76-8a03-4421-9e3e-e1ac77bfa53e" testListId="8c84fa94-04c1-424b-9868-57a2d4851a1d" />
    <TestEntry testId="152eb5b1-acde-8c7f-ac48-7c30686525ce" executionId="9775d577-0481-40d1-bd7d-0ae8a5fe2a15" testListId="8c84fa94-04c1-424b-9868-57a2d4851a1d" />
    <TestEntry testId="1dce7417-a256-8114-b844-2bcac170d324" executionId="09a6d000-a055-4999-bc7e-7fabc95bd20e" testListId="8c84fa94-04c1-424b-9868-57a2d4851a1d" />
    <TestEntry testId="1b284f47-8e42-8c24-84f7-f9272c756a26" executionId="dc803555-e5b2-4028-8e24-46a4105872f4" testListId="8c84fa94-04c1-424b-9868-57a2d4851a1d" />
    <TestEntry testId="17c8acae-7254-8c54-8370-4bf280c0d308" executionId="56fbaff8-c30f-4eef-859f-991a2d5b8c0e" testListId="8c84fa94-04c1-424b-9868-57a2d4851a1d" />
    <TestEntry testId="1f2580c1-a323-80f9-8e86-13a1313e7c36" executionId="b35c316f-468d-4eca-9611-3f998141d5d5" testListId="8c84fa94-04c1-424b-9868-57a2d4851a1d" />
    <TestEntry testId="1a345c8d-995f-8793-99d4-429781ba1d3d" executionId="348cd098-b835-4a44-9f9a-c0c98075e4db" testListId="8c84fa94-04c1-424b-9868-57a2d4851a1d" />
    <TestEntry testId="157f72bb-8a23-803e-bb83-f1b9f6c051f1" executionId="1e017fdb-0dfa-491f-b98b-71b0f1d981a3" testListId="8c84fa94-04c1-424b-9868-57a2d4851a1d" />
    <TestEntry testId="1df9ce9e-da7d-8382-80f7-2626f3048fbd" executionId="3f63192e-a918-4db9-8410-597496a3a09f" testListId="8c84fa94-04c1-424b-9868-57a2d4851a1d" />
    <TestEntry testId="16b1ad70-dde2-881a-a898-34f1d755d99c" executionId="aa308d1a-7eb2-459c-8fe2-1d5afdd5019d" testListId="8c84fa94-04c1-424b-9868-57a2d4851a1d" />
    <TestEntry testId="1a2a72ca-c499-8d36-b2a6-f613a8f48e24" executionId="99b4361c-718f-4774-84fe-1ca5c344b35c" testListId="8c84fa94-04c1-424b-9868-57a2d4851a1d" />
  </TestEntries>
  <TestLists>
    <TestList name="Results Not in a List" id="8c84fa94-04c1-424b-9868-57a2d4851a1d" />
    <TestList name="All Loaded Results" id="19431567-8539-422a-85d7-44ee4e166bda" />
  </TestLists>
  <ResultSummary outcome="Completed">
    <Counters total="11" executed="11" passed="11" failed="0" error="0" timeout="0" aborted="0" inconclusive="0" passedButRunAborted="0" notRunnable="0" notExecuted="0" disconnected="0" warning="0" completed="0" inProgress="0" pending="0" />
    <Output>
      <StdOut>Test Parallelization enabled for D:\a\dotnet-monorepo\dotnet-monorepo\src\artifacts\bin\EpubProj.Tests\release_win-x64\EpubProj.Tests.dll (Workers: 4, Scope: ClassLevel)&#xD;
</StdOut>
    </Output>
  </ResultSummary>
</TestRun>