<?xml version="1.0" encoding="utf-8"?>
<TestRun id="56844a25-3ade-4a63-bdda-c74f7e9160ba" name="runneradmin@runnervmxu3fp 2026-04-27 03:05:15" runUser="runnervmxu3fp\runneradmin" xmlns="http://microsoft.com/schemas/VisualStudio/TeamTest/2010">
  <Times creation="2026-04-27T03:05:15.1710717+00:00" queuing="2026-04-27T03:05:15.1710719+00:00" start="2026-04-27T03:05:14.3113883+00:00" finish="2026-04-27T03:05:15.2216030+00:00" />
  <TestSettings name="default" id="be5ced53-9d59-4239-9176-f130547d84b9">
    <Deployment runDeploymentRoot="runneradmin_runnervmxu3fp_2026-04-27_03_05_15" />
  </TestSettings>
  <Results>
    <UnitTestResult executionId="4ce978f3-b5b4-4571-a262-87e5f46f9f88" testId="10800500-0759-8438-8aaa-54cc590c8f85" testName="TestConvertRelativeAnchorHref (&quot;test.md&quot;,&quot;test.xhtml&quot;)" computerName="runnervmxu3fp" duration="00:00:00.0012282" startTime="2026-04-27T03:05:15.0785354+00:00" endTime="2026-04-27T03:05:15.0801906+00:00" testType="13cdc9d9-ddb5-4fa4-a97d-d965ccfc6d4b" outcome="Passed" testListId="8c84fa94-04c1-424b-9868-57a2d4851a1d" relativeResultsDirectory="4ce978f3-b5b4-4571-a262-87e5f46f9f88" />
    <UnitTestResult executionId="9b3151ca-efc7-4220-ad68-2330e8316df0" testId="1b284f47-8e42-8c24-84f7-f9272c756a26" testName="TestConvertRelativeAnchorHref (&quot;test.txt#id&quot;,&quot;test.xhtml#id&quot;)" computerName="runnervmxu3fp" duration="00:00:00.0001359" startTime="2026-04-27T03:05:15.0818597+00:00" endTime="2026-04-27T03:05:15.0820308+00:00" testType="13cdc9d9-ddb5-4fa4-a97d-d965ccfc6d4b" outcome="Passed" testListId="8c84fa94-04c1-424b-9868-57a2d4851a1d" relativeResultsDirectory="9b3151ca-efc7-4220-ad68-2330e8316df0" />
    <UnitTestResult executionId="8d3eff89-3712-475d-ac30-a2fa28db8719" testId="1a2a72ca-c499-8d36-b2a6-f613a8f48e24" testName="TestConvertRelativeAnchorHref (&quot;a.b&quot;,&quot;a.b.xhtml&quot;)" computerName="runnervmxu3fp" duration="00:00:00.0001508" startTime="2026-04-27T03:05:15.0812530+00:00" endTime="2026-04-27T03:05:15.0814367+00:00" testType="13cdc9d9-ddb5-4fa4-a97d-d965ccfc6d4b" outcome="Passed" testListId="8c84fa94-04c1-424b-9868-57a2d4851a1d" relativeResultsDirectory="8d3eff89-3712-475d-ac30-a2fa28db8719" />
    <UnitTestResult executionId="670fbc0b-d0b4-4d06-a9c8-dcc99067bd5a" testId="17c8acae-7254-8c54-8370-4bf280c0d308" testName="TestConvertRelativeAnchorHref (&quot;test&quot;,&quot;test.xhtml&quot;)" computerName="runnervmxu3fp" duration="00:00:00.0001559" startTime="2026-04-27T03:05:15.0810386+00:00" endTime="2026-04-27T03:05:15.0812401+00:00" testType="13cdc9d9-ddb5-4fa4-a97d-d965ccfc6d4b" outcome="Passed" testListId="8c84fa94-04c1-424b-9868-57a2d4851a1d" relativeResultsDirectory="670fbc0b-d0b4-4d06-a9c8-dcc99067bd5a" />
    <UnitTestResult executionId="c60b81cd-33f9-4734-9389-89ddf6628d6b" testId="1df9ce9e-da7d-8382-80f7-2626f3048fbd" testName="TestConvertRelativeAnchorHref (&quot;#id&quot;,&quot;#id&quot;)" computerName="runnervmxu3fp" duration="00:00:00.0002294" startTime="2026-04-27T03:05:15.1200222+00:00" endTime="2026-04-27T03:05:15.1250913+00:00" testType="13cdc9d9-ddb5-4fa4-a97d-d965ccfc6d4b" outcome="Passed" testListId="8c84fa94-04c1-424b-9868-57a2d4851a1d" relativeResultsDirectory="c60b81cd-33f9-4734-9389-89ddf6628d6b" />
    <UnitTestResult executionId="3d6b791d-2300-4c46-a2a6-87d7e9a3647f" testId="1dce7417-a256-8114-b844-2bcac170d324" testName="TestConvertRelativeAnchorHref (&quot;test.html&quot;,&quot;test.xhtml&quot;)" computerName="runnervmxu3fp" duration="00:00:00.1393355" startTime="2026-04-27T03:05:14.9118777+00:00" endTime="2026-04-27T03:05:15.0723551+00:00" testType="13cdc9d9-ddb5-4fa4-a97d-d965ccfc6d4b" outcome="Passed" testListId="8c84fa94-04c1-424b-9868-57a2d4851a1d" relativeResultsDirectory="3d6b791d-2300-4c46-a2a6-87d7e9a3647f" />
    <UnitTestResult executionId="c852009b-9180-45e8-ade1-2579a398e9e2" testId="16b1ad70-dde2-881a-a898-34f1d755d99c" testName="TestConvertRelativeAnchorHref (&quot;test#id&quot;,&quot;test.xhtml#id&quot;)" computerName="runnervmxu3fp" duration="00:00:00.0001411" startTime="2026-04-27T03:05:15.0820419+00:00" endTime="2026-04-27T03:05:15.0822193+00:00" testType="13cdc9d9-ddb5-4fa4-a97d-d965ccfc6d4b" outcome="Passed" testListId="8c84fa94-04c1-424b-9868-57a2d4851a1d" relativeResultsDirectory="c852009b-9180-45e8-ade1-2579a398e9e2" />
    <UnitTestResult executionId="8d49241d-f989-4a08-8765-2ea4f396378f" testId="1a345c8d-995f-8793-99d4-429781ba1d3d" testName="TestConvertRelativeAnchorHref (&quot;test.html#id&quot;,&quot;test.xhtml#id&quot;)" computerName="runnervmxu3fp" duration="00:00:00.0001831" startTime="2026-04-27T03:05:15.0814489+00:00" endTime="2026-04-27T03:05:15.0816703+00:00" testType="13cdc9d9-ddb5-4fa4-a97d-d965ccfc6d4b" outcome="Passed" testListId="8c84fa94-04c1-424b-9868-57a2d4851a1d" relativeResultsDirectory="8d49241d-f989-4a08-8765-2ea4f396378f" />
    <UnitTestResult executionId="79344c62-1887-45da-b14a-64d245a6b46b" testId="152eb5b1-acde-8c7f-ac48-7c30686525ce" testName="TestConvertRelativeAnchorHref (&quot;test.txt&quot;,&quot;test.xhtml&quot;)" computerName="runnervmxu3fp" duration="00:00:00.0003332" startTime="2026-04-27T03:05:15.0806283+00:00" endTime="2026-04-27T03:05:15.0810200+00:00" testType="13cdc9d9-ddb5-4fa4-a97d-d965ccfc6d4b" outcome="Passed" testListId="8c84fa94-04c1-424b-9868-57a2d4851a1d" relativeResultsDirectory="79344c62-1887-45da-b14a-64d245a6b46b" />
    <UnitTestResult executionId="f3392beb-bf37-4d7d-92e4-cfed8effdf9d" testId="157f72bb-8a23-803e-bb83-f1b9f6c051f1" testName="TestConvertRelativeAnchorHref (&quot;a.b#id&quot;,&quot;a.b.xhtml#id&quot;)" computerName="runnervmxu3fp" duration="00:00:00.0003231" startTime="2026-04-27T03:05:15.1195740+00:00" endTime="2026-04-27T03:05:15.1199917+00:00" testType="13cdc9d9-ddb5-4fa4-a97d-d965ccfc6d4b" outcome="Passed" testListId="8c84fa94-04c1-424b-9868-57a2d4851a1d" relativeResultsDirectory="f3392beb-bf37-4d7d-92e4-cfed8effdf9d" />
    <UnitTestResult executionId="40d0ce22-4aa4-48a1-8f86-b1b7a94ee25c" testId="1f2580c1-a323-80f9-8e86-13a1313e7c36" testName="TestConvertRelativeAnchorHref (&quot;test.md#id&quot;,&quot;test.xhtml#id&quot;)" computerName="runnervmxu3fp" duration="00:00:00.0001343" startTime="2026-04-27T03:05:15.0816825+00:00" endTime="2026-04-27T03:05:15.0818483+00:00" testType="13cdc9d9-ddb5-4fa4-a97d-d965ccfc6d4b" outcome="Passed" testListId="8c84fa94-04c1-424b-9868-57a2d4851a1d" relativeResultsDirectory="40d0ce22-4aa4-48a1-8f86-b1b7a94ee25c" />
  </Results>
  <TestDefinitions>
    <UnitTest name="TestConvertRelativeAnchorHref (&quot;test&quot;,&quot;test.xhtml&quot;)" storage="d:\a\dotnet-monorepo\dotnet-monorepo\src\artifacts\bin\epubproj.tests\release_win-x64\epubproj.tests.dll" id="17c8acae-7254-8c54-8370-4bf280c0d308">
      <Execution id="670fbc0b-d0b4-4d06-a9c8-dcc99067bd5a" />
      <TestMethod codeBase="D:\a\dotnet-monorepo\dotnet-monorepo\src\artifacts\bin\EpubProj.Tests\release_win-x64\EpubProj.Tests.dll" adapterTypeName="executor://mstestadapter/v4" className="EpubProj.Tests.ConverterTests" name="TestConvertRelativeAnchorHref" />
    </UnitTest>
    <UnitTest name="TestConvertRelativeAnchorHref (&quot;a.b#id&quot;,&quot;a.b.xhtml#id&quot;)" storage="d:\a\dotnet-monorepo\dotnet-monorepo\src\artifacts\bin\epubproj.tests\release_win-x64\epubproj.tests.dll" id="157f72bb-8a23-803e-bb83-f1b9f6c051f1">
      <Execution id="f3392beb-bf37-4d7d-92e4-cfed8effdf9d" />
      <TestMethod codeBase="D:\a\dotnet-monorepo\dotnet-monorepo\src\artifacts\bin\EpubProj.Tests\release_win-x64\EpubProj.Tests.dll" adapterTypeName="executor://mstestadapter/v4" className="EpubProj.Tests.ConverterTests" name="TestConvertRelativeAnchorHref" />
    </UnitTest>
    <UnitTest name="TestConvertRelativeAnchorHref (&quot;a.b&quot;,&quot;a.b.xhtml&quot;)" storage="d:\a\dotnet-monorepo\dotnet-monorepo\src\artifacts\bin\epubproj.tests\release_win-x64\epubproj.tests.dll" id="1a2a72ca-c499-8d36-b2a6-f613a8f48e24">
      <Execution id="8d3eff89-3712-475d-ac30-a2fa28db8719" />
      <TestMethod codeBase="D:\a\dotnet-monorepo\dotnet-monorepo\src\artifacts\bin\EpubProj.Tests\release_win-x64\EpubProj.Tests.dll" adapterTypeName="executor://mstestadapter/v4" className="EpubProj.Tests.ConverterTests" name="TestConvertRelativeAnchorHref" />
    </UnitTest>
    <UnitTest name="TestConvertRelativeAnchorHref (&quot;test.txt&quot;,&quot;test.xhtml&quot;)" storage="d:\a\dotnet-monorepo\dotnet-monorepo\src\artifacts\bin\epubproj.tests\release_win-x64\epubproj.tests.dll" id="152eb5b1-acde-8c7f-ac48-7c30686525ce">
      <Execution id="79344c62-1887-45da-b14a-64d245a6b46b" />
      <TestMethod codeBase="D:\a\dotnet-monorepo\dotnet-monorepo\src\artifacts\bin\EpubProj.Tests\release_win-x64\EpubProj.Tests.dll" adapterTypeName="executor://mstestadapter/v4" className="EpubProj.Tests.ConverterTests" name="TestConvertRelativeAnchorHref" />
    </UnitTest>
    <UnitTest name="TestConvertRelativeAnchorHref (&quot;test.md&quot;,&quot;test.xhtml&quot;)" storage="d:\a\dotnet-monorepo\dotnet-monorepo\src\artifacts\bin\epubproj.tests\release_win-x64\epubproj.tests.dll" id="10800500-0759-8438-8aaa-54cc590c8f85">
      <Execution id="4ce978f3-b5b4-4571-a262-87e5f46f9f88" />
      <TestMethod codeBase="D:\a\dotnet-monorepo\dotnet-monorepo\src\artifacts\bin\EpubProj.Tests\release_win-x64\EpubProj.Tests.dll" adapterTypeName="executor://mstestadapter/v4" className="EpubProj.Tests.ConverterTests" name="TestConvertRelativeAnchorHref" />
    </UnitTest>
    <UnitTest name="TestConvertRelativeAnchorHref (&quot;test.html&quot;,&quot;test.xhtml&quot;)" storage="d:\a\dotnet-monorepo\dotnet-monorepo\src\artifacts\bin\epubproj.tests\release_win-x64\epubproj.tests.dll" id="1dce7417-a256-8114-b844-2bcac170d324">
      <Execution id="3d6b791d-2300-4c46-a2a6-87d7e9a3647f" />
      <TestMethod codeBase="D:\a\dotnet-monorepo\dotnet-monorepo\src\artifacts\bin\EpubProj.Tests\release_win-x64\EpubProj.Tests.dll" adapterTypeName="executor://mstestadapter/v4" className="EpubProj.Tests.ConverterTests" name="TestConvertRelativeAnchorHref" />
    </UnitTest>
    <UnitTest name="TestConvertRelativeAnchorHref (&quot;test.txt#id&quot;,&quot;test.xhtml#id&quot;)" storage="d:\a\dotnet-monorepo\dotnet-monorepo\src\artifacts\bin\epubproj.tests\release_win-x64\epubproj.tests.dll" id="1b284f47-8e42-8c24-84f7-f9272c756a26">
      <Execution id="9b3151ca-efc7-4220-ad68-2330e8316df0" />
      <TestMethod codeBase="D:\a\dotnet-monorepo\dotnet-monorepo\src\artifacts\bin\EpubProj.Tests\release_win-x64\EpubProj.Tests.dll" adapterTypeName="executor://mstestadapter/v4" className="EpubProj.Tests.ConverterTests" name="TestConvertRelativeAnchorHref" />
    </UnitTest>
    <UnitTest name="TestConvertRelativeAnchorHref (&quot;#id&quot;,&quot;#id&quot;)" storage="d:\a\dotnet-monorepo\dotnet-monorepo\src\artifacts\bin\epubproj.tests\release_win-x64\epubproj.tests.dll" id="1df9ce9e-da7d-8382-80f7-2626f3048fbd">
      <Execution id="c60b81cd-33f9-4734-9389-89ddf6628d6b" />
      <TestMethod codeBase="D:\a\dotnet-monorepo\dotnet-monorepo\src\artifacts\bin\EpubProj.Tests\release_win-x64\EpubProj.Tests.dll" adapterTypeName="executor://mstestadapter/v4" className="EpubProj.Tests.ConverterTests" name="TestConvertRelativeAnchorHref" />
    </UnitTest>
    <UnitTest name="TestConvertRelativeAnchorHref (&quot;test.md#id&quot;,&quot;test.xhtml#id&quot;)" storage="d:\a\dotnet-monorepo\dotnet-monorepo\src\artifacts\bin\epubproj.tests\release_win-x64\epubproj.tests.dll" id="1f2580c1-a323-80f9-8e86-13a1313e7c36">
      <Execution id="40d0ce22-4aa4-48a1-8f86-b1b7a94ee25c" />
      <TestMethod codeBase="D:\a\dotnet-monorepo\dotnet-monorepo\src\artifacts\bin\EpubProj.Tests\release_win-x64\EpubProj.Tests.dll" adapterTypeName="executor://mstestadapter/v4" className="EpubProj.Tests.ConverterTests" name="TestConvertRelativeAnchorHref" />
    </UnitTest>
    <UnitTest name="TestConvertRelativeAnchorHref (&quot;test#id&quot;,&quot;test.xhtml#id&quot;)" storage="d:\a\dotnet-monorepo\dotnet-monorepo\src\artifacts\bin\epubproj.tests\release_win-x64\epubproj.tests.dll" id="16b1ad70-dde2-881a-a898-34f1d755d99c">
      <Execution id="c852009b-9180-45e8-ade1-2579a398e9e2" />
      <TestMethod codeBase="D:\a\dotnet-monorepo\dotnet-monorepo\src\artifacts\bin\EpubProj.Tests\release_win-x64\EpubProj.Tests.dll" adapterTypeName="executor://mstestadapter/v4" className="EpubProj.Tests.ConverterTests" name="TestConvertRelativeAnchorHref" />
    </UnitTest>
    <UnitTest name="TestConvertRelativeAnchorHref (&quot;test.html#id&quot;,&quot;test.xhtml#id&quot;)" storage="d:\a\dotnet-monorepo\dotnet-monorepo\src\artifacts\bin\epubproj.tests\release_win-x64\epubproj.tests.dll" id="1a345c8d-995f-8793-99d4-429781ba1d3d">
      <Execution id="8d49241d-f989-4a08-8765-2ea4f396378f" />
      <TestMethod codeBase="D:\a\dotnet-monorepo\dotnet-monorepo\src\artifacts\bin\EpubProj.Tests\release_win-x64\EpubProj.Tests.dll" adapterTypeName="executor://mstestadapter/v4" className="EpubProj.Tests.ConverterTests" name="TestConvertRelativeAnchorHref" />
    </UnitTest>
  </TestDefinitions>
  <TestEntries>
    <TestEntry testId="10800500-0759-8438-8aaa-54cc590c8f85" executionId="4ce978f3-b5b4-4571-a262-87e5f46f9f88" testListId="8c84fa94-04c1-424b-9868-57a2d4851a1d" />
    <TestEntry testId="1b284f47-8e42-8c24-84f7-f9272c756a26" executionId="9b3151ca-efc7-4220-ad68-2330e8316df0" testListId="8c84fa94-04c1-424b-9868-57a2d4851a1d" />
    <TestEntry testId="1a2a72ca-c499-8d36-b2a6-f613a8f48e24" executionId="8d3eff89-3712-475d-ac30-a2fa28db8719" testListId="8c84fa94-04c1-424b-9868-57a2d4851a1d" />
    <TestEntry testId="17c8acae-7254-8c54-8370-4bf280c0d308" executionId="670fbc0b-d0b4-4d06-a9c8-dcc99067bd5a" testListId="8c84fa94-04c1-424b-9868-57a2d4851a1d" />
    <TestEntry testId="1df9ce9e-da7d-8382-80f7-2626f3048fbd" executionId="c60b81cd-33f9-4734-9389-89ddf6628d6b" testListId="8c84fa94-04c1-424b-9868-57a2d4851a1d" />
    <TestEntry testId="1dce7417-a256-8114-b844-2bcac170d324" executionId="3d6b791d-2300-4c46-a2a6-87d7e9a3647f" testListId="8c84fa94-04c1-424b-9868-57a2d4851a1d" />
    <TestEntry testId="16b1ad70-dde2-881a-a898-34f1d755d99c" executionId="c852009b-9180-45e8-ade1-2579a398e9e2" testListId="8c84fa94-04c1-424b-9868-57a2d4851a1d" />
    <TestEntry testId="1a345c8d-995f-8793-99d4-429781ba1d3d" executionId="8d49241d-f989-4a08-8765-2ea4f396378f" testListId="8c84fa94-04c1-424b-9868-57a2d4851a1d" />
    <TestEntry testId="152eb5b1-acde-8c7f-ac48-7c30686525ce" executionId="79344c62-1887-45da-b14a-64d245a6b46b" testListId="8c84fa94-04c1-424b-9868-57a2d4851a1d" />
    <TestEntry testId="157f72bb-8a23-803e-bb83-f1b9f6c051f1" executionId="f3392beb-bf37-4d7d-92e4-cfed8effdf9d" testListId="8c84fa94-04c1-424b-9868-57a2d4851a1d" />
    <TestEntry testId="1f2580c1-a323-80f9-8e86-13a1313e7c36" executionId="40d0ce22-4aa4-48a1-8f86-b1b7a94ee25c" testListId="8c84fa94-04c1-424b-9868-57a2d4851a1d" />
  </TestEntries>
  <TestLists>
    <TestList name="Results Not in a List" id="8c84fa94-04c1-424b-9868-57a2d4851a1d" />
    <TestList name="All Loaded Results" id="19431567-8539-422a-85d7-44ee4e166bda" />
  </TestLists>
  <ResultSummary outcome="Completed">
    <Counters total="11" executed="11" passed="11" failed="0" error="0" timeout="0" aborted="0" inconclusive="0" passedButRunAborted="0" notRunnable="0" notExecuted="0" disconnected="0" warning="0" completed="0" inProgress="0" pending="0" />
    <Output>
      <StdOut>Test Parallelization enabled for D:\a\dotnet-monorepo\dotnet-monorepo\src\artifacts\bin\EpubProj.Tests\release_win-x64\EpubProj.Tests.dll (Workers: 4, Scope: ClassLevel)&#xD;
</StdOut>
    </Output>
  </ResultSummary>
</TestRun>