<?xml version="1.0" encoding="utf-8"?>
<TestRun id="39d2b1a4-20e1-450e-8e5d-b0a6b98fd985" name="@fv-az2023-66 2025-04-18 22:40:17" xmlns="http://microsoft.com/schemas/VisualStudio/TeamTest/2010">
  <Times creation="2025-04-18T22:40:17.5675434+00:00" queuing="2025-04-18T22:40:17.5675435+00:00" start="2025-04-18T22:40:17.0385451+00:00" finish="2025-04-18T22:40:17.7039510+00:00" />
  <TestSettings name="default" id="64ee7cca-b4a5-4de1-8284-a3836bd4690d">
    <Deployment runDeploymentRoot="_fv-az2023-66_2025-04-18_22_40_17" />
  </TestSettings>
  <Results>
    <UnitTestResult executionId="6bb4b0e3-170f-42f8-a2b5-2162a45c95c9" testId="dafc721a-fc0a-0484-9bd5-7a2ec5a3197f" testName="TestFileStem" computerName="fv-az2023-66" duration="00:00:00.0000538" startTime="2025-04-18T22:40:17.6462329+00:00" endTime="2025-04-18T22:40:17.6463545+00:00" testType="13cdc9d9-ddb5-4fa4-a97d-d965ccfc6d4b" outcome="Passed" testListId="8c84fa94-04c1-424b-9868-57a2d4851a1d" relativeResultsDirectory="6bb4b0e3-170f-42f8-a2b5-2162a45c95c9" />
    <UnitTestResult executionId="dc53b9d1-11f2-4856-9fa0-7789d2242d42" testId="0ecc2e03-b166-5e66-a255-0a8ecc71ea81" testName="TestEmptyFilePaths" computerName="fv-az2023-66" duration="00:00:00.0015977" startTime="2025-04-18T22:40:17.6428795+00:00" endTime="2025-04-18T22:40:17.6446295+00:00" testType="13cdc9d9-ddb5-4fa4-a97d-d965ccfc6d4b" outcome="Passed" testListId="8c84fa94-04c1-424b-9868-57a2d4851a1d" relativeResultsDirectory="dc53b9d1-11f2-4856-9fa0-7789d2242d42" />
    <UnitTestResult executionId="92354db6-5d42-48cc-bef6-f80b323500aa" testId="607da53e-34ec-12fb-53d4-7b9a98141219" testName="TestDeleteAsync" computerName="fv-az2023-66" duration="00:00:00.0005451" startTime="2025-04-18T22:40:17.6370742+00:00" endTime="2025-04-18T22:40:17.6376982+00:00" testType="13cdc9d9-ddb5-4fa4-a97d-d965ccfc6d4b" outcome="Passed" testListId="8c84fa94-04c1-424b-9868-57a2d4851a1d" relativeResultsDirectory="92354db6-5d42-48cc-bef6-f80b323500aa" />
    <UnitTestResult executionId="0744f4a3-d38a-4171-8b39-9eb34b83167a" testId="b414c790-0451-ffab-cace-9828ee75369b" testName="TestEmptyDirectoryPaths" computerName="fv-az2023-66" duration="00:00:00.0004860" startTime="2025-04-18T22:40:17.6446569+00:00" endTime="2025-04-18T22:40:17.6452193+00:00" testType="13cdc9d9-ddb5-4fa4-a97d-d965ccfc6d4b" outcome="Passed" testListId="8c84fa94-04c1-424b-9868-57a2d4851a1d" relativeResultsDirectory="0744f4a3-d38a-4171-8b39-9eb34b83167a" />
    <UnitTestResult executionId="e6751571-d92d-4963-9349-1e3f8d3a1b5e" testId="2e325afd-71c3-c013-f9e9-d25d63271309" testName="TestDirectoryFullPathIsConsistent" computerName="fv-az2023-66" duration="00:00:00.0000179" startTime="2025-04-18T22:40:17.5472360+00:00" endTime="2025-04-18T22:40:17.5473015+00:00" testType="13cdc9d9-ddb5-4fa4-a97d-d965ccfc6d4b" outcome="Passed" testListId="8c84fa94-04c1-424b-9868-57a2d4851a1d" relativeResultsDirectory="e6751571-d92d-4963-9349-1e3f8d3a1b5e" />
    <UnitTestResult executionId="060f36cf-5744-4f66-9562-5c7ffa616c3b" testId="a3803826-329d-dc6f-fc7d-0e02805b706c" testName="TestFileStem" computerName="fv-az2023-66" duration="00:00:00.0000528" startTime="2025-04-18T22:40:17.5457185+00:00" endTime="2025-04-18T22:40:17.5458463+00:00" testType="13cdc9d9-ddb5-4fa4-a97d-d965ccfc6d4b" outcome="Passed" testListId="8c84fa94-04c1-424b-9868-57a2d4851a1d" relativeResultsDirectory="060f36cf-5744-4f66-9562-5c7ffa616c3b" />
    <UnitTestResult executionId="cb331e27-433f-485c-a0a8-3d173d7d384d" testId="ee7e4fee-92ed-61e3-75da-bff49e330275" testName="TestDirectoryFullPathIsConsistent" computerName="fv-az2023-66" duration="00:00:00.0003287" startTime="2025-04-18T22:40:17.5254921+00:00" endTime="2025-04-18T22:40:17.5259480+00:00" testType="13cdc9d9-ddb5-4fa4-a97d-d965ccfc6d4b" outcome="Passed" testListId="8c84fa94-04c1-424b-9868-57a2d4851a1d" relativeResultsDirectory="cb331e27-433f-485c-a0a8-3d173d7d384d" />
    <UnitTestResult executionId="2c5443cb-4c00-420f-8c1d-d2d287a6ff31" testId="a1ac245f-162d-b3d5-902a-73d42908be8b" testName="TestDeleteEmptyPathDirectory" computerName="fv-az2023-66" duration="00:00:00.0006040" startTime="2025-04-18T22:40:17.4934901+00:00" endTime="2025-04-18T22:40:17.4941877+00:00" testType="13cdc9d9-ddb5-4fa4-a97d-d965ccfc6d4b" outcome="Passed" testListId="8c84fa94-04c1-424b-9868-57a2d4851a1d" relativeResultsDirectory="2c5443cb-4c00-420f-8c1d-d2d287a6ff31" />
    <UnitTestResult executionId="5427d199-17b8-4e35-a054-427b24d379a1" testId="618d4b2b-2ac7-22a8-ee48-265a6ddb8150" testName="TestDirectoryName" computerName="fv-az2023-66" duration="00:00:00.0001886" startTime="2025-04-18T22:40:17.4951828+00:00" endTime="2025-04-18T22:40:17.4954477+00:00" testType="13cdc9d9-ddb5-4fa4-a97d-d965ccfc6d4b" outcome="Passed" testListId="8c84fa94-04c1-424b-9868-57a2d4851a1d" relativeResultsDirectory="5427d199-17b8-4e35-a054-427b24d379a1" />
    <UnitTestResult executionId="34720c45-a458-4762-bd41-062e3cbcbc07" testId="64552f8d-56bd-dece-2bde-38ac338fdf57" testName="TestDirectoryEnumerateFilesDirectories (&quot;dir&quot;)" computerName="fv-az2023-66" duration="00:00:00.0018784" startTime="2025-04-18T22:40:17.6493791+00:00" endTime="2025-04-18T22:40:17.6513568+00:00" testType="13cdc9d9-ddb5-4fa4-a97d-d965ccfc6d4b" outcome="Passed" testListId="8c84fa94-04c1-424b-9868-57a2d4851a1d" relativeResultsDirectory="34720c45-a458-4762-bd41-062e3cbcbc07" />
    <UnitTestResult executionId="cd4234af-3dd7-4e0b-beaf-da4628956e22" testId="966fde8d-32df-314c-6115-6a9b32ec93b9" testName="TestRootDirectoryExists" computerName="fv-az2023-66" duration="00:00:00.0000156" startTime="2025-04-18T22:40:17.6492795+00:00" endTime="2025-04-18T22:40:17.6493533+00:00" testType="13cdc9d9-ddb5-4fa4-a97d-d965ccfc6d4b" outcome="Passed" testListId="8c84fa94-04c1-424b-9868-57a2d4851a1d" relativeResultsDirectory="cd4234af-3dd7-4e0b-beaf-da4628956e22" />
    <UnitTestResult executionId="bd270090-8946-484b-a257-001ff1451ed8" testId="c37f7643-1974-730c-ff6e-4fb586696ec1" testName="TestOpenWriteAsync" computerName="fv-az2023-66" duration="00:00:00.0007142" startTime="2025-04-18T22:40:17.6404602+00:00" endTime="2025-04-18T22:40:17.6412500+00:00" testType="13cdc9d9-ddb5-4fa4-a97d-d965ccfc6d4b" outcome="Passed" testListId="8c84fa94-04c1-424b-9868-57a2d4851a1d" relativeResultsDirectory="bd270090-8946-484b-a257-001ff1451ed8" />
    <UnitTestResult executionId="84562695-5548-4525-9938-125ff66a7212" testId="4215e5b5-fc3c-3e4d-30ae-01a50b08f468" testName="TestEmptyDirectoryPaths" computerName="fv-az2023-66" duration="00:00:00.0008241" startTime="2025-04-18T22:40:17.4920613+00:00" endTime="2025-04-18T22:40:17.4932174+00:00" testType="13cdc9d9-ddb5-4fa4-a97d-d965ccfc6d4b" outcome="Passed" testListId="8c84fa94-04c1-424b-9868-57a2d4851a1d" relativeResultsDirectory="84562695-5548-4525-9938-125ff66a7212" />
    <UnitTestResult executionId="6a395e9b-3085-48b9-9eef-fbda6e316f7b" testId="43f0a9d2-6fe6-601a-864c-33da0d2f9754" testName="TestDirectoryEnumerateFilesDirectories (&quot;dir&quot;)" computerName="fv-az2023-66" duration="00:00:00.0023296" startTime="2025-04-18T22:40:17.5300681+00:00" endTime="2025-04-18T22:40:17.5350753+00:00" testType="13cdc9d9-ddb5-4fa4-a97d-d965ccfc6d4b" outcome="Passed" testListId="8c84fa94-04c1-424b-9868-57a2d4851a1d" relativeResultsDirectory="6a395e9b-3085-48b9-9eef-fbda6e316f7b" />
    <UnitTestResult executionId="6166305d-8e79-4522-a40a-7caf51984fda" testId="bda2bfb3-e5c0-2200-50a6-0294fcf407ea" testName="TestEnumerateFilesAsync" computerName="fv-az2023-66" duration="00:00:00.0096074" startTime="2025-04-18T22:40:17.6226232+00:00" endTime="2025-04-18T22:40:17.6323427+00:00" testType="13cdc9d9-ddb5-4fa4-a97d-d965ccfc6d4b" outcome="Passed" testListId="8c84fa94-04c1-424b-9868-57a2d4851a1d" relativeResultsDirectory="6166305d-8e79-4522-a40a-7caf51984fda" />
    <UnitTestResult executionId="e757938d-20a8-4828-9bd0-867b4c595cdb" testId="fca03aaa-9bd0-d573-60dc-d9376c9ea610" testName="TestFileOpenReadWrite" computerName="fv-az2023-66" duration="00:00:00.0003287" startTime="2025-04-18T22:40:17.5517107+00:00" endTime="2025-04-18T22:40:17.5521216+00:00" testType="13cdc9d9-ddb5-4fa4-a97d-d965ccfc6d4b" outcome="Passed" testListId="8c84fa94-04c1-424b-9868-57a2d4851a1d" relativeResultsDirectory="e757938d-20a8-4828-9bd0-867b4c595cdb" />
    <UnitTestResult executionId="9ee56ec2-9f6c-40c9-bbb5-49f1890c2533" testId="8e708a48-e948-fee1-2a70-df94ce5b6a29" testName="TestFileOpenReadWrite" computerName="fv-az2023-66" duration="00:00:00.0010696" startTime="2025-04-18T22:40:17.5397137+00:00" endTime="2025-04-18T22:40:17.5408762+00:00" testType="13cdc9d9-ddb5-4fa4-a97d-d965ccfc6d4b" outcome="Passed" testListId="8c84fa94-04c1-424b-9868-57a2d4851a1d" relativeResultsDirectory="9ee56ec2-9f6c-40c9-bbb5-49f1890c2533" />
    <UnitTestResult executionId="28007457-c6a5-4904-9335-96786583ea80" testId="c901782e-ef1c-b42b-60f1-435a0351d1c3" testName="TestParentDirectory" computerName="fv-az2023-66" duration="00:00:00.0001154" startTime="2025-04-18T22:40:17.6536449+00:00" endTime="2025-04-18T22:40:17.6545420+00:00" testType="13cdc9d9-ddb5-4fa4-a97d-d965ccfc6d4b" outcome="Passed" testListId="8c84fa94-04c1-424b-9868-57a2d4851a1d" relativeResultsDirectory="28007457-c6a5-4904-9335-96786583ea80" />
    <UnitTestResult executionId="7ac4bc4c-f56c-4b13-92bc-69b201c365d4" testId="fe70811c-eba8-dd1f-7c22-0fa4e60d4aa2" testName="TestDirectoryDeleteExistingDirectory" computerName="fv-az2023-66" duration="00:00:00.0000396" startTime="2025-04-18T22:40:17.5481861+00:00" endTime="2025-04-18T22:40:17.5482948+00:00" testType="13cdc9d9-ddb5-4fa4-a97d-d965ccfc6d4b" outcome="Passed" testListId="8c84fa94-04c1-424b-9868-57a2d4851a1d" relativeResultsDirectory="7ac4bc4c-f56c-4b13-92bc-69b201c365d4" />
    <UnitTestResult executionId="53ef001c-12cb-48a9-8702-4349967717d0" testId="f7b478bc-0212-d153-656f-f41f57754de4" testName="TestDirectoryEnumerateFilesDirectoriesNested" computerName="fv-az2023-66" duration="00:00:00.0002017" startTime="2025-04-18T22:40:17.6526897+00:00" endTime="2025-04-18T22:40:17.6529733+00:00" testType="13cdc9d9-ddb5-4fa4-a97d-d965ccfc6d4b" outcome="Passed" testListId="8c84fa94-04c1-424b-9868-57a2d4851a1d" relativeResultsDirectory="53ef001c-12cb-48a9-8702-4349967717d0" />
    <UnitTestResult executionId="75442544-af29-407b-bbe9-62ef0a5b6038" testId="c7897527-4e0e-ad49-b035-f1933297433a" testName="TestFileOpenReadWriteExistingFile" computerName="fv-az2023-66" duration="00:00:00.0000406" startTime="2025-04-18T22:40:17.5521479+00:00" endTime="2025-04-18T22:40:17.5522498+00:00" testType="13cdc9d9-ddb5-4fa4-a97d-d965ccfc6d4b" outcome="Passed" testListId="8c84fa94-04c1-424b-9868-57a2d4851a1d" relativeResultsDirectory="75442544-af29-407b-bbe9-62ef0a5b6038" />
    <UnitTestResult executionId="2dd479d3-c966-437f-8a46-01f60c8b8fbf" testId="1c9877c6-ebfa-9f2c-ee53-ef4e577d1078" testName="TestDeleteAsync" computerName="fv-az2023-66" duration="00:00:00.0005261" startTime="2025-04-18T22:40:17.6422177+00:00" endTime="2025-04-18T22:40:17.6428462+00:00" testType="13cdc9d9-ddb5-4fa4-a97d-d965ccfc6d4b" outcome="Passed" testListId="8c84fa94-04c1-424b-9868-57a2d4851a1d" relativeResultsDirectory="2dd479d3-c966-437f-8a46-01f60c8b8fbf" />
    <UnitTestResult executionId="8314f883-6dd0-47d3-b4f9-17f9f1012d3d" testId="7da6318e-98b7-39f0-4161-e0aaa63e4356" testName="TestFileFullPathIsConsistent" computerName="fv-az2023-66" duration="00:00:00.0002216" startTime="2025-04-18T22:40:17.4957936+00:00" endTime="2025-04-18T22:40:17.4961132+00:00" testType="13cdc9d9-ddb5-4fa4-a97d-d965ccfc6d4b" outcome="Passed" testListId="8c84fa94-04c1-424b-9868-57a2d4851a1d" relativeResultsDirectory="8314f883-6dd0-47d3-b4f9-17f9f1012d3d" />
    <UnitTestResult executionId="64017673-f8b4-4a6c-a703-b925d55e66fb" testId="6e5b91a2-6a19-9c04-8737-fad3d45dfaa1" testName="TestFileExtension" computerName="fv-az2023-66" duration="00:00:00.0000802" startTime="2025-04-18T22:40:17.5467472+00:00" endTime="2025-04-18T22:40:17.5469071+00:00" testType="13cdc9d9-ddb5-4fa4-a97d-d965ccfc6d4b" outcome="Passed" testListId="8c84fa94-04c1-424b-9868-57a2d4851a1d" relativeResultsDirectory="64017673-f8b4-4a6c-a703-b925d55e66fb" />
    <UnitTestResult executionId="4ecc7e9a-fde5-4abb-ab20-fec4688f71cf" testId="125bc9fc-30db-ee48-7efe-8896541b5651" testName="TestFileName" computerName="fv-az2023-66" duration="00:00:00.0000802" startTime="2025-04-18T22:40:17.6460380+00:00" endTime="2025-04-18T22:40:17.6462015+00:00" testType="13cdc9d9-ddb5-4fa4-a97d-d965ccfc6d4b" outcome="Passed" testListId="8c84fa94-04c1-424b-9868-57a2d4851a1d" relativeResultsDirectory="4ecc7e9a-fde5-4abb-ab20-fec4688f71cf" />
    <UnitTestResult executionId="09bc5578-3a49-4c3d-8b48-74382b0650d6" testId="a0d6016a-1d15-01ec-b35a-338af9cc5112" testName="TestDeleteNonExistent" computerName="fv-az2023-66" duration="00:00:00.0000298" startTime="2025-04-18T22:40:17.5480711+00:00" endTime="2025-04-18T22:40:17.5481657+00:00" testType="13cdc9d9-ddb5-4fa4-a97d-d965ccfc6d4b" outcome="Passed" testListId="8c84fa94-04c1-424b-9868-57a2d4851a1d" relativeResultsDirectory="09bc5578-3a49-4c3d-8b48-74382b0650d6" />
    <UnitTestResult executionId="27549ad8-22e8-4522-8dfb-624d96792004" testId="1e8ef867-c861-69f4-badf-30af80491de8" testName="TestParentDirectory" computerName="fv-az2023-66" duration="00:00:00.0008541" startTime="2025-04-18T22:40:17.5422954+00:00" endTime="2025-04-18T22:40:17.5433204+00:00" testType="13cdc9d9-ddb5-4fa4-a97d-d965ccfc6d4b" outcome="Passed" testListId="8c84fa94-04c1-424b-9868-57a2d4851a1d" relativeResultsDirectory="27549ad8-22e8-4522-8dfb-624d96792004" />
    <UnitTestResult executionId="0e638e28-ba5c-40d8-b716-4f287febdf86" testId="797b8a01-8186-1169-ecab-9b51ad970e5d" testName="TestDirectoryName" computerName="fv-az2023-66" duration="00:00:00.0000195" startTime="2025-04-18T22:40:17.5469396+00:00" endTime="2025-04-18T22:40:17.5470191+00:00" testType="13cdc9d9-ddb5-4fa4-a97d-d965ccfc6d4b" outcome="Passed" testListId="8c84fa94-04c1-424b-9868-57a2d4851a1d" relativeResultsDirectory="0e638e28-ba5c-40d8-b716-4f287febdf86" />
    <UnitTestResult executionId="6b5e9db3-5e39-4069-be8c-ce7149b67a41" testId="0e088d27-c7d7-0291-d4f0-8f7b1d9da554" testName="TestDirectoryCreate" computerName="fv-az2023-66" duration="00:00:00.0012954" startTime="2025-04-18T22:40:17.5259866+00:00" endTime="2025-04-18T22:40:17.5273779+00:00" testType="13cdc9d9-ddb5-4fa4-a97d-d965ccfc6d4b" outcome="Passed" testListId="8c84fa94-04c1-424b-9868-57a2d4851a1d" relativeResultsDirectory="6b5e9db3-5e39-4069-be8c-ce7149b67a41" />
    <UnitTestResult executionId="d2a26291-0492-4594-99b3-362db3096e4f" testId="87471bd0-b3d5-4af4-a468-43e113ade7fe" testName="TestFileDelete" computerName="fv-az2023-66" duration="00:00:00.0000414" startTime="2025-04-18T22:40:17.6535228+00:00" endTime="2025-04-18T22:40:17.6536242+00:00" testType="13cdc9d9-ddb5-4fa4-a97d-d965ccfc6d4b" outcome="Passed" testListId="8c84fa94-04c1-424b-9868-57a2d4851a1d" relativeResultsDirectory="d2a26291-0492-4594-99b3-362db3096e4f" />
    <UnitTestResult executionId="9b1bbd05-0949-4642-841c-af39cac73e03" testId="cd0078b3-4b7f-1e54-2b47-dac01f923d15" testName="TestDirectoryNameWithDot" computerName="fv-az2023-66" duration="00:00:00.0002151" startTime="2025-04-18T22:40:17.4954775+00:00" endTime="2025-04-18T22:40:17.4957694+00:00" testType="13cdc9d9-ddb5-4fa4-a97d-d965ccfc6d4b" outcome="Passed" testListId="8c84fa94-04c1-424b-9868-57a2d4851a1d" relativeResultsDirectory="9b1bbd05-0949-4642-841c-af39cac73e03" />
    <UnitTestResult executionId="522ec4dc-5d0b-4890-8c31-0abf0deaecad" testId="f8c037a4-86a1-940c-dee2-3812680c280a" testName="TestDirectoryEnumerateFilesDirectories (&quot;&quot;)" computerName="fv-az2023-66" duration="00:00:00.0005447" startTime="2025-04-18T22:40:17.5351088+00:00" endTime="2025-04-18T22:40:17.5357891+00:00" testType="13cdc9d9-ddb5-4fa4-a97d-d965ccfc6d4b" outcome="Passed" testListId="8c84fa94-04c1-424b-9868-57a2d4851a1d" relativeResultsDirectory="522ec4dc-5d0b-4890-8c31-0abf0deaecad" />
    <UnitTestResult executionId="585521b9-e467-4e44-b044-38ef68562ee0" testId="009a2387-0a42-469f-a4ba-4b5d7815ce64" testName="TestDeleteNonExistent" computerName="fv-az2023-66" duration="00:00:00.0002942" startTime="2025-04-18T22:40:17.5288673+00:00" endTime="2025-04-18T22:40:17.5292398+00:00" testType="13cdc9d9-ddb5-4fa4-a97d-d965ccfc6d4b" outcome="Passed" testListId="8c84fa94-04c1-424b-9868-57a2d4851a1d" relativeResultsDirectory="585521b9-e467-4e44-b044-38ef68562ee0" />
    <UnitTestResult executionId="af24bde1-ee8e-4156-8a83-073f1e960c36" testId="3fbe1aef-c231-36db-e42e-599bf3f74565" testName="TestDeleteEmptyPathDirectory" computerName="fv-az2023-66" duration="00:00:00.0006824" startTime="2025-04-18T22:40:17.6452538+00:00" endTime="2025-04-18T22:40:17.6460124+00:00" testType="13cdc9d9-ddb5-4fa4-a97d-d965ccfc6d4b" outcome="Passed" testListId="8c84fa94-04c1-424b-9868-57a2d4851a1d" relativeResultsDirectory="af24bde1-ee8e-4156-8a83-073f1e960c36" />
    <UnitTestResult executionId="73a4e230-9d09-44ed-88cb-701143b847ed" testId="eff7da53-f6a7-63b0-cc4f-2e2f7ff54c59" testName="TestDirectoryCreateExisting" computerName="fv-az2023-66" duration="00:00:00.0001917" startTime="2025-04-18T22:40:17.6487186+00:00" endTime="2025-04-18T22:40:17.6489928+00:00" testType="13cdc9d9-ddb5-4fa4-a97d-d965ccfc6d4b" outcome="Passed" testListId="8c84fa94-04c1-424b-9868-57a2d4851a1d" relativeResultsDirectory="73a4e230-9d09-44ed-88cb-701143b847ed" />
    <UnitTestResult executionId="f22fe6e5-266c-4523-8642-dfe2a4334038" testId="8b81bd82-dc36-2cda-229b-b5072167dddf" testName="TestFileFullPathIsConsistent" computerName="fv-az2023-66" duration="00:00:00.0000234" startTime="2025-04-18T22:40:17.6476887+00:00" endTime="2025-04-18T22:40:17.6477890+00:00" testType="13cdc9d9-ddb5-4fa4-a97d-d965ccfc6d4b" outcome="Passed" testListId="8c84fa94-04c1-424b-9868-57a2d4851a1d" relativeResultsDirectory="f22fe6e5-266c-4523-8642-dfe2a4334038" />
    <UnitTestResult executionId="cfe29f55-5325-4e23-b4ca-45b7c94c8403" testId="6de70bcc-1fd5-fee6-1433-0f0245c25247" testName="TestFileExtension" computerName="fv-az2023-66" duration="00:00:00.0002206" startTime="2025-04-18T22:40:17.4948661+00:00" endTime="2025-04-18T22:40:17.4951576+00:00" testType="13cdc9d9-ddb5-4fa4-a97d-d965ccfc6d4b" outcome="Passed" testListId="8c84fa94-04c1-424b-9868-57a2d4851a1d" relativeResultsDirectory="cfe29f55-5325-4e23-b4ca-45b7c94c8403" />
    <UnitTestResult executionId="1ca2398e-96e6-4ef4-b6f3-b7318b58f47b" testId="ff3ef572-f71c-5031-deee-22a40c319a7b" testName="TestRootDirectoryExists" computerName="fv-az2023-66" duration="00:00:00.0002144" startTime="2025-04-18T22:40:17.5297572+00:00" endTime="2025-04-18T22:40:17.5300414+00:00" testType="13cdc9d9-ddb5-4fa4-a97d-d965ccfc6d4b" outcome="Passed" testListId="8c84fa94-04c1-424b-9868-57a2d4851a1d" relativeResultsDirectory="1ca2398e-96e6-4ef4-b6f3-b7318b58f47b" />
    <UnitTestResult executionId="c5236599-d75e-4350-a217-1ff53e09e056" testId="aa3761b1-576e-01f7-d173-14568b628a0e" testName="TestRootDirectoryExists" computerName="fv-az2023-66" duration="00:00:00.0000156" startTime="2025-04-18T22:40:17.5491735+00:00" endTime="2025-04-18T22:40:17.5492715+00:00" testType="13cdc9d9-ddb5-4fa4-a97d-d965ccfc6d4b" outcome="Passed" testListId="8c84fa94-04c1-424b-9868-57a2d4851a1d" relativeResultsDirectory="c5236599-d75e-4350-a217-1ff53e09e056" />
    <UnitTestResult executionId="2e340664-5edf-4407-b37e-ec5681cf8892" testId="1e71ad58-a0ad-4cd0-0218-6a992bf4f71a" testName="TestDirectoryNameWithDot" computerName="fv-az2023-66" duration="00:00:00.0000168" startTime="2025-04-18T22:40:17.5470388+00:00" endTime="2025-04-18T22:40:17.5471249+00:00" testType="13cdc9d9-ddb5-4fa4-a97d-d965ccfc6d4b" outcome="Passed" testListId="8c84fa94-04c1-424b-9868-57a2d4851a1d" relativeResultsDirectory="2e340664-5edf-4407-b37e-ec5681cf8892" />
    <UnitTestResult executionId="287210d2-c759-46ec-9065-cfc0a7c49c71" testId="24b7a9df-0abd-14f1-06c9-9d72cbf192b3" testName="TestFileName" computerName="fv-az2023-66" duration="00:00:00.0002187" startTime="2025-04-18T22:40:17.4942135+00:00" endTime="2025-04-18T22:40:17.4945020+00:00" testType="13cdc9d9-ddb5-4fa4-a97d-d965ccfc6d4b" outcome="Passed" testListId="8c84fa94-04c1-424b-9868-57a2d4851a1d" relativeResultsDirectory="287210d2-c759-46ec-9065-cfc0a7c49c71" />
    <UnitTestResult executionId="f11da554-8760-47ae-9f0b-14a535e8a912" testId="910e1179-c618-ac81-88d3-77979d52ca2e" testName="TestExistsAsync (True)" computerName="fv-az2023-66" duration="00:00:00.0666570" startTime="2025-04-18T22:40:17.5527397+00:00" endTime="2025-04-18T22:40:17.6198848+00:00" testType="13cdc9d9-ddb5-4fa4-a97d-d965ccfc6d4b" outcome="Passed" testListId="8c84fa94-04c1-424b-9868-57a2d4851a1d" relativeResultsDirectory="f11da554-8760-47ae-9f0b-14a535e8a912" />
    <UnitTestResult executionId="644add47-4598-4421-950e-fbf095147c10" testId="6cfcf509-16b7-8279-725f-a4ce45ea80aa" testName="TestExistsAsync (False)" computerName="fv-az2023-66" duration="00:00:00.0002757" startTime="2025-04-18T22:40:17.6386575+00:00" endTime="2025-04-18T22:40:17.6390260+00:00" testType="13cdc9d9-ddb5-4fa4-a97d-d965ccfc6d4b" outcome="Passed" testListId="8c84fa94-04c1-424b-9868-57a2d4851a1d" relativeResultsDirectory="644add47-4598-4421-950e-fbf095147c10" />
    <UnitTestResult executionId="0ff7594e-1dec-4795-b08b-64e1178619ce" testId="9011c160-8b72-47ef-0b19-f1ac4fafc464" testName="TestFileDelete" computerName="fv-az2023-66" duration="00:00:00.0000993" startTime="2025-04-18T22:40:17.5522703+00:00" endTime="2025-04-18T22:40:17.5524430+00:00" testType="13cdc9d9-ddb5-4fa4-a97d-d965ccfc6d4b" outcome="Passed" testListId="8c84fa94-04c1-424b-9868-57a2d4851a1d" relativeResultsDirectory="0ff7594e-1dec-4795-b08b-64e1178619ce" />
    <UnitTestResult executionId="b2187944-4af2-4cf6-9ddb-790c5309f5c8" testId="49fe5267-fc48-c49a-f934-3af546ee163f" testName="TestCreateAsync" computerName="fv-az2023-66" duration="00:00:00.0026126" startTime="2025-04-18T22:40:17.6343561+00:00" endTime="2025-04-18T22:40:17.6370470+00:00" testType="13cdc9d9-ddb5-4fa4-a97d-d965ccfc6d4b" outcome="Passed" testListId="8c84fa94-04c1-424b-9868-57a2d4851a1d" relativeResultsDirectory="b2187944-4af2-4cf6-9ddb-790c5309f5c8" />
    <UnitTestResult executionId="d6ca2d7b-2077-4e44-a7d8-a978a47ecf1d" testId="9a8424cd-4f80-220e-7900-daa37175ddae" testName="TestDirectoryCreate" computerName="fv-az2023-66" duration="00:00:00.0003631" startTime="2025-04-18T22:40:17.5473191+00:00" endTime="2025-04-18T22:40:17.5477638+00:00" testType="13cdc9d9-ddb5-4fa4-a97d-d965ccfc6d4b" outcome="Passed" testListId="8c84fa94-04c1-424b-9868-57a2d4851a1d" relativeResultsDirectory="d6ca2d7b-2077-4e44-a7d8-a978a47ecf1d" />
    <UnitTestResult executionId="75edd052-c081-45fb-883d-a350b6e3329a" testId="f8e7277d-d9f8-29f5-60e4-5fbb63d964ed" testName="TestFileName" computerName="fv-az2023-66" duration="00:00:00.0000212" startTime="2025-04-18T22:40:17.5455933+00:00" endTime="2025-04-18T22:40:17.5456976+00:00" testType="13cdc9d9-ddb5-4fa4-a97d-d965ccfc6d4b" outcome="Passed" testListId="8c84fa94-04c1-424b-9868-57a2d4851a1d" relativeResultsDirectory="75edd052-c081-45fb-883d-a350b6e3329a" />
    <UnitTestResult executionId="49f634ac-65be-41ad-a235-e748d677d474" testId="a89f0bbf-e5bb-9494-34d2-174c60a99834" testName="TestExistsAsync (True)" computerName="fv-az2023-66" duration="00:00:00.0007071" startTime="2025-04-18T22:40:17.6377256+00:00" endTime="2025-04-18T22:40:17.6386308+00:00" testType="13cdc9d9-ddb5-4fa4-a97d-d965ccfc6d4b" outcome="Passed" testListId="8c84fa94-04c1-424b-9868-57a2d4851a1d" relativeResultsDirectory="49f634ac-65be-41ad-a235-e748d677d474" />
    <UnitTestResult executionId="93ab811e-9c88-4ad9-9d9d-a9161d0c248c" testId="d4d986da-d4bd-08f4-57b5-191f12483e46" testName="TestEmptyDirectoryPaths" computerName="fv-az2023-66" duration="00:00:00.0004968" startTime="2025-04-18T22:40:17.5445518+00:00" endTime="2025-04-18T22:40:17.5451202+00:00" testType="13cdc9d9-ddb5-4fa4-a97d-d965ccfc6d4b" outcome="Passed" testListId="8c84fa94-04c1-424b-9868-57a2d4851a1d" relativeResultsDirectory="93ab811e-9c88-4ad9-9d9d-a9161d0c248c" />
    <UnitTestResult executionId="d66658c2-2f2a-440f-a25a-52e1b2f56030" testId="08e0f610-476a-cb6d-5d83-04cfa0bb5513" testName="TestDirectoryEnumerateFilesDirectories (&quot;&quot;)" computerName="fv-az2023-66" duration="00:00:00.0002134" startTime="2025-04-18T22:40:17.6513842+00:00" endTime="2025-04-18T22:40:17.6517081+00:00" testType="13cdc9d9-ddb5-4fa4-a97d-d965ccfc6d4b" outcome="Passed" testListId="8c84fa94-04c1-424b-9868-57a2d4851a1d" relativeResultsDirectory="d66658c2-2f2a-440f-a25a-52e1b2f56030" />
    <UnitTestResult executionId="2412ea1a-a619-4871-a65a-38aceaf030d4" testId="30b186da-9a79-931d-4ee5-ecdfe5db3c76" testName="TestEmptyFilePaths" computerName="fv-az2023-66" duration="00:00:00.0010259" startTime="2025-04-18T22:40:17.5433485+00:00" endTime="2025-04-18T22:40:17.5445177+00:00" testType="13cdc9d9-ddb5-4fa4-a97d-d965ccfc6d4b" outcome="Passed" testListId="8c84fa94-04c1-424b-9868-57a2d4851a1d" relativeResultsDirectory="2412ea1a-a619-4871-a65a-38aceaf030d4" />
    <UnitTestResult executionId="acaaa760-96a8-456f-a6cd-e72e9ccf0f24" testId="5b8af763-c9e7-a7dc-38c5-6c93729daebf" testName="TestDirectoryCreateExisting" computerName="fv-az2023-66" duration="00:00:00.0001415" startTime="2025-04-18T22:40:17.5477896+00:00" endTime="2025-04-18T22:40:17.5480381+00:00" testType="13cdc9d9-ddb5-4fa4-a97d-d965ccfc6d4b" outcome="Passed" testListId="8c84fa94-04c1-424b-9868-57a2d4851a1d" relativeResultsDirectory="acaaa760-96a8-456f-a6cd-e72e9ccf0f24" />
    <UnitTestResult executionId="d5e66b5c-69c8-4d46-a2da-62292bad112b" testId="18605d5f-4c35-09c6-72ca-211e48b57479" testName="TestEmptyFilePaths" computerName="fv-az2023-66" duration="00:00:00.0066594" startTime="2025-04-18T22:40:17.4684484+00:00" endTime="2025-04-18T22:40:17.4883071+00:00" testType="13cdc9d9-ddb5-4fa4-a97d-d965ccfc6d4b" outcome="Passed" testListId="8c84fa94-04c1-424b-9868-57a2d4851a1d" relativeResultsDirectory="d5e66b5c-69c8-4d46-a2da-62292bad112b" />
    <UnitTestResult executionId="09444264-f115-4aa5-afef-c9943fc67051" testId="0da9f8a8-e657-b210-b5f3-ec83c8497b26" testName="TestFileStem" computerName="fv-az2023-66" duration="00:00:00.0001932" startTime="2025-04-18T22:40:17.4945266+00:00" endTime="2025-04-18T22:40:17.4948075+00:00" testType="13cdc9d9-ddb5-4fa4-a97d-d965ccfc6d4b" outcome="Passed" testListId="8c84fa94-04c1-424b-9868-57a2d4851a1d" relativeResultsDirectory="09444264-f115-4aa5-afef-c9943fc67051" />
    <UnitTestResult executionId="51a9d03d-0fc5-4546-acdb-08945939536a" testId="1534deb5-67ec-434a-e4c4-2a3259f0bb39" testName="TestFileOpenReadWrite" computerName="fv-az2023-66" duration="00:00:00.0001659" startTime="2025-04-18T22:40:17.6530027+00:00" endTime="2025-04-18T22:40:17.6532488+00:00" testType="13cdc9d9-ddb5-4fa4-a97d-d965ccfc6d4b" outcome="Passed" testListId="8c84fa94-04c1-424b-9868-57a2d4851a1d" relativeResultsDirectory="51a9d03d-0fc5-4546-acdb-08945939536a" />
    <UnitTestResult executionId="e1c1838c-fab1-4a66-9b47-b2e49618d554" testId="40b81683-78f2-804b-e88e-f90513574e2a" testName="TestDirectoryDeleteExistingDirectory" computerName="fv-az2023-66" duration="00:00:00.0000497" startTime="2025-04-18T22:40:17.6491427+00:00" endTime="2025-04-18T22:40:17.6492582+00:00" testType="13cdc9d9-ddb5-4fa4-a97d-d965ccfc6d4b" outcome="Passed" testListId="8c84fa94-04c1-424b-9868-57a2d4851a1d" relativeResultsDirectory="e1c1838c-fab1-4a66-9b47-b2e49618d554" />
    <UnitTestResult executionId="3ad7134e-8e60-46d5-bd2a-838bac2d08ae" testId="bacbbd13-aba6-615b-798e-fa63927d70ae" testName="TestDirectoryEnumerateFilesDirectories (&quot;dir&quot;)" computerName="fv-az2023-66" duration="00:00:00.0017298" startTime="2025-04-18T22:40:17.5492959+00:00" endTime="2025-04-18T22:40:17.5511287+00:00" testType="13cdc9d9-ddb5-4fa4-a97d-d965ccfc6d4b" outcome="Passed" testListId="8c84fa94-04c1-424b-9868-57a2d4851a1d" relativeResultsDirectory="3ad7134e-8e60-46d5-bd2a-838bac2d08ae" />
    <UnitTestResult executionId="e4cc8047-72db-4b8c-8334-d84f61c6883e" testId="02f617f7-c2f8-ea60-5be7-c053e0a3cf57" testName="TestDeleteEmptyPathDirectory" computerName="fv-az2023-66" duration="00:00:00.0003375" startTime="2025-04-18T22:40:17.5451534+00:00" endTime="2025-04-18T22:40:17.5455674+00:00" testType="13cdc9d9-ddb5-4fa4-a97d-d965ccfc6d4b" outcome="Passed" testListId="8c84fa94-04c1-424b-9868-57a2d4851a1d" relativeResultsDirectory="e4cc8047-72db-4b8c-8334-d84f61c6883e" />
    <UnitTestResult executionId="fc6cce98-ee0f-4e1b-84ca-be62a85871ae" testId="df1b3604-ffd3-14ba-042b-94c14c177176" testName="TestDirectoryCreate" computerName="fv-az2023-66" duration="00:00:00.0006653" startTime="2025-04-18T22:40:17.6479500+00:00" endTime="2025-04-18T22:40:17.6486928+00:00" testType="13cdc9d9-ddb5-4fa4-a97d-d965ccfc6d4b" outcome="Passed" testListId="8c84fa94-04c1-424b-9868-57a2d4851a1d" relativeResultsDirectory="fc6cce98-ee0f-4e1b-84ca-be62a85871ae" />
    <UnitTestResult executionId="4638bbd2-adef-4381-acae-f6525f45750b" testId="80da2137-b6cc-609b-971f-7e7a4fdb564d" testName="TestFileOpenReadWriteExistingFile" computerName="fv-az2023-66" duration="00:00:00.0007850" startTime="2025-04-18T22:40:17.5409036+00:00" endTime="2025-04-18T22:40:17.5417803+00:00" testType="13cdc9d9-ddb5-4fa4-a97d-d965ccfc6d4b" outcome="Passed" testListId="8c84fa94-04c1-424b-9868-57a2d4851a1d" relativeResultsDirectory="4638bbd2-adef-4381-acae-f6525f45750b" />
    <UnitTestResult executionId="d5be9064-977b-4d17-94a3-7e84553fe2d6" testId="51e79817-9cb4-c803-a9cd-be62c5643252" testName="TestDirectoryNameWithDot" computerName="fv-az2023-66" duration="00:00:00.0000224" startTime="2025-04-18T22:40:17.6466733+00:00" endTime="2025-04-18T22:40:17.6467562+00:00" testType="13cdc9d9-ddb5-4fa4-a97d-d965ccfc6d4b" outcome="Passed" testListId="8c84fa94-04c1-424b-9868-57a2d4851a1d" relativeResultsDirectory="d5be9064-977b-4d17-94a3-7e84553fe2d6" />
    <UnitTestResult executionId="c89f7561-876d-4138-87ee-269b32bbdd16" testId="45544f1a-d7a2-d9e7-5fa3-60036434748b" testName="TestDirectoryFullPathIsConsistent" computerName="fv-az2023-66" duration="00:00:00.0000268" startTime="2025-04-18T22:40:17.6478184+00:00" endTime="2025-04-18T22:40:17.6479285+00:00" testType="13cdc9d9-ddb5-4fa4-a97d-d965ccfc6d4b" outcome="Passed" testListId="8c84fa94-04c1-424b-9868-57a2d4851a1d" relativeResultsDirectory="c89f7561-876d-4138-87ee-269b32bbdd16" />
    <UnitTestResult executionId="96bc26ee-6394-4781-a5b4-491d3c72541e" testId="1f720387-7182-1f7e-79cf-5e42f1b3a177" testName="TestOpenReadAsync" computerName="fv-az2023-66" duration="00:00:00.0013088" startTime="2025-04-18T22:40:17.6390584+00:00" endTime="2025-04-18T22:40:17.6404339+00:00" testType="13cdc9d9-ddb5-4fa4-a97d-d965ccfc6d4b" outcome="Passed" testListId="8c84fa94-04c1-424b-9868-57a2d4851a1d" relativeResultsDirectory="96bc26ee-6394-4781-a5b4-491d3c72541e" />
    <UnitTestResult executionId="950e1f8f-9227-4cac-93d7-b18f0d838a7b" testId="0f1da9e6-1cbf-8583-2f6b-0061293bebf8" testName="TestEnumerateDirectoriesAsync" computerName="fv-az2023-66" duration="00:00:00.0018427" startTime="2025-04-18T22:40:17.6323901+00:00" endTime="2025-04-18T22:40:17.6343267+00:00" testType="13cdc9d9-ddb5-4fa4-a97d-d965ccfc6d4b" outcome="Passed" testListId="8c84fa94-04c1-424b-9868-57a2d4851a1d" relativeResultsDirectory="950e1f8f-9227-4cac-93d7-b18f0d838a7b" />
    <UnitTestResult executionId="788bbdfd-e282-4adc-aed2-a6d6a017d08d" testId="9fab18c8-de42-5edf-89cb-38fe842efdcb" testName="TestDirectoryEnumerateFilesDirectoriesNested" computerName="fv-az2023-66" duration="00:00:00.0001136" startTime="2025-04-18T22:40:17.5514833+00:00" endTime="2025-04-18T22:40:17.5516694+00:00" testType="13cdc9d9-ddb5-4fa4-a97d-d965ccfc6d4b" outcome="Passed" testListId="8c84fa94-04c1-424b-9868-57a2d4851a1d" relativeResultsDirectory="788bbdfd-e282-4adc-aed2-a6d6a017d08d" />
    <UnitTestResult executionId="3c3bbb7a-abad-42df-83e7-90dc0fc326ab" testId="9ee8bdb3-752d-d7fa-92e7-baaf5a6a275d" testName="TestExistsAsync (False)" computerName="fv-az2023-66" duration="00:00:00.0014202" startTime="2025-04-18T22:40:17.6209825+00:00" endTime="2025-04-18T22:40:17.6225720+00:00" testType="13cdc9d9-ddb5-4fa4-a97d-d965ccfc6d4b" outcome="Passed" testListId="8c84fa94-04c1-424b-9868-57a2d4851a1d" relativeResultsDirectory="3c3bbb7a-abad-42df-83e7-90dc0fc326ab" />
    <UnitTestResult executionId="60af9a25-3ff6-49d7-8fbd-57ae00075be3" testId="824069aa-83cd-e2df-af5a-d971bcf9e8ee" testName="TestDeleteNonExistent" computerName="fv-az2023-66" duration="00:00:00.0000344" startTime="2025-04-18T22:40:17.6490175+00:00" endTime="2025-04-18T22:40:17.6491167+00:00" testType="13cdc9d9-ddb5-4fa4-a97d-d965ccfc6d4b" outcome="Passed" testListId="8c84fa94-04c1-424b-9868-57a2d4851a1d" relativeResultsDirectory="60af9a25-3ff6-49d7-8fbd-57ae00075be3" />
    <UnitTestResult executionId="ef2544b4-45c2-470c-bac3-99f96456d401" testId="a29289ea-bc1d-0083-5118-54a12526b8af" testName="TestDirectoryCreateExisting" computerName="fv-az2023-66" duration="00:00:00.0013089" startTime="2025-04-18T22:40:17.5274193+00:00" endTime="2025-04-18T22:40:17.5288088+00:00" testType="13cdc9d9-ddb5-4fa4-a97d-d965ccfc6d4b" outcome="Passed" testListId="8c84fa94-04c1-424b-9868-57a2d4851a1d" relativeResultsDirectory="ef2544b4-45c2-470c-bac3-99f96456d401" />
    <UnitTestResult executionId="8c588728-60b6-4a44-9957-fd7197cd6b0b" testId="cef74505-0de5-871e-983a-ff75ebac7980" testName="TestFileExtension" computerName="fv-az2023-66" duration="00:00:00.0000503" startTime="2025-04-18T22:40:17.6463774+00:00" endTime="2025-04-18T22:40:17.6464919+00:00" testType="13cdc9d9-ddb5-4fa4-a97d-d965ccfc6d4b" outcome="Passed" testListId="8c84fa94-04c1-424b-9868-57a2d4851a1d" relativeResultsDirectory="8c588728-60b6-4a44-9957-fd7197cd6b0b" />
    <UnitTestResult executionId="0d658e7a-734a-4926-9ae8-42d64f4c58cb" testId="de3b2480-d479-605b-e08b-e52b3f60032b" testName="TestDirectoryName" computerName="fv-az2023-66" duration="00:00:00.0000519" startTime="2025-04-18T22:40:17.6465194+00:00" endTime="2025-04-18T22:40:17.6466508+00:00" testType="13cdc9d9-ddb5-4fa4-a97d-d965ccfc6d4b" outcome="Passed" testListId="8c84fa94-04c1-424b-9868-57a2d4851a1d" relativeResultsDirectory="0d658e7a-734a-4926-9ae8-42d64f4c58cb" />
    <UnitTestResult executionId="6410e990-e4a9-4bba-a760-b9ce2fd60122" testId="7d7edaab-f11c-42a8-dc0e-01ee01112f84" testName="TestFileOpenReadWriteExistingFile" computerName="fv-az2023-66" duration="00:00:00.0001445" startTime="2025-04-18T22:40:17.6532734+00:00" endTime="2025-04-18T22:40:17.6534932+00:00" testType="13cdc9d9-ddb5-4fa4-a97d-d965ccfc6d4b" outcome="Passed" testListId="8c84fa94-04c1-424b-9868-57a2d4851a1d" relativeResultsDirectory="6410e990-e4a9-4bba-a760-b9ce2fd60122" />
    <UnitTestResult executionId="a494da61-54ff-497c-9752-5c7882cb8046" testId="f64eab59-d366-aa12-22f3-ad8e634f95d1" testName="TestFileDelete" computerName="fv-az2023-66" duration="00:00:00.0003562" startTime="2025-04-18T22:40:17.5418058+00:00" endTime="2025-04-18T22:40:17.5422634+00:00" testType="13cdc9d9-ddb5-4fa4-a97d-d965ccfc6d4b" outcome="Passed" testListId="8c84fa94-04c1-424b-9868-57a2d4851a1d" relativeResultsDirectory="a494da61-54ff-497c-9752-5c7882cb8046" />
    <UnitTestResult executionId="a7e29a06-66a3-4038-b1b6-c41c465dfd82" testId="79c4ff89-0797-e74c-0eb1-6195164e4436" testName="TestParentDirectory" computerName="fv-az2023-66" duration="00:00:00.0001639" startTime="2025-04-18T22:40:17.5524765+00:00" endTime="2025-04-18T22:40:17.5527135+00:00" testType="13cdc9d9-ddb5-4fa4-a97d-d965ccfc6d4b" outcome="Passed" testListId="8c84fa94-04c1-424b-9868-57a2d4851a1d" relativeResultsDirectory="a7e29a06-66a3-4038-b1b6-c41c465dfd82" />
    <UnitTestResult executionId="50f96e98-dcd2-4f82-b071-b5105683f1a3" testId="7eb76f2c-21a5-f549-3581-458e2d90bb4e" testName="TestDirectoryEnumerateFilesDirectoriesNested" computerName="fv-az2023-66" duration="00:00:00.0019403" startTime="2025-04-18T22:40:17.5358146+00:00" endTime="2025-04-18T22:40:17.5378783+00:00" testType="13cdc9d9-ddb5-4fa4-a97d-d965ccfc6d4b" outcome="Passed" testListId="8c84fa94-04c1-424b-9868-57a2d4851a1d" relativeResultsDirectory="50f96e98-dcd2-4f82-b071-b5105683f1a3" />
    <UnitTestResult executionId="61c9ecc9-8de6-489a-a58d-99bd169a1c30" testId="2b565eab-d7f1-591c-d1b8-d74976982623" testName="TestDirectoryEnumerateFilesDirectories (&quot;&quot;)" computerName="fv-az2023-66" duration="00:00:00.0001852" startTime="2025-04-18T22:40:17.5511567+00:00" endTime="2025-04-18T22:40:17.5514574+00:00" testType="13cdc9d9-ddb5-4fa4-a97d-d965ccfc6d4b" outcome="Passed" testListId="8c84fa94-04c1-424b-9868-57a2d4851a1d" relativeResultsDirectory="61c9ecc9-8de6-489a-a58d-99bd169a1c30" />
    <UnitTestResult executionId="f7888c33-e56d-40aa-8366-37d03d2b0f09" testId="4f6773f6-14de-a05b-1a5d-745be43beb3f" testName="TestFileFullPathIsConsistent" computerName="fv-az2023-66" duration="00:00:00.0000143" startTime="2025-04-18T22:40:17.5471450+00:00" endTime="2025-04-18T22:40:17.5472181+00:00" testType="13cdc9d9-ddb5-4fa4-a97d-d965ccfc6d4b" outcome="Passed" testListId="8c84fa94-04c1-424b-9868-57a2d4851a1d" relativeResultsDirectory="f7888c33-e56d-40aa-8366-37d03d2b0f09" />
    <UnitTestResult executionId="60c6c58b-5666-4ec8-8272-acd528789160" testId="109778f8-1a3f-c921-f480-5b33ec9e404c" testName="TestDirectoryDeleteExistingDirectory" computerName="fv-az2023-66" duration="00:00:00.0003662" startTime="2025-04-18T22:40:17.5292671+00:00" endTime="2025-04-18T22:40:17.5297296+00:00" testType="13cdc9d9-ddb5-4fa4-a97d-d965ccfc6d4b" outcome="Passed" testListId="8c84fa94-04c1-424b-9868-57a2d4851a1d" relativeResultsDirectory="60c6c58b-5666-4ec8-8272-acd528789160" />
  </Results>
  <TestDefinitions>
    <UnitTest name="TestFileOpenReadWriteExistingFile" storage="/home/runner/work/dotnet-monorepo/dotnet-monorepo/src/artifacts/bin/filestorage.tests/release_linux-x64/filestorage.tests.dll" id="c7897527-4e0e-ad49-b035-f1933297433a">
      <Execution id="75442544-af29-407b-bbe9-62ef0a5b6038" />
      <TestMethod codeBase="/home/runner/work/dotnet-monorepo/dotnet-monorepo/src/artifacts/bin/FileStorage.Tests/release_linux-x64/FileStorage.Tests.dll" adapterTypeName="executor://mstestadapter/v2" className="FileStorage.Tests.MemoryFileStorageTests" name="TestFileOpenReadWriteExistingFile" />
    </UnitTest>
    <UnitTest name="TestFileFullPathIsConsistent" storage="/home/runner/work/dotnet-monorepo/dotnet-monorepo/src/artifacts/bin/filestorage.tests/release_linux-x64/filestorage.tests.dll" id="7da6318e-98b7-39f0-4161-e0aaa63e4356">
      <Execution id="8314f883-6dd0-47d3-b4f9-17f9f1012d3d" />
      <TestMethod codeBase="/home/runner/work/dotnet-monorepo/dotnet-monorepo/src/artifacts/bin/FileStorage.Tests/release_linux-x64/FileStorage.Tests.dll" adapterTypeName="executor://mstestadapter/v2" className="FileStorage.Tests.FilesystemFileStorageTests" name="TestFileFullPathIsConsistent" />
    </UnitTest>
    <UnitTest name="TestDeleteEmptyPathDirectory" storage="/home/runner/work/dotnet-monorepo/dotnet-monorepo/src/artifacts/bin/filestorage.tests/release_linux-x64/filestorage.tests.dll" id="3fbe1aef-c231-36db-e42e-599bf3f74565">
      <Execution id="af24bde1-ee8e-4156-8a83-073f1e960c36" />
      <TestMethod codeBase="/home/runner/work/dotnet-monorepo/dotnet-monorepo/src/artifacts/bin/FileStorage.Tests/release_linux-x64/FileStorage.Tests.dll" adapterTypeName="executor://mstestadapter/v2" className="FileStorage.Tests.ZipFileStorageTests" name="TestDeleteEmptyPathDirectory" />
    </UnitTest>
    <UnitTest name="TestDirectoryName" storage="/home/runner/work/dotnet-monorepo/dotnet-monorepo/src/artifacts/bin/filestorage.tests/release_linux-x64/filestorage.tests.dll" id="618d4b2b-2ac7-22a8-ee48-265a6ddb8150">
      <Execution id="5427d199-17b8-4e35-a054-427b24d379a1" />
      <TestMethod codeBase="/home/runner/work/dotnet-monorepo/dotnet-monorepo/src/artifacts/bin/FileStorage.Tests/release_linux-x64/FileStorage.Tests.dll" adapterTypeName="executor://mstestadapter/v2" className="FileStorage.Tests.FilesystemFileStorageTests" name="TestDirectoryName" />
    </UnitTest>
    <UnitTest name="TestEmptyFilePaths" storage="/home/runner/work/dotnet-monorepo/dotnet-monorepo/src/artifacts/bin/filestorage.tests/release_linux-x64/filestorage.tests.dll" id="18605d5f-4c35-09c6-72ca-211e48b57479">
      <Execution id="d5e66b5c-69c8-4d46-a2da-62292bad112b" />
      <TestMethod codeBase="/home/runner/work/dotnet-monorepo/dotnet-monorepo/src/artifacts/bin/FileStorage.Tests/release_linux-x64/FileStorage.Tests.dll" adapterTypeName="executor://mstestadapter/v2" className="FileStorage.Tests.FilesystemFileStorageTests" name="TestEmptyFilePaths" />
    </UnitTest>
    <UnitTest name="TestFileOpenReadWrite" storage="/home/runner/work/dotnet-monorepo/dotnet-monorepo/src/artifacts/bin/filestorage.tests/release_linux-x64/filestorage.tests.dll" id="1534deb5-67ec-434a-e4c4-2a3259f0bb39">
      <Execution id="51a9d03d-0fc5-4546-acdb-08945939536a" />
      <TestMethod codeBase="/home/runner/work/dotnet-monorepo/dotnet-monorepo/src/artifacts/bin/FileStorage.Tests/release_linux-x64/FileStorage.Tests.dll" adapterTypeName="executor://mstestadapter/v2" className="FileStorage.Tests.ZipFileStorageTests" name="TestFileOpenReadWrite" />
    </UnitTest>
    <UnitTest name="TestDirectoryNameWithDot" storage="/home/runner/work/dotnet-monorepo/dotnet-monorepo/src/artifacts/bin/filestorage.tests/release_linux-x64/filestorage.tests.dll" id="1e71ad58-a0ad-4cd0-0218-6a992bf4f71a">
      <Execution id="2e340664-5edf-4407-b37e-ec5681cf8892" />
      <TestMethod codeBase="/home/runner/work/dotnet-monorepo/dotnet-monorepo/src/artifacts/bin/FileStorage.Tests/release_linux-x64/FileStorage.Tests.dll" adapterTypeName="executor://mstestadapter/v2" className="FileStorage.Tests.MemoryFileStorageTests" name="TestDirectoryNameWithDot" />
    </UnitTest>
    <UnitTest name="TestFileOpenReadWrite" storage="/home/runner/work/dotnet-monorepo/dotnet-monorepo/src/artifacts/bin/filestorage.tests/release_linux-x64/filestorage.tests.dll" id="8e708a48-e948-fee1-2a70-df94ce5b6a29">
      <Execution id="9ee56ec2-9f6c-40c9-bbb5-49f1890c2533" />
      <TestMethod codeBase="/home/runner/work/dotnet-monorepo/dotnet-monorepo/src/artifacts/bin/FileStorage.Tests/release_linux-x64/FileStorage.Tests.dll" adapterTypeName="executor://mstestadapter/v2" className="FileStorage.Tests.FilesystemFileStorageTests" name="TestFileOpenReadWrite" />
    </UnitTest>
    <UnitTest name="TestDirectoryCreateExisting" storage="/home/runner/work/dotnet-monorepo/dotnet-monorepo/src/artifacts/bin/filestorage.tests/release_linux-x64/filestorage.tests.dll" id="a29289ea-bc1d-0083-5118-54a12526b8af">
      <Execution id="ef2544b4-45c2-470c-bac3-99f96456d401" />
      <TestMethod codeBase="/home/runner/work/dotnet-monorepo/dotnet-monorepo/src/artifacts/bin/FileStorage.Tests/release_linux-x64/FileStorage.Tests.dll" adapterTypeName="executor://mstestadapter/v2" className="FileStorage.Tests.FilesystemFileStorageTests" name="TestDirectoryCreateExisting" />
    </UnitTest>
    <UnitTest name="TestDirectoryEnumerateFilesDirectoriesNested" storage="/home/runner/work/dotnet-monorepo/dotnet-monorepo/src/artifacts/bin/filestorage.tests/release_linux-x64/filestorage.tests.dll" id="7eb76f2c-21a5-f549-3581-458e2d90bb4e">
      <Execution id="50f96e98-dcd2-4f82-b071-b5105683f1a3" />
      <TestMethod codeBase="/home/runner/work/dotnet-monorepo/dotnet-monorepo/src/artifacts/bin/FileStorage.Tests/release_linux-x64/FileStorage.Tests.dll" adapterTypeName="executor://mstestadapter/v2" className="FileStorage.Tests.FilesystemFileStorageTests" name="TestDirectoryEnumerateFilesDirectoriesNested" />
    </UnitTest>
    <UnitTest name="TestEmptyDirectoryPaths" storage="/home/runner/work/dotnet-monorepo/dotnet-monorepo/src/artifacts/bin/filestorage.tests/release_linux-x64/filestorage.tests.dll" id="d4d986da-d4bd-08f4-57b5-191f12483e46">
      <Execution id="93ab811e-9c88-4ad9-9d9d-a9161d0c248c" />
      <TestMethod codeBase="/home/runner/work/dotnet-monorepo/dotnet-monorepo/src/artifacts/bin/FileStorage.Tests/release_linux-x64/FileStorage.Tests.dll" adapterTypeName="executor://mstestadapter/v2" className="FileStorage.Tests.MemoryFileStorageTests" name="TestEmptyDirectoryPaths" />
    </UnitTest>
    <UnitTest name="TestExistsAsync (True)" storage="/home/runner/work/dotnet-monorepo/dotnet-monorepo/src/artifacts/bin/filestorage.tests/release_linux-x64/filestorage.tests.dll" id="910e1179-c618-ac81-88d3-77979d52ca2e">
      <Execution id="f11da554-8760-47ae-9f0b-14a535e8a912" />
      <TestMethod codeBase="/home/runner/work/dotnet-monorepo/dotnet-monorepo/src/artifacts/bin/FileStorage.Tests/release_linux-x64/FileStorage.Tests.dll" adapterTypeName="executor://mstestadapter/v2" className="FileStorage.Tests.SyncToAsyncDirectoryAdapterTests" name="TestExistsAsync" />
    </UnitTest>
    <UnitTest name="TestDirectoryEnumerateFilesDirectories (&quot;dir&quot;)" storage="/home/runner/work/dotnet-monorepo/dotnet-monorepo/src/artifacts/bin/filestorage.tests/release_linux-x64/filestorage.tests.dll" id="bacbbd13-aba6-615b-798e-fa63927d70ae">
      <Execution id="3ad7134e-8e60-46d5-bd2a-838bac2d08ae" />
      <TestMethod codeBase="/home/runner/work/dotnet-monorepo/dotnet-monorepo/src/artifacts/bin/FileStorage.Tests/release_linux-x64/FileStorage.Tests.dll" adapterTypeName="executor://mstestadapter/v2" className="FileStorage.Tests.MemoryFileStorageTests" name="TestDirectoryEnumerateFilesDirectories" />
    </UnitTest>
    <UnitTest name="TestDirectoryName" storage="/home/runner/work/dotnet-monorepo/dotnet-monorepo/src/artifacts/bin/filestorage.tests/release_linux-x64/filestorage.tests.dll" id="797b8a01-8186-1169-ecab-9b51ad970e5d">
      <Execution id="0e638e28-ba5c-40d8-b716-4f287febdf86" />
      <TestMethod codeBase="/home/runner/work/dotnet-monorepo/dotnet-monorepo/src/artifacts/bin/FileStorage.Tests/release_linux-x64/FileStorage.Tests.dll" adapterTypeName="executor://mstestadapter/v2" className="FileStorage.Tests.MemoryFileStorageTests" name="TestDirectoryName" />
    </UnitTest>
    <UnitTest name="TestRootDirectoryExists" storage="/home/runner/work/dotnet-monorepo/dotnet-monorepo/src/artifacts/bin/filestorage.tests/release_linux-x64/filestorage.tests.dll" id="966fde8d-32df-314c-6115-6a9b32ec93b9">
      <Execution id="cd4234af-3dd7-4e0b-beaf-da4628956e22" />
      <TestMethod codeBase="/home/runner/work/dotnet-monorepo/dotnet-monorepo/src/artifacts/bin/FileStorage.Tests/release_linux-x64/FileStorage.Tests.dll" adapterTypeName="executor://mstestadapter/v2" className="FileStorage.Tests.ZipFileStorageTests" name="TestRootDirectoryExists" />
    </UnitTest>
    <UnitTest name="TestFileName" storage="/home/runner/work/dotnet-monorepo/dotnet-monorepo/src/artifacts/bin/filestorage.tests/release_linux-x64/filestorage.tests.dll" id="125bc9fc-30db-ee48-7efe-8896541b5651">
      <Execution id="4ecc7e9a-fde5-4abb-ab20-fec4688f71cf" />
      <TestMethod codeBase="/home/runner/work/dotnet-monorepo/dotnet-monorepo/src/artifacts/bin/FileStorage.Tests/release_linux-x64/FileStorage.Tests.dll" adapterTypeName="executor://mstestadapter/v2" className="FileStorage.Tests.ZipFileStorageTests" name="TestFileName" />
    </UnitTest>
    <UnitTest name="TestEmptyFilePaths" storage="/home/runner/work/dotnet-monorepo/dotnet-monorepo/src/artifacts/bin/filestorage.tests/release_linux-x64/filestorage.tests.dll" id="0ecc2e03-b166-5e66-a255-0a8ecc71ea81">
      <Execution id="dc53b9d1-11f2-4856-9fa0-7789d2242d42" />
      <TestMethod codeBase="/home/runner/work/dotnet-monorepo/dotnet-monorepo/src/artifacts/bin/FileStorage.Tests/release_linux-x64/FileStorage.Tests.dll" adapterTypeName="executor://mstestadapter/v2" className="FileStorage.Tests.ZipFileStorageTests" name="TestEmptyFilePaths" />
    </UnitTest>
    <UnitTest name="TestDirectoryNameWithDot" storage="/home/runner/work/dotnet-monorepo/dotnet-monorepo/src/artifacts/bin/filestorage.tests/release_linux-x64/filestorage.tests.dll" id="cd0078b3-4b7f-1e54-2b47-dac01f923d15">
      <Execution id="9b1bbd05-0949-4642-841c-af39cac73e03" />
      <TestMethod codeBase="/home/runner/work/dotnet-monorepo/dotnet-monorepo/src/artifacts/bin/FileStorage.Tests/release_linux-x64/FileStorage.Tests.dll" adapterTypeName="executor://mstestadapter/v2" className="FileStorage.Tests.FilesystemFileStorageTests" name="TestDirectoryNameWithDot" />
    </UnitTest>
    <UnitTest name="TestDirectoryCreate" storage="/home/runner/work/dotnet-monorepo/dotnet-monorepo/src/artifacts/bin/filestorage.tests/release_linux-x64/filestorage.tests.dll" id="9a8424cd-4f80-220e-7900-daa37175ddae">
      <Execution id="d6ca2d7b-2077-4e44-a7d8-a978a47ecf1d" />
      <TestMethod codeBase="/home/runner/work/dotnet-monorepo/dotnet-monorepo/src/artifacts/bin/FileStorage.Tests/release_linux-x64/FileStorage.Tests.dll" adapterTypeName="executor://mstestadapter/v2" className="FileStorage.Tests.MemoryFileStorageTests" name="TestDirectoryCreate" />
    </UnitTest>
    <UnitTest name="TestFileOpenReadWrite" storage="/home/runner/work/dotnet-monorepo/dotnet-monorepo/src/artifacts/bin/filestorage.tests/release_linux-x64/filestorage.tests.dll" id="fca03aaa-9bd0-d573-60dc-d9376c9ea610">
      <Execution id="e757938d-20a8-4828-9bd0-867b4c595cdb" />
      <TestMethod codeBase="/home/runner/work/dotnet-monorepo/dotnet-monorepo/src/artifacts/bin/FileStorage.Tests/release_linux-x64/FileStorage.Tests.dll" adapterTypeName="executor://mstestadapter/v2" className="FileStorage.Tests.MemoryFileStorageTests" name="TestFileOpenReadWrite" />
    </UnitTest>
    <UnitTest name="TestDirectoryEnumerateFilesDirectoriesNested" storage="/home/runner/work/dotnet-monorepo/dotnet-monorepo/src/artifacts/bin/filestorage.tests/release_linux-x64/filestorage.tests.dll" id="f7b478bc-0212-d153-656f-f41f57754de4">
      <Execution id="53ef001c-12cb-48a9-8702-4349967717d0" />
      <TestMethod codeBase="/home/runner/work/dotnet-monorepo/dotnet-monorepo/src/artifacts/bin/FileStorage.Tests/release_linux-x64/FileStorage.Tests.dll" adapterTypeName="executor://mstestadapter/v2" className="FileStorage.Tests.ZipFileStorageTests" name="TestDirectoryEnumerateFilesDirectoriesNested" />
    </UnitTest>
    <UnitTest name="TestDirectoryCreateExisting" storage="/home/runner/work/dotnet-monorepo/dotnet-monorepo/src/artifacts/bin/filestorage.tests/release_linux-x64/filestorage.tests.dll" id="eff7da53-f6a7-63b0-cc4f-2e2f7ff54c59">
      <Execution id="73a4e230-9d09-44ed-88cb-701143b847ed" />
      <TestMethod codeBase="/home/runner/work/dotnet-monorepo/dotnet-monorepo/src/artifacts/bin/FileStorage.Tests/release_linux-x64/FileStorage.Tests.dll" adapterTypeName="executor://mstestadapter/v2" className="FileStorage.Tests.ZipFileStorageTests" name="TestDirectoryCreateExisting" />
    </UnitTest>
    <UnitTest name="TestDirectoryName" storage="/home/runner/work/dotnet-monorepo/dotnet-monorepo/src/artifacts/bin/filestorage.tests/release_linux-x64/filestorage.tests.dll" id="de3b2480-d479-605b-e08b-e52b3f60032b">
      <Execution id="0d658e7a-734a-4926-9ae8-42d64f4c58cb" />
      <TestMethod codeBase="/home/runner/work/dotnet-monorepo/dotnet-monorepo/src/artifacts/bin/FileStorage.Tests/release_linux-x64/FileStorage.Tests.dll" adapterTypeName="executor://mstestadapter/v2" className="FileStorage.Tests.ZipFileStorageTests" name="TestDirectoryName" />
    </UnitTest>
    <UnitTest name="TestEnumerateFilesAsync" storage="/home/runner/work/dotnet-monorepo/dotnet-monorepo/src/artifacts/bin/filestorage.tests/release_linux-x64/filestorage.tests.dll" id="bda2bfb3-e5c0-2200-50a6-0294fcf407ea">
      <Execution id="6166305d-8e79-4522-a40a-7caf51984fda" />
      <TestMethod codeBase="/home/runner/work/dotnet-monorepo/dotnet-monorepo/src/artifacts/bin/FileStorage.Tests/release_linux-x64/FileStorage.Tests.dll" adapterTypeName="executor://mstestadapter/v2" className="FileStorage.Tests.SyncToAsyncDirectoryAdapterTests" name="TestEnumerateFilesAsync" />
    </UnitTest>
    <UnitTest name="TestEmptyDirectoryPaths" storage="/home/runner/work/dotnet-monorepo/dotnet-monorepo/src/artifacts/bin/filestorage.tests/release_linux-x64/filestorage.tests.dll" id="4215e5b5-fc3c-3e4d-30ae-01a50b08f468">
      <Execution id="84562695-5548-4525-9938-125ff66a7212" />
      <TestMethod codeBase="/home/runner/work/dotnet-monorepo/dotnet-monorepo/src/artifacts/bin/FileStorage.Tests/release_linux-x64/FileStorage.Tests.dll" adapterTypeName="executor://mstestadapter/v2" className="FileStorage.Tests.FilesystemFileStorageTests" name="TestEmptyDirectoryPaths" />
    </UnitTest>
    <UnitTest name="TestFileStem" storage="/home/runner/work/dotnet-monorepo/dotnet-monorepo/src/artifacts/bin/filestorage.tests/release_linux-x64/filestorage.tests.dll" id="a3803826-329d-dc6f-fc7d-0e02805b706c">
      <Execution id="060f36cf-5744-4f66-9562-5c7ffa616c3b" />
      <TestMethod codeBase="/home/runner/work/dotnet-monorepo/dotnet-monorepo/src/artifacts/bin/FileStorage.Tests/release_linux-x64/FileStorage.Tests.dll" adapterTypeName="executor://mstestadapter/v2" className="FileStorage.Tests.MemoryFileStorageTests" name="TestFileStem" />
    </UnitTest>
    <UnitTest name="TestFileDelete" storage="/home/runner/work/dotnet-monorepo/dotnet-monorepo/src/artifacts/bin/filestorage.tests/release_linux-x64/filestorage.tests.dll" id="9011c160-8b72-47ef-0b19-f1ac4fafc464">
      <Execution id="0ff7594e-1dec-4795-b08b-64e1178619ce" />
      <TestMethod codeBase="/home/runner/work/dotnet-monorepo/dotnet-monorepo/src/artifacts/bin/FileStorage.Tests/release_linux-x64/FileStorage.Tests.dll" adapterTypeName="executor://mstestadapter/v2" className="FileStorage.Tests.MemoryFileStorageTests" name="TestFileDelete" />
    </UnitTest>
    <UnitTest name="TestDirectoryDeleteExistingDirectory" storage="/home/runner/work/dotnet-monorepo/dotnet-monorepo/src/artifacts/bin/filestorage.tests/release_linux-x64/filestorage.tests.dll" id="40b81683-78f2-804b-e88e-f90513574e2a">
      <Execution id="e1c1838c-fab1-4a66-9b47-b2e49618d554" />
      <TestMethod codeBase="/home/runner/work/dotnet-monorepo/dotnet-monorepo/src/artifacts/bin/FileStorage.Tests/release_linux-x64/FileStorage.Tests.dll" adapterTypeName="executor://mstestadapter/v2" className="FileStorage.Tests.ZipFileStorageTests" name="TestDirectoryDeleteExistingDirectory" />
    </UnitTest>
    <UnitTest name="TestFileStem" storage="/home/runner/work/dotnet-monorepo/dotnet-monorepo/src/artifacts/bin/filestorage.tests/release_linux-x64/filestorage.tests.dll" id="0da9f8a8-e657-b210-b5f3-ec83c8497b26">
      <Execution id="09444264-f115-4aa5-afef-c9943fc67051" />
      <TestMethod codeBase="/home/runner/work/dotnet-monorepo/dotnet-monorepo/src/artifacts/bin/FileStorage.Tests/release_linux-x64/FileStorage.Tests.dll" adapterTypeName="executor://mstestadapter/v2" className="FileStorage.Tests.FilesystemFileStorageTests" name="TestFileStem" />
    </UnitTest>
    <UnitTest name="TestRootDirectoryExists" storage="/home/runner/work/dotnet-monorepo/dotnet-monorepo/src/artifacts/bin/filestorage.tests/release_linux-x64/filestorage.tests.dll" id="ff3ef572-f71c-5031-deee-22a40c319a7b">
      <Execution id="1ca2398e-96e6-4ef4-b6f3-b7318b58f47b" />
      <TestMethod codeBase="/home/runner/work/dotnet-monorepo/dotnet-monorepo/src/artifacts/bin/FileStorage.Tests/release_linux-x64/FileStorage.Tests.dll" adapterTypeName="executor://mstestadapter/v2" className="FileStorage.Tests.FilesystemFileStorageTests" name="TestRootDirectoryExists" />
    </UnitTest>
    <UnitTest name="TestDeleteEmptyPathDirectory" storage="/home/runner/work/dotnet-monorepo/dotnet-monorepo/src/artifacts/bin/filestorage.tests/release_linux-x64/filestorage.tests.dll" id="a1ac245f-162d-b3d5-902a-73d42908be8b">
      <Execution id="2c5443cb-4c00-420f-8c1d-d2d287a6ff31" />
      <TestMethod codeBase="/home/runner/work/dotnet-monorepo/dotnet-monorepo/src/artifacts/bin/FileStorage.Tests/release_linux-x64/FileStorage.Tests.dll" adapterTypeName="executor://mstestadapter/v2" className="FileStorage.Tests.FilesystemFileStorageTests" name="TestDeleteEmptyPathDirectory" />
    </UnitTest>
    <UnitTest name="TestFileExtension" storage="/home/runner/work/dotnet-monorepo/dotnet-monorepo/src/artifacts/bin/filestorage.tests/release_linux-x64/filestorage.tests.dll" id="6e5b91a2-6a19-9c04-8737-fad3d45dfaa1">
      <Execution id="64017673-f8b4-4a6c-a703-b925d55e66fb" />
      <TestMethod codeBase="/home/runner/work/dotnet-monorepo/dotnet-monorepo/src/artifacts/bin/FileStorage.Tests/release_linux-x64/FileStorage.Tests.dll" adapterTypeName="executor://mstestadapter/v2" className="FileStorage.Tests.MemoryFileStorageTests" name="TestFileExtension" />
    </UnitTest>
    <UnitTest name="TestFileName" storage="/home/runner/work/dotnet-monorepo/dotnet-monorepo/src/artifacts/bin/filestorage.tests/release_linux-x64/filestorage.tests.dll" id="f8e7277d-d9f8-29f5-60e4-5fbb63d964ed">
      <Execution id="75edd052-c081-45fb-883d-a350b6e3329a" />
      <TestMethod codeBase="/home/runner/work/dotnet-monorepo/dotnet-monorepo/src/artifacts/bin/FileStorage.Tests/release_linux-x64/FileStorage.Tests.dll" adapterTypeName="executor://mstestadapter/v2" className="FileStorage.Tests.MemoryFileStorageTests" name="TestFileName" />
    </UnitTest>
    <UnitTest name="TestCreateAsync" storage="/home/runner/work/dotnet-monorepo/dotnet-monorepo/src/artifacts/bin/filestorage.tests/release_linux-x64/filestorage.tests.dll" id="49fe5267-fc48-c49a-f934-3af546ee163f">
      <Execution id="b2187944-4af2-4cf6-9ddb-790c5309f5c8" />
      <TestMethod codeBase="/home/runner/work/dotnet-monorepo/dotnet-monorepo/src/artifacts/bin/FileStorage.Tests/release_linux-x64/FileStorage.Tests.dll" adapterTypeName="executor://mstestadapter/v2" className="FileStorage.Tests.SyncToAsyncDirectoryAdapterTests" name="TestCreateAsync" />
    </UnitTest>
    <UnitTest name="TestParentDirectory" storage="/home/runner/work/dotnet-monorepo/dotnet-monorepo/src/artifacts/bin/filestorage.tests/release_linux-x64/filestorage.tests.dll" id="79c4ff89-0797-e74c-0eb1-6195164e4436">
      <Execution id="a7e29a06-66a3-4038-b1b6-c41c465dfd82" />
      <TestMethod codeBase="/home/runner/work/dotnet-monorepo/dotnet-monorepo/src/artifacts/bin/FileStorage.Tests/release_linux-x64/FileStorage.Tests.dll" adapterTypeName="executor://mstestadapter/v2" className="FileStorage.Tests.MemoryFileStorageTests" name="TestParentDirectory" />
    </UnitTest>
    <UnitTest name="TestDirectoryCreate" storage="/home/runner/work/dotnet-monorepo/dotnet-monorepo/src/artifacts/bin/filestorage.tests/release_linux-x64/filestorage.tests.dll" id="0e088d27-c7d7-0291-d4f0-8f7b1d9da554">
      <Execution id="6b5e9db3-5e39-4069-be8c-ce7149b67a41" />
      <TestMethod codeBase="/home/runner/work/dotnet-monorepo/dotnet-monorepo/src/artifacts/bin/FileStorage.Tests/release_linux-x64/FileStorage.Tests.dll" adapterTypeName="executor://mstestadapter/v2" className="FileStorage.Tests.FilesystemFileStorageTests" name="TestDirectoryCreate" />
    </UnitTest>
    <UnitTest name="TestFileOpenReadWriteExistingFile" storage="/home/runner/work/dotnet-monorepo/dotnet-monorepo/src/artifacts/bin/filestorage.tests/release_linux-x64/filestorage.tests.dll" id="7d7edaab-f11c-42a8-dc0e-01ee01112f84">
      <Execution id="6410e990-e4a9-4bba-a760-b9ce2fd60122" />
      <TestMethod codeBase="/home/runner/work/dotnet-monorepo/dotnet-monorepo/src/artifacts/bin/FileStorage.Tests/release_linux-x64/FileStorage.Tests.dll" adapterTypeName="executor://mstestadapter/v2" className="FileStorage.Tests.ZipFileStorageTests" name="TestFileOpenReadWriteExistingFile" />
    </UnitTest>
    <UnitTest name="TestEnumerateDirectoriesAsync" storage="/home/runner/work/dotnet-monorepo/dotnet-monorepo/src/artifacts/bin/filestorage.tests/release_linux-x64/filestorage.tests.dll" id="0f1da9e6-1cbf-8583-2f6b-0061293bebf8">
      <Execution id="950e1f8f-9227-4cac-93d7-b18f0d838a7b" />
      <TestMethod codeBase="/home/runner/work/dotnet-monorepo/dotnet-monorepo/src/artifacts/bin/FileStorage.Tests/release_linux-x64/FileStorage.Tests.dll" adapterTypeName="executor://mstestadapter/v2" className="FileStorage.Tests.SyncToAsyncDirectoryAdapterTests" name="TestEnumerateDirectoriesAsync" />
    </UnitTest>
    <UnitTest name="TestExistsAsync (False)" storage="/home/runner/work/dotnet-monorepo/dotnet-monorepo/src/artifacts/bin/filestorage.tests/release_linux-x64/filestorage.tests.dll" id="9ee8bdb3-752d-d7fa-92e7-baaf5a6a275d">
      <Execution id="3c3bbb7a-abad-42df-83e7-90dc0fc326ab" />
      <TestMethod codeBase="/home/runner/work/dotnet-monorepo/dotnet-monorepo/src/artifacts/bin/FileStorage.Tests/release_linux-x64/FileStorage.Tests.dll" adapterTypeName="executor://mstestadapter/v2" className="FileStorage.Tests.SyncToAsyncDirectoryAdapterTests" name="TestExistsAsync" />
    </UnitTest>
    <UnitTest name="TestDirectoryEnumerateFilesDirectories (&quot;&quot;)" storage="/home/runner/work/dotnet-monorepo/dotnet-monorepo/src/artifacts/bin/filestorage.tests/release_linux-x64/filestorage.tests.dll" id="f8c037a4-86a1-940c-dee2-3812680c280a">
      <Execution id="522ec4dc-5d0b-4890-8c31-0abf0deaecad" />
      <TestMethod codeBase="/home/runner/work/dotnet-monorepo/dotnet-monorepo/src/artifacts/bin/FileStorage.Tests/release_linux-x64/FileStorage.Tests.dll" adapterTypeName="executor://mstestadapter/v2" className="FileStorage.Tests.FilesystemFileStorageTests" name="TestDirectoryEnumerateFilesDirectories" />
    </UnitTest>
    <UnitTest name="TestDirectoryNameWithDot" storage="/home/runner/work/dotnet-monorepo/dotnet-monorepo/src/artifacts/bin/filestorage.tests/release_linux-x64/filestorage.tests.dll" id="51e79817-9cb4-c803-a9cd-be62c5643252">
      <Execution id="d5be9064-977b-4d17-94a3-7e84553fe2d6" />
      <TestMethod codeBase="/home/runner/work/dotnet-monorepo/dotnet-monorepo/src/artifacts/bin/FileStorage.Tests/release_linux-x64/FileStorage.Tests.dll" adapterTypeName="executor://mstestadapter/v2" className="FileStorage.Tests.ZipFileStorageTests" name="TestDirectoryNameWithDot" />
    </UnitTest>
    <UnitTest name="TestDirectoryCreateExisting" storage="/home/runner/work/dotnet-monorepo/dotnet-monorepo/src/artifacts/bin/filestorage.tests/release_linux-x64/filestorage.tests.dll" id="5b8af763-c9e7-a7dc-38c5-6c93729daebf">
      <Execution id="acaaa760-96a8-456f-a6cd-e72e9ccf0f24" />
      <TestMethod codeBase="/home/runner/work/dotnet-monorepo/dotnet-monorepo/src/artifacts/bin/FileStorage.Tests/release_linux-x64/FileStorage.Tests.dll" adapterTypeName="executor://mstestadapter/v2" className="FileStorage.Tests.MemoryFileStorageTests" name="TestDirectoryCreateExisting" />
    </UnitTest>
    <UnitTest name="TestEmptyFilePaths" storage="/home/runner/work/dotnet-monorepo/dotnet-monorepo/src/artifacts/bin/filestorage.tests/release_linux-x64/filestorage.tests.dll" id="30b186da-9a79-931d-4ee5-ecdfe5db3c76">
      <Execution id="2412ea1a-a619-4871-a65a-38aceaf030d4" />
      <TestMethod codeBase="/home/runner/work/dotnet-monorepo/dotnet-monorepo/src/artifacts/bin/FileStorage.Tests/release_linux-x64/FileStorage.Tests.dll" adapterTypeName="executor://mstestadapter/v2" className="FileStorage.Tests.MemoryFileStorageTests" name="TestEmptyFilePaths" />
    </UnitTest>
    <UnitTest name="TestDeleteEmptyPathDirectory" storage="/home/runner/work/dotnet-monorepo/dotnet-monorepo/src/artifacts/bin/filestorage.tests/release_linux-x64/filestorage.tests.dll" id="02f617f7-c2f8-ea60-5be7-c053e0a3cf57">
      <Execution id="e4cc8047-72db-4b8c-8334-d84f61c6883e" />
      <TestMethod codeBase="/home/runner/work/dotnet-monorepo/dotnet-monorepo/src/artifacts/bin/FileStorage.Tests/release_linux-x64/FileStorage.Tests.dll" adapterTypeName="executor://mstestadapter/v2" className="FileStorage.Tests.MemoryFileStorageTests" name="TestDeleteEmptyPathDirectory" />
    </UnitTest>
    <UnitTest name="TestDirectoryFullPathIsConsistent" storage="/home/runner/work/dotnet-monorepo/dotnet-monorepo/src/artifacts/bin/filestorage.tests/release_linux-x64/filestorage.tests.dll" id="2e325afd-71c3-c013-f9e9-d25d63271309">
      <Execution id="e6751571-d92d-4963-9349-1e3f8d3a1b5e" />
      <TestMethod codeBase="/home/runner/work/dotnet-monorepo/dotnet-monorepo/src/artifacts/bin/FileStorage.Tests/release_linux-x64/FileStorage.Tests.dll" adapterTypeName="executor://mstestadapter/v2" className="FileStorage.Tests.MemoryFileStorageTests" name="TestDirectoryFullPathIsConsistent" />
    </UnitTest>
    <UnitTest name="TestDirectoryEnumerateFilesDirectories (&quot;&quot;)" storage="/home/runner/work/dotnet-monorepo/dotnet-monorepo/src/artifacts/bin/filestorage.tests/release_linux-x64/filestorage.tests.dll" id="08e0f610-476a-cb6d-5d83-04cfa0bb5513">
      <Execution id="d66658c2-2f2a-440f-a25a-52e1b2f56030" />
      <TestMethod codeBase="/home/runner/work/dotnet-monorepo/dotnet-monorepo/src/artifacts/bin/FileStorage.Tests/release_linux-x64/FileStorage.Tests.dll" adapterTypeName="executor://mstestadapter/v2" className="FileStorage.Tests.ZipFileStorageTests" name="TestDirectoryEnumerateFilesDirectories" />
    </UnitTest>
    <UnitTest name="TestDirectoryFullPathIsConsistent" storage="/home/runner/work/dotnet-monorepo/dotnet-monorepo/src/artifacts/bin/filestorage.tests/release_linux-x64/filestorage.tests.dll" id="ee7e4fee-92ed-61e3-75da-bff49e330275">
      <Execution id="cb331e27-433f-485c-a0a8-3d173d7d384d" />
      <TestMethod codeBase="/home/runner/work/dotnet-monorepo/dotnet-monorepo/src/artifacts/bin/FileStorage.Tests/release_linux-x64/FileStorage.Tests.dll" adapterTypeName="executor://mstestadapter/v2" className="FileStorage.Tests.FilesystemFileStorageTests" name="TestDirectoryFullPathIsConsistent" />
    </UnitTest>
    <UnitTest name="TestFileExtension" storage="/home/runner/work/dotnet-monorepo/dotnet-monorepo/src/artifacts/bin/filestorage.tests/release_linux-x64/filestorage.tests.dll" id="6de70bcc-1fd5-fee6-1433-0f0245c25247">
      <Execution id="cfe29f55-5325-4e23-b4ca-45b7c94c8403" />
      <TestMethod codeBase="/home/runner/work/dotnet-monorepo/dotnet-monorepo/src/artifacts/bin/FileStorage.Tests/release_linux-x64/FileStorage.Tests.dll" adapterTypeName="executor://mstestadapter/v2" className="FileStorage.Tests.FilesystemFileStorageTests" name="TestFileExtension" />
    </UnitTest>
    <UnitTest name="TestDirectoryDeleteExistingDirectory" storage="/home/runner/work/dotnet-monorepo/dotnet-monorepo/src/artifacts/bin/filestorage.tests/release_linux-x64/filestorage.tests.dll" id="109778f8-1a3f-c921-f480-5b33ec9e404c">
      <Execution id="60c6c58b-5666-4ec8-8272-acd528789160" />
      <TestMethod codeBase="/home/runner/work/dotnet-monorepo/dotnet-monorepo/src/artifacts/bin/FileStorage.Tests/release_linux-x64/FileStorage.Tests.dll" adapterTypeName="executor://mstestadapter/v2" className="FileStorage.Tests.FilesystemFileStorageTests" name="TestDirectoryDeleteExistingDirectory" />
    </UnitTest>
    <UnitTest name="TestEmptyDirectoryPaths" storage="/home/runner/work/dotnet-monorepo/dotnet-monorepo/src/artifacts/bin/filestorage.tests/release_linux-x64/filestorage.tests.dll" id="b414c790-0451-ffab-cace-9828ee75369b">
      <Execution id="0744f4a3-d38a-4171-8b39-9eb34b83167a" />
      <TestMethod codeBase="/home/runner/work/dotnet-monorepo/dotnet-monorepo/src/artifacts/bin/FileStorage.Tests/release_linux-x64/FileStorage.Tests.dll" adapterTypeName="executor://mstestadapter/v2" className="FileStorage.Tests.ZipFileStorageTests" name="TestEmptyDirectoryPaths" />
    </UnitTest>
    <UnitTest name="TestFileName" storage="/home/runner/work/dotnet-monorepo/dotnet-monorepo/src/artifacts/bin/filestorage.tests/release_linux-x64/filestorage.tests.dll" id="24b7a9df-0abd-14f1-06c9-9d72cbf192b3">
      <Execution id="287210d2-c759-46ec-9065-cfc0a7c49c71" />
      <TestMethod codeBase="/home/runner/work/dotnet-monorepo/dotnet-monorepo/src/artifacts/bin/FileStorage.Tests/release_linux-x64/FileStorage.Tests.dll" adapterTypeName="executor://mstestadapter/v2" className="FileStorage.Tests.FilesystemFileStorageTests" name="TestFileName" />
    </UnitTest>
    <UnitTest name="TestFileFullPathIsConsistent" storage="/home/runner/work/dotnet-monorepo/dotnet-monorepo/src/artifacts/bin/filestorage.tests/release_linux-x64/filestorage.tests.dll" id="4f6773f6-14de-a05b-1a5d-745be43beb3f">
      <Execution id="f7888c33-e56d-40aa-8366-37d03d2b0f09" />
      <TestMethod codeBase="/home/runner/work/dotnet-monorepo/dotnet-monorepo/src/artifacts/bin/FileStorage.Tests/release_linux-x64/FileStorage.Tests.dll" adapterTypeName="executor://mstestadapter/v2" className="FileStorage.Tests.MemoryFileStorageTests" name="TestFileFullPathIsConsistent" />
    </UnitTest>
    <UnitTest name="TestParentDirectory" storage="/home/runner/work/dotnet-monorepo/dotnet-monorepo/src/artifacts/bin/filestorage.tests/release_linux-x64/filestorage.tests.dll" id="c901782e-ef1c-b42b-60f1-435a0351d1c3">
      <Execution id="28007457-c6a5-4904-9335-96786583ea80" />
      <TestMethod codeBase="/home/runner/work/dotnet-monorepo/dotnet-monorepo/src/artifacts/bin/FileStorage.Tests/release_linux-x64/FileStorage.Tests.dll" adapterTypeName="executor://mstestadapter/v2" className="FileStorage.Tests.ZipFileStorageTests" name="TestParentDirectory" />
    </UnitTest>
    <UnitTest name="TestDeleteAsync" storage="/home/runner/work/dotnet-monorepo/dotnet-monorepo/src/artifacts/bin/filestorage.tests/release_linux-x64/filestorage.tests.dll" id="1c9877c6-ebfa-9f2c-ee53-ef4e577d1078">
      <Execution id="2dd479d3-c966-437f-8a46-01f60c8b8fbf" />
      <TestMethod codeBase="/home/runner/work/dotnet-monorepo/dotnet-monorepo/src/artifacts/bin/FileStorage.Tests/release_linux-x64/FileStorage.Tests.dll" adapterTypeName="executor://mstestadapter/v2" className="FileStorage.Tests.SyncToAsyncFileAdapterTests" name="TestDeleteAsync" />
    </UnitTest>
    <UnitTest name="TestDirectoryFullPathIsConsistent" storage="/home/runner/work/dotnet-monorepo/dotnet-monorepo/src/artifacts/bin/filestorage.tests/release_linux-x64/filestorage.tests.dll" id="45544f1a-d7a2-d9e7-5fa3-60036434748b">
      <Execution id="c89f7561-876d-4138-87ee-269b32bbdd16" />
      <TestMethod codeBase="/home/runner/work/dotnet-monorepo/dotnet-monorepo/src/artifacts/bin/FileStorage.Tests/release_linux-x64/FileStorage.Tests.dll" adapterTypeName="executor://mstestadapter/v2" className="FileStorage.Tests.ZipFileStorageTests" name="TestDirectoryFullPathIsConsistent" />
    </UnitTest>
    <UnitTest name="TestDeleteNonExistent" storage="/home/runner/work/dotnet-monorepo/dotnet-monorepo/src/artifacts/bin/filestorage.tests/release_linux-x64/filestorage.tests.dll" id="009a2387-0a42-469f-a4ba-4b5d7815ce64">
      <Execution id="585521b9-e467-4e44-b044-38ef68562ee0" />
      <TestMethod codeBase="/home/runner/work/dotnet-monorepo/dotnet-monorepo/src/artifacts/bin/FileStorage.Tests/release_linux-x64/FileStorage.Tests.dll" adapterTypeName="executor://mstestadapter/v2" className="FileStorage.Tests.FilesystemFileStorageTests" name="TestDeleteNonExistent" />
    </UnitTest>
    <UnitTest name="TestExistsAsync (True)" storage="/home/runner/work/dotnet-monorepo/dotnet-monorepo/src/artifacts/bin/filestorage.tests/release_linux-x64/filestorage.tests.dll" id="a89f0bbf-e5bb-9494-34d2-174c60a99834">
      <Execution id="49f634ac-65be-41ad-a235-e748d677d474" />
      <TestMethod codeBase="/home/runner/work/dotnet-monorepo/dotnet-monorepo/src/artifacts/bin/FileStorage.Tests/release_linux-x64/FileStorage.Tests.dll" adapterTypeName="executor://mstestadapter/v2" className="FileStorage.Tests.SyncToAsyncFileAdapterTests" name="TestExistsAsync" />
    </UnitTest>
    <UnitTest name="TestDirectoryDeleteExistingDirectory" storage="/home/runner/work/dotnet-monorepo/dotnet-monorepo/src/artifacts/bin/filestorage.tests/release_linux-x64/filestorage.tests.dll" id="fe70811c-eba8-dd1f-7c22-0fa4e60d4aa2">
      <Execution id="7ac4bc4c-f56c-4b13-92bc-69b201c365d4" />
      <TestMethod codeBase="/home/runner/work/dotnet-monorepo/dotnet-monorepo/src/artifacts/bin/FileStorage.Tests/release_linux-x64/FileStorage.Tests.dll" adapterTypeName="executor://mstestadapter/v2" className="FileStorage.Tests.MemoryFileStorageTests" name="TestDirectoryDeleteExistingDirectory" />
    </UnitTest>
    <UnitTest name="TestFileFullPathIsConsistent" storage="/home/runner/work/dotnet-monorepo/dotnet-monorepo/src/artifacts/bin/filestorage.tests/release_linux-x64/filestorage.tests.dll" id="8b81bd82-dc36-2cda-229b-b5072167dddf">
      <Execution id="f22fe6e5-266c-4523-8642-dfe2a4334038" />
      <TestMethod codeBase="/home/runner/work/dotnet-monorepo/dotnet-monorepo/src/artifacts/bin/FileStorage.Tests/release_linux-x64/FileStorage.Tests.dll" adapterTypeName="executor://mstestadapter/v2" className="FileStorage.Tests.ZipFileStorageTests" name="TestFileFullPathIsConsistent" />
    </UnitTest>
    <UnitTest name="TestFileExtension" storage="/home/runner/work/dotnet-monorepo/dotnet-monorepo/src/artifacts/bin/filestorage.tests/release_linux-x64/filestorage.tests.dll" id="cef74505-0de5-871e-983a-ff75ebac7980">
      <Execution id="8c588728-60b6-4a44-9957-fd7197cd6b0b" />
      <TestMethod codeBase="/home/runner/work/dotnet-monorepo/dotnet-monorepo/src/artifacts/bin/FileStorage.Tests/release_linux-x64/FileStorage.Tests.dll" adapterTypeName="executor://mstestadapter/v2" className="FileStorage.Tests.ZipFileStorageTests" name="TestFileExtension" />
    </UnitTest>
    <UnitTest name="TestDirectoryEnumerateFilesDirectoriesNested" storage="/home/runner/work/dotnet-monorepo/dotnet-monorepo/src/artifacts/bin/filestorage.tests/release_linux-x64/filestorage.tests.dll" id="9fab18c8-de42-5edf-89cb-38fe842efdcb">
      <Execution id="788bbdfd-e282-4adc-aed2-a6d6a017d08d" />
      <TestMethod codeBase="/home/runner/work/dotnet-monorepo/dotnet-monorepo/src/artifacts/bin/FileStorage.Tests/release_linux-x64/FileStorage.Tests.dll" adapterTypeName="executor://mstestadapter/v2" className="FileStorage.Tests.MemoryFileStorageTests" name="TestDirectoryEnumerateFilesDirectoriesNested" />
    </UnitTest>
    <UnitTest name="TestDirectoryCreate" storage="/home/runner/work/dotnet-monorepo/dotnet-monorepo/src/artifacts/bin/filestorage.tests/release_linux-x64/filestorage.tests.dll" id="df1b3604-ffd3-14ba-042b-94c14c177176">
      <Execution id="fc6cce98-ee0f-4e1b-84ca-be62a85871ae" />
      <TestMethod codeBase="/home/runner/work/dotnet-monorepo/dotnet-monorepo/src/artifacts/bin/FileStorage.Tests/release_linux-x64/FileStorage.Tests.dll" adapterTypeName="executor://mstestadapter/v2" className="FileStorage.Tests.ZipFileStorageTests" name="TestDirectoryCreate" />
    </UnitTest>
    <UnitTest name="TestDirectoryEnumerateFilesDirectories (&quot;dir&quot;)" storage="/home/runner/work/dotnet-monorepo/dotnet-monorepo/src/artifacts/bin/filestorage.tests/release_linux-x64/filestorage.tests.dll" id="43f0a9d2-6fe6-601a-864c-33da0d2f9754">
      <Execution id="6a395e9b-3085-48b9-9eef-fbda6e316f7b" />
      <TestMethod codeBase="/home/runner/work/dotnet-monorepo/dotnet-monorepo/src/artifacts/bin/FileStorage.Tests/release_linux-x64/FileStorage.Tests.dll" adapterTypeName="executor://mstestadapter/v2" className="FileStorage.Tests.FilesystemFileStorageTests" name="TestDirectoryEnumerateFilesDirectories" />
    </UnitTest>
    <UnitTest name="TestRootDirectoryExists" storage="/home/runner/work/dotnet-monorepo/dotnet-monorepo/src/artifacts/bin/filestorage.tests/release_linux-x64/filestorage.tests.dll" id="aa3761b1-576e-01f7-d173-14568b628a0e">
      <Execution id="c5236599-d75e-4350-a217-1ff53e09e056" />
      <TestMethod codeBase="/home/runner/work/dotnet-monorepo/dotnet-monorepo/src/artifacts/bin/FileStorage.Tests/release_linux-x64/FileStorage.Tests.dll" adapterTypeName="executor://mstestadapter/v2" className="FileStorage.Tests.MemoryFileStorageTests" name="TestRootDirectoryExists" />
    </UnitTest>
    <UnitTest name="TestExistsAsync (False)" storage="/home/runner/work/dotnet-monorepo/dotnet-monorepo/src/artifacts/bin/filestorage.tests/release_linux-x64/filestorage.tests.dll" id="6cfcf509-16b7-8279-725f-a4ce45ea80aa">
      <Execution id="644add47-4598-4421-950e-fbf095147c10" />
      <TestMethod codeBase="/home/runner/work/dotnet-monorepo/dotnet-monorepo/src/artifacts/bin/FileStorage.Tests/release_linux-x64/FileStorage.Tests.dll" adapterTypeName="executor://mstestadapter/v2" className="FileStorage.Tests.SyncToAsyncFileAdapterTests" name="TestExistsAsync" />
    </UnitTest>
    <UnitTest name="TestFileDelete" storage="/home/runner/work/dotnet-monorepo/dotnet-monorepo/src/artifacts/bin/filestorage.tests/release_linux-x64/filestorage.tests.dll" id="87471bd0-b3d5-4af4-a468-43e113ade7fe">
      <Execution id="d2a26291-0492-4594-99b3-362db3096e4f" />
      <TestMethod codeBase="/home/runner/work/dotnet-monorepo/dotnet-monorepo/src/artifacts/bin/FileStorage.Tests/release_linux-x64/FileStorage.Tests.dll" adapterTypeName="executor://mstestadapter/v2" className="FileStorage.Tests.ZipFileStorageTests" name="TestFileDelete" />
    </UnitTest>
    <UnitTest name="TestParentDirectory" storage="/home/runner/work/dotnet-monorepo/dotnet-monorepo/src/artifacts/bin/filestorage.tests/release_linux-x64/filestorage.tests.dll" id="1e8ef867-c861-69f4-badf-30af80491de8">
      <Execution id="27549ad8-22e8-4522-8dfb-624d96792004" />
      <TestMethod codeBase="/home/runner/work/dotnet-monorepo/dotnet-monorepo/src/artifacts/bin/FileStorage.Tests/release_linux-x64/FileStorage.Tests.dll" adapterTypeName="executor://mstestadapter/v2" className="FileStorage.Tests.FilesystemFileStorageTests" name="TestParentDirectory" />
    </UnitTest>
    <UnitTest name="TestDirectoryEnumerateFilesDirectories (&quot;dir&quot;)" storage="/home/runner/work/dotnet-monorepo/dotnet-monorepo/src/artifacts/bin/filestorage.tests/release_linux-x64/filestorage.tests.dll" id="64552f8d-56bd-dece-2bde-38ac338fdf57">
      <Execution id="34720c45-a458-4762-bd41-062e3cbcbc07" />
      <TestMethod codeBase="/home/runner/work/dotnet-monorepo/dotnet-monorepo/src/artifacts/bin/FileStorage.Tests/release_linux-x64/FileStorage.Tests.dll" adapterTypeName="executor://mstestadapter/v2" className="FileStorage.Tests.ZipFileStorageTests" name="TestDirectoryEnumerateFilesDirectories" />
    </UnitTest>
    <UnitTest name="TestDeleteNonExistent" storage="/home/runner/work/dotnet-monorepo/dotnet-monorepo/src/artifacts/bin/filestorage.tests/release_linux-x64/filestorage.tests.dll" id="a0d6016a-1d15-01ec-b35a-338af9cc5112">
      <Execution id="09bc5578-3a49-4c3d-8b48-74382b0650d6" />
      <TestMethod codeBase="/home/runner/work/dotnet-monorepo/dotnet-monorepo/src/artifacts/bin/FileStorage.Tests/release_linux-x64/FileStorage.Tests.dll" adapterTypeName="executor://mstestadapter/v2" className="FileStorage.Tests.MemoryFileStorageTests" name="TestDeleteNonExistent" />
    </UnitTest>
    <UnitTest name="TestFileDelete" storage="/home/runner/work/dotnet-monorepo/dotnet-monorepo/src/artifacts/bin/filestorage.tests/release_linux-x64/filestorage.tests.dll" id="f64eab59-d366-aa12-22f3-ad8e634f95d1">
      <Execution id="a494da61-54ff-497c-9752-5c7882cb8046" />
      <TestMethod codeBase="/home/runner/work/dotnet-monorepo/dotnet-monorepo/src/artifacts/bin/FileStorage.Tests/release_linux-x64/FileStorage.Tests.dll" adapterTypeName="executor://mstestadapter/v2" className="FileStorage.Tests.FilesystemFileStorageTests" name="TestFileDelete" />
    </UnitTest>
    <UnitTest name="TestDeleteNonExistent" storage="/home/runner/work/dotnet-monorepo/dotnet-monorepo/src/artifacts/bin/filestorage.tests/release_linux-x64/filestorage.tests.dll" id="824069aa-83cd-e2df-af5a-d971bcf9e8ee">
      <Execution id="60af9a25-3ff6-49d7-8fbd-57ae00075be3" />
      <TestMethod codeBase="/home/runner/work/dotnet-monorepo/dotnet-monorepo/src/artifacts/bin/FileStorage.Tests/release_linux-x64/FileStorage.Tests.dll" adapterTypeName="executor://mstestadapter/v2" className="FileStorage.Tests.ZipFileStorageTests" name="TestDeleteNonExistent" />
    </UnitTest>
    <UnitTest name="TestOpenWriteAsync" storage="/home/runner/work/dotnet-monorepo/dotnet-monorepo/src/artifacts/bin/filestorage.tests/release_linux-x64/filestorage.tests.dll" id="c37f7643-1974-730c-ff6e-4fb586696ec1">
      <Execution id="bd270090-8946-484b-a257-001ff1451ed8" />
      <TestMethod codeBase="/home/runner/work/dotnet-monorepo/dotnet-monorepo/src/artifacts/bin/FileStorage.Tests/release_linux-x64/FileStorage.Tests.dll" adapterTypeName="executor://mstestadapter/v2" className="FileStorage.Tests.SyncToAsyncFileAdapterTests" name="TestOpenWriteAsync" />
    </UnitTest>
    <UnitTest name="TestFileStem" storage="/home/runner/work/dotnet-monorepo/dotnet-monorepo/src/artifacts/bin/filestorage.tests/release_linux-x64/filestorage.tests.dll" id="dafc721a-fc0a-0484-9bd5-7a2ec5a3197f">
      <Execution id="6bb4b0e3-170f-42f8-a2b5-2162a45c95c9" />
      <TestMethod codeBase="/home/runner/work/dotnet-monorepo/dotnet-monorepo/src/artifacts/bin/FileStorage.Tests/release_linux-x64/FileStorage.Tests.dll" adapterTypeName="executor://mstestadapter/v2" className="FileStorage.Tests.ZipFileStorageTests" name="TestFileStem" />
    </UnitTest>
    <UnitTest name="TestOpenReadAsync" storage="/home/runner/work/dotnet-monorepo/dotnet-monorepo/src/artifacts/bin/filestorage.tests/release_linux-x64/filestorage.tests.dll" id="1f720387-7182-1f7e-79cf-5e42f1b3a177">
      <Execution id="96bc26ee-6394-4781-a5b4-491d3c72541e" />
      <TestMethod codeBase="/home/runner/work/dotnet-monorepo/dotnet-monorepo/src/artifacts/bin/FileStorage.Tests/release_linux-x64/FileStorage.Tests.dll" adapterTypeName="executor://mstestadapter/v2" className="FileStorage.Tests.SyncToAsyncFileAdapterTests" name="TestOpenReadAsync" />
    </UnitTest>
    <UnitTest name="TestDeleteAsync" storage="/home/runner/work/dotnet-monorepo/dotnet-monorepo/src/artifacts/bin/filestorage.tests/release_linux-x64/filestorage.tests.dll" id="607da53e-34ec-12fb-53d4-7b9a98141219">
      <Execution id="92354db6-5d42-48cc-bef6-f80b323500aa" />
      <TestMethod codeBase="/home/runner/work/dotnet-monorepo/dotnet-monorepo/src/artifacts/bin/FileStorage.Tests/release_linux-x64/FileStorage.Tests.dll" adapterTypeName="executor://mstestadapter/v2" className="FileStorage.Tests.SyncToAsyncDirectoryAdapterTests" name="TestDeleteAsync" />
    </UnitTest>
    <UnitTest name="TestFileOpenReadWriteExistingFile" storage="/home/runner/work/dotnet-monorepo/dotnet-monorepo/src/artifacts/bin/filestorage.tests/release_linux-x64/filestorage.tests.dll" id="80da2137-b6cc-609b-971f-7e7a4fdb564d">
      <Execution id="4638bbd2-adef-4381-acae-f6525f45750b" />
      <TestMethod codeBase="/home/runner/work/dotnet-monorepo/dotnet-monorepo/src/artifacts/bin/FileStorage.Tests/release_linux-x64/FileStorage.Tests.dll" adapterTypeName="executor://mstestadapter/v2" className="FileStorage.Tests.FilesystemFileStorageTests" name="TestFileOpenReadWriteExistingFile" />
    </UnitTest>
    <UnitTest name="TestDirectoryEnumerateFilesDirectories (&quot;&quot;)" storage="/home/runner/work/dotnet-monorepo/dotnet-monorepo/src/artifacts/bin/filestorage.tests/release_linux-x64/filestorage.tests.dll" id="2b565eab-d7f1-591c-d1b8-d74976982623">
      <Execution id="61c9ecc9-8de6-489a-a58d-99bd169a1c30" />
      <TestMethod codeBase="/home/runner/work/dotnet-monorepo/dotnet-monorepo/src/artifacts/bin/FileStorage.Tests/release_linux-x64/FileStorage.Tests.dll" adapterTypeName="executor://mstestadapter/v2" className="FileStorage.Tests.MemoryFileStorageTests" name="TestDirectoryEnumerateFilesDirectories" />
    </UnitTest>
  </TestDefinitions>
  <TestEntries>
    <TestEntry testId="dafc721a-fc0a-0484-9bd5-7a2ec5a3197f" executionId="6bb4b0e3-170f-42f8-a2b5-2162a45c95c9" testListId="8c84fa94-04c1-424b-9868-57a2d4851a1d" />
    <TestEntry testId="0ecc2e03-b166-5e66-a255-0a8ecc71ea81" executionId="dc53b9d1-11f2-4856-9fa0-7789d2242d42" testListId="8c84fa94-04c1-424b-9868-57a2d4851a1d" />
    <TestEntry testId="607da53e-34ec-12fb-53d4-7b9a98141219" executionId="92354db6-5d42-48cc-bef6-f80b323500aa" testListId="8c84fa94-04c1-424b-9868-57a2d4851a1d" />
    <TestEntry testId="b414c790-0451-ffab-cace-9828ee75369b" executionId="0744f4a3-d38a-4171-8b39-9eb34b83167a" testListId="8c84fa94-04c1-424b-9868-57a2d4851a1d" />
    <TestEntry testId="2e325afd-71c3-c013-f9e9-d25d63271309" executionId="e6751571-d92d-4963-9349-1e3f8d3a1b5e" testListId="8c84fa94-04c1-424b-9868-57a2d4851a1d" />
    <TestEntry testId="a3803826-329d-dc6f-fc7d-0e02805b706c" executionId="060f36cf-5744-4f66-9562-5c7ffa616c3b" testListId="8c84fa94-04c1-424b-9868-57a2d4851a1d" />
    <TestEntry testId="ee7e4fee-92ed-61e3-75da-bff49e330275" executionId="cb331e27-433f-485c-a0a8-3d173d7d384d" testListId="8c84fa94-04c1-424b-9868-57a2d4851a1d" />
    <TestEntry testId="a1ac245f-162d-b3d5-902a-73d42908be8b" executionId="2c5443cb-4c00-420f-8c1d-d2d287a6ff31" testListId="8c84fa94-04c1-424b-9868-57a2d4851a1d" />
    <TestEntry testId="618d4b2b-2ac7-22a8-ee48-265a6ddb8150" executionId="5427d199-17b8-4e35-a054-427b24d379a1" testListId="8c84fa94-04c1-424b-9868-57a2d4851a1d" />
    <TestEntry testId="64552f8d-56bd-dece-2bde-38ac338fdf57" executionId="34720c45-a458-4762-bd41-062e3cbcbc07" testListId="8c84fa94-04c1-424b-9868-57a2d4851a1d" />
    <TestEntry testId="966fde8d-32df-314c-6115-6a9b32ec93b9" executionId="cd4234af-3dd7-4e0b-beaf-da4628956e22" testListId="8c84fa94-04c1-424b-9868-57a2d4851a1d" />
    <TestEntry testId="c37f7643-1974-730c-ff6e-4fb586696ec1" executionId="bd270090-8946-484b-a257-001ff1451ed8" testListId="8c84fa94-04c1-424b-9868-57a2d4851a1d" />
    <TestEntry testId="4215e5b5-fc3c-3e4d-30ae-01a50b08f468" executionId="84562695-5548-4525-9938-125ff66a7212" testListId="8c84fa94-04c1-424b-9868-57a2d4851a1d" />
    <TestEntry testId="43f0a9d2-6fe6-601a-864c-33da0d2f9754" executionId="6a395e9b-3085-48b9-9eef-fbda6e316f7b" testListId="8c84fa94-04c1-424b-9868-57a2d4851a1d" />
    <TestEntry testId="bda2bfb3-e5c0-2200-50a6-0294fcf407ea" executionId="6166305d-8e79-4522-a40a-7caf51984fda" testListId="8c84fa94-04c1-424b-9868-57a2d4851a1d" />
    <TestEntry testId="fca03aaa-9bd0-d573-60dc-d9376c9ea610" executionId="e757938d-20a8-4828-9bd0-867b4c595cdb" testListId="8c84fa94-04c1-424b-9868-57a2d4851a1d" />
    <TestEntry testId="8e708a48-e948-fee1-2a70-df94ce5b6a29" executionId="9ee56ec2-9f6c-40c9-bbb5-49f1890c2533" testListId="8c84fa94-04c1-424b-9868-57a2d4851a1d" />
    <TestEntry testId="c901782e-ef1c-b42b-60f1-435a0351d1c3" executionId="28007457-c6a5-4904-9335-96786583ea80" testListId="8c84fa94-04c1-424b-9868-57a2d4851a1d" />
    <TestEntry testId="fe70811c-eba8-dd1f-7c22-0fa4e60d4aa2" executionId="7ac4bc4c-f56c-4b13-92bc-69b201c365d4" testListId="8c84fa94-04c1-424b-9868-57a2d4851a1d" />
    <TestEntry testId="f7b478bc-0212-d153-656f-f41f57754de4" executionId="53ef001c-12cb-48a9-8702-4349967717d0" testListId="8c84fa94-04c1-424b-9868-57a2d4851a1d" />
    <TestEntry testId="c7897527-4e0e-ad49-b035-f1933297433a" executionId="75442544-af29-407b-bbe9-62ef0a5b6038" testListId="8c84fa94-04c1-424b-9868-57a2d4851a1d" />
    <TestEntry testId="1c9877c6-ebfa-9f2c-ee53-ef4e577d1078" executionId="2dd479d3-c966-437f-8a46-01f60c8b8fbf" testListId="8c84fa94-04c1-424b-9868-57a2d4851a1d" />
    <TestEntry testId="7da6318e-98b7-39f0-4161-e0aaa63e4356" executionId="8314f883-6dd0-47d3-b4f9-17f9f1012d3d" testListId="8c84fa94-04c1-424b-9868-57a2d4851a1d" />
    <TestEntry testId="6e5b91a2-6a19-9c04-8737-fad3d45dfaa1" executionId="64017673-f8b4-4a6c-a703-b925d55e66fb" testListId="8c84fa94-04c1-424b-9868-57a2d4851a1d" />
    <TestEntry testId="125bc9fc-30db-ee48-7efe-8896541b5651" executionId="4ecc7e9a-fde5-4abb-ab20-fec4688f71cf" testListId="8c84fa94-04c1-424b-9868-57a2d4851a1d" />
    <TestEntry testId="a0d6016a-1d15-01ec-b35a-338af9cc5112" executionId="09bc5578-3a49-4c3d-8b48-74382b0650d6" testListId="8c84fa94-04c1-424b-9868-57a2d4851a1d" />
    <TestEntry testId="1e8ef867-c861-69f4-badf-30af80491de8" executionId="27549ad8-22e8-4522-8dfb-624d96792004" testListId="8c84fa94-04c1-424b-9868-57a2d4851a1d" />
    <TestEntry testId="797b8a01-8186-1169-ecab-9b51ad970e5d" executionId="0e638e28-ba5c-40d8-b716-4f287febdf86" testListId="8c84fa94-04c1-424b-9868-57a2d4851a1d" />
    <TestEntry testId="0e088d27-c7d7-0291-d4f0-8f7b1d9da554" executionId="6b5e9db3-5e39-4069-be8c-ce7149b67a41" testListId="8c84fa94-04c1-424b-9868-57a2d4851a1d" />
    <TestEntry testId="87471bd0-b3d5-4af4-a468-43e113ade7fe" executionId="d2a26291-0492-4594-99b3-362db3096e4f" testListId="8c84fa94-04c1-424b-9868-57a2d4851a1d" />
    <TestEntry testId="cd0078b3-4b7f-1e54-2b47-dac01f923d15" executionId="9b1bbd05-0949-4642-841c-af39cac73e03" testListId="8c84fa94-04c1-424b-9868-57a2d4851a1d" />
    <TestEntry testId="f8c037a4-86a1-940c-dee2-3812680c280a" executionId="522ec4dc-5d0b-4890-8c31-0abf0deaecad" testListId="8c84fa94-04c1-424b-9868-57a2d4851a1d" />
    <TestEntry testId="009a2387-0a42-469f-a4ba-4b5d7815ce64" executionId="585521b9-e467-4e44-b044-38ef68562ee0" testListId="8c84fa94-04c1-424b-9868-57a2d4851a1d" />
    <TestEntry testId="3fbe1aef-c231-36db-e42e-599bf3f74565" executionId="af24bde1-ee8e-4156-8a83-073f1e960c36" testListId="8c84fa94-04c1-424b-9868-57a2d4851a1d" />
    <TestEntry testId="eff7da53-f6a7-63b0-cc4f-2e2f7ff54c59" executionId="73a4e230-9d09-44ed-88cb-701143b847ed" testListId="8c84fa94-04c1-424b-9868-57a2d4851a1d" />
    <TestEntry testId="8b81bd82-dc36-2cda-229b-b5072167dddf" executionId="f22fe6e5-266c-4523-8642-dfe2a4334038" testListId="8c84fa94-04c1-424b-9868-57a2d4851a1d" />
    <TestEntry testId="6de70bcc-1fd5-fee6-1433-0f0245c25247" executionId="cfe29f55-5325-4e23-b4ca-45b7c94c8403" testListId="8c84fa94-04c1-424b-9868-57a2d4851a1d" />
    <TestEntry testId="ff3ef572-f71c-5031-deee-22a40c319a7b" executionId="1ca2398e-96e6-4ef4-b6f3-b7318b58f47b" testListId="8c84fa94-04c1-424b-9868-57a2d4851a1d" />
    <TestEntry testId="aa3761b1-576e-01f7-d173-14568b628a0e" executionId="c5236599-d75e-4350-a217-1ff53e09e056" testListId="8c84fa94-04c1-424b-9868-57a2d4851a1d" />
    <TestEntry testId="1e71ad58-a0ad-4cd0-0218-6a992bf4f71a" executionId="2e340664-5edf-4407-b37e-ec5681cf8892" testListId="8c84fa94-04c1-424b-9868-57a2d4851a1d" />
    <TestEntry testId="24b7a9df-0abd-14f1-06c9-9d72cbf192b3" executionId="287210d2-c759-46ec-9065-cfc0a7c49c71" testListId="8c84fa94-04c1-424b-9868-57a2d4851a1d" />
    <TestEntry testId="910e1179-c618-ac81-88d3-77979d52ca2e" executionId="f11da554-8760-47ae-9f0b-14a535e8a912" testListId="8c84fa94-04c1-424b-9868-57a2d4851a1d" />
    <TestEntry testId="6cfcf509-16b7-8279-725f-a4ce45ea80aa" executionId="644add47-4598-4421-950e-fbf095147c10" testListId="8c84fa94-04c1-424b-9868-57a2d4851a1d" />
    <TestEntry testId="9011c160-8b72-47ef-0b19-f1ac4fafc464" executionId="0ff7594e-1dec-4795-b08b-64e1178619ce" testListId="8c84fa94-04c1-424b-9868-57a2d4851a1d" />
    <TestEntry testId="49fe5267-fc48-c49a-f934-3af546ee163f" executionId="b2187944-4af2-4cf6-9ddb-790c5309f5c8" testListId="8c84fa94-04c1-424b-9868-57a2d4851a1d" />
    <TestEntry testId="9a8424cd-4f80-220e-7900-daa37175ddae" executionId="d6ca2d7b-2077-4e44-a7d8-a978a47ecf1d" testListId="8c84fa94-04c1-424b-9868-57a2d4851a1d" />
    <TestEntry testId="f8e7277d-d9f8-29f5-60e4-5fbb63d964ed" executionId="75edd052-c081-45fb-883d-a350b6e3329a" testListId="8c84fa94-04c1-424b-9868-57a2d4851a1d" />
    <TestEntry testId="a89f0bbf-e5bb-9494-34d2-174c60a99834" executionId="49f634ac-65be-41ad-a235-e748d677d474" testListId="8c84fa94-04c1-424b-9868-57a2d4851a1d" />
    <TestEntry testId="d4d986da-d4bd-08f4-57b5-191f12483e46" executionId="93ab811e-9c88-4ad9-9d9d-a9161d0c248c" testListId="8c84fa94-04c1-424b-9868-57a2d4851a1d" />
    <TestEntry testId="08e0f610-476a-cb6d-5d83-04cfa0bb5513" executionId="d66658c2-2f2a-440f-a25a-52e1b2f56030" testListId="8c84fa94-04c1-424b-9868-57a2d4851a1d" />
    <TestEntry testId="30b186da-9a79-931d-4ee5-ecdfe5db3c76" executionId="2412ea1a-a619-4871-a65a-38aceaf030d4" testListId="8c84fa94-04c1-424b-9868-57a2d4851a1d" />
    <TestEntry testId="5b8af763-c9e7-a7dc-38c5-6c93729daebf" executionId="acaaa760-96a8-456f-a6cd-e72e9ccf0f24" testListId="8c84fa94-04c1-424b-9868-57a2d4851a1d" />
    <TestEntry testId="18605d5f-4c35-09c6-72ca-211e48b57479" executionId="d5e66b5c-69c8-4d46-a2da-62292bad112b" testListId="8c84fa94-04c1-424b-9868-57a2d4851a1d" />
    <TestEntry testId="0da9f8a8-e657-b210-b5f3-ec83c8497b26" executionId="09444264-f115-4aa5-afef-c9943fc67051" testListId="8c84fa94-04c1-424b-9868-57a2d4851a1d" />
    <TestEntry testId="1534deb5-67ec-434a-e4c4-2a3259f0bb39" executionId="51a9d03d-0fc5-4546-acdb-08945939536a" testListId="8c84fa94-04c1-424b-9868-57a2d4851a1d" />
    <TestEntry testId="40b81683-78f2-804b-e88e-f90513574e2a" executionId="e1c1838c-fab1-4a66-9b47-b2e49618d554" testListId="8c84fa94-04c1-424b-9868-57a2d4851a1d" />
    <TestEntry testId="bacbbd13-aba6-615b-798e-fa63927d70ae" executionId="3ad7134e-8e60-46d5-bd2a-838bac2d08ae" testListId="8c84fa94-04c1-424b-9868-57a2d4851a1d" />
    <TestEntry testId="02f617f7-c2f8-ea60-5be7-c053e0a3cf57" executionId="e4cc8047-72db-4b8c-8334-d84f61c6883e" testListId="8c84fa94-04c1-424b-9868-57a2d4851a1d" />
    <TestEntry testId="df1b3604-ffd3-14ba-042b-94c14c177176" executionId="fc6cce98-ee0f-4e1b-84ca-be62a85871ae" testListId="8c84fa94-04c1-424b-9868-57a2d4851a1d" />
    <TestEntry testId="80da2137-b6cc-609b-971f-7e7a4fdb564d" executionId="4638bbd2-adef-4381-acae-f6525f45750b" testListId="8c84fa94-04c1-424b-9868-57a2d4851a1d" />
    <TestEntry testId="51e79817-9cb4-c803-a9cd-be62c5643252" executionId="d5be9064-977b-4d17-94a3-7e84553fe2d6" testListId="8c84fa94-04c1-424b-9868-57a2d4851a1d" />
    <TestEntry testId="45544f1a-d7a2-d9e7-5fa3-60036434748b" executionId="c89f7561-876d-4138-87ee-269b32bbdd16" testListId="8c84fa94-04c1-424b-9868-57a2d4851a1d" />
    <TestEntry testId="1f720387-7182-1f7e-79cf-5e42f1b3a177" executionId="96bc26ee-6394-4781-a5b4-491d3c72541e" testListId="8c84fa94-04c1-424b-9868-57a2d4851a1d" />
    <TestEntry testId="0f1da9e6-1cbf-8583-2f6b-0061293bebf8" executionId="950e1f8f-9227-4cac-93d7-b18f0d838a7b" testListId="8c84fa94-04c1-424b-9868-57a2d4851a1d" />
    <TestEntry testId="9fab18c8-de42-5edf-89cb-38fe842efdcb" executionId="788bbdfd-e282-4adc-aed2-a6d6a017d08d" testListId="8c84fa94-04c1-424b-9868-57a2d4851a1d" />
    <TestEntry testId="9ee8bdb3-752d-d7fa-92e7-baaf5a6a275d" executionId="3c3bbb7a-abad-42df-83e7-90dc0fc326ab" testListId="8c84fa94-04c1-424b-9868-57a2d4851a1d" />
    <TestEntry testId="824069aa-83cd-e2df-af5a-d971bcf9e8ee" executionId="60af9a25-3ff6-49d7-8fbd-57ae00075be3" testListId="8c84fa94-04c1-424b-9868-57a2d4851a1d" />
    <TestEntry testId="a29289ea-bc1d-0083-5118-54a12526b8af" executionId="ef2544b4-45c2-470c-bac3-99f96456d401" testListId="8c84fa94-04c1-424b-9868-57a2d4851a1d" />
    <TestEntry testId="cef74505-0de5-871e-983a-ff75ebac7980" executionId="8c588728-60b6-4a44-9957-fd7197cd6b0b" testListId="8c84fa94-04c1-424b-9868-57a2d4851a1d" />
    <TestEntry testId="de3b2480-d479-605b-e08b-e52b3f60032b" executionId="0d658e7a-734a-4926-9ae8-42d64f4c58cb" testListId="8c84fa94-04c1-424b-9868-57a2d4851a1d" />
    <TestEntry testId="7d7edaab-f11c-42a8-dc0e-01ee01112f84" executionId="6410e990-e4a9-4bba-a760-b9ce2fd60122" testListId="8c84fa94-04c1-424b-9868-57a2d4851a1d" />
    <TestEntry testId="f64eab59-d366-aa12-22f3-ad8e634f95d1" executionId="a494da61-54ff-497c-9752-5c7882cb8046" testListId="8c84fa94-04c1-424b-9868-57a2d4851a1d" />
    <TestEntry testId="79c4ff89-0797-e74c-0eb1-6195164e4436" executionId="a7e29a06-66a3-4038-b1b6-c41c465dfd82" testListId="8c84fa94-04c1-424b-9868-57a2d4851a1d" />
    <TestEntry testId="7eb76f2c-21a5-f549-3581-458e2d90bb4e" executionId="50f96e98-dcd2-4f82-b071-b5105683f1a3" testListId="8c84fa94-04c1-424b-9868-57a2d4851a1d" />
    <TestEntry testId="2b565eab-d7f1-591c-d1b8-d74976982623" executionId="61c9ecc9-8de6-489a-a58d-99bd169a1c30" testListId="8c84fa94-04c1-424b-9868-57a2d4851a1d" />
    <TestEntry testId="4f6773f6-14de-a05b-1a5d-745be43beb3f" executionId="f7888c33-e56d-40aa-8366-37d03d2b0f09" testListId="8c84fa94-04c1-424b-9868-57a2d4851a1d" />
    <TestEntry testId="109778f8-1a3f-c921-f480-5b33ec9e404c" executionId="60c6c58b-5666-4ec8-8272-acd528789160" testListId="8c84fa94-04c1-424b-9868-57a2d4851a1d" />
  </TestEntries>
  <TestLists>
    <TestList name="Results Not in a List" id="8c84fa94-04c1-424b-9868-57a2d4851a1d" />
    <TestList name="All Loaded Results" id="19431567-8539-422a-85d7-44ee4e166bda" />
  </TestLists>
  <ResultSummary outcome="Completed">
    <Counters total="77" executed="77" passed="77" failed="0" error="0" timeout="0" aborted="0" inconclusive="0" passedButRunAborted="0" notRunnable="0" notExecuted="0" disconnected="0" warning="0" completed="0" inProgress="0" pending="0" />
  </ResultSummary>
</TestRun>