<?xml version="1.0" encoding="utf-8"?>
<TestRun id="c6f83e2e-87f8-49ce-8cf4-d96fd0b47249" name="runneradmin@runnervm4i34c 2025-08-14 21:58:46" runUser="runnervm4i34c\runneradmin" xmlns="http://microsoft.com/schemas/VisualStudio/TeamTest/2010">
  <Times creation="2025-08-14T21:58:46.4696517+00:00" queuing="2025-08-14T21:58:46.4696519+00:00" start="2025-08-14T21:58:44.5224161+00:00" finish="2025-08-14T21:58:49.3482709+00:00" />
  <TestSettings name="default" id="48cb7659-b329-49d3-9280-cd39c8045bf6">
    <Deployment runDeploymentRoot="runneradmin_runnervm4i34c_2025-08-14_21_58_46" />
  </TestSettings>
  <Results>
    <UnitTestResult executionId="33b92b97-9ffe-4966-9fb6-d4af6320d30e" testId="a927e0e6-cfb7-42b0-d7b8-248ae94ffe95" testName="TestDownloadReleaseAsync" computerName="runnervm4i34c" duration="00:00:00.4056283" startTime="2025-08-14T21:58:47.2306767+00:00" endTime="2025-08-14T21:58:47.6365270+00:00" testType="13cdc9d9-ddb5-4fa4-a97d-d965ccfc6d4b" outcome="Passed" testListId="8c84fa94-04c1-424b-9868-57a2d4851a1d" relativeResultsDirectory="33b92b97-9ffe-4966-9fb6-d4af6320d30e" />
    <UnitTestResult executionId="33678d4d-7de7-4daf-a0b3-a4504d8b0ba0" testId="18e3bf83-b852-f57a-8be8-d3201868483f" testName="TestGetAuthenticatedUser" computerName="runnervm4i34c" duration="00:00:00.2532642" startTime="2025-08-14T21:58:48.3138969+00:00" endTime="2025-08-14T21:58:48.5673835+00:00" testType="13cdc9d9-ddb5-4fa4-a97d-d965ccfc6d4b" outcome="Passed" testListId="8c84fa94-04c1-424b-9868-57a2d4851a1d" relativeResultsDirectory="33678d4d-7de7-4daf-a0b3-a4504d8b0ba0" />
    <UnitTestResult executionId="56ae9e3d-514d-4da9-a821-6277fe6c7f73" testId="6d99fdb5-4856-aa0f-b6de-3f28ad0663eb" testName="TestGetNonexistentRepositoryAsync" computerName="runnervm4i34c" duration="00:00:00.2780762" startTime="2025-08-14T21:58:48.0355341+00:00" endTime="2025-08-14T21:58:48.3137925+00:00" testType="13cdc9d9-ddb5-4fa4-a97d-d965ccfc6d4b" outcome="Passed" testListId="8c84fa94-04c1-424b-9868-57a2d4851a1d" relativeResultsDirectory="56ae9e3d-514d-4da9-a821-6277fe6c7f73" />
    <UnitTestResult executionId="cb28e85a-7f47-44de-9380-8b0ffefd47b4" testId="7cd10470-c134-ff49-b160-52fb039d37a7" testName="TestGetReleaseAssetsAsync" computerName="runnervm4i34c" duration="00:00:00.6673791" startTime="2025-08-14T21:58:46.5624270+00:00" endTime="2025-08-14T21:58:47.2305625+00:00" testType="13cdc9d9-ddb5-4fa4-a97d-d965ccfc6d4b" outcome="Passed" testListId="8c84fa94-04c1-424b-9868-57a2d4851a1d" relativeResultsDirectory="cb28e85a-7f47-44de-9380-8b0ffefd47b4" />
    <UnitTestResult executionId="7c613b7f-6788-4ad5-934b-4d0080ec9fd3" testId="28f7566a-9810-bcfe-c1c2-5fcfb197ba6d" testName="TestGetNextUri" computerName="runnervm4i34c" duration="00:00:00.0074599" startTime="2025-08-14T21:58:45.0004154+00:00" endTime="2025-08-14T21:58:45.0244277+00:00" testType="13cdc9d9-ddb5-4fa4-a97d-d965ccfc6d4b" outcome="Passed" testListId="8c84fa94-04c1-424b-9868-57a2d4851a1d" relativeResultsDirectory="7c613b7f-6788-4ad5-934b-4d0080ec9fd3" />
    <UnitTestResult executionId="75ac527d-7af8-47cb-b8a5-9091cb7b9640" testId="2000ca48-da97-6fa3-733d-4dd9907e20f2" testName="TestGetUserAsync" computerName="runnervm4i34c" duration="00:00:00.4110852" startTime="2025-08-14T21:58:48.5674834+00:00" endTime="2025-08-14T21:58:48.9787350+00:00" testType="13cdc9d9-ddb5-4fa4-a97d-d965ccfc6d4b" outcome="Passed" testListId="8c84fa94-04c1-424b-9868-57a2d4851a1d" relativeResultsDirectory="75ac527d-7af8-47cb-b8a5-9091cb7b9640" />
    <UnitTestResult executionId="e25b8511-c59b-4b2e-a29d-6ab477189905" testId="2eefcad6-faf7-7cc7-9c2f-dca48c77896c" testName="TestGetNonexistentUserAsync" computerName="runnervm4i34c" duration="00:00:00.3153291" startTime="2025-08-14T21:58:48.9788454+00:00" endTime="2025-08-14T21:58:49.2951962+00:00" testType="13cdc9d9-ddb5-4fa4-a97d-d965ccfc6d4b" outcome="Passed" testListId="8c84fa94-04c1-424b-9868-57a2d4851a1d" relativeResultsDirectory="e25b8511-c59b-4b2e-a29d-6ab477189905" />
    <UnitTestResult executionId="97b4a814-2fa3-498c-9f46-c0a72d9874db" testId="fa4561c9-2a7e-735f-4063-3029bfedba0b" testName="TestGetRepositoryAsync" computerName="runnervm4i34c" duration="00:00:00.3984787" startTime="2025-08-14T21:58:47.6366430+00:00" endTime="2025-08-14T21:58:48.0354264+00:00" testType="13cdc9d9-ddb5-4fa4-a97d-d965ccfc6d4b" outcome="Passed" testListId="8c84fa94-04c1-424b-9868-57a2d4851a1d" relativeResultsDirectory="97b4a814-2fa3-498c-9f46-c0a72d9874db" />
    <UnitTestResult executionId="c8f97b11-5dc2-4318-997e-465fcb436c48" testId="92c7dc40-b765-efc1-18fc-5f4b1ac0111f" testName="TestGetReleasesAsync" computerName="runnervm4i34c" duration="00:00:01.5314679" startTime="2025-08-14T21:58:45.0284184+00:00" endTime="2025-08-14T21:58:46.5620848+00:00" testType="13cdc9d9-ddb5-4fa4-a97d-d965ccfc6d4b" outcome="Passed" testListId="8c84fa94-04c1-424b-9868-57a2d4851a1d" relativeResultsDirectory="c8f97b11-5dc2-4318-997e-465fcb436c48" />
  </Results>
  <TestDefinitions>
    <UnitTest name="TestGetUserAsync" storage="d:\a\dotnet-monorepo\dotnet-monorepo\src\artifacts\bin\githubapi.tests\release_win-x64\githubapi.tests.dll" id="2000ca48-da97-6fa3-733d-4dd9907e20f2">
      <Execution id="75ac527d-7af8-47cb-b8a5-9091cb7b9640" />
      <TestMethod codeBase="D:\a\dotnet-monorepo\dotnet-monorepo\src\artifacts\bin\GithubApi.Tests\release_win-x64\GithubApi.Tests.dll" adapterTypeName="executor://mstestadapter/v2" className="GithubApi.Tests.UsersIntegrationTests" name="TestGetUserAsync" />
    </UnitTest>
    <UnitTest name="TestGetNonexistentRepositoryAsync" storage="d:\a\dotnet-monorepo\dotnet-monorepo\src\artifacts\bin\githubapi.tests\release_win-x64\githubapi.tests.dll" id="6d99fdb5-4856-aa0f-b6de-3f28ad0663eb">
      <Execution id="56ae9e3d-514d-4da9-a821-6277fe6c7f73" />
      <TestMethod codeBase="D:\a\dotnet-monorepo\dotnet-monorepo\src\artifacts\bin\GithubApi.Tests\release_win-x64\GithubApi.Tests.dll" adapterTypeName="executor://mstestadapter/v2" className="GithubApi.Tests.RepositoriesIntegrationTests" name="TestGetNonexistentRepositoryAsync" />
    </UnitTest>
    <UnitTest name="TestDownloadReleaseAsync" storage="d:\a\dotnet-monorepo\dotnet-monorepo\src\artifacts\bin\githubapi.tests\release_win-x64\githubapi.tests.dll" id="a927e0e6-cfb7-42b0-d7b8-248ae94ffe95">
      <Execution id="33b92b97-9ffe-4966-9fb6-d4af6320d30e" />
      <TestMethod codeBase="D:\a\dotnet-monorepo\dotnet-monorepo\src\artifacts\bin\GithubApi.Tests\release_win-x64\GithubApi.Tests.dll" adapterTypeName="executor://mstestadapter/v2" className="GithubApi.Tests.ReleasesIntegrationTests" name="TestDownloadReleaseAsync" />
    </UnitTest>
    <UnitTest name="TestGetRepositoryAsync" storage="d:\a\dotnet-monorepo\dotnet-monorepo\src\artifacts\bin\githubapi.tests\release_win-x64\githubapi.tests.dll" id="fa4561c9-2a7e-735f-4063-3029bfedba0b">
      <Execution id="97b4a814-2fa3-498c-9f46-c0a72d9874db" />
      <TestMethod codeBase="D:\a\dotnet-monorepo\dotnet-monorepo\src\artifacts\bin\GithubApi.Tests\release_win-x64\GithubApi.Tests.dll" adapterTypeName="executor://mstestadapter/v2" className="GithubApi.Tests.RepositoriesIntegrationTests" name="TestGetRepositoryAsync" />
    </UnitTest>
    <UnitTest name="TestGetReleasesAsync" storage="d:\a\dotnet-monorepo\dotnet-monorepo\src\artifacts\bin\githubapi.tests\release_win-x64\githubapi.tests.dll" id="92c7dc40-b765-efc1-18fc-5f4b1ac0111f">
      <Execution id="c8f97b11-5dc2-4318-997e-465fcb436c48" />
      <TestMethod codeBase="D:\a\dotnet-monorepo\dotnet-monorepo\src\artifacts\bin\GithubApi.Tests\release_win-x64\GithubApi.Tests.dll" adapterTypeName="executor://mstestadapter/v2" className="GithubApi.Tests.ReleasesIntegrationTests" name="TestGetReleasesAsync" />
    </UnitTest>
    <UnitTest name="TestGetNextUri" storage="d:\a\dotnet-monorepo\dotnet-monorepo\src\artifacts\bin\githubapi.tests\release_win-x64\githubapi.tests.dll" id="28f7566a-9810-bcfe-c1c2-5fcfb197ba6d">
      <Execution id="7c613b7f-6788-4ad5-934b-4d0080ec9fd3" />
      <TestMethod codeBase="D:\a\dotnet-monorepo\dotnet-monorepo\src\artifacts\bin\GithubApi.Tests\release_win-x64\GithubApi.Tests.dll" adapterTypeName="executor://mstestadapter/v2" className="GithubApi.Tests.LinkParserTests" name="TestGetNextUri" />
    </UnitTest>
    <UnitTest name="TestGetAuthenticatedUser" storage="d:\a\dotnet-monorepo\dotnet-monorepo\src\artifacts\bin\githubapi.tests\release_win-x64\githubapi.tests.dll" id="18e3bf83-b852-f57a-8be8-d3201868483f">
      <Execution id="33678d4d-7de7-4daf-a0b3-a4504d8b0ba0" />
      <TestMethod codeBase="D:\a\dotnet-monorepo\dotnet-monorepo\src\artifacts\bin\GithubApi.Tests\release_win-x64\GithubApi.Tests.dll" adapterTypeName="executor://mstestadapter/v2" className="GithubApi.Tests.UsersIntegrationTests" name="TestGetAuthenticatedUser" />
    </UnitTest>
    <UnitTest name="TestGetNonexistentUserAsync" storage="d:\a\dotnet-monorepo\dotnet-monorepo\src\artifacts\bin\githubapi.tests\release_win-x64\githubapi.tests.dll" id="2eefcad6-faf7-7cc7-9c2f-dca48c77896c">
      <Execution id="e25b8511-c59b-4b2e-a29d-6ab477189905" />
      <TestMethod codeBase="D:\a\dotnet-monorepo\dotnet-monorepo\src\artifacts\bin\GithubApi.Tests\release_win-x64\GithubApi.Tests.dll" adapterTypeName="executor://mstestadapter/v2" className="GithubApi.Tests.UsersIntegrationTests" name="TestGetNonexistentUserAsync" />
    </UnitTest>
    <UnitTest name="TestGetReleaseAssetsAsync" storage="d:\a\dotnet-monorepo\dotnet-monorepo\src\artifacts\bin\githubapi.tests\release_win-x64\githubapi.tests.dll" id="7cd10470-c134-ff49-b160-52fb039d37a7">
      <Execution id="cb28e85a-7f47-44de-9380-8b0ffefd47b4" />
      <TestMethod codeBase="D:\a\dotnet-monorepo\dotnet-monorepo\src\artifacts\bin\GithubApi.Tests\release_win-x64\GithubApi.Tests.dll" adapterTypeName="executor://mstestadapter/v2" className="GithubApi.Tests.ReleasesIntegrationTests" name="TestGetReleaseAssetsAsync" />
    </UnitTest>
  </TestDefinitions>
  <TestEntries>
    <TestEntry testId="a927e0e6-cfb7-42b0-d7b8-248ae94ffe95" executionId="33b92b97-9ffe-4966-9fb6-d4af6320d30e" testListId="8c84fa94-04c1-424b-9868-57a2d4851a1d" />
    <TestEntry testId="18e3bf83-b852-f57a-8be8-d3201868483f" executionId="33678d4d-7de7-4daf-a0b3-a4504d8b0ba0" testListId="8c84fa94-04c1-424b-9868-57a2d4851a1d" />
    <TestEntry testId="6d99fdb5-4856-aa0f-b6de-3f28ad0663eb" executionId="56ae9e3d-514d-4da9-a821-6277fe6c7f73" testListId="8c84fa94-04c1-424b-9868-57a2d4851a1d" />
    <TestEntry testId="7cd10470-c134-ff49-b160-52fb039d37a7" executionId="cb28e85a-7f47-44de-9380-8b0ffefd47b4" testListId="8c84fa94-04c1-424b-9868-57a2d4851a1d" />
    <TestEntry testId="28f7566a-9810-bcfe-c1c2-5fcfb197ba6d" executionId="7c613b7f-6788-4ad5-934b-4d0080ec9fd3" testListId="8c84fa94-04c1-424b-9868-57a2d4851a1d" />
    <TestEntry testId="2000ca48-da97-6fa3-733d-4dd9907e20f2" executionId="75ac527d-7af8-47cb-b8a5-9091cb7b9640" testListId="8c84fa94-04c1-424b-9868-57a2d4851a1d" />
    <TestEntry testId="2eefcad6-faf7-7cc7-9c2f-dca48c77896c" executionId="e25b8511-c59b-4b2e-a29d-6ab477189905" testListId="8c84fa94-04c1-424b-9868-57a2d4851a1d" />
    <TestEntry testId="fa4561c9-2a7e-735f-4063-3029bfedba0b" executionId="97b4a814-2fa3-498c-9f46-c0a72d9874db" testListId="8c84fa94-04c1-424b-9868-57a2d4851a1d" />
    <TestEntry testId="92c7dc40-b765-efc1-18fc-5f4b1ac0111f" executionId="c8f97b11-5dc2-4318-997e-465fcb436c48" testListId="8c84fa94-04c1-424b-9868-57a2d4851a1d" />
  </TestEntries>
  <TestLists>
    <TestList name="Results Not in a List" id="8c84fa94-04c1-424b-9868-57a2d4851a1d" />
    <TestList name="All Loaded Results" id="19431567-8539-422a-85d7-44ee4e166bda" />
  </TestLists>
  <ResultSummary outcome="Completed">
    <Counters total="9" executed="9" passed="9" failed="0" error="0" timeout="0" aborted="0" inconclusive="0" passedButRunAborted="0" notRunnable="0" notExecuted="0" disconnected="0" warning="0" completed="0" inProgress="0" pending="0" />
  </ResultSummary>
</TestRun>