<?xml version="1.0" encoding="utf-8"?>
<TestRun id="6f5e672c-9864-478d-b530-615d970d11da" name="runneradmin@fv-az1564-133 2024-06-25 23:13:30" runUser="fv-az1564-133\runneradmin" xmlns="http://microsoft.com/schemas/VisualStudio/TeamTest/2010">
  <Times creation="2024-06-25T23:13:30.9272688+00:00" queuing="2024-06-25T23:13:30.9272689+00:00" start="2024-06-25T23:13:29.0346514+00:00" finish="2024-06-25T23:13:32.9868884+00:00" />
  <TestSettings name="default" id="60ecc9d8-f6f3-47cc-af50-b3b2593f2c01">
    <Deployment runDeploymentRoot="runneradmin_fv-az1564-133_2024-06-25_23_13_30" />
  </TestSettings>
  <Results>
    <UnitTestResult executionId="01cbab1c-42eb-4e0a-9336-a00974090aa3" testId="2000ca48-da97-6fa3-733d-4dd9907e20f2" testName="TestGetUserAsync" computerName="fv-az1564-133" duration="00:00:00.3022202" startTime="2024-06-25T23:13:32.3836061+00:00" endTime="2024-06-25T23:13:32.6860217+00:00" testType="13cdc9d9-ddb5-4fa4-a97d-d965ccfc6d4b" outcome="Passed" testListId="8c84fa94-04c1-424b-9868-57a2d4851a1d" relativeResultsDirectory="01cbab1c-42eb-4e0a-9336-a00974090aa3" />
    <UnitTestResult executionId="8d304136-dc97-4297-8314-f4f0b2cf5ff4" testId="7cd10470-c134-ff49-b160-52fb039d37a7" testName="TestGetReleaseAssetsAsync" computerName="fv-az1564-133" duration="00:00:00.4415935" startTime="2024-06-25T23:13:30.4005464+00:00" endTime="2024-06-25T23:13:30.8423650+00:00" testType="13cdc9d9-ddb5-4fa4-a97d-d965ccfc6d4b" outcome="Passed" testListId="8c84fa94-04c1-424b-9868-57a2d4851a1d" relativeResultsDirectory="8d304136-dc97-4297-8314-f4f0b2cf5ff4" />
    <UnitTestResult executionId="7c9ba2de-b90c-4981-a7f5-95f2acebdb95" testId="2eefcad6-faf7-7cc7-9c2f-dca48c77896c" testName="TestGetNonexistentUserAsync" computerName="fv-az1564-133" duration="00:00:00.2526510" startTime="2024-06-25T23:13:32.6861375+00:00" endTime="2024-06-25T23:13:32.9397033+00:00" testType="13cdc9d9-ddb5-4fa4-a97d-d965ccfc6d4b" outcome="Passed" testListId="8c84fa94-04c1-424b-9868-57a2d4851a1d" relativeResultsDirectory="7c9ba2de-b90c-4981-a7f5-95f2acebdb95" />
    <UnitTestResult executionId="5f49697d-691c-405b-8e4a-0e63140f6207" testId="18e3bf83-b852-f57a-8be8-d3201868483f" testName="TestGetAuthenticatedUser" computerName="fv-az1564-133" duration="00:00:00.2410836" startTime="2024-06-25T23:13:32.1421003+00:00" endTime="2024-06-25T23:13:32.3835145+00:00" testType="13cdc9d9-ddb5-4fa4-a97d-d965ccfc6d4b" outcome="Passed" testListId="8c84fa94-04c1-424b-9868-57a2d4851a1d" relativeResultsDirectory="5f49697d-691c-405b-8e4a-0e63140f6207" />
    <UnitTestResult executionId="feadf9ef-56a1-4042-922d-e6d55ae0ad55" testId="fa4561c9-2a7e-735f-4063-3029bfedba0b" testName="TestGetRepositoryAsync" computerName="fv-az1564-133" duration="00:00:00.3653254" startTime="2024-06-25T23:13:31.5180352+00:00" endTime="2024-06-25T23:13:31.8839625+00:00" testType="13cdc9d9-ddb5-4fa4-a97d-d965ccfc6d4b" outcome="Passed" testListId="8c84fa94-04c1-424b-9868-57a2d4851a1d" relativeResultsDirectory="feadf9ef-56a1-4042-922d-e6d55ae0ad55" />
    <UnitTestResult executionId="57961d99-a6ce-42e1-b5ca-30ad2246e4b3" testId="92c7dc40-b765-efc1-18fc-5f4b1ac0111f" testName="TestGetReleasesAsync" computerName="fv-az1564-133" duration="00:00:00.9238084" startTime="2024-06-25T23:13:29.4761757+00:00" endTime="2024-06-25T23:13:30.4002406+00:00" testType="13cdc9d9-ddb5-4fa4-a97d-d965ccfc6d4b" outcome="Passed" testListId="8c84fa94-04c1-424b-9868-57a2d4851a1d" relativeResultsDirectory="57961d99-a6ce-42e1-b5ca-30ad2246e4b3" />
    <UnitTestResult executionId="745b2417-d557-4c77-a0f8-e8fc1d7711e2" testId="6d99fdb5-4856-aa0f-b6de-3f28ad0663eb" testName="TestGetNonexistentRepositoryAsync" computerName="fv-az1564-133" duration="00:00:00.2577217" startTime="2024-06-25T23:13:31.8840828+00:00" endTime="2024-06-25T23:13:32.1420229+00:00" testType="13cdc9d9-ddb5-4fa4-a97d-d965ccfc6d4b" outcome="Passed" testListId="8c84fa94-04c1-424b-9868-57a2d4851a1d" relativeResultsDirectory="745b2417-d557-4c77-a0f8-e8fc1d7711e2" />
    <UnitTestResult executionId="ac6eeb52-6839-40b7-ad92-bdb9899da2e9" testId="a927e0e6-cfb7-42b0-d7b8-248ae94ffe95" testName="TestDownloadReleaseAsync" computerName="fv-az1564-133" duration="00:00:00.6752312" startTime="2024-06-25T23:13:30.8424530+00:00" endTime="2024-06-25T23:13:31.5179217+00:00" testType="13cdc9d9-ddb5-4fa4-a97d-d965ccfc6d4b" outcome="Passed" testListId="8c84fa94-04c1-424b-9868-57a2d4851a1d" relativeResultsDirectory="ac6eeb52-6839-40b7-ad92-bdb9899da2e9" />
    <UnitTestResult executionId="29c60e72-5378-440c-a90a-c185562af972" testId="28f7566a-9810-bcfe-c1c2-5fcfb197ba6d" testName="TestGetNextUri" computerName="fv-az1564-133" duration="00:00:00.0041840" startTime="2024-06-25T23:13:29.4574208+00:00" endTime="2024-06-25T23:13:29.4720562+00:00" testType="13cdc9d9-ddb5-4fa4-a97d-d965ccfc6d4b" outcome="Passed" testListId="8c84fa94-04c1-424b-9868-57a2d4851a1d" relativeResultsDirectory="29c60e72-5378-440c-a90a-c185562af972" />
  </Results>
  <TestDefinitions>
    <UnitTest name="TestGetUserAsync" storage="d:\a\dotnet-monorepo\dotnet-monorepo\src\artifacts\bin\githubapi.tests\release_win-x64\githubapi.tests.dll" id="2000ca48-da97-6fa3-733d-4dd9907e20f2">
      <Execution id="01cbab1c-42eb-4e0a-9336-a00974090aa3" />
      <TestMethod codeBase="D:\a\dotnet-monorepo\dotnet-monorepo\src\artifacts\bin\GithubApi.Tests\release_win-x64\GithubApi.Tests.dll" adapterTypeName="executor://mstestadapter/v2" className="GithubApi.Tests.UsersIntegrationTests" name="TestGetUserAsync" />
    </UnitTest>
    <UnitTest name="TestGetNonexistentRepositoryAsync" storage="d:\a\dotnet-monorepo\dotnet-monorepo\src\artifacts\bin\githubapi.tests\release_win-x64\githubapi.tests.dll" id="6d99fdb5-4856-aa0f-b6de-3f28ad0663eb">
      <Execution id="745b2417-d557-4c77-a0f8-e8fc1d7711e2" />
      <TestMethod codeBase="D:\a\dotnet-monorepo\dotnet-monorepo\src\artifacts\bin\GithubApi.Tests\release_win-x64\GithubApi.Tests.dll" adapterTypeName="executor://mstestadapter/v2" className="GithubApi.Tests.RepositoriesIntegrationTests" name="TestGetNonexistentRepositoryAsync" />
    </UnitTest>
    <UnitTest name="TestDownloadReleaseAsync" storage="d:\a\dotnet-monorepo\dotnet-monorepo\src\artifacts\bin\githubapi.tests\release_win-x64\githubapi.tests.dll" id="a927e0e6-cfb7-42b0-d7b8-248ae94ffe95">
      <Execution id="ac6eeb52-6839-40b7-ad92-bdb9899da2e9" />
      <TestMethod codeBase="D:\a\dotnet-monorepo\dotnet-monorepo\src\artifacts\bin\GithubApi.Tests\release_win-x64\GithubApi.Tests.dll" adapterTypeName="executor://mstestadapter/v2" className="GithubApi.Tests.ReleasesIntegrationTests" name="TestDownloadReleaseAsync" />
    </UnitTest>
    <UnitTest name="TestGetRepositoryAsync" storage="d:\a\dotnet-monorepo\dotnet-monorepo\src\artifacts\bin\githubapi.tests\release_win-x64\githubapi.tests.dll" id="fa4561c9-2a7e-735f-4063-3029bfedba0b">
      <Execution id="feadf9ef-56a1-4042-922d-e6d55ae0ad55" />
      <TestMethod codeBase="D:\a\dotnet-monorepo\dotnet-monorepo\src\artifacts\bin\GithubApi.Tests\release_win-x64\GithubApi.Tests.dll" adapterTypeName="executor://mstestadapter/v2" className="GithubApi.Tests.RepositoriesIntegrationTests" name="TestGetRepositoryAsync" />
    </UnitTest>
    <UnitTest name="TestGetReleasesAsync" storage="d:\a\dotnet-monorepo\dotnet-monorepo\src\artifacts\bin\githubapi.tests\release_win-x64\githubapi.tests.dll" id="92c7dc40-b765-efc1-18fc-5f4b1ac0111f">
      <Execution id="57961d99-a6ce-42e1-b5ca-30ad2246e4b3" />
      <TestMethod codeBase="D:\a\dotnet-monorepo\dotnet-monorepo\src\artifacts\bin\GithubApi.Tests\release_win-x64\GithubApi.Tests.dll" adapterTypeName="executor://mstestadapter/v2" className="GithubApi.Tests.ReleasesIntegrationTests" name="TestGetReleasesAsync" />
    </UnitTest>
    <UnitTest name="TestGetNextUri" storage="d:\a\dotnet-monorepo\dotnet-monorepo\src\artifacts\bin\githubapi.tests\release_win-x64\githubapi.tests.dll" id="28f7566a-9810-bcfe-c1c2-5fcfb197ba6d">
      <Execution id="29c60e72-5378-440c-a90a-c185562af972" />
      <TestMethod codeBase="D:\a\dotnet-monorepo\dotnet-monorepo\src\artifacts\bin\GithubApi.Tests\release_win-x64\GithubApi.Tests.dll" adapterTypeName="executor://mstestadapter/v2" className="GithubApi.Tests.LinkParserTests" name="TestGetNextUri" />
    </UnitTest>
    <UnitTest name="TestGetAuthenticatedUser" storage="d:\a\dotnet-monorepo\dotnet-monorepo\src\artifacts\bin\githubapi.tests\release_win-x64\githubapi.tests.dll" id="18e3bf83-b852-f57a-8be8-d3201868483f">
      <Execution id="5f49697d-691c-405b-8e4a-0e63140f6207" />
      <TestMethod codeBase="D:\a\dotnet-monorepo\dotnet-monorepo\src\artifacts\bin\GithubApi.Tests\release_win-x64\GithubApi.Tests.dll" adapterTypeName="executor://mstestadapter/v2" className="GithubApi.Tests.UsersIntegrationTests" name="TestGetAuthenticatedUser" />
    </UnitTest>
    <UnitTest name="TestGetNonexistentUserAsync" storage="d:\a\dotnet-monorepo\dotnet-monorepo\src\artifacts\bin\githubapi.tests\release_win-x64\githubapi.tests.dll" id="2eefcad6-faf7-7cc7-9c2f-dca48c77896c">
      <Execution id="7c9ba2de-b90c-4981-a7f5-95f2acebdb95" />
      <TestMethod codeBase="D:\a\dotnet-monorepo\dotnet-monorepo\src\artifacts\bin\GithubApi.Tests\release_win-x64\GithubApi.Tests.dll" adapterTypeName="executor://mstestadapter/v2" className="GithubApi.Tests.UsersIntegrationTests" name="TestGetNonexistentUserAsync" />
    </UnitTest>
    <UnitTest name="TestGetReleaseAssetsAsync" storage="d:\a\dotnet-monorepo\dotnet-monorepo\src\artifacts\bin\githubapi.tests\release_win-x64\githubapi.tests.dll" id="7cd10470-c134-ff49-b160-52fb039d37a7">
      <Execution id="8d304136-dc97-4297-8314-f4f0b2cf5ff4" />
      <TestMethod codeBase="D:\a\dotnet-monorepo\dotnet-monorepo\src\artifacts\bin\GithubApi.Tests\release_win-x64\GithubApi.Tests.dll" adapterTypeName="executor://mstestadapter/v2" className="GithubApi.Tests.ReleasesIntegrationTests" name="TestGetReleaseAssetsAsync" />
    </UnitTest>
  </TestDefinitions>
  <TestEntries>
    <TestEntry testId="2000ca48-da97-6fa3-733d-4dd9907e20f2" executionId="01cbab1c-42eb-4e0a-9336-a00974090aa3" testListId="8c84fa94-04c1-424b-9868-57a2d4851a1d" />
    <TestEntry testId="7cd10470-c134-ff49-b160-52fb039d37a7" executionId="8d304136-dc97-4297-8314-f4f0b2cf5ff4" testListId="8c84fa94-04c1-424b-9868-57a2d4851a1d" />
    <TestEntry testId="2eefcad6-faf7-7cc7-9c2f-dca48c77896c" executionId="7c9ba2de-b90c-4981-a7f5-95f2acebdb95" testListId="8c84fa94-04c1-424b-9868-57a2d4851a1d" />
    <TestEntry testId="18e3bf83-b852-f57a-8be8-d3201868483f" executionId="5f49697d-691c-405b-8e4a-0e63140f6207" testListId="8c84fa94-04c1-424b-9868-57a2d4851a1d" />
    <TestEntry testId="fa4561c9-2a7e-735f-4063-3029bfedba0b" executionId="feadf9ef-56a1-4042-922d-e6d55ae0ad55" testListId="8c84fa94-04c1-424b-9868-57a2d4851a1d" />
    <TestEntry testId="92c7dc40-b765-efc1-18fc-5f4b1ac0111f" executionId="57961d99-a6ce-42e1-b5ca-30ad2246e4b3" testListId="8c84fa94-04c1-424b-9868-57a2d4851a1d" />
    <TestEntry testId="6d99fdb5-4856-aa0f-b6de-3f28ad0663eb" executionId="745b2417-d557-4c77-a0f8-e8fc1d7711e2" testListId="8c84fa94-04c1-424b-9868-57a2d4851a1d" />
    <TestEntry testId="a927e0e6-cfb7-42b0-d7b8-248ae94ffe95" executionId="ac6eeb52-6839-40b7-ad92-bdb9899da2e9" testListId="8c84fa94-04c1-424b-9868-57a2d4851a1d" />
    <TestEntry testId="28f7566a-9810-bcfe-c1c2-5fcfb197ba6d" executionId="29c60e72-5378-440c-a90a-c185562af972" testListId="8c84fa94-04c1-424b-9868-57a2d4851a1d" />
  </TestEntries>
  <TestLists>
    <TestList name="Results Not in a List" id="8c84fa94-04c1-424b-9868-57a2d4851a1d" />
    <TestList name="All Loaded Results" id="19431567-8539-422a-85d7-44ee4e166bda" />
  </TestLists>
  <ResultSummary outcome="Completed">
    <Counters total="9" executed="9" passed="9" failed="0" error="0" timeout="0" aborted="0" inconclusive="0" passedButRunAborted="0" notRunnable="0" notExecuted="0" disconnected="0" warning="0" completed="0" inProgress="0" pending="0" />
  </ResultSummary>
</TestRun>