<?xml version="1.0" encoding="utf-8"?>
<TestRun id="dd8eced6-3029-4529-8b21-f40e005c4d23" name="runneradmin@fv-az1564-825 2024-12-21 23:06:43" runUser="fv-az1564-825\runneradmin" xmlns="http://microsoft.com/schemas/VisualStudio/TeamTest/2010">
  <Times creation="2024-12-21T23:06:43.6173081+00:00" queuing="2024-12-21T23:06:43.6173083+00:00" start="2024-12-21T23:06:41.6949698+00:00" finish="2024-12-21T23:06:45.7879464+00:00" />
  <TestSettings name="default" id="726dbca7-e2ac-4b54-b275-2dccb2d364e6">
    <Deployment runDeploymentRoot="runneradmin_fv-az1564-825_2024-12-21_23_06_43" />
  </TestSettings>
  <Results>
    <UnitTestResult executionId="f56dbb7e-f9b5-4db8-8ef9-71bec7e35016" testId="92c7dc40-b765-efc1-18fc-5f4b1ac0111f" testName="TestGetReleasesAsync" computerName="fv-az1564-825" duration="00:00:01.0070874" startTime="2024-12-21T23:06:42.1578383+00:00" endTime="2024-12-21T23:06:43.1653536+00:00" testType="13cdc9d9-ddb5-4fa4-a97d-d965ccfc6d4b" outcome="Passed" testListId="8c84fa94-04c1-424b-9868-57a2d4851a1d" relativeResultsDirectory="f56dbb7e-f9b5-4db8-8ef9-71bec7e35016" />
    <UnitTestResult executionId="da9cd02f-21ab-4c40-991d-5766bc222f25" testId="6d99fdb5-4856-aa0f-b6de-3f28ad0663eb" testName="TestGetNonexistentRepositoryAsync" computerName="fv-az1564-825" duration="00:00:00.2790962" startTime="2024-12-21T23:06:44.6438156+00:00" endTime="2024-12-21T23:06:44.9230989+00:00" testType="13cdc9d9-ddb5-4fa4-a97d-d965ccfc6d4b" outcome="Passed" testListId="8c84fa94-04c1-424b-9868-57a2d4851a1d" relativeResultsDirectory="da9cd02f-21ab-4c40-991d-5766bc222f25" />
    <UnitTestResult executionId="9ab241ee-56c5-40fa-bb62-b07c4586128c" testId="7cd10470-c134-ff49-b160-52fb039d37a7" testName="TestGetReleaseAssetsAsync" computerName="fv-az1564-825" duration="00:00:00.4828599" startTime="2024-12-21T23:06:43.1656754+00:00" endTime="2024-12-21T23:06:43.6487425+00:00" testType="13cdc9d9-ddb5-4fa4-a97d-d965ccfc6d4b" outcome="Passed" testListId="8c84fa94-04c1-424b-9868-57a2d4851a1d" relativeResultsDirectory="9ab241ee-56c5-40fa-bb62-b07c4586128c" />
    <UnitTestResult executionId="a8d8137a-ee0c-42aa-8bde-8decbde0f293" testId="2eefcad6-faf7-7cc7-9c2f-dca48c77896c" testName="TestGetNonexistentUserAsync" computerName="fv-az1564-825" duration="00:00:00.2621789" startTime="2024-12-21T23:06:45.4777498+00:00" endTime="2024-12-21T23:06:45.7411841+00:00" testType="13cdc9d9-ddb5-4fa4-a97d-d965ccfc6d4b" outcome="Passed" testListId="8c84fa94-04c1-424b-9868-57a2d4851a1d" relativeResultsDirectory="a8d8137a-ee0c-42aa-8bde-8decbde0f293" />
    <UnitTestResult executionId="52ca59e9-55cf-412f-a7c7-bde769c5df02" testId="fa4561c9-2a7e-735f-4063-3029bfedba0b" testName="TestGetRepositoryAsync" computerName="fv-az1564-825" duration="00:00:00.3643790" startTime="2024-12-21T23:06:44.2789662+00:00" endTime="2024-12-21T23:06:44.6437136+00:00" testType="13cdc9d9-ddb5-4fa4-a97d-d965ccfc6d4b" outcome="Passed" testListId="8c84fa94-04c1-424b-9868-57a2d4851a1d" relativeResultsDirectory="52ca59e9-55cf-412f-a7c7-bde769c5df02" />
    <UnitTestResult executionId="5a59e977-0059-48bb-af11-5e804bee46e8" testId="a927e0e6-cfb7-42b0-d7b8-248ae94ffe95" testName="TestDownloadReleaseAsync" computerName="fv-az1564-825" duration="00:00:00.6297566" startTime="2024-12-21T23:06:43.6488432+00:00" endTime="2024-12-21T23:06:44.2788423+00:00" testType="13cdc9d9-ddb5-4fa4-a97d-d965ccfc6d4b" outcome="Passed" testListId="8c84fa94-04c1-424b-9868-57a2d4851a1d" relativeResultsDirectory="5a59e977-0059-48bb-af11-5e804bee46e8" />
    <UnitTestResult executionId="f1c10d39-24bb-4352-b5ae-1b8bb07a765f" testId="28f7566a-9810-bcfe-c1c2-5fcfb197ba6d" testName="TestGetNextUri" computerName="fv-az1564-825" duration="00:00:00.0054309" startTime="2024-12-21T23:06:42.1306460+00:00" endTime="2024-12-21T23:06:42.1539768+00:00" testType="13cdc9d9-ddb5-4fa4-a97d-d965ccfc6d4b" outcome="Passed" testListId="8c84fa94-04c1-424b-9868-57a2d4851a1d" relativeResultsDirectory="f1c10d39-24bb-4352-b5ae-1b8bb07a765f" />
    <UnitTestResult executionId="fd70f598-0b10-45e4-9c87-1596455b9b3d" testId="2000ca48-da97-6fa3-733d-4dd9907e20f2" testName="TestGetUserAsync" computerName="fv-az1564-825" duration="00:00:00.3034684" startTime="2024-12-21T23:06:45.1740341+00:00" endTime="2024-12-21T23:06:45.4776663+00:00" testType="13cdc9d9-ddb5-4fa4-a97d-d965ccfc6d4b" outcome="Passed" testListId="8c84fa94-04c1-424b-9868-57a2d4851a1d" relativeResultsDirectory="fd70f598-0b10-45e4-9c87-1596455b9b3d" />
    <UnitTestResult executionId="bb9735cc-46ff-4a06-a235-841f32eed293" testId="18e3bf83-b852-f57a-8be8-d3201868483f" testName="TestGetAuthenticatedUser" computerName="fv-az1564-825" duration="00:00:00.2504637" startTime="2024-12-21T23:06:44.9231908+00:00" endTime="2024-12-21T23:06:45.1739413+00:00" testType="13cdc9d9-ddb5-4fa4-a97d-d965ccfc6d4b" outcome="Passed" testListId="8c84fa94-04c1-424b-9868-57a2d4851a1d" relativeResultsDirectory="bb9735cc-46ff-4a06-a235-841f32eed293" />
  </Results>
  <TestDefinitions>
    <UnitTest name="TestGetUserAsync" storage="d:\a\dotnet-monorepo\dotnet-monorepo\src\artifacts\bin\githubapi.tests\release_win-x64\githubapi.tests.dll" id="2000ca48-da97-6fa3-733d-4dd9907e20f2">
      <Execution id="fd70f598-0b10-45e4-9c87-1596455b9b3d" />
      <TestMethod codeBase="D:\a\dotnet-monorepo\dotnet-monorepo\src\artifacts\bin\GithubApi.Tests\release_win-x64\GithubApi.Tests.dll" adapterTypeName="executor://mstestadapter/v2" className="GithubApi.Tests.UsersIntegrationTests" name="TestGetUserAsync" />
    </UnitTest>
    <UnitTest name="TestGetNonexistentRepositoryAsync" storage="d:\a\dotnet-monorepo\dotnet-monorepo\src\artifacts\bin\githubapi.tests\release_win-x64\githubapi.tests.dll" id="6d99fdb5-4856-aa0f-b6de-3f28ad0663eb">
      <Execution id="da9cd02f-21ab-4c40-991d-5766bc222f25" />
      <TestMethod codeBase="D:\a\dotnet-monorepo\dotnet-monorepo\src\artifacts\bin\GithubApi.Tests\release_win-x64\GithubApi.Tests.dll" adapterTypeName="executor://mstestadapter/v2" className="GithubApi.Tests.RepositoriesIntegrationTests" name="TestGetNonexistentRepositoryAsync" />
    </UnitTest>
    <UnitTest name="TestDownloadReleaseAsync" storage="d:\a\dotnet-monorepo\dotnet-monorepo\src\artifacts\bin\githubapi.tests\release_win-x64\githubapi.tests.dll" id="a927e0e6-cfb7-42b0-d7b8-248ae94ffe95">
      <Execution id="5a59e977-0059-48bb-af11-5e804bee46e8" />
      <TestMethod codeBase="D:\a\dotnet-monorepo\dotnet-monorepo\src\artifacts\bin\GithubApi.Tests\release_win-x64\GithubApi.Tests.dll" adapterTypeName="executor://mstestadapter/v2" className="GithubApi.Tests.ReleasesIntegrationTests" name="TestDownloadReleaseAsync" />
    </UnitTest>
    <UnitTest name="TestGetRepositoryAsync" storage="d:\a\dotnet-monorepo\dotnet-monorepo\src\artifacts\bin\githubapi.tests\release_win-x64\githubapi.tests.dll" id="fa4561c9-2a7e-735f-4063-3029bfedba0b">
      <Execution id="52ca59e9-55cf-412f-a7c7-bde769c5df02" />
      <TestMethod codeBase="D:\a\dotnet-monorepo\dotnet-monorepo\src\artifacts\bin\GithubApi.Tests\release_win-x64\GithubApi.Tests.dll" adapterTypeName="executor://mstestadapter/v2" className="GithubApi.Tests.RepositoriesIntegrationTests" name="TestGetRepositoryAsync" />
    </UnitTest>
    <UnitTest name="TestGetReleasesAsync" storage="d:\a\dotnet-monorepo\dotnet-monorepo\src\artifacts\bin\githubapi.tests\release_win-x64\githubapi.tests.dll" id="92c7dc40-b765-efc1-18fc-5f4b1ac0111f">
      <Execution id="f56dbb7e-f9b5-4db8-8ef9-71bec7e35016" />
      <TestMethod codeBase="D:\a\dotnet-monorepo\dotnet-monorepo\src\artifacts\bin\GithubApi.Tests\release_win-x64\GithubApi.Tests.dll" adapterTypeName="executor://mstestadapter/v2" className="GithubApi.Tests.ReleasesIntegrationTests" name="TestGetReleasesAsync" />
    </UnitTest>
    <UnitTest name="TestGetNextUri" storage="d:\a\dotnet-monorepo\dotnet-monorepo\src\artifacts\bin\githubapi.tests\release_win-x64\githubapi.tests.dll" id="28f7566a-9810-bcfe-c1c2-5fcfb197ba6d">
      <Execution id="f1c10d39-24bb-4352-b5ae-1b8bb07a765f" />
      <TestMethod codeBase="D:\a\dotnet-monorepo\dotnet-monorepo\src\artifacts\bin\GithubApi.Tests\release_win-x64\GithubApi.Tests.dll" adapterTypeName="executor://mstestadapter/v2" className="GithubApi.Tests.LinkParserTests" name="TestGetNextUri" />
    </UnitTest>
    <UnitTest name="TestGetAuthenticatedUser" storage="d:\a\dotnet-monorepo\dotnet-monorepo\src\artifacts\bin\githubapi.tests\release_win-x64\githubapi.tests.dll" id="18e3bf83-b852-f57a-8be8-d3201868483f">
      <Execution id="bb9735cc-46ff-4a06-a235-841f32eed293" />
      <TestMethod codeBase="D:\a\dotnet-monorepo\dotnet-monorepo\src\artifacts\bin\GithubApi.Tests\release_win-x64\GithubApi.Tests.dll" adapterTypeName="executor://mstestadapter/v2" className="GithubApi.Tests.UsersIntegrationTests" name="TestGetAuthenticatedUser" />
    </UnitTest>
    <UnitTest name="TestGetNonexistentUserAsync" storage="d:\a\dotnet-monorepo\dotnet-monorepo\src\artifacts\bin\githubapi.tests\release_win-x64\githubapi.tests.dll" id="2eefcad6-faf7-7cc7-9c2f-dca48c77896c">
      <Execution id="a8d8137a-ee0c-42aa-8bde-8decbde0f293" />
      <TestMethod codeBase="D:\a\dotnet-monorepo\dotnet-monorepo\src\artifacts\bin\GithubApi.Tests\release_win-x64\GithubApi.Tests.dll" adapterTypeName="executor://mstestadapter/v2" className="GithubApi.Tests.UsersIntegrationTests" name="TestGetNonexistentUserAsync" />
    </UnitTest>
    <UnitTest name="TestGetReleaseAssetsAsync" storage="d:\a\dotnet-monorepo\dotnet-monorepo\src\artifacts\bin\githubapi.tests\release_win-x64\githubapi.tests.dll" id="7cd10470-c134-ff49-b160-52fb039d37a7">
      <Execution id="9ab241ee-56c5-40fa-bb62-b07c4586128c" />
      <TestMethod codeBase="D:\a\dotnet-monorepo\dotnet-monorepo\src\artifacts\bin\GithubApi.Tests\release_win-x64\GithubApi.Tests.dll" adapterTypeName="executor://mstestadapter/v2" className="GithubApi.Tests.ReleasesIntegrationTests" name="TestGetReleaseAssetsAsync" />
    </UnitTest>
  </TestDefinitions>
  <TestEntries>
    <TestEntry testId="92c7dc40-b765-efc1-18fc-5f4b1ac0111f" executionId="f56dbb7e-f9b5-4db8-8ef9-71bec7e35016" testListId="8c84fa94-04c1-424b-9868-57a2d4851a1d" />
    <TestEntry testId="6d99fdb5-4856-aa0f-b6de-3f28ad0663eb" executionId="da9cd02f-21ab-4c40-991d-5766bc222f25" testListId="8c84fa94-04c1-424b-9868-57a2d4851a1d" />
    <TestEntry testId="7cd10470-c134-ff49-b160-52fb039d37a7" executionId="9ab241ee-56c5-40fa-bb62-b07c4586128c" testListId="8c84fa94-04c1-424b-9868-57a2d4851a1d" />
    <TestEntry testId="2eefcad6-faf7-7cc7-9c2f-dca48c77896c" executionId="a8d8137a-ee0c-42aa-8bde-8decbde0f293" testListId="8c84fa94-04c1-424b-9868-57a2d4851a1d" />
    <TestEntry testId="fa4561c9-2a7e-735f-4063-3029bfedba0b" executionId="52ca59e9-55cf-412f-a7c7-bde769c5df02" testListId="8c84fa94-04c1-424b-9868-57a2d4851a1d" />
    <TestEntry testId="a927e0e6-cfb7-42b0-d7b8-248ae94ffe95" executionId="5a59e977-0059-48bb-af11-5e804bee46e8" testListId="8c84fa94-04c1-424b-9868-57a2d4851a1d" />
    <TestEntry testId="28f7566a-9810-bcfe-c1c2-5fcfb197ba6d" executionId="f1c10d39-24bb-4352-b5ae-1b8bb07a765f" testListId="8c84fa94-04c1-424b-9868-57a2d4851a1d" />
    <TestEntry testId="2000ca48-da97-6fa3-733d-4dd9907e20f2" executionId="fd70f598-0b10-45e4-9c87-1596455b9b3d" testListId="8c84fa94-04c1-424b-9868-57a2d4851a1d" />
    <TestEntry testId="18e3bf83-b852-f57a-8be8-d3201868483f" executionId="bb9735cc-46ff-4a06-a235-841f32eed293" testListId="8c84fa94-04c1-424b-9868-57a2d4851a1d" />
  </TestEntries>
  <TestLists>
    <TestList name="Results Not in a List" id="8c84fa94-04c1-424b-9868-57a2d4851a1d" />
    <TestList name="All Loaded Results" id="19431567-8539-422a-85d7-44ee4e166bda" />
  </TestLists>
  <ResultSummary outcome="Completed">
    <Counters total="9" executed="9" passed="9" failed="0" error="0" timeout="0" aborted="0" inconclusive="0" passedButRunAborted="0" notRunnable="0" notExecuted="0" disconnected="0" warning="0" completed="0" inProgress="0" pending="0" />
  </ResultSummary>
</TestRun>