<?xml version="1.0" encoding="utf-8"?>
<TestRun id="78e9f86b-4c55-4117-9005-7a19732aa608" name="runneradmin@runnervmvmocb 2026-09-19 18:49:00" runUser="runnervmvmocb\runneradmin" xmlns="http://microsoft.com/schemas/VisualStudio/TeamTest/2010">
  <Times creation="2026-09-19T18:49:00.8647700+00:00" queuing="2026-09-19T18:49:00.8647702+00:00" start="2026-09-19T18:48:58.9432922+00:00" finish="2026-09-19T18:49:01.3978084+00:00" />
  <TestSettings name="default" id="7f42027e-46fb-4007-89e9-ed7b85abedad">
    <Deployment runDeploymentRoot="runneradmin_runnervmvmocb_2026-09-19_18_49_00" />
  </TestSettings>
  <Results>
    <UnitTestResult executionId="433c70bf-3e1a-4658-bd2c-71ff1c180df2" testId="11648722-da09-8fb2-813e-43f4f43779cb" testName="TestGetUserAsync" computerName="runnervmvmocb" duration="00:00:00.1660586" startTime="2026-09-19T18:48:59.7072639+00:00" endTime="2026-09-19T18:48:59.8740177+00:00" testType="13cdc9d9-ddb5-4fa4-a97d-d965ccfc6d4b" outcome="Passed" testListId="8c84fa94-04c1-424b-9868-57a2d4851a1d" relativeResultsDirectory="433c70bf-3e1a-4658-bd2c-71ff1c180df2" />
    <UnitTestResult executionId="22a43e3b-6837-4f7a-aada-2972c033a0c5" testId="1a1aef18-7e3b-8a9a-aaac-fcd88f6318db" testName="TestGetRepositoryAsync" computerName="runnervmvmocb" duration="00:00:00.3668306" startTime="2026-09-19T18:48:59.4712056+00:00" endTime="2026-09-19T18:48:59.8612399+00:00" testType="13cdc9d9-ddb5-4fa4-a97d-d965ccfc6d4b" outcome="Passed" testListId="8c84fa94-04c1-424b-9868-57a2d4851a1d" relativeResultsDirectory="22a43e3b-6837-4f7a-aada-2972c033a0c5" />
    <UnitTestResult executionId="8e88f997-3f59-41dc-844f-ae43adde2079" testId="1f81dc0a-a35d-8e4b-900c-c857cd2ba52d" testName="TestGetReleaseAssetsAsync" computerName="runnervmvmocb" duration="00:00:00.2975641" startTime="2026-09-19T18:49:00.8260905+00:00" endTime="2026-09-19T18:49:01.1237317+00:00" testType="13cdc9d9-ddb5-4fa4-a97d-d965ccfc6d4b" outcome="Passed" testListId="8c84fa94-04c1-424b-9868-57a2d4851a1d" relativeResultsDirectory="8e88f997-3f59-41dc-844f-ae43adde2079" />
    <UnitTestResult executionId="d87e3fa0-fa4a-4e6e-aa23-755a33c095c0" testId="11062eee-0092-8af4-bb8e-c2f85c67c1e6" testName="TestGetReleasesAsync" computerName="runnervmvmocb" duration="00:00:01.3316127" startTime="2026-09-19T18:48:59.4711893+00:00" endTime="2026-09-19T18:49:00.8259378+00:00" testType="13cdc9d9-ddb5-4fa4-a97d-d965ccfc6d4b" outcome="Passed" testListId="8c84fa94-04c1-424b-9868-57a2d4851a1d" relativeResultsDirectory="d87e3fa0-fa4a-4e6e-aa23-755a33c095c0" />
    <UnitTestResult executionId="9d5d5b14-2e06-4f58-8d94-e0b110fe9acb" testId="1c14f537-4caa-8ff4-9210-91e20d28a39d" testName="TestGetAuthenticatedUser" computerName="runnervmvmocb" duration="00:00:00.1834642" startTime="2026-09-19T18:48:59.5209295+00:00" endTime="2026-09-19T18:48:59.7068135+00:00" testType="13cdc9d9-ddb5-4fa4-a97d-d965ccfc6d4b" outcome="Passed" testListId="8c84fa94-04c1-424b-9868-57a2d4851a1d" relativeResultsDirectory="9d5d5b14-2e06-4f58-8d94-e0b110fe9acb" />
    <UnitTestResult executionId="2bd0326d-c68f-4a28-95f7-d9934dd70613" testId="185bbe02-6041-87d2-bb67-0db2077db565" testName="TestGetNonexistentUserAsync" computerName="runnervmvmocb" duration="00:00:00.1493374" startTime="2026-09-19T18:48:59.8740841+00:00" endTime="2026-09-19T18:49:00.0234998+00:00" testType="13cdc9d9-ddb5-4fa4-a97d-d965ccfc6d4b" outcome="Passed" testListId="8c84fa94-04c1-424b-9868-57a2d4851a1d" relativeResultsDirectory="2bd0326d-c68f-4a28-95f7-d9934dd70613" />
    <UnitTestResult executionId="60d6205c-7292-46f4-a02f-5cc4719c253c" testId="1a44b73e-7666-8061-81ae-af183e095c9f" testName="TestDownloadReleaseAsync" computerName="runnervmvmocb" duration="00:00:00.2015738" startTime="2026-09-19T18:49:01.1238191+00:00" endTime="2026-09-19T18:49:01.3275341+00:00" testType="13cdc9d9-ddb5-4fa4-a97d-d965ccfc6d4b" outcome="Passed" testListId="8c84fa94-04c1-424b-9868-57a2d4851a1d" relativeResultsDirectory="60d6205c-7292-46f4-a02f-5cc4719c253c" />
    <UnitTestResult executionId="5e33fe64-1f5e-40dc-a61e-21051ff5489c" testId="1264c140-1e86-8c1d-8b8d-f264c84a8b07" testName="TestGetNonexistentRepositoryAsync" computerName="runnervmvmocb" duration="00:00:00.1421298" startTime="2026-09-19T18:48:59.8613073+00:00" endTime="2026-09-19T18:49:00.0035987+00:00" testType="13cdc9d9-ddb5-4fa4-a97d-d965ccfc6d4b" outcome="Passed" testListId="8c84fa94-04c1-424b-9868-57a2d4851a1d" relativeResultsDirectory="5e33fe64-1f5e-40dc-a61e-21051ff5489c" />
    <UnitTestResult executionId="f1fa1859-96e9-46fa-af8d-bf3a946bf1c8" testId="1560f7eb-a52c-8073-a670-a88153e53f3f" testName="TestGetNextUri" computerName="runnervmvmocb" duration="00:00:00.0137278" startTime="2026-09-19T18:48:59.4712135+00:00" endTime="2026-09-19T18:48:59.5129812+00:00" testType="13cdc9d9-ddb5-4fa4-a97d-d965ccfc6d4b" outcome="Passed" testListId="8c84fa94-04c1-424b-9868-57a2d4851a1d" relativeResultsDirectory="f1fa1859-96e9-46fa-af8d-bf3a946bf1c8" />
  </Results>
  <TestDefinitions>
    <UnitTest name="TestGetNonexistentRepositoryAsync" storage="d:\a\dotnet-monorepo\dotnet-monorepo\src\artifacts\bin\githubapi.tests\release_win-x64\githubapi.tests.dll" id="1264c140-1e86-8c1d-8b8d-f264c84a8b07">
      <Execution id="5e33fe64-1f5e-40dc-a61e-21051ff5489c" />
      <TestMethod codeBase="D:\a\dotnet-monorepo\dotnet-monorepo\src\artifacts\bin\GithubApi.Tests\release_win-x64\GithubApi.Tests.dll" adapterTypeName="executor://mstestadapter/v4" className="GithubApi.Tests.RepositoriesIntegrationTests" name="TestGetNonexistentRepositoryAsync" />
    </UnitTest>
    <UnitTest name="TestGetReleaseAssetsAsync" storage="d:\a\dotnet-monorepo\dotnet-monorepo\src\artifacts\bin\githubapi.tests\release_win-x64\githubapi.tests.dll" id="1f81dc0a-a35d-8e4b-900c-c857cd2ba52d">
      <Execution id="8e88f997-3f59-41dc-844f-ae43adde2079" />
      <TestMethod codeBase="D:\a\dotnet-monorepo\dotnet-monorepo\src\artifacts\bin\GithubApi.Tests\release_win-x64\GithubApi.Tests.dll" adapterTypeName="executor://mstestadapter/v4" className="GithubApi.Tests.ReleasesIntegrationTests" name="TestGetReleaseAssetsAsync" />
    </UnitTest>
    <UnitTest name="TestGetNonexistentUserAsync" storage="d:\a\dotnet-monorepo\dotnet-monorepo\src\artifacts\bin\githubapi.tests\release_win-x64\githubapi.tests.dll" id="185bbe02-6041-87d2-bb67-0db2077db565">
      <Execution id="2bd0326d-c68f-4a28-95f7-d9934dd70613" />
      <TestMethod codeBase="D:\a\dotnet-monorepo\dotnet-monorepo\src\artifacts\bin\GithubApi.Tests\release_win-x64\GithubApi.Tests.dll" adapterTypeName="executor://mstestadapter/v4" className="GithubApi.Tests.UsersIntegrationTests" name="TestGetNonexistentUserAsync" />
    </UnitTest>
    <UnitTest name="TestGetAuthenticatedUser" storage="d:\a\dotnet-monorepo\dotnet-monorepo\src\artifacts\bin\githubapi.tests\release_win-x64\githubapi.tests.dll" id="1c14f537-4caa-8ff4-9210-91e20d28a39d">
      <Execution id="9d5d5b14-2e06-4f58-8d94-e0b110fe9acb" />
      <TestMethod codeBase="D:\a\dotnet-monorepo\dotnet-monorepo\src\artifacts\bin\GithubApi.Tests\release_win-x64\GithubApi.Tests.dll" adapterTypeName="executor://mstestadapter/v4" className="GithubApi.Tests.UsersIntegrationTests" name="TestGetAuthenticatedUser" />
    </UnitTest>
    <UnitTest name="TestGetRepositoryAsync" storage="d:\a\dotnet-monorepo\dotnet-monorepo\src\artifacts\bin\githubapi.tests\release_win-x64\githubapi.tests.dll" id="1a1aef18-7e3b-8a9a-aaac-fcd88f6318db">
      <Execution id="22a43e3b-6837-4f7a-aada-2972c033a0c5" />
      <TestMethod codeBase="D:\a\dotnet-monorepo\dotnet-monorepo\src\artifacts\bin\GithubApi.Tests\release_win-x64\GithubApi.Tests.dll" adapterTypeName="executor://mstestadapter/v4" className="GithubApi.Tests.RepositoriesIntegrationTests" name="TestGetRepositoryAsync" />
    </UnitTest>
    <UnitTest name="TestGetReleasesAsync" storage="d:\a\dotnet-monorepo\dotnet-monorepo\src\artifacts\bin\githubapi.tests\release_win-x64\githubapi.tests.dll" id="11062eee-0092-8af4-bb8e-c2f85c67c1e6">
      <Execution id="d87e3fa0-fa4a-4e6e-aa23-755a33c095c0" />
      <TestMethod codeBase="D:\a\dotnet-monorepo\dotnet-monorepo\src\artifacts\bin\GithubApi.Tests\release_win-x64\GithubApi.Tests.dll" adapterTypeName="executor://mstestadapter/v4" className="GithubApi.Tests.ReleasesIntegrationTests" name="TestGetReleasesAsync" />
    </UnitTest>
    <UnitTest name="TestGetUserAsync" storage="d:\a\dotnet-monorepo\dotnet-monorepo\src\artifacts\bin\githubapi.tests\release_win-x64\githubapi.tests.dll" id="11648722-da09-8fb2-813e-43f4f43779cb">
      <Execution id="433c70bf-3e1a-4658-bd2c-71ff1c180df2" />
      <TestMethod codeBase="D:\a\dotnet-monorepo\dotnet-monorepo\src\artifacts\bin\GithubApi.Tests\release_win-x64\GithubApi.Tests.dll" adapterTypeName="executor://mstestadapter/v4" className="GithubApi.Tests.UsersIntegrationTests" name="TestGetUserAsync" />
    </UnitTest>
    <UnitTest name="TestDownloadReleaseAsync" storage="d:\a\dotnet-monorepo\dotnet-monorepo\src\artifacts\bin\githubapi.tests\release_win-x64\githubapi.tests.dll" id="1a44b73e-7666-8061-81ae-af183e095c9f">
      <Execution id="60d6205c-7292-46f4-a02f-5cc4719c253c" />
      <TestMethod codeBase="D:\a\dotnet-monorepo\dotnet-monorepo\src\artifacts\bin\GithubApi.Tests\release_win-x64\GithubApi.Tests.dll" adapterTypeName="executor://mstestadapter/v4" className="GithubApi.Tests.ReleasesIntegrationTests" name="TestDownloadReleaseAsync" />
    </UnitTest>
    <UnitTest name="TestGetNextUri" storage="d:\a\dotnet-monorepo\dotnet-monorepo\src\artifacts\bin\githubapi.tests\release_win-x64\githubapi.tests.dll" id="1560f7eb-a52c-8073-a670-a88153e53f3f">
      <Execution id="f1fa1859-96e9-46fa-af8d-bf3a946bf1c8" />
      <TestMethod codeBase="D:\a\dotnet-monorepo\dotnet-monorepo\src\artifacts\bin\GithubApi.Tests\release_win-x64\GithubApi.Tests.dll" adapterTypeName="executor://mstestadapter/v4" className="GithubApi.Tests.LinkParserTests" name="TestGetNextUri" />
    </UnitTest>
  </TestDefinitions>
  <TestEntries>
    <TestEntry testId="11648722-da09-8fb2-813e-43f4f43779cb" executionId="433c70bf-3e1a-4658-bd2c-71ff1c180df2" testListId="8c84fa94-04c1-424b-9868-57a2d4851a1d" />
    <TestEntry testId="1a1aef18-7e3b-8a9a-aaac-fcd88f6318db" executionId="22a43e3b-6837-4f7a-aada-2972c033a0c5" testListId="8c84fa94-04c1-424b-9868-57a2d4851a1d" />
    <TestEntry testId="1f81dc0a-a35d-8e4b-900c-c857cd2ba52d" executionId="8e88f997-3f59-41dc-844f-ae43adde2079" testListId="8c84fa94-04c1-424b-9868-57a2d4851a1d" />
    <TestEntry testId="11062eee-0092-8af4-bb8e-c2f85c67c1e6" executionId="d87e3fa0-fa4a-4e6e-aa23-755a33c095c0" testListId="8c84fa94-04c1-424b-9868-57a2d4851a1d" />
    <TestEntry testId="1c14f537-4caa-8ff4-9210-91e20d28a39d" executionId="9d5d5b14-2e06-4f58-8d94-e0b110fe9acb" testListId="8c84fa94-04c1-424b-9868-57a2d4851a1d" />
    <TestEntry testId="185bbe02-6041-87d2-bb67-0db2077db565" executionId="2bd0326d-c68f-4a28-95f7-d9934dd70613" testListId="8c84fa94-04c1-424b-9868-57a2d4851a1d" />
    <TestEntry testId="1a44b73e-7666-8061-81ae-af183e095c9f" executionId="60d6205c-7292-46f4-a02f-5cc4719c253c" testListId="8c84fa94-04c1-424b-9868-57a2d4851a1d" />
    <TestEntry testId="1264c140-1e86-8c1d-8b8d-f264c84a8b07" executionId="5e33fe64-1f5e-40dc-a61e-21051ff5489c" testListId="8c84fa94-04c1-424b-9868-57a2d4851a1d" />
    <TestEntry testId="1560f7eb-a52c-8073-a670-a88153e53f3f" executionId="f1fa1859-96e9-46fa-af8d-bf3a946bf1c8" testListId="8c84fa94-04c1-424b-9868-57a2d4851a1d" />
  </TestEntries>
  <TestLists>
    <TestList name="Results Not in a List" id="8c84fa94-04c1-424b-9868-57a2d4851a1d" />
    <TestList name="All Loaded Results" id="19431567-8539-422a-85d7-44ee4e166bda" />
  </TestLists>
  <ResultSummary outcome="Completed">
    <Counters total="9" executed="9" passed="9" failed="0" error="0" timeout="0" aborted="0" inconclusive="0" passedButRunAborted="0" notRunnable="0" notExecuted="0" disconnected="0" warning="0" completed="0" inProgress="0" pending="0" />
    <Output>
      <StdOut>Test Parallelization enabled for D:\a\dotnet-monorepo\dotnet-monorepo\src\artifacts\bin\GithubApi.Tests\release_win-x64\GithubApi.Tests.dll (Workers: 4, Scope: ClassLevel)&#xD;
</StdOut>
    </Output>
  </ResultSummary>
</TestRun>