<?xml version="1.0" encoding="utf-8"?>
<TestRun id="9f3d586e-f0ae-49f5-abe2-5e9f976f9688" name="runneradmin@fv-az1388-87 2025-04-18 22:42:11" runUser="fv-az1388-87\runneradmin" xmlns="http://microsoft.com/schemas/VisualStudio/TeamTest/2010">
  <Times creation="2025-04-18T22:42:11.9448273+00:00" queuing="2025-04-18T22:42:11.9448274+00:00" start="2025-04-18T22:42:10.0402866+00:00" finish="2025-04-18T22:42:13.7971091+00:00" />
  <TestSettings name="default" id="f67af72b-d407-4dfd-be75-6c48dff84d0b">
    <Deployment runDeploymentRoot="runneradmin_fv-az1388-87_2025-04-18_22_42_11" />
  </TestSettings>
  <Results>
    <UnitTestResult executionId="e51c4ce8-99c2-4882-96d4-871a71e41522" testId="7cd10470-c134-ff49-b160-52fb039d37a7" testName="TestGetReleaseAssetsAsync" computerName="fv-az1388-87" duration="00:00:00.4449079" startTime="2025-04-18T22:42:11.7030923+00:00" endTime="2025-04-18T22:42:12.1483292+00:00" testType="13cdc9d9-ddb5-4fa4-a97d-d965ccfc6d4b" outcome="Passed" testListId="8c84fa94-04c1-424b-9868-57a2d4851a1d" relativeResultsDirectory="e51c4ce8-99c2-4882-96d4-871a71e41522" />
    <UnitTestResult executionId="0caa6c9c-3760-48bb-b97e-f5da54086715" testId="6d99fdb5-4856-aa0f-b6de-3f28ad0663eb" testName="TestGetNonexistentRepositoryAsync" computerName="fv-az1388-87" duration="00:00:00.1926970" startTime="2025-04-18T22:42:12.9795549+00:00" endTime="2025-04-18T22:42:13.1724687+00:00" testType="13cdc9d9-ddb5-4fa4-a97d-d965ccfc6d4b" outcome="Passed" testListId="8c84fa94-04c1-424b-9868-57a2d4851a1d" relativeResultsDirectory="0caa6c9c-3760-48bb-b97e-f5da54086715" />
    <UnitTestResult executionId="db84884d-4c4f-4b15-a7e2-bc7273e71bac" testId="28f7566a-9810-bcfe-c1c2-5fcfb197ba6d" testName="TestGetNextUri" computerName="fv-az1388-87" duration="00:00:00.0053762" startTime="2025-04-18T22:42:10.4900768+00:00" endTime="2025-04-18T22:42:10.5097464+00:00" testType="13cdc9d9-ddb5-4fa4-a97d-d965ccfc6d4b" outcome="Passed" testListId="8c84fa94-04c1-424b-9868-57a2d4851a1d" relativeResultsDirectory="db84884d-4c4f-4b15-a7e2-bc7273e71bac" />
    <UnitTestResult executionId="d1adb4e8-106f-4cf4-bbad-bb9db1a51652" testId="92c7dc40-b765-efc1-18fc-5f4b1ac0111f" testName="TestGetReleasesAsync" computerName="fv-az1388-87" duration="00:00:01.1890021" startTime="2025-04-18T22:42:10.5135094+00:00" endTime="2025-04-18T22:42:11.7027613+00:00" testType="13cdc9d9-ddb5-4fa4-a97d-d965ccfc6d4b" outcome="Passed" testListId="8c84fa94-04c1-424b-9868-57a2d4851a1d" relativeResultsDirectory="d1adb4e8-106f-4cf4-bbad-bb9db1a51652" />
    <UnitTestResult executionId="777340b6-4418-4dc7-bba8-9ab3c2228334" testId="2000ca48-da97-6fa3-733d-4dd9907e20f2" testName="TestGetUserAsync" computerName="fv-az1388-87" duration="00:00:00.2200108" startTime="2025-04-18T22:42:13.3385807+00:00" endTime="2025-04-18T22:42:13.5587825+00:00" testType="13cdc9d9-ddb5-4fa4-a97d-d965ccfc6d4b" outcome="Passed" testListId="8c84fa94-04c1-424b-9868-57a2d4851a1d" relativeResultsDirectory="777340b6-4418-4dc7-bba8-9ab3c2228334" />
    <UnitTestResult executionId="51999654-c5e6-4308-87b8-8d4d921a86ca" testId="a927e0e6-cfb7-42b0-d7b8-248ae94ffe95" testName="TestDownloadReleaseAsync" computerName="fv-az1388-87" duration="00:00:00.5339712" startTime="2025-04-18T22:42:12.1484081+00:00" endTime="2025-04-18T22:42:12.6826143+00:00" testType="13cdc9d9-ddb5-4fa4-a97d-d965ccfc6d4b" outcome="Passed" testListId="8c84fa94-04c1-424b-9868-57a2d4851a1d" relativeResultsDirectory="51999654-c5e6-4308-87b8-8d4d921a86ca" />
    <UnitTestResult executionId="17545e45-d03e-4bae-b1fa-f620d50315f7" testId="fa4561c9-2a7e-735f-4063-3029bfedba0b" testName="TestGetRepositoryAsync" computerName="fv-az1388-87" duration="00:00:00.2963974" startTime="2025-04-18T22:42:12.6827528+00:00" endTime="2025-04-18T22:42:12.9794709+00:00" testType="13cdc9d9-ddb5-4fa4-a97d-d965ccfc6d4b" outcome="Passed" testListId="8c84fa94-04c1-424b-9868-57a2d4851a1d" relativeResultsDirectory="17545e45-d03e-4bae-b1fa-f620d50315f7" />
    <UnitTestResult executionId="3ecd6f00-2c97-4fd5-9376-84c1ecac5ea2" testId="18e3bf83-b852-f57a-8be8-d3201868483f" testName="TestGetAuthenticatedUser" computerName="fv-az1388-87" duration="00:00:00.1656565" startTime="2025-04-18T22:42:13.1725440+00:00" endTime="2025-04-18T22:42:13.3384803+00:00" testType="13cdc9d9-ddb5-4fa4-a97d-d965ccfc6d4b" outcome="Passed" testListId="8c84fa94-04c1-424b-9868-57a2d4851a1d" relativeResultsDirectory="3ecd6f00-2c97-4fd5-9376-84c1ecac5ea2" />
    <UnitTestResult executionId="b4dae56f-de5e-4b10-90fb-d0a0a8302437" testId="2eefcad6-faf7-7cc7-9c2f-dca48c77896c" testName="TestGetNonexistentUserAsync" computerName="fv-az1388-87" duration="00:00:00.1939831" startTime="2025-04-18T22:42:13.5588608+00:00" endTime="2025-04-18T22:42:13.7537581+00:00" testType="13cdc9d9-ddb5-4fa4-a97d-d965ccfc6d4b" outcome="Passed" testListId="8c84fa94-04c1-424b-9868-57a2d4851a1d" relativeResultsDirectory="b4dae56f-de5e-4b10-90fb-d0a0a8302437" />
  </Results>
  <TestDefinitions>
    <UnitTest name="TestGetUserAsync" storage="d:\a\dotnet-monorepo\dotnet-monorepo\src\artifacts\bin\githubapi.tests\release_win-x64\githubapi.tests.dll" id="2000ca48-da97-6fa3-733d-4dd9907e20f2">
      <Execution id="777340b6-4418-4dc7-bba8-9ab3c2228334" />
      <TestMethod codeBase="D:\a\dotnet-monorepo\dotnet-monorepo\src\artifacts\bin\GithubApi.Tests\release_win-x64\GithubApi.Tests.dll" adapterTypeName="executor://mstestadapter/v2" className="GithubApi.Tests.UsersIntegrationTests" name="TestGetUserAsync" />
    </UnitTest>
    <UnitTest name="TestGetNonexistentRepositoryAsync" storage="d:\a\dotnet-monorepo\dotnet-monorepo\src\artifacts\bin\githubapi.tests\release_win-x64\githubapi.tests.dll" id="6d99fdb5-4856-aa0f-b6de-3f28ad0663eb">
      <Execution id="0caa6c9c-3760-48bb-b97e-f5da54086715" />
      <TestMethod codeBase="D:\a\dotnet-monorepo\dotnet-monorepo\src\artifacts\bin\GithubApi.Tests\release_win-x64\GithubApi.Tests.dll" adapterTypeName="executor://mstestadapter/v2" className="GithubApi.Tests.RepositoriesIntegrationTests" name="TestGetNonexistentRepositoryAsync" />
    </UnitTest>
    <UnitTest name="TestDownloadReleaseAsync" storage="d:\a\dotnet-monorepo\dotnet-monorepo\src\artifacts\bin\githubapi.tests\release_win-x64\githubapi.tests.dll" id="a927e0e6-cfb7-42b0-d7b8-248ae94ffe95">
      <Execution id="51999654-c5e6-4308-87b8-8d4d921a86ca" />
      <TestMethod codeBase="D:\a\dotnet-monorepo\dotnet-monorepo\src\artifacts\bin\GithubApi.Tests\release_win-x64\GithubApi.Tests.dll" adapterTypeName="executor://mstestadapter/v2" className="GithubApi.Tests.ReleasesIntegrationTests" name="TestDownloadReleaseAsync" />
    </UnitTest>
    <UnitTest name="TestGetRepositoryAsync" storage="d:\a\dotnet-monorepo\dotnet-monorepo\src\artifacts\bin\githubapi.tests\release_win-x64\githubapi.tests.dll" id="fa4561c9-2a7e-735f-4063-3029bfedba0b">
      <Execution id="17545e45-d03e-4bae-b1fa-f620d50315f7" />
      <TestMethod codeBase="D:\a\dotnet-monorepo\dotnet-monorepo\src\artifacts\bin\GithubApi.Tests\release_win-x64\GithubApi.Tests.dll" adapterTypeName="executor://mstestadapter/v2" className="GithubApi.Tests.RepositoriesIntegrationTests" name="TestGetRepositoryAsync" />
    </UnitTest>
    <UnitTest name="TestGetReleasesAsync" storage="d:\a\dotnet-monorepo\dotnet-monorepo\src\artifacts\bin\githubapi.tests\release_win-x64\githubapi.tests.dll" id="92c7dc40-b765-efc1-18fc-5f4b1ac0111f">
      <Execution id="d1adb4e8-106f-4cf4-bbad-bb9db1a51652" />
      <TestMethod codeBase="D:\a\dotnet-monorepo\dotnet-monorepo\src\artifacts\bin\GithubApi.Tests\release_win-x64\GithubApi.Tests.dll" adapterTypeName="executor://mstestadapter/v2" className="GithubApi.Tests.ReleasesIntegrationTests" name="TestGetReleasesAsync" />
    </UnitTest>
    <UnitTest name="TestGetNextUri" storage="d:\a\dotnet-monorepo\dotnet-monorepo\src\artifacts\bin\githubapi.tests\release_win-x64\githubapi.tests.dll" id="28f7566a-9810-bcfe-c1c2-5fcfb197ba6d">
      <Execution id="db84884d-4c4f-4b15-a7e2-bc7273e71bac" />
      <TestMethod codeBase="D:\a\dotnet-monorepo\dotnet-monorepo\src\artifacts\bin\GithubApi.Tests\release_win-x64\GithubApi.Tests.dll" adapterTypeName="executor://mstestadapter/v2" className="GithubApi.Tests.LinkParserTests" name="TestGetNextUri" />
    </UnitTest>
    <UnitTest name="TestGetAuthenticatedUser" storage="d:\a\dotnet-monorepo\dotnet-monorepo\src\artifacts\bin\githubapi.tests\release_win-x64\githubapi.tests.dll" id="18e3bf83-b852-f57a-8be8-d3201868483f">
      <Execution id="3ecd6f00-2c97-4fd5-9376-84c1ecac5ea2" />
      <TestMethod codeBase="D:\a\dotnet-monorepo\dotnet-monorepo\src\artifacts\bin\GithubApi.Tests\release_win-x64\GithubApi.Tests.dll" adapterTypeName="executor://mstestadapter/v2" className="GithubApi.Tests.UsersIntegrationTests" name="TestGetAuthenticatedUser" />
    </UnitTest>
    <UnitTest name="TestGetNonexistentUserAsync" storage="d:\a\dotnet-monorepo\dotnet-monorepo\src\artifacts\bin\githubapi.tests\release_win-x64\githubapi.tests.dll" id="2eefcad6-faf7-7cc7-9c2f-dca48c77896c">
      <Execution id="b4dae56f-de5e-4b10-90fb-d0a0a8302437" />
      <TestMethod codeBase="D:\a\dotnet-monorepo\dotnet-monorepo\src\artifacts\bin\GithubApi.Tests\release_win-x64\GithubApi.Tests.dll" adapterTypeName="executor://mstestadapter/v2" className="GithubApi.Tests.UsersIntegrationTests" name="TestGetNonexistentUserAsync" />
    </UnitTest>
    <UnitTest name="TestGetReleaseAssetsAsync" storage="d:\a\dotnet-monorepo\dotnet-monorepo\src\artifacts\bin\githubapi.tests\release_win-x64\githubapi.tests.dll" id="7cd10470-c134-ff49-b160-52fb039d37a7">
      <Execution id="e51c4ce8-99c2-4882-96d4-871a71e41522" />
      <TestMethod codeBase="D:\a\dotnet-monorepo\dotnet-monorepo\src\artifacts\bin\GithubApi.Tests\release_win-x64\GithubApi.Tests.dll" adapterTypeName="executor://mstestadapter/v2" className="GithubApi.Tests.ReleasesIntegrationTests" name="TestGetReleaseAssetsAsync" />
    </UnitTest>
  </TestDefinitions>
  <TestEntries>
    <TestEntry testId="7cd10470-c134-ff49-b160-52fb039d37a7" executionId="e51c4ce8-99c2-4882-96d4-871a71e41522" testListId="8c84fa94-04c1-424b-9868-57a2d4851a1d" />
    <TestEntry testId="6d99fdb5-4856-aa0f-b6de-3f28ad0663eb" executionId="0caa6c9c-3760-48bb-b97e-f5da54086715" testListId="8c84fa94-04c1-424b-9868-57a2d4851a1d" />
    <TestEntry testId="28f7566a-9810-bcfe-c1c2-5fcfb197ba6d" executionId="db84884d-4c4f-4b15-a7e2-bc7273e71bac" testListId="8c84fa94-04c1-424b-9868-57a2d4851a1d" />
    <TestEntry testId="92c7dc40-b765-efc1-18fc-5f4b1ac0111f" executionId="d1adb4e8-106f-4cf4-bbad-bb9db1a51652" testListId="8c84fa94-04c1-424b-9868-57a2d4851a1d" />
    <TestEntry testId="2000ca48-da97-6fa3-733d-4dd9907e20f2" executionId="777340b6-4418-4dc7-bba8-9ab3c2228334" testListId="8c84fa94-04c1-424b-9868-57a2d4851a1d" />
    <TestEntry testId="a927e0e6-cfb7-42b0-d7b8-248ae94ffe95" executionId="51999654-c5e6-4308-87b8-8d4d921a86ca" testListId="8c84fa94-04c1-424b-9868-57a2d4851a1d" />
    <TestEntry testId="fa4561c9-2a7e-735f-4063-3029bfedba0b" executionId="17545e45-d03e-4bae-b1fa-f620d50315f7" testListId="8c84fa94-04c1-424b-9868-57a2d4851a1d" />
    <TestEntry testId="18e3bf83-b852-f57a-8be8-d3201868483f" executionId="3ecd6f00-2c97-4fd5-9376-84c1ecac5ea2" testListId="8c84fa94-04c1-424b-9868-57a2d4851a1d" />
    <TestEntry testId="2eefcad6-faf7-7cc7-9c2f-dca48c77896c" executionId="b4dae56f-de5e-4b10-90fb-d0a0a8302437" testListId="8c84fa94-04c1-424b-9868-57a2d4851a1d" />
  </TestEntries>
  <TestLists>
    <TestList name="Results Not in a List" id="8c84fa94-04c1-424b-9868-57a2d4851a1d" />
    <TestList name="All Loaded Results" id="19431567-8539-422a-85d7-44ee4e166bda" />
  </TestLists>
  <ResultSummary outcome="Completed">
    <Counters total="9" executed="9" passed="9" failed="0" error="0" timeout="0" aborted="0" inconclusive="0" passedButRunAborted="0" notRunnable="0" notExecuted="0" disconnected="0" warning="0" completed="0" inProgress="0" pending="0" />
  </ResultSummary>
</TestRun>