<?xml version="1.0" encoding="utf-8"?>
<TestRun id="bfb939fb-f16a-48ec-8f11-310a6dda859b" name="runneradmin@runnervmvmocb 2026-09-19 18:47:59" runUser="runnervmvmocb\runneradmin" xmlns="http://microsoft.com/schemas/VisualStudio/TeamTest/2010">
  <Times creation="2026-09-19T18:47:59.3121162+00:00" queuing="2026-09-19T18:47:59.3121164+00:00" start="2026-09-19T18:47:58.4360599+00:00" finish="2026-09-19T18:47:59.3614057+00:00" />
  <TestSettings name="default" id="d0904390-f6b6-4be8-b22c-68c2288e8c1a">
    <Deployment runDeploymentRoot="runneradmin_runnervmvmocb_2026-09-19_18_47_59" />
  </TestSettings>
  <Results>
    <UnitTestResult executionId="ef1b1505-fc6b-4857-8266-f09632e12b6b" testId="1fecd53a-69e0-8616-a00c-d386413074e6" testName="TestGrid ([(50, 100),(50, 100),(50, 100),(50, 100),(50, 100)],2,null,True,2,3,50,100,150,200)" computerName="runnervmvmocb" duration="00:00:00.0002429" startTime="2026-09-19T18:47:59.2561355+00:00" endTime="2026-09-19T18:47:59.2564026+00:00" testType="13cdc9d9-ddb5-4fa4-a97d-d965ccfc6d4b" outcome="Passed" testListId="8c84fa94-04c1-424b-9868-57a2d4851a1d" relativeResultsDirectory="ef1b1505-fc6b-4857-8266-f09632e12b6b" />
    <UnitTestResult executionId="210fd7a8-04b2-406e-a435-ea01616568c1" testId="1eee417b-5584-8bbe-93bf-0ea090640f16" testName="TestGrid ([(50, 100),(50, 100),(50, 100)],null,null,False,2,2,25,50,50,100)" computerName="runnervmvmocb" duration="00:00:00.0005265" startTime="2026-09-19T18:47:59.2376713+00:00" endTime="2026-09-19T18:47:59.2382249+00:00" testType="13cdc9d9-ddb5-4fa4-a97d-d965ccfc6d4b" outcome="Passed" testListId="8c84fa94-04c1-424b-9868-57a2d4851a1d" relativeResultsDirectory="210fd7a8-04b2-406e-a435-ea01616568c1" />
    <UnitTestResult executionId="b9dcae24-8ceb-4dd4-8a0e-ec54063645a5" testId="11a54cfb-3f95-8d6f-8808-4f9b90203d5e" testName="TestWidthHeight (10,5,2,1)" computerName="runnervmvmocb" duration="00:00:00.0007038" startTime="2026-09-19T18:47:59.1360018+00:00" endTime="2026-09-19T18:47:59.1374096+00:00" testType="13cdc9d9-ddb5-4fa4-a97d-d965ccfc6d4b" outcome="Passed" testListId="8c84fa94-04c1-424b-9868-57a2d4851a1d" relativeResultsDirectory="b9dcae24-8ceb-4dd4-8a0e-ec54063645a5" />
    <UnitTestResult executionId="aa69a533-d296-4ecc-9dd9-6da887c274fa" testId="15977cda-323b-8c9f-8711-c38dee10712e" testName="TestGrid ([null,(50, 100),(50, 100)],1,null,True,1,3,50,100,150,100)" computerName="runnervmvmocb" duration="00:00:00.0001103" startTime="2026-09-19T18:47:59.2571514+00:00" endTime="2026-09-19T18:47:59.2602517+00:00" testType="13cdc9d9-ddb5-4fa4-a97d-d965ccfc6d4b" outcome="Passed" testListId="8c84fa94-04c1-424b-9868-57a2d4851a1d" relativeResultsDirectory="aa69a533-d296-4ecc-9dd9-6da887c274fa" />
    <UnitTestResult executionId="ba25822a-7402-40f8-989f-96eb4a5a0207" testId="1f9d17d5-3ded-850c-af78-bb2baa707b65" testName="TestInvalidWidth" computerName="runnervmvmocb" duration="00:00:00.0023084" startTime="2026-09-19T18:47:59.1383356+00:00" endTime="2026-09-19T18:47:59.1410094+00:00" testType="13cdc9d9-ddb5-4fa4-a97d-d965ccfc6d4b" outcome="Passed" testListId="8c84fa94-04c1-424b-9868-57a2d4851a1d" relativeResultsDirectory="ba25822a-7402-40f8-989f-96eb4a5a0207" />
    <UnitTestResult executionId="357abf9a-d874-4414-a70b-d04aad589ff6" testId="15580aa3-7d5a-80a0-93db-602c86aeeddf" testName="TestWidthHeight (1,1,1,1)" computerName="runnervmvmocb" duration="00:00:00.0130596" startTime="2026-09-19T18:47:59.0803539+00:00" endTime="2026-09-19T18:47:59.1258546+00:00" testType="13cdc9d9-ddb5-4fa4-a97d-d965ccfc6d4b" outcome="Passed" testListId="8c84fa94-04c1-424b-9868-57a2d4851a1d" relativeResultsDirectory="357abf9a-d874-4414-a70b-d04aad589ff6" />
    <UnitTestResult executionId="06eee8d7-c773-4605-a83c-0b72c21b85bb" testId="17a9d0f7-0057-83fc-9b0e-db5fd37ce354" testName="TestGrid ([(50, 100),(50, 100),(50, 100),(50, 100),(50, 100)],null,2,True,3,2,50,100,100,300)" computerName="runnervmvmocb" duration="00:00:00.0002433" startTime="2026-09-19T18:47:59.2564305+00:00" endTime="2026-09-19T18:47:59.2567038+00:00" testType="13cdc9d9-ddb5-4fa4-a97d-d965ccfc6d4b" outcome="Passed" testListId="8c84fa94-04c1-424b-9868-57a2d4851a1d" relativeResultsDirectory="06eee8d7-c773-4605-a83c-0b72c21b85bb" />
    <UnitTestResult executionId="6ceca376-c6b9-4ed0-838d-f553836620f9" testId="103aa760-9764-8ab9-874b-6e18a1332069" testName="TestGrid ([(50, 100),(50, 100),(50, 100)],null,null,True,2,2,50,100,100,200)" computerName="runnervmvmocb" duration="00:00:00.1274167" startTime="2026-09-19T18:47:59.0803617+00:00" endTime="2026-09-19T18:47:59.2362262+00:00" testType="13cdc9d9-ddb5-4fa4-a97d-d965ccfc6d4b" outcome="Passed" testListId="8c84fa94-04c1-424b-9868-57a2d4851a1d" relativeResultsDirectory="6ceca376-c6b9-4ed0-838d-f553836620f9" />
    <UnitTestResult executionId="4515fcb2-5527-43cd-b6df-7053268e16f1" testId="1df786f9-6e46-806c-9210-d4ef99daf74b" testName="TestInvalidHeight" computerName="runnervmvmocb" duration="00:00:00.0003345" startTime="2026-09-19T18:47:59.1410491+00:00" endTime="2026-09-19T18:47:59.1431220+00:00" testType="13cdc9d9-ddb5-4fa4-a97d-d965ccfc6d4b" outcome="Passed" testListId="8c84fa94-04c1-424b-9868-57a2d4851a1d" relativeResultsDirectory="4515fcb2-5527-43cd-b6df-7053268e16f1" />
    <UnitTestResult executionId="28a24e02-ce76-4c9e-b1de-ee3cd3f52d79" testId="149427f5-8ab3-83b4-abef-b12609112abe" testName="TestGrid ([null,null,null,null,(50, 100)],null,null,True,3,3,50,100,150,300)" computerName="runnervmvmocb" duration="00:00:00.0000783" startTime="2026-09-19T18:47:59.2570235+00:00" endTime="2026-09-19T18:47:59.2571249+00:00" testType="13cdc9d9-ddb5-4fa4-a97d-d965ccfc6d4b" outcome="Passed" testListId="8c84fa94-04c1-424b-9868-57a2d4851a1d" relativeResultsDirectory="28a24e02-ce76-4c9e-b1de-ee3cd3f52d79" />
    <UnitTestResult executionId="90958845-4777-4c8b-9053-b08f9a3f42ba" testId="11a63571-c4a6-8aef-b521-da37cf32b0e8" testName="TestGrid ([(50, 100),(50, 100),(100, 50)],null,null,True,2,2,50,100,100,200)" computerName="runnervmvmocb" duration="00:00:00.0009716" startTime="2026-09-19T18:47:59.2364001+00:00" endTime="2026-09-19T18:47:59.2374169+00:00" testType="13cdc9d9-ddb5-4fa4-a97d-d965ccfc6d4b" outcome="Passed" testListId="8c84fa94-04c1-424b-9868-57a2d4851a1d" relativeResultsDirectory="90958845-4777-4c8b-9053-b08f9a3f42ba" />
    <UnitTestResult executionId="f1026849-69b1-403c-8bf7-38dde9a02a0c" testId="10fc6b2d-105c-852b-9a74-6ec7d2d78112" testName="TestGrid ([(50, 100),(100, 50),(100, 50)],null,null,True,2,2,100,50,200,100)" computerName="runnervmvmocb" duration="00:00:00.0001625" startTime="2026-09-19T18:47:59.2374477+00:00" endTime="2026-09-19T18:47:59.2376363+00:00" testType="13cdc9d9-ddb5-4fa4-a97d-d965ccfc6d4b" outcome="Passed" testListId="8c84fa94-04c1-424b-9868-57a2d4851a1d" relativeResultsDirectory="f1026849-69b1-403c-8bf7-38dde9a02a0c" />
    <UnitTestResult executionId="780774a5-6850-4689-9bd9-f479c6b773c9" testId="12f013ea-90ac-870e-8415-dd5b7cf75c86" testName="TestGrid ([(50, 100),(50, 100),(50, 100),(50, 100),(50, 100)],null,2,True,3,2,50,100,100,300)" computerName="runnervmvmocb" duration="00:00:00.0002350" startTime="2026-09-19T18:47:59.2567374+00:00" endTime="2026-09-19T18:47:59.2569956+00:00" testType="13cdc9d9-ddb5-4fa4-a97d-d965ccfc6d4b" outcome="Passed" testListId="8c84fa94-04c1-424b-9868-57a2d4851a1d" relativeResultsDirectory="780774a5-6850-4689-9bd9-f479c6b773c9" />
    <UnitTestResult executionId="f6153cb9-ddea-49d3-81c2-0d0db9d198aa" testId="114b3a90-41c1-80bd-8e30-518d478cac49" testName="TestGrid ([(50, 100),(50, 100),(50, 100),(50, 100),(50, 100)],null,null,True,3,3,50,100,150,300)" computerName="runnervmvmocb" duration="00:00:00.0002697" startTime="2026-09-19T18:47:59.2558016+00:00" endTime="2026-09-19T18:47:59.2561043+00:00" testType="13cdc9d9-ddb5-4fa4-a97d-d965ccfc6d4b" outcome="Passed" testListId="8c84fa94-04c1-424b-9868-57a2d4851a1d" relativeResultsDirectory="f6153cb9-ddea-49d3-81c2-0d0db9d198aa" />
    <UnitTestResult executionId="61b7acc4-7a99-4684-a6ff-436854e58d2e" testId="142ab2d7-a9de-8eda-ad00-5642f7e5459f" testName="TestWidthHeight (5,10,1,2)" computerName="runnervmvmocb" duration="00:00:00.0000068" startTime="2026-09-19T18:47:59.1380432+00:00" endTime="2026-09-19T18:47:59.1380858+00:00" testType="13cdc9d9-ddb5-4fa4-a97d-d965ccfc6d4b" outcome="Passed" testListId="8c84fa94-04c1-424b-9868-57a2d4851a1d" relativeResultsDirectory="61b7acc4-7a99-4684-a6ff-436854e58d2e" />
  </Results>
  <TestDefinitions>
    <UnitTest name="TestWidthHeight (5,10,1,2)" storage="d:\a\dotnet-monorepo\dotnet-monorepo\src\artifacts\bin\images.tests\release_win-x64\images.tests.dll" id="142ab2d7-a9de-8eda-ad00-5642f7e5459f">
      <Execution id="61b7acc4-7a99-4684-a6ff-436854e58d2e" />
      <TestMethod codeBase="D:\a\dotnet-monorepo\dotnet-monorepo\src\artifacts\bin\Images.Tests\release_win-x64\Images.Tests.dll" adapterTypeName="executor://mstestadapter/v4" className="Images.Tests.SizeTests" name="TestWidthHeight" />
    </UnitTest>
    <UnitTest name="TestGrid ([(50, 100),(50, 100),(50, 100),(50, 100),(50, 100)],2,null,True,2,3,50,100,150,200)" storage="d:\a\dotnet-monorepo\dotnet-monorepo\src\artifacts\bin\images.tests\release_win-x64\images.tests.dll" id="1fecd53a-69e0-8616-a00c-d386413074e6">
      <Execution id="ef1b1505-fc6b-4857-8266-f09632e12b6b" />
      <TestMethod codeBase="D:\a\dotnet-monorepo\dotnet-monorepo\src\artifacts\bin\Images.Tests\release_win-x64\Images.Tests.dll" adapterTypeName="executor://mstestadapter/v4" className="Images.Tests.GridTests" name="TestGrid" />
    </UnitTest>
    <UnitTest name="TestGrid ([null,(50, 100),(50, 100)],1,null,True,1,3,50,100,150,100)" storage="d:\a\dotnet-monorepo\dotnet-monorepo\src\artifacts\bin\images.tests\release_win-x64\images.tests.dll" id="15977cda-323b-8c9f-8711-c38dee10712e">
      <Execution id="aa69a533-d296-4ecc-9dd9-6da887c274fa" />
      <TestMethod codeBase="D:\a\dotnet-monorepo\dotnet-monorepo\src\artifacts\bin\Images.Tests\release_win-x64\Images.Tests.dll" adapterTypeName="executor://mstestadapter/v4" className="Images.Tests.GridTests" name="TestGrid" />
    </UnitTest>
    <UnitTest name="TestGrid ([(50, 100),(50, 100),(50, 100)],null,null,False,2,2,25,50,50,100)" storage="d:\a\dotnet-monorepo\dotnet-monorepo\src\artifacts\bin\images.tests\release_win-x64\images.tests.dll" id="1eee417b-5584-8bbe-93bf-0ea090640f16">
      <Execution id="210fd7a8-04b2-406e-a435-ea01616568c1" />
      <TestMethod codeBase="D:\a\dotnet-monorepo\dotnet-monorepo\src\artifacts\bin\Images.Tests\release_win-x64\Images.Tests.dll" adapterTypeName="executor://mstestadapter/v4" className="Images.Tests.GridTests" name="TestGrid" />
    </UnitTest>
    <UnitTest name="TestGrid ([(50, 100),(50, 100),(100, 50)],null,null,True,2,2,50,100,100,200)" storage="d:\a\dotnet-monorepo\dotnet-monorepo\src\artifacts\bin\images.tests\release_win-x64\images.tests.dll" id="11a63571-c4a6-8aef-b521-da37cf32b0e8">
      <Execution id="90958845-4777-4c8b-9053-b08f9a3f42ba" />
      <TestMethod codeBase="D:\a\dotnet-monorepo\dotnet-monorepo\src\artifacts\bin\Images.Tests\release_win-x64\Images.Tests.dll" adapterTypeName="executor://mstestadapter/v4" className="Images.Tests.GridTests" name="TestGrid" />
    </UnitTest>
    <UnitTest name="TestWidthHeight (1,1,1,1)" storage="d:\a\dotnet-monorepo\dotnet-monorepo\src\artifacts\bin\images.tests\release_win-x64\images.tests.dll" id="15580aa3-7d5a-80a0-93db-602c86aeeddf">
      <Execution id="357abf9a-d874-4414-a70b-d04aad589ff6" />
      <TestMethod codeBase="D:\a\dotnet-monorepo\dotnet-monorepo\src\artifacts\bin\Images.Tests\release_win-x64\Images.Tests.dll" adapterTypeName="executor://mstestadapter/v4" className="Images.Tests.SizeTests" name="TestWidthHeight" />
    </UnitTest>
    <UnitTest name="TestInvalidHeight" storage="d:\a\dotnet-monorepo\dotnet-monorepo\src\artifacts\bin\images.tests\release_win-x64\images.tests.dll" id="1df786f9-6e46-806c-9210-d4ef99daf74b">
      <Execution id="4515fcb2-5527-43cd-b6df-7053268e16f1" />
      <TestMethod codeBase="D:\a\dotnet-monorepo\dotnet-monorepo\src\artifacts\bin\Images.Tests\release_win-x64\Images.Tests.dll" adapterTypeName="executor://mstestadapter/v4" className="Images.Tests.SizeTests" name="TestInvalidHeight" />
    </UnitTest>
    <UnitTest name="TestGrid ([(50, 100),(50, 100),(50, 100)],null,null,True,2,2,50,100,100,200)" storage="d:\a\dotnet-monorepo\dotnet-monorepo\src\artifacts\bin\images.tests\release_win-x64\images.tests.dll" id="103aa760-9764-8ab9-874b-6e18a1332069">
      <Execution id="6ceca376-c6b9-4ed0-838d-f553836620f9" />
      <TestMethod codeBase="D:\a\dotnet-monorepo\dotnet-monorepo\src\artifacts\bin\Images.Tests\release_win-x64\Images.Tests.dll" adapterTypeName="executor://mstestadapter/v4" className="Images.Tests.GridTests" name="TestGrid" />
    </UnitTest>
    <UnitTest name="TestGrid ([(50, 100),(50, 100),(50, 100),(50, 100),(50, 100)],null,2,True,3,2,50,100,100,300)" storage="d:\a\dotnet-monorepo\dotnet-monorepo\src\artifacts\bin\images.tests\release_win-x64\images.tests.dll" id="12f013ea-90ac-870e-8415-dd5b7cf75c86">
      <Execution id="780774a5-6850-4689-9bd9-f479c6b773c9" />
      <TestMethod codeBase="D:\a\dotnet-monorepo\dotnet-monorepo\src\artifacts\bin\Images.Tests\release_win-x64\Images.Tests.dll" adapterTypeName="executor://mstestadapter/v4" className="Images.Tests.GridTests" name="TestGrid" />
    </UnitTest>
    <UnitTest name="TestGrid ([(50, 100),(50, 100),(50, 100),(50, 100),(50, 100)],null,2,True,3,2,50,100,100,300)" storage="d:\a\dotnet-monorepo\dotnet-monorepo\src\artifacts\bin\images.tests\release_win-x64\images.tests.dll" id="17a9d0f7-0057-83fc-9b0e-db5fd37ce354">
      <Execution id="06eee8d7-c773-4605-a83c-0b72c21b85bb" />
      <TestMethod codeBase="D:\a\dotnet-monorepo\dotnet-monorepo\src\artifacts\bin\Images.Tests\release_win-x64\Images.Tests.dll" adapterTypeName="executor://mstestadapter/v4" className="Images.Tests.GridTests" name="TestGrid" />
    </UnitTest>
    <UnitTest name="TestGrid ([(50, 100),(50, 100),(50, 100),(50, 100),(50, 100)],null,null,True,3,3,50,100,150,300)" storage="d:\a\dotnet-monorepo\dotnet-monorepo\src\artifacts\bin\images.tests\release_win-x64\images.tests.dll" id="114b3a90-41c1-80bd-8e30-518d478cac49">
      <Execution id="f6153cb9-ddea-49d3-81c2-0d0db9d198aa" />
      <TestMethod codeBase="D:\a\dotnet-monorepo\dotnet-monorepo\src\artifacts\bin\Images.Tests\release_win-x64\Images.Tests.dll" adapterTypeName="executor://mstestadapter/v4" className="Images.Tests.GridTests" name="TestGrid" />
    </UnitTest>
    <UnitTest name="TestWidthHeight (10,5,2,1)" storage="d:\a\dotnet-monorepo\dotnet-monorepo\src\artifacts\bin\images.tests\release_win-x64\images.tests.dll" id="11a54cfb-3f95-8d6f-8808-4f9b90203d5e">
      <Execution id="b9dcae24-8ceb-4dd4-8a0e-ec54063645a5" />
      <TestMethod codeBase="D:\a\dotnet-monorepo\dotnet-monorepo\src\artifacts\bin\Images.Tests\release_win-x64\Images.Tests.dll" adapterTypeName="executor://mstestadapter/v4" className="Images.Tests.SizeTests" name="TestWidthHeight" />
    </UnitTest>
    <UnitTest name="TestInvalidWidth" storage="d:\a\dotnet-monorepo\dotnet-monorepo\src\artifacts\bin\images.tests\release_win-x64\images.tests.dll" id="1f9d17d5-3ded-850c-af78-bb2baa707b65">
      <Execution id="ba25822a-7402-40f8-989f-96eb4a5a0207" />
      <TestMethod codeBase="D:\a\dotnet-monorepo\dotnet-monorepo\src\artifacts\bin\Images.Tests\release_win-x64\Images.Tests.dll" adapterTypeName="executor://mstestadapter/v4" className="Images.Tests.SizeTests" name="TestInvalidWidth" />
    </UnitTest>
    <UnitTest name="TestGrid ([(50, 100),(100, 50),(100, 50)],null,null,True,2,2,100,50,200,100)" storage="d:\a\dotnet-monorepo\dotnet-monorepo\src\artifacts\bin\images.tests\release_win-x64\images.tests.dll" id="10fc6b2d-105c-852b-9a74-6ec7d2d78112">
      <Execution id="f1026849-69b1-403c-8bf7-38dde9a02a0c" />
      <TestMethod codeBase="D:\a\dotnet-monorepo\dotnet-monorepo\src\artifacts\bin\Images.Tests\release_win-x64\Images.Tests.dll" adapterTypeName="executor://mstestadapter/v4" className="Images.Tests.GridTests" name="TestGrid" />
    </UnitTest>
    <UnitTest name="TestGrid ([null,null,null,null,(50, 100)],null,null,True,3,3,50,100,150,300)" storage="d:\a\dotnet-monorepo\dotnet-monorepo\src\artifacts\bin\images.tests\release_win-x64\images.tests.dll" id="149427f5-8ab3-83b4-abef-b12609112abe">
      <Execution id="28a24e02-ce76-4c9e-b1de-ee3cd3f52d79" />
      <TestMethod codeBase="D:\a\dotnet-monorepo\dotnet-monorepo\src\artifacts\bin\Images.Tests\release_win-x64\Images.Tests.dll" adapterTypeName="executor://mstestadapter/v4" className="Images.Tests.GridTests" name="TestGrid" />
    </UnitTest>
  </TestDefinitions>
  <TestEntries>
    <TestEntry testId="1fecd53a-69e0-8616-a00c-d386413074e6" executionId="ef1b1505-fc6b-4857-8266-f09632e12b6b" testListId="8c84fa94-04c1-424b-9868-57a2d4851a1d" />
    <TestEntry testId="1eee417b-5584-8bbe-93bf-0ea090640f16" executionId="210fd7a8-04b2-406e-a435-ea01616568c1" testListId="8c84fa94-04c1-424b-9868-57a2d4851a1d" />
    <TestEntry testId="11a54cfb-3f95-8d6f-8808-4f9b90203d5e" executionId="b9dcae24-8ceb-4dd4-8a0e-ec54063645a5" testListId="8c84fa94-04c1-424b-9868-57a2d4851a1d" />
    <TestEntry testId="15977cda-323b-8c9f-8711-c38dee10712e" executionId="aa69a533-d296-4ecc-9dd9-6da887c274fa" testListId="8c84fa94-04c1-424b-9868-57a2d4851a1d" />
    <TestEntry testId="1f9d17d5-3ded-850c-af78-bb2baa707b65" executionId="ba25822a-7402-40f8-989f-96eb4a5a0207" testListId="8c84fa94-04c1-424b-9868-57a2d4851a1d" />
    <TestEntry testId="15580aa3-7d5a-80a0-93db-602c86aeeddf" executionId="357abf9a-d874-4414-a70b-d04aad589ff6" testListId="8c84fa94-04c1-424b-9868-57a2d4851a1d" />
    <TestEntry testId="17a9d0f7-0057-83fc-9b0e-db5fd37ce354" executionId="06eee8d7-c773-4605-a83c-0b72c21b85bb" testListId="8c84fa94-04c1-424b-9868-57a2d4851a1d" />
    <TestEntry testId="103aa760-9764-8ab9-874b-6e18a1332069" executionId="6ceca376-c6b9-4ed0-838d-f553836620f9" testListId="8c84fa94-04c1-424b-9868-57a2d4851a1d" />
    <TestEntry testId="1df786f9-6e46-806c-9210-d4ef99daf74b" executionId="4515fcb2-5527-43cd-b6df-7053268e16f1" testListId="8c84fa94-04c1-424b-9868-57a2d4851a1d" />
    <TestEntry testId="149427f5-8ab3-83b4-abef-b12609112abe" executionId="28a24e02-ce76-4c9e-b1de-ee3cd3f52d79" testListId="8c84fa94-04c1-424b-9868-57a2d4851a1d" />
    <TestEntry testId="11a63571-c4a6-8aef-b521-da37cf32b0e8" executionId="90958845-4777-4c8b-9053-b08f9a3f42ba" testListId="8c84fa94-04c1-424b-9868-57a2d4851a1d" />
    <TestEntry testId="10fc6b2d-105c-852b-9a74-6ec7d2d78112" executionId="f1026849-69b1-403c-8bf7-38dde9a02a0c" testListId="8c84fa94-04c1-424b-9868-57a2d4851a1d" />
    <TestEntry testId="12f013ea-90ac-870e-8415-dd5b7cf75c86" executionId="780774a5-6850-4689-9bd9-f479c6b773c9" testListId="8c84fa94-04c1-424b-9868-57a2d4851a1d" />
    <TestEntry testId="114b3a90-41c1-80bd-8e30-518d478cac49" executionId="f6153cb9-ddea-49d3-81c2-0d0db9d198aa" testListId="8c84fa94-04c1-424b-9868-57a2d4851a1d" />
    <TestEntry testId="142ab2d7-a9de-8eda-ad00-5642f7e5459f" executionId="61b7acc4-7a99-4684-a6ff-436854e58d2e" testListId="8c84fa94-04c1-424b-9868-57a2d4851a1d" />
  </TestEntries>
  <TestLists>
    <TestList name="Results Not in a List" id="8c84fa94-04c1-424b-9868-57a2d4851a1d" />
    <TestList name="All Loaded Results" id="19431567-8539-422a-85d7-44ee4e166bda" />
  </TestLists>
  <ResultSummary outcome="Completed">
    <Counters total="15" executed="15" passed="15" failed="0" error="0" timeout="0" aborted="0" inconclusive="0" passedButRunAborted="0" notRunnable="0" notExecuted="0" disconnected="0" warning="0" completed="0" inProgress="0" pending="0" />
    <Output>
      <StdOut>Test Parallelization enabled for D:\a\dotnet-monorepo\dotnet-monorepo\src\artifacts\bin\Images.Tests\release_win-x64\Images.Tests.dll (Workers: 4, Scope: ClassLevel)&#xD;
</StdOut>
    </Output>
  </ResultSummary>
</TestRun>