<?xml version="1.0" encoding="utf-8"?>
<TestRun id="d6855a17-dcde-4ef8-8758-f39652b6e5e7" name="@fv-az1939-493 2025-03-06 03:24:30" xmlns="http://microsoft.com/schemas/VisualStudio/TeamTest/2010">
  <Times creation="2025-03-06T03:24:30.2198164+00:00" queuing="2025-03-06T03:24:30.2198165+00:00" start="2025-03-06T03:24:29.6405339+00:00" finish="2025-03-06T03:24:30.2251073+00:00" />
  <TestSettings name="default" id="319b63b6-5d77-46fb-a9a1-d22df4452259">
    <Deployment runDeploymentRoot="_fv-az1939-493_2025-03-06_03_24_30" />
  </TestSettings>
  <Results>
    <UnitTestResult executionId="279ad8c4-7de3-4ad9-890a-e72f54de3c57" testId="4768eb62-46f6-445d-40db-c827365ceab0" testName="TestLoadPageSpreads" computerName="fv-az1939-493" duration="00:00:00.0224042" startTime="2025-03-06T03:24:30.0657418+00:00" endTime="2025-03-06T03:24:30.1018138+00:00" testType="13cdc9d9-ddb5-4fa4-a97d-d965ccfc6d4b" outcome="Passed" testListId="8c84fa94-04c1-424b-9868-57a2d4851a1d" relativeResultsDirectory="279ad8c4-7de3-4ad9-890a-e72f54de3c57" />
    <UnitTestResult executionId="aa8a7c52-6028-4562-98cc-cd93924081a7" testId="3f55f553-92b2-3b0e-49f6-c92f9af720d3" testName="TestLoadReadingDirection (RTL)" computerName="fv-az1939-493" duration="00:00:00.0002489" startTime="2025-03-06T03:24:30.1120371+00:00" endTime="2025-03-06T03:24:30.1131912+00:00" testType="13cdc9d9-ddb5-4fa4-a97d-d965ccfc6d4b" outcome="Passed" testListId="8c84fa94-04c1-424b-9868-57a2d4851a1d" relativeResultsDirectory="aa8a7c52-6028-4562-98cc-cd93924081a7" />
    <UnitTestResult executionId="bfb9f36a-3488-434d-8a77-2f33146bcbdb" testId="5b50d00f-c86a-9234-a4d7-09098321d126" testName="TestLoadReadingDirection (LTR)" computerName="fv-az1939-493" duration="00:00:00.0009448" startTime="2025-03-06T03:24:30.1056869+00:00" endTime="2025-03-06T03:24:30.1117712+00:00" testType="13cdc9d9-ddb5-4fa4-a97d-d965ccfc6d4b" outcome="Passed" testListId="8c84fa94-04c1-424b-9868-57a2d4851a1d" relativeResultsDirectory="bfb9f36a-3488-434d-8a77-2f33146bcbdb" />
  </Results>
  <TestDefinitions>
    <UnitTest name="TestLoadPageSpreads" storage="/home/runner/work/dotnet-monorepo/dotnet-monorepo/src/artifacts/bin/imgproj.tests/release_linux-x64/imgproj.tests.dll" id="4768eb62-46f6-445d-40db-c827365ceab0">
      <Execution id="279ad8c4-7de3-4ad9-890a-e72f54de3c57" />
      <TestMethod codeBase="/home/runner/work/dotnet-monorepo/dotnet-monorepo/src/artifacts/bin/ImgProj.Tests/release_linux-x64/ImgProj.Tests.dll" adapterTypeName="executor://mstestadapter/v2" className="ImgProj.Tests.LoadingTests" name="TestLoadPageSpreads" />
    </UnitTest>
    <UnitTest name="TestLoadReadingDirection (LTR)" storage="/home/runner/work/dotnet-monorepo/dotnet-monorepo/src/artifacts/bin/imgproj.tests/release_linux-x64/imgproj.tests.dll" id="5b50d00f-c86a-9234-a4d7-09098321d126">
      <Execution id="bfb9f36a-3488-434d-8a77-2f33146bcbdb" />
      <TestMethod codeBase="/home/runner/work/dotnet-monorepo/dotnet-monorepo/src/artifacts/bin/ImgProj.Tests/release_linux-x64/ImgProj.Tests.dll" adapterTypeName="executor://mstestadapter/v2" className="ImgProj.Tests.LoadingTests" name="TestLoadReadingDirection" />
    </UnitTest>
    <UnitTest name="TestLoadReadingDirection (RTL)" storage="/home/runner/work/dotnet-monorepo/dotnet-monorepo/src/artifacts/bin/imgproj.tests/release_linux-x64/imgproj.tests.dll" id="3f55f553-92b2-3b0e-49f6-c92f9af720d3">
      <Execution id="aa8a7c52-6028-4562-98cc-cd93924081a7" />
      <TestMethod codeBase="/home/runner/work/dotnet-monorepo/dotnet-monorepo/src/artifacts/bin/ImgProj.Tests/release_linux-x64/ImgProj.Tests.dll" adapterTypeName="executor://mstestadapter/v2" className="ImgProj.Tests.LoadingTests" name="TestLoadReadingDirection" />
    </UnitTest>
  </TestDefinitions>
  <TestEntries>
    <TestEntry testId="4768eb62-46f6-445d-40db-c827365ceab0" executionId="279ad8c4-7de3-4ad9-890a-e72f54de3c57" testListId="8c84fa94-04c1-424b-9868-57a2d4851a1d" />
    <TestEntry testId="3f55f553-92b2-3b0e-49f6-c92f9af720d3" executionId="aa8a7c52-6028-4562-98cc-cd93924081a7" testListId="8c84fa94-04c1-424b-9868-57a2d4851a1d" />
    <TestEntry testId="5b50d00f-c86a-9234-a4d7-09098321d126" executionId="bfb9f36a-3488-434d-8a77-2f33146bcbdb" testListId="8c84fa94-04c1-424b-9868-57a2d4851a1d" />
  </TestEntries>
  <TestLists>
    <TestList name="Results Not in a List" id="8c84fa94-04c1-424b-9868-57a2d4851a1d" />
    <TestList name="All Loaded Results" id="19431567-8539-422a-85d7-44ee4e166bda" />
  </TestLists>
  <ResultSummary outcome="Completed">
    <Counters total="3" executed="3" passed="3" failed="0" error="0" timeout="0" aborted="0" inconclusive="0" passedButRunAborted="0" notRunnable="0" notExecuted="0" disconnected="0" warning="0" completed="0" inProgress="0" pending="0" />
  </ResultSummary>
</TestRun>