<?xml version="1.0" encoding="utf-8"?>
<TestRun id="7bf8a7ab-06a6-4fb0-9213-4bbf34c7b1ca" name="@pkrvmjbmru5nbw0 2025-08-01 23:53:11" xmlns="http://microsoft.com/schemas/VisualStudio/TeamTest/2010">
  <Times creation="2025-08-01T23:53:11.2113124+00:00" queuing="2025-08-01T23:53:11.2113125+00:00" start="2025-08-01T23:53:10.6133480+00:00" finish="2025-08-01T23:53:11.2177721+00:00" />
  <TestSettings name="default" id="47e50b74-020f-4100-8760-565926d824be">
    <Deployment runDeploymentRoot="_pkrvmjbmru5nbw0_2025-08-01_23_53_11" />
  </TestSettings>
  <Results>
    <UnitTestResult executionId="36bdc540-8101-4765-9ec1-99ef49bd833a" testId="5b50d00f-c86a-9234-a4d7-09098321d126" testName="TestLoadReadingDirection (LTR)" computerName="pkrvmjbmru5nbw0" duration="00:00:00.0010968" startTime="2025-08-01T23:53:11.0852157+00:00" endTime="2025-08-01T23:53:11.0923425+00:00" testType="13cdc9d9-ddb5-4fa4-a97d-d965ccfc6d4b" outcome="Passed" testListId="8c84fa94-04c1-424b-9868-57a2d4851a1d" relativeResultsDirectory="36bdc540-8101-4765-9ec1-99ef49bd833a" />
    <UnitTestResult executionId="be7af447-6ac5-4491-9a97-db5c36fc7fb0" testId="3f55f553-92b2-3b0e-49f6-c92f9af720d3" testName="TestLoadReadingDirection (RTL)" computerName="pkrvmjbmru5nbw0" duration="00:00:00.0002520" startTime="2025-08-01T23:53:11.0926521+00:00" endTime="2025-08-01T23:53:11.0937112+00:00" testType="13cdc9d9-ddb5-4fa4-a97d-d965ccfc6d4b" outcome="Passed" testListId="8c84fa94-04c1-424b-9868-57a2d4851a1d" relativeResultsDirectory="be7af447-6ac5-4491-9a97-db5c36fc7fb0" />
    <UnitTestResult executionId="4871c1f5-9761-4276-a0bd-25becce463ab" testId="4768eb62-46f6-445d-40db-c827365ceab0" testName="TestLoadPageSpreads" computerName="pkrvmjbmru5nbw0" duration="00:00:00.0246820" startTime="2025-08-01T23:53:11.0412193+00:00" endTime="2025-08-01T23:53:11.0810455+00:00" testType="13cdc9d9-ddb5-4fa4-a97d-d965ccfc6d4b" outcome="Passed" testListId="8c84fa94-04c1-424b-9868-57a2d4851a1d" relativeResultsDirectory="4871c1f5-9761-4276-a0bd-25becce463ab" />
  </Results>
  <TestDefinitions>
    <UnitTest name="TestLoadPageSpreads" storage="/home/runner/work/dotnet-monorepo/dotnet-monorepo/src/artifacts/bin/imgproj.tests/release_linux-x64/imgproj.tests.dll" id="4768eb62-46f6-445d-40db-c827365ceab0">
      <Execution id="4871c1f5-9761-4276-a0bd-25becce463ab" />
      <TestMethod codeBase="/home/runner/work/dotnet-monorepo/dotnet-monorepo/src/artifacts/bin/ImgProj.Tests/release_linux-x64/ImgProj.Tests.dll" adapterTypeName="executor://mstestadapter/v2" className="ImgProj.Tests.LoadingTests" name="TestLoadPageSpreads" />
    </UnitTest>
    <UnitTest name="TestLoadReadingDirection (LTR)" storage="/home/runner/work/dotnet-monorepo/dotnet-monorepo/src/artifacts/bin/imgproj.tests/release_linux-x64/imgproj.tests.dll" id="5b50d00f-c86a-9234-a4d7-09098321d126">
      <Execution id="36bdc540-8101-4765-9ec1-99ef49bd833a" />
      <TestMethod codeBase="/home/runner/work/dotnet-monorepo/dotnet-monorepo/src/artifacts/bin/ImgProj.Tests/release_linux-x64/ImgProj.Tests.dll" adapterTypeName="executor://mstestadapter/v2" className="ImgProj.Tests.LoadingTests" name="TestLoadReadingDirection" />
    </UnitTest>
    <UnitTest name="TestLoadReadingDirection (RTL)" storage="/home/runner/work/dotnet-monorepo/dotnet-monorepo/src/artifacts/bin/imgproj.tests/release_linux-x64/imgproj.tests.dll" id="3f55f553-92b2-3b0e-49f6-c92f9af720d3">
      <Execution id="be7af447-6ac5-4491-9a97-db5c36fc7fb0" />
      <TestMethod codeBase="/home/runner/work/dotnet-monorepo/dotnet-monorepo/src/artifacts/bin/ImgProj.Tests/release_linux-x64/ImgProj.Tests.dll" adapterTypeName="executor://mstestadapter/v2" className="ImgProj.Tests.LoadingTests" name="TestLoadReadingDirection" />
    </UnitTest>
  </TestDefinitions>
  <TestEntries>
    <TestEntry testId="5b50d00f-c86a-9234-a4d7-09098321d126" executionId="36bdc540-8101-4765-9ec1-99ef49bd833a" testListId="8c84fa94-04c1-424b-9868-57a2d4851a1d" />
    <TestEntry testId="3f55f553-92b2-3b0e-49f6-c92f9af720d3" executionId="be7af447-6ac5-4491-9a97-db5c36fc7fb0" testListId="8c84fa94-04c1-424b-9868-57a2d4851a1d" />
    <TestEntry testId="4768eb62-46f6-445d-40db-c827365ceab0" executionId="4871c1f5-9761-4276-a0bd-25becce463ab" testListId="8c84fa94-04c1-424b-9868-57a2d4851a1d" />
  </TestEntries>
  <TestLists>
    <TestList name="Results Not in a List" id="8c84fa94-04c1-424b-9868-57a2d4851a1d" />
    <TestList name="All Loaded Results" id="19431567-8539-422a-85d7-44ee4e166bda" />
  </TestLists>
  <ResultSummary outcome="Completed">
    <Counters total="3" executed="3" passed="3" failed="0" error="0" timeout="0" aborted="0" inconclusive="0" passedButRunAborted="0" notRunnable="0" notExecuted="0" disconnected="0" warning="0" completed="0" inProgress="0" pending="0" />
  </ResultSummary>
</TestRun>