<?xml version="1.0" encoding="utf-8"?>
<TestRun id="45435711-ed5c-4e93-b00e-3674413d7caa" name="@fv-az1022-499 2024-12-11 02:11:44" xmlns="http://microsoft.com/schemas/VisualStudio/TeamTest/2010">
  <Times creation="2024-12-11T02:11:44.5223806+00:00" queuing="2024-12-11T02:11:44.5223807+00:00" start="2024-12-11T02:11:43.9351321+00:00" finish="2024-12-11T02:11:44.5284080+00:00" />
  <TestSettings name="default" id="a6b7372d-6e9a-41cf-9e7e-09a6e2892ffd">
    <Deployment runDeploymentRoot="_fv-az1022-499_2024-12-11_02_11_44" />
  </TestSettings>
  <Results>
    <UnitTestResult executionId="070e44f1-bcdd-4b5f-9215-b0353b95008e" testId="3f55f553-92b2-3b0e-49f6-c92f9af720d3" testName="TestLoadReadingDirection (RTL)" computerName="fv-az1022-499" duration="00:00:00.0002346" startTime="2024-12-11T02:11:44.4039142+00:00" endTime="2024-12-11T02:11:44.4050775+00:00" testType="13cdc9d9-ddb5-4fa4-a97d-d965ccfc6d4b" outcome="Passed" testListId="8c84fa94-04c1-424b-9868-57a2d4851a1d" relativeResultsDirectory="070e44f1-bcdd-4b5f-9215-b0353b95008e" />
    <UnitTestResult executionId="88a419ea-ff10-4a8b-8b89-2a8b67d9b706" testId="5b50d00f-c86a-9234-a4d7-09098321d126" testName="TestLoadReadingDirection (LTR)" computerName="fv-az1022-499" duration="00:00:00.0010110" startTime="2024-12-11T02:11:44.3980157+00:00" endTime="2024-12-11T02:11:44.4036357+00:00" testType="13cdc9d9-ddb5-4fa4-a97d-d965ccfc6d4b" outcome="Passed" testListId="8c84fa94-04c1-424b-9868-57a2d4851a1d" relativeResultsDirectory="88a419ea-ff10-4a8b-8b89-2a8b67d9b706" />
    <UnitTestResult executionId="9f109bec-ef68-4b27-bb6b-498d82b92b90" testId="4768eb62-46f6-445d-40db-c827365ceab0" testName="TestLoadPageSpreads" computerName="fv-az1022-499" duration="00:00:00.0228950" startTime="2024-12-11T02:11:44.3594333+00:00" endTime="2024-12-11T02:11:44.3938817+00:00" testType="13cdc9d9-ddb5-4fa4-a97d-d965ccfc6d4b" outcome="Passed" testListId="8c84fa94-04c1-424b-9868-57a2d4851a1d" relativeResultsDirectory="9f109bec-ef68-4b27-bb6b-498d82b92b90" />
  </Results>
  <TestDefinitions>
    <UnitTest name="TestLoadPageSpreads" storage="/home/runner/work/dotnet-monorepo/dotnet-monorepo/src/artifacts/bin/imgproj.tests/release_linux-x64/imgproj.tests.dll" id="4768eb62-46f6-445d-40db-c827365ceab0">
      <Execution id="9f109bec-ef68-4b27-bb6b-498d82b92b90" />
      <TestMethod codeBase="/home/runner/work/dotnet-monorepo/dotnet-monorepo/src/artifacts/bin/ImgProj.Tests/release_linux-x64/ImgProj.Tests.dll" adapterTypeName="executor://mstestadapter/v2" className="ImgProj.Tests.LoadingTests" name="TestLoadPageSpreads" />
    </UnitTest>
    <UnitTest name="TestLoadReadingDirection (LTR)" storage="/home/runner/work/dotnet-monorepo/dotnet-monorepo/src/artifacts/bin/imgproj.tests/release_linux-x64/imgproj.tests.dll" id="5b50d00f-c86a-9234-a4d7-09098321d126">
      <Execution id="88a419ea-ff10-4a8b-8b89-2a8b67d9b706" />
      <TestMethod codeBase="/home/runner/work/dotnet-monorepo/dotnet-monorepo/src/artifacts/bin/ImgProj.Tests/release_linux-x64/ImgProj.Tests.dll" adapterTypeName="executor://mstestadapter/v2" className="ImgProj.Tests.LoadingTests" name="TestLoadReadingDirection" />
    </UnitTest>
    <UnitTest name="TestLoadReadingDirection (RTL)" storage="/home/runner/work/dotnet-monorepo/dotnet-monorepo/src/artifacts/bin/imgproj.tests/release_linux-x64/imgproj.tests.dll" id="3f55f553-92b2-3b0e-49f6-c92f9af720d3">
      <Execution id="070e44f1-bcdd-4b5f-9215-b0353b95008e" />
      <TestMethod codeBase="/home/runner/work/dotnet-monorepo/dotnet-monorepo/src/artifacts/bin/ImgProj.Tests/release_linux-x64/ImgProj.Tests.dll" adapterTypeName="executor://mstestadapter/v2" className="ImgProj.Tests.LoadingTests" name="TestLoadReadingDirection" />
    </UnitTest>
  </TestDefinitions>
  <TestEntries>
    <TestEntry testId="3f55f553-92b2-3b0e-49f6-c92f9af720d3" executionId="070e44f1-bcdd-4b5f-9215-b0353b95008e" testListId="8c84fa94-04c1-424b-9868-57a2d4851a1d" />
    <TestEntry testId="5b50d00f-c86a-9234-a4d7-09098321d126" executionId="88a419ea-ff10-4a8b-8b89-2a8b67d9b706" testListId="8c84fa94-04c1-424b-9868-57a2d4851a1d" />
    <TestEntry testId="4768eb62-46f6-445d-40db-c827365ceab0" executionId="9f109bec-ef68-4b27-bb6b-498d82b92b90" testListId="8c84fa94-04c1-424b-9868-57a2d4851a1d" />
  </TestEntries>
  <TestLists>
    <TestList name="Results Not in a List" id="8c84fa94-04c1-424b-9868-57a2d4851a1d" />
    <TestList name="All Loaded Results" id="19431567-8539-422a-85d7-44ee4e166bda" />
  </TestLists>
  <ResultSummary outcome="Completed">
    <Counters total="3" executed="3" passed="3" failed="0" error="0" timeout="0" aborted="0" inconclusive="0" passedButRunAborted="0" notRunnable="0" notExecuted="0" disconnected="0" warning="0" completed="0" inProgress="0" pending="0" />
  </ResultSummary>
</TestRun>