<?xml version="1.0" encoding="utf-8"?>
<TestRun id="e80fd5dd-0566-47e0-b360-e131b9394fc7" name="runneradmin@runnervmih882 2026-06-20 18:49:50" runUser="runnervmih882\runneradmin" xmlns="http://microsoft.com/schemas/VisualStudio/TeamTest/2010">
  <Times creation="2026-06-20T18:49:50.2974562+00:00" queuing="2026-06-20T18:49:50.2974564+00:00" start="2026-06-20T18:49:49.5348603+00:00" finish="2026-06-20T18:49:50.3036055+00:00" />
  <TestSettings name="default" id="5b38b020-4abe-4162-b42c-5071b90b3236">
    <Deployment runDeploymentRoot="runneradmin_runnervmih882_2026-06-20_18_49_50" />
  </TestSettings>
  <Results>
    <UnitTestResult executionId="ae6c60a9-67cc-4874-93b7-9421c04d4833" testId="1bbde17a-1320-88b7-997f-a81e5809a96f" testName="TestLoadReadingDirection (LTR)" computerName="runnervmih882" duration="00:00:00.0014301" startTime="2026-06-20T18:49:50.1675645+00:00" endTime="2026-06-20T18:49:50.1710858+00:00" testType="13cdc9d9-ddb5-4fa4-a97d-d965ccfc6d4b" outcome="Passed" testListId="8c84fa94-04c1-424b-9868-57a2d4851a1d" relativeResultsDirectory="ae6c60a9-67cc-4874-93b7-9421c04d4833" />
    <UnitTestResult executionId="8110df71-455e-4f8c-9f1e-48ceb321df56" testId="1ffcac66-a9ef-849b-a991-465177e44551" testName="TestLoadReadingDirection (RTL)" computerName="runnervmih882" duration="00:00:00.0002809" startTime="2026-06-20T18:49:50.1715021+00:00" endTime="2026-06-20T18:49:50.1753268+00:00" testType="13cdc9d9-ddb5-4fa4-a97d-d965ccfc6d4b" outcome="Passed" testListId="8c84fa94-04c1-424b-9868-57a2d4851a1d" relativeResultsDirectory="8110df71-455e-4f8c-9f1e-48ceb321df56" />
    <UnitTestResult executionId="94a3fc72-5822-4784-a97e-961ed89eadff" testId="14c01320-3b2b-8e05-9233-caf8c40f8b20" testName="TestLoadPageSpreads" computerName="runnervmih882" duration="00:00:00.0346607" startTime="2026-06-20T18:49:50.1066282+00:00" endTime="2026-06-20T18:49:50.1621434+00:00" testType="13cdc9d9-ddb5-4fa4-a97d-d965ccfc6d4b" outcome="Passed" testListId="8c84fa94-04c1-424b-9868-57a2d4851a1d" relativeResultsDirectory="94a3fc72-5822-4784-a97e-961ed89eadff" />
  </Results>
  <TestDefinitions>
    <UnitTest name="TestLoadReadingDirection (LTR)" storage="d:\a\dotnet-monorepo\dotnet-monorepo\src\artifacts\bin\imgproj.tests\release_win-x64\imgproj.tests.dll" id="1bbde17a-1320-88b7-997f-a81e5809a96f">
      <Execution id="ae6c60a9-67cc-4874-93b7-9421c04d4833" />
      <TestMethod codeBase="D:\a\dotnet-monorepo\dotnet-monorepo\src\artifacts\bin\ImgProj.Tests\release_win-x64\ImgProj.Tests.dll" adapterTypeName="executor://mstestadapter/v4" className="ImgProj.Tests.LoadingTests" name="TestLoadReadingDirection" />
    </UnitTest>
    <UnitTest name="TestLoadReadingDirection (RTL)" storage="d:\a\dotnet-monorepo\dotnet-monorepo\src\artifacts\bin\imgproj.tests\release_win-x64\imgproj.tests.dll" id="1ffcac66-a9ef-849b-a991-465177e44551">
      <Execution id="8110df71-455e-4f8c-9f1e-48ceb321df56" />
      <TestMethod codeBase="D:\a\dotnet-monorepo\dotnet-monorepo\src\artifacts\bin\ImgProj.Tests\release_win-x64\ImgProj.Tests.dll" adapterTypeName="executor://mstestadapter/v4" className="ImgProj.Tests.LoadingTests" name="TestLoadReadingDirection" />
    </UnitTest>
    <UnitTest name="TestLoadPageSpreads" storage="d:\a\dotnet-monorepo\dotnet-monorepo\src\artifacts\bin\imgproj.tests\release_win-x64\imgproj.tests.dll" id="14c01320-3b2b-8e05-9233-caf8c40f8b20">
      <Execution id="94a3fc72-5822-4784-a97e-961ed89eadff" />
      <TestMethod codeBase="D:\a\dotnet-monorepo\dotnet-monorepo\src\artifacts\bin\ImgProj.Tests\release_win-x64\ImgProj.Tests.dll" adapterTypeName="executor://mstestadapter/v4" className="ImgProj.Tests.LoadingTests" name="TestLoadPageSpreads" />
    </UnitTest>
  </TestDefinitions>
  <TestEntries>
    <TestEntry testId="1bbde17a-1320-88b7-997f-a81e5809a96f" executionId="ae6c60a9-67cc-4874-93b7-9421c04d4833" testListId="8c84fa94-04c1-424b-9868-57a2d4851a1d" />
    <TestEntry testId="1ffcac66-a9ef-849b-a991-465177e44551" executionId="8110df71-455e-4f8c-9f1e-48ceb321df56" testListId="8c84fa94-04c1-424b-9868-57a2d4851a1d" />
    <TestEntry testId="14c01320-3b2b-8e05-9233-caf8c40f8b20" executionId="94a3fc72-5822-4784-a97e-961ed89eadff" testListId="8c84fa94-04c1-424b-9868-57a2d4851a1d" />
  </TestEntries>
  <TestLists>
    <TestList name="Results Not in a List" id="8c84fa94-04c1-424b-9868-57a2d4851a1d" />
    <TestList name="All Loaded Results" id="19431567-8539-422a-85d7-44ee4e166bda" />
  </TestLists>
  <ResultSummary outcome="Completed">
    <Counters total="3" executed="3" passed="3" failed="0" error="0" timeout="0" aborted="0" inconclusive="0" passedButRunAborted="0" notRunnable="0" notExecuted="0" disconnected="0" warning="0" completed="0" inProgress="0" pending="0" />
    <Output>
      <StdOut>Test Parallelization enabled for D:\a\dotnet-monorepo\dotnet-monorepo\src\artifacts\bin\ImgProj.Tests\release_win-x64\ImgProj.Tests.dll (Workers: 4, Scope: ClassLevel)&#xD;
</StdOut>
    </Output>
  </ResultSummary>
</TestRun>