<?xml version="1.0" encoding="utf-8"?>
<TestRun id="33550c6d-20c5-48c0-8428-91181de52d6c" name="@fv-az693-738 2024-08-09 21:20:39" xmlns="http://microsoft.com/schemas/VisualStudio/TeamTest/2010">
  <Times creation="2024-08-09T21:20:39.5706334+00:00" queuing="2024-08-09T21:20:39.5706335+00:00" start="2024-08-09T21:20:38.9396191+00:00" finish="2024-08-09T21:20:39.5764361+00:00" />
  <TestSettings name="default" id="c3dbfc49-3ad1-4c77-8930-03e43219760c">
    <Deployment runDeploymentRoot="_fv-az693-738_2024-08-09_21_20_39" />
  </TestSettings>
  <Results>
    <UnitTestResult executionId="61b04d83-b857-4f20-91df-32822096b59c" testId="4768eb62-46f6-445d-40db-c827365ceab0" testName="TestLoadPageSpreads" computerName="fv-az693-738" duration="00:00:00.0223030" startTime="2024-08-09T21:20:39.4032180+00:00" endTime="2024-08-09T21:20:39.4358587+00:00" testType="13cdc9d9-ddb5-4fa4-a97d-d965ccfc6d4b" outcome="Passed" testListId="8c84fa94-04c1-424b-9868-57a2d4851a1d" relativeResultsDirectory="61b04d83-b857-4f20-91df-32822096b59c" />
    <UnitTestResult executionId="decda529-bd3f-47d2-8b97-23419714e0ec" testId="3f55f553-92b2-3b0e-49f6-c92f9af720d3" testName="TestLoadReadingDirection (RTL)" computerName="fv-az693-738" duration="00:00:00.0002444" startTime="2024-08-09T21:20:39.4466135+00:00" endTime="2024-08-09T21:20:39.4479184+00:00" testType="13cdc9d9-ddb5-4fa4-a97d-d965ccfc6d4b" outcome="Passed" testListId="8c84fa94-04c1-424b-9868-57a2d4851a1d" relativeResultsDirectory="decda529-bd3f-47d2-8b97-23419714e0ec" />
    <UnitTestResult executionId="af1781e0-2a02-4a67-9875-778903b02ff6" testId="5b50d00f-c86a-9234-a4d7-09098321d126" testName="TestLoadReadingDirection (LTR)" computerName="fv-az693-738" duration="00:00:00.0011030" startTime="2024-08-09T21:20:39.4400536+00:00" endTime="2024-08-09T21:20:39.4461880+00:00" testType="13cdc9d9-ddb5-4fa4-a97d-d965ccfc6d4b" outcome="Passed" testListId="8c84fa94-04c1-424b-9868-57a2d4851a1d" relativeResultsDirectory="af1781e0-2a02-4a67-9875-778903b02ff6" />
  </Results>
  <TestDefinitions>
    <UnitTest name="TestLoadPageSpreads" storage="/home/runner/work/dotnet-monorepo/dotnet-monorepo/src/artifacts/bin/imgproj.tests/release_linux-x64/imgproj.tests.dll" id="4768eb62-46f6-445d-40db-c827365ceab0">
      <Execution id="61b04d83-b857-4f20-91df-32822096b59c" />
      <TestMethod codeBase="/home/runner/work/dotnet-monorepo/dotnet-monorepo/src/artifacts/bin/ImgProj.Tests/release_linux-x64/ImgProj.Tests.dll" adapterTypeName="executor://mstestadapter/v2" className="ImgProj.Tests.LoadingTests" name="TestLoadPageSpreads" />
    </UnitTest>
    <UnitTest name="TestLoadReadingDirection (LTR)" storage="/home/runner/work/dotnet-monorepo/dotnet-monorepo/src/artifacts/bin/imgproj.tests/release_linux-x64/imgproj.tests.dll" id="5b50d00f-c86a-9234-a4d7-09098321d126">
      <Execution id="af1781e0-2a02-4a67-9875-778903b02ff6" />
      <TestMethod codeBase="/home/runner/work/dotnet-monorepo/dotnet-monorepo/src/artifacts/bin/ImgProj.Tests/release_linux-x64/ImgProj.Tests.dll" adapterTypeName="executor://mstestadapter/v2" className="ImgProj.Tests.LoadingTests" name="TestLoadReadingDirection" />
    </UnitTest>
    <UnitTest name="TestLoadReadingDirection (RTL)" storage="/home/runner/work/dotnet-monorepo/dotnet-monorepo/src/artifacts/bin/imgproj.tests/release_linux-x64/imgproj.tests.dll" id="3f55f553-92b2-3b0e-49f6-c92f9af720d3">
      <Execution id="decda529-bd3f-47d2-8b97-23419714e0ec" />
      <TestMethod codeBase="/home/runner/work/dotnet-monorepo/dotnet-monorepo/src/artifacts/bin/ImgProj.Tests/release_linux-x64/ImgProj.Tests.dll" adapterTypeName="executor://mstestadapter/v2" className="ImgProj.Tests.LoadingTests" name="TestLoadReadingDirection" />
    </UnitTest>
  </TestDefinitions>
  <TestEntries>
    <TestEntry testId="4768eb62-46f6-445d-40db-c827365ceab0" executionId="61b04d83-b857-4f20-91df-32822096b59c" testListId="8c84fa94-04c1-424b-9868-57a2d4851a1d" />
    <TestEntry testId="3f55f553-92b2-3b0e-49f6-c92f9af720d3" executionId="decda529-bd3f-47d2-8b97-23419714e0ec" testListId="8c84fa94-04c1-424b-9868-57a2d4851a1d" />
    <TestEntry testId="5b50d00f-c86a-9234-a4d7-09098321d126" executionId="af1781e0-2a02-4a67-9875-778903b02ff6" testListId="8c84fa94-04c1-424b-9868-57a2d4851a1d" />
  </TestEntries>
  <TestLists>
    <TestList name="Results Not in a List" id="8c84fa94-04c1-424b-9868-57a2d4851a1d" />
    <TestList name="All Loaded Results" id="19431567-8539-422a-85d7-44ee4e166bda" />
  </TestLists>
  <ResultSummary outcome="Completed">
    <Counters total="3" executed="3" passed="3" failed="0" error="0" timeout="0" aborted="0" inconclusive="0" passedButRunAborted="0" notRunnable="0" notExecuted="0" disconnected="0" warning="0" completed="0" inProgress="0" pending="0" />
  </ResultSummary>
</TestRun>