<?xml version="1.0" encoding="utf-8"?>
<TestRun id="d9677ffb-31ce-4b02-960b-4c62c30ade3d" name="@fv-az2023-66 2025-04-18 22:40:24" xmlns="http://microsoft.com/schemas/VisualStudio/TeamTest/2010">
  <Times creation="2025-04-18T22:40:24.8098125+00:00" queuing="2025-04-18T22:40:24.8098125+00:00" start="2025-04-18T22:40:24.2249909+00:00" finish="2025-04-18T22:40:24.8151377+00:00" />
  <TestSettings name="default" id="f475410f-94d0-4a76-beb1-e455d4a018da">
    <Deployment runDeploymentRoot="_fv-az2023-66_2025-04-18_22_40_24" />
  </TestSettings>
  <Results>
    <UnitTestResult executionId="a9da062b-7b69-4211-9025-57fad7ca2da4" testId="3f55f553-92b2-3b0e-49f6-c92f9af720d3" testName="TestLoadReadingDirection (RTL)" computerName="fv-az2023-66" duration="00:00:00.0002487" startTime="2025-04-18T22:40:24.7009578+00:00" endTime="2025-04-18T22:40:24.7021576+00:00" testType="13cdc9d9-ddb5-4fa4-a97d-d965ccfc6d4b" outcome="Passed" testListId="8c84fa94-04c1-424b-9868-57a2d4851a1d" relativeResultsDirectory="a9da062b-7b69-4211-9025-57fad7ca2da4" />
    <UnitTestResult executionId="2845e60f-857f-4f8a-99ac-9c159379db05" testId="4768eb62-46f6-445d-40db-c827365ceab0" testName="TestLoadPageSpreads" computerName="fv-az2023-66" duration="00:00:00.0225016" startTime="2025-04-18T22:40:24.6541083+00:00" endTime="2025-04-18T22:40:24.6903839+00:00" testType="13cdc9d9-ddb5-4fa4-a97d-d965ccfc6d4b" outcome="Passed" testListId="8c84fa94-04c1-424b-9868-57a2d4851a1d" relativeResultsDirectory="2845e60f-857f-4f8a-99ac-9c159379db05" />
    <UnitTestResult executionId="0e65e135-ccbe-487c-a3a2-685f6cb535e8" testId="5b50d00f-c86a-9234-a4d7-09098321d126" testName="TestLoadReadingDirection (LTR)" computerName="fv-az2023-66" duration="00:00:00.0009811" startTime="2025-04-18T22:40:24.6943701+00:00" endTime="2025-04-18T22:40:24.7006669+00:00" testType="13cdc9d9-ddb5-4fa4-a97d-d965ccfc6d4b" outcome="Passed" testListId="8c84fa94-04c1-424b-9868-57a2d4851a1d" relativeResultsDirectory="0e65e135-ccbe-487c-a3a2-685f6cb535e8" />
  </Results>
  <TestDefinitions>
    <UnitTest name="TestLoadPageSpreads" storage="/home/runner/work/dotnet-monorepo/dotnet-monorepo/src/artifacts/bin/imgproj.tests/release_linux-x64/imgproj.tests.dll" id="4768eb62-46f6-445d-40db-c827365ceab0">
      <Execution id="2845e60f-857f-4f8a-99ac-9c159379db05" />
      <TestMethod codeBase="/home/runner/work/dotnet-monorepo/dotnet-monorepo/src/artifacts/bin/ImgProj.Tests/release_linux-x64/ImgProj.Tests.dll" adapterTypeName="executor://mstestadapter/v2" className="ImgProj.Tests.LoadingTests" name="TestLoadPageSpreads" />
    </UnitTest>
    <UnitTest name="TestLoadReadingDirection (LTR)" storage="/home/runner/work/dotnet-monorepo/dotnet-monorepo/src/artifacts/bin/imgproj.tests/release_linux-x64/imgproj.tests.dll" id="5b50d00f-c86a-9234-a4d7-09098321d126">
      <Execution id="0e65e135-ccbe-487c-a3a2-685f6cb535e8" />
      <TestMethod codeBase="/home/runner/work/dotnet-monorepo/dotnet-monorepo/src/artifacts/bin/ImgProj.Tests/release_linux-x64/ImgProj.Tests.dll" adapterTypeName="executor://mstestadapter/v2" className="ImgProj.Tests.LoadingTests" name="TestLoadReadingDirection" />
    </UnitTest>
    <UnitTest name="TestLoadReadingDirection (RTL)" storage="/home/runner/work/dotnet-monorepo/dotnet-monorepo/src/artifacts/bin/imgproj.tests/release_linux-x64/imgproj.tests.dll" id="3f55f553-92b2-3b0e-49f6-c92f9af720d3">
      <Execution id="a9da062b-7b69-4211-9025-57fad7ca2da4" />
      <TestMethod codeBase="/home/runner/work/dotnet-monorepo/dotnet-monorepo/src/artifacts/bin/ImgProj.Tests/release_linux-x64/ImgProj.Tests.dll" adapterTypeName="executor://mstestadapter/v2" className="ImgProj.Tests.LoadingTests" name="TestLoadReadingDirection" />
    </UnitTest>
  </TestDefinitions>
  <TestEntries>
    <TestEntry testId="3f55f553-92b2-3b0e-49f6-c92f9af720d3" executionId="a9da062b-7b69-4211-9025-57fad7ca2da4" testListId="8c84fa94-04c1-424b-9868-57a2d4851a1d" />
    <TestEntry testId="4768eb62-46f6-445d-40db-c827365ceab0" executionId="2845e60f-857f-4f8a-99ac-9c159379db05" testListId="8c84fa94-04c1-424b-9868-57a2d4851a1d" />
    <TestEntry testId="5b50d00f-c86a-9234-a4d7-09098321d126" executionId="0e65e135-ccbe-487c-a3a2-685f6cb535e8" testListId="8c84fa94-04c1-424b-9868-57a2d4851a1d" />
  </TestEntries>
  <TestLists>
    <TestList name="Results Not in a List" id="8c84fa94-04c1-424b-9868-57a2d4851a1d" />
    <TestList name="All Loaded Results" id="19431567-8539-422a-85d7-44ee4e166bda" />
  </TestLists>
  <ResultSummary outcome="Completed">
    <Counters total="3" executed="3" passed="3" failed="0" error="0" timeout="0" aborted="0" inconclusive="0" passedButRunAborted="0" notRunnable="0" notExecuted="0" disconnected="0" warning="0" completed="0" inProgress="0" pending="0" />
  </ResultSummary>
</TestRun>