<?xml version="1.0" encoding="utf-8"?>
<TestRun id="e55a5e76-3462-44f4-820e-b406c76f5b1b" name="@fv-az1338-718 2024-12-21 23:03:50" xmlns="http://microsoft.com/schemas/VisualStudio/TeamTest/2010">
  <Times creation="2024-12-21T23:03:50.7327388+00:00" queuing="2024-12-21T23:03:50.7327388+00:00" start="2024-12-21T23:03:50.1422778+00:00" finish="2024-12-21T23:03:50.7379519+00:00" />
  <TestSettings name="default" id="04923938-942b-44bf-b9e1-a84c600092f9">
    <Deployment runDeploymentRoot="_fv-az1338-718_2024-12-21_23_03_50" />
  </TestSettings>
  <Results>
    <UnitTestResult executionId="cb7439ab-93f5-449c-accb-5044df64251e" testId="4768eb62-46f6-445d-40db-c827365ceab0" testName="TestLoadPageSpreads" computerName="fv-az1338-718" duration="00:00:00.0210275" startTime="2024-12-21T23:03:50.5732890+00:00" endTime="2024-12-21T23:03:50.6056916+00:00" testType="13cdc9d9-ddb5-4fa4-a97d-d965ccfc6d4b" outcome="Passed" testListId="8c84fa94-04c1-424b-9868-57a2d4851a1d" relativeResultsDirectory="cb7439ab-93f5-449c-accb-5044df64251e" />
    <UnitTestResult executionId="872e5557-9e8e-4b67-ab33-2c865bc7d8d5" testId="3f55f553-92b2-3b0e-49f6-c92f9af720d3" testName="TestLoadReadingDirection (RTL)" computerName="fv-az1338-718" duration="00:00:00.0002302" startTime="2024-12-21T23:03:50.6155560+00:00" endTime="2024-12-21T23:03:50.6166341+00:00" testType="13cdc9d9-ddb5-4fa4-a97d-d965ccfc6d4b" outcome="Passed" testListId="8c84fa94-04c1-424b-9868-57a2d4851a1d" relativeResultsDirectory="872e5557-9e8e-4b67-ab33-2c865bc7d8d5" />
    <UnitTestResult executionId="7463aea3-52b7-4fa0-8946-4fc3d3374f79" testId="5b50d00f-c86a-9234-a4d7-09098321d126" testName="TestLoadReadingDirection (LTR)" computerName="fv-az1338-718" duration="00:00:00.0009888" startTime="2024-12-21T23:03:50.6096952+00:00" endTime="2024-12-21T23:03:50.6153216+00:00" testType="13cdc9d9-ddb5-4fa4-a97d-d965ccfc6d4b" outcome="Passed" testListId="8c84fa94-04c1-424b-9868-57a2d4851a1d" relativeResultsDirectory="7463aea3-52b7-4fa0-8946-4fc3d3374f79" />
  </Results>
  <TestDefinitions>
    <UnitTest name="TestLoadPageSpreads" storage="/home/runner/work/dotnet-monorepo/dotnet-monorepo/src/artifacts/bin/imgproj.tests/release_linux-x64/imgproj.tests.dll" id="4768eb62-46f6-445d-40db-c827365ceab0">
      <Execution id="cb7439ab-93f5-449c-accb-5044df64251e" />
      <TestMethod codeBase="/home/runner/work/dotnet-monorepo/dotnet-monorepo/src/artifacts/bin/ImgProj.Tests/release_linux-x64/ImgProj.Tests.dll" adapterTypeName="executor://mstestadapter/v2" className="ImgProj.Tests.LoadingTests" name="TestLoadPageSpreads" />
    </UnitTest>
    <UnitTest name="TestLoadReadingDirection (LTR)" storage="/home/runner/work/dotnet-monorepo/dotnet-monorepo/src/artifacts/bin/imgproj.tests/release_linux-x64/imgproj.tests.dll" id="5b50d00f-c86a-9234-a4d7-09098321d126">
      <Execution id="7463aea3-52b7-4fa0-8946-4fc3d3374f79" />
      <TestMethod codeBase="/home/runner/work/dotnet-monorepo/dotnet-monorepo/src/artifacts/bin/ImgProj.Tests/release_linux-x64/ImgProj.Tests.dll" adapterTypeName="executor://mstestadapter/v2" className="ImgProj.Tests.LoadingTests" name="TestLoadReadingDirection" />
    </UnitTest>
    <UnitTest name="TestLoadReadingDirection (RTL)" storage="/home/runner/work/dotnet-monorepo/dotnet-monorepo/src/artifacts/bin/imgproj.tests/release_linux-x64/imgproj.tests.dll" id="3f55f553-92b2-3b0e-49f6-c92f9af720d3">
      <Execution id="872e5557-9e8e-4b67-ab33-2c865bc7d8d5" />
      <TestMethod codeBase="/home/runner/work/dotnet-monorepo/dotnet-monorepo/src/artifacts/bin/ImgProj.Tests/release_linux-x64/ImgProj.Tests.dll" adapterTypeName="executor://mstestadapter/v2" className="ImgProj.Tests.LoadingTests" name="TestLoadReadingDirection" />
    </UnitTest>
  </TestDefinitions>
  <TestEntries>
    <TestEntry testId="4768eb62-46f6-445d-40db-c827365ceab0" executionId="cb7439ab-93f5-449c-accb-5044df64251e" testListId="8c84fa94-04c1-424b-9868-57a2d4851a1d" />
    <TestEntry testId="3f55f553-92b2-3b0e-49f6-c92f9af720d3" executionId="872e5557-9e8e-4b67-ab33-2c865bc7d8d5" testListId="8c84fa94-04c1-424b-9868-57a2d4851a1d" />
    <TestEntry testId="5b50d00f-c86a-9234-a4d7-09098321d126" executionId="7463aea3-52b7-4fa0-8946-4fc3d3374f79" testListId="8c84fa94-04c1-424b-9868-57a2d4851a1d" />
  </TestEntries>
  <TestLists>
    <TestList name="Results Not in a List" id="8c84fa94-04c1-424b-9868-57a2d4851a1d" />
    <TestList name="All Loaded Results" id="19431567-8539-422a-85d7-44ee4e166bda" />
  </TestLists>
  <ResultSummary outcome="Completed">
    <Counters total="3" executed="3" passed="3" failed="0" error="0" timeout="0" aborted="0" inconclusive="0" passedButRunAborted="0" notRunnable="0" notExecuted="0" disconnected="0" warning="0" completed="0" inProgress="0" pending="0" />
  </ResultSummary>
</TestRun>