<?xml version="1.0" encoding="utf-8"?>
<TestRun id="1b691303-a79a-4995-a70e-1c369b4c25e9" name="@fv-az1436-30 2025-02-22 13:57:22" xmlns="http://microsoft.com/schemas/VisualStudio/TeamTest/2010">
  <Times creation="2025-02-22T13:57:22.9223527+00:00" queuing="2025-02-22T13:57:22.9223528+00:00" start="2025-02-22T13:57:22.3083967+00:00" finish="2025-02-22T13:57:22.9277437+00:00" />
  <TestSettings name="default" id="71692db7-26f8-4e21-8f0b-be6a08fc548c">
    <Deployment runDeploymentRoot="_fv-az1436-30_2025-02-22_13_57_22" />
  </TestSettings>
  <Results>
    <UnitTestResult executionId="1876c5e7-1de4-4292-a834-8e23ca08ae14" testId="5b50d00f-c86a-9234-a4d7-09098321d126" testName="TestLoadReadingDirection (LTR)" computerName="fv-az1436-30" duration="00:00:00.0010747" startTime="2025-02-22T13:57:22.8029731+00:00" endTime="2025-02-22T13:57:22.8095445+00:00" testType="13cdc9d9-ddb5-4fa4-a97d-d965ccfc6d4b" outcome="Passed" testListId="8c84fa94-04c1-424b-9868-57a2d4851a1d" relativeResultsDirectory="1876c5e7-1de4-4292-a834-8e23ca08ae14" />
    <UnitTestResult executionId="5b02b2cf-c8a0-4088-aac2-d79ba4b7d0ab" testId="4768eb62-46f6-445d-40db-c827365ceab0" testName="TestLoadPageSpreads" computerName="fv-az1436-30" duration="00:00:00.0232746" startTime="2025-02-22T13:57:22.7594798+00:00" endTime="2025-02-22T13:57:22.7988481+00:00" testType="13cdc9d9-ddb5-4fa4-a97d-d965ccfc6d4b" outcome="Passed" testListId="8c84fa94-04c1-424b-9868-57a2d4851a1d" relativeResultsDirectory="5b02b2cf-c8a0-4088-aac2-d79ba4b7d0ab" />
    <UnitTestResult executionId="621766a5-33d8-4880-9505-e4032f8c52f3" testId="3f55f553-92b2-3b0e-49f6-c92f9af720d3" testName="TestLoadReadingDirection (RTL)" computerName="fv-az1436-30" duration="00:00:00.0002960" startTime="2025-02-22T13:57:22.8098373+00:00" endTime="2025-02-22T13:57:22.8111559+00:00" testType="13cdc9d9-ddb5-4fa4-a97d-d965ccfc6d4b" outcome="Passed" testListId="8c84fa94-04c1-424b-9868-57a2d4851a1d" relativeResultsDirectory="621766a5-33d8-4880-9505-e4032f8c52f3" />
  </Results>
  <TestDefinitions>
    <UnitTest name="TestLoadPageSpreads" storage="/home/runner/work/dotnet-monorepo/dotnet-monorepo/src/artifacts/bin/imgproj.tests/release_linux-x64/imgproj.tests.dll" id="4768eb62-46f6-445d-40db-c827365ceab0">
      <Execution id="5b02b2cf-c8a0-4088-aac2-d79ba4b7d0ab" />
      <TestMethod codeBase="/home/runner/work/dotnet-monorepo/dotnet-monorepo/src/artifacts/bin/ImgProj.Tests/release_linux-x64/ImgProj.Tests.dll" adapterTypeName="executor://mstestadapter/v2" className="ImgProj.Tests.LoadingTests" name="TestLoadPageSpreads" />
    </UnitTest>
    <UnitTest name="TestLoadReadingDirection (LTR)" storage="/home/runner/work/dotnet-monorepo/dotnet-monorepo/src/artifacts/bin/imgproj.tests/release_linux-x64/imgproj.tests.dll" id="5b50d00f-c86a-9234-a4d7-09098321d126">
      <Execution id="1876c5e7-1de4-4292-a834-8e23ca08ae14" />
      <TestMethod codeBase="/home/runner/work/dotnet-monorepo/dotnet-monorepo/src/artifacts/bin/ImgProj.Tests/release_linux-x64/ImgProj.Tests.dll" adapterTypeName="executor://mstestadapter/v2" className="ImgProj.Tests.LoadingTests" name="TestLoadReadingDirection" />
    </UnitTest>
    <UnitTest name="TestLoadReadingDirection (RTL)" storage="/home/runner/work/dotnet-monorepo/dotnet-monorepo/src/artifacts/bin/imgproj.tests/release_linux-x64/imgproj.tests.dll" id="3f55f553-92b2-3b0e-49f6-c92f9af720d3">
      <Execution id="621766a5-33d8-4880-9505-e4032f8c52f3" />
      <TestMethod codeBase="/home/runner/work/dotnet-monorepo/dotnet-monorepo/src/artifacts/bin/ImgProj.Tests/release_linux-x64/ImgProj.Tests.dll" adapterTypeName="executor://mstestadapter/v2" className="ImgProj.Tests.LoadingTests" name="TestLoadReadingDirection" />
    </UnitTest>
  </TestDefinitions>
  <TestEntries>
    <TestEntry testId="5b50d00f-c86a-9234-a4d7-09098321d126" executionId="1876c5e7-1de4-4292-a834-8e23ca08ae14" testListId="8c84fa94-04c1-424b-9868-57a2d4851a1d" />
    <TestEntry testId="4768eb62-46f6-445d-40db-c827365ceab0" executionId="5b02b2cf-c8a0-4088-aac2-d79ba4b7d0ab" testListId="8c84fa94-04c1-424b-9868-57a2d4851a1d" />
    <TestEntry testId="3f55f553-92b2-3b0e-49f6-c92f9af720d3" executionId="621766a5-33d8-4880-9505-e4032f8c52f3" testListId="8c84fa94-04c1-424b-9868-57a2d4851a1d" />
  </TestEntries>
  <TestLists>
    <TestList name="Results Not in a List" id="8c84fa94-04c1-424b-9868-57a2d4851a1d" />
    <TestList name="All Loaded Results" id="19431567-8539-422a-85d7-44ee4e166bda" />
  </TestLists>
  <ResultSummary outcome="Completed">
    <Counters total="3" executed="3" passed="3" failed="0" error="0" timeout="0" aborted="0" inconclusive="0" passedButRunAborted="0" notRunnable="0" notExecuted="0" disconnected="0" warning="0" completed="0" inProgress="0" pending="0" />
  </ResultSummary>
</TestRun>