<?xml version="1.0" encoding="utf-8"?>
<TestRun id="06f352a2-945e-4d8a-9326-8d14a052a6fa" name="@fv-az1106-113 2024-10-26 03:17:06" xmlns="http://microsoft.com/schemas/VisualStudio/TeamTest/2010">
  <Times creation="2024-10-26T03:17:06.0422473+00:00" queuing="2024-10-26T03:17:06.0422474+00:00" start="2024-10-26T03:17:05.4282580+00:00" finish="2024-10-26T03:17:06.0481317+00:00" />
  <TestSettings name="default" id="ce83eb95-6265-4ddc-8d8a-6c9b5bc287b2">
    <Deployment runDeploymentRoot="_fv-az1106-113_2024-10-26_03_17_06" />
  </TestSettings>
  <Results>
    <UnitTestResult executionId="d2cbf5d5-d016-4748-a579-039950004ca4" testId="5b50d00f-c86a-9234-a4d7-09098321d126" testName="TestLoadReadingDirection (LTR)" computerName="fv-az1106-113" duration="00:00:00.0010741" startTime="2024-10-26T03:17:05.9098717+00:00" endTime="2024-10-26T03:17:05.9158475+00:00" testType="13cdc9d9-ddb5-4fa4-a97d-d965ccfc6d4b" outcome="Passed" testListId="8c84fa94-04c1-424b-9868-57a2d4851a1d" relativeResultsDirectory="d2cbf5d5-d016-4748-a579-039950004ca4" />
    <UnitTestResult executionId="6514bc1a-4f54-4b19-b045-8e70ef7a7541" testId="3f55f553-92b2-3b0e-49f6-c92f9af720d3" testName="TestLoadReadingDirection (RTL)" computerName="fv-az1106-113" duration="00:00:00.0002321" startTime="2024-10-26T03:17:05.9162596+00:00" endTime="2024-10-26T03:17:05.9174730+00:00" testType="13cdc9d9-ddb5-4fa4-a97d-d965ccfc6d4b" outcome="Passed" testListId="8c84fa94-04c1-424b-9868-57a2d4851a1d" relativeResultsDirectory="6514bc1a-4f54-4b19-b045-8e70ef7a7541" />
    <UnitTestResult executionId="0ff148be-7eb9-49f7-a6dd-933e7f637917" testId="4768eb62-46f6-445d-40db-c827365ceab0" testName="TestLoadPageSpreads" computerName="fv-az1106-113" duration="00:00:00.0216782" startTime="2024-10-26T03:17:05.8740093+00:00" endTime="2024-10-26T03:17:05.9057346+00:00" testType="13cdc9d9-ddb5-4fa4-a97d-d965ccfc6d4b" outcome="Passed" testListId="8c84fa94-04c1-424b-9868-57a2d4851a1d" relativeResultsDirectory="0ff148be-7eb9-49f7-a6dd-933e7f637917" />
  </Results>
  <TestDefinitions>
    <UnitTest name="TestLoadPageSpreads" storage="/home/runner/work/dotnet-monorepo/dotnet-monorepo/src/artifacts/bin/imgproj.tests/release_linux-x64/imgproj.tests.dll" id="4768eb62-46f6-445d-40db-c827365ceab0">
      <Execution id="0ff148be-7eb9-49f7-a6dd-933e7f637917" />
      <TestMethod codeBase="/home/runner/work/dotnet-monorepo/dotnet-monorepo/src/artifacts/bin/ImgProj.Tests/release_linux-x64/ImgProj.Tests.dll" adapterTypeName="executor://mstestadapter/v2" className="ImgProj.Tests.LoadingTests" name="TestLoadPageSpreads" />
    </UnitTest>
    <UnitTest name="TestLoadReadingDirection (LTR)" storage="/home/runner/work/dotnet-monorepo/dotnet-monorepo/src/artifacts/bin/imgproj.tests/release_linux-x64/imgproj.tests.dll" id="5b50d00f-c86a-9234-a4d7-09098321d126">
      <Execution id="d2cbf5d5-d016-4748-a579-039950004ca4" />
      <TestMethod codeBase="/home/runner/work/dotnet-monorepo/dotnet-monorepo/src/artifacts/bin/ImgProj.Tests/release_linux-x64/ImgProj.Tests.dll" adapterTypeName="executor://mstestadapter/v2" className="ImgProj.Tests.LoadingTests" name="TestLoadReadingDirection" />
    </UnitTest>
    <UnitTest name="TestLoadReadingDirection (RTL)" storage="/home/runner/work/dotnet-monorepo/dotnet-monorepo/src/artifacts/bin/imgproj.tests/release_linux-x64/imgproj.tests.dll" id="3f55f553-92b2-3b0e-49f6-c92f9af720d3">
      <Execution id="6514bc1a-4f54-4b19-b045-8e70ef7a7541" />
      <TestMethod codeBase="/home/runner/work/dotnet-monorepo/dotnet-monorepo/src/artifacts/bin/ImgProj.Tests/release_linux-x64/ImgProj.Tests.dll" adapterTypeName="executor://mstestadapter/v2" className="ImgProj.Tests.LoadingTests" name="TestLoadReadingDirection" />
    </UnitTest>
  </TestDefinitions>
  <TestEntries>
    <TestEntry testId="5b50d00f-c86a-9234-a4d7-09098321d126" executionId="d2cbf5d5-d016-4748-a579-039950004ca4" testListId="8c84fa94-04c1-424b-9868-57a2d4851a1d" />
    <TestEntry testId="3f55f553-92b2-3b0e-49f6-c92f9af720d3" executionId="6514bc1a-4f54-4b19-b045-8e70ef7a7541" testListId="8c84fa94-04c1-424b-9868-57a2d4851a1d" />
    <TestEntry testId="4768eb62-46f6-445d-40db-c827365ceab0" executionId="0ff148be-7eb9-49f7-a6dd-933e7f637917" testListId="8c84fa94-04c1-424b-9868-57a2d4851a1d" />
  </TestEntries>
  <TestLists>
    <TestList name="Results Not in a List" id="8c84fa94-04c1-424b-9868-57a2d4851a1d" />
    <TestList name="All Loaded Results" id="19431567-8539-422a-85d7-44ee4e166bda" />
  </TestLists>
  <ResultSummary outcome="Completed">
    <Counters total="3" executed="3" passed="3" failed="0" error="0" timeout="0" aborted="0" inconclusive="0" passedButRunAborted="0" notRunnable="0" notExecuted="0" disconnected="0" warning="0" completed="0" inProgress="0" pending="0" />
  </ResultSummary>
</TestRun>