<?xml version="1.0" encoding="utf-8"?>
<TestRun id="65338259-e1e8-4dd8-b957-27646f9a55f3" name="@fv-az1979-667 2025-01-10 01:54:45" xmlns="http://microsoft.com/schemas/VisualStudio/TeamTest/2010">
  <Times creation="2025-01-10T01:54:45.3428992+00:00" queuing="2025-01-10T01:54:45.3428993+00:00" start="2025-01-10T01:54:44.7359371+00:00" finish="2025-01-10T01:54:45.3490825+00:00" />
  <TestSettings name="default" id="4c6a4003-7e60-462c-9504-f384242f3e59">
    <Deployment runDeploymentRoot="_fv-az1979-667_2025-01-10_01_54_45" />
  </TestSettings>
  <Results>
    <UnitTestResult executionId="59cac84d-0cf6-4779-a33f-00099f015c3b" testId="5b50d00f-c86a-9234-a4d7-09098321d126" testName="TestLoadReadingDirection (LTR)" computerName="fv-az1979-667" duration="00:00:00.0010303" startTime="2025-01-10T01:54:45.2158474+00:00" endTime="2025-01-10T01:54:45.2215984+00:00" testType="13cdc9d9-ddb5-4fa4-a97d-d965ccfc6d4b" outcome="Passed" testListId="8c84fa94-04c1-424b-9868-57a2d4851a1d" relativeResultsDirectory="59cac84d-0cf6-4779-a33f-00099f015c3b" />
    <UnitTestResult executionId="2d63d675-53d5-47e9-847a-eb30e422d2f8" testId="3f55f553-92b2-3b0e-49f6-c92f9af720d3" testName="TestLoadReadingDirection (RTL)" computerName="fv-az1979-667" duration="00:00:00.0002429" startTime="2025-01-10T01:54:45.2218513+00:00" endTime="2025-01-10T01:54:45.2229747+00:00" testType="13cdc9d9-ddb5-4fa4-a97d-d965ccfc6d4b" outcome="Passed" testListId="8c84fa94-04c1-424b-9868-57a2d4851a1d" relativeResultsDirectory="2d63d675-53d5-47e9-847a-eb30e422d2f8" />
    <UnitTestResult executionId="a3e4f64d-3565-44de-91b8-434f53923fb7" testId="4768eb62-46f6-445d-40db-c827365ceab0" testName="TestLoadPageSpreads" computerName="fv-az1979-667" duration="00:00:00.0236921" startTime="2025-01-10T01:54:45.1763828+00:00" endTime="2025-01-10T01:54:45.2117955+00:00" testType="13cdc9d9-ddb5-4fa4-a97d-d965ccfc6d4b" outcome="Passed" testListId="8c84fa94-04c1-424b-9868-57a2d4851a1d" relativeResultsDirectory="a3e4f64d-3565-44de-91b8-434f53923fb7" />
  </Results>
  <TestDefinitions>
    <UnitTest name="TestLoadPageSpreads" storage="/home/runner/work/dotnet-monorepo/dotnet-monorepo/src/artifacts/bin/imgproj.tests/release_linux-x64/imgproj.tests.dll" id="4768eb62-46f6-445d-40db-c827365ceab0">
      <Execution id="a3e4f64d-3565-44de-91b8-434f53923fb7" />
      <TestMethod codeBase="/home/runner/work/dotnet-monorepo/dotnet-monorepo/src/artifacts/bin/ImgProj.Tests/release_linux-x64/ImgProj.Tests.dll" adapterTypeName="executor://mstestadapter/v2" className="ImgProj.Tests.LoadingTests" name="TestLoadPageSpreads" />
    </UnitTest>
    <UnitTest name="TestLoadReadingDirection (LTR)" storage="/home/runner/work/dotnet-monorepo/dotnet-monorepo/src/artifacts/bin/imgproj.tests/release_linux-x64/imgproj.tests.dll" id="5b50d00f-c86a-9234-a4d7-09098321d126">
      <Execution id="59cac84d-0cf6-4779-a33f-00099f015c3b" />
      <TestMethod codeBase="/home/runner/work/dotnet-monorepo/dotnet-monorepo/src/artifacts/bin/ImgProj.Tests/release_linux-x64/ImgProj.Tests.dll" adapterTypeName="executor://mstestadapter/v2" className="ImgProj.Tests.LoadingTests" name="TestLoadReadingDirection" />
    </UnitTest>
    <UnitTest name="TestLoadReadingDirection (RTL)" storage="/home/runner/work/dotnet-monorepo/dotnet-monorepo/src/artifacts/bin/imgproj.tests/release_linux-x64/imgproj.tests.dll" id="3f55f553-92b2-3b0e-49f6-c92f9af720d3">
      <Execution id="2d63d675-53d5-47e9-847a-eb30e422d2f8" />
      <TestMethod codeBase="/home/runner/work/dotnet-monorepo/dotnet-monorepo/src/artifacts/bin/ImgProj.Tests/release_linux-x64/ImgProj.Tests.dll" adapterTypeName="executor://mstestadapter/v2" className="ImgProj.Tests.LoadingTests" name="TestLoadReadingDirection" />
    </UnitTest>
  </TestDefinitions>
  <TestEntries>
    <TestEntry testId="5b50d00f-c86a-9234-a4d7-09098321d126" executionId="59cac84d-0cf6-4779-a33f-00099f015c3b" testListId="8c84fa94-04c1-424b-9868-57a2d4851a1d" />
    <TestEntry testId="3f55f553-92b2-3b0e-49f6-c92f9af720d3" executionId="2d63d675-53d5-47e9-847a-eb30e422d2f8" testListId="8c84fa94-04c1-424b-9868-57a2d4851a1d" />
    <TestEntry testId="4768eb62-46f6-445d-40db-c827365ceab0" executionId="a3e4f64d-3565-44de-91b8-434f53923fb7" testListId="8c84fa94-04c1-424b-9868-57a2d4851a1d" />
  </TestEntries>
  <TestLists>
    <TestList name="Results Not in a List" id="8c84fa94-04c1-424b-9868-57a2d4851a1d" />
    <TestList name="All Loaded Results" id="19431567-8539-422a-85d7-44ee4e166bda" />
  </TestLists>
  <ResultSummary outcome="Completed">
    <Counters total="3" executed="3" passed="3" failed="0" error="0" timeout="0" aborted="0" inconclusive="0" passedButRunAborted="0" notRunnable="0" notExecuted="0" disconnected="0" warning="0" completed="0" inProgress="0" pending="0" />
  </ResultSummary>
</TestRun>