<?xml version="1.0" encoding="utf-8"?>
<TestRun id="8bc94e5d-d9cb-4edb-93b7-2edb4acbcfa7" name="@pkrvmsl9tci6h6u 2025-08-09 21:06:03" xmlns="http://microsoft.com/schemas/VisualStudio/TeamTest/2010">
  <Times creation="2025-08-09T21:06:03.6212095+00:00" queuing="2025-08-09T21:06:03.6212095+00:00" start="2025-08-09T21:06:02.9931613+00:00" finish="2025-08-09T21:06:03.6268136+00:00" />
  <TestSettings name="default" id="12989662-d95b-49da-bf19-76312317dd88">
    <Deployment runDeploymentRoot="_pkrvmsl9tci6h6u_2025-08-09_21_06_03" />
  </TestSettings>
  <Results>
    <UnitTestResult executionId="bb7ab1f1-3f2e-4a25-96fc-dc10da04576c" testId="4768eb62-46f6-445d-40db-c827365ceab0" testName="TestLoadPageSpreads" computerName="pkrvmsl9tci6h6u" duration="00:00:00.0253601" startTime="2025-08-09T21:06:03.4465174+00:00" endTime="2025-08-09T21:06:03.4878377+00:00" testType="13cdc9d9-ddb5-4fa4-a97d-d965ccfc6d4b" outcome="Passed" testListId="8c84fa94-04c1-424b-9868-57a2d4851a1d" relativeResultsDirectory="bb7ab1f1-3f2e-4a25-96fc-dc10da04576c" />
    <UnitTestResult executionId="43ba18ac-3e29-4a0c-ac92-186312b27147" testId="5b50d00f-c86a-9234-a4d7-09098321d126" testName="TestLoadReadingDirection (LTR)" computerName="pkrvmsl9tci6h6u" duration="00:00:00.0011747" startTime="2025-08-09T21:06:03.4920740+00:00" endTime="2025-08-09T21:06:03.4993026+00:00" testType="13cdc9d9-ddb5-4fa4-a97d-d965ccfc6d4b" outcome="Passed" testListId="8c84fa94-04c1-424b-9868-57a2d4851a1d" relativeResultsDirectory="43ba18ac-3e29-4a0c-ac92-186312b27147" />
    <UnitTestResult executionId="7eb5e12a-1180-4024-a44a-22ae14c2e40a" testId="3f55f553-92b2-3b0e-49f6-c92f9af720d3" testName="TestLoadReadingDirection (RTL)" computerName="pkrvmsl9tci6h6u" duration="00:00:00.0002589" startTime="2025-08-09T21:06:03.4996211+00:00" endTime="2025-08-09T21:06:03.5007560+00:00" testType="13cdc9d9-ddb5-4fa4-a97d-d965ccfc6d4b" outcome="Passed" testListId="8c84fa94-04c1-424b-9868-57a2d4851a1d" relativeResultsDirectory="7eb5e12a-1180-4024-a44a-22ae14c2e40a" />
  </Results>
  <TestDefinitions>
    <UnitTest name="TestLoadPageSpreads" storage="/home/runner/work/dotnet-monorepo/dotnet-monorepo/src/artifacts/bin/imgproj.tests/release_linux-x64/imgproj.tests.dll" id="4768eb62-46f6-445d-40db-c827365ceab0">
      <Execution id="bb7ab1f1-3f2e-4a25-96fc-dc10da04576c" />
      <TestMethod codeBase="/home/runner/work/dotnet-monorepo/dotnet-monorepo/src/artifacts/bin/ImgProj.Tests/release_linux-x64/ImgProj.Tests.dll" adapterTypeName="executor://mstestadapter/v2" className="ImgProj.Tests.LoadingTests" name="TestLoadPageSpreads" />
    </UnitTest>
    <UnitTest name="TestLoadReadingDirection (LTR)" storage="/home/runner/work/dotnet-monorepo/dotnet-monorepo/src/artifacts/bin/imgproj.tests/release_linux-x64/imgproj.tests.dll" id="5b50d00f-c86a-9234-a4d7-09098321d126">
      <Execution id="43ba18ac-3e29-4a0c-ac92-186312b27147" />
      <TestMethod codeBase="/home/runner/work/dotnet-monorepo/dotnet-monorepo/src/artifacts/bin/ImgProj.Tests/release_linux-x64/ImgProj.Tests.dll" adapterTypeName="executor://mstestadapter/v2" className="ImgProj.Tests.LoadingTests" name="TestLoadReadingDirection" />
    </UnitTest>
    <UnitTest name="TestLoadReadingDirection (RTL)" storage="/home/runner/work/dotnet-monorepo/dotnet-monorepo/src/artifacts/bin/imgproj.tests/release_linux-x64/imgproj.tests.dll" id="3f55f553-92b2-3b0e-49f6-c92f9af720d3">
      <Execution id="7eb5e12a-1180-4024-a44a-22ae14c2e40a" />
      <TestMethod codeBase="/home/runner/work/dotnet-monorepo/dotnet-monorepo/src/artifacts/bin/ImgProj.Tests/release_linux-x64/ImgProj.Tests.dll" adapterTypeName="executor://mstestadapter/v2" className="ImgProj.Tests.LoadingTests" name="TestLoadReadingDirection" />
    </UnitTest>
  </TestDefinitions>
  <TestEntries>
    <TestEntry testId="4768eb62-46f6-445d-40db-c827365ceab0" executionId="bb7ab1f1-3f2e-4a25-96fc-dc10da04576c" testListId="8c84fa94-04c1-424b-9868-57a2d4851a1d" />
    <TestEntry testId="5b50d00f-c86a-9234-a4d7-09098321d126" executionId="43ba18ac-3e29-4a0c-ac92-186312b27147" testListId="8c84fa94-04c1-424b-9868-57a2d4851a1d" />
    <TestEntry testId="3f55f553-92b2-3b0e-49f6-c92f9af720d3" executionId="7eb5e12a-1180-4024-a44a-22ae14c2e40a" testListId="8c84fa94-04c1-424b-9868-57a2d4851a1d" />
  </TestEntries>
  <TestLists>
    <TestList name="Results Not in a List" id="8c84fa94-04c1-424b-9868-57a2d4851a1d" />
    <TestList name="All Loaded Results" id="19431567-8539-422a-85d7-44ee4e166bda" />
  </TestLists>
  <ResultSummary outcome="Completed">
    <Counters total="3" executed="3" passed="3" failed="0" error="0" timeout="0" aborted="0" inconclusive="0" passedButRunAborted="0" notRunnable="0" notExecuted="0" disconnected="0" warning="0" completed="0" inProgress="0" pending="0" />
  </ResultSummary>
</TestRun>