<?xml version="1.0" encoding="utf-8"?>
<TestRun id="cb92b3ea-3e1d-4c23-aa42-51ee0f8507e9" name="@runnervmlun5p 2026-09-19 18:44:29" xmlns="http://microsoft.com/schemas/VisualStudio/TeamTest/2010">
  <Times creation="2026-09-19T18:44:29.1426630+00:00" queuing="2026-09-19T18:44:29.1426631+00:00" start="2026-09-19T18:44:27.3256949+00:00" finish="2026-09-19T18:44:31.2338756+00:00" />
  <TestSettings name="default" id="933c8883-c6c9-4c13-a01e-e796f0168103">
    <Deployment runDeploymentRoot="_runnervmlun5p_2026-09-19_18_44_29" />
  </TestSettings>
  <Results>
    <UnitTestResult executionId="40ddb05b-2d67-466b-9d2a-e9e4b9764200" testId="19387bbc-99d0-8cea-8ff1-10b5a3767f55" testName="Test_ChangeClientHashedPasswordWithCorrectAuth_Succeeds" computerName="runnervmlun5p" duration="00:00:00.4827566" startTime="2026-09-19T18:44:30.0005855+00:00" endTime="2026-09-19T18:44:30.4833843+00:00" testType="13cdc9d9-ddb5-4fa4-a97d-d965ccfc6d4b" outcome="Passed" testListId="8c84fa94-04c1-424b-9868-57a2d4851a1d" relativeResultsDirectory="40ddb05b-2d67-466b-9d2a-e9e4b9764200">
      <Output>
        <StdOut>info: Microsoft.AspNetCore.DataProtection.KeyManagement.XmlKeyManager[62]
      User profile is available. Using '/home/runner/.aspnet/DataProtection-Keys' as key repository; keys will not be encrypted at rest.
info: Microsoft.EntityFrameworkCore.Update[30100]
      Saved 1 entities to in-memory store.
info: Microsoft.AspNetCore.Hosting.Diagnostics[1]
      Request starting HTTP/1.1 POST http://localhost/users/changepassword - application/json;+charset=utf-8 -
info: Microsoft.AspNetCore.Routing.EndpointMiddleware[0]
      Executing endpoint 'HTTP: POST users/changepassword =&gt; ChangePasswordAsync'
info: Microsoft.EntityFrameworkCore.Update[30100]
      Saved 1 entities to in-memory store.
info: Microsoft.AspNetCore.Http.Result.OkObjectResult[1]
      Setting HTTP status code 200.
info: Microsoft.AspNetCore.Routing.EndpointMiddleware[1]
      Executed endpoint 'HTTP: POST users/changepassword =&gt; ChangePasswordAsync'
info: Microsoft.AspNetCore.Hosting.Diagnostics[2]
      Request finished HTTP/1.1 POST http://localhost/users/changepassword - 200 - - 253.3296ms</StdOut>
      </Output>
    </UnitTestResult>
    <UnitTestResult executionId="ea839a1f-19c8-4323-95db-0924295275a0" testId="1af89287-99f5-876a-b55a-701f9eb5be7c" testName="Test_ValidDatabases_ReturnsOkState" computerName="runnervmlun5p" duration="00:00:00.7700353" startTime="2026-09-19T18:44:27.7957274+00:00" endTime="2026-09-19T18:44:28.5943094+00:00" testType="13cdc9d9-ddb5-4fa4-a97d-d965ccfc6d4b" outcome="Passed" testListId="8c84fa94-04c1-424b-9868-57a2d4851a1d" relativeResultsDirectory="ea839a1f-19c8-4323-95db-0924295275a0">
      <Output>
        <StdOut>info: Microsoft.AspNetCore.DataProtection.KeyManagement.XmlKeyManager[62]
      User profile is available. Using '/home/runner/.aspnet/DataProtection-Keys' as key repository; keys will not be encrypted at rest.
info: Microsoft.AspNetCore.DataProtection.KeyManagement.XmlKeyManager[58]
      Creating key {e97e78bf-373c-4fac-8ff1-9ffa710ed50f} with creation date 2026-09-19 18:44:28Z, activation date 2026-09-19 18:44:28Z, and expiration date 2026-12-18 18:44:28Z.
warn: Microsoft.AspNetCore.DataProtection.KeyManagement.XmlKeyManager[35]
      No XML encryptor configured. Key {e97e78bf-373c-4fac-8ff1-9ffa710ed50f} may be persisted to storage in unencrypted form.
info: Microsoft.AspNetCore.DataProtection.Repositories.FileSystemXmlRepository[39]
      Writing data to file '/home/runner/.aspnet/DataProtection-Keys/key-e97e78bf-373c-4fac-8ff1-9ffa710ed50f.xml'.
info: Microsoft.AspNetCore.Hosting.Diagnostics[1]
      Request starting HTTP/1.1 GET http://localhost/healthcheck - - -
info: Microsoft.AspNetCore.Routing.EndpointMiddleware[0]
      Executing endpoint 'Health checks'
info: Microsoft.AspNetCore.Routing.EndpointMiddleware[1]
      Executed endpoint 'Health checks'
info: Microsoft.AspNetCore.Hosting.Diagnostics[2]
      Request finished HTTP/1.1 GET http://localhost/healthcheck - 200 - application/json;+charset=utf-8 111.7542ms</StdOut>
      </Output>
    </UnitTestResult>
    <UnitTestResult executionId="087e95b3-9e72-4ffe-8085-6eec8ff1cb52" testId="15f5f23a-ae14-8d39-9383-0afe8eefc855" testName="Test_DeleteAllProgressWithoutAuth_Fails" computerName="runnervmlun5p" duration="00:00:00.0886106" startTime="2026-09-19T18:44:30.6496452+00:00" endTime="2026-09-19T18:44:30.7382941+00:00" testType="13cdc9d9-ddb5-4fa4-a97d-d965ccfc6d4b" outcome="Passed" testListId="8c84fa94-04c1-424b-9868-57a2d4851a1d" relativeResultsDirectory="087e95b3-9e72-4ffe-8085-6eec8ff1cb52">
      <Output>
        <StdOut>info: Microsoft.AspNetCore.DataProtection.KeyManagement.XmlKeyManager[62]
      User profile is available. Using '/home/runner/.aspnet/DataProtection-Keys' as key repository; keys will not be encrypted at rest.
info: Microsoft.EntityFrameworkCore.Update[30100]
      Saved 1 entities to in-memory store.
info: Microsoft.EntityFrameworkCore.Update[30100]
      Saved 1 entities to in-memory store.
info: Microsoft.EntityFrameworkCore.Update[30100]
      Saved 1 entities to in-memory store.
info: Microsoft.AspNetCore.Hosting.Diagnostics[1]
      Request starting HTTP/1.1 DELETE http://localhost/syncs/progress - - -
info: Microsoft.AspNetCore.Authorization.DefaultAuthorizationService[2]
      Authorization failed. These requirements were not met:
      DenyAnonymousAuthorizationRequirement: Requires an authenticated user.
info: ksse.Auth.KoreaderAuthHandler[12]
      AuthenticationScheme: KoreaderAuthScheme was challenged.
info: Microsoft.AspNetCore.Hosting.Diagnostics[2]
      Request finished HTTP/1.1 DELETE http://localhost/syncs/progress - 401 - application/json;+charset=utf-8 2.8481ms</StdOut>
      </Output>
    </UnitTestResult>
    <UnitTestResult executionId="6d2bba2d-64db-41f6-88f9-1236e31a9bd8" testId="1724032a-64f1-8808-bb42-6938d7db544f" testName="Test_AuthNonExistentUser_Fails" computerName="runnervmlun5p" duration="00:00:00.0158279" startTime="2026-09-19T18:44:29.1106632+00:00" endTime="2026-09-19T18:44:29.1265224+00:00" testType="13cdc9d9-ddb5-4fa4-a97d-d965ccfc6d4b" outcome="Passed" testListId="8c84fa94-04c1-424b-9868-57a2d4851a1d" relativeResultsDirectory="6d2bba2d-64db-41f6-88f9-1236e31a9bd8">
      <Output>
        <StdOut>info: Microsoft.AspNetCore.DataProtection.KeyManagement.XmlKeyManager[62]
      User profile is available. Using '/home/runner/.aspnet/DataProtection-Keys' as key repository; keys will not be encrypted at rest.
info: Microsoft.AspNetCore.Hosting.Diagnostics[1]
      Request starting HTTP/1.1 GET http://localhost/users/auth - - -
info: ksse.Auth.KoreaderAuthHandler[7]
      KoreaderAuthScheme was not authenticated. Failure message: User does not exist.
info: ksse.Auth.KoreaderAuthHandler[7]
      KoreaderAuthScheme was not authenticated. Failure message: User does not exist.
info: Microsoft.AspNetCore.Authorization.DefaultAuthorizationService[2]
      Authorization failed. These requirements were not met:
      DenyAnonymousAuthorizationRequirement: Requires an authenticated user.
info: ksse.Auth.KoreaderAuthHandler[12]
      AuthenticationScheme: KoreaderAuthScheme was challenged.
info: Microsoft.AspNetCore.Hosting.Diagnostics[2]
      Request finished HTTP/1.1 GET http://localhost/users/auth - 401 - application/json;+charset=utf-8 2.8390ms</StdOut>
      </Output>
    </UnitTestResult>
    <UnitTestResult executionId="e0307666-38b7-4b6c-ac03-fc15d8c93103" testId="112f889c-6e0f-89cb-a5bb-7e10d8d74f0f" testName="Test_PutProgressWithoutAuth_Fails" computerName="runnervmlun5p" duration="00:00:01.0267488" startTime="2026-09-19T18:44:27.7957145+00:00" endTime="2026-09-19T18:44:28.8463203+00:00" testType="13cdc9d9-ddb5-4fa4-a97d-d965ccfc6d4b" outcome="Passed" testListId="8c84fa94-04c1-424b-9868-57a2d4851a1d" relativeResultsDirectory="e0307666-38b7-4b6c-ac03-fc15d8c93103">
      <Output>
        <StdOut>info: Microsoft.AspNetCore.DataProtection.KeyManagement.XmlKeyManager[62]
      User profile is available. Using '/home/runner/.aspnet/DataProtection-Keys' as key repository; keys will not be encrypted at rest.
info: Microsoft.AspNetCore.DataProtection.KeyManagement.XmlKeyManager[58]
      Creating key {60d649be-cc34-4466-87e9-13bcb83b87c1} with creation date 2026-09-19 18:44:28Z, activation date 2026-09-19 18:44:28Z, and expiration date 2026-12-18 18:44:28Z.
warn: Microsoft.AspNetCore.DataProtection.KeyManagement.XmlKeyManager[35]
      No XML encryptor configured. Key {60d649be-cc34-4466-87e9-13bcb83b87c1} may be persisted to storage in unencrypted form.
info: Microsoft.AspNetCore.DataProtection.Repositories.FileSystemXmlRepository[39]
      Writing data to file '/home/runner/.aspnet/DataProtection-Keys/key-60d649be-cc34-4466-87e9-13bcb83b87c1.xml'.
info: Microsoft.EntityFrameworkCore.Update[30100]
      Saved 1 entities to in-memory store.
info: Microsoft.AspNetCore.Hosting.Diagnostics[1]
      Request starting HTTP/1.1 PUT http://localhost/syncs/progress - application/json;+charset=utf-8 -
info: Microsoft.AspNetCore.Authorization.DefaultAuthorizationService[2]
      Authorization failed. These requirements were not met:
      DenyAnonymousAuthorizationRequirement: Requires an authenticated user.
info: ksse.Auth.KoreaderAuthHandler[12]
      AuthenticationScheme: KoreaderAuthScheme was challenged.
info: Microsoft.AspNetCore.Hosting.Diagnostics[2]
      Request finished HTTP/1.1 PUT http://localhost/syncs/progress - 401 - application/json;+charset=utf-8 13.2526ms</StdOut>
      </Output>
    </UnitTestResult>
    <UnitTestResult executionId="c425d76a-cfd5-4ab6-aef4-0eef6971a446" testId="161fc569-3369-86c1-8e0d-6c373c25ff0b" testName="Test_CreateUserWhenFeatureIsDisabled_Fails" computerName="runnervmlun5p" duration="00:00:00.0098830" startTime="2026-09-19T18:44:29.0913875+00:00" endTime="2026-09-19T18:44:29.1013075+00:00" testType="13cdc9d9-ddb5-4fa4-a97d-d965ccfc6d4b" outcome="Passed" testListId="8c84fa94-04c1-424b-9868-57a2d4851a1d" relativeResultsDirectory="c425d76a-cfd5-4ab6-aef4-0eef6971a446">
      <Output>
        <StdOut>info: Microsoft.AspNetCore.DataProtection.KeyManagement.XmlKeyManager[62]
      User profile is available. Using '/home/runner/.aspnet/DataProtection-Keys' as key repository; keys will not be encrypted at rest.
info: Microsoft.AspNetCore.Hosting.Diagnostics[1]
      Request starting HTTP/1.1 POST http://localhost/users/create - application/json;+charset=utf-8 -
info: Microsoft.AspNetCore.Routing.EndpointMiddleware[0]
      Executing endpoint 'HTTP: POST users/create =&gt; CreateUserAsync'
info: Microsoft.AspNetCore.Http.Result.JsonResult[1]
      Setting HTTP status code 402.
info: Microsoft.AspNetCore.Http.Result.JsonResult[3]
      Writing value of type 'ErrorResponse' as Json.
info: Microsoft.AspNetCore.Routing.EndpointMiddleware[1]
      Executed endpoint 'HTTP: POST users/create =&gt; CreateUserAsync'
info: Microsoft.AspNetCore.Hosting.Diagnostics[2]
      Request finished HTTP/1.1 POST http://localhost/users/create - 402 - application/json;+charset=utf-8 2.0951ms</StdOut>
      </Output>
    </UnitTestResult>
    <UnitTestResult executionId="c8cab15e-17a6-4766-ada9-a2321daba559" testId="17ae3335-de08-8274-abf4-82d4bda2c6e4" testName="Test_InvalidAllDatabases_ReturnsServiceUnavailable" computerName="runnervmlun5p" duration="00:00:00.0113650" startTime="2026-09-19T18:44:28.9405898+00:00" endTime="2026-09-19T18:44:28.9532016+00:00" testType="13cdc9d9-ddb5-4fa4-a97d-d965ccfc6d4b" outcome="Passed" testListId="8c84fa94-04c1-424b-9868-57a2d4851a1d" relativeResultsDirectory="c8cab15e-17a6-4766-ada9-a2321daba559">
      <Output>
        <StdOut>info: Microsoft.AspNetCore.DataProtection.KeyManagement.XmlKeyManager[62]
      User profile is available. Using '/home/runner/.aspnet/DataProtection-Keys' as key repository; keys will not be encrypted at rest.
info: Microsoft.AspNetCore.Hosting.Diagnostics[1]
      Request starting HTTP/1.1 GET http://localhost/healthcheck - - -
info: Microsoft.AspNetCore.Routing.EndpointMiddleware[0]
      Executing endpoint 'Health checks'
fail: Microsoft.Extensions.Diagnostics.HealthChecks.DefaultHealthCheckService[103]
      Health check ProgressDbContext with status Unhealthy completed after 0.4765ms with message '(null)'
fail: Microsoft.Extensions.Diagnostics.HealthChecks.DefaultHealthCheckService[103]
      Health check UsersDbContext with status Unhealthy completed after 0.3643ms with message '(null)'
info: Microsoft.AspNetCore.Routing.EndpointMiddleware[1]
      Executed endpoint 'Health checks'
info: Microsoft.AspNetCore.Hosting.Diagnostics[2]
      Request finished HTTP/1.1 GET http://localhost/healthcheck - 503 - - 3.6486ms</StdOut>
      </Output>
    </UnitTestResult>
    <UnitTestResult executionId="cf4c15fc-c59e-4633-a407-49c3efc0cee2" testId="102c7657-8154-8238-90b7-6e32f2a18fc7" testName="Test_AuthWithNoCredentials_Fails" computerName="runnervmlun5p" duration="00:00:00.0091641" startTime="2026-09-19T18:44:29.1014107+00:00" endTime="2026-09-19T18:44:29.1106337+00:00" testType="13cdc9d9-ddb5-4fa4-a97d-d965ccfc6d4b" outcome="Passed" testListId="8c84fa94-04c1-424b-9868-57a2d4851a1d" relativeResultsDirectory="cf4c15fc-c59e-4633-a407-49c3efc0cee2">
      <Output>
        <StdOut>info: Microsoft.AspNetCore.DataProtection.KeyManagement.XmlKeyManager[62]
      User profile is available. Using '/home/runner/.aspnet/DataProtection-Keys' as key repository; keys will not be encrypted at rest.
info: Microsoft.AspNetCore.Hosting.Diagnostics[1]
      Request starting HTTP/1.1 GET http://localhost/users/auth - - -
info: Microsoft.AspNetCore.Authorization.DefaultAuthorizationService[2]
      Authorization failed. These requirements were not met:
      DenyAnonymousAuthorizationRequirement: Requires an authenticated user.
info: ksse.Auth.KoreaderAuthHandler[12]
      AuthenticationScheme: KoreaderAuthScheme was challenged.
info: Microsoft.AspNetCore.Hosting.Diagnostics[2]
      Request finished HTTP/1.1 GET http://localhost/users/auth - 401 - application/json;+charset=utf-8 1.1920ms</StdOut>
      </Output>
    </UnitTestResult>
    <UnitTestResult executionId="cadb5763-f637-4466-9ef1-b5ffa0ce76d4" testId="137e5dc7-696f-82d0-9be2-c99e006bbf79" testName="Test_DeleteProgressWithCorrectAuth_Succeeds" computerName="runnervmlun5p" duration="00:00:00.1694565" startTime="2026-09-19T18:44:30.4801160+00:00" endTime="2026-09-19T18:44:30.6496134+00:00" testType="13cdc9d9-ddb5-4fa4-a97d-d965ccfc6d4b" outcome="Passed" testListId="8c84fa94-04c1-424b-9868-57a2d4851a1d" relativeResultsDirectory="cadb5763-f637-4466-9ef1-b5ffa0ce76d4">
      <Output>
        <StdOut>info: Microsoft.AspNetCore.DataProtection.KeyManagement.XmlKeyManager[62]
      User profile is available. Using '/home/runner/.aspnet/DataProtection-Keys' as key repository; keys will not be encrypted at rest.
info: Microsoft.EntityFrameworkCore.Update[30100]
      Saved 1 entities to in-memory store.
info: Microsoft.EntityFrameworkCore.Update[30100]
      Saved 1 entities to in-memory store.
info: Microsoft.AspNetCore.Hosting.Diagnostics[1]
      Request starting HTTP/1.1 DELETE http://localhost/syncs/progress/document - - -
info: Microsoft.AspNetCore.Routing.EndpointMiddleware[0]
      Executing endpoint 'HTTP: DELETE syncs/progress/{document} =&gt; DeleteProgressAsync'
info: Microsoft.EntityFrameworkCore.Update[30100]
      Saved 1 entities to in-memory store.
info: Microsoft.AspNetCore.Http.Result.OkObjectResult[1]
      Setting HTTP status code 200.
info: Microsoft.AspNetCore.Routing.EndpointMiddleware[1]
      Executed endpoint 'HTTP: DELETE syncs/progress/{document} =&gt; DeleteProgressAsync'
info: Microsoft.AspNetCore.Hosting.Diagnostics[2]
      Request finished HTTP/1.1 DELETE http://localhost/syncs/progress/document - 200 - - 89.1983ms</StdOut>
      </Output>
    </UnitTestResult>
    <UnitTestResult executionId="46deed67-57ae-43a6-930a-ced56eb0cf73" testId="1908a3f0-f0f0-88c2-a93c-83a990030485" testName="Test_GetProgressWithoutAuth_Fails" computerName="runnervmlun5p" duration="00:00:00.0826292" startTime="2026-09-19T18:44:29.7627236+00:00" endTime="2026-09-19T18:44:29.8454051+00:00" testType="13cdc9d9-ddb5-4fa4-a97d-d965ccfc6d4b" outcome="Passed" testListId="8c84fa94-04c1-424b-9868-57a2d4851a1d" relativeResultsDirectory="46deed67-57ae-43a6-930a-ced56eb0cf73">
      <Output>
        <StdOut>info: Microsoft.AspNetCore.DataProtection.KeyManagement.XmlKeyManager[62]
      User profile is available. Using '/home/runner/.aspnet/DataProtection-Keys' as key repository; keys will not be encrypted at rest.
info: Microsoft.EntityFrameworkCore.Update[30100]
      Saved 1 entities to in-memory store.
info: Microsoft.EntityFrameworkCore.Update[30100]
      Saved 1 entities to in-memory store.
info: Microsoft.AspNetCore.Hosting.Diagnostics[1]
      Request starting HTTP/1.1 GET http://localhost/syncs/progress/document - - -
info: Microsoft.AspNetCore.Authorization.DefaultAuthorizationService[2]
      Authorization failed. These requirements were not met:
      DenyAnonymousAuthorizationRequirement: Requires an authenticated user.
info: ksse.Auth.KoreaderAuthHandler[12]
      AuthenticationScheme: KoreaderAuthScheme was challenged.
info: Microsoft.AspNetCore.Hosting.Diagnostics[2]
      Request finished HTTP/1.1 GET http://localhost/syncs/progress/document - 401 - application/json;+charset=utf-8 1.8244ms</StdOut>
      </Output>
    </UnitTestResult>
    <UnitTestResult executionId="cab5a9d1-3780-4942-be61-ea09f72865a9" testId="108ef64b-0942-857b-8a32-d8eeac5741d3" testName="Test_DeleteUserWithoutAuth_Fails" computerName="runnervmlun5p" duration="00:00:00.0784577" startTime="2026-09-19T18:44:30.4834157+00:00" endTime="2026-09-19T18:44:30.5619333+00:00" testType="13cdc9d9-ddb5-4fa4-a97d-d965ccfc6d4b" outcome="Passed" testListId="8c84fa94-04c1-424b-9868-57a2d4851a1d" relativeResultsDirectory="cab5a9d1-3780-4942-be61-ea09f72865a9">
      <Output>
        <StdOut>info: Microsoft.AspNetCore.DataProtection.KeyManagement.XmlKeyManager[62]
      User profile is available. Using '/home/runner/.aspnet/DataProtection-Keys' as key repository; keys will not be encrypted at rest.
info: Microsoft.EntityFrameworkCore.Update[30100]
      Saved 1 entities to in-memory store.
info: Microsoft.AspNetCore.Hosting.Diagnostics[1]
      Request starting HTTP/1.1 DELETE http://localhost/users - - -
info: Microsoft.AspNetCore.Authorization.DefaultAuthorizationService[2]
      Authorization failed. These requirements were not met:
      DenyAnonymousAuthorizationRequirement: Requires an authenticated user.
info: ksse.Auth.KoreaderAuthHandler[12]
      AuthenticationScheme: KoreaderAuthScheme was challenged.
info: Microsoft.AspNetCore.Hosting.Diagnostics[2]
      Request finished HTTP/1.1 DELETE http://localhost/users - 401 - application/json;+charset=utf-8 2.5036ms</StdOut>
      </Output>
    </UnitTestResult>
    <UnitTestResult executionId="0da72fe9-07d6-4a5c-9846-c261df0626fc" testId="132945f6-6e23-865e-85d1-b4595840936c" testName="Test_CreateSameUserTwice_Fails" computerName="runnervmlun5p" duration="00:00:00.0835387" startTime="2026-09-19T18:44:28.9956479+00:00" endTime="2026-09-19T18:44:29.0792192+00:00" testType="13cdc9d9-ddb5-4fa4-a97d-d965ccfc6d4b" outcome="Passed" testListId="8c84fa94-04c1-424b-9868-57a2d4851a1d" relativeResultsDirectory="0da72fe9-07d6-4a5c-9846-c261df0626fc">
      <Output>
        <StdOut>info: Microsoft.AspNetCore.DataProtection.KeyManagement.XmlKeyManager[62]
      User profile is available. Using '/home/runner/.aspnet/DataProtection-Keys' as key repository; keys will not be encrypted at rest.
info: Microsoft.AspNetCore.Hosting.Diagnostics[1]
      Request starting HTTP/1.1 POST http://localhost/users/create - application/json;+charset=utf-8 -
info: Microsoft.AspNetCore.Routing.EndpointMiddleware[0]
      Executing endpoint 'HTTP: POST users/create =&gt; CreateUserAsync'
info: Microsoft.EntityFrameworkCore.Update[30100]
      Saved 1 entities to in-memory store.
info: Microsoft.AspNetCore.Http.Result.CreatedResult[1]
      Setting HTTP status code 201.
info: Microsoft.AspNetCore.Http.Result.CreatedResult[3]
      Writing value of type 'CreateUserResponse' as Json.
info: Microsoft.AspNetCore.Routing.EndpointMiddleware[1]
      Executed endpoint 'HTTP: POST users/create =&gt; CreateUserAsync'
info: Microsoft.AspNetCore.Hosting.Diagnostics[2]
      Request finished HTTP/1.1 POST http://localhost/users/create - 201 - application/json;+charset=utf-8 72.7025ms
info: Microsoft.AspNetCore.Hosting.Diagnostics[1]
      Request starting HTTP/1.1 POST http://localhost/users/create - application/json;+charset=utf-8 -
info: Microsoft.AspNetCore.Routing.EndpointMiddleware[0]
      Executing endpoint 'HTTP: POST users/create =&gt; CreateUserAsync'
info: Microsoft.AspNetCore.Http.Result.JsonResult[1]
      Setting HTTP status code 402.
info: Microsoft.AspNetCore.Http.Result.JsonResult[3]
      Writing value of type 'ErrorResponse' as Json.
info: Microsoft.AspNetCore.Routing.EndpointMiddleware[1]
      Executed endpoint 'HTTP: POST users/create =&gt; CreateUserAsync'
info: Microsoft.AspNetCore.Hosting.Diagnostics[2]
      Request finished HTTP/1.1 POST http://localhost/users/create - 402 - application/json;+charset=utf-8 3.0563ms</StdOut>
      </Output>
    </UnitTestResult>
    <UnitTestResult executionId="2e6304c9-ae80-49cd-a953-8ecb9c0f24ad" testId="173f52f6-fe2f-8ccc-bbde-bcea11e0654f" testName="Test_DeleteUserWithCorrectAuth_Succeeds" computerName="runnervmlun5p" duration="00:00:00.1771100" startTime="2026-09-19T18:44:30.5631337+00:00" endTime="2026-09-19T18:44:30.7402821+00:00" testType="13cdc9d9-ddb5-4fa4-a97d-d965ccfc6d4b" outcome="Passed" testListId="8c84fa94-04c1-424b-9868-57a2d4851a1d" relativeResultsDirectory="2e6304c9-ae80-49cd-a953-8ecb9c0f24ad">
      <Output>
        <StdOut>info: Microsoft.AspNetCore.DataProtection.KeyManagement.XmlKeyManager[62]
      User profile is available. Using '/home/runner/.aspnet/DataProtection-Keys' as key repository; keys will not be encrypted at rest.
info: Microsoft.EntityFrameworkCore.Update[30100]
      Saved 1 entities to in-memory store.
info: Microsoft.EntityFrameworkCore.Update[30100]
      Saved 1 entities to in-memory store.
info: Microsoft.EntityFrameworkCore.Update[30100]
      Saved 1 entities to in-memory store.
info: Microsoft.AspNetCore.Hosting.Diagnostics[1]
      Request starting HTTP/1.1 DELETE http://localhost/users - - -
info: Microsoft.AspNetCore.Routing.EndpointMiddleware[0]
      Executing endpoint 'HTTP: DELETE users/ =&gt; DeleteUserAsync'
info: Microsoft.EntityFrameworkCore.Update[30100]
      Saved 2 entities to in-memory store.
info: Microsoft.EntityFrameworkCore.Update[30100]
      Saved 1 entities to in-memory store.
info: Microsoft.AspNetCore.Http.Result.OkObjectResult[1]
      Setting HTTP status code 200.
info: Microsoft.AspNetCore.Routing.EndpointMiddleware[1]
      Executed endpoint 'HTTP: DELETE users/ =&gt; DeleteUserAsync'
info: Microsoft.AspNetCore.Hosting.Diagnostics[2]
      Request finished HTTP/1.1 DELETE http://localhost/users - 200 - - 88.5800ms</StdOut>
      </Output>
    </UnitTestResult>
    <UnitTestResult executionId="f460b0b9-fef9-49cd-bf43-732ab658ead8" testId="1e11a824-50f6-8f93-b2fe-0420f6201f65" testName="Test_DeleteAllProgressWithCorrectAuth_Succeeds" computerName="runnervmlun5p" duration="00:00:00.1651429" startTime="2026-09-19T18:44:30.7383359+00:00" endTime="2026-09-19T18:44:30.9035233+00:00" testType="13cdc9d9-ddb5-4fa4-a97d-d965ccfc6d4b" outcome="Passed" testListId="8c84fa94-04c1-424b-9868-57a2d4851a1d" relativeResultsDirectory="f460b0b9-fef9-49cd-bf43-732ab658ead8">
      <Output>
        <StdOut>info: Microsoft.AspNetCore.DataProtection.KeyManagement.XmlKeyManager[62]
      User profile is available. Using '/home/runner/.aspnet/DataProtection-Keys' as key repository; keys will not be encrypted at rest.
info: Microsoft.EntityFrameworkCore.Update[30100]
      Saved 1 entities to in-memory store.
info: Microsoft.EntityFrameworkCore.Update[30100]
      Saved 1 entities to in-memory store.
info: Microsoft.EntityFrameworkCore.Update[30100]
      Saved 1 entities to in-memory store.
info: Microsoft.AspNetCore.Hosting.Diagnostics[1]
      Request starting HTTP/1.1 DELETE http://localhost/syncs/progress - - -
info: Microsoft.AspNetCore.Routing.EndpointMiddleware[0]
      Executing endpoint 'HTTP: DELETE syncs/progress/ =&gt; DeleteAllProgressAsync'
info: Microsoft.EntityFrameworkCore.Update[30100]
      Saved 2 entities to in-memory store.
info: Microsoft.AspNetCore.Http.Result.OkObjectResult[1]
      Setting HTTP status code 200.
info: Microsoft.AspNetCore.Routing.EndpointMiddleware[1]
      Executed endpoint 'HTTP: DELETE syncs/progress/ =&gt; DeleteAllProgressAsync'
info: Microsoft.AspNetCore.Hosting.Diagnostics[2]
      Request finished HTTP/1.1 DELETE http://localhost/syncs/progress - 200 - - 73.6487ms</StdOut>
      </Output>
    </UnitTestResult>
    <UnitTestResult executionId="b575f2f5-0c26-4c45-b318-4b61e2d9da9a" testId="15201303-d604-8041-9655-9129f3963e8f" testName="Test_AuthUserWithWrongPassword_Fails" computerName="runnervmlun5p" duration="00:00:00.1710096" startTime="2026-09-19T18:44:29.1265569+00:00" endTime="2026-09-19T18:44:29.2976170+00:00" testType="13cdc9d9-ddb5-4fa4-a97d-d965ccfc6d4b" outcome="Passed" testListId="8c84fa94-04c1-424b-9868-57a2d4851a1d" relativeResultsDirectory="b575f2f5-0c26-4c45-b318-4b61e2d9da9a">
      <Output>
        <StdOut>info: Microsoft.AspNetCore.DataProtection.KeyManagement.XmlKeyManager[62]
      User profile is available. Using '/home/runner/.aspnet/DataProtection-Keys' as key repository; keys will not be encrypted at rest.
info: Microsoft.AspNetCore.Hosting.Diagnostics[1]
      Request starting HTTP/1.1 POST http://localhost/users/create - application/json;+charset=utf-8 -
info: Microsoft.AspNetCore.Routing.EndpointMiddleware[0]
      Executing endpoint 'HTTP: POST users/create =&gt; CreateUserAsync'
info: Microsoft.EntityFrameworkCore.Update[30100]
      Saved 1 entities to in-memory store.
info: Microsoft.AspNetCore.Http.Result.CreatedResult[1]
      Setting HTTP status code 201.
info: Microsoft.AspNetCore.Http.Result.CreatedResult[3]
      Writing value of type 'CreateUserResponse' as Json.
info: Microsoft.AspNetCore.Routing.EndpointMiddleware[1]
      Executed endpoint 'HTTP: POST users/create =&gt; CreateUserAsync'
info: Microsoft.AspNetCore.Hosting.Diagnostics[2]
      Request finished HTTP/1.1 POST http://localhost/users/create - 201 - application/json;+charset=utf-8 84.0100ms
info: Microsoft.AspNetCore.Hosting.Diagnostics[1]
      Request starting HTTP/1.1 GET http://localhost/users/auth - - -
info: ksse.Auth.KoreaderAuthHandler[7]
      KoreaderAuthScheme was not authenticated. Failure message: Incorrect password.
info: ksse.Auth.KoreaderAuthHandler[7]
      KoreaderAuthScheme was not authenticated. Failure message: Incorrect password.
info: Microsoft.AspNetCore.Authorization.DefaultAuthorizationService[2]
      Authorization failed. These requirements were not met:
      DenyAnonymousAuthorizationRequirement: Requires an authenticated user.
info: ksse.Auth.KoreaderAuthHandler[12]
      AuthenticationScheme: KoreaderAuthScheme was challenged.
info: Microsoft.AspNetCore.Hosting.Diagnostics[2]
      Request finished HTTP/1.1 GET http://localhost/users/auth - 401 - application/json;+charset=utf-8 79.1658ms</StdOut>
      </Output>
    </UnitTestResult>
    <UnitTestResult executionId="0cd89a91-1ace-43fc-a01f-8de4fc2d757f" testId="186d133a-e1bb-8efe-8510-063deb350373" testName="Test_AuthUserWithCorrectAuth_Succeeds" computerName="runnervmlun5p" duration="00:00:00.1598662" startTime="2026-09-19T18:44:29.2976548+00:00" endTime="2026-09-19T18:44:29.4575685+00:00" testType="13cdc9d9-ddb5-4fa4-a97d-d965ccfc6d4b" outcome="Passed" testListId="8c84fa94-04c1-424b-9868-57a2d4851a1d" relativeResultsDirectory="0cd89a91-1ace-43fc-a01f-8de4fc2d757f">
      <Output>
        <StdOut>info: Microsoft.AspNetCore.DataProtection.KeyManagement.XmlKeyManager[62]
      User profile is available. Using '/home/runner/.aspnet/DataProtection-Keys' as key repository; keys will not be encrypted at rest.
info: Microsoft.AspNetCore.Hosting.Diagnostics[1]
      Request starting HTTP/1.1 POST http://localhost/users/create - application/json;+charset=utf-8 -
info: Microsoft.AspNetCore.Routing.EndpointMiddleware[0]
      Executing endpoint 'HTTP: POST users/create =&gt; CreateUserAsync'
info: Microsoft.EntityFrameworkCore.Update[30100]
      Saved 1 entities to in-memory store.
info: Microsoft.AspNetCore.Http.Result.CreatedResult[1]
      Setting HTTP status code 201.
info: Microsoft.AspNetCore.Http.Result.CreatedResult[3]
      Writing value of type 'CreateUserResponse' as Json.
info: Microsoft.AspNetCore.Routing.EndpointMiddleware[1]
      Executed endpoint 'HTTP: POST users/create =&gt; CreateUserAsync'
info: Microsoft.AspNetCore.Hosting.Diagnostics[2]
      Request finished HTTP/1.1 POST http://localhost/users/create - 201 - application/json;+charset=utf-8 75.0954ms
info: Microsoft.AspNetCore.Hosting.Diagnostics[1]
      Request starting HTTP/1.1 GET http://localhost/users/auth - - -
info: Microsoft.AspNetCore.Routing.EndpointMiddleware[0]
      Executing endpoint 'HTTP: GET users/auth =&gt; AuthUser'
info: Microsoft.AspNetCore.Http.Result.OkObjectResult[1]
      Setting HTTP status code 200.
info: Microsoft.AspNetCore.Http.Result.OkObjectResult[3]
      Writing value of type 'AuthUserResponse' as Json.
info: Microsoft.AspNetCore.Routing.EndpointMiddleware[1]
      Executed endpoint 'HTTP: GET users/auth =&gt; AuthUser'
info: Microsoft.AspNetCore.Hosting.Diagnostics[2]
      Request finished HTTP/1.1 GET http://localhost/users/auth - 200 - application/json;+charset=utf-8 74.9696ms</StdOut>
      </Output>
    </UnitTestResult>
    <UnitTestResult executionId="49d8501c-a928-413c-bf0c-3bb6ff0ca7be" testId="1542a3bb-7a8a-8712-8727-d3cbb815d2f3" testName="Test_InvalidProgressDatabase_ReturnsServiceUnavailable" computerName="runnervmlun5p" duration="00:00:00.0906404" startTime="2026-09-19T18:44:28.8498673+00:00" endTime="2026-09-19T18:44:28.9405445+00:00" testType="13cdc9d9-ddb5-4fa4-a97d-d965ccfc6d4b" outcome="Passed" testListId="8c84fa94-04c1-424b-9868-57a2d4851a1d" relativeResultsDirectory="49d8501c-a928-413c-bf0c-3bb6ff0ca7be">
      <Output>
        <StdOut>warn: Microsoft.EntityFrameworkCore.Model.Validation[30000]
      The entity type 'ProgressDocument' is configured to use schema 'progress', but SQLite does not support schemas. This configuration will be ignored by the SQLite provider.
info: Microsoft.AspNetCore.DataProtection.KeyManagement.XmlKeyManager[62]
      User profile is available. Using '/home/runner/.aspnet/DataProtection-Keys' as key repository; keys will not be encrypted at rest.
info: Microsoft.AspNetCore.Hosting.Diagnostics[1]
      Request starting HTTP/1.1 GET http://localhost/healthcheck - - -
info: Microsoft.AspNetCore.Routing.EndpointMiddleware[0]
      Executing endpoint 'Health checks'
fail: Microsoft.Extensions.Diagnostics.HealthChecks.DefaultHealthCheckService[103]
      Health check ProgressDbContext with status Unhealthy completed after 0.5489ms with message '(null)'
info: Microsoft.AspNetCore.Routing.EndpointMiddleware[1]
      Executed endpoint 'Health checks'
info: Microsoft.AspNetCore.Hosting.Diagnostics[2]
      Request finished HTTP/1.1 GET http://localhost/healthcheck - 503 - - 3.4432ms</StdOut>
      </Output>
    </UnitTestResult>
    <UnitTestResult executionId="f42b5d99-242a-4895-a55a-22227a896b35" testId="192886f3-f09f-8e26-9120-75957a3fea42" testName="Test_GetProgressWithCorrectAuthButNoProgressDocument_SucceedsAndReturnsEmptyObject" computerName="runnervmlun5p" duration="00:00:00.1626537" startTime="2026-09-19T18:44:30.2283193+00:00" endTime="2026-09-19T18:44:30.3910249+00:00" testType="13cdc9d9-ddb5-4fa4-a97d-d965ccfc6d4b" outcome="Passed" testListId="8c84fa94-04c1-424b-9868-57a2d4851a1d" relativeResultsDirectory="f42b5d99-242a-4895-a55a-22227a896b35">
      <Output>
        <StdOut>info: Microsoft.AspNetCore.DataProtection.KeyManagement.XmlKeyManager[62]
      User profile is available. Using '/home/runner/.aspnet/DataProtection-Keys' as key repository; keys will not be encrypted at rest.
info: Microsoft.EntityFrameworkCore.Update[30100]
      Saved 1 entities to in-memory store.
info: Microsoft.AspNetCore.Hosting.Diagnostics[1]
      Request starting HTTP/1.1 GET http://localhost/syncs/progress/document - - -
info: Microsoft.AspNetCore.Routing.EndpointMiddleware[0]
      Executing endpoint 'HTTP: GET syncs/progress/{document} =&gt; GetProgressAsync'
info: Microsoft.AspNetCore.Http.Result.OkObjectResult[1]
      Setting HTTP status code 200.
info: Microsoft.AspNetCore.Http.Result.OkObjectResult[3]
      Writing value of type 'JsonObject' as Json.
info: Microsoft.AspNetCore.Routing.EndpointMiddleware[1]
      Executed endpoint 'HTTP: GET syncs/progress/{document} =&gt; GetProgressAsync'
info: Microsoft.AspNetCore.Hosting.Diagnostics[2]
      Request finished HTTP/1.1 GET http://localhost/syncs/progress/document - 200 - application/json;+charset=utf-8 82.5913ms</StdOut>
      </Output>
    </UnitTestResult>
    <UnitTestResult executionId="c20a0b49-4103-48b9-8952-9e88a297ab70" testId="11753310-0116-811b-a9d6-9e37c130b4c9" testName="Test_DeleteProgressWithoutAuth_Fails" computerName="runnervmlun5p" duration="00:00:00.0889664" startTime="2026-09-19T18:44:30.3910655+00:00" endTime="2026-09-19T18:44:30.4800757+00:00" testType="13cdc9d9-ddb5-4fa4-a97d-d965ccfc6d4b" outcome="Passed" testListId="8c84fa94-04c1-424b-9868-57a2d4851a1d" relativeResultsDirectory="c20a0b49-4103-48b9-8952-9e88a297ab70">
      <Output>
        <StdOut>info: Microsoft.AspNetCore.DataProtection.KeyManagement.XmlKeyManager[62]
      User profile is available. Using '/home/runner/.aspnet/DataProtection-Keys' as key repository; keys will not be encrypted at rest.
info: Microsoft.EntityFrameworkCore.Update[30100]
      Saved 1 entities to in-memory store.
info: Microsoft.EntityFrameworkCore.Update[30100]
      Saved 1 entities to in-memory store.
info: Microsoft.AspNetCore.Hosting.Diagnostics[1]
      Request starting HTTP/1.1 DELETE http://localhost/syncs/progress/document - - -
info: Microsoft.AspNetCore.Authorization.DefaultAuthorizationService[2]
      Authorization failed. These requirements were not met:
      DenyAnonymousAuthorizationRequirement: Requires an authenticated user.
info: ksse.Auth.KoreaderAuthHandler[12]
      AuthenticationScheme: KoreaderAuthScheme was challenged.
info: Microsoft.AspNetCore.Hosting.Diagnostics[2]
      Request finished HTTP/1.1 DELETE http://localhost/syncs/progress/document - 401 - application/json;+charset=utf-8 2.2749ms</StdOut>
      </Output>
    </UnitTestResult>
    <UnitTestResult executionId="badd32fd-c644-42ef-9f96-04f7f46e02f7" testId="16a2fc19-c0ac-83d7-b922-04ebb0e0c8fe" testName="Test_ChangePasswordWithCorrectAuth_Succeeds" computerName="runnervmlun5p" duration="00:00:00.3874560" startTime="2026-09-19T18:44:29.6130372+00:00" endTime="2026-09-19T18:44:30.0005428+00:00" testType="13cdc9d9-ddb5-4fa4-a97d-d965ccfc6d4b" outcome="Passed" testListId="8c84fa94-04c1-424b-9868-57a2d4851a1d" relativeResultsDirectory="badd32fd-c644-42ef-9f96-04f7f46e02f7">
      <Output>
        <StdOut>info: Microsoft.AspNetCore.DataProtection.KeyManagement.XmlKeyManager[62]
      User profile is available. Using '/home/runner/.aspnet/DataProtection-Keys' as key repository; keys will not be encrypted at rest.
info: Microsoft.EntityFrameworkCore.Update[30100]
      Saved 1 entities to in-memory store.
info: Microsoft.AspNetCore.Hosting.Diagnostics[1]
      Request starting HTTP/1.1 POST http://localhost/users/changepassword - application/json;+charset=utf-8 -
info: Microsoft.AspNetCore.Routing.EndpointMiddleware[0]
      Executing endpoint 'HTTP: POST users/changepassword =&gt; ChangePasswordAsync'
info: Microsoft.EntityFrameworkCore.Update[30100]
      Saved 1 entities to in-memory store.
info: Microsoft.AspNetCore.Http.Result.OkObjectResult[1]
      Setting HTTP status code 200.
info: Microsoft.AspNetCore.Routing.EndpointMiddleware[1]
      Executed endpoint 'HTTP: POST users/changepassword =&gt; ChangePasswordAsync'
info: Microsoft.AspNetCore.Hosting.Diagnostics[2]
      Request finished HTTP/1.1 POST http://localhost/users/changepassword - 200 - - 229.6017ms</StdOut>
      </Output>
    </UnitTestResult>
    <UnitTestResult executionId="3abecfbd-0d3e-499c-8583-2852093dcd29" testId="1f4f93a2-a1d4-8964-a870-128e9bd4cfdb" testName="Test_GetProgressWithWrongPassword_Fails" computerName="runnervmlun5p" duration="00:00:00.1912541" startTime="2026-09-19T18:44:29.8454748+00:00" endTime="2026-09-19T18:44:30.0367722+00:00" testType="13cdc9d9-ddb5-4fa4-a97d-d965ccfc6d4b" outcome="Passed" testListId="8c84fa94-04c1-424b-9868-57a2d4851a1d" relativeResultsDirectory="3abecfbd-0d3e-499c-8583-2852093dcd29">
      <Output>
        <StdOut>info: Microsoft.AspNetCore.DataProtection.KeyManagement.XmlKeyManager[62]
      User profile is available. Using '/home/runner/.aspnet/DataProtection-Keys' as key repository; keys will not be encrypted at rest.
info: Microsoft.EntityFrameworkCore.Update[30100]
      Saved 1 entities to in-memory store.
info: Microsoft.EntityFrameworkCore.Update[30100]
      Saved 1 entities to in-memory store.
info: Microsoft.AspNetCore.Hosting.Diagnostics[1]
      Request starting HTTP/1.1 GET http://localhost/syncs/progress/document - - -
info: ksse.Auth.KoreaderAuthHandler[7]
      KoreaderAuthScheme was not authenticated. Failure message: Incorrect password.
info: ksse.Auth.KoreaderAuthHandler[7]
      KoreaderAuthScheme was not authenticated. Failure message: Incorrect password.
info: Microsoft.AspNetCore.Authorization.DefaultAuthorizationService[2]
      Authorization failed. These requirements were not met:
      DenyAnonymousAuthorizationRequirement: Requires an authenticated user.
info: ksse.Auth.KoreaderAuthHandler[12]
      AuthenticationScheme: KoreaderAuthScheme was challenged.
info: Microsoft.AspNetCore.Hosting.Diagnostics[2]
      Request finished HTTP/1.1 GET http://localhost/syncs/progress/document - 401 - application/json;+charset=utf-8 102.6553ms</StdOut>
      </Output>
    </UnitTestResult>
    <UnitTestResult executionId="d5fd82de-5d5d-47b7-a36a-a8fcefc608d0" testId="1264adfd-ff7f-8738-8b4f-c2ee71cba679" testName="Test_GetAllProgressWithoutAuth_Fails" computerName="runnervmlun5p" duration="00:00:00.0923925" startTime="2026-09-19T18:44:30.9035684+00:00" endTime="2026-09-19T18:44:30.9960048+00:00" testType="13cdc9d9-ddb5-4fa4-a97d-d965ccfc6d4b" outcome="Passed" testListId="8c84fa94-04c1-424b-9868-57a2d4851a1d" relativeResultsDirectory="d5fd82de-5d5d-47b7-a36a-a8fcefc608d0">
      <Output>
        <StdOut>info: Microsoft.AspNetCore.DataProtection.KeyManagement.XmlKeyManager[62]
      User profile is available. Using '/home/runner/.aspnet/DataProtection-Keys' as key repository; keys will not be encrypted at rest.
info: Microsoft.EntityFrameworkCore.Update[30100]
      Saved 1 entities to in-memory store.
info: Microsoft.EntityFrameworkCore.Update[30100]
      Saved 1 entities to in-memory store.
info: Microsoft.EntityFrameworkCore.Update[30100]
      Saved 1 entities to in-memory store.
info: Microsoft.AspNetCore.Hosting.Diagnostics[1]
      Request starting HTTP/1.1 GET http://localhost/syncs/progress - - -
info: Microsoft.AspNetCore.Authorization.DefaultAuthorizationService[2]
      Authorization failed. These requirements were not met:
      DenyAnonymousAuthorizationRequirement: Requires an authenticated user.
info: ksse.Auth.KoreaderAuthHandler[12]
      AuthenticationScheme: KoreaderAuthScheme was challenged.
info: Microsoft.AspNetCore.Hosting.Diagnostics[2]
      Request finished HTTP/1.1 GET http://localhost/syncs/progress - 401 - application/json;+charset=utf-8 1.4619ms</StdOut>
      </Output>
    </UnitTestResult>
    <UnitTestResult executionId="a44b1d0f-1494-43bc-9ff9-20053604e7e1" testId="1df49f38-1207-8a30-88a1-aaca5355f62a" testName="Test_CreateSingleUser_Succeeds" computerName="runnervmlun5p" duration="00:00:01.1760637" startTime="2026-09-19T18:44:27.7957000+00:00" endTime="2026-09-19T18:44:28.9956190+00:00" testType="13cdc9d9-ddb5-4fa4-a97d-d965ccfc6d4b" outcome="Passed" testListId="8c84fa94-04c1-424b-9868-57a2d4851a1d" relativeResultsDirectory="a44b1d0f-1494-43bc-9ff9-20053604e7e1">
      <Output>
        <StdOut>info: Microsoft.AspNetCore.DataProtection.KeyManagement.XmlKeyManager[62]
      User profile is available. Using '/home/runner/.aspnet/DataProtection-Keys' as key repository; keys will not be encrypted at rest.
info: Microsoft.AspNetCore.DataProtection.KeyManagement.XmlKeyManager[58]
      Creating key {159d2a82-f96b-4996-833d-3f5e21751351} with creation date 2026-09-19 18:44:28Z, activation date 2026-09-19 18:44:28Z, and expiration date 2026-12-18 18:44:28Z.
warn: Microsoft.AspNetCore.DataProtection.KeyManagement.XmlKeyManager[35]
      No XML encryptor configured. Key {159d2a82-f96b-4996-833d-3f5e21751351} may be persisted to storage in unencrypted form.
info: Microsoft.AspNetCore.DataProtection.Repositories.FileSystemXmlRepository[39]
      Writing data to file '/home/runner/.aspnet/DataProtection-Keys/key-159d2a82-f96b-4996-833d-3f5e21751351.xml'.
info: Microsoft.AspNetCore.Hosting.Diagnostics[1]
      Request starting HTTP/1.1 POST http://localhost/users/create - application/json;+charset=utf-8 -
info: Microsoft.AspNetCore.Routing.EndpointMiddleware[0]
      Executing endpoint 'HTTP: POST users/create =&gt; CreateUserAsync'
info: Microsoft.EntityFrameworkCore.Update[30100]
      Saved 1 entities to in-memory store.
info: Microsoft.AspNetCore.Http.Result.CreatedResult[1]
      Setting HTTP status code 201.
info: Microsoft.AspNetCore.Http.Result.CreatedResult[3]
      Writing value of type 'CreateUserResponse' as Json.
info: Microsoft.AspNetCore.Routing.EndpointMiddleware[1]
      Executed endpoint 'HTTP: POST users/create =&gt; CreateUserAsync'
info: Microsoft.AspNetCore.Hosting.Diagnostics[2]
      Request finished HTTP/1.1 POST http://localhost/users/create - 201 - application/json;+charset=utf-8 385.9927ms</StdOut>
      </Output>
    </UnitTestResult>
    <UnitTestResult executionId="5d2917d7-e12d-40ea-9996-5587f9026d1f" testId="13a5cd0b-69fa-8c36-91a9-0fe254e7e6bd" testName="Test_PutProgressWithWrongPassword_Fails" computerName="runnervmlun5p" duration="00:00:00.2201486" startTime="2026-09-19T18:44:28.8467931+00:00" endTime="2026-09-19T18:44:29.0669903+00:00" testType="13cdc9d9-ddb5-4fa4-a97d-d965ccfc6d4b" outcome="Passed" testListId="8c84fa94-04c1-424b-9868-57a2d4851a1d" relativeResultsDirectory="5d2917d7-e12d-40ea-9996-5587f9026d1f">
      <Output>
        <StdOut>info: Microsoft.AspNetCore.DataProtection.KeyManagement.XmlKeyManager[62]
      User profile is available. Using '/home/runner/.aspnet/DataProtection-Keys' as key repository; keys will not be encrypted at rest.
info: Microsoft.EntityFrameworkCore.Update[30100]
      Saved 1 entities to in-memory store.
info: Microsoft.AspNetCore.Hosting.Diagnostics[1]
      Request starting HTTP/1.1 PUT http://localhost/syncs/progress - application/json;+charset=utf-8 -
info: ksse.Auth.KoreaderAuthHandler[7]
      KoreaderAuthScheme was not authenticated. Failure message: Incorrect password.
info: ksse.Auth.KoreaderAuthHandler[7]
      KoreaderAuthScheme was not authenticated. Failure message: Incorrect password.
info: Microsoft.AspNetCore.Authorization.DefaultAuthorizationService[2]
      Authorization failed. These requirements were not met:
      DenyAnonymousAuthorizationRequirement: Requires an authenticated user.
info: ksse.Auth.KoreaderAuthHandler[12]
      AuthenticationScheme: KoreaderAuthScheme was challenged.
info: Microsoft.AspNetCore.Hosting.Diagnostics[2]
      Request finished HTTP/1.1 PUT http://localhost/syncs/progress - 401 - application/json;+charset=utf-8 75.1137ms</StdOut>
      </Output>
    </UnitTestResult>
    <UnitTestResult executionId="07475ead-2b21-4f91-96fb-b6df160e8f7b" testId="12be7870-acca-8189-83ba-8c71522f628a" testName="Test_InvalidUsersDatabase_ReturnsServiceUnavailable" computerName="runnervmlun5p" duration="00:00:00.2487553" startTime="2026-09-19T18:44:28.6004753+00:00" endTime="2026-09-19T18:44:28.8498395+00:00" testType="13cdc9d9-ddb5-4fa4-a97d-d965ccfc6d4b" outcome="Passed" testListId="8c84fa94-04c1-424b-9868-57a2d4851a1d" relativeResultsDirectory="07475ead-2b21-4f91-96fb-b6df160e8f7b">
      <Output>
        <StdOut>warn: Microsoft.EntityFrameworkCore.Model.Validation[30000]
      The entity type 'IdentityRole' is configured to use schema 'users', but SQLite does not support schemas. This configuration will be ignored by the SQLite provider.
warn: Microsoft.EntityFrameworkCore.Model.Validation[30000]
      The entity type 'IdentityRoleClaim&lt;string&gt;' is configured to use schema 'users', but SQLite does not support schemas. This configuration will be ignored by the SQLite provider.
warn: Microsoft.EntityFrameworkCore.Model.Validation[30000]
      The entity type 'IdentityUser' is configured to use schema 'users', but SQLite does not support schemas. This configuration will be ignored by the SQLite provider.
warn: Microsoft.EntityFrameworkCore.Model.Validation[30000]
      The entity type 'IdentityUserClaim&lt;string&gt;' is configured to use schema 'users', but SQLite does not support schemas. This configuration will be ignored by the SQLite provider.
warn: Microsoft.EntityFrameworkCore.Model.Validation[30000]
      The entity type 'IdentityUserLogin&lt;string&gt;' is configured to use schema 'users', but SQLite does not support schemas. This configuration will be ignored by the SQLite provider.
warn: Microsoft.EntityFrameworkCore.Model.Validation[30000]
      The entity type 'IdentityUserRole&lt;string&gt;' is configured to use schema 'users', but SQLite does not support schemas. This configuration will be ignored by the SQLite provider.
warn: Microsoft.EntityFrameworkCore.Model.Validation[30000]
      The entity type 'IdentityUserToken&lt;string&gt;' is configured to use schema 'users', but SQLite does not support schemas. This configuration will be ignored by the SQLite provider.
info: Microsoft.AspNetCore.DataProtection.KeyManagement.XmlKeyManager[62]
      User profile is available. Using '/home/runner/.aspnet/DataProtection-Keys' as key repository; keys will not be encrypted at rest.
info: Microsoft.AspNetCore.Hosting.Diagnostics[1]
      Request starting HTTP/1.1 GET http://localhost/healthcheck - - -
info: Microsoft.AspNetCore.Routing.EndpointMiddleware[0]
      Executing endpoint 'Health checks'
fail: Microsoft.Extensions.Diagnostics.HealthChecks.DefaultHealthCheckService[103]
      Health check UsersDbContext with status Unhealthy completed after 11.2243ms with message '(null)'
info: Microsoft.AspNetCore.Routing.EndpointMiddleware[1]
      Executed endpoint 'Health checks'
info: Microsoft.AspNetCore.Hosting.Diagnostics[2]
      Request finished HTTP/1.1 GET http://localhost/healthcheck - 503 - - 21.8752ms</StdOut>
      </Output>
    </UnitTestResult>
    <UnitTestResult executionId="66755686-71f1-45c1-a561-63779811c9a1" testId="155446e3-8a34-83e5-aee6-75e105570957" testName="Test_ChangePasswordWithoutAuth_Fails" computerName="runnervmlun5p" duration="00:00:00.1553198" startTime="2026-09-19T18:44:29.4576227+00:00" endTime="2026-09-19T18:44:29.6129886+00:00" testType="13cdc9d9-ddb5-4fa4-a97d-d965ccfc6d4b" outcome="Passed" testListId="8c84fa94-04c1-424b-9868-57a2d4851a1d" relativeResultsDirectory="66755686-71f1-45c1-a561-63779811c9a1">
      <Output>
        <StdOut>info: Microsoft.AspNetCore.DataProtection.KeyManagement.XmlKeyManager[62]
      User profile is available. Using '/home/runner/.aspnet/DataProtection-Keys' as key repository; keys will not be encrypted at rest.
info: Microsoft.EntityFrameworkCore.Update[30100]
      Saved 1 entities to in-memory store.
info: Microsoft.AspNetCore.Hosting.Diagnostics[1]
      Request starting HTTP/1.1 POST http://localhost/users/changepassword - application/json;+charset=utf-8 -
info: Microsoft.AspNetCore.Authorization.DefaultAuthorizationService[2]
      Authorization failed. These requirements were not met:
      DenyAnonymousAuthorizationRequirement: Requires an authenticated user.
info: ksse.Auth.KoreaderAuthHandler[12]
      AuthenticationScheme: KoreaderAuthScheme was challenged.
info: Microsoft.AspNetCore.Hosting.Diagnostics[2]
      Request finished HTTP/1.1 POST http://localhost/users/changepassword - 401 - application/json;+charset=utf-8 3.1456ms</StdOut>
      </Output>
    </UnitTestResult>
    <UnitTestResult executionId="922abf0e-d487-4c31-857c-36478791ee18" testId="199f3463-3b26-8091-a133-d84de9085545" testName="Test_PutProgressTwiceWithCorrectAuth_SucceedsAndOverwrites" computerName="runnervmlun5p" duration="00:00:00.4406041" startTime="2026-09-19T18:44:29.3203242+00:00" endTime="2026-09-19T18:44:29.7609793+00:00" testType="13cdc9d9-ddb5-4fa4-a97d-d965ccfc6d4b" outcome="Passed" testListId="8c84fa94-04c1-424b-9868-57a2d4851a1d" relativeResultsDirectory="922abf0e-d487-4c31-857c-36478791ee18">
      <Output>
        <StdOut>info: Microsoft.AspNetCore.DataProtection.KeyManagement.XmlKeyManager[62]
      User profile is available. Using '/home/runner/.aspnet/DataProtection-Keys' as key repository; keys will not be encrypted at rest.
info: Microsoft.EntityFrameworkCore.Update[30100]
      Saved 1 entities to in-memory store.
info: Microsoft.AspNetCore.Hosting.Diagnostics[1]
      Request starting HTTP/1.1 PUT http://localhost/syncs/progress - application/json;+charset=utf-8 -
info: Microsoft.AspNetCore.Routing.EndpointMiddleware[0]
      Executing endpoint 'HTTP: PUT syncs/progress/ =&gt; PutProgressAsync'
info: Microsoft.EntityFrameworkCore.Update[30100]
      Saved 1 entities to in-memory store.
info: Microsoft.AspNetCore.Http.Result.OkObjectResult[1]
      Setting HTTP status code 200.
info: Microsoft.AspNetCore.Http.Result.OkObjectResult[3]
      Writing value of type 'PutProgressResponse' as Json.
info: Microsoft.AspNetCore.Routing.EndpointMiddleware[1]
      Executed endpoint 'HTTP: PUT syncs/progress/ =&gt; PutProgressAsync'
info: Microsoft.AspNetCore.Hosting.Diagnostics[2]
      Request finished HTTP/1.1 PUT http://localhost/syncs/progress - 200 - application/json;+charset=utf-8 145.0354ms
info: Microsoft.AspNetCore.Hosting.Diagnostics[1]
      Request starting HTTP/1.1 PUT http://localhost/syncs/progress - application/json;+charset=utf-8 -
info: Microsoft.AspNetCore.Routing.EndpointMiddleware[0]
      Executing endpoint 'HTTP: PUT syncs/progress/ =&gt; PutProgressAsync'
info: Microsoft.EntityFrameworkCore.Update[30100]
      Saved 1 entities to in-memory store.
info: Microsoft.AspNetCore.Http.Result.OkObjectResult[1]
      Setting HTTP status code 200.
info: Microsoft.AspNetCore.Http.Result.OkObjectResult[3]
      Writing value of type 'PutProgressResponse' as Json.
info: Microsoft.AspNetCore.Routing.EndpointMiddleware[1]
      Executed endpoint 'HTTP: PUT syncs/progress/ =&gt; PutProgressAsync'
info: Microsoft.AspNetCore.Hosting.Diagnostics[2]
      Request finished HTTP/1.1 PUT http://localhost/syncs/progress - 200 - application/json;+charset=utf-8 142.1477ms</StdOut>
      </Output>
    </UnitTestResult>
    <UnitTestResult executionId="f4109d84-c6bd-42c2-87ee-7a83dab6b92d" testId="17aa2d49-4588-833f-803d-ac33704ec19b" testName="Test_GetAllProgressWithCorrectAuth_Succeeds" computerName="runnervmlun5p" duration="00:00:00.1738810" startTime="2026-09-19T18:44:30.9960393+00:00" endTime="2026-09-19T18:44:31.1716611+00:00" testType="13cdc9d9-ddb5-4fa4-a97d-d965ccfc6d4b" outcome="Passed" testListId="8c84fa94-04c1-424b-9868-57a2d4851a1d" relativeResultsDirectory="f4109d84-c6bd-42c2-87ee-7a83dab6b92d">
      <Output>
        <StdOut>info: Microsoft.AspNetCore.DataProtection.KeyManagement.XmlKeyManager[62]
      User profile is available. Using '/home/runner/.aspnet/DataProtection-Keys' as key repository; keys will not be encrypted at rest.
info: Microsoft.EntityFrameworkCore.Update[30100]
      Saved 1 entities to in-memory store.
info: Microsoft.EntityFrameworkCore.Update[30100]
      Saved 1 entities to in-memory store.
info: Microsoft.EntityFrameworkCore.Update[30100]
      Saved 1 entities to in-memory store.
info: Microsoft.AspNetCore.Hosting.Diagnostics[1]
      Request starting HTTP/1.1 GET http://localhost/syncs/progress - - -
info: Microsoft.AspNetCore.Routing.EndpointMiddleware[0]
      Executing endpoint 'HTTP: GET syncs/progress/ =&gt; GetAllProgressAsync'
info: Microsoft.AspNetCore.Http.Result.OkObjectResult[1]
      Setting HTTP status code 200.
info: Microsoft.AspNetCore.Http.Result.OkObjectResult[3]
      Writing value of type '&lt;&lt;Select&gt;g__Impl|127_0&gt;d`2' as Json.
info: Microsoft.AspNetCore.Routing.EndpointMiddleware[1]
      Executed endpoint 'HTTP: GET syncs/progress/ =&gt; GetAllProgressAsync'
info: Microsoft.AspNetCore.Hosting.Diagnostics[2]
      Request finished HTTP/1.1 GET http://localhost/syncs/progress - 200 - application/json;+charset=utf-8 83.1318ms</StdOut>
      </Output>
    </UnitTestResult>
    <UnitTestResult executionId="d0b70d2c-04fd-4af9-a2fb-bd87031010e8" testId="1fcc2f72-d833-84dc-a917-4405961190c3" testName="Test_PutProgressWithCorrectAuth_Succeeds" computerName="runnervmlun5p" duration="00:00:00.2532117" startTime="2026-09-19T18:44:29.0670194+00:00" endTime="2026-09-19T18:44:29.3202741+00:00" testType="13cdc9d9-ddb5-4fa4-a97d-d965ccfc6d4b" outcome="Passed" testListId="8c84fa94-04c1-424b-9868-57a2d4851a1d" relativeResultsDirectory="d0b70d2c-04fd-4af9-a2fb-bd87031010e8">
      <Output>
        <StdOut>info: Microsoft.AspNetCore.DataProtection.KeyManagement.XmlKeyManager[62]
      User profile is available. Using '/home/runner/.aspnet/DataProtection-Keys' as key repository; keys will not be encrypted at rest.
info: Microsoft.EntityFrameworkCore.Update[30100]
      Saved 1 entities to in-memory store.
info: Microsoft.AspNetCore.Hosting.Diagnostics[1]
      Request starting HTTP/1.1 PUT http://localhost/syncs/progress - application/json;+charset=utf-8 -
info: Microsoft.AspNetCore.Routing.EndpointMiddleware[0]
      Executing endpoint 'HTTP: PUT syncs/progress/ =&gt; PutProgressAsync'
info: Microsoft.EntityFrameworkCore.Update[30100]
      Saved 1 entities to in-memory store.
info: Microsoft.AspNetCore.Http.Result.OkObjectResult[1]
      Setting HTTP status code 200.
info: Microsoft.AspNetCore.Http.Result.OkObjectResult[3]
      Writing value of type 'PutProgressResponse' as Json.
info: Microsoft.AspNetCore.Routing.EndpointMiddleware[1]
      Executed endpoint 'HTTP: PUT syncs/progress/ =&gt; PutProgressAsync'
info: Microsoft.AspNetCore.Hosting.Diagnostics[2]
      Request finished HTTP/1.1 PUT http://localhost/syncs/progress - 200 - application/json;+charset=utf-8 140.5322ms</StdOut>
      </Output>
    </UnitTestResult>
    <UnitTestResult executionId="e26c5b5d-d372-460d-a257-ec0df6eb5ddd" testId="16a1c27b-d16e-8bad-a515-82515bf126eb" testName="Test_GetProgressWithCorrectAuth_Succeeds" computerName="runnervmlun5p" duration="00:00:00.1900425" startTime="2026-09-19T18:44:30.0368119+00:00" endTime="2026-09-19T18:44:30.2269003+00:00" testType="13cdc9d9-ddb5-4fa4-a97d-d965ccfc6d4b" outcome="Passed" testListId="8c84fa94-04c1-424b-9868-57a2d4851a1d" relativeResultsDirectory="e26c5b5d-d372-460d-a257-ec0df6eb5ddd">
      <Output>
        <StdOut>info: Microsoft.AspNetCore.DataProtection.KeyManagement.XmlKeyManager[62]
      User profile is available. Using '/home/runner/.aspnet/DataProtection-Keys' as key repository; keys will not be encrypted at rest.
info: Microsoft.EntityFrameworkCore.Update[30100]
      Saved 1 entities to in-memory store.
info: Microsoft.EntityFrameworkCore.Update[30100]
      Saved 1 entities to in-memory store.
info: Microsoft.AspNetCore.Hosting.Diagnostics[1]
      Request starting HTTP/1.1 GET http://localhost/syncs/progress/document - - -
info: Microsoft.AspNetCore.Routing.EndpointMiddleware[0]
      Executing endpoint 'HTTP: GET syncs/progress/{document} =&gt; GetProgressAsync'
info: Microsoft.AspNetCore.Http.Result.OkObjectResult[1]
      Setting HTTP status code 200.
info: Microsoft.AspNetCore.Http.Result.OkObjectResult[3]
      Writing value of type 'GetProgressResponse' as Json.
info: Microsoft.AspNetCore.Routing.EndpointMiddleware[1]
      Executed endpoint 'HTTP: GET syncs/progress/{document} =&gt; GetProgressAsync'
info: Microsoft.AspNetCore.Hosting.Diagnostics[2]
      Request finished HTTP/1.1 GET http://localhost/syncs/progress/document - 200 - application/json;+charset=utf-8 77.1079ms</StdOut>
      </Output>
    </UnitTestResult>
  </Results>
  <TestDefinitions>
    <UnitTest name="Test_AuthWithNoCredentials_Fails" storage="/home/runner/work/dotnet-monorepo/dotnet-monorepo/src/artifacts/bin/ksse.tests/release_linux-x64/ksse.tests.dll" id="102c7657-8154-8238-90b7-6e32f2a18fc7">
      <Execution id="cf4c15fc-c59e-4633-a407-49c3efc0cee2" />
      <TestMethod codeBase="/home/runner/work/dotnet-monorepo/dotnet-monorepo/src/artifacts/bin/ksse.Tests/release_linux-x64/ksse.Tests.dll" adapterTypeName="executor://mstestadapter/v4" className="ksse.Tests.UsersTests" name="Test_AuthWithNoCredentials_Fails" />
    </UnitTest>
    <UnitTest name="Test_CreateSameUserTwice_Fails" storage="/home/runner/work/dotnet-monorepo/dotnet-monorepo/src/artifacts/bin/ksse.tests/release_linux-x64/ksse.tests.dll" id="132945f6-6e23-865e-85d1-b4595840936c">
      <Execution id="0da72fe9-07d6-4a5c-9846-c261df0626fc" />
      <TestMethod codeBase="/home/runner/work/dotnet-monorepo/dotnet-monorepo/src/artifacts/bin/ksse.Tests/release_linux-x64/ksse.Tests.dll" adapterTypeName="executor://mstestadapter/v4" className="ksse.Tests.UsersTests" name="Test_CreateSameUserTwice_Fails" />
    </UnitTest>
    <UnitTest name="Test_GetAllProgressWithCorrectAuth_Succeeds" storage="/home/runner/work/dotnet-monorepo/dotnet-monorepo/src/artifacts/bin/ksse.tests/release_linux-x64/ksse.tests.dll" id="17aa2d49-4588-833f-803d-ac33704ec19b">
      <Execution id="f4109d84-c6bd-42c2-87ee-7a83dab6b92d" />
      <TestMethod codeBase="/home/runner/work/dotnet-monorepo/dotnet-monorepo/src/artifacts/bin/ksse.Tests/release_linux-x64/ksse.Tests.dll" adapterTypeName="executor://mstestadapter/v4" className="ksse.Tests.ProgressTests" name="Test_GetAllProgressWithCorrectAuth_Succeeds" />
    </UnitTest>
    <UnitTest name="Test_ChangePasswordWithoutAuth_Fails" storage="/home/runner/work/dotnet-monorepo/dotnet-monorepo/src/artifacts/bin/ksse.tests/release_linux-x64/ksse.tests.dll" id="155446e3-8a34-83e5-aee6-75e105570957">
      <Execution id="66755686-71f1-45c1-a561-63779811c9a1" />
      <TestMethod codeBase="/home/runner/work/dotnet-monorepo/dotnet-monorepo/src/artifacts/bin/ksse.Tests/release_linux-x64/ksse.Tests.dll" adapterTypeName="executor://mstestadapter/v4" className="ksse.Tests.UsersTests" name="Test_ChangePasswordWithoutAuth_Fails" />
    </UnitTest>
    <UnitTest name="Test_GetAllProgressWithoutAuth_Fails" storage="/home/runner/work/dotnet-monorepo/dotnet-monorepo/src/artifacts/bin/ksse.tests/release_linux-x64/ksse.tests.dll" id="1264adfd-ff7f-8738-8b4f-c2ee71cba679">
      <Execution id="d5fd82de-5d5d-47b7-a36a-a8fcefc608d0" />
      <TestMethod codeBase="/home/runner/work/dotnet-monorepo/dotnet-monorepo/src/artifacts/bin/ksse.Tests/release_linux-x64/ksse.Tests.dll" adapterTypeName="executor://mstestadapter/v4" className="ksse.Tests.ProgressTests" name="Test_GetAllProgressWithoutAuth_Fails" />
    </UnitTest>
    <UnitTest name="Test_DeleteUserWithCorrectAuth_Succeeds" storage="/home/runner/work/dotnet-monorepo/dotnet-monorepo/src/artifacts/bin/ksse.tests/release_linux-x64/ksse.tests.dll" id="173f52f6-fe2f-8ccc-bbde-bcea11e0654f">
      <Execution id="2e6304c9-ae80-49cd-a953-8ecb9c0f24ad" />
      <TestMethod codeBase="/home/runner/work/dotnet-monorepo/dotnet-monorepo/src/artifacts/bin/ksse.Tests/release_linux-x64/ksse.Tests.dll" adapterTypeName="executor://mstestadapter/v4" className="ksse.Tests.UsersTests" name="Test_DeleteUserWithCorrectAuth_Succeeds" />
    </UnitTest>
    <UnitTest name="Test_PutProgressWithWrongPassword_Fails" storage="/home/runner/work/dotnet-monorepo/dotnet-monorepo/src/artifacts/bin/ksse.tests/release_linux-x64/ksse.tests.dll" id="13a5cd0b-69fa-8c36-91a9-0fe254e7e6bd">
      <Execution id="5d2917d7-e12d-40ea-9996-5587f9026d1f" />
      <TestMethod codeBase="/home/runner/work/dotnet-monorepo/dotnet-monorepo/src/artifacts/bin/ksse.Tests/release_linux-x64/ksse.Tests.dll" adapterTypeName="executor://mstestadapter/v4" className="ksse.Tests.ProgressTests" name="Test_PutProgressWithWrongPassword_Fails" />
    </UnitTest>
    <UnitTest name="Test_DeleteProgressWithCorrectAuth_Succeeds" storage="/home/runner/work/dotnet-monorepo/dotnet-monorepo/src/artifacts/bin/ksse.tests/release_linux-x64/ksse.tests.dll" id="137e5dc7-696f-82d0-9be2-c99e006bbf79">
      <Execution id="cadb5763-f637-4466-9ef1-b5ffa0ce76d4" />
      <TestMethod codeBase="/home/runner/work/dotnet-monorepo/dotnet-monorepo/src/artifacts/bin/ksse.Tests/release_linux-x64/ksse.Tests.dll" adapterTypeName="executor://mstestadapter/v4" className="ksse.Tests.ProgressTests" name="Test_DeleteProgressWithCorrectAuth_Succeeds" />
    </UnitTest>
    <UnitTest name="Test_AuthNonExistentUser_Fails" storage="/home/runner/work/dotnet-monorepo/dotnet-monorepo/src/artifacts/bin/ksse.tests/release_linux-x64/ksse.tests.dll" id="1724032a-64f1-8808-bb42-6938d7db544f">
      <Execution id="6d2bba2d-64db-41f6-88f9-1236e31a9bd8" />
      <TestMethod codeBase="/home/runner/work/dotnet-monorepo/dotnet-monorepo/src/artifacts/bin/ksse.Tests/release_linux-x64/ksse.Tests.dll" adapterTypeName="executor://mstestadapter/v4" className="ksse.Tests.UsersTests" name="Test_AuthNonExistentUser_Fails" />
    </UnitTest>
    <UnitTest name="Test_GetProgressWithCorrectAuth_Succeeds" storage="/home/runner/work/dotnet-monorepo/dotnet-monorepo/src/artifacts/bin/ksse.tests/release_linux-x64/ksse.tests.dll" id="16a1c27b-d16e-8bad-a515-82515bf126eb">
      <Execution id="e26c5b5d-d372-460d-a257-ec0df6eb5ddd" />
      <TestMethod codeBase="/home/runner/work/dotnet-monorepo/dotnet-monorepo/src/artifacts/bin/ksse.Tests/release_linux-x64/ksse.Tests.dll" adapterTypeName="executor://mstestadapter/v4" className="ksse.Tests.ProgressTests" name="Test_GetProgressWithCorrectAuth_Succeeds" />
    </UnitTest>
    <UnitTest name="Test_PutProgressWithoutAuth_Fails" storage="/home/runner/work/dotnet-monorepo/dotnet-monorepo/src/artifacts/bin/ksse.tests/release_linux-x64/ksse.tests.dll" id="112f889c-6e0f-89cb-a5bb-7e10d8d74f0f">
      <Execution id="e0307666-38b7-4b6c-ac03-fc15d8c93103" />
      <TestMethod codeBase="/home/runner/work/dotnet-monorepo/dotnet-monorepo/src/artifacts/bin/ksse.Tests/release_linux-x64/ksse.Tests.dll" adapterTypeName="executor://mstestadapter/v4" className="ksse.Tests.ProgressTests" name="Test_PutProgressWithoutAuth_Fails" />
    </UnitTest>
    <UnitTest name="Test_PutProgressWithCorrectAuth_Succeeds" storage="/home/runner/work/dotnet-monorepo/dotnet-monorepo/src/artifacts/bin/ksse.tests/release_linux-x64/ksse.tests.dll" id="1fcc2f72-d833-84dc-a917-4405961190c3">
      <Execution id="d0b70d2c-04fd-4af9-a2fb-bd87031010e8" />
      <TestMethod codeBase="/home/runner/work/dotnet-monorepo/dotnet-monorepo/src/artifacts/bin/ksse.Tests/release_linux-x64/ksse.Tests.dll" adapterTypeName="executor://mstestadapter/v4" className="ksse.Tests.ProgressTests" name="Test_PutProgressWithCorrectAuth_Succeeds" />
    </UnitTest>
    <UnitTest name="Test_ValidDatabases_ReturnsOkState" storage="/home/runner/work/dotnet-monorepo/dotnet-monorepo/src/artifacts/bin/ksse.tests/release_linux-x64/ksse.tests.dll" id="1af89287-99f5-876a-b55a-701f9eb5be7c">
      <Execution id="ea839a1f-19c8-4323-95db-0924295275a0" />
      <TestMethod codeBase="/home/runner/work/dotnet-monorepo/dotnet-monorepo/src/artifacts/bin/ksse.Tests/release_linux-x64/ksse.Tests.dll" adapterTypeName="executor://mstestadapter/v4" className="ksse.Tests.HealthTests" name="Test_ValidDatabases_ReturnsOkState" />
    </UnitTest>
    <UnitTest name="Test_PutProgressTwiceWithCorrectAuth_SucceedsAndOverwrites" storage="/home/runner/work/dotnet-monorepo/dotnet-monorepo/src/artifacts/bin/ksse.tests/release_linux-x64/ksse.tests.dll" id="199f3463-3b26-8091-a133-d84de9085545">
      <Execution id="922abf0e-d487-4c31-857c-36478791ee18" />
      <TestMethod codeBase="/home/runner/work/dotnet-monorepo/dotnet-monorepo/src/artifacts/bin/ksse.Tests/release_linux-x64/ksse.Tests.dll" adapterTypeName="executor://mstestadapter/v4" className="ksse.Tests.ProgressTests" name="Test_PutProgressTwiceWithCorrectAuth_SucceedsAndOverwrites" />
    </UnitTest>
    <UnitTest name="Test_DeleteProgressWithoutAuth_Fails" storage="/home/runner/work/dotnet-monorepo/dotnet-monorepo/src/artifacts/bin/ksse.tests/release_linux-x64/ksse.tests.dll" id="11753310-0116-811b-a9d6-9e37c130b4c9">
      <Execution id="c20a0b49-4103-48b9-8952-9e88a297ab70" />
      <TestMethod codeBase="/home/runner/work/dotnet-monorepo/dotnet-monorepo/src/artifacts/bin/ksse.Tests/release_linux-x64/ksse.Tests.dll" adapterTypeName="executor://mstestadapter/v4" className="ksse.Tests.ProgressTests" name="Test_DeleteProgressWithoutAuth_Fails" />
    </UnitTest>
    <UnitTest name="Test_GetProgressWithWrongPassword_Fails" storage="/home/runner/work/dotnet-monorepo/dotnet-monorepo/src/artifacts/bin/ksse.tests/release_linux-x64/ksse.tests.dll" id="1f4f93a2-a1d4-8964-a870-128e9bd4cfdb">
      <Execution id="3abecfbd-0d3e-499c-8583-2852093dcd29" />
      <TestMethod codeBase="/home/runner/work/dotnet-monorepo/dotnet-monorepo/src/artifacts/bin/ksse.Tests/release_linux-x64/ksse.Tests.dll" adapterTypeName="executor://mstestadapter/v4" className="ksse.Tests.ProgressTests" name="Test_GetProgressWithWrongPassword_Fails" />
    </UnitTest>
    <UnitTest name="Test_ChangeClientHashedPasswordWithCorrectAuth_Succeeds" storage="/home/runner/work/dotnet-monorepo/dotnet-monorepo/src/artifacts/bin/ksse.tests/release_linux-x64/ksse.tests.dll" id="19387bbc-99d0-8cea-8ff1-10b5a3767f55">
      <Execution id="40ddb05b-2d67-466b-9d2a-e9e4b9764200" />
      <TestMethod codeBase="/home/runner/work/dotnet-monorepo/dotnet-monorepo/src/artifacts/bin/ksse.Tests/release_linux-x64/ksse.Tests.dll" adapterTypeName="executor://mstestadapter/v4" className="ksse.Tests.UsersTests" name="Test_ChangeClientHashedPasswordWithCorrectAuth_Succeeds" />
    </UnitTest>
    <UnitTest name="Test_GetProgressWithoutAuth_Fails" storage="/home/runner/work/dotnet-monorepo/dotnet-monorepo/src/artifacts/bin/ksse.tests/release_linux-x64/ksse.tests.dll" id="1908a3f0-f0f0-88c2-a93c-83a990030485">
      <Execution id="46deed67-57ae-43a6-930a-ced56eb0cf73" />
      <TestMethod codeBase="/home/runner/work/dotnet-monorepo/dotnet-monorepo/src/artifacts/bin/ksse.Tests/release_linux-x64/ksse.Tests.dll" adapterTypeName="executor://mstestadapter/v4" className="ksse.Tests.ProgressTests" name="Test_GetProgressWithoutAuth_Fails" />
    </UnitTest>
    <UnitTest name="Test_DeleteAllProgressWithCorrectAuth_Succeeds" storage="/home/runner/work/dotnet-monorepo/dotnet-monorepo/src/artifacts/bin/ksse.tests/release_linux-x64/ksse.tests.dll" id="1e11a824-50f6-8f93-b2fe-0420f6201f65">
      <Execution id="f460b0b9-fef9-49cd-bf43-732ab658ead8" />
      <TestMethod codeBase="/home/runner/work/dotnet-monorepo/dotnet-monorepo/src/artifacts/bin/ksse.Tests/release_linux-x64/ksse.Tests.dll" adapterTypeName="executor://mstestadapter/v4" className="ksse.Tests.ProgressTests" name="Test_DeleteAllProgressWithCorrectAuth_Succeeds" />
    </UnitTest>
    <UnitTest name="Test_GetProgressWithCorrectAuthButNoProgressDocument_SucceedsAndReturnsEmptyObject" storage="/home/runner/work/dotnet-monorepo/dotnet-monorepo/src/artifacts/bin/ksse.tests/release_linux-x64/ksse.tests.dll" id="192886f3-f09f-8e26-9120-75957a3fea42">
      <Execution id="f42b5d99-242a-4895-a55a-22227a896b35" />
      <TestMethod codeBase="/home/runner/work/dotnet-monorepo/dotnet-monorepo/src/artifacts/bin/ksse.Tests/release_linux-x64/ksse.Tests.dll" adapterTypeName="executor://mstestadapter/v4" className="ksse.Tests.ProgressTests" name="Test_GetProgressWithCorrectAuthButNoProgressDocument_SucceedsAndReturnsEmptyObject" />
    </UnitTest>
    <UnitTest name="Test_InvalidAllDatabases_ReturnsServiceUnavailable" storage="/home/runner/work/dotnet-monorepo/dotnet-monorepo/src/artifacts/bin/ksse.tests/release_linux-x64/ksse.tests.dll" id="17ae3335-de08-8274-abf4-82d4bda2c6e4">
      <Execution id="c8cab15e-17a6-4766-ada9-a2321daba559" />
      <TestMethod codeBase="/home/runner/work/dotnet-monorepo/dotnet-monorepo/src/artifacts/bin/ksse.Tests/release_linux-x64/ksse.Tests.dll" adapterTypeName="executor://mstestadapter/v4" className="ksse.Tests.HealthTests" name="Test_InvalidAllDatabases_ReturnsServiceUnavailable" />
    </UnitTest>
    <UnitTest name="Test_CreateSingleUser_Succeeds" storage="/home/runner/work/dotnet-monorepo/dotnet-monorepo/src/artifacts/bin/ksse.tests/release_linux-x64/ksse.tests.dll" id="1df49f38-1207-8a30-88a1-aaca5355f62a">
      <Execution id="a44b1d0f-1494-43bc-9ff9-20053604e7e1" />
      <TestMethod codeBase="/home/runner/work/dotnet-monorepo/dotnet-monorepo/src/artifacts/bin/ksse.Tests/release_linux-x64/ksse.Tests.dll" adapterTypeName="executor://mstestadapter/v4" className="ksse.Tests.UsersTests" name="Test_CreateSingleUser_Succeeds" />
    </UnitTest>
    <UnitTest name="Test_AuthUserWithWrongPassword_Fails" storage="/home/runner/work/dotnet-monorepo/dotnet-monorepo/src/artifacts/bin/ksse.tests/release_linux-x64/ksse.tests.dll" id="15201303-d604-8041-9655-9129f3963e8f">
      <Execution id="b575f2f5-0c26-4c45-b318-4b61e2d9da9a" />
      <TestMethod codeBase="/home/runner/work/dotnet-monorepo/dotnet-monorepo/src/artifacts/bin/ksse.Tests/release_linux-x64/ksse.Tests.dll" adapterTypeName="executor://mstestadapter/v4" className="ksse.Tests.UsersTests" name="Test_AuthUserWithWrongPassword_Fails" />
    </UnitTest>
    <UnitTest name="Test_AuthUserWithCorrectAuth_Succeeds" storage="/home/runner/work/dotnet-monorepo/dotnet-monorepo/src/artifacts/bin/ksse.tests/release_linux-x64/ksse.tests.dll" id="186d133a-e1bb-8efe-8510-063deb350373">
      <Execution id="0cd89a91-1ace-43fc-a01f-8de4fc2d757f" />
      <TestMethod codeBase="/home/runner/work/dotnet-monorepo/dotnet-monorepo/src/artifacts/bin/ksse.Tests/release_linux-x64/ksse.Tests.dll" adapterTypeName="executor://mstestadapter/v4" className="ksse.Tests.UsersTests" name="Test_AuthUserWithCorrectAuth_Succeeds" />
    </UnitTest>
    <UnitTest name="Test_InvalidUsersDatabase_ReturnsServiceUnavailable" storage="/home/runner/work/dotnet-monorepo/dotnet-monorepo/src/artifacts/bin/ksse.tests/release_linux-x64/ksse.tests.dll" id="12be7870-acca-8189-83ba-8c71522f628a">
      <Execution id="07475ead-2b21-4f91-96fb-b6df160e8f7b" />
      <TestMethod codeBase="/home/runner/work/dotnet-monorepo/dotnet-monorepo/src/artifacts/bin/ksse.Tests/release_linux-x64/ksse.Tests.dll" adapterTypeName="executor://mstestadapter/v4" className="ksse.Tests.HealthTests" name="Test_InvalidUsersDatabase_ReturnsServiceUnavailable" />
    </UnitTest>
    <UnitTest name="Test_InvalidProgressDatabase_ReturnsServiceUnavailable" storage="/home/runner/work/dotnet-monorepo/dotnet-monorepo/src/artifacts/bin/ksse.tests/release_linux-x64/ksse.tests.dll" id="1542a3bb-7a8a-8712-8727-d3cbb815d2f3">
      <Execution id="49d8501c-a928-413c-bf0c-3bb6ff0ca7be" />
      <TestMethod codeBase="/home/runner/work/dotnet-monorepo/dotnet-monorepo/src/artifacts/bin/ksse.Tests/release_linux-x64/ksse.Tests.dll" adapterTypeName="executor://mstestadapter/v4" className="ksse.Tests.HealthTests" name="Test_InvalidProgressDatabase_ReturnsServiceUnavailable" />
    </UnitTest>
    <UnitTest name="Test_DeleteUserWithoutAuth_Fails" storage="/home/runner/work/dotnet-monorepo/dotnet-monorepo/src/artifacts/bin/ksse.tests/release_linux-x64/ksse.tests.dll" id="108ef64b-0942-857b-8a32-d8eeac5741d3">
      <Execution id="cab5a9d1-3780-4942-be61-ea09f72865a9" />
      <TestMethod codeBase="/home/runner/work/dotnet-monorepo/dotnet-monorepo/src/artifacts/bin/ksse.Tests/release_linux-x64/ksse.Tests.dll" adapterTypeName="executor://mstestadapter/v4" className="ksse.Tests.UsersTests" name="Test_DeleteUserWithoutAuth_Fails" />
    </UnitTest>
    <UnitTest name="Test_DeleteAllProgressWithoutAuth_Fails" storage="/home/runner/work/dotnet-monorepo/dotnet-monorepo/src/artifacts/bin/ksse.tests/release_linux-x64/ksse.tests.dll" id="15f5f23a-ae14-8d39-9383-0afe8eefc855">
      <Execution id="087e95b3-9e72-4ffe-8085-6eec8ff1cb52" />
      <TestMethod codeBase="/home/runner/work/dotnet-monorepo/dotnet-monorepo/src/artifacts/bin/ksse.Tests/release_linux-x64/ksse.Tests.dll" adapterTypeName="executor://mstestadapter/v4" className="ksse.Tests.ProgressTests" name="Test_DeleteAllProgressWithoutAuth_Fails" />
    </UnitTest>
    <UnitTest name="Test_CreateUserWhenFeatureIsDisabled_Fails" storage="/home/runner/work/dotnet-monorepo/dotnet-monorepo/src/artifacts/bin/ksse.tests/release_linux-x64/ksse.tests.dll" id="161fc569-3369-86c1-8e0d-6c373c25ff0b">
      <Execution id="c425d76a-cfd5-4ab6-aef4-0eef6971a446" />
      <TestMethod codeBase="/home/runner/work/dotnet-monorepo/dotnet-monorepo/src/artifacts/bin/ksse.Tests/release_linux-x64/ksse.Tests.dll" adapterTypeName="executor://mstestadapter/v4" className="ksse.Tests.UsersTests" name="Test_CreateUserWhenFeatureIsDisabled_Fails" />
    </UnitTest>
    <UnitTest name="Test_ChangePasswordWithCorrectAuth_Succeeds" storage="/home/runner/work/dotnet-monorepo/dotnet-monorepo/src/artifacts/bin/ksse.tests/release_linux-x64/ksse.tests.dll" id="16a2fc19-c0ac-83d7-b922-04ebb0e0c8fe">
      <Execution id="badd32fd-c644-42ef-9f96-04f7f46e02f7" />
      <TestMethod codeBase="/home/runner/work/dotnet-monorepo/dotnet-monorepo/src/artifacts/bin/ksse.Tests/release_linux-x64/ksse.Tests.dll" adapterTypeName="executor://mstestadapter/v4" className="ksse.Tests.UsersTests" name="Test_ChangePasswordWithCorrectAuth_Succeeds" />
    </UnitTest>
  </TestDefinitions>
  <TestEntries>
    <TestEntry testId="19387bbc-99d0-8cea-8ff1-10b5a3767f55" executionId="40ddb05b-2d67-466b-9d2a-e9e4b9764200" testListId="8c84fa94-04c1-424b-9868-57a2d4851a1d" />
    <TestEntry testId="1af89287-99f5-876a-b55a-701f9eb5be7c" executionId="ea839a1f-19c8-4323-95db-0924295275a0" testListId="8c84fa94-04c1-424b-9868-57a2d4851a1d" />
    <TestEntry testId="15f5f23a-ae14-8d39-9383-0afe8eefc855" executionId="087e95b3-9e72-4ffe-8085-6eec8ff1cb52" testListId="8c84fa94-04c1-424b-9868-57a2d4851a1d" />
    <TestEntry testId="1724032a-64f1-8808-bb42-6938d7db544f" executionId="6d2bba2d-64db-41f6-88f9-1236e31a9bd8" testListId="8c84fa94-04c1-424b-9868-57a2d4851a1d" />
    <TestEntry testId="112f889c-6e0f-89cb-a5bb-7e10d8d74f0f" executionId="e0307666-38b7-4b6c-ac03-fc15d8c93103" testListId="8c84fa94-04c1-424b-9868-57a2d4851a1d" />
    <TestEntry testId="161fc569-3369-86c1-8e0d-6c373c25ff0b" executionId="c425d76a-cfd5-4ab6-aef4-0eef6971a446" testListId="8c84fa94-04c1-424b-9868-57a2d4851a1d" />
    <TestEntry testId="17ae3335-de08-8274-abf4-82d4bda2c6e4" executionId="c8cab15e-17a6-4766-ada9-a2321daba559" testListId="8c84fa94-04c1-424b-9868-57a2d4851a1d" />
    <TestEntry testId="102c7657-8154-8238-90b7-6e32f2a18fc7" executionId="cf4c15fc-c59e-4633-a407-49c3efc0cee2" testListId="8c84fa94-04c1-424b-9868-57a2d4851a1d" />
    <TestEntry testId="137e5dc7-696f-82d0-9be2-c99e006bbf79" executionId="cadb5763-f637-4466-9ef1-b5ffa0ce76d4" testListId="8c84fa94-04c1-424b-9868-57a2d4851a1d" />
    <TestEntry testId="1908a3f0-f0f0-88c2-a93c-83a990030485" executionId="46deed67-57ae-43a6-930a-ced56eb0cf73" testListId="8c84fa94-04c1-424b-9868-57a2d4851a1d" />
    <TestEntry testId="108ef64b-0942-857b-8a32-d8eeac5741d3" executionId="cab5a9d1-3780-4942-be61-ea09f72865a9" testListId="8c84fa94-04c1-424b-9868-57a2d4851a1d" />
    <TestEntry testId="132945f6-6e23-865e-85d1-b4595840936c" executionId="0da72fe9-07d6-4a5c-9846-c261df0626fc" testListId="8c84fa94-04c1-424b-9868-57a2d4851a1d" />
    <TestEntry testId="173f52f6-fe2f-8ccc-bbde-bcea11e0654f" executionId="2e6304c9-ae80-49cd-a953-8ecb9c0f24ad" testListId="8c84fa94-04c1-424b-9868-57a2d4851a1d" />
    <TestEntry testId="1e11a824-50f6-8f93-b2fe-0420f6201f65" executionId="f460b0b9-fef9-49cd-bf43-732ab658ead8" testListId="8c84fa94-04c1-424b-9868-57a2d4851a1d" />
    <TestEntry testId="15201303-d604-8041-9655-9129f3963e8f" executionId="b575f2f5-0c26-4c45-b318-4b61e2d9da9a" testListId="8c84fa94-04c1-424b-9868-57a2d4851a1d" />
    <TestEntry testId="186d133a-e1bb-8efe-8510-063deb350373" executionId="0cd89a91-1ace-43fc-a01f-8de4fc2d757f" testListId="8c84fa94-04c1-424b-9868-57a2d4851a1d" />
    <TestEntry testId="1542a3bb-7a8a-8712-8727-d3cbb815d2f3" executionId="49d8501c-a928-413c-bf0c-3bb6ff0ca7be" testListId="8c84fa94-04c1-424b-9868-57a2d4851a1d" />
    <TestEntry testId="192886f3-f09f-8e26-9120-75957a3fea42" executionId="f42b5d99-242a-4895-a55a-22227a896b35" testListId="8c84fa94-04c1-424b-9868-57a2d4851a1d" />
    <TestEntry testId="11753310-0116-811b-a9d6-9e37c130b4c9" executionId="c20a0b49-4103-48b9-8952-9e88a297ab70" testListId="8c84fa94-04c1-424b-9868-57a2d4851a1d" />
    <TestEntry testId="16a2fc19-c0ac-83d7-b922-04ebb0e0c8fe" executionId="badd32fd-c644-42ef-9f96-04f7f46e02f7" testListId="8c84fa94-04c1-424b-9868-57a2d4851a1d" />
    <TestEntry testId="1f4f93a2-a1d4-8964-a870-128e9bd4cfdb" executionId="3abecfbd-0d3e-499c-8583-2852093dcd29" testListId="8c84fa94-04c1-424b-9868-57a2d4851a1d" />
    <TestEntry testId="1264adfd-ff7f-8738-8b4f-c2ee71cba679" executionId="d5fd82de-5d5d-47b7-a36a-a8fcefc608d0" testListId="8c84fa94-04c1-424b-9868-57a2d4851a1d" />
    <TestEntry testId="1df49f38-1207-8a30-88a1-aaca5355f62a" executionId="a44b1d0f-1494-43bc-9ff9-20053604e7e1" testListId="8c84fa94-04c1-424b-9868-57a2d4851a1d" />
    <TestEntry testId="13a5cd0b-69fa-8c36-91a9-0fe254e7e6bd" executionId="5d2917d7-e12d-40ea-9996-5587f9026d1f" testListId="8c84fa94-04c1-424b-9868-57a2d4851a1d" />
    <TestEntry testId="12be7870-acca-8189-83ba-8c71522f628a" executionId="07475ead-2b21-4f91-96fb-b6df160e8f7b" testListId="8c84fa94-04c1-424b-9868-57a2d4851a1d" />
    <TestEntry testId="155446e3-8a34-83e5-aee6-75e105570957" executionId="66755686-71f1-45c1-a561-63779811c9a1" testListId="8c84fa94-04c1-424b-9868-57a2d4851a1d" />
    <TestEntry testId="199f3463-3b26-8091-a133-d84de9085545" executionId="922abf0e-d487-4c31-857c-36478791ee18" testListId="8c84fa94-04c1-424b-9868-57a2d4851a1d" />
    <TestEntry testId="17aa2d49-4588-833f-803d-ac33704ec19b" executionId="f4109d84-c6bd-42c2-87ee-7a83dab6b92d" testListId="8c84fa94-04c1-424b-9868-57a2d4851a1d" />
    <TestEntry testId="1fcc2f72-d833-84dc-a917-4405961190c3" executionId="d0b70d2c-04fd-4af9-a2fb-bd87031010e8" testListId="8c84fa94-04c1-424b-9868-57a2d4851a1d" />
    <TestEntry testId="16a1c27b-d16e-8bad-a515-82515bf126eb" executionId="e26c5b5d-d372-460d-a257-ec0df6eb5ddd" testListId="8c84fa94-04c1-424b-9868-57a2d4851a1d" />
  </TestEntries>
  <TestLists>
    <TestList name="Results Not in a List" id="8c84fa94-04c1-424b-9868-57a2d4851a1d" />
    <TestList name="All Loaded Results" id="19431567-8539-422a-85d7-44ee4e166bda" />
  </TestLists>
  <ResultSummary outcome="Completed">
    <Counters total="30" executed="30" passed="30" failed="0" error="0" timeout="0" aborted="0" inconclusive="0" passedButRunAborted="0" notRunnable="0" notExecuted="0" disconnected="0" warning="0" completed="0" inProgress="0" pending="0" />
    <Output>
      <StdOut>Test Parallelization enabled for /home/runner/work/dotnet-monorepo/dotnet-monorepo/src/artifacts/bin/ksse.Tests/release_linux-x64/ksse.Tests.dll (Workers: 4, Scope: ClassLevel)
</StdOut>
    </Output>
  </ResultSummary>
</TestRun>