<?xml version="1.0" encoding="utf-8"?>
<TestRun id="a5912c2b-deef-428a-a219-fa9e6ec42c39" name="@runnervmeorf1 2026-04-27 03:00:55" xmlns="http://microsoft.com/schemas/VisualStudio/TeamTest/2010">
  <Times creation="2026-04-27T03:00:55.3329053+00:00" queuing="2026-04-27T03:00:55.3329054+00:00" start="2026-04-27T03:00:53.4100409+00:00" finish="2026-04-27T03:00:57.4237979+00:00" />
  <TestSettings name="default" id="f20e2210-52a6-4488-a162-f468511a39ce">
    <Deployment runDeploymentRoot="_runnervmeorf1_2026-04-27_03_00_55" />
  </TestSettings>
  <Results>
    <UnitTestResult executionId="dc300221-86a4-43ea-9efa-38b5ad6ef5fd" testId="1f4f93a2-a1d4-8964-a870-128e9bd4cfdb" testName="Test_GetProgressWithWrongPassword_Fails" computerName="runnervmeorf1" duration="00:00:00.1961039" startTime="2026-04-27T03:00:55.9365185+00:00" endTime="2026-04-27T03:00:56.1326989+00:00" testType="13cdc9d9-ddb5-4fa4-a97d-d965ccfc6d4b" outcome="Passed" testListId="8c84fa94-04c1-424b-9868-57a2d4851a1d" relativeResultsDirectory="dc300221-86a4-43ea-9efa-38b5ad6ef5fd">
      <Output>
        <StdOut>info: Microsoft.AspNetCore.DataProtection.KeyManagement.XmlKeyManager[62]
      User profile is available. Using '/home/runner/.aspnet/DataProtection-Keys' as key repository; keys will not be encrypted at rest.
info: Microsoft.EntityFrameworkCore.Update[30100]
      Saved 1 entities to in-memory store.
info: Microsoft.EntityFrameworkCore.Update[30100]
      Saved 1 entities to in-memory store.
info: Microsoft.AspNetCore.Hosting.Diagnostics[1]
      Request starting HTTP/1.1 GET http://localhost/syncs/progress/document - - -
info: ksse.Auth.KoreaderAuthHandler[7]
      KoreaderAuthScheme was not authenticated. Failure message: Incorrect password.
info: ksse.Auth.KoreaderAuthHandler[7]
      KoreaderAuthScheme was not authenticated. Failure message: Incorrect password.
info: Microsoft.AspNetCore.Authorization.DefaultAuthorizationService[2]
      Authorization failed. These requirements were not met:
      DenyAnonymousAuthorizationRequirement: Requires an authenticated user.
info: ksse.Auth.KoreaderAuthHandler[12]
      AuthenticationScheme: KoreaderAuthScheme was challenged.
info: Microsoft.AspNetCore.Hosting.Diagnostics[2]
      Request finished HTTP/1.1 GET http://localhost/syncs/progress/document - 401 - application/json;+charset=utf-8 110.1296ms</StdOut>
      </Output>
    </UnitTestResult>
    <UnitTestResult executionId="dfd5a837-3b69-4b0d-9094-979253b8dc5f" testId="137e5dc7-696f-82d0-9be2-c99e006bbf79" testName="Test_DeleteProgressWithCorrectAuth_Succeeds" computerName="runnervmeorf1" duration="00:00:00.1770787" startTime="2026-04-27T03:00:56.5722704+00:00" endTime="2026-04-27T03:00:56.7494258+00:00" testType="13cdc9d9-ddb5-4fa4-a97d-d965ccfc6d4b" outcome="Passed" testListId="8c84fa94-04c1-424b-9868-57a2d4851a1d" relativeResultsDirectory="dfd5a837-3b69-4b0d-9094-979253b8dc5f">
      <Output>
        <StdOut>info: Microsoft.AspNetCore.DataProtection.KeyManagement.XmlKeyManager[62]
      User profile is available. Using '/home/runner/.aspnet/DataProtection-Keys' as key repository; keys will not be encrypted at rest.
info: Microsoft.EntityFrameworkCore.Update[30100]
      Saved 1 entities to in-memory store.
info: Microsoft.EntityFrameworkCore.Update[30100]
      Saved 1 entities to in-memory store.
info: Microsoft.AspNetCore.Hosting.Diagnostics[1]
      Request starting HTTP/1.1 DELETE http://localhost/syncs/progress/document - - -
info: Microsoft.AspNetCore.Routing.EndpointMiddleware[0]
      Executing endpoint 'HTTP: DELETE syncs/progress/{document} =&gt; DeleteProgressAsync'
info: Microsoft.EntityFrameworkCore.Update[30100]
      Saved 1 entities to in-memory store.
info: Microsoft.AspNetCore.Http.Result.OkObjectResult[1]
      Setting HTTP status code 200.
info: Microsoft.AspNetCore.Routing.EndpointMiddleware[1]
      Executed endpoint 'HTTP: DELETE syncs/progress/{document} =&gt; DeleteProgressAsync'
info: Microsoft.AspNetCore.Hosting.Diagnostics[2]
      Request finished HTTP/1.1 DELETE http://localhost/syncs/progress/document - 200 - - 94.3607ms</StdOut>
      </Output>
    </UnitTestResult>
    <UnitTestResult executionId="30a93fc6-8a03-487a-b443-1c77ad7c5971" testId="1542a3bb-7a8a-8712-8727-d3cbb815d2f3" testName="Test_InvalidProgressDatabase_ReturnsServiceUnavailable" computerName="runnervmeorf1" duration="00:00:00.0950711" startTime="2026-04-27T03:00:55.0192694+00:00" endTime="2026-04-27T03:00:55.1144178+00:00" testType="13cdc9d9-ddb5-4fa4-a97d-d965ccfc6d4b" outcome="Passed" testListId="8c84fa94-04c1-424b-9868-57a2d4851a1d" relativeResultsDirectory="30a93fc6-8a03-487a-b443-1c77ad7c5971">
      <Output>
        <StdOut>warn: Microsoft.EntityFrameworkCore.Model.Validation[30000]
      The entity type 'ProgressDocument' is configured to use schema 'progress', but SQLite does not support schemas. This configuration will be ignored by the SQLite provider.
info: Microsoft.AspNetCore.DataProtection.KeyManagement.XmlKeyManager[62]
      User profile is available. Using '/home/runner/.aspnet/DataProtection-Keys' as key repository; keys will not be encrypted at rest.
info: Microsoft.AspNetCore.Hosting.Diagnostics[1]
      Request starting HTTP/1.1 GET http://localhost/healthcheck - - -
info: Microsoft.AspNetCore.Routing.EndpointMiddleware[0]
      Executing endpoint 'Health checks'
fail: Microsoft.Extensions.Diagnostics.HealthChecks.DefaultHealthCheckService[103]
      Health check ProgressDbContext with status Unhealthy completed after 0.5818ms with message '(null)'
info: Microsoft.AspNetCore.Routing.EndpointMiddleware[1]
      Executed endpoint 'Health checks'
info: Microsoft.AspNetCore.Hosting.Diagnostics[2]
      Request finished HTTP/1.1 GET http://localhost/healthcheck - 503 - - 3.8238ms</StdOut>
      </Output>
    </UnitTestResult>
    <UnitTestResult executionId="8c202bd8-739e-4f2c-b77b-c20de59ffa6d" testId="161fc569-3369-86c1-8e0d-6c373c25ff0b" testName="Test_CreateUserWhenFeatureIsDisabled_Fails" computerName="runnervmeorf1" duration="00:00:00.0158047" startTime="2026-04-27T03:00:55.2859968+00:00" endTime="2026-04-27T03:00:55.3018701+00:00" testType="13cdc9d9-ddb5-4fa4-a97d-d965ccfc6d4b" outcome="Passed" testListId="8c84fa94-04c1-424b-9868-57a2d4851a1d" relativeResultsDirectory="8c202bd8-739e-4f2c-b77b-c20de59ffa6d">
      <Output>
        <StdOut>info: Microsoft.AspNetCore.DataProtection.KeyManagement.XmlKeyManager[62]
      User profile is available. Using '/home/runner/.aspnet/DataProtection-Keys' as key repository; keys will not be encrypted at rest.
info: Microsoft.AspNetCore.Hosting.Diagnostics[1]
      Request starting HTTP/1.1 POST http://localhost/users/create - application/json;+charset=utf-8 -
info: Microsoft.AspNetCore.Routing.EndpointMiddleware[0]
      Executing endpoint 'HTTP: POST users/create =&gt; CreateUserAsync'
info: Microsoft.AspNetCore.Http.Result.JsonResult[1]
      Setting HTTP status code 402.
info: Microsoft.AspNetCore.Http.Result.JsonResult[3]
      Writing value of type 'ErrorResponse' as Json.
info: Microsoft.AspNetCore.Routing.EndpointMiddleware[1]
      Executed endpoint 'HTTP: POST users/create =&gt; CreateUserAsync'
info: Microsoft.AspNetCore.Hosting.Diagnostics[2]
      Request finished HTTP/1.1 POST http://localhost/users/create - 402 - application/json;+charset=utf-8 3.3944ms</StdOut>
      </Output>
    </UnitTestResult>
    <UnitTestResult executionId="28512897-13a1-4078-9371-b94d5c78b468" testId="108ef64b-0942-857b-8a32-d8eeac5741d3" testName="Test_DeleteUserWithoutAuth_Fails" computerName="runnervmeorf1" duration="00:00:00.0864770" startTime="2026-04-27T03:00:56.7771667+00:00" endTime="2026-04-27T03:00:56.8637169+00:00" testType="13cdc9d9-ddb5-4fa4-a97d-d965ccfc6d4b" outcome="Passed" testListId="8c84fa94-04c1-424b-9868-57a2d4851a1d" relativeResultsDirectory="28512897-13a1-4078-9371-b94d5c78b468">
      <Output>
        <StdOut>info: Microsoft.AspNetCore.DataProtection.KeyManagement.XmlKeyManager[62]
      User profile is available. Using '/home/runner/.aspnet/DataProtection-Keys' as key repository; keys will not be encrypted at rest.
info: Microsoft.EntityFrameworkCore.Update[30100]
      Saved 1 entities to in-memory store.
info: Microsoft.AspNetCore.Hosting.Diagnostics[1]
      Request starting HTTP/1.1 DELETE http://localhost/users - - -
info: Microsoft.AspNetCore.Authorization.DefaultAuthorizationService[2]
      Authorization failed. These requirements were not met:
      DenyAnonymousAuthorizationRequirement: Requires an authenticated user.
info: ksse.Auth.KoreaderAuthHandler[12]
      AuthenticationScheme: KoreaderAuthScheme was challenged.
info: Microsoft.AspNetCore.Hosting.Diagnostics[2]
      Request finished HTTP/1.1 DELETE http://localhost/users - 401 - application/json;+charset=utf-8 4.2674ms</StdOut>
      </Output>
    </UnitTestResult>
    <UnitTestResult executionId="40d879a1-fb03-4da3-9237-64c0ff6e6767" testId="16a1c27b-d16e-8bad-a515-82515bf126eb" testName="Test_GetProgressWithCorrectAuth_Succeeds" computerName="runnervmeorf1" duration="00:00:00.1825090" startTime="2026-04-27T03:00:56.1327402+00:00" endTime="2026-04-27T03:00:56.3153277+00:00" testType="13cdc9d9-ddb5-4fa4-a97d-d965ccfc6d4b" outcome="Passed" testListId="8c84fa94-04c1-424b-9868-57a2d4851a1d" relativeResultsDirectory="40d879a1-fb03-4da3-9237-64c0ff6e6767">
      <Output>
        <StdOut>info: Microsoft.AspNetCore.DataProtection.KeyManagement.XmlKeyManager[62]
      User profile is available. Using '/home/runner/.aspnet/DataProtection-Keys' as key repository; keys will not be encrypted at rest.
info: Microsoft.EntityFrameworkCore.Update[30100]
      Saved 1 entities to in-memory store.
info: Microsoft.EntityFrameworkCore.Update[30100]
      Saved 1 entities to in-memory store.
info: Microsoft.AspNetCore.Hosting.Diagnostics[1]
      Request starting HTTP/1.1 GET http://localhost/syncs/progress/document - - -
info: Microsoft.AspNetCore.Routing.EndpointMiddleware[0]
      Executing endpoint 'HTTP: GET syncs/progress/{document} =&gt; GetProgressAsync'
info: Microsoft.AspNetCore.Http.Result.OkObjectResult[1]
      Setting HTTP status code 200.
info: Microsoft.AspNetCore.Http.Result.OkObjectResult[3]
      Writing value of type 'GetProgressResponse' as Json.
info: Microsoft.AspNetCore.Routing.EndpointMiddleware[1]
      Executed endpoint 'HTTP: GET syncs/progress/{document} =&gt; GetProgressAsync'
info: Microsoft.AspNetCore.Hosting.Diagnostics[2]
      Request finished HTTP/1.1 GET http://localhost/syncs/progress/document - 200 - application/json;+charset=utf-8 85.8667ms</StdOut>
      </Output>
    </UnitTestResult>
    <UnitTestResult executionId="691dadae-e81f-415b-92be-7a051490911a" testId="1af89287-99f5-876a-b55a-701f9eb5be7c" testName="Test_ValidDatabases_ReturnsOkState" computerName="runnervmeorf1" duration="00:00:00.8671007" startTime="2026-04-27T03:00:53.8734375+00:00" endTime="2026-04-27T03:00:54.7614773+00:00" testType="13cdc9d9-ddb5-4fa4-a97d-d965ccfc6d4b" outcome="Passed" testListId="8c84fa94-04c1-424b-9868-57a2d4851a1d" relativeResultsDirectory="691dadae-e81f-415b-92be-7a051490911a">
      <Output>
        <StdOut>info: Microsoft.AspNetCore.DataProtection.KeyManagement.XmlKeyManager[62]
      User profile is available. Using '/home/runner/.aspnet/DataProtection-Keys' as key repository; keys will not be encrypted at rest.
info: Microsoft.AspNetCore.DataProtection.KeyManagement.XmlKeyManager[58]
      Creating key {6c9d8282-2ce4-4ba0-9d89-1e3b878f909f} with creation date 2026-04-27 03:00:54Z, activation date 2026-04-27 03:00:54Z, and expiration date 2026-07-26 03:00:54Z.
warn: Microsoft.AspNetCore.DataProtection.KeyManagement.XmlKeyManager[35]
      No XML encryptor configured. Key {6c9d8282-2ce4-4ba0-9d89-1e3b878f909f} may be persisted to storage in unencrypted form.
info: Microsoft.AspNetCore.DataProtection.Repositories.FileSystemXmlRepository[39]
      Writing data to file '/home/runner/.aspnet/DataProtection-Keys/key-6c9d8282-2ce4-4ba0-9d89-1e3b878f909f.xml'.
info: Microsoft.AspNetCore.Hosting.Diagnostics[1]
      Request starting HTTP/1.1 GET http://localhost/healthcheck - - -
info: Microsoft.AspNetCore.Routing.EndpointMiddleware[0]
      Executing endpoint 'Health checks'
info: Microsoft.AspNetCore.Routing.EndpointMiddleware[1]
      Executed endpoint 'Health checks'
info: Microsoft.AspNetCore.Hosting.Diagnostics[2]
      Request finished HTTP/1.1 GET http://localhost/healthcheck - 200 - application/json;+charset=utf-8 112.5821ms</StdOut>
      </Output>
    </UnitTestResult>
    <UnitTestResult executionId="e6f4df2d-8ec9-42ca-8fe3-622ab88fb47f" testId="12be7870-acca-8189-83ba-8c71522f628a" testName="Test_InvalidUsersDatabase_ReturnsServiceUnavailable" computerName="runnervmeorf1" duration="00:00:00.2509475" startTime="2026-04-27T03:00:54.7671926+00:00" endTime="2026-04-27T03:00:55.0187370+00:00" testType="13cdc9d9-ddb5-4fa4-a97d-d965ccfc6d4b" outcome="Passed" testListId="8c84fa94-04c1-424b-9868-57a2d4851a1d" relativeResultsDirectory="e6f4df2d-8ec9-42ca-8fe3-622ab88fb47f">
      <Output>
        <StdOut>warn: Microsoft.EntityFrameworkCore.Model.Validation[30000]
      The entity type 'IdentityRole' is configured to use schema 'users', but SQLite does not support schemas. This configuration will be ignored by the SQLite provider.
warn: Microsoft.EntityFrameworkCore.Model.Validation[30000]
      The entity type 'IdentityRoleClaim&lt;string&gt;' is configured to use schema 'users', but SQLite does not support schemas. This configuration will be ignored by the SQLite provider.
warn: Microsoft.EntityFrameworkCore.Model.Validation[30000]
      The entity type 'IdentityUser' is configured to use schema 'users', but SQLite does not support schemas. This configuration will be ignored by the SQLite provider.
warn: Microsoft.EntityFrameworkCore.Model.Validation[30000]
      The entity type 'IdentityUserClaim&lt;string&gt;' is configured to use schema 'users', but SQLite does not support schemas. This configuration will be ignored by the SQLite provider.
warn: Microsoft.EntityFrameworkCore.Model.Validation[30000]
      The entity type 'IdentityUserLogin&lt;string&gt;' is configured to use schema 'users', but SQLite does not support schemas. This configuration will be ignored by the SQLite provider.
warn: Microsoft.EntityFrameworkCore.Model.Validation[30000]
      The entity type 'IdentityUserRole&lt;string&gt;' is configured to use schema 'users', but SQLite does not support schemas. This configuration will be ignored by the SQLite provider.
warn: Microsoft.EntityFrameworkCore.Model.Validation[30000]
      The entity type 'IdentityUserToken&lt;string&gt;' is configured to use schema 'users', but SQLite does not support schemas. This configuration will be ignored by the SQLite provider.
info: Microsoft.AspNetCore.DataProtection.KeyManagement.XmlKeyManager[62]
      User profile is available. Using '/home/runner/.aspnet/DataProtection-Keys' as key repository; keys will not be encrypted at rest.
info: Microsoft.AspNetCore.Hosting.Diagnostics[1]
      Request starting HTTP/1.1 GET http://localhost/healthcheck - - -
info: Microsoft.AspNetCore.Routing.EndpointMiddleware[0]
      Executing endpoint 'Health checks'
fail: Microsoft.Extensions.Diagnostics.HealthChecks.DefaultHealthCheckService[103]
      Health check UsersDbContext with status Unhealthy completed after 11.4395ms with message '(null)'
info: Microsoft.AspNetCore.Routing.EndpointMiddleware[1]
      Executed endpoint 'Health checks'
info: Microsoft.AspNetCore.Hosting.Diagnostics[2]
      Request finished HTTP/1.1 GET http://localhost/healthcheck - 503 - - 36.8840ms</StdOut>
      </Output>
    </UnitTestResult>
    <UnitTestResult executionId="f4c123bb-acdc-46d7-a6bb-128069561d3a" testId="15f5f23a-ae14-8d39-9383-0afe8eefc855" testName="Test_DeleteAllProgressWithoutAuth_Fails" computerName="runnervmeorf1" duration="00:00:00.1044726" startTime="2026-04-27T03:00:56.7508213+00:00" endTime="2026-04-27T03:00:56.8553691+00:00" testType="13cdc9d9-ddb5-4fa4-a97d-d965ccfc6d4b" outcome="Passed" testListId="8c84fa94-04c1-424b-9868-57a2d4851a1d" relativeResultsDirectory="f4c123bb-acdc-46d7-a6bb-128069561d3a">
      <Output>
        <StdOut>info: Microsoft.AspNetCore.DataProtection.KeyManagement.XmlKeyManager[62]
      User profile is available. Using '/home/runner/.aspnet/DataProtection-Keys' as key repository; keys will not be encrypted at rest.
info: Microsoft.EntityFrameworkCore.Update[30100]
      Saved 1 entities to in-memory store.
info: Microsoft.EntityFrameworkCore.Update[30100]
      Saved 1 entities to in-memory store.
info: Microsoft.EntityFrameworkCore.Update[30100]
      Saved 1 entities to in-memory store.
info: Microsoft.AspNetCore.Hosting.Diagnostics[1]
      Request starting HTTP/1.1 DELETE http://localhost/syncs/progress - - -
info: Microsoft.AspNetCore.Authorization.DefaultAuthorizationService[2]
      Authorization failed. These requirements were not met:
      DenyAnonymousAuthorizationRequirement: Requires an authenticated user.
info: ksse.Auth.KoreaderAuthHandler[12]
      AuthenticationScheme: KoreaderAuthScheme was challenged.
info: Microsoft.AspNetCore.Hosting.Diagnostics[2]
      Request finished HTTP/1.1 DELETE http://localhost/syncs/progress - 401 - application/json;+charset=utf-8 3.1440ms</StdOut>
      </Output>
    </UnitTestResult>
    <UnitTestResult executionId="e5c35ee3-cc42-41a3-b834-ef1042eb7220" testId="112f889c-6e0f-89cb-a5bb-7e10d8d74f0f" testName="Test_PutProgressWithoutAuth_Fails" computerName="runnervmeorf1" duration="00:00:01.1819197" startTime="2026-04-27T03:00:53.8734013+00:00" endTime="2026-04-27T03:00:55.0725625+00:00" testType="13cdc9d9-ddb5-4fa4-a97d-d965ccfc6d4b" outcome="Passed" testListId="8c84fa94-04c1-424b-9868-57a2d4851a1d" relativeResultsDirectory="e5c35ee3-cc42-41a3-b834-ef1042eb7220">
      <Output>
        <StdOut>info: Microsoft.AspNetCore.DataProtection.KeyManagement.XmlKeyManager[62]
      User profile is available. Using '/home/runner/.aspnet/DataProtection-Keys' as key repository; keys will not be encrypted at rest.
info: Microsoft.AspNetCore.DataProtection.KeyManagement.XmlKeyManager[58]
      Creating key {3237d813-bf90-461e-ad4b-323744ff9154} with creation date 2026-04-27 03:00:54Z, activation date 2026-04-27 03:00:54Z, and expiration date 2026-07-26 03:00:54Z.
warn: Microsoft.AspNetCore.DataProtection.KeyManagement.XmlKeyManager[35]
      No XML encryptor configured. Key {3237d813-bf90-461e-ad4b-323744ff9154} may be persisted to storage in unencrypted form.
info: Microsoft.AspNetCore.DataProtection.Repositories.FileSystemXmlRepository[39]
      Writing data to file '/home/runner/.aspnet/DataProtection-Keys/key-3237d813-bf90-461e-ad4b-323744ff9154.xml'.
info: Microsoft.EntityFrameworkCore.Update[30100]
      Saved 1 entities to in-memory store.
info: Microsoft.AspNetCore.Hosting.Diagnostics[1]
      Request starting HTTP/1.1 PUT http://localhost/syncs/progress - application/json;+charset=utf-8 -
info: Microsoft.AspNetCore.Authorization.DefaultAuthorizationService[2]
      Authorization failed. These requirements were not met:
      DenyAnonymousAuthorizationRequirement: Requires an authenticated user.
info: ksse.Auth.KoreaderAuthHandler[12]
      AuthenticationScheme: KoreaderAuthScheme was challenged.
info: Microsoft.AspNetCore.Hosting.Diagnostics[2]
      Request finished HTTP/1.1 PUT http://localhost/syncs/progress - 401 - application/json;+charset=utf-8 12.4494ms</StdOut>
      </Output>
    </UnitTestResult>
    <UnitTestResult executionId="e5e91885-4437-4885-8104-80f959a86de3" testId="1df49f38-1207-8a30-88a1-aaca5355f62a" testName="Test_CreateSingleUser_Succeeds" computerName="runnervmeorf1" duration="00:00:01.2864532" startTime="2026-04-27T03:00:53.8734458+00:00" endTime="2026-04-27T03:00:55.1771023+00:00" testType="13cdc9d9-ddb5-4fa4-a97d-d965ccfc6d4b" outcome="Passed" testListId="8c84fa94-04c1-424b-9868-57a2d4851a1d" relativeResultsDirectory="e5e91885-4437-4885-8104-80f959a86de3">
      <Output>
        <StdOut>info: Microsoft.AspNetCore.DataProtection.KeyManagement.XmlKeyManager[62]
      User profile is available. Using '/home/runner/.aspnet/DataProtection-Keys' as key repository; keys will not be encrypted at rest.
info: Microsoft.AspNetCore.DataProtection.KeyManagement.XmlKeyManager[58]
      Creating key {518f0afc-24e1-405b-8c71-ba07349c16b9} with creation date 2026-04-27 03:00:54Z, activation date 2026-04-27 03:00:54Z, and expiration date 2026-07-26 03:00:54Z.
warn: Microsoft.AspNetCore.DataProtection.KeyManagement.XmlKeyManager[35]
      No XML encryptor configured. Key {518f0afc-24e1-405b-8c71-ba07349c16b9} may be persisted to storage in unencrypted form.
info: Microsoft.AspNetCore.DataProtection.Repositories.FileSystemXmlRepository[39]
      Writing data to file '/home/runner/.aspnet/DataProtection-Keys/key-518f0afc-24e1-405b-8c71-ba07349c16b9.xml'.
info: Microsoft.AspNetCore.Hosting.Diagnostics[1]
      Request starting HTTP/1.1 POST http://localhost/users/create - application/json;+charset=utf-8 -
info: Microsoft.AspNetCore.Routing.EndpointMiddleware[0]
      Executing endpoint 'HTTP: POST users/create =&gt; CreateUserAsync'
info: Microsoft.EntityFrameworkCore.Update[30100]
      Saved 1 entities to in-memory store.
info: Microsoft.AspNetCore.Http.Result.CreatedResult[1]
      Setting HTTP status code 201.
info: Microsoft.AspNetCore.Http.Result.CreatedResult[3]
      Writing value of type 'CreateUserResponse' as Json.
info: Microsoft.AspNetCore.Routing.EndpointMiddleware[1]
      Executed endpoint 'HTTP: POST users/create =&gt; CreateUserAsync'
info: Microsoft.AspNetCore.Hosting.Diagnostics[2]
      Request finished HTTP/1.1 POST http://localhost/users/create - 201 - application/json;+charset=utf-8 423.4815ms</StdOut>
      </Output>
    </UnitTestResult>
    <UnitTestResult executionId="e3382a16-8a56-44ea-b7bd-9fa8efe62120" testId="155446e3-8a34-83e5-aee6-75e105570957" testName="Test_ChangePasswordWithoutAuth_Fails" computerName="runnervmeorf1" duration="00:00:00.1494126" startTime="2026-04-27T03:00:55.6918435+00:00" endTime="2026-04-27T03:00:55.8413358+00:00" testType="13cdc9d9-ddb5-4fa4-a97d-d965ccfc6d4b" outcome="Passed" testListId="8c84fa94-04c1-424b-9868-57a2d4851a1d" relativeResultsDirectory="e3382a16-8a56-44ea-b7bd-9fa8efe62120">
      <Output>
        <StdOut>info: Microsoft.AspNetCore.DataProtection.KeyManagement.XmlKeyManager[62]
      User profile is available. Using '/home/runner/.aspnet/DataProtection-Keys' as key repository; keys will not be encrypted at rest.
info: Microsoft.EntityFrameworkCore.Update[30100]
      Saved 1 entities to in-memory store.
info: Microsoft.AspNetCore.Hosting.Diagnostics[1]
      Request starting HTTP/1.1 POST http://localhost/users/changepassword - application/json;+charset=utf-8 -
info: Microsoft.AspNetCore.Authorization.DefaultAuthorizationService[2]
      Authorization failed. These requirements were not met:
      DenyAnonymousAuthorizationRequirement: Requires an authenticated user.
info: ksse.Auth.KoreaderAuthHandler[12]
      AuthenticationScheme: KoreaderAuthScheme was challenged.
info: Microsoft.AspNetCore.Hosting.Diagnostics[2]
      Request finished HTTP/1.1 POST http://localhost/users/changepassword - 401 - application/json;+charset=utf-8 3.7447ms</StdOut>
      </Output>
    </UnitTestResult>
    <UnitTestResult executionId="6abe80bc-8687-45bc-a8c1-0ea026aa3a04" testId="1724032a-64f1-8808-bb42-6938d7db544f" testName="Test_AuthNonExistentUser_Fails" computerName="runnervmeorf1" duration="00:00:00.0206109" startTime="2026-04-27T03:00:55.3173938+00:00" endTime="2026-04-27T03:00:55.3380966+00:00" testType="13cdc9d9-ddb5-4fa4-a97d-d965ccfc6d4b" outcome="Passed" testListId="8c84fa94-04c1-424b-9868-57a2d4851a1d" relativeResultsDirectory="6abe80bc-8687-45bc-a8c1-0ea026aa3a04">
      <Output>
        <StdOut>info: Microsoft.AspNetCore.DataProtection.KeyManagement.XmlKeyManager[62]
      User profile is available. Using '/home/runner/.aspnet/DataProtection-Keys' as key repository; keys will not be encrypted at rest.
info: Microsoft.AspNetCore.Hosting.Diagnostics[1]
      Request starting HTTP/1.1 GET http://localhost/users/auth - - -
info: ksse.Auth.KoreaderAuthHandler[7]
      KoreaderAuthScheme was not authenticated. Failure message: User does not exist.
info: ksse.Auth.KoreaderAuthHandler[7]
      KoreaderAuthScheme was not authenticated. Failure message: User does not exist.
info: Microsoft.AspNetCore.Authorization.DefaultAuthorizationService[2]
      Authorization failed. These requirements were not met:
      DenyAnonymousAuthorizationRequirement: Requires an authenticated user.
info: ksse.Auth.KoreaderAuthHandler[12]
      AuthenticationScheme: KoreaderAuthScheme was challenged.
info: Microsoft.AspNetCore.Hosting.Diagnostics[2]
      Request finished HTTP/1.1 GET http://localhost/users/auth - 401 - application/json;+charset=utf-8 2.9051ms</StdOut>
      </Output>
    </UnitTestResult>
    <UnitTestResult executionId="e3529dc3-7eda-4101-8d52-e83438dae2af" testId="1908a3f0-f0f0-88c2-a93c-83a990030485" testName="Test_GetProgressWithoutAuth_Fails" computerName="runnervmeorf1" duration="00:00:00.0827409" startTime="2026-04-27T03:00:55.8536721+00:00" endTime="2026-04-27T03:00:55.9364842+00:00" testType="13cdc9d9-ddb5-4fa4-a97d-d965ccfc6d4b" outcome="Passed" testListId="8c84fa94-04c1-424b-9868-57a2d4851a1d" relativeResultsDirectory="e3529dc3-7eda-4101-8d52-e83438dae2af">
      <Output>
        <StdOut>info: Microsoft.AspNetCore.DataProtection.KeyManagement.XmlKeyManager[62]
      User profile is available. Using '/home/runner/.aspnet/DataProtection-Keys' as key repository; keys will not be encrypted at rest.
info: Microsoft.EntityFrameworkCore.Update[30100]
      Saved 1 entities to in-memory store.
info: Microsoft.EntityFrameworkCore.Update[30100]
      Saved 1 entities to in-memory store.
info: Microsoft.AspNetCore.Hosting.Diagnostics[1]
      Request starting HTTP/1.1 GET http://localhost/syncs/progress/document - - -
info: Microsoft.AspNetCore.Authorization.DefaultAuthorizationService[2]
      Authorization failed. These requirements were not met:
      DenyAnonymousAuthorizationRequirement: Requires an authenticated user.
info: ksse.Auth.KoreaderAuthHandler[12]
      AuthenticationScheme: KoreaderAuthScheme was challenged.
info: Microsoft.AspNetCore.Hosting.Diagnostics[2]
      Request finished HTTP/1.1 GET http://localhost/syncs/progress/document - 401 - application/json;+charset=utf-8 2.0287ms</StdOut>
      </Output>
    </UnitTestResult>
    <UnitTestResult executionId="8ceda72a-144e-48f1-814f-78c359243379" testId="186d133a-e1bb-8efe-8510-063deb350373" testName="Test_AuthUserWithCorrectAuth_Succeeds" computerName="runnervmeorf1" duration="00:00:00.1791858" startTime="2026-04-27T03:00:55.5125256+00:00" endTime="2026-04-27T03:00:55.6918016+00:00" testType="13cdc9d9-ddb5-4fa4-a97d-d965ccfc6d4b" outcome="Passed" testListId="8c84fa94-04c1-424b-9868-57a2d4851a1d" relativeResultsDirectory="8ceda72a-144e-48f1-814f-78c359243379">
      <Output>
        <StdOut>info: Microsoft.AspNetCore.DataProtection.KeyManagement.XmlKeyManager[62]
      User profile is available. Using '/home/runner/.aspnet/DataProtection-Keys' as key repository; keys will not be encrypted at rest.
info: Microsoft.AspNetCore.Hosting.Diagnostics[1]
      Request starting HTTP/1.1 POST http://localhost/users/create - application/json;+charset=utf-8 -
info: Microsoft.AspNetCore.Routing.EndpointMiddleware[0]
      Executing endpoint 'HTTP: POST users/create =&gt; CreateUserAsync'
info: Microsoft.EntityFrameworkCore.Update[30100]
      Saved 1 entities to in-memory store.
info: Microsoft.AspNetCore.Http.Result.CreatedResult[1]
      Setting HTTP status code 201.
info: Microsoft.AspNetCore.Http.Result.CreatedResult[3]
      Writing value of type 'CreateUserResponse' as Json.
info: Microsoft.AspNetCore.Routing.EndpointMiddleware[1]
      Executed endpoint 'HTTP: POST users/create =&gt; CreateUserAsync'
info: Microsoft.AspNetCore.Hosting.Diagnostics[2]
      Request finished HTTP/1.1 POST http://localhost/users/create - 201 - application/json;+charset=utf-8 73.9268ms
info: Microsoft.AspNetCore.Hosting.Diagnostics[1]
      Request starting HTTP/1.1 GET http://localhost/users/auth - - -
info: Microsoft.AspNetCore.Routing.EndpointMiddleware[0]
      Executing endpoint 'HTTP: GET users/auth =&gt; AuthUser'
info: Microsoft.AspNetCore.Http.Result.OkObjectResult[1]
      Setting HTTP status code 200.
info: Microsoft.AspNetCore.Http.Result.OkObjectResult[3]
      Writing value of type 'AuthUserResponse' as Json.
info: Microsoft.AspNetCore.Routing.EndpointMiddleware[1]
      Executed endpoint 'HTTP: GET users/auth =&gt; AuthUser'
info: Microsoft.AspNetCore.Hosting.Diagnostics[2]
      Request finished HTTP/1.1 GET http://localhost/users/auth - 200 - application/json;+charset=utf-8 78.5083ms</StdOut>
      </Output>
    </UnitTestResult>
    <UnitTestResult executionId="076c7483-e53a-4fb3-880e-a5a8da6ef36b" testId="1fcc2f72-d833-84dc-a917-4405961190c3" testName="Test_PutProgressWithCorrectAuth_Succeeds" computerName="runnervmeorf1" duration="00:00:00.2594198" startTime="2026-04-27T03:00:55.2832144+00:00" endTime="2026-04-27T03:00:55.5428039+00:00" testType="13cdc9d9-ddb5-4fa4-a97d-d965ccfc6d4b" outcome="Passed" testListId="8c84fa94-04c1-424b-9868-57a2d4851a1d" relativeResultsDirectory="076c7483-e53a-4fb3-880e-a5a8da6ef36b">
      <Output>
        <StdOut>info: Microsoft.AspNetCore.DataProtection.KeyManagement.XmlKeyManager[62]
      User profile is available. Using '/home/runner/.aspnet/DataProtection-Keys' as key repository; keys will not be encrypted at rest.
info: Microsoft.EntityFrameworkCore.Update[30100]
      Saved 1 entities to in-memory store.
info: Microsoft.AspNetCore.Hosting.Diagnostics[1]
      Request starting HTTP/1.1 PUT http://localhost/syncs/progress - application/json;+charset=utf-8 -
info: Microsoft.AspNetCore.Routing.EndpointMiddleware[0]
      Executing endpoint 'HTTP: PUT syncs/progress/ =&gt; PutProgressAsync'
info: Microsoft.EntityFrameworkCore.Update[30100]
      Saved 1 entities to in-memory store.
info: Microsoft.AspNetCore.Http.Result.OkObjectResult[1]
      Setting HTTP status code 200.
info: Microsoft.AspNetCore.Http.Result.OkObjectResult[3]
      Writing value of type 'PutProgressResponse' as Json.
info: Microsoft.AspNetCore.Routing.EndpointMiddleware[1]
      Executed endpoint 'HTTP: PUT syncs/progress/ =&gt; PutProgressAsync'
info: Microsoft.AspNetCore.Hosting.Diagnostics[2]
      Request finished HTTP/1.1 PUT http://localhost/syncs/progress - 200 - application/json;+charset=utf-8 133.5099ms</StdOut>
      </Output>
    </UnitTestResult>
    <UnitTestResult executionId="6a76d9b5-08f1-4f93-8a17-8691813a3951" testId="1264adfd-ff7f-8738-8b4f-c2ee71cba679" testName="Test_GetAllProgressWithoutAuth_Fails" computerName="runnervmeorf1" duration="00:00:00.0976437" startTime="2026-04-27T03:00:57.0796780+00:00" endTime="2026-04-27T03:00:57.1773981+00:00" testType="13cdc9d9-ddb5-4fa4-a97d-d965ccfc6d4b" outcome="Passed" testListId="8c84fa94-04c1-424b-9868-57a2d4851a1d" relativeResultsDirectory="6a76d9b5-08f1-4f93-8a17-8691813a3951">
      <Output>
        <StdOut>info: Microsoft.AspNetCore.DataProtection.KeyManagement.XmlKeyManager[62]
      User profile is available. Using '/home/runner/.aspnet/DataProtection-Keys' as key repository; keys will not be encrypted at rest.
info: Microsoft.EntityFrameworkCore.Update[30100]
      Saved 1 entities to in-memory store.
info: Microsoft.EntityFrameworkCore.Update[30100]
      Saved 1 entities to in-memory store.
info: Microsoft.EntityFrameworkCore.Update[30100]
      Saved 1 entities to in-memory store.
info: Microsoft.AspNetCore.Hosting.Diagnostics[1]
      Request starting HTTP/1.1 GET http://localhost/syncs/progress - - -
info: Microsoft.AspNetCore.Authorization.DefaultAuthorizationService[2]
      Authorization failed. These requirements were not met:
      DenyAnonymousAuthorizationRequirement: Requires an authenticated user.
info: ksse.Auth.KoreaderAuthHandler[12]
      AuthenticationScheme: KoreaderAuthScheme was challenged.
info: Microsoft.AspNetCore.Hosting.Diagnostics[2]
      Request finished HTTP/1.1 GET http://localhost/syncs/progress - 401 - application/json;+charset=utf-8 1.7209ms</StdOut>
      </Output>
    </UnitTestResult>
    <UnitTestResult executionId="afbe3a40-19c2-4ed0-b752-a39191b580f9" testId="19387bbc-99d0-8cea-8ff1-10b5a3767f55" testName="Test_ChangeClientHashedPasswordWithCorrectAuth_Succeeds" computerName="runnervmeorf1" duration="00:00:00.4658917" startTime="2026-04-27T03:00:56.3111055+00:00" endTime="2026-04-27T03:00:56.7771083+00:00" testType="13cdc9d9-ddb5-4fa4-a97d-d965ccfc6d4b" outcome="Passed" testListId="8c84fa94-04c1-424b-9868-57a2d4851a1d" relativeResultsDirectory="afbe3a40-19c2-4ed0-b752-a39191b580f9">
      <Output>
        <StdOut>info: Microsoft.AspNetCore.DataProtection.KeyManagement.XmlKeyManager[62]
      User profile is available. Using '/home/runner/.aspnet/DataProtection-Keys' as key repository; keys will not be encrypted at rest.
info: Microsoft.EntityFrameworkCore.Update[30100]
      Saved 1 entities to in-memory store.
info: Microsoft.AspNetCore.Hosting.Diagnostics[1]
      Request starting HTTP/1.1 POST http://localhost/users/changepassword - application/json;+charset=utf-8 -
info: Microsoft.AspNetCore.Routing.EndpointMiddleware[0]
      Executing endpoint 'HTTP: POST users/changepassword =&gt; ChangePasswordAsync'
info: Microsoft.EntityFrameworkCore.Update[30100]
      Saved 1 entities to in-memory store.
info: Microsoft.AspNetCore.Http.Result.OkObjectResult[1]
      Setting HTTP status code 200.
info: Microsoft.AspNetCore.Routing.EndpointMiddleware[1]
      Executed endpoint 'HTTP: POST users/changepassword =&gt; ChangePasswordAsync'
info: Microsoft.AspNetCore.Hosting.Diagnostics[2]
      Request finished HTTP/1.1 POST http://localhost/users/changepassword - 200 - - 258.3588ms</StdOut>
      </Output>
    </UnitTestResult>
    <UnitTestResult executionId="424a2e3f-3857-4c37-849e-66ba7c8d2b7a" testId="13a5cd0b-69fa-8c36-91a9-0fe254e7e6bd" testName="Test_PutProgressWithWrongPassword_Fails" computerName="runnervmeorf1" duration="00:00:00.1788560" startTime="2026-04-27T03:00:55.0726028+00:00" endTime="2026-04-27T03:00:55.2515466+00:00" testType="13cdc9d9-ddb5-4fa4-a97d-d965ccfc6d4b" outcome="Passed" testListId="8c84fa94-04c1-424b-9868-57a2d4851a1d" relativeResultsDirectory="424a2e3f-3857-4c37-849e-66ba7c8d2b7a">
      <Output>
        <StdOut>info: Microsoft.AspNetCore.DataProtection.KeyManagement.XmlKeyManager[62]
      User profile is available. Using '/home/runner/.aspnet/DataProtection-Keys' as key repository; keys will not be encrypted at rest.
info: Microsoft.EntityFrameworkCore.Update[30100]
      Saved 1 entities to in-memory store.
info: Microsoft.AspNetCore.Hosting.Diagnostics[1]
      Request starting HTTP/1.1 PUT http://localhost/syncs/progress - application/json;+charset=utf-8 -
info: ksse.Auth.KoreaderAuthHandler[7]
      KoreaderAuthScheme was not authenticated. Failure message: Incorrect password.
info: ksse.Auth.KoreaderAuthHandler[7]
      KoreaderAuthScheme was not authenticated. Failure message: Incorrect password.
info: Microsoft.AspNetCore.Authorization.DefaultAuthorizationService[2]
      Authorization failed. These requirements were not met:
      DenyAnonymousAuthorizationRequirement: Requires an authenticated user.
info: ksse.Auth.KoreaderAuthHandler[12]
      AuthenticationScheme: KoreaderAuthScheme was challenged.
info: Microsoft.AspNetCore.Hosting.Diagnostics[2]
      Request finished HTTP/1.1 PUT http://localhost/syncs/progress - 401 - application/json;+charset=utf-8 97.2622ms</StdOut>
      </Output>
    </UnitTestResult>
    <UnitTestResult executionId="ce2b626a-0333-4498-8c50-bc0b366cc923" testId="102c7657-8154-8238-90b7-6e32f2a18fc7" testName="Test_AuthWithNoCredentials_Fails" computerName="runnervmeorf1" duration="00:00:00.0153804" startTime="2026-04-27T03:00:55.3019027+00:00" endTime="2026-04-27T03:00:55.3173567+00:00" testType="13cdc9d9-ddb5-4fa4-a97d-d965ccfc6d4b" outcome="Passed" testListId="8c84fa94-04c1-424b-9868-57a2d4851a1d" relativeResultsDirectory="ce2b626a-0333-4498-8c50-bc0b366cc923">
      <Output>
        <StdOut>info: Microsoft.AspNetCore.DataProtection.KeyManagement.XmlKeyManager[62]
      User profile is available. Using '/home/runner/.aspnet/DataProtection-Keys' as key repository; keys will not be encrypted at rest.
info: Microsoft.AspNetCore.Hosting.Diagnostics[1]
      Request starting HTTP/1.1 GET http://localhost/users/auth - - -
info: Microsoft.AspNetCore.Authorization.DefaultAuthorizationService[2]
      Authorization failed. These requirements were not met:
      DenyAnonymousAuthorizationRequirement: Requires an authenticated user.
info: ksse.Auth.KoreaderAuthHandler[12]
      AuthenticationScheme: KoreaderAuthScheme was challenged.
info: Microsoft.AspNetCore.Hosting.Diagnostics[2]
      Request finished HTTP/1.1 GET http://localhost/users/auth - 401 - application/json;+charset=utf-8 2.3962ms</StdOut>
      </Output>
    </UnitTestResult>
    <UnitTestResult executionId="207ea8e6-7dca-4c77-b684-c5d4ac10ec6b" testId="132945f6-6e23-865e-85d1-b4595840936c" testName="Test_CreateSameUserTwice_Fails" computerName="runnervmeorf1" duration="00:00:00.1086456" startTime="2026-04-27T03:00:55.1771649+00:00" endTime="2026-04-27T03:00:55.2858835+00:00" testType="13cdc9d9-ddb5-4fa4-a97d-d965ccfc6d4b" outcome="Passed" testListId="8c84fa94-04c1-424b-9868-57a2d4851a1d" relativeResultsDirectory="207ea8e6-7dca-4c77-b684-c5d4ac10ec6b">
      <Output>
        <StdOut>info: Microsoft.AspNetCore.DataProtection.KeyManagement.XmlKeyManager[62]
      User profile is available. Using '/home/runner/.aspnet/DataProtection-Keys' as key repository; keys will not be encrypted at rest.
info: Microsoft.AspNetCore.Hosting.Diagnostics[1]
      Request starting HTTP/1.1 POST http://localhost/users/create - application/json;+charset=utf-8 -
info: Microsoft.AspNetCore.Routing.EndpointMiddleware[0]
      Executing endpoint 'HTTP: POST users/create =&gt; CreateUserAsync'
info: Microsoft.EntityFrameworkCore.Update[30100]
      Saved 1 entities to in-memory store.
info: Microsoft.AspNetCore.Http.Result.CreatedResult[1]
      Setting HTTP status code 201.
info: Microsoft.AspNetCore.Http.Result.CreatedResult[3]
      Writing value of type 'CreateUserResponse' as Json.
info: Microsoft.AspNetCore.Routing.EndpointMiddleware[1]
      Executed endpoint 'HTTP: POST users/create =&gt; CreateUserAsync'
info: Microsoft.AspNetCore.Hosting.Diagnostics[2]
      Request finished HTTP/1.1 POST http://localhost/users/create - 201 - application/json;+charset=utf-8 94.3226ms
info: Microsoft.AspNetCore.Hosting.Diagnostics[1]
      Request starting HTTP/1.1 POST http://localhost/users/create - application/json;+charset=utf-8 -
info: Microsoft.AspNetCore.Routing.EndpointMiddleware[0]
      Executing endpoint 'HTTP: POST users/create =&gt; CreateUserAsync'
info: Microsoft.AspNetCore.Http.Result.JsonResult[1]
      Setting HTTP status code 402.
info: Microsoft.AspNetCore.Http.Result.JsonResult[3]
      Writing value of type 'ErrorResponse' as Json.
info: Microsoft.AspNetCore.Routing.EndpointMiddleware[1]
      Executed endpoint 'HTTP: POST users/create =&gt; CreateUserAsync'
info: Microsoft.AspNetCore.Hosting.Diagnostics[2]
      Request finished HTTP/1.1 POST http://localhost/users/create - 402 - application/json;+charset=utf-8 3.9174ms</StdOut>
      </Output>
    </UnitTestResult>
    <UnitTestResult executionId="69f2af51-e9cc-44e2-be03-12af17fdd62a" testId="173f52f6-fe2f-8ccc-bbde-bcea11e0654f" testName="Test_DeleteUserWithCorrectAuth_Succeeds" computerName="runnervmeorf1" duration="00:00:00.2293233" startTime="2026-04-27T03:00:56.8637510+00:00" endTime="2026-04-27T03:00:57.0931726+00:00" testType="13cdc9d9-ddb5-4fa4-a97d-d965ccfc6d4b" outcome="Passed" testListId="8c84fa94-04c1-424b-9868-57a2d4851a1d" relativeResultsDirectory="69f2af51-e9cc-44e2-be03-12af17fdd62a">
      <Output>
        <StdOut>info: Microsoft.AspNetCore.DataProtection.KeyManagement.XmlKeyManager[62]
      User profile is available. Using '/home/runner/.aspnet/DataProtection-Keys' as key repository; keys will not be encrypted at rest.
info: Microsoft.EntityFrameworkCore.Update[30100]
      Saved 1 entities to in-memory store.
info: Microsoft.EntityFrameworkCore.Update[30100]
      Saved 1 entities to in-memory store.
info: Microsoft.EntityFrameworkCore.Update[30100]
      Saved 1 entities to in-memory store.
info: Microsoft.AspNetCore.Hosting.Diagnostics[1]
      Request starting HTTP/1.1 DELETE http://localhost/users - - -
info: Microsoft.AspNetCore.Routing.EndpointMiddleware[0]
      Executing endpoint 'HTTP: DELETE users/ =&gt; DeleteUserAsync'
info: Microsoft.EntityFrameworkCore.Update[30100]
      Saved 2 entities to in-memory store.
info: Microsoft.EntityFrameworkCore.Update[30100]
      Saved 1 entities to in-memory store.
info: Microsoft.AspNetCore.Http.Result.OkObjectResult[1]
      Setting HTTP status code 200.
info: Microsoft.AspNetCore.Routing.EndpointMiddleware[1]
      Executed endpoint 'HTTP: DELETE users/ =&gt; DeleteUserAsync'
info: Microsoft.AspNetCore.Hosting.Diagnostics[2]
      Request finished HTTP/1.1 DELETE http://localhost/users - 200 - - 141.1187ms</StdOut>
      </Output>
    </UnitTestResult>
    <UnitTestResult executionId="f604e159-f283-4d2a-90f6-9dd3060a24b7" testId="192886f3-f09f-8e26-9120-75957a3fea42" testName="Test_GetProgressWithCorrectAuthButNoProgressDocument_SucceedsAndReturnsEmptyObject" computerName="runnervmeorf1" duration="00:00:00.1683191" startTime="2026-04-27T03:00:56.3153582+00:00" endTime="2026-04-27T03:00:56.4837457+00:00" testType="13cdc9d9-ddb5-4fa4-a97d-d965ccfc6d4b" outcome="Passed" testListId="8c84fa94-04c1-424b-9868-57a2d4851a1d" relativeResultsDirectory="f604e159-f283-4d2a-90f6-9dd3060a24b7">
      <Output>
        <StdOut>info: Microsoft.AspNetCore.DataProtection.KeyManagement.XmlKeyManager[62]
      User profile is available. Using '/home/runner/.aspnet/DataProtection-Keys' as key repository; keys will not be encrypted at rest.
info: Microsoft.EntityFrameworkCore.Update[30100]
      Saved 1 entities to in-memory store.
info: Microsoft.AspNetCore.Hosting.Diagnostics[1]
      Request starting HTTP/1.1 GET http://localhost/syncs/progress/document - - -
info: Microsoft.AspNetCore.Routing.EndpointMiddleware[0]
      Executing endpoint 'HTTP: GET syncs/progress/{document} =&gt; GetProgressAsync'
info: Microsoft.AspNetCore.Http.Result.OkObjectResult[1]
      Setting HTTP status code 200.
info: Microsoft.AspNetCore.Http.Result.OkObjectResult[3]
      Writing value of type 'JsonObject' as Json.
info: Microsoft.AspNetCore.Routing.EndpointMiddleware[1]
      Executed endpoint 'HTTP: GET syncs/progress/{document} =&gt; GetProgressAsync'
info: Microsoft.AspNetCore.Hosting.Diagnostics[2]
      Request finished HTTP/1.1 GET http://localhost/syncs/progress/document - 200 - application/json;+charset=utf-8 84.8409ms</StdOut>
      </Output>
    </UnitTestResult>
    <UnitTestResult executionId="1dbde4cc-4973-4d7d-bc84-6da491fb9a42" testId="199f3463-3b26-8091-a133-d84de9085545" testName="Test_PutProgressTwiceWithCorrectAuth_SucceedsAndOverwrites" computerName="runnervmeorf1" duration="00:00:00.3107164" startTime="2026-04-27T03:00:55.5428464+00:00" endTime="2026-04-27T03:00:55.8536455+00:00" testType="13cdc9d9-ddb5-4fa4-a97d-d965ccfc6d4b" outcome="Passed" testListId="8c84fa94-04c1-424b-9868-57a2d4851a1d" relativeResultsDirectory="1dbde4cc-4973-4d7d-bc84-6da491fb9a42">
      <Output>
        <StdOut>info: Microsoft.AspNetCore.DataProtection.KeyManagement.XmlKeyManager[62]
      User profile is available. Using '/home/runner/.aspnet/DataProtection-Keys' as key repository; keys will not be encrypted at rest.
info: Microsoft.EntityFrameworkCore.Update[30100]
      Saved 1 entities to in-memory store.
info: Microsoft.AspNetCore.Hosting.Diagnostics[1]
      Request starting HTTP/1.1 PUT http://localhost/syncs/progress - application/json;+charset=utf-8 -
info: Microsoft.AspNetCore.Routing.EndpointMiddleware[0]
      Executing endpoint 'HTTP: PUT syncs/progress/ =&gt; PutProgressAsync'
info: Microsoft.EntityFrameworkCore.Update[30100]
      Saved 1 entities to in-memory store.
info: Microsoft.AspNetCore.Http.Result.OkObjectResult[1]
      Setting HTTP status code 200.
info: Microsoft.AspNetCore.Http.Result.OkObjectResult[3]
      Writing value of type 'PutProgressResponse' as Json.
info: Microsoft.AspNetCore.Routing.EndpointMiddleware[1]
      Executed endpoint 'HTTP: PUT syncs/progress/ =&gt; PutProgressAsync'
info: Microsoft.AspNetCore.Hosting.Diagnostics[2]
      Request finished HTTP/1.1 PUT http://localhost/syncs/progress - 200 - application/json;+charset=utf-8 75.3161ms
info: Microsoft.AspNetCore.Hosting.Diagnostics[1]
      Request starting HTTP/1.1 PUT http://localhost/syncs/progress - application/json;+charset=utf-8 -
info: Microsoft.AspNetCore.Routing.EndpointMiddleware[0]
      Executing endpoint 'HTTP: PUT syncs/progress/ =&gt; PutProgressAsync'
info: Microsoft.EntityFrameworkCore.Update[30100]
      Saved 1 entities to in-memory store.
info: Microsoft.AspNetCore.Http.Result.OkObjectResult[1]
      Setting HTTP status code 200.
info: Microsoft.AspNetCore.Http.Result.OkObjectResult[3]
      Writing value of type 'PutProgressResponse' as Json.
info: Microsoft.AspNetCore.Routing.EndpointMiddleware[1]
      Executed endpoint 'HTTP: PUT syncs/progress/ =&gt; PutProgressAsync'
info: Microsoft.AspNetCore.Hosting.Diagnostics[2]
      Request finished HTTP/1.1 PUT http://localhost/syncs/progress - 200 - application/json;+charset=utf-8 79.1589ms</StdOut>
      </Output>
    </UnitTestResult>
    <UnitTestResult executionId="8683fdc6-7966-4e29-b5b8-069d74652b78" testId="17aa2d49-4588-833f-803d-ac33704ec19b" testName="Test_GetAllProgressWithCorrectAuth_Succeeds" computerName="runnervmeorf1" duration="00:00:00.1809154" startTime="2026-04-27T03:00:57.1774312+00:00" endTime="2026-04-27T03:00:57.3601653+00:00" testType="13cdc9d9-ddb5-4fa4-a97d-d965ccfc6d4b" outcome="Passed" testListId="8c84fa94-04c1-424b-9868-57a2d4851a1d" relativeResultsDirectory="8683fdc6-7966-4e29-b5b8-069d74652b78">
      <Output>
        <StdOut>info: Microsoft.AspNetCore.DataProtection.KeyManagement.XmlKeyManager[62]
      User profile is available. Using '/home/runner/.aspnet/DataProtection-Keys' as key repository; keys will not be encrypted at rest.
info: Microsoft.EntityFrameworkCore.Update[30100]
      Saved 1 entities to in-memory store.
info: Microsoft.EntityFrameworkCore.Update[30100]
      Saved 1 entities to in-memory store.
info: Microsoft.EntityFrameworkCore.Update[30100]
      Saved 1 entities to in-memory store.
info: Microsoft.AspNetCore.Hosting.Diagnostics[1]
      Request starting HTTP/1.1 GET http://localhost/syncs/progress - - -
info: Microsoft.AspNetCore.Routing.EndpointMiddleware[0]
      Executing endpoint 'HTTP: GET syncs/progress/ =&gt; GetAllProgressAsync'
info: Microsoft.AspNetCore.Http.Result.OkObjectResult[1]
      Setting HTTP status code 200.
info: Microsoft.AspNetCore.Http.Result.OkObjectResult[3]
      Writing value of type '&lt;&lt;Select&gt;g__Impl|127_0&gt;d`2' as Json.
info: Microsoft.AspNetCore.Routing.EndpointMiddleware[1]
      Executed endpoint 'HTTP: GET syncs/progress/ =&gt; GetAllProgressAsync'
info: Microsoft.AspNetCore.Hosting.Diagnostics[2]
      Request finished HTTP/1.1 GET http://localhost/syncs/progress - 200 - application/json;+charset=utf-8 85.3569ms</StdOut>
      </Output>
    </UnitTestResult>
    <UnitTestResult executionId="ff8f869c-663e-4568-9398-acef4c6d7d75" testId="1e11a824-50f6-8f93-b2fe-0420f6201f65" testName="Test_DeleteAllProgressWithCorrectAuth_Succeeds" computerName="runnervmeorf1" duration="00:00:00.2241547" startTime="2026-04-27T03:00:56.8554065+00:00" endTime="2026-04-27T03:00:57.0796356+00:00" testType="13cdc9d9-ddb5-4fa4-a97d-d965ccfc6d4b" outcome="Passed" testListId="8c84fa94-04c1-424b-9868-57a2d4851a1d" relativeResultsDirectory="ff8f869c-663e-4568-9398-acef4c6d7d75">
      <Output>
        <StdOut>info: Microsoft.AspNetCore.DataProtection.KeyManagement.XmlKeyManager[62]
      User profile is available. Using '/home/runner/.aspnet/DataProtection-Keys' as key repository; keys will not be encrypted at rest.
info: Microsoft.EntityFrameworkCore.Update[30100]
      Saved 1 entities to in-memory store.
info: Microsoft.EntityFrameworkCore.Update[30100]
      Saved 1 entities to in-memory store.
info: Microsoft.EntityFrameworkCore.Update[30100]
      Saved 1 entities to in-memory store.
info: Microsoft.AspNetCore.Hosting.Diagnostics[1]
      Request starting HTTP/1.1 DELETE http://localhost/syncs/progress - - -
info: Microsoft.AspNetCore.Routing.EndpointMiddleware[0]
      Executing endpoint 'HTTP: DELETE syncs/progress/ =&gt; DeleteAllProgressAsync'
info: Microsoft.EntityFrameworkCore.Update[30100]
      Saved 2 entities to in-memory store.
info: Microsoft.AspNetCore.Http.Result.OkObjectResult[1]
      Setting HTTP status code 200.
info: Microsoft.AspNetCore.Routing.EndpointMiddleware[1]
      Executed endpoint 'HTTP: DELETE syncs/progress/ =&gt; DeleteAllProgressAsync'
info: Microsoft.AspNetCore.Hosting.Diagnostics[2]
      Request finished HTTP/1.1 DELETE http://localhost/syncs/progress - 200 - - 138.8689ms</StdOut>
      </Output>
    </UnitTestResult>
    <UnitTestResult executionId="59d0d2d5-176f-4a07-a8bd-f57cc77f2d46" testId="11753310-0116-811b-a9d6-9e37c130b4c9" testName="Test_DeleteProgressWithoutAuth_Fails" computerName="runnervmeorf1" duration="00:00:00.0883333" startTime="2026-04-27T03:00:56.4837863+00:00" endTime="2026-04-27T03:00:56.5721978+00:00" testType="13cdc9d9-ddb5-4fa4-a97d-d965ccfc6d4b" outcome="Passed" testListId="8c84fa94-04c1-424b-9868-57a2d4851a1d" relativeResultsDirectory="59d0d2d5-176f-4a07-a8bd-f57cc77f2d46">
      <Output>
        <StdOut>info: Microsoft.AspNetCore.DataProtection.KeyManagement.XmlKeyManager[62]
      User profile is available. Using '/home/runner/.aspnet/DataProtection-Keys' as key repository; keys will not be encrypted at rest.
info: Microsoft.EntityFrameworkCore.Update[30100]
      Saved 1 entities to in-memory store.
info: Microsoft.EntityFrameworkCore.Update[30100]
      Saved 1 entities to in-memory store.
info: Microsoft.AspNetCore.Hosting.Diagnostics[1]
      Request starting HTTP/1.1 DELETE http://localhost/syncs/progress/document - - -
info: Microsoft.AspNetCore.Authorization.DefaultAuthorizationService[2]
      Authorization failed. These requirements were not met:
      DenyAnonymousAuthorizationRequirement: Requires an authenticated user.
info: ksse.Auth.KoreaderAuthHandler[12]
      AuthenticationScheme: KoreaderAuthScheme was challenged.
info: Microsoft.AspNetCore.Hosting.Diagnostics[2]
      Request finished HTTP/1.1 DELETE http://localhost/syncs/progress/document - 401 - application/json;+charset=utf-8 2.6734ms</StdOut>
      </Output>
    </UnitTestResult>
    <UnitTestResult executionId="1af47b03-79d6-48e9-927e-bcb14484e104" testId="15201303-d604-8041-9655-9129f3963e8f" testName="Test_AuthUserWithWrongPassword_Fails" computerName="runnervmeorf1" duration="00:00:00.1742334" startTime="2026-04-27T03:00:55.3381748+00:00" endTime="2026-04-27T03:00:55.5124841+00:00" testType="13cdc9d9-ddb5-4fa4-a97d-d965ccfc6d4b" outcome="Passed" testListId="8c84fa94-04c1-424b-9868-57a2d4851a1d" relativeResultsDirectory="1af47b03-79d6-48e9-927e-bcb14484e104">
      <Output>
        <StdOut>info: Microsoft.AspNetCore.DataProtection.KeyManagement.XmlKeyManager[62]
      User profile is available. Using '/home/runner/.aspnet/DataProtection-Keys' as key repository; keys will not be encrypted at rest.
info: Microsoft.AspNetCore.Hosting.Diagnostics[1]
      Request starting HTTP/1.1 POST http://localhost/users/create - application/json;+charset=utf-8 -
info: Microsoft.AspNetCore.Routing.EndpointMiddleware[0]
      Executing endpoint 'HTTP: POST users/create =&gt; CreateUserAsync'
info: Microsoft.EntityFrameworkCore.Update[30100]
      Saved 1 entities to in-memory store.
info: Microsoft.AspNetCore.Http.Result.CreatedResult[1]
      Setting HTTP status code 201.
info: Microsoft.AspNetCore.Http.Result.CreatedResult[3]
      Writing value of type 'CreateUserResponse' as Json.
info: Microsoft.AspNetCore.Routing.EndpointMiddleware[1]
      Executed endpoint 'HTTP: POST users/create =&gt; CreateUserAsync'
info: Microsoft.AspNetCore.Hosting.Diagnostics[2]
      Request finished HTTP/1.1 POST http://localhost/users/create - 201 - application/json;+charset=utf-8 77.9112ms
info: Microsoft.AspNetCore.Hosting.Diagnostics[1]
      Request starting HTTP/1.1 GET http://localhost/users/auth - - -
info: ksse.Auth.KoreaderAuthHandler[7]
      KoreaderAuthScheme was not authenticated. Failure message: Incorrect password.
info: ksse.Auth.KoreaderAuthHandler[7]
      KoreaderAuthScheme was not authenticated. Failure message: Incorrect password.
info: Microsoft.AspNetCore.Authorization.DefaultAuthorizationService[2]
      Authorization failed. These requirements were not met:
      DenyAnonymousAuthorizationRequirement: Requires an authenticated user.
info: ksse.Auth.KoreaderAuthHandler[12]
      AuthenticationScheme: KoreaderAuthScheme was challenged.
info: Microsoft.AspNetCore.Hosting.Diagnostics[2]
      Request finished HTTP/1.1 GET http://localhost/users/auth - 401 - application/json;+charset=utf-8 85.2087ms</StdOut>
      </Output>
    </UnitTestResult>
    <UnitTestResult executionId="1e1b536b-1cb6-4ac0-ba7e-b43cebf13989" testId="17ae3335-de08-8274-abf4-82d4bda2c6e4" testName="Test_InvalidAllDatabases_ReturnsServiceUnavailable" computerName="runnervmeorf1" duration="00:00:00.0162675" startTime="2026-04-27T03:00:55.1144524+00:00" endTime="2026-04-27T03:00:55.1324764+00:00" testType="13cdc9d9-ddb5-4fa4-a97d-d965ccfc6d4b" outcome="Passed" testListId="8c84fa94-04c1-424b-9868-57a2d4851a1d" relativeResultsDirectory="1e1b536b-1cb6-4ac0-ba7e-b43cebf13989">
      <Output>
        <StdOut>info: Microsoft.AspNetCore.DataProtection.KeyManagement.XmlKeyManager[62]
      User profile is available. Using '/home/runner/.aspnet/DataProtection-Keys' as key repository; keys will not be encrypted at rest.
info: Microsoft.AspNetCore.Hosting.Diagnostics[1]
      Request starting HTTP/1.1 GET http://localhost/healthcheck - - -
info: Microsoft.AspNetCore.Routing.EndpointMiddleware[0]
      Executing endpoint 'Health checks'
fail: Microsoft.Extensions.Diagnostics.HealthChecks.DefaultHealthCheckService[103]
      Health check ProgressDbContext with status Unhealthy completed after 0.4721ms with message '(null)'
fail: Microsoft.Extensions.Diagnostics.HealthChecks.DefaultHealthCheckService[103]
      Health check UsersDbContext with status Unhealthy completed after 0.4267ms with message '(null)'
info: Microsoft.AspNetCore.Routing.EndpointMiddleware[1]
      Executed endpoint 'Health checks'
info: Microsoft.AspNetCore.Hosting.Diagnostics[2]
      Request finished HTTP/1.1 GET http://localhost/healthcheck - 503 - - 3.4418ms</StdOut>
      </Output>
    </UnitTestResult>
    <UnitTestResult executionId="b674e58e-ad2a-4784-a2d9-5ea95e60b36a" testId="16a2fc19-c0ac-83d7-b922-04ebb0e0c8fe" testName="Test_ChangePasswordWithCorrectAuth_Succeeds" computerName="runnervmeorf1" duration="00:00:00.4647874" startTime="2026-04-27T03:00:55.8461754+00:00" endTime="2026-04-27T03:00:56.3110578+00:00" testType="13cdc9d9-ddb5-4fa4-a97d-d965ccfc6d4b" outcome="Passed" testListId="8c84fa94-04c1-424b-9868-57a2d4851a1d" relativeResultsDirectory="b674e58e-ad2a-4784-a2d9-5ea95e60b36a">
      <Output>
        <StdOut>info: Microsoft.AspNetCore.DataProtection.KeyManagement.XmlKeyManager[62]
      User profile is available. Using '/home/runner/.aspnet/DataProtection-Keys' as key repository; keys will not be encrypted at rest.
info: Microsoft.EntityFrameworkCore.Update[30100]
      Saved 1 entities to in-memory store.
info: Microsoft.AspNetCore.Hosting.Diagnostics[1]
      Request starting HTTP/1.1 POST http://localhost/users/changepassword - application/json;+charset=utf-8 -
info: Microsoft.AspNetCore.Routing.EndpointMiddleware[0]
      Executing endpoint 'HTTP: POST users/changepassword =&gt; ChangePasswordAsync'
info: Microsoft.EntityFrameworkCore.Update[30100]
      Saved 1 entities to in-memory store.
info: Microsoft.AspNetCore.Http.Result.OkObjectResult[1]
      Setting HTTP status code 200.
info: Microsoft.AspNetCore.Routing.EndpointMiddleware[1]
      Executed endpoint 'HTTP: POST users/changepassword =&gt; ChangePasswordAsync'
info: Microsoft.AspNetCore.Hosting.Diagnostics[2]
      Request finished HTTP/1.1 POST http://localhost/users/changepassword - 200 - - 238.4797ms</StdOut>
      </Output>
    </UnitTestResult>
  </Results>
  <TestDefinitions>
    <UnitTest name="Test_AuthWithNoCredentials_Fails" storage="/home/runner/work/dotnet-monorepo/dotnet-monorepo/src/artifacts/bin/ksse.tests/release_linux-x64/ksse.tests.dll" id="102c7657-8154-8238-90b7-6e32f2a18fc7">
      <Execution id="ce2b626a-0333-4498-8c50-bc0b366cc923" />
      <TestMethod codeBase="/home/runner/work/dotnet-monorepo/dotnet-monorepo/src/artifacts/bin/ksse.Tests/release_linux-x64/ksse.Tests.dll" adapterTypeName="executor://mstestadapter/v4" className="ksse.Tests.UsersTests" name="Test_AuthWithNoCredentials_Fails" />
    </UnitTest>
    <UnitTest name="Test_CreateSameUserTwice_Fails" storage="/home/runner/work/dotnet-monorepo/dotnet-monorepo/src/artifacts/bin/ksse.tests/release_linux-x64/ksse.tests.dll" id="132945f6-6e23-865e-85d1-b4595840936c">
      <Execution id="207ea8e6-7dca-4c77-b684-c5d4ac10ec6b" />
      <TestMethod codeBase="/home/runner/work/dotnet-monorepo/dotnet-monorepo/src/artifacts/bin/ksse.Tests/release_linux-x64/ksse.Tests.dll" adapterTypeName="executor://mstestadapter/v4" className="ksse.Tests.UsersTests" name="Test_CreateSameUserTwice_Fails" />
    </UnitTest>
    <UnitTest name="Test_GetAllProgressWithCorrectAuth_Succeeds" storage="/home/runner/work/dotnet-monorepo/dotnet-monorepo/src/artifacts/bin/ksse.tests/release_linux-x64/ksse.tests.dll" id="17aa2d49-4588-833f-803d-ac33704ec19b">
      <Execution id="8683fdc6-7966-4e29-b5b8-069d74652b78" />
      <TestMethod codeBase="/home/runner/work/dotnet-monorepo/dotnet-monorepo/src/artifacts/bin/ksse.Tests/release_linux-x64/ksse.Tests.dll" adapterTypeName="executor://mstestadapter/v4" className="ksse.Tests.ProgressTests" name="Test_GetAllProgressWithCorrectAuth_Succeeds" />
    </UnitTest>
    <UnitTest name="Test_ChangePasswordWithoutAuth_Fails" storage="/home/runner/work/dotnet-monorepo/dotnet-monorepo/src/artifacts/bin/ksse.tests/release_linux-x64/ksse.tests.dll" id="155446e3-8a34-83e5-aee6-75e105570957">
      <Execution id="e3382a16-8a56-44ea-b7bd-9fa8efe62120" />
      <TestMethod codeBase="/home/runner/work/dotnet-monorepo/dotnet-monorepo/src/artifacts/bin/ksse.Tests/release_linux-x64/ksse.Tests.dll" adapterTypeName="executor://mstestadapter/v4" className="ksse.Tests.UsersTests" name="Test_ChangePasswordWithoutAuth_Fails" />
    </UnitTest>
    <UnitTest name="Test_GetAllProgressWithoutAuth_Fails" storage="/home/runner/work/dotnet-monorepo/dotnet-monorepo/src/artifacts/bin/ksse.tests/release_linux-x64/ksse.tests.dll" id="1264adfd-ff7f-8738-8b4f-c2ee71cba679">
      <Execution id="6a76d9b5-08f1-4f93-8a17-8691813a3951" />
      <TestMethod codeBase="/home/runner/work/dotnet-monorepo/dotnet-monorepo/src/artifacts/bin/ksse.Tests/release_linux-x64/ksse.Tests.dll" adapterTypeName="executor://mstestadapter/v4" className="ksse.Tests.ProgressTests" name="Test_GetAllProgressWithoutAuth_Fails" />
    </UnitTest>
    <UnitTest name="Test_DeleteUserWithCorrectAuth_Succeeds" storage="/home/runner/work/dotnet-monorepo/dotnet-monorepo/src/artifacts/bin/ksse.tests/release_linux-x64/ksse.tests.dll" id="173f52f6-fe2f-8ccc-bbde-bcea11e0654f">
      <Execution id="69f2af51-e9cc-44e2-be03-12af17fdd62a" />
      <TestMethod codeBase="/home/runner/work/dotnet-monorepo/dotnet-monorepo/src/artifacts/bin/ksse.Tests/release_linux-x64/ksse.Tests.dll" adapterTypeName="executor://mstestadapter/v4" className="ksse.Tests.UsersTests" name="Test_DeleteUserWithCorrectAuth_Succeeds" />
    </UnitTest>
    <UnitTest name="Test_PutProgressWithWrongPassword_Fails" storage="/home/runner/work/dotnet-monorepo/dotnet-monorepo/src/artifacts/bin/ksse.tests/release_linux-x64/ksse.tests.dll" id="13a5cd0b-69fa-8c36-91a9-0fe254e7e6bd">
      <Execution id="424a2e3f-3857-4c37-849e-66ba7c8d2b7a" />
      <TestMethod codeBase="/home/runner/work/dotnet-monorepo/dotnet-monorepo/src/artifacts/bin/ksse.Tests/release_linux-x64/ksse.Tests.dll" adapterTypeName="executor://mstestadapter/v4" className="ksse.Tests.ProgressTests" name="Test_PutProgressWithWrongPassword_Fails" />
    </UnitTest>
    <UnitTest name="Test_DeleteProgressWithCorrectAuth_Succeeds" storage="/home/runner/work/dotnet-monorepo/dotnet-monorepo/src/artifacts/bin/ksse.tests/release_linux-x64/ksse.tests.dll" id="137e5dc7-696f-82d0-9be2-c99e006bbf79">
      <Execution id="dfd5a837-3b69-4b0d-9094-979253b8dc5f" />
      <TestMethod codeBase="/home/runner/work/dotnet-monorepo/dotnet-monorepo/src/artifacts/bin/ksse.Tests/release_linux-x64/ksse.Tests.dll" adapterTypeName="executor://mstestadapter/v4" className="ksse.Tests.ProgressTests" name="Test_DeleteProgressWithCorrectAuth_Succeeds" />
    </UnitTest>
    <UnitTest name="Test_AuthNonExistentUser_Fails" storage="/home/runner/work/dotnet-monorepo/dotnet-monorepo/src/artifacts/bin/ksse.tests/release_linux-x64/ksse.tests.dll" id="1724032a-64f1-8808-bb42-6938d7db544f">
      <Execution id="6abe80bc-8687-45bc-a8c1-0ea026aa3a04" />
      <TestMethod codeBase="/home/runner/work/dotnet-monorepo/dotnet-monorepo/src/artifacts/bin/ksse.Tests/release_linux-x64/ksse.Tests.dll" adapterTypeName="executor://mstestadapter/v4" className="ksse.Tests.UsersTests" name="Test_AuthNonExistentUser_Fails" />
    </UnitTest>
    <UnitTest name="Test_GetProgressWithCorrectAuth_Succeeds" storage="/home/runner/work/dotnet-monorepo/dotnet-monorepo/src/artifacts/bin/ksse.tests/release_linux-x64/ksse.tests.dll" id="16a1c27b-d16e-8bad-a515-82515bf126eb">
      <Execution id="40d879a1-fb03-4da3-9237-64c0ff6e6767" />
      <TestMethod codeBase="/home/runner/work/dotnet-monorepo/dotnet-monorepo/src/artifacts/bin/ksse.Tests/release_linux-x64/ksse.Tests.dll" adapterTypeName="executor://mstestadapter/v4" className="ksse.Tests.ProgressTests" name="Test_GetProgressWithCorrectAuth_Succeeds" />
    </UnitTest>
    <UnitTest name="Test_PutProgressWithoutAuth_Fails" storage="/home/runner/work/dotnet-monorepo/dotnet-monorepo/src/artifacts/bin/ksse.tests/release_linux-x64/ksse.tests.dll" id="112f889c-6e0f-89cb-a5bb-7e10d8d74f0f">
      <Execution id="e5c35ee3-cc42-41a3-b834-ef1042eb7220" />
      <TestMethod codeBase="/home/runner/work/dotnet-monorepo/dotnet-monorepo/src/artifacts/bin/ksse.Tests/release_linux-x64/ksse.Tests.dll" adapterTypeName="executor://mstestadapter/v4" className="ksse.Tests.ProgressTests" name="Test_PutProgressWithoutAuth_Fails" />
    </UnitTest>
    <UnitTest name="Test_PutProgressWithCorrectAuth_Succeeds" storage="/home/runner/work/dotnet-monorepo/dotnet-monorepo/src/artifacts/bin/ksse.tests/release_linux-x64/ksse.tests.dll" id="1fcc2f72-d833-84dc-a917-4405961190c3">
      <Execution id="076c7483-e53a-4fb3-880e-a5a8da6ef36b" />
      <TestMethod codeBase="/home/runner/work/dotnet-monorepo/dotnet-monorepo/src/artifacts/bin/ksse.Tests/release_linux-x64/ksse.Tests.dll" adapterTypeName="executor://mstestadapter/v4" className="ksse.Tests.ProgressTests" name="Test_PutProgressWithCorrectAuth_Succeeds" />
    </UnitTest>
    <UnitTest name="Test_ValidDatabases_ReturnsOkState" storage="/home/runner/work/dotnet-monorepo/dotnet-monorepo/src/artifacts/bin/ksse.tests/release_linux-x64/ksse.tests.dll" id="1af89287-99f5-876a-b55a-701f9eb5be7c">
      <Execution id="691dadae-e81f-415b-92be-7a051490911a" />
      <TestMethod codeBase="/home/runner/work/dotnet-monorepo/dotnet-monorepo/src/artifacts/bin/ksse.Tests/release_linux-x64/ksse.Tests.dll" adapterTypeName="executor://mstestadapter/v4" className="ksse.Tests.HealthTests" name="Test_ValidDatabases_ReturnsOkState" />
    </UnitTest>
    <UnitTest name="Test_PutProgressTwiceWithCorrectAuth_SucceedsAndOverwrites" storage="/home/runner/work/dotnet-monorepo/dotnet-monorepo/src/artifacts/bin/ksse.tests/release_linux-x64/ksse.tests.dll" id="199f3463-3b26-8091-a133-d84de9085545">
      <Execution id="1dbde4cc-4973-4d7d-bc84-6da491fb9a42" />
      <TestMethod codeBase="/home/runner/work/dotnet-monorepo/dotnet-monorepo/src/artifacts/bin/ksse.Tests/release_linux-x64/ksse.Tests.dll" adapterTypeName="executor://mstestadapter/v4" className="ksse.Tests.ProgressTests" name="Test_PutProgressTwiceWithCorrectAuth_SucceedsAndOverwrites" />
    </UnitTest>
    <UnitTest name="Test_DeleteProgressWithoutAuth_Fails" storage="/home/runner/work/dotnet-monorepo/dotnet-monorepo/src/artifacts/bin/ksse.tests/release_linux-x64/ksse.tests.dll" id="11753310-0116-811b-a9d6-9e37c130b4c9">
      <Execution id="59d0d2d5-176f-4a07-a8bd-f57cc77f2d46" />
      <TestMethod codeBase="/home/runner/work/dotnet-monorepo/dotnet-monorepo/src/artifacts/bin/ksse.Tests/release_linux-x64/ksse.Tests.dll" adapterTypeName="executor://mstestadapter/v4" className="ksse.Tests.ProgressTests" name="Test_DeleteProgressWithoutAuth_Fails" />
    </UnitTest>
    <UnitTest name="Test_GetProgressWithWrongPassword_Fails" storage="/home/runner/work/dotnet-monorepo/dotnet-monorepo/src/artifacts/bin/ksse.tests/release_linux-x64/ksse.tests.dll" id="1f4f93a2-a1d4-8964-a870-128e9bd4cfdb">
      <Execution id="dc300221-86a4-43ea-9efa-38b5ad6ef5fd" />
      <TestMethod codeBase="/home/runner/work/dotnet-monorepo/dotnet-monorepo/src/artifacts/bin/ksse.Tests/release_linux-x64/ksse.Tests.dll" adapterTypeName="executor://mstestadapter/v4" className="ksse.Tests.ProgressTests" name="Test_GetProgressWithWrongPassword_Fails" />
    </UnitTest>
    <UnitTest name="Test_ChangeClientHashedPasswordWithCorrectAuth_Succeeds" storage="/home/runner/work/dotnet-monorepo/dotnet-monorepo/src/artifacts/bin/ksse.tests/release_linux-x64/ksse.tests.dll" id="19387bbc-99d0-8cea-8ff1-10b5a3767f55">
      <Execution id="afbe3a40-19c2-4ed0-b752-a39191b580f9" />
      <TestMethod codeBase="/home/runner/work/dotnet-monorepo/dotnet-monorepo/src/artifacts/bin/ksse.Tests/release_linux-x64/ksse.Tests.dll" adapterTypeName="executor://mstestadapter/v4" className="ksse.Tests.UsersTests" name="Test_ChangeClientHashedPasswordWithCorrectAuth_Succeeds" />
    </UnitTest>
    <UnitTest name="Test_GetProgressWithoutAuth_Fails" storage="/home/runner/work/dotnet-monorepo/dotnet-monorepo/src/artifacts/bin/ksse.tests/release_linux-x64/ksse.tests.dll" id="1908a3f0-f0f0-88c2-a93c-83a990030485">
      <Execution id="e3529dc3-7eda-4101-8d52-e83438dae2af" />
      <TestMethod codeBase="/home/runner/work/dotnet-monorepo/dotnet-monorepo/src/artifacts/bin/ksse.Tests/release_linux-x64/ksse.Tests.dll" adapterTypeName="executor://mstestadapter/v4" className="ksse.Tests.ProgressTests" name="Test_GetProgressWithoutAuth_Fails" />
    </UnitTest>
    <UnitTest name="Test_DeleteAllProgressWithCorrectAuth_Succeeds" storage="/home/runner/work/dotnet-monorepo/dotnet-monorepo/src/artifacts/bin/ksse.tests/release_linux-x64/ksse.tests.dll" id="1e11a824-50f6-8f93-b2fe-0420f6201f65">
      <Execution id="ff8f869c-663e-4568-9398-acef4c6d7d75" />
      <TestMethod codeBase="/home/runner/work/dotnet-monorepo/dotnet-monorepo/src/artifacts/bin/ksse.Tests/release_linux-x64/ksse.Tests.dll" adapterTypeName="executor://mstestadapter/v4" className="ksse.Tests.ProgressTests" name="Test_DeleteAllProgressWithCorrectAuth_Succeeds" />
    </UnitTest>
    <UnitTest name="Test_GetProgressWithCorrectAuthButNoProgressDocument_SucceedsAndReturnsEmptyObject" storage="/home/runner/work/dotnet-monorepo/dotnet-monorepo/src/artifacts/bin/ksse.tests/release_linux-x64/ksse.tests.dll" id="192886f3-f09f-8e26-9120-75957a3fea42">
      <Execution id="f604e159-f283-4d2a-90f6-9dd3060a24b7" />
      <TestMethod codeBase="/home/runner/work/dotnet-monorepo/dotnet-monorepo/src/artifacts/bin/ksse.Tests/release_linux-x64/ksse.Tests.dll" adapterTypeName="executor://mstestadapter/v4" className="ksse.Tests.ProgressTests" name="Test_GetProgressWithCorrectAuthButNoProgressDocument_SucceedsAndReturnsEmptyObject" />
    </UnitTest>
    <UnitTest name="Test_InvalidAllDatabases_ReturnsServiceUnavailable" storage="/home/runner/work/dotnet-monorepo/dotnet-monorepo/src/artifacts/bin/ksse.tests/release_linux-x64/ksse.tests.dll" id="17ae3335-de08-8274-abf4-82d4bda2c6e4">
      <Execution id="1e1b536b-1cb6-4ac0-ba7e-b43cebf13989" />
      <TestMethod codeBase="/home/runner/work/dotnet-monorepo/dotnet-monorepo/src/artifacts/bin/ksse.Tests/release_linux-x64/ksse.Tests.dll" adapterTypeName="executor://mstestadapter/v4" className="ksse.Tests.HealthTests" name="Test_InvalidAllDatabases_ReturnsServiceUnavailable" />
    </UnitTest>
    <UnitTest name="Test_CreateSingleUser_Succeeds" storage="/home/runner/work/dotnet-monorepo/dotnet-monorepo/src/artifacts/bin/ksse.tests/release_linux-x64/ksse.tests.dll" id="1df49f38-1207-8a30-88a1-aaca5355f62a">
      <Execution id="e5e91885-4437-4885-8104-80f959a86de3" />
      <TestMethod codeBase="/home/runner/work/dotnet-monorepo/dotnet-monorepo/src/artifacts/bin/ksse.Tests/release_linux-x64/ksse.Tests.dll" adapterTypeName="executor://mstestadapter/v4" className="ksse.Tests.UsersTests" name="Test_CreateSingleUser_Succeeds" />
    </UnitTest>
    <UnitTest name="Test_AuthUserWithWrongPassword_Fails" storage="/home/runner/work/dotnet-monorepo/dotnet-monorepo/src/artifacts/bin/ksse.tests/release_linux-x64/ksse.tests.dll" id="15201303-d604-8041-9655-9129f3963e8f">
      <Execution id="1af47b03-79d6-48e9-927e-bcb14484e104" />
      <TestMethod codeBase="/home/runner/work/dotnet-monorepo/dotnet-monorepo/src/artifacts/bin/ksse.Tests/release_linux-x64/ksse.Tests.dll" adapterTypeName="executor://mstestadapter/v4" className="ksse.Tests.UsersTests" name="Test_AuthUserWithWrongPassword_Fails" />
    </UnitTest>
    <UnitTest name="Test_AuthUserWithCorrectAuth_Succeeds" storage="/home/runner/work/dotnet-monorepo/dotnet-monorepo/src/artifacts/bin/ksse.tests/release_linux-x64/ksse.tests.dll" id="186d133a-e1bb-8efe-8510-063deb350373">
      <Execution id="8ceda72a-144e-48f1-814f-78c359243379" />
      <TestMethod codeBase="/home/runner/work/dotnet-monorepo/dotnet-monorepo/src/artifacts/bin/ksse.Tests/release_linux-x64/ksse.Tests.dll" adapterTypeName="executor://mstestadapter/v4" className="ksse.Tests.UsersTests" name="Test_AuthUserWithCorrectAuth_Succeeds" />
    </UnitTest>
    <UnitTest name="Test_InvalidUsersDatabase_ReturnsServiceUnavailable" storage="/home/runner/work/dotnet-monorepo/dotnet-monorepo/src/artifacts/bin/ksse.tests/release_linux-x64/ksse.tests.dll" id="12be7870-acca-8189-83ba-8c71522f628a">
      <Execution id="e6f4df2d-8ec9-42ca-8fe3-622ab88fb47f" />
      <TestMethod codeBase="/home/runner/work/dotnet-monorepo/dotnet-monorepo/src/artifacts/bin/ksse.Tests/release_linux-x64/ksse.Tests.dll" adapterTypeName="executor://mstestadapter/v4" className="ksse.Tests.HealthTests" name="Test_InvalidUsersDatabase_ReturnsServiceUnavailable" />
    </UnitTest>
    <UnitTest name="Test_InvalidProgressDatabase_ReturnsServiceUnavailable" storage="/home/runner/work/dotnet-monorepo/dotnet-monorepo/src/artifacts/bin/ksse.tests/release_linux-x64/ksse.tests.dll" id="1542a3bb-7a8a-8712-8727-d3cbb815d2f3">
      <Execution id="30a93fc6-8a03-487a-b443-1c77ad7c5971" />
      <TestMethod codeBase="/home/runner/work/dotnet-monorepo/dotnet-monorepo/src/artifacts/bin/ksse.Tests/release_linux-x64/ksse.Tests.dll" adapterTypeName="executor://mstestadapter/v4" className="ksse.Tests.HealthTests" name="Test_InvalidProgressDatabase_ReturnsServiceUnavailable" />
    </UnitTest>
    <UnitTest name="Test_DeleteUserWithoutAuth_Fails" storage="/home/runner/work/dotnet-monorepo/dotnet-monorepo/src/artifacts/bin/ksse.tests/release_linux-x64/ksse.tests.dll" id="108ef64b-0942-857b-8a32-d8eeac5741d3">
      <Execution id="28512897-13a1-4078-9371-b94d5c78b468" />
      <TestMethod codeBase="/home/runner/work/dotnet-monorepo/dotnet-monorepo/src/artifacts/bin/ksse.Tests/release_linux-x64/ksse.Tests.dll" adapterTypeName="executor://mstestadapter/v4" className="ksse.Tests.UsersTests" name="Test_DeleteUserWithoutAuth_Fails" />
    </UnitTest>
    <UnitTest name="Test_DeleteAllProgressWithoutAuth_Fails" storage="/home/runner/work/dotnet-monorepo/dotnet-monorepo/src/artifacts/bin/ksse.tests/release_linux-x64/ksse.tests.dll" id="15f5f23a-ae14-8d39-9383-0afe8eefc855">
      <Execution id="f4c123bb-acdc-46d7-a6bb-128069561d3a" />
      <TestMethod codeBase="/home/runner/work/dotnet-monorepo/dotnet-monorepo/src/artifacts/bin/ksse.Tests/release_linux-x64/ksse.Tests.dll" adapterTypeName="executor://mstestadapter/v4" className="ksse.Tests.ProgressTests" name="Test_DeleteAllProgressWithoutAuth_Fails" />
    </UnitTest>
    <UnitTest name="Test_CreateUserWhenFeatureIsDisabled_Fails" storage="/home/runner/work/dotnet-monorepo/dotnet-monorepo/src/artifacts/bin/ksse.tests/release_linux-x64/ksse.tests.dll" id="161fc569-3369-86c1-8e0d-6c373c25ff0b">
      <Execution id="8c202bd8-739e-4f2c-b77b-c20de59ffa6d" />
      <TestMethod codeBase="/home/runner/work/dotnet-monorepo/dotnet-monorepo/src/artifacts/bin/ksse.Tests/release_linux-x64/ksse.Tests.dll" adapterTypeName="executor://mstestadapter/v4" className="ksse.Tests.UsersTests" name="Test_CreateUserWhenFeatureIsDisabled_Fails" />
    </UnitTest>
    <UnitTest name="Test_ChangePasswordWithCorrectAuth_Succeeds" storage="/home/runner/work/dotnet-monorepo/dotnet-monorepo/src/artifacts/bin/ksse.tests/release_linux-x64/ksse.tests.dll" id="16a2fc19-c0ac-83d7-b922-04ebb0e0c8fe">
      <Execution id="b674e58e-ad2a-4784-a2d9-5ea95e60b36a" />
      <TestMethod codeBase="/home/runner/work/dotnet-monorepo/dotnet-monorepo/src/artifacts/bin/ksse.Tests/release_linux-x64/ksse.Tests.dll" adapterTypeName="executor://mstestadapter/v4" className="ksse.Tests.UsersTests" name="Test_ChangePasswordWithCorrectAuth_Succeeds" />
    </UnitTest>
  </TestDefinitions>
  <TestEntries>
    <TestEntry testId="1f4f93a2-a1d4-8964-a870-128e9bd4cfdb" executionId="dc300221-86a4-43ea-9efa-38b5ad6ef5fd" testListId="8c84fa94-04c1-424b-9868-57a2d4851a1d" />
    <TestEntry testId="137e5dc7-696f-82d0-9be2-c99e006bbf79" executionId="dfd5a837-3b69-4b0d-9094-979253b8dc5f" testListId="8c84fa94-04c1-424b-9868-57a2d4851a1d" />
    <TestEntry testId="1542a3bb-7a8a-8712-8727-d3cbb815d2f3" executionId="30a93fc6-8a03-487a-b443-1c77ad7c5971" testListId="8c84fa94-04c1-424b-9868-57a2d4851a1d" />
    <TestEntry testId="161fc569-3369-86c1-8e0d-6c373c25ff0b" executionId="8c202bd8-739e-4f2c-b77b-c20de59ffa6d" testListId="8c84fa94-04c1-424b-9868-57a2d4851a1d" />
    <TestEntry testId="108ef64b-0942-857b-8a32-d8eeac5741d3" executionId="28512897-13a1-4078-9371-b94d5c78b468" testListId="8c84fa94-04c1-424b-9868-57a2d4851a1d" />
    <TestEntry testId="16a1c27b-d16e-8bad-a515-82515bf126eb" executionId="40d879a1-fb03-4da3-9237-64c0ff6e6767" testListId="8c84fa94-04c1-424b-9868-57a2d4851a1d" />
    <TestEntry testId="1af89287-99f5-876a-b55a-701f9eb5be7c" executionId="691dadae-e81f-415b-92be-7a051490911a" testListId="8c84fa94-04c1-424b-9868-57a2d4851a1d" />
    <TestEntry testId="12be7870-acca-8189-83ba-8c71522f628a" executionId="e6f4df2d-8ec9-42ca-8fe3-622ab88fb47f" testListId="8c84fa94-04c1-424b-9868-57a2d4851a1d" />
    <TestEntry testId="15f5f23a-ae14-8d39-9383-0afe8eefc855" executionId="f4c123bb-acdc-46d7-a6bb-128069561d3a" testListId="8c84fa94-04c1-424b-9868-57a2d4851a1d" />
    <TestEntry testId="112f889c-6e0f-89cb-a5bb-7e10d8d74f0f" executionId="e5c35ee3-cc42-41a3-b834-ef1042eb7220" testListId="8c84fa94-04c1-424b-9868-57a2d4851a1d" />
    <TestEntry testId="1df49f38-1207-8a30-88a1-aaca5355f62a" executionId="e5e91885-4437-4885-8104-80f959a86de3" testListId="8c84fa94-04c1-424b-9868-57a2d4851a1d" />
    <TestEntry testId="155446e3-8a34-83e5-aee6-75e105570957" executionId="e3382a16-8a56-44ea-b7bd-9fa8efe62120" testListId="8c84fa94-04c1-424b-9868-57a2d4851a1d" />
    <TestEntry testId="1724032a-64f1-8808-bb42-6938d7db544f" executionId="6abe80bc-8687-45bc-a8c1-0ea026aa3a04" testListId="8c84fa94-04c1-424b-9868-57a2d4851a1d" />
    <TestEntry testId="1908a3f0-f0f0-88c2-a93c-83a990030485" executionId="e3529dc3-7eda-4101-8d52-e83438dae2af" testListId="8c84fa94-04c1-424b-9868-57a2d4851a1d" />
    <TestEntry testId="186d133a-e1bb-8efe-8510-063deb350373" executionId="8ceda72a-144e-48f1-814f-78c359243379" testListId="8c84fa94-04c1-424b-9868-57a2d4851a1d" />
    <TestEntry testId="1fcc2f72-d833-84dc-a917-4405961190c3" executionId="076c7483-e53a-4fb3-880e-a5a8da6ef36b" testListId="8c84fa94-04c1-424b-9868-57a2d4851a1d" />
    <TestEntry testId="1264adfd-ff7f-8738-8b4f-c2ee71cba679" executionId="6a76d9b5-08f1-4f93-8a17-8691813a3951" testListId="8c84fa94-04c1-424b-9868-57a2d4851a1d" />
    <TestEntry testId="19387bbc-99d0-8cea-8ff1-10b5a3767f55" executionId="afbe3a40-19c2-4ed0-b752-a39191b580f9" testListId="8c84fa94-04c1-424b-9868-57a2d4851a1d" />
    <TestEntry testId="13a5cd0b-69fa-8c36-91a9-0fe254e7e6bd" executionId="424a2e3f-3857-4c37-849e-66ba7c8d2b7a" testListId="8c84fa94-04c1-424b-9868-57a2d4851a1d" />
    <TestEntry testId="102c7657-8154-8238-90b7-6e32f2a18fc7" executionId="ce2b626a-0333-4498-8c50-bc0b366cc923" testListId="8c84fa94-04c1-424b-9868-57a2d4851a1d" />
    <TestEntry testId="132945f6-6e23-865e-85d1-b4595840936c" executionId="207ea8e6-7dca-4c77-b684-c5d4ac10ec6b" testListId="8c84fa94-04c1-424b-9868-57a2d4851a1d" />
    <TestEntry testId="173f52f6-fe2f-8ccc-bbde-bcea11e0654f" executionId="69f2af51-e9cc-44e2-be03-12af17fdd62a" testListId="8c84fa94-04c1-424b-9868-57a2d4851a1d" />
    <TestEntry testId="192886f3-f09f-8e26-9120-75957a3fea42" executionId="f604e159-f283-4d2a-90f6-9dd3060a24b7" testListId="8c84fa94-04c1-424b-9868-57a2d4851a1d" />
    <TestEntry testId="199f3463-3b26-8091-a133-d84de9085545" executionId="1dbde4cc-4973-4d7d-bc84-6da491fb9a42" testListId="8c84fa94-04c1-424b-9868-57a2d4851a1d" />
    <TestEntry testId="17aa2d49-4588-833f-803d-ac33704ec19b" executionId="8683fdc6-7966-4e29-b5b8-069d74652b78" testListId="8c84fa94-04c1-424b-9868-57a2d4851a1d" />
    <TestEntry testId="1e11a824-50f6-8f93-b2fe-0420f6201f65" executionId="ff8f869c-663e-4568-9398-acef4c6d7d75" testListId="8c84fa94-04c1-424b-9868-57a2d4851a1d" />
    <TestEntry testId="11753310-0116-811b-a9d6-9e37c130b4c9" executionId="59d0d2d5-176f-4a07-a8bd-f57cc77f2d46" testListId="8c84fa94-04c1-424b-9868-57a2d4851a1d" />
    <TestEntry testId="15201303-d604-8041-9655-9129f3963e8f" executionId="1af47b03-79d6-48e9-927e-bcb14484e104" testListId="8c84fa94-04c1-424b-9868-57a2d4851a1d" />
    <TestEntry testId="17ae3335-de08-8274-abf4-82d4bda2c6e4" executionId="1e1b536b-1cb6-4ac0-ba7e-b43cebf13989" testListId="8c84fa94-04c1-424b-9868-57a2d4851a1d" />
    <TestEntry testId="16a2fc19-c0ac-83d7-b922-04ebb0e0c8fe" executionId="b674e58e-ad2a-4784-a2d9-5ea95e60b36a" testListId="8c84fa94-04c1-424b-9868-57a2d4851a1d" />
  </TestEntries>
  <TestLists>
    <TestList name="Results Not in a List" id="8c84fa94-04c1-424b-9868-57a2d4851a1d" />
    <TestList name="All Loaded Results" id="19431567-8539-422a-85d7-44ee4e166bda" />
  </TestLists>
  <ResultSummary outcome="Completed">
    <Counters total="30" executed="30" passed="30" failed="0" error="0" timeout="0" aborted="0" inconclusive="0" passedButRunAborted="0" notRunnable="0" notExecuted="0" disconnected="0" warning="0" completed="0" inProgress="0" pending="0" />
    <Output>
      <StdOut>Test Parallelization enabled for /home/runner/work/dotnet-monorepo/dotnet-monorepo/src/artifacts/bin/ksse.Tests/release_linux-x64/ksse.Tests.dll (Workers: 4, Scope: ClassLevel)
</StdOut>
    </Output>
  </ResultSummary>
</TestRun>