<?xml version="1.0" encoding="utf-8"?>
<TestRun id="716ba364-cc25-4378-a4eb-051c0a9f3412" name="@runnervm7b5n9 2026-06-20 18:44:30" xmlns="http://microsoft.com/schemas/VisualStudio/TeamTest/2010">
  <Times creation="2026-06-20T18:44:30.0160539+00:00" queuing="2026-06-20T18:44:30.0160540+00:00" start="2026-06-20T18:44:28.2099638+00:00" finish="2026-06-20T18:44:32.0245552+00:00" />
  <TestSettings name="default" id="f964f4a4-7f87-4af9-af09-3bb56e2b2449">
    <Deployment runDeploymentRoot="_runnervm7b5n9_2026-06-20_18_44_30" />
  </TestSettings>
  <Results>
    <UnitTestResult executionId="c3b44ef7-d986-4b11-8473-a14a2f3dcbac" testId="102c7657-8154-8238-90b7-6e32f2a18fc7" testName="Test_AuthWithNoCredentials_Fails" computerName="runnervm7b5n9" duration="00:00:00.0118919" startTime="2026-06-20T18:44:29.9651404+00:00" endTime="2026-06-20T18:44:29.9771157+00:00" testType="13cdc9d9-ddb5-4fa4-a97d-d965ccfc6d4b" outcome="Passed" testListId="8c84fa94-04c1-424b-9868-57a2d4851a1d" relativeResultsDirectory="c3b44ef7-d986-4b11-8473-a14a2f3dcbac">
      <Output>
        <StdOut>info: Microsoft.AspNetCore.DataProtection.KeyManagement.XmlKeyManager[62]
      User profile is available. Using '/home/runner/.aspnet/DataProtection-Keys' as key repository; keys will not be encrypted at rest.
info: Microsoft.AspNetCore.Hosting.Diagnostics[1]
      Request starting HTTP/1.1 GET http://localhost/users/auth - - -
info: Microsoft.AspNetCore.Authorization.DefaultAuthorizationService[2]
      Authorization failed. These requirements were not met:
      DenyAnonymousAuthorizationRequirement: Requires an authenticated user.
info: ksse.Auth.KoreaderAuthHandler[12]
      AuthenticationScheme: KoreaderAuthScheme was challenged.
info: Microsoft.AspNetCore.Hosting.Diagnostics[2]
      Request finished HTTP/1.1 GET http://localhost/users/auth - 401 - application/json;+charset=utf-8 1.7505ms</StdOut>
      </Output>
    </UnitTestResult>
    <UnitTestResult executionId="5d58dbf6-90eb-424f-b17e-d6c534b776f9" testId="16a1c27b-d16e-8bad-a515-82515bf126eb" testName="Test_GetProgressWithCorrectAuth_Succeeds" computerName="runnervm7b5n9" duration="00:00:00.1964458" startTime="2026-06-20T18:44:30.7905805+00:00" endTime="2026-06-20T18:44:30.9871198+00:00" testType="13cdc9d9-ddb5-4fa4-a97d-d965ccfc6d4b" outcome="Passed" testListId="8c84fa94-04c1-424b-9868-57a2d4851a1d" relativeResultsDirectory="5d58dbf6-90eb-424f-b17e-d6c534b776f9">
      <Output>
        <StdOut>info: Microsoft.AspNetCore.DataProtection.KeyManagement.XmlKeyManager[62]
      User profile is available. Using '/home/runner/.aspnet/DataProtection-Keys' as key repository; keys will not be encrypted at rest.
info: Microsoft.EntityFrameworkCore.Update[30100]
      Saved 1 entities to in-memory store.
info: Microsoft.EntityFrameworkCore.Update[30100]
      Saved 1 entities to in-memory store.
info: Microsoft.AspNetCore.Hosting.Diagnostics[1]
      Request starting HTTP/1.1 GET http://localhost/syncs/progress/document - - -
info: Microsoft.AspNetCore.Routing.EndpointMiddleware[0]
      Executing endpoint 'HTTP: GET syncs/progress/{document} =&gt; GetProgressAsync'
info: Microsoft.AspNetCore.Http.Result.OkObjectResult[1]
      Setting HTTP status code 200.
info: Microsoft.AspNetCore.Http.Result.OkObjectResult[3]
      Writing value of type 'GetProgressResponse' as Json.
info: Microsoft.AspNetCore.Routing.EndpointMiddleware[1]
      Executed endpoint 'HTTP: GET syncs/progress/{document} =&gt; GetProgressAsync'
info: Microsoft.AspNetCore.Hosting.Diagnostics[2]
      Request finished HTTP/1.1 GET http://localhost/syncs/progress/document - 200 - application/json;+charset=utf-8 114.9756ms</StdOut>
      </Output>
    </UnitTestResult>
    <UnitTestResult executionId="bef5aee9-ec5d-41ab-8307-148fab9f96c5" testId="186d133a-e1bb-8efe-8510-063deb350373" testName="Test_AuthUserWithCorrectAuth_Succeeds" computerName="runnervm7b5n9" duration="00:00:00.2423291" startTime="2026-06-20T18:44:30.1535002+00:00" endTime="2026-06-20T18:44:30.3960069+00:00" testType="13cdc9d9-ddb5-4fa4-a97d-d965ccfc6d4b" outcome="Passed" testListId="8c84fa94-04c1-424b-9868-57a2d4851a1d" relativeResultsDirectory="bef5aee9-ec5d-41ab-8307-148fab9f96c5">
      <Output>
        <StdOut>info: Microsoft.AspNetCore.DataProtection.KeyManagement.XmlKeyManager[62]
      User profile is available. Using '/home/runner/.aspnet/DataProtection-Keys' as key repository; keys will not be encrypted at rest.
info: Microsoft.AspNetCore.Hosting.Diagnostics[1]
      Request starting HTTP/1.1 POST http://localhost/users/create - application/json;+charset=utf-8 -
info: Microsoft.AspNetCore.Routing.EndpointMiddleware[0]
      Executing endpoint 'HTTP: POST users/create =&gt; CreateUserAsync'
info: Microsoft.EntityFrameworkCore.Update[30100]
      Saved 1 entities to in-memory store.
info: Microsoft.AspNetCore.Http.Result.CreatedResult[1]
      Setting HTTP status code 201.
info: Microsoft.AspNetCore.Http.Result.CreatedResult[3]
      Writing value of type 'CreateUserResponse' as Json.
info: Microsoft.AspNetCore.Routing.EndpointMiddleware[1]
      Executed endpoint 'HTTP: POST users/create =&gt; CreateUserAsync'
info: Microsoft.AspNetCore.Hosting.Diagnostics[2]
      Request finished HTTP/1.1 POST http://localhost/users/create - 201 - application/json;+charset=utf-8 91.9051ms
info: Microsoft.AspNetCore.Hosting.Diagnostics[1]
      Request starting HTTP/1.1 GET http://localhost/users/auth - - -
info: Microsoft.AspNetCore.Routing.EndpointMiddleware[0]
      Executing endpoint 'HTTP: GET users/auth =&gt; AuthUser'
info: Microsoft.AspNetCore.Http.Result.OkObjectResult[1]
      Setting HTTP status code 200.
info: Microsoft.AspNetCore.Http.Result.OkObjectResult[3]
      Writing value of type 'AuthUserResponse' as Json.
info: Microsoft.AspNetCore.Routing.EndpointMiddleware[1]
      Executed endpoint 'HTTP: GET users/auth =&gt; AuthUser'
info: Microsoft.AspNetCore.Hosting.Diagnostics[2]
      Request finished HTTP/1.1 GET http://localhost/users/auth - 200 - application/json;+charset=utf-8 125.2690ms</StdOut>
      </Output>
    </UnitTestResult>
    <UnitTestResult executionId="a5ca6200-b59e-470c-97a3-db7ed532fe71" testId="1fcc2f72-d833-84dc-a917-4405961190c3" testName="Test_PutProgressWithCorrectAuth_Succeeds" computerName="runnervm7b5n9" duration="00:00:00.2647692" startTime="2026-06-20T18:44:29.9652608+00:00" endTime="2026-06-20T18:44:30.2301063+00:00" testType="13cdc9d9-ddb5-4fa4-a97d-d965ccfc6d4b" outcome="Passed" testListId="8c84fa94-04c1-424b-9868-57a2d4851a1d" relativeResultsDirectory="a5ca6200-b59e-470c-97a3-db7ed532fe71">
      <Output>
        <StdOut>info: Microsoft.AspNetCore.DataProtection.KeyManagement.XmlKeyManager[62]
      User profile is available. Using '/home/runner/.aspnet/DataProtection-Keys' as key repository; keys will not be encrypted at rest.
info: Microsoft.EntityFrameworkCore.Update[30100]
      Saved 1 entities to in-memory store.
info: Microsoft.AspNetCore.Hosting.Diagnostics[1]
      Request starting HTTP/1.1 PUT http://localhost/syncs/progress - application/json;+charset=utf-8 -
info: Microsoft.AspNetCore.Routing.EndpointMiddleware[0]
      Executing endpoint 'HTTP: PUT syncs/progress/ =&gt; PutProgressAsync'
info: Microsoft.EntityFrameworkCore.Update[30100]
      Saved 1 entities to in-memory store.
info: Microsoft.AspNetCore.Http.Result.OkObjectResult[1]
      Setting HTTP status code 200.
info: Microsoft.AspNetCore.Http.Result.OkObjectResult[3]
      Writing value of type 'PutProgressResponse' as Json.
info: Microsoft.AspNetCore.Routing.EndpointMiddleware[1]
      Executed endpoint 'HTTP: PUT syncs/progress/ =&gt; PutProgressAsync'
info: Microsoft.AspNetCore.Hosting.Diagnostics[2]
      Request finished HTTP/1.1 PUT http://localhost/syncs/progress - 200 - application/json;+charset=utf-8 157.6874ms</StdOut>
      </Output>
    </UnitTestResult>
    <UnitTestResult executionId="e4c8edbb-275e-48e2-ac28-c9c32ed9f6fa" testId="11753310-0116-811b-a9d6-9e37c130b4c9" testName="Test_DeleteProgressWithoutAuth_Fails" computerName="runnervm7b5n9" duration="00:00:00.0811721" startTime="2026-06-20T18:44:31.1670764+00:00" endTime="2026-06-20T18:44:31.2483330+00:00" testType="13cdc9d9-ddb5-4fa4-a97d-d965ccfc6d4b" outcome="Passed" testListId="8c84fa94-04c1-424b-9868-57a2d4851a1d" relativeResultsDirectory="e4c8edbb-275e-48e2-ac28-c9c32ed9f6fa">
      <Output>
        <StdOut>info: Microsoft.AspNetCore.DataProtection.KeyManagement.XmlKeyManager[62]
      User profile is available. Using '/home/runner/.aspnet/DataProtection-Keys' as key repository; keys will not be encrypted at rest.
info: Microsoft.EntityFrameworkCore.Update[30100]
      Saved 1 entities to in-memory store.
info: Microsoft.EntityFrameworkCore.Update[30100]
      Saved 1 entities to in-memory store.
info: Microsoft.AspNetCore.Hosting.Diagnostics[1]
      Request starting HTTP/1.1 DELETE http://localhost/syncs/progress/document - - -
info: Microsoft.AspNetCore.Authorization.DefaultAuthorizationService[2]
      Authorization failed. These requirements were not met:
      DenyAnonymousAuthorizationRequirement: Requires an authenticated user.
info: ksse.Auth.KoreaderAuthHandler[12]
      AuthenticationScheme: KoreaderAuthScheme was challenged.
info: Microsoft.AspNetCore.Hosting.Diagnostics[2]
      Request finished HTTP/1.1 DELETE http://localhost/syncs/progress/document - 401 - application/json;+charset=utf-8 2.5955ms</StdOut>
      </Output>
    </UnitTestResult>
    <UnitTestResult executionId="06b20197-0466-491e-ae37-02eda1530e0e" testId="17ae3335-de08-8274-abf4-82d4bda2c6e4" testName="Test_InvalidAllDatabases_ReturnsServiceUnavailable" computerName="runnervm7b5n9" duration="00:00:00.0129070" startTime="2026-06-20T18:44:29.8414732+00:00" endTime="2026-06-20T18:44:29.8560101+00:00" testType="13cdc9d9-ddb5-4fa4-a97d-d965ccfc6d4b" outcome="Passed" testListId="8c84fa94-04c1-424b-9868-57a2d4851a1d" relativeResultsDirectory="06b20197-0466-491e-ae37-02eda1530e0e">
      <Output>
        <StdOut>info: Microsoft.AspNetCore.DataProtection.KeyManagement.XmlKeyManager[62]
      User profile is available. Using '/home/runner/.aspnet/DataProtection-Keys' as key repository; keys will not be encrypted at rest.
info: Microsoft.AspNetCore.Hosting.Diagnostics[1]
      Request starting HTTP/1.1 GET http://localhost/healthcheck - - -
info: Microsoft.AspNetCore.Routing.EndpointMiddleware[0]
      Executing endpoint 'Health checks'
fail: Microsoft.Extensions.Diagnostics.HealthChecks.DefaultHealthCheckService[103]
      Health check ProgressDbContext with status Unhealthy completed after 0.4538ms with message '(null)'
fail: Microsoft.Extensions.Diagnostics.HealthChecks.DefaultHealthCheckService[103]
      Health check UsersDbContext with status Unhealthy completed after 0.4213ms with message '(null)'
info: Microsoft.AspNetCore.Routing.EndpointMiddleware[1]
      Executed endpoint 'Health checks'
info: Microsoft.AspNetCore.Hosting.Diagnostics[2]
      Request finished HTTP/1.1 GET http://localhost/healthcheck - 503 - - 2.9146ms</StdOut>
      </Output>
    </UnitTestResult>
    <UnitTestResult executionId="be111391-553b-44c1-a680-12da4335b65c" testId="161fc569-3369-86c1-8e0d-6c373c25ff0b" testName="Test_CreateUserWhenFeatureIsDisabled_Fails" computerName="runnervm7b5n9" duration="00:00:00.0105977" startTime="2026-06-20T18:44:29.9261718+00:00" endTime="2026-06-20T18:44:29.9368392+00:00" testType="13cdc9d9-ddb5-4fa4-a97d-d965ccfc6d4b" outcome="Passed" testListId="8c84fa94-04c1-424b-9868-57a2d4851a1d" relativeResultsDirectory="be111391-553b-44c1-a680-12da4335b65c">
      <Output>
        <StdOut>info: Microsoft.AspNetCore.DataProtection.KeyManagement.XmlKeyManager[62]
      User profile is available. Using '/home/runner/.aspnet/DataProtection-Keys' as key repository; keys will not be encrypted at rest.
info: Microsoft.AspNetCore.Hosting.Diagnostics[1]
      Request starting HTTP/1.1 POST http://localhost/users/create - application/json;+charset=utf-8 -
info: Microsoft.AspNetCore.Routing.EndpointMiddleware[0]
      Executing endpoint 'HTTP: POST users/create =&gt; CreateUserAsync'
info: Microsoft.AspNetCore.Http.Result.JsonResult[1]
      Setting HTTP status code 402.
info: Microsoft.AspNetCore.Http.Result.JsonResult[3]
      Writing value of type 'ErrorResponse' as Json.
info: Microsoft.AspNetCore.Routing.EndpointMiddleware[1]
      Executed endpoint 'HTTP: POST users/create =&gt; CreateUserAsync'
info: Microsoft.AspNetCore.Hosting.Diagnostics[2]
      Request finished HTTP/1.1 POST http://localhost/users/create - 402 - application/json;+charset=utf-8 2.1352ms</StdOut>
      </Output>
    </UnitTestResult>
    <UnitTestResult executionId="bf57b7cb-030d-459a-b7f3-70aef4c30c36" testId="1542a3bb-7a8a-8712-8727-d3cbb815d2f3" testName="Test_InvalidProgressDatabase_ReturnsServiceUnavailable" computerName="runnervm7b5n9" duration="00:00:00.0950823" startTime="2026-06-20T18:44:29.7462617+00:00" endTime="2026-06-20T18:44:29.8414503+00:00" testType="13cdc9d9-ddb5-4fa4-a97d-d965ccfc6d4b" outcome="Passed" testListId="8c84fa94-04c1-424b-9868-57a2d4851a1d" relativeResultsDirectory="bf57b7cb-030d-459a-b7f3-70aef4c30c36">
      <Output>
        <StdOut>warn: Microsoft.EntityFrameworkCore.Model.Validation[30000]
      The entity type 'ProgressDocument' is configured to use schema 'progress', but SQLite does not support schemas. This configuration will be ignored by the SQLite provider.
info: Microsoft.AspNetCore.DataProtection.KeyManagement.XmlKeyManager[62]
      User profile is available. Using '/home/runner/.aspnet/DataProtection-Keys' as key repository; keys will not be encrypted at rest.
info: Microsoft.AspNetCore.Hosting.Diagnostics[1]
      Request starting HTTP/1.1 GET http://localhost/healthcheck - - -
info: Microsoft.AspNetCore.Routing.EndpointMiddleware[0]
      Executing endpoint 'Health checks'
fail: Microsoft.Extensions.Diagnostics.HealthChecks.DefaultHealthCheckService[103]
      Health check ProgressDbContext with status Unhealthy completed after 0.5822ms with message '(null)'
info: Microsoft.AspNetCore.Routing.EndpointMiddleware[1]
      Executed endpoint 'Health checks'
info: Microsoft.AspNetCore.Hosting.Diagnostics[2]
      Request finished HTTP/1.1 GET http://localhost/healthcheck - 503 - - 3.2139ms</StdOut>
      </Output>
    </UnitTestResult>
    <UnitTestResult executionId="dc6b9781-879d-40bd-b83e-aeb29858e172" testId="15201303-d604-8041-9655-9129f3963e8f" testName="Test_AuthUserWithWrongPassword_Fails" computerName="runnervm7b5n9" duration="00:00:00.1607601" startTime="2026-06-20T18:44:29.9925867+00:00" endTime="2026-06-20T18:44:30.1534597+00:00" testType="13cdc9d9-ddb5-4fa4-a97d-d965ccfc6d4b" outcome="Passed" testListId="8c84fa94-04c1-424b-9868-57a2d4851a1d" relativeResultsDirectory="dc6b9781-879d-40bd-b83e-aeb29858e172">
      <Output>
        <StdOut>info: Microsoft.AspNetCore.DataProtection.KeyManagement.XmlKeyManager[62]
      User profile is available. Using '/home/runner/.aspnet/DataProtection-Keys' as key repository; keys will not be encrypted at rest.
info: Microsoft.AspNetCore.Hosting.Diagnostics[1]
      Request starting HTTP/1.1 POST http://localhost/users/create - application/json;+charset=utf-8 -
info: Microsoft.AspNetCore.Routing.EndpointMiddleware[0]
      Executing endpoint 'HTTP: POST users/create =&gt; CreateUserAsync'
info: Microsoft.EntityFrameworkCore.Update[30100]
      Saved 1 entities to in-memory store.
info: Microsoft.AspNetCore.Http.Result.CreatedResult[1]
      Setting HTTP status code 201.
info: Microsoft.AspNetCore.Http.Result.CreatedResult[3]
      Writing value of type 'CreateUserResponse' as Json.
info: Microsoft.AspNetCore.Routing.EndpointMiddleware[1]
      Executed endpoint 'HTTP: POST users/create =&gt; CreateUserAsync'
info: Microsoft.AspNetCore.Hosting.Diagnostics[2]
      Request finished HTTP/1.1 POST http://localhost/users/create - 201 - application/json;+charset=utf-8 79.8444ms
info: Microsoft.AspNetCore.Hosting.Diagnostics[1]
      Request starting HTTP/1.1 GET http://localhost/users/auth - - -
info: ksse.Auth.KoreaderAuthHandler[7]
      KoreaderAuthScheme was not authenticated. Failure message: Incorrect password.
info: ksse.Auth.KoreaderAuthHandler[7]
      KoreaderAuthScheme was not authenticated. Failure message: Incorrect password.
info: Microsoft.AspNetCore.Authorization.DefaultAuthorizationService[2]
      Authorization failed. These requirements were not met:
      DenyAnonymousAuthorizationRequirement: Requires an authenticated user.
info: ksse.Auth.KoreaderAuthHandler[12]
      AuthenticationScheme: KoreaderAuthScheme was challenged.
info: Microsoft.AspNetCore.Hosting.Diagnostics[2]
      Request finished HTTP/1.1 GET http://localhost/users/auth - 401 - application/json;+charset=utf-8 70.9098ms</StdOut>
      </Output>
    </UnitTestResult>
    <UnitTestResult executionId="7cccb52c-9dab-40c5-b725-c486c9d01d08" testId="192886f3-f09f-8e26-9120-75957a3fea42" testName="Test_GetProgressWithCorrectAuthButNoProgressDocument_SucceedsAndReturnsEmptyObject" computerName="runnervm7b5n9" duration="00:00:00.1797691" startTime="2026-06-20T18:44:30.9871683+00:00" endTime="2026-06-20T18:44:31.1670323+00:00" testType="13cdc9d9-ddb5-4fa4-a97d-d965ccfc6d4b" outcome="Passed" testListId="8c84fa94-04c1-424b-9868-57a2d4851a1d" relativeResultsDirectory="7cccb52c-9dab-40c5-b725-c486c9d01d08">
      <Output>
        <StdOut>info: Microsoft.AspNetCore.DataProtection.KeyManagement.XmlKeyManager[62]
      User profile is available. Using '/home/runner/.aspnet/DataProtection-Keys' as key repository; keys will not be encrypted at rest.
info: Microsoft.EntityFrameworkCore.Update[30100]
      Saved 1 entities to in-memory store.
info: Microsoft.AspNetCore.Hosting.Diagnostics[1]
      Request starting HTTP/1.1 GET http://localhost/syncs/progress/document - - -
info: Microsoft.AspNetCore.Routing.EndpointMiddleware[0]
      Executing endpoint 'HTTP: GET syncs/progress/{document} =&gt; GetProgressAsync'
info: Microsoft.AspNetCore.Http.Result.OkObjectResult[1]
      Setting HTTP status code 200.
info: Microsoft.AspNetCore.Http.Result.OkObjectResult[3]
      Writing value of type 'JsonObject' as Json.
info: Microsoft.AspNetCore.Routing.EndpointMiddleware[1]
      Executed endpoint 'HTTP: GET syncs/progress/{document} =&gt; GetProgressAsync'
info: Microsoft.AspNetCore.Hosting.Diagnostics[2]
      Request finished HTTP/1.1 GET http://localhost/syncs/progress/document - 200 - application/json;+charset=utf-8 73.4150ms</StdOut>
      </Output>
    </UnitTestResult>
    <UnitTestResult executionId="f40db402-5737-487b-9743-877e40270614" testId="1e11a824-50f6-8f93-b2fe-0420f6201f65" testName="Test_DeleteAllProgressWithCorrectAuth_Succeeds" computerName="runnervm7b5n9" duration="00:00:00.1899373" startTime="2026-06-20T18:44:31.5098905+00:00" endTime="2026-06-20T18:44:31.6998922+00:00" testType="13cdc9d9-ddb5-4fa4-a97d-d965ccfc6d4b" outcome="Passed" testListId="8c84fa94-04c1-424b-9868-57a2d4851a1d" relativeResultsDirectory="f40db402-5737-487b-9743-877e40270614">
      <Output>
        <StdOut>info: Microsoft.AspNetCore.DataProtection.KeyManagement.XmlKeyManager[62]
      User profile is available. Using '/home/runner/.aspnet/DataProtection-Keys' as key repository; keys will not be encrypted at rest.
info: Microsoft.EntityFrameworkCore.Update[30100]
      Saved 1 entities to in-memory store.
info: Microsoft.EntityFrameworkCore.Update[30100]
      Saved 1 entities to in-memory store.
info: Microsoft.EntityFrameworkCore.Update[30100]
      Saved 1 entities to in-memory store.
info: Microsoft.AspNetCore.Hosting.Diagnostics[1]
      Request starting HTTP/1.1 DELETE http://localhost/syncs/progress - - -
info: Microsoft.AspNetCore.Routing.EndpointMiddleware[0]
      Executing endpoint 'HTTP: DELETE syncs/progress/ =&gt; DeleteAllProgressAsync'
info: Microsoft.EntityFrameworkCore.Update[30100]
      Saved 2 entities to in-memory store.
info: Microsoft.AspNetCore.Http.Result.OkObjectResult[1]
      Setting HTTP status code 200.
info: Microsoft.AspNetCore.Routing.EndpointMiddleware[1]
      Executed endpoint 'HTTP: DELETE syncs/progress/ =&gt; DeleteAllProgressAsync'
info: Microsoft.AspNetCore.Hosting.Diagnostics[2]
      Request finished HTTP/1.1 DELETE http://localhost/syncs/progress - 200 - - 105.5980ms</StdOut>
      </Output>
    </UnitTestResult>
    <UnitTestResult executionId="a56703f1-8388-40b0-be6f-cd19daab6759" testId="155446e3-8a34-83e5-aee6-75e105570957" testName="Test_ChangePasswordWithoutAuth_Fails" computerName="runnervm7b5n9" duration="00:00:00.1372468" startTime="2026-06-20T18:44:30.3960534+00:00" endTime="2026-06-20T18:44:30.5333818+00:00" testType="13cdc9d9-ddb5-4fa4-a97d-d965ccfc6d4b" outcome="Passed" testListId="8c84fa94-04c1-424b-9868-57a2d4851a1d" relativeResultsDirectory="a56703f1-8388-40b0-be6f-cd19daab6759">
      <Output>
        <StdOut>info: Microsoft.AspNetCore.DataProtection.KeyManagement.XmlKeyManager[62]
      User profile is available. Using '/home/runner/.aspnet/DataProtection-Keys' as key repository; keys will not be encrypted at rest.
info: Microsoft.EntityFrameworkCore.Update[30100]
      Saved 1 entities to in-memory store.
info: Microsoft.AspNetCore.Hosting.Diagnostics[1]
      Request starting HTTP/1.1 POST http://localhost/users/changepassword - application/json;+charset=utf-8 -
info: Microsoft.AspNetCore.Authorization.DefaultAuthorizationService[2]
      Authorization failed. These requirements were not met:
      DenyAnonymousAuthorizationRequirement: Requires an authenticated user.
info: ksse.Auth.KoreaderAuthHandler[12]
      AuthenticationScheme: KoreaderAuthScheme was challenged.
info: Microsoft.AspNetCore.Hosting.Diagnostics[2]
      Request finished HTTP/1.1 POST http://localhost/users/changepassword - 401 - application/json;+charset=utf-8 3.8850ms</StdOut>
      </Output>
    </UnitTestResult>
    <UnitTestResult executionId="1514f144-8948-4213-bb0f-ac24b8d2d10d" testId="13a5cd0b-69fa-8c36-91a9-0fe254e7e6bd" testName="Test_PutProgressWithWrongPassword_Fails" computerName="runnervm7b5n9" duration="00:00:00.1864187" startTime="2026-06-20T18:44:29.7701943+00:00" endTime="2026-06-20T18:44:29.9566902+00:00" testType="13cdc9d9-ddb5-4fa4-a97d-d965ccfc6d4b" outcome="Passed" testListId="8c84fa94-04c1-424b-9868-57a2d4851a1d" relativeResultsDirectory="1514f144-8948-4213-bb0f-ac24b8d2d10d">
      <Output>
        <StdOut>info: Microsoft.AspNetCore.DataProtection.KeyManagement.XmlKeyManager[62]
      User profile is available. Using '/home/runner/.aspnet/DataProtection-Keys' as key repository; keys will not be encrypted at rest.
info: Microsoft.EntityFrameworkCore.Update[30100]
      Saved 1 entities to in-memory store.
info: Microsoft.AspNetCore.Hosting.Diagnostics[1]
      Request starting HTTP/1.1 PUT http://localhost/syncs/progress - application/json;+charset=utf-8 -
info: ksse.Auth.KoreaderAuthHandler[7]
      KoreaderAuthScheme was not authenticated. Failure message: Incorrect password.
info: ksse.Auth.KoreaderAuthHandler[7]
      KoreaderAuthScheme was not authenticated. Failure message: Incorrect password.
info: Microsoft.AspNetCore.Authorization.DefaultAuthorizationService[2]
      Authorization failed. These requirements were not met:
      DenyAnonymousAuthorizationRequirement: Requires an authenticated user.
info: ksse.Auth.KoreaderAuthHandler[12]
      AuthenticationScheme: KoreaderAuthScheme was challenged.
info: Microsoft.AspNetCore.Hosting.Diagnostics[2]
      Request finished HTTP/1.1 PUT http://localhost/syncs/progress - 401 - application/json;+charset=utf-8 76.4277ms</StdOut>
      </Output>
    </UnitTestResult>
    <UnitTestResult executionId="01d3583c-a431-416f-aa89-0c01ae06c152" testId="17aa2d49-4588-833f-803d-ac33704ec19b" testName="Test_GetAllProgressWithCorrectAuth_Succeeds" computerName="runnervm7b5n9" duration="00:00:00.1754654" startTime="2026-06-20T18:44:31.7857764+00:00" endTime="2026-06-20T18:44:31.9631403+00:00" testType="13cdc9d9-ddb5-4fa4-a97d-d965ccfc6d4b" outcome="Passed" testListId="8c84fa94-04c1-424b-9868-57a2d4851a1d" relativeResultsDirectory="01d3583c-a431-416f-aa89-0c01ae06c152">
      <Output>
        <StdOut>info: Microsoft.AspNetCore.DataProtection.KeyManagement.XmlKeyManager[62]
      User profile is available. Using '/home/runner/.aspnet/DataProtection-Keys' as key repository; keys will not be encrypted at rest.
info: Microsoft.EntityFrameworkCore.Update[30100]
      Saved 1 entities to in-memory store.
info: Microsoft.EntityFrameworkCore.Update[30100]
      Saved 1 entities to in-memory store.
info: Microsoft.EntityFrameworkCore.Update[30100]
      Saved 1 entities to in-memory store.
info: Microsoft.AspNetCore.Hosting.Diagnostics[1]
      Request starting HTTP/1.1 GET http://localhost/syncs/progress - - -
info: Microsoft.AspNetCore.Routing.EndpointMiddleware[0]
      Executing endpoint 'HTTP: GET syncs/progress/ =&gt; GetAllProgressAsync'
info: Microsoft.AspNetCore.Http.Result.OkObjectResult[1]
      Setting HTTP status code 200.
info: Microsoft.AspNetCore.Http.Result.OkObjectResult[3]
      Writing value of type '&lt;&lt;Select&gt;g__Impl|127_0&gt;d`2' as Json.
info: Microsoft.AspNetCore.Routing.EndpointMiddleware[1]
      Executed endpoint 'HTTP: GET syncs/progress/ =&gt; GetAllProgressAsync'
info: Microsoft.AspNetCore.Hosting.Diagnostics[2]
      Request finished HTTP/1.1 GET http://localhost/syncs/progress - 200 - application/json;+charset=utf-8 84.3201ms</StdOut>
      </Output>
    </UnitTestResult>
    <UnitTestResult executionId="086152d3-025d-4653-854a-0900d0857a06" testId="112f889c-6e0f-89cb-a5bb-7e10d8d74f0f" testName="Test_PutProgressWithoutAuth_Fails" computerName="runnervm7b5n9" duration="00:00:01.0911625" startTime="2026-06-20T18:44:28.6605421+00:00" endTime="2026-06-20T18:44:29.7701546+00:00" testType="13cdc9d9-ddb5-4fa4-a97d-d965ccfc6d4b" outcome="Passed" testListId="8c84fa94-04c1-424b-9868-57a2d4851a1d" relativeResultsDirectory="086152d3-025d-4653-854a-0900d0857a06">
      <Output>
        <StdOut>info: Microsoft.AspNetCore.DataProtection.KeyManagement.XmlKeyManager[62]
      User profile is available. Using '/home/runner/.aspnet/DataProtection-Keys' as key repository; keys will not be encrypted at rest.
info: Microsoft.AspNetCore.DataProtection.KeyManagement.XmlKeyManager[58]
      Creating key {822cc370-ae9c-40ff-9fae-3dd6ed1d777a} with creation date 2026-06-20 18:44:29Z, activation date 2026-06-20 18:44:29Z, and expiration date 2026-09-18 18:44:29Z.
warn: Microsoft.AspNetCore.DataProtection.KeyManagement.XmlKeyManager[35]
      No XML encryptor configured. Key {822cc370-ae9c-40ff-9fae-3dd6ed1d777a} may be persisted to storage in unencrypted form.
info: Microsoft.AspNetCore.DataProtection.Repositories.FileSystemXmlRepository[39]
      Writing data to file '/home/runner/.aspnet/DataProtection-Keys/key-822cc370-ae9c-40ff-9fae-3dd6ed1d777a.xml'.
info: Microsoft.EntityFrameworkCore.Update[30100]
      Saved 1 entities to in-memory store.
info: Microsoft.AspNetCore.Hosting.Diagnostics[1]
      Request starting HTTP/1.1 PUT http://localhost/syncs/progress - application/json;+charset=utf-8 -
info: Microsoft.AspNetCore.Authorization.DefaultAuthorizationService[2]
      Authorization failed. These requirements were not met:
      DenyAnonymousAuthorizationRequirement: Requires an authenticated user.
info: ksse.Auth.KoreaderAuthHandler[12]
      AuthenticationScheme: KoreaderAuthScheme was challenged.
info: Microsoft.AspNetCore.Hosting.Diagnostics[2]
      Request finished HTTP/1.1 PUT http://localhost/syncs/progress - 401 - application/json;+charset=utf-8 13.3763ms</StdOut>
      </Output>
    </UnitTestResult>
    <UnitTestResult executionId="7cd51a89-60f7-416d-8e9e-0238b8c7f789" testId="16a2fc19-c0ac-83d7-b922-04ebb0e0c8fe" testName="Test_ChangePasswordWithCorrectAuth_Succeeds" computerName="runnervm7b5n9" duration="00:00:00.4752126" startTime="2026-06-20T18:44:30.5334218+00:00" endTime="2026-06-20T18:44:31.0087450+00:00" testType="13cdc9d9-ddb5-4fa4-a97d-d965ccfc6d4b" outcome="Passed" testListId="8c84fa94-04c1-424b-9868-57a2d4851a1d" relativeResultsDirectory="7cd51a89-60f7-416d-8e9e-0238b8c7f789">
      <Output>
        <StdOut>info: Microsoft.AspNetCore.DataProtection.KeyManagement.XmlKeyManager[62]
      User profile is available. Using '/home/runner/.aspnet/DataProtection-Keys' as key repository; keys will not be encrypted at rest.
info: Microsoft.EntityFrameworkCore.Update[30100]
      Saved 1 entities to in-memory store.
info: Microsoft.AspNetCore.Hosting.Diagnostics[1]
      Request starting HTTP/1.1 POST http://localhost/users/changepassword - application/json;+charset=utf-8 -
info: Microsoft.AspNetCore.Routing.EndpointMiddleware[0]
      Executing endpoint 'HTTP: POST users/changepassword =&gt; ChangePasswordAsync'
info: Microsoft.EntityFrameworkCore.Update[30100]
      Saved 1 entities to in-memory store.
info: Microsoft.AspNetCore.Http.Result.OkObjectResult[1]
      Setting HTTP status code 200.
info: Microsoft.AspNetCore.Routing.EndpointMiddleware[1]
      Executed endpoint 'HTTP: POST users/changepassword =&gt; ChangePasswordAsync'
info: Microsoft.AspNetCore.Hosting.Diagnostics[2]
      Request finished HTTP/1.1 POST http://localhost/users/changepassword - 200 - - 283.7673ms</StdOut>
      </Output>
    </UnitTestResult>
    <UnitTestResult executionId="c29f2be8-3c77-4203-ab5b-66a3ddc0ed4c" testId="1af89287-99f5-876a-b55a-701f9eb5be7c" testName="Test_ValidDatabases_ReturnsOkState" computerName="runnervm7b5n9" duration="00:00:00.7922838" startTime="2026-06-20T18:44:28.6605275+00:00" endTime="2026-06-20T18:44:29.4749379+00:00" testType="13cdc9d9-ddb5-4fa4-a97d-d965ccfc6d4b" outcome="Passed" testListId="8c84fa94-04c1-424b-9868-57a2d4851a1d" relativeResultsDirectory="c29f2be8-3c77-4203-ab5b-66a3ddc0ed4c">
      <Output>
        <StdOut>info: Microsoft.AspNetCore.DataProtection.KeyManagement.XmlKeyManager[62]
      User profile is available. Using '/home/runner/.aspnet/DataProtection-Keys' as key repository; keys will not be encrypted at rest.
info: Microsoft.AspNetCore.DataProtection.KeyManagement.XmlKeyManager[58]
      Creating key {0b916b41-babd-4dcd-bf79-262e25fcf413} with creation date 2026-06-20 18:44:29Z, activation date 2026-06-20 18:44:29Z, and expiration date 2026-09-18 18:44:29Z.
warn: Microsoft.AspNetCore.DataProtection.KeyManagement.XmlKeyManager[35]
      No XML encryptor configured. Key {0b916b41-babd-4dcd-bf79-262e25fcf413} may be persisted to storage in unencrypted form.
info: Microsoft.AspNetCore.DataProtection.Repositories.FileSystemXmlRepository[39]
      Writing data to file '/home/runner/.aspnet/DataProtection-Keys/key-0b916b41-babd-4dcd-bf79-262e25fcf413.xml'.
info: Microsoft.AspNetCore.Hosting.Diagnostics[1]
      Request starting HTTP/1.1 GET http://localhost/healthcheck - - -
info: Microsoft.AspNetCore.Routing.EndpointMiddleware[0]
      Executing endpoint 'Health checks'
info: Microsoft.AspNetCore.Routing.EndpointMiddleware[1]
      Executed endpoint 'Health checks'
info: Microsoft.AspNetCore.Hosting.Diagnostics[2]
      Request finished HTTP/1.1 GET http://localhost/healthcheck - 200 - application/json;+charset=utf-8 111.7914ms</StdOut>
      </Output>
    </UnitTestResult>
    <UnitTestResult executionId="330a7aae-1be2-42f5-b5b8-fbfd7da5bef0" testId="1df49f38-1207-8a30-88a1-aaca5355f62a" testName="Test_CreateSingleUser_Succeeds" computerName="runnervm7b5n9" duration="00:00:01.1615883" startTime="2026-06-20T18:44:28.6605493+00:00" endTime="2026-06-20T18:44:29.8405693+00:00" testType="13cdc9d9-ddb5-4fa4-a97d-d965ccfc6d4b" outcome="Passed" testListId="8c84fa94-04c1-424b-9868-57a2d4851a1d" relativeResultsDirectory="330a7aae-1be2-42f5-b5b8-fbfd7da5bef0">
      <Output>
        <StdOut>info: Microsoft.AspNetCore.DataProtection.KeyManagement.XmlKeyManager[62]
      User profile is available. Using '/home/runner/.aspnet/DataProtection-Keys' as key repository; keys will not be encrypted at rest.
info: Microsoft.AspNetCore.DataProtection.KeyManagement.XmlKeyManager[58]
      Creating key {dba7879c-f5e9-4b57-8f92-47c8cb4fcdd0} with creation date 2026-06-20 18:44:29Z, activation date 2026-06-20 18:44:29Z, and expiration date 2026-09-18 18:44:29Z.
warn: Microsoft.AspNetCore.DataProtection.KeyManagement.XmlKeyManager[35]
      No XML encryptor configured. Key {dba7879c-f5e9-4b57-8f92-47c8cb4fcdd0} may be persisted to storage in unencrypted form.
info: Microsoft.AspNetCore.DataProtection.Repositories.FileSystemXmlRepository[39]
      Writing data to file '/home/runner/.aspnet/DataProtection-Keys/key-dba7879c-f5e9-4b57-8f92-47c8cb4fcdd0.xml'.
info: Microsoft.AspNetCore.Hosting.Diagnostics[1]
      Request starting HTTP/1.1 POST http://localhost/users/create - application/json;+charset=utf-8 -
info: Microsoft.AspNetCore.Routing.EndpointMiddleware[0]
      Executing endpoint 'HTTP: POST users/create =&gt; CreateUserAsync'
info: Microsoft.EntityFrameworkCore.Update[30100]
      Saved 1 entities to in-memory store.
info: Microsoft.AspNetCore.Http.Result.CreatedResult[1]
      Setting HTTP status code 201.
info: Microsoft.AspNetCore.Http.Result.CreatedResult[3]
      Writing value of type 'CreateUserResponse' as Json.
info: Microsoft.AspNetCore.Routing.EndpointMiddleware[1]
      Executed endpoint 'HTTP: POST users/create =&gt; CreateUserAsync'
info: Microsoft.AspNetCore.Hosting.Diagnostics[2]
      Request finished HTTP/1.1 POST http://localhost/users/create - 201 - application/json;+charset=utf-8 406.1456ms</StdOut>
      </Output>
    </UnitTestResult>
    <UnitTestResult executionId="ee7add96-ccdc-4a57-a248-00b8ed9845d5" testId="108ef64b-0942-857b-8a32-d8eeac5741d3" testName="Test_DeleteUserWithoutAuth_Fails" computerName="runnervm7b5n9" duration="00:00:00.0924565" startTime="2026-06-20T18:44:31.3962881+00:00" endTime="2026-06-20T18:44:31.4888261+00:00" testType="13cdc9d9-ddb5-4fa4-a97d-d965ccfc6d4b" outcome="Passed" testListId="8c84fa94-04c1-424b-9868-57a2d4851a1d" relativeResultsDirectory="ee7add96-ccdc-4a57-a248-00b8ed9845d5">
      <Output>
        <StdOut>info: Microsoft.AspNetCore.DataProtection.KeyManagement.XmlKeyManager[62]
      User profile is available. Using '/home/runner/.aspnet/DataProtection-Keys' as key repository; keys will not be encrypted at rest.
info: Microsoft.EntityFrameworkCore.Update[30100]
      Saved 1 entities to in-memory store.
info: Microsoft.AspNetCore.Hosting.Diagnostics[1]
      Request starting HTTP/1.1 DELETE http://localhost/users - - -
info: Microsoft.AspNetCore.Authorization.DefaultAuthorizationService[2]
      Authorization failed. These requirements were not met:
      DenyAnonymousAuthorizationRequirement: Requires an authenticated user.
info: ksse.Auth.KoreaderAuthHandler[12]
      AuthenticationScheme: KoreaderAuthScheme was challenged.
info: Microsoft.AspNetCore.Hosting.Diagnostics[2]
      Request finished HTTP/1.1 DELETE http://localhost/users - 401 - application/json;+charset=utf-8 3.9107ms</StdOut>
      </Output>
    </UnitTestResult>
    <UnitTestResult executionId="e32a915c-0942-4d50-a002-ead7f7282e5b" testId="1f4f93a2-a1d4-8964-a870-128e9bd4cfdb" testName="Test_GetProgressWithWrongPassword_Fails" computerName="runnervm7b5n9" duration="00:00:00.1534840" startTime="2026-06-20T18:44:30.6369651+00:00" endTime="2026-06-20T18:44:30.7905341+00:00" testType="13cdc9d9-ddb5-4fa4-a97d-d965ccfc6d4b" outcome="Passed" testListId="8c84fa94-04c1-424b-9868-57a2d4851a1d" relativeResultsDirectory="e32a915c-0942-4d50-a002-ead7f7282e5b">
      <Output>
        <StdOut>info: Microsoft.AspNetCore.DataProtection.KeyManagement.XmlKeyManager[62]
      User profile is available. Using '/home/runner/.aspnet/DataProtection-Keys' as key repository; keys will not be encrypted at rest.
info: Microsoft.EntityFrameworkCore.Update[30100]
      Saved 1 entities to in-memory store.
info: Microsoft.EntityFrameworkCore.Update[30100]
      Saved 1 entities to in-memory store.
info: Microsoft.AspNetCore.Hosting.Diagnostics[1]
      Request starting HTTP/1.1 GET http://localhost/syncs/progress/document - - -
info: ksse.Auth.KoreaderAuthHandler[7]
      KoreaderAuthScheme was not authenticated. Failure message: Incorrect password.
info: ksse.Auth.KoreaderAuthHandler[7]
      KoreaderAuthScheme was not authenticated. Failure message: Incorrect password.
info: Microsoft.AspNetCore.Authorization.DefaultAuthorizationService[2]
      Authorization failed. These requirements were not met:
      DenyAnonymousAuthorizationRequirement: Requires an authenticated user.
info: ksse.Auth.KoreaderAuthHandler[12]
      AuthenticationScheme: KoreaderAuthScheme was challenged.
info: Microsoft.AspNetCore.Hosting.Diagnostics[2]
      Request finished HTTP/1.1 GET http://localhost/syncs/progress/document - 401 - application/json;+charset=utf-8 74.9045ms</StdOut>
      </Output>
    </UnitTestResult>
    <UnitTestResult executionId="c2339a8d-6c3a-4bb2-a0a2-4d6f0cff24c9" testId="1724032a-64f1-8808-bb42-6938d7db544f" testName="Test_AuthNonExistentUser_Fails" computerName="runnervm7b5n9" duration="00:00:00.0153169" startTime="2026-06-20T18:44:29.9771632+00:00" endTime="2026-06-20T18:44:29.9925510+00:00" testType="13cdc9d9-ddb5-4fa4-a97d-d965ccfc6d4b" outcome="Passed" testListId="8c84fa94-04c1-424b-9868-57a2d4851a1d" relativeResultsDirectory="c2339a8d-6c3a-4bb2-a0a2-4d6f0cff24c9">
      <Output>
        <StdOut>info: Microsoft.AspNetCore.DataProtection.KeyManagement.XmlKeyManager[62]
      User profile is available. Using '/home/runner/.aspnet/DataProtection-Keys' as key repository; keys will not be encrypted at rest.
info: Microsoft.AspNetCore.Hosting.Diagnostics[1]
      Request starting HTTP/1.1 GET http://localhost/users/auth - - -
info: ksse.Auth.KoreaderAuthHandler[7]
      KoreaderAuthScheme was not authenticated. Failure message: User does not exist.
info: ksse.Auth.KoreaderAuthHandler[7]
      KoreaderAuthScheme was not authenticated. Failure message: User does not exist.
info: Microsoft.AspNetCore.Authorization.DefaultAuthorizationService[2]
      Authorization failed. These requirements were not met:
      DenyAnonymousAuthorizationRequirement: Requires an authenticated user.
info: ksse.Auth.KoreaderAuthHandler[12]
      AuthenticationScheme: KoreaderAuthScheme was challenged.
info: Microsoft.AspNetCore.Hosting.Diagnostics[2]
      Request finished HTTP/1.1 GET http://localhost/users/auth - 401 - application/json;+charset=utf-8 3.4198ms</StdOut>
      </Output>
    </UnitTestResult>
    <UnitTestResult executionId="2f0f5c67-c2df-4691-a9ed-0131387294a7" testId="1264adfd-ff7f-8738-8b4f-c2ee71cba679" testName="Test_GetAllProgressWithoutAuth_Fails" computerName="runnervm7b5n9" duration="00:00:00.0857335" startTime="2026-06-20T18:44:31.6999274+00:00" endTime="2026-06-20T18:44:31.7857417+00:00" testType="13cdc9d9-ddb5-4fa4-a97d-d965ccfc6d4b" outcome="Passed" testListId="8c84fa94-04c1-424b-9868-57a2d4851a1d" relativeResultsDirectory="2f0f5c67-c2df-4691-a9ed-0131387294a7">
      <Output>
        <StdOut>info: Microsoft.AspNetCore.DataProtection.KeyManagement.XmlKeyManager[62]
      User profile is available. Using '/home/runner/.aspnet/DataProtection-Keys' as key repository; keys will not be encrypted at rest.
info: Microsoft.EntityFrameworkCore.Update[30100]
      Saved 1 entities to in-memory store.
info: Microsoft.EntityFrameworkCore.Update[30100]
      Saved 1 entities to in-memory store.
info: Microsoft.EntityFrameworkCore.Update[30100]
      Saved 1 entities to in-memory store.
info: Microsoft.AspNetCore.Hosting.Diagnostics[1]
      Request starting HTTP/1.1 GET http://localhost/syncs/progress - - -
info: Microsoft.AspNetCore.Authorization.DefaultAuthorizationService[2]
      Authorization failed. These requirements were not met:
      DenyAnonymousAuthorizationRequirement: Requires an authenticated user.
info: ksse.Auth.KoreaderAuthHandler[12]
      AuthenticationScheme: KoreaderAuthScheme was challenged.
info: Microsoft.AspNetCore.Hosting.Diagnostics[2]
      Request finished HTTP/1.1 GET http://localhost/syncs/progress - 401 - application/json;+charset=utf-8 2.3759ms</StdOut>
      </Output>
    </UnitTestResult>
    <UnitTestResult executionId="7d9bfe34-44ba-426e-94a2-ef67a52b6758" testId="173f52f6-fe2f-8ccc-bbde-bcea11e0654f" testName="Test_DeleteUserWithCorrectAuth_Succeeds" computerName="runnervm7b5n9" duration="00:00:00.1863035" startTime="2026-06-20T18:44:31.4888639+00:00" endTime="2026-06-20T18:44:31.6752570+00:00" testType="13cdc9d9-ddb5-4fa4-a97d-d965ccfc6d4b" outcome="Passed" testListId="8c84fa94-04c1-424b-9868-57a2d4851a1d" relativeResultsDirectory="7d9bfe34-44ba-426e-94a2-ef67a52b6758">
      <Output>
        <StdOut>info: Microsoft.AspNetCore.DataProtection.KeyManagement.XmlKeyManager[62]
      User profile is available. Using '/home/runner/.aspnet/DataProtection-Keys' as key repository; keys will not be encrypted at rest.
info: Microsoft.EntityFrameworkCore.Update[30100]
      Saved 1 entities to in-memory store.
info: Microsoft.EntityFrameworkCore.Update[30100]
      Saved 1 entities to in-memory store.
info: Microsoft.EntityFrameworkCore.Update[30100]
      Saved 1 entities to in-memory store.
info: Microsoft.AspNetCore.Hosting.Diagnostics[1]
      Request starting HTTP/1.1 DELETE http://localhost/users - - -
info: Microsoft.AspNetCore.Routing.EndpointMiddleware[0]
      Executing endpoint 'HTTP: DELETE users/ =&gt; DeleteUserAsync'
info: Microsoft.EntityFrameworkCore.Update[30100]
      Saved 2 entities to in-memory store.
info: Microsoft.EntityFrameworkCore.Update[30100]
      Saved 1 entities to in-memory store.
info: Microsoft.AspNetCore.Http.Result.OkObjectResult[1]
      Setting HTTP status code 200.
info: Microsoft.AspNetCore.Routing.EndpointMiddleware[1]
      Executed endpoint 'HTTP: DELETE users/ =&gt; DeleteUserAsync'
info: Microsoft.AspNetCore.Hosting.Diagnostics[2]
      Request finished HTTP/1.1 DELETE http://localhost/users - 200 - - 97.5450ms</StdOut>
      </Output>
    </UnitTestResult>
    <UnitTestResult executionId="35951d0a-f554-4432-a58e-471ee0a88f41" testId="19387bbc-99d0-8cea-8ff1-10b5a3767f55" testName="Test_ChangeClientHashedPasswordWithCorrectAuth_Succeeds" computerName="runnervm7b5n9" duration="00:00:00.3873842" startTime="2026-06-20T18:44:31.0087814+00:00" endTime="2026-06-20T18:44:31.3962416+00:00" testType="13cdc9d9-ddb5-4fa4-a97d-d965ccfc6d4b" outcome="Passed" testListId="8c84fa94-04c1-424b-9868-57a2d4851a1d" relativeResultsDirectory="35951d0a-f554-4432-a58e-471ee0a88f41">
      <Output>
        <StdOut>info: Microsoft.AspNetCore.DataProtection.KeyManagement.XmlKeyManager[62]
      User profile is available. Using '/home/runner/.aspnet/DataProtection-Keys' as key repository; keys will not be encrypted at rest.
info: Microsoft.EntityFrameworkCore.Update[30100]
      Saved 1 entities to in-memory store.
info: Microsoft.AspNetCore.Hosting.Diagnostics[1]
      Request starting HTTP/1.1 POST http://localhost/users/changepassword - application/json;+charset=utf-8 -
info: Microsoft.AspNetCore.Routing.EndpointMiddleware[0]
      Executing endpoint 'HTTP: POST users/changepassword =&gt; ChangePasswordAsync'
info: Microsoft.EntityFrameworkCore.Update[30100]
      Saved 1 entities to in-memory store.
info: Microsoft.AspNetCore.Http.Result.OkObjectResult[1]
      Setting HTTP status code 200.
info: Microsoft.AspNetCore.Routing.EndpointMiddleware[1]
      Executed endpoint 'HTTP: POST users/changepassword =&gt; ChangePasswordAsync'
info: Microsoft.AspNetCore.Hosting.Diagnostics[2]
      Request finished HTTP/1.1 POST http://localhost/users/changepassword - 200 - - 232.8241ms</StdOut>
      </Output>
    </UnitTestResult>
    <UnitTestResult executionId="cf1f474f-a026-4d8d-bf7c-7220836aacaa" testId="15f5f23a-ae14-8d39-9383-0afe8eefc855" testName="Test_DeleteAllProgressWithoutAuth_Fails" computerName="runnervm7b5n9" duration="00:00:00.0867886" startTime="2026-06-20T18:44:31.4229946+00:00" endTime="2026-06-20T18:44:31.5098619+00:00" testType="13cdc9d9-ddb5-4fa4-a97d-d965ccfc6d4b" outcome="Passed" testListId="8c84fa94-04c1-424b-9868-57a2d4851a1d" relativeResultsDirectory="cf1f474f-a026-4d8d-bf7c-7220836aacaa">
      <Output>
        <StdOut>info: Microsoft.AspNetCore.DataProtection.KeyManagement.XmlKeyManager[62]
      User profile is available. Using '/home/runner/.aspnet/DataProtection-Keys' as key repository; keys will not be encrypted at rest.
info: Microsoft.EntityFrameworkCore.Update[30100]
      Saved 1 entities to in-memory store.
info: Microsoft.EntityFrameworkCore.Update[30100]
      Saved 1 entities to in-memory store.
info: Microsoft.EntityFrameworkCore.Update[30100]
      Saved 1 entities to in-memory store.
info: Microsoft.AspNetCore.Hosting.Diagnostics[1]
      Request starting HTTP/1.1 DELETE http://localhost/syncs/progress - - -
info: Microsoft.AspNetCore.Authorization.DefaultAuthorizationService[2]
      Authorization failed. These requirements were not met:
      DenyAnonymousAuthorizationRequirement: Requires an authenticated user.
info: ksse.Auth.KoreaderAuthHandler[12]
      AuthenticationScheme: KoreaderAuthScheme was challenged.
info: Microsoft.AspNetCore.Hosting.Diagnostics[2]
      Request finished HTTP/1.1 DELETE http://localhost/syncs/progress - 401 - application/json;+charset=utf-8 1.4929ms</StdOut>
      </Output>
    </UnitTestResult>
    <UnitTestResult executionId="a2b0c50d-4670-4438-b50a-9b2274dbf84a" testId="1908a3f0-f0f0-88c2-a93c-83a990030485" testName="Test_GetProgressWithoutAuth_Fails" computerName="runnervm7b5n9" duration="00:00:00.0912068" startTime="2026-06-20T18:44:30.5456327+00:00" endTime="2026-06-20T18:44:30.6369289+00:00" testType="13cdc9d9-ddb5-4fa4-a97d-d965ccfc6d4b" outcome="Passed" testListId="8c84fa94-04c1-424b-9868-57a2d4851a1d" relativeResultsDirectory="a2b0c50d-4670-4438-b50a-9b2274dbf84a">
      <Output>
        <StdOut>info: Microsoft.AspNetCore.DataProtection.KeyManagement.XmlKeyManager[62]
      User profile is available. Using '/home/runner/.aspnet/DataProtection-Keys' as key repository; keys will not be encrypted at rest.
info: Microsoft.EntityFrameworkCore.Update[30100]
      Saved 1 entities to in-memory store.
info: Microsoft.EntityFrameworkCore.Update[30100]
      Saved 1 entities to in-memory store.
info: Microsoft.AspNetCore.Hosting.Diagnostics[1]
      Request starting HTTP/1.1 GET http://localhost/syncs/progress/document - - -
info: Microsoft.AspNetCore.Authorization.DefaultAuthorizationService[2]
      Authorization failed. These requirements were not met:
      DenyAnonymousAuthorizationRequirement: Requires an authenticated user.
info: ksse.Auth.KoreaderAuthHandler[12]
      AuthenticationScheme: KoreaderAuthScheme was challenged.
info: Microsoft.AspNetCore.Hosting.Diagnostics[2]
      Request finished HTTP/1.1 GET http://localhost/syncs/progress/document - 401 - application/json;+charset=utf-8 1.9414ms</StdOut>
      </Output>
    </UnitTestResult>
    <UnitTestResult executionId="7a7dcf04-65ed-4552-ba1b-5c06ba2d1c1d" testId="137e5dc7-696f-82d0-9be2-c99e006bbf79" testName="Test_DeleteProgressWithCorrectAuth_Succeeds" computerName="runnervm7b5n9" duration="00:00:00.1735586" startTime="2026-06-20T18:44:31.2483747+00:00" endTime="2026-06-20T18:44:31.4220174+00:00" testType="13cdc9d9-ddb5-4fa4-a97d-d965ccfc6d4b" outcome="Passed" testListId="8c84fa94-04c1-424b-9868-57a2d4851a1d" relativeResultsDirectory="7a7dcf04-65ed-4552-ba1b-5c06ba2d1c1d">
      <Output>
        <StdOut>info: Microsoft.AspNetCore.DataProtection.KeyManagement.XmlKeyManager[62]
      User profile is available. Using '/home/runner/.aspnet/DataProtection-Keys' as key repository; keys will not be encrypted at rest.
info: Microsoft.EntityFrameworkCore.Update[30100]
      Saved 1 entities to in-memory store.
info: Microsoft.EntityFrameworkCore.Update[30100]
      Saved 1 entities to in-memory store.
info: Microsoft.AspNetCore.Hosting.Diagnostics[1]
      Request starting HTTP/1.1 DELETE http://localhost/syncs/progress/document - - -
info: Microsoft.AspNetCore.Routing.EndpointMiddleware[0]
      Executing endpoint 'HTTP: DELETE syncs/progress/{document} =&gt; DeleteProgressAsync'
info: Microsoft.EntityFrameworkCore.Update[30100]
      Saved 1 entities to in-memory store.
info: Microsoft.AspNetCore.Http.Result.OkObjectResult[1]
      Setting HTTP status code 200.
info: Microsoft.AspNetCore.Routing.EndpointMiddleware[1]
      Executed endpoint 'HTTP: DELETE syncs/progress/{document} =&gt; DeleteProgressAsync'
info: Microsoft.AspNetCore.Hosting.Diagnostics[2]
      Request finished HTTP/1.1 DELETE http://localhost/syncs/progress/document - 200 - - 93.2741ms</StdOut>
      </Output>
    </UnitTestResult>
    <UnitTestResult executionId="ecf19e49-8814-438f-a129-843c334ae236" testId="12be7870-acca-8189-83ba-8c71522f628a" testName="Test_InvalidUsersDatabase_ReturnsServiceUnavailable" computerName="runnervm7b5n9" duration="00:00:00.2646593" startTime="2026-06-20T18:44:29.4804826+00:00" endTime="2026-06-20T18:44:29.7458293+00:00" testType="13cdc9d9-ddb5-4fa4-a97d-d965ccfc6d4b" outcome="Passed" testListId="8c84fa94-04c1-424b-9868-57a2d4851a1d" relativeResultsDirectory="ecf19e49-8814-438f-a129-843c334ae236">
      <Output>
        <StdOut>warn: Microsoft.EntityFrameworkCore.Model.Validation[30000]
      The entity type 'IdentityRole' is configured to use schema 'users', but SQLite does not support schemas. This configuration will be ignored by the SQLite provider.
warn: Microsoft.EntityFrameworkCore.Model.Validation[30000]
      The entity type 'IdentityRoleClaim&lt;string&gt;' is configured to use schema 'users', but SQLite does not support schemas. This configuration will be ignored by the SQLite provider.
warn: Microsoft.EntityFrameworkCore.Model.Validation[30000]
      The entity type 'IdentityUser' is configured to use schema 'users', but SQLite does not support schemas. This configuration will be ignored by the SQLite provider.
warn: Microsoft.EntityFrameworkCore.Model.Validation[30000]
      The entity type 'IdentityUserClaim&lt;string&gt;' is configured to use schema 'users', but SQLite does not support schemas. This configuration will be ignored by the SQLite provider.
warn: Microsoft.EntityFrameworkCore.Model.Validation[30000]
      The entity type 'IdentityUserLogin&lt;string&gt;' is configured to use schema 'users', but SQLite does not support schemas. This configuration will be ignored by the SQLite provider.
warn: Microsoft.EntityFrameworkCore.Model.Validation[30000]
      The entity type 'IdentityUserRole&lt;string&gt;' is configured to use schema 'users', but SQLite does not support schemas. This configuration will be ignored by the SQLite provider.
warn: Microsoft.EntityFrameworkCore.Model.Validation[30000]
      The entity type 'IdentityUserToken&lt;string&gt;' is configured to use schema 'users', but SQLite does not support schemas. This configuration will be ignored by the SQLite provider.
info: Microsoft.AspNetCore.DataProtection.KeyManagement.XmlKeyManager[62]
      User profile is available. Using '/home/runner/.aspnet/DataProtection-Keys' as key repository; keys will not be encrypted at rest.
info: Microsoft.AspNetCore.Hosting.Diagnostics[1]
      Request starting HTTP/1.1 GET http://localhost/healthcheck - - -
info: Microsoft.AspNetCore.Routing.EndpointMiddleware[0]
      Executing endpoint 'Health checks'
fail: Microsoft.Extensions.Diagnostics.HealthChecks.DefaultHealthCheckService[103]
      Health check UsersDbContext with status Unhealthy completed after 10.7577ms with message '(null)'
info: Microsoft.AspNetCore.Routing.EndpointMiddleware[1]
      Executed endpoint 'Health checks'
info: Microsoft.AspNetCore.Hosting.Diagnostics[2]
      Request finished HTTP/1.1 GET http://localhost/healthcheck - 503 - - 22.1866ms</StdOut>
      </Output>
    </UnitTestResult>
    <UnitTestResult executionId="ab60d5a9-5744-426c-b448-7ae0b536401f" testId="132945f6-6e23-865e-85d1-b4595840936c" testName="Test_CreateSameUserTwice_Fails" computerName="runnervm7b5n9" duration="00:00:00.0854312" startTime="2026-06-20T18:44:29.8406131+00:00" endTime="2026-06-20T18:44:29.9261306+00:00" testType="13cdc9d9-ddb5-4fa4-a97d-d965ccfc6d4b" outcome="Passed" testListId="8c84fa94-04c1-424b-9868-57a2d4851a1d" relativeResultsDirectory="ab60d5a9-5744-426c-b448-7ae0b536401f">
      <Output>
        <StdOut>info: Microsoft.AspNetCore.DataProtection.KeyManagement.XmlKeyManager[62]
      User profile is available. Using '/home/runner/.aspnet/DataProtection-Keys' as key repository; keys will not be encrypted at rest.
info: Microsoft.AspNetCore.Hosting.Diagnostics[1]
      Request starting HTTP/1.1 POST http://localhost/users/create - application/json;+charset=utf-8 -
info: Microsoft.AspNetCore.Routing.EndpointMiddleware[0]
      Executing endpoint 'HTTP: POST users/create =&gt; CreateUserAsync'
info: Microsoft.EntityFrameworkCore.Update[30100]
      Saved 1 entities to in-memory store.
info: Microsoft.AspNetCore.Http.Result.CreatedResult[1]
      Setting HTTP status code 201.
info: Microsoft.AspNetCore.Http.Result.CreatedResult[3]
      Writing value of type 'CreateUserResponse' as Json.
info: Microsoft.AspNetCore.Routing.EndpointMiddleware[1]
      Executed endpoint 'HTTP: POST users/create =&gt; CreateUserAsync'
info: Microsoft.AspNetCore.Hosting.Diagnostics[2]
      Request finished HTTP/1.1 POST http://localhost/users/create - 201 - application/json;+charset=utf-8 70.7746ms
info: Microsoft.AspNetCore.Hosting.Diagnostics[1]
      Request starting HTTP/1.1 POST http://localhost/users/create - application/json;+charset=utf-8 -
info: Microsoft.AspNetCore.Routing.EndpointMiddleware[0]
      Executing endpoint 'HTTP: POST users/create =&gt; CreateUserAsync'
info: Microsoft.AspNetCore.Http.Result.JsonResult[1]
      Setting HTTP status code 402.
info: Microsoft.AspNetCore.Http.Result.JsonResult[3]
      Writing value of type 'ErrorResponse' as Json.
info: Microsoft.AspNetCore.Routing.EndpointMiddleware[1]
      Executed endpoint 'HTTP: POST users/create =&gt; CreateUserAsync'
info: Microsoft.AspNetCore.Hosting.Diagnostics[2]
      Request finished HTTP/1.1 POST http://localhost/users/create - 402 - application/json;+charset=utf-8 4.4688ms</StdOut>
      </Output>
    </UnitTestResult>
    <UnitTestResult executionId="bd790f8c-870c-475a-87de-6a9c4de692d3" testId="199f3463-3b26-8091-a133-d84de9085545" testName="Test_PutProgressTwiceWithCorrectAuth_SucceedsAndOverwrites" computerName="runnervm7b5n9" duration="00:00:00.3084114" startTime="2026-06-20T18:44:30.2301526+00:00" endTime="2026-06-20T18:44:30.5386428+00:00" testType="13cdc9d9-ddb5-4fa4-a97d-d965ccfc6d4b" outcome="Passed" testListId="8c84fa94-04c1-424b-9868-57a2d4851a1d" relativeResultsDirectory="bd790f8c-870c-475a-87de-6a9c4de692d3">
      <Output>
        <StdOut>info: Microsoft.AspNetCore.DataProtection.KeyManagement.XmlKeyManager[62]
      User profile is available. Using '/home/runner/.aspnet/DataProtection-Keys' as key repository; keys will not be encrypted at rest.
info: Microsoft.EntityFrameworkCore.Update[30100]
      Saved 1 entities to in-memory store.
info: Microsoft.AspNetCore.Hosting.Diagnostics[1]
      Request starting HTTP/1.1 PUT http://localhost/syncs/progress - application/json;+charset=utf-8 -
info: Microsoft.AspNetCore.Routing.EndpointMiddleware[0]
      Executing endpoint 'HTTP: PUT syncs/progress/ =&gt; PutProgressAsync'
info: Microsoft.EntityFrameworkCore.Update[30100]
      Saved 1 entities to in-memory store.
info: Microsoft.AspNetCore.Http.Result.OkObjectResult[1]
      Setting HTTP status code 200.
info: Microsoft.AspNetCore.Http.Result.OkObjectResult[3]
      Writing value of type 'PutProgressResponse' as Json.
info: Microsoft.AspNetCore.Routing.EndpointMiddleware[1]
      Executed endpoint 'HTTP: PUT syncs/progress/ =&gt; PutProgressAsync'
info: Microsoft.AspNetCore.Hosting.Diagnostics[2]
      Request finished HTTP/1.1 PUT http://localhost/syncs/progress - 200 - application/json;+charset=utf-8 71.6455ms
info: Microsoft.AspNetCore.Hosting.Diagnostics[1]
      Request starting HTTP/1.1 PUT http://localhost/syncs/progress - application/json;+charset=utf-8 -
info: Microsoft.AspNetCore.Routing.EndpointMiddleware[0]
      Executing endpoint 'HTTP: PUT syncs/progress/ =&gt; PutProgressAsync'
info: Microsoft.EntityFrameworkCore.Update[30100]
      Saved 1 entities to in-memory store.
info: Microsoft.AspNetCore.Http.Result.OkObjectResult[1]
      Setting HTTP status code 200.
info: Microsoft.AspNetCore.Http.Result.OkObjectResult[3]
      Writing value of type 'PutProgressResponse' as Json.
info: Microsoft.AspNetCore.Routing.EndpointMiddleware[1]
      Executed endpoint 'HTTP: PUT syncs/progress/ =&gt; PutProgressAsync'
info: Microsoft.AspNetCore.Hosting.Diagnostics[2]
      Request finished HTTP/1.1 PUT http://localhost/syncs/progress - 200 - application/json;+charset=utf-8 132.6630ms</StdOut>
      </Output>
    </UnitTestResult>
  </Results>
  <TestDefinitions>
    <UnitTest name="Test_AuthWithNoCredentials_Fails" storage="/home/runner/work/dotnet-monorepo/dotnet-monorepo/src/artifacts/bin/ksse.tests/release_linux-x64/ksse.tests.dll" id="102c7657-8154-8238-90b7-6e32f2a18fc7">
      <Execution id="c3b44ef7-d986-4b11-8473-a14a2f3dcbac" />
      <TestMethod codeBase="/home/runner/work/dotnet-monorepo/dotnet-monorepo/src/artifacts/bin/ksse.Tests/release_linux-x64/ksse.Tests.dll" adapterTypeName="executor://mstestadapter/v4" className="ksse.Tests.UsersTests" name="Test_AuthWithNoCredentials_Fails" />
    </UnitTest>
    <UnitTest name="Test_CreateSameUserTwice_Fails" storage="/home/runner/work/dotnet-monorepo/dotnet-monorepo/src/artifacts/bin/ksse.tests/release_linux-x64/ksse.tests.dll" id="132945f6-6e23-865e-85d1-b4595840936c">
      <Execution id="ab60d5a9-5744-426c-b448-7ae0b536401f" />
      <TestMethod codeBase="/home/runner/work/dotnet-monorepo/dotnet-monorepo/src/artifacts/bin/ksse.Tests/release_linux-x64/ksse.Tests.dll" adapterTypeName="executor://mstestadapter/v4" className="ksse.Tests.UsersTests" name="Test_CreateSameUserTwice_Fails" />
    </UnitTest>
    <UnitTest name="Test_GetAllProgressWithCorrectAuth_Succeeds" storage="/home/runner/work/dotnet-monorepo/dotnet-monorepo/src/artifacts/bin/ksse.tests/release_linux-x64/ksse.tests.dll" id="17aa2d49-4588-833f-803d-ac33704ec19b">
      <Execution id="01d3583c-a431-416f-aa89-0c01ae06c152" />
      <TestMethod codeBase="/home/runner/work/dotnet-monorepo/dotnet-monorepo/src/artifacts/bin/ksse.Tests/release_linux-x64/ksse.Tests.dll" adapterTypeName="executor://mstestadapter/v4" className="ksse.Tests.ProgressTests" name="Test_GetAllProgressWithCorrectAuth_Succeeds" />
    </UnitTest>
    <UnitTest name="Test_ChangePasswordWithoutAuth_Fails" storage="/home/runner/work/dotnet-monorepo/dotnet-monorepo/src/artifacts/bin/ksse.tests/release_linux-x64/ksse.tests.dll" id="155446e3-8a34-83e5-aee6-75e105570957">
      <Execution id="a56703f1-8388-40b0-be6f-cd19daab6759" />
      <TestMethod codeBase="/home/runner/work/dotnet-monorepo/dotnet-monorepo/src/artifacts/bin/ksse.Tests/release_linux-x64/ksse.Tests.dll" adapterTypeName="executor://mstestadapter/v4" className="ksse.Tests.UsersTests" name="Test_ChangePasswordWithoutAuth_Fails" />
    </UnitTest>
    <UnitTest name="Test_GetAllProgressWithoutAuth_Fails" storage="/home/runner/work/dotnet-monorepo/dotnet-monorepo/src/artifacts/bin/ksse.tests/release_linux-x64/ksse.tests.dll" id="1264adfd-ff7f-8738-8b4f-c2ee71cba679">
      <Execution id="2f0f5c67-c2df-4691-a9ed-0131387294a7" />
      <TestMethod codeBase="/home/runner/work/dotnet-monorepo/dotnet-monorepo/src/artifacts/bin/ksse.Tests/release_linux-x64/ksse.Tests.dll" adapterTypeName="executor://mstestadapter/v4" className="ksse.Tests.ProgressTests" name="Test_GetAllProgressWithoutAuth_Fails" />
    </UnitTest>
    <UnitTest name="Test_DeleteUserWithCorrectAuth_Succeeds" storage="/home/runner/work/dotnet-monorepo/dotnet-monorepo/src/artifacts/bin/ksse.tests/release_linux-x64/ksse.tests.dll" id="173f52f6-fe2f-8ccc-bbde-bcea11e0654f">
      <Execution id="7d9bfe34-44ba-426e-94a2-ef67a52b6758" />
      <TestMethod codeBase="/home/runner/work/dotnet-monorepo/dotnet-monorepo/src/artifacts/bin/ksse.Tests/release_linux-x64/ksse.Tests.dll" adapterTypeName="executor://mstestadapter/v4" className="ksse.Tests.UsersTests" name="Test_DeleteUserWithCorrectAuth_Succeeds" />
    </UnitTest>
    <UnitTest name="Test_PutProgressWithWrongPassword_Fails" storage="/home/runner/work/dotnet-monorepo/dotnet-monorepo/src/artifacts/bin/ksse.tests/release_linux-x64/ksse.tests.dll" id="13a5cd0b-69fa-8c36-91a9-0fe254e7e6bd">
      <Execution id="1514f144-8948-4213-bb0f-ac24b8d2d10d" />
      <TestMethod codeBase="/home/runner/work/dotnet-monorepo/dotnet-monorepo/src/artifacts/bin/ksse.Tests/release_linux-x64/ksse.Tests.dll" adapterTypeName="executor://mstestadapter/v4" className="ksse.Tests.ProgressTests" name="Test_PutProgressWithWrongPassword_Fails" />
    </UnitTest>
    <UnitTest name="Test_DeleteProgressWithCorrectAuth_Succeeds" storage="/home/runner/work/dotnet-monorepo/dotnet-monorepo/src/artifacts/bin/ksse.tests/release_linux-x64/ksse.tests.dll" id="137e5dc7-696f-82d0-9be2-c99e006bbf79">
      <Execution id="7a7dcf04-65ed-4552-ba1b-5c06ba2d1c1d" />
      <TestMethod codeBase="/home/runner/work/dotnet-monorepo/dotnet-monorepo/src/artifacts/bin/ksse.Tests/release_linux-x64/ksse.Tests.dll" adapterTypeName="executor://mstestadapter/v4" className="ksse.Tests.ProgressTests" name="Test_DeleteProgressWithCorrectAuth_Succeeds" />
    </UnitTest>
    <UnitTest name="Test_AuthNonExistentUser_Fails" storage="/home/runner/work/dotnet-monorepo/dotnet-monorepo/src/artifacts/bin/ksse.tests/release_linux-x64/ksse.tests.dll" id="1724032a-64f1-8808-bb42-6938d7db544f">
      <Execution id="c2339a8d-6c3a-4bb2-a0a2-4d6f0cff24c9" />
      <TestMethod codeBase="/home/runner/work/dotnet-monorepo/dotnet-monorepo/src/artifacts/bin/ksse.Tests/release_linux-x64/ksse.Tests.dll" adapterTypeName="executor://mstestadapter/v4" className="ksse.Tests.UsersTests" name="Test_AuthNonExistentUser_Fails" />
    </UnitTest>
    <UnitTest name="Test_GetProgressWithCorrectAuth_Succeeds" storage="/home/runner/work/dotnet-monorepo/dotnet-monorepo/src/artifacts/bin/ksse.tests/release_linux-x64/ksse.tests.dll" id="16a1c27b-d16e-8bad-a515-82515bf126eb">
      <Execution id="5d58dbf6-90eb-424f-b17e-d6c534b776f9" />
      <TestMethod codeBase="/home/runner/work/dotnet-monorepo/dotnet-monorepo/src/artifacts/bin/ksse.Tests/release_linux-x64/ksse.Tests.dll" adapterTypeName="executor://mstestadapter/v4" className="ksse.Tests.ProgressTests" name="Test_GetProgressWithCorrectAuth_Succeeds" />
    </UnitTest>
    <UnitTest name="Test_PutProgressWithoutAuth_Fails" storage="/home/runner/work/dotnet-monorepo/dotnet-monorepo/src/artifacts/bin/ksse.tests/release_linux-x64/ksse.tests.dll" id="112f889c-6e0f-89cb-a5bb-7e10d8d74f0f">
      <Execution id="086152d3-025d-4653-854a-0900d0857a06" />
      <TestMethod codeBase="/home/runner/work/dotnet-monorepo/dotnet-monorepo/src/artifacts/bin/ksse.Tests/release_linux-x64/ksse.Tests.dll" adapterTypeName="executor://mstestadapter/v4" className="ksse.Tests.ProgressTests" name="Test_PutProgressWithoutAuth_Fails" />
    </UnitTest>
    <UnitTest name="Test_PutProgressWithCorrectAuth_Succeeds" storage="/home/runner/work/dotnet-monorepo/dotnet-monorepo/src/artifacts/bin/ksse.tests/release_linux-x64/ksse.tests.dll" id="1fcc2f72-d833-84dc-a917-4405961190c3">
      <Execution id="a5ca6200-b59e-470c-97a3-db7ed532fe71" />
      <TestMethod codeBase="/home/runner/work/dotnet-monorepo/dotnet-monorepo/src/artifacts/bin/ksse.Tests/release_linux-x64/ksse.Tests.dll" adapterTypeName="executor://mstestadapter/v4" className="ksse.Tests.ProgressTests" name="Test_PutProgressWithCorrectAuth_Succeeds" />
    </UnitTest>
    <UnitTest name="Test_ValidDatabases_ReturnsOkState" storage="/home/runner/work/dotnet-monorepo/dotnet-monorepo/src/artifacts/bin/ksse.tests/release_linux-x64/ksse.tests.dll" id="1af89287-99f5-876a-b55a-701f9eb5be7c">
      <Execution id="c29f2be8-3c77-4203-ab5b-66a3ddc0ed4c" />
      <TestMethod codeBase="/home/runner/work/dotnet-monorepo/dotnet-monorepo/src/artifacts/bin/ksse.Tests/release_linux-x64/ksse.Tests.dll" adapterTypeName="executor://mstestadapter/v4" className="ksse.Tests.HealthTests" name="Test_ValidDatabases_ReturnsOkState" />
    </UnitTest>
    <UnitTest name="Test_PutProgressTwiceWithCorrectAuth_SucceedsAndOverwrites" storage="/home/runner/work/dotnet-monorepo/dotnet-monorepo/src/artifacts/bin/ksse.tests/release_linux-x64/ksse.tests.dll" id="199f3463-3b26-8091-a133-d84de9085545">
      <Execution id="bd790f8c-870c-475a-87de-6a9c4de692d3" />
      <TestMethod codeBase="/home/runner/work/dotnet-monorepo/dotnet-monorepo/src/artifacts/bin/ksse.Tests/release_linux-x64/ksse.Tests.dll" adapterTypeName="executor://mstestadapter/v4" className="ksse.Tests.ProgressTests" name="Test_PutProgressTwiceWithCorrectAuth_SucceedsAndOverwrites" />
    </UnitTest>
    <UnitTest name="Test_DeleteProgressWithoutAuth_Fails" storage="/home/runner/work/dotnet-monorepo/dotnet-monorepo/src/artifacts/bin/ksse.tests/release_linux-x64/ksse.tests.dll" id="11753310-0116-811b-a9d6-9e37c130b4c9">
      <Execution id="e4c8edbb-275e-48e2-ac28-c9c32ed9f6fa" />
      <TestMethod codeBase="/home/runner/work/dotnet-monorepo/dotnet-monorepo/src/artifacts/bin/ksse.Tests/release_linux-x64/ksse.Tests.dll" adapterTypeName="executor://mstestadapter/v4" className="ksse.Tests.ProgressTests" name="Test_DeleteProgressWithoutAuth_Fails" />
    </UnitTest>
    <UnitTest name="Test_GetProgressWithWrongPassword_Fails" storage="/home/runner/work/dotnet-monorepo/dotnet-monorepo/src/artifacts/bin/ksse.tests/release_linux-x64/ksse.tests.dll" id="1f4f93a2-a1d4-8964-a870-128e9bd4cfdb">
      <Execution id="e32a915c-0942-4d50-a002-ead7f7282e5b" />
      <TestMethod codeBase="/home/runner/work/dotnet-monorepo/dotnet-monorepo/src/artifacts/bin/ksse.Tests/release_linux-x64/ksse.Tests.dll" adapterTypeName="executor://mstestadapter/v4" className="ksse.Tests.ProgressTests" name="Test_GetProgressWithWrongPassword_Fails" />
    </UnitTest>
    <UnitTest name="Test_ChangeClientHashedPasswordWithCorrectAuth_Succeeds" storage="/home/runner/work/dotnet-monorepo/dotnet-monorepo/src/artifacts/bin/ksse.tests/release_linux-x64/ksse.tests.dll" id="19387bbc-99d0-8cea-8ff1-10b5a3767f55">
      <Execution id="35951d0a-f554-4432-a58e-471ee0a88f41" />
      <TestMethod codeBase="/home/runner/work/dotnet-monorepo/dotnet-monorepo/src/artifacts/bin/ksse.Tests/release_linux-x64/ksse.Tests.dll" adapterTypeName="executor://mstestadapter/v4" className="ksse.Tests.UsersTests" name="Test_ChangeClientHashedPasswordWithCorrectAuth_Succeeds" />
    </UnitTest>
    <UnitTest name="Test_GetProgressWithoutAuth_Fails" storage="/home/runner/work/dotnet-monorepo/dotnet-monorepo/src/artifacts/bin/ksse.tests/release_linux-x64/ksse.tests.dll" id="1908a3f0-f0f0-88c2-a93c-83a990030485">
      <Execution id="a2b0c50d-4670-4438-b50a-9b2274dbf84a" />
      <TestMethod codeBase="/home/runner/work/dotnet-monorepo/dotnet-monorepo/src/artifacts/bin/ksse.Tests/release_linux-x64/ksse.Tests.dll" adapterTypeName="executor://mstestadapter/v4" className="ksse.Tests.ProgressTests" name="Test_GetProgressWithoutAuth_Fails" />
    </UnitTest>
    <UnitTest name="Test_DeleteAllProgressWithCorrectAuth_Succeeds" storage="/home/runner/work/dotnet-monorepo/dotnet-monorepo/src/artifacts/bin/ksse.tests/release_linux-x64/ksse.tests.dll" id="1e11a824-50f6-8f93-b2fe-0420f6201f65">
      <Execution id="f40db402-5737-487b-9743-877e40270614" />
      <TestMethod codeBase="/home/runner/work/dotnet-monorepo/dotnet-monorepo/src/artifacts/bin/ksse.Tests/release_linux-x64/ksse.Tests.dll" adapterTypeName="executor://mstestadapter/v4" className="ksse.Tests.ProgressTests" name="Test_DeleteAllProgressWithCorrectAuth_Succeeds" />
    </UnitTest>
    <UnitTest name="Test_GetProgressWithCorrectAuthButNoProgressDocument_SucceedsAndReturnsEmptyObject" storage="/home/runner/work/dotnet-monorepo/dotnet-monorepo/src/artifacts/bin/ksse.tests/release_linux-x64/ksse.tests.dll" id="192886f3-f09f-8e26-9120-75957a3fea42">
      <Execution id="7cccb52c-9dab-40c5-b725-c486c9d01d08" />
      <TestMethod codeBase="/home/runner/work/dotnet-monorepo/dotnet-monorepo/src/artifacts/bin/ksse.Tests/release_linux-x64/ksse.Tests.dll" adapterTypeName="executor://mstestadapter/v4" className="ksse.Tests.ProgressTests" name="Test_GetProgressWithCorrectAuthButNoProgressDocument_SucceedsAndReturnsEmptyObject" />
    </UnitTest>
    <UnitTest name="Test_InvalidAllDatabases_ReturnsServiceUnavailable" storage="/home/runner/work/dotnet-monorepo/dotnet-monorepo/src/artifacts/bin/ksse.tests/release_linux-x64/ksse.tests.dll" id="17ae3335-de08-8274-abf4-82d4bda2c6e4">
      <Execution id="06b20197-0466-491e-ae37-02eda1530e0e" />
      <TestMethod codeBase="/home/runner/work/dotnet-monorepo/dotnet-monorepo/src/artifacts/bin/ksse.Tests/release_linux-x64/ksse.Tests.dll" adapterTypeName="executor://mstestadapter/v4" className="ksse.Tests.HealthTests" name="Test_InvalidAllDatabases_ReturnsServiceUnavailable" />
    </UnitTest>
    <UnitTest name="Test_CreateSingleUser_Succeeds" storage="/home/runner/work/dotnet-monorepo/dotnet-monorepo/src/artifacts/bin/ksse.tests/release_linux-x64/ksse.tests.dll" id="1df49f38-1207-8a30-88a1-aaca5355f62a">
      <Execution id="330a7aae-1be2-42f5-b5b8-fbfd7da5bef0" />
      <TestMethod codeBase="/home/runner/work/dotnet-monorepo/dotnet-monorepo/src/artifacts/bin/ksse.Tests/release_linux-x64/ksse.Tests.dll" adapterTypeName="executor://mstestadapter/v4" className="ksse.Tests.UsersTests" name="Test_CreateSingleUser_Succeeds" />
    </UnitTest>
    <UnitTest name="Test_AuthUserWithWrongPassword_Fails" storage="/home/runner/work/dotnet-monorepo/dotnet-monorepo/src/artifacts/bin/ksse.tests/release_linux-x64/ksse.tests.dll" id="15201303-d604-8041-9655-9129f3963e8f">
      <Execution id="dc6b9781-879d-40bd-b83e-aeb29858e172" />
      <TestMethod codeBase="/home/runner/work/dotnet-monorepo/dotnet-monorepo/src/artifacts/bin/ksse.Tests/release_linux-x64/ksse.Tests.dll" adapterTypeName="executor://mstestadapter/v4" className="ksse.Tests.UsersTests" name="Test_AuthUserWithWrongPassword_Fails" />
    </UnitTest>
    <UnitTest name="Test_AuthUserWithCorrectAuth_Succeeds" storage="/home/runner/work/dotnet-monorepo/dotnet-monorepo/src/artifacts/bin/ksse.tests/release_linux-x64/ksse.tests.dll" id="186d133a-e1bb-8efe-8510-063deb350373">
      <Execution id="bef5aee9-ec5d-41ab-8307-148fab9f96c5" />
      <TestMethod codeBase="/home/runner/work/dotnet-monorepo/dotnet-monorepo/src/artifacts/bin/ksse.Tests/release_linux-x64/ksse.Tests.dll" adapterTypeName="executor://mstestadapter/v4" className="ksse.Tests.UsersTests" name="Test_AuthUserWithCorrectAuth_Succeeds" />
    </UnitTest>
    <UnitTest name="Test_InvalidUsersDatabase_ReturnsServiceUnavailable" storage="/home/runner/work/dotnet-monorepo/dotnet-monorepo/src/artifacts/bin/ksse.tests/release_linux-x64/ksse.tests.dll" id="12be7870-acca-8189-83ba-8c71522f628a">
      <Execution id="ecf19e49-8814-438f-a129-843c334ae236" />
      <TestMethod codeBase="/home/runner/work/dotnet-monorepo/dotnet-monorepo/src/artifacts/bin/ksse.Tests/release_linux-x64/ksse.Tests.dll" adapterTypeName="executor://mstestadapter/v4" className="ksse.Tests.HealthTests" name="Test_InvalidUsersDatabase_ReturnsServiceUnavailable" />
    </UnitTest>
    <UnitTest name="Test_InvalidProgressDatabase_ReturnsServiceUnavailable" storage="/home/runner/work/dotnet-monorepo/dotnet-monorepo/src/artifacts/bin/ksse.tests/release_linux-x64/ksse.tests.dll" id="1542a3bb-7a8a-8712-8727-d3cbb815d2f3">
      <Execution id="bf57b7cb-030d-459a-b7f3-70aef4c30c36" />
      <TestMethod codeBase="/home/runner/work/dotnet-monorepo/dotnet-monorepo/src/artifacts/bin/ksse.Tests/release_linux-x64/ksse.Tests.dll" adapterTypeName="executor://mstestadapter/v4" className="ksse.Tests.HealthTests" name="Test_InvalidProgressDatabase_ReturnsServiceUnavailable" />
    </UnitTest>
    <UnitTest name="Test_DeleteUserWithoutAuth_Fails" storage="/home/runner/work/dotnet-monorepo/dotnet-monorepo/src/artifacts/bin/ksse.tests/release_linux-x64/ksse.tests.dll" id="108ef64b-0942-857b-8a32-d8eeac5741d3">
      <Execution id="ee7add96-ccdc-4a57-a248-00b8ed9845d5" />
      <TestMethod codeBase="/home/runner/work/dotnet-monorepo/dotnet-monorepo/src/artifacts/bin/ksse.Tests/release_linux-x64/ksse.Tests.dll" adapterTypeName="executor://mstestadapter/v4" className="ksse.Tests.UsersTests" name="Test_DeleteUserWithoutAuth_Fails" />
    </UnitTest>
    <UnitTest name="Test_DeleteAllProgressWithoutAuth_Fails" storage="/home/runner/work/dotnet-monorepo/dotnet-monorepo/src/artifacts/bin/ksse.tests/release_linux-x64/ksse.tests.dll" id="15f5f23a-ae14-8d39-9383-0afe8eefc855">
      <Execution id="cf1f474f-a026-4d8d-bf7c-7220836aacaa" />
      <TestMethod codeBase="/home/runner/work/dotnet-monorepo/dotnet-monorepo/src/artifacts/bin/ksse.Tests/release_linux-x64/ksse.Tests.dll" adapterTypeName="executor://mstestadapter/v4" className="ksse.Tests.ProgressTests" name="Test_DeleteAllProgressWithoutAuth_Fails" />
    </UnitTest>
    <UnitTest name="Test_CreateUserWhenFeatureIsDisabled_Fails" storage="/home/runner/work/dotnet-monorepo/dotnet-monorepo/src/artifacts/bin/ksse.tests/release_linux-x64/ksse.tests.dll" id="161fc569-3369-86c1-8e0d-6c373c25ff0b">
      <Execution id="be111391-553b-44c1-a680-12da4335b65c" />
      <TestMethod codeBase="/home/runner/work/dotnet-monorepo/dotnet-monorepo/src/artifacts/bin/ksse.Tests/release_linux-x64/ksse.Tests.dll" adapterTypeName="executor://mstestadapter/v4" className="ksse.Tests.UsersTests" name="Test_CreateUserWhenFeatureIsDisabled_Fails" />
    </UnitTest>
    <UnitTest name="Test_ChangePasswordWithCorrectAuth_Succeeds" storage="/home/runner/work/dotnet-monorepo/dotnet-monorepo/src/artifacts/bin/ksse.tests/release_linux-x64/ksse.tests.dll" id="16a2fc19-c0ac-83d7-b922-04ebb0e0c8fe">
      <Execution id="7cd51a89-60f7-416d-8e9e-0238b8c7f789" />
      <TestMethod codeBase="/home/runner/work/dotnet-monorepo/dotnet-monorepo/src/artifacts/bin/ksse.Tests/release_linux-x64/ksse.Tests.dll" adapterTypeName="executor://mstestadapter/v4" className="ksse.Tests.UsersTests" name="Test_ChangePasswordWithCorrectAuth_Succeeds" />
    </UnitTest>
  </TestDefinitions>
  <TestEntries>
    <TestEntry testId="102c7657-8154-8238-90b7-6e32f2a18fc7" executionId="c3b44ef7-d986-4b11-8473-a14a2f3dcbac" testListId="8c84fa94-04c1-424b-9868-57a2d4851a1d" />
    <TestEntry testId="16a1c27b-d16e-8bad-a515-82515bf126eb" executionId="5d58dbf6-90eb-424f-b17e-d6c534b776f9" testListId="8c84fa94-04c1-424b-9868-57a2d4851a1d" />
    <TestEntry testId="186d133a-e1bb-8efe-8510-063deb350373" executionId="bef5aee9-ec5d-41ab-8307-148fab9f96c5" testListId="8c84fa94-04c1-424b-9868-57a2d4851a1d" />
    <TestEntry testId="1fcc2f72-d833-84dc-a917-4405961190c3" executionId="a5ca6200-b59e-470c-97a3-db7ed532fe71" testListId="8c84fa94-04c1-424b-9868-57a2d4851a1d" />
    <TestEntry testId="11753310-0116-811b-a9d6-9e37c130b4c9" executionId="e4c8edbb-275e-48e2-ac28-c9c32ed9f6fa" testListId="8c84fa94-04c1-424b-9868-57a2d4851a1d" />
    <TestEntry testId="17ae3335-de08-8274-abf4-82d4bda2c6e4" executionId="06b20197-0466-491e-ae37-02eda1530e0e" testListId="8c84fa94-04c1-424b-9868-57a2d4851a1d" />
    <TestEntry testId="161fc569-3369-86c1-8e0d-6c373c25ff0b" executionId="be111391-553b-44c1-a680-12da4335b65c" testListId="8c84fa94-04c1-424b-9868-57a2d4851a1d" />
    <TestEntry testId="1542a3bb-7a8a-8712-8727-d3cbb815d2f3" executionId="bf57b7cb-030d-459a-b7f3-70aef4c30c36" testListId="8c84fa94-04c1-424b-9868-57a2d4851a1d" />
    <TestEntry testId="15201303-d604-8041-9655-9129f3963e8f" executionId="dc6b9781-879d-40bd-b83e-aeb29858e172" testListId="8c84fa94-04c1-424b-9868-57a2d4851a1d" />
    <TestEntry testId="192886f3-f09f-8e26-9120-75957a3fea42" executionId="7cccb52c-9dab-40c5-b725-c486c9d01d08" testListId="8c84fa94-04c1-424b-9868-57a2d4851a1d" />
    <TestEntry testId="1e11a824-50f6-8f93-b2fe-0420f6201f65" executionId="f40db402-5737-487b-9743-877e40270614" testListId="8c84fa94-04c1-424b-9868-57a2d4851a1d" />
    <TestEntry testId="155446e3-8a34-83e5-aee6-75e105570957" executionId="a56703f1-8388-40b0-be6f-cd19daab6759" testListId="8c84fa94-04c1-424b-9868-57a2d4851a1d" />
    <TestEntry testId="13a5cd0b-69fa-8c36-91a9-0fe254e7e6bd" executionId="1514f144-8948-4213-bb0f-ac24b8d2d10d" testListId="8c84fa94-04c1-424b-9868-57a2d4851a1d" />
    <TestEntry testId="17aa2d49-4588-833f-803d-ac33704ec19b" executionId="01d3583c-a431-416f-aa89-0c01ae06c152" testListId="8c84fa94-04c1-424b-9868-57a2d4851a1d" />
    <TestEntry testId="112f889c-6e0f-89cb-a5bb-7e10d8d74f0f" executionId="086152d3-025d-4653-854a-0900d0857a06" testListId="8c84fa94-04c1-424b-9868-57a2d4851a1d" />
    <TestEntry testId="16a2fc19-c0ac-83d7-b922-04ebb0e0c8fe" executionId="7cd51a89-60f7-416d-8e9e-0238b8c7f789" testListId="8c84fa94-04c1-424b-9868-57a2d4851a1d" />
    <TestEntry testId="1af89287-99f5-876a-b55a-701f9eb5be7c" executionId="c29f2be8-3c77-4203-ab5b-66a3ddc0ed4c" testListId="8c84fa94-04c1-424b-9868-57a2d4851a1d" />
    <TestEntry testId="1df49f38-1207-8a30-88a1-aaca5355f62a" executionId="330a7aae-1be2-42f5-b5b8-fbfd7da5bef0" testListId="8c84fa94-04c1-424b-9868-57a2d4851a1d" />
    <TestEntry testId="108ef64b-0942-857b-8a32-d8eeac5741d3" executionId="ee7add96-ccdc-4a57-a248-00b8ed9845d5" testListId="8c84fa94-04c1-424b-9868-57a2d4851a1d" />
    <TestEntry testId="1f4f93a2-a1d4-8964-a870-128e9bd4cfdb" executionId="e32a915c-0942-4d50-a002-ead7f7282e5b" testListId="8c84fa94-04c1-424b-9868-57a2d4851a1d" />
    <TestEntry testId="1724032a-64f1-8808-bb42-6938d7db544f" executionId="c2339a8d-6c3a-4bb2-a0a2-4d6f0cff24c9" testListId="8c84fa94-04c1-424b-9868-57a2d4851a1d" />
    <TestEntry testId="1264adfd-ff7f-8738-8b4f-c2ee71cba679" executionId="2f0f5c67-c2df-4691-a9ed-0131387294a7" testListId="8c84fa94-04c1-424b-9868-57a2d4851a1d" />
    <TestEntry testId="173f52f6-fe2f-8ccc-bbde-bcea11e0654f" executionId="7d9bfe34-44ba-426e-94a2-ef67a52b6758" testListId="8c84fa94-04c1-424b-9868-57a2d4851a1d" />
    <TestEntry testId="19387bbc-99d0-8cea-8ff1-10b5a3767f55" executionId="35951d0a-f554-4432-a58e-471ee0a88f41" testListId="8c84fa94-04c1-424b-9868-57a2d4851a1d" />
    <TestEntry testId="15f5f23a-ae14-8d39-9383-0afe8eefc855" executionId="cf1f474f-a026-4d8d-bf7c-7220836aacaa" testListId="8c84fa94-04c1-424b-9868-57a2d4851a1d" />
    <TestEntry testId="1908a3f0-f0f0-88c2-a93c-83a990030485" executionId="a2b0c50d-4670-4438-b50a-9b2274dbf84a" testListId="8c84fa94-04c1-424b-9868-57a2d4851a1d" />
    <TestEntry testId="137e5dc7-696f-82d0-9be2-c99e006bbf79" executionId="7a7dcf04-65ed-4552-ba1b-5c06ba2d1c1d" testListId="8c84fa94-04c1-424b-9868-57a2d4851a1d" />
    <TestEntry testId="12be7870-acca-8189-83ba-8c71522f628a" executionId="ecf19e49-8814-438f-a129-843c334ae236" testListId="8c84fa94-04c1-424b-9868-57a2d4851a1d" />
    <TestEntry testId="132945f6-6e23-865e-85d1-b4595840936c" executionId="ab60d5a9-5744-426c-b448-7ae0b536401f" testListId="8c84fa94-04c1-424b-9868-57a2d4851a1d" />
    <TestEntry testId="199f3463-3b26-8091-a133-d84de9085545" executionId="bd790f8c-870c-475a-87de-6a9c4de692d3" testListId="8c84fa94-04c1-424b-9868-57a2d4851a1d" />
  </TestEntries>
  <TestLists>
    <TestList name="Results Not in a List" id="8c84fa94-04c1-424b-9868-57a2d4851a1d" />
    <TestList name="All Loaded Results" id="19431567-8539-422a-85d7-44ee4e166bda" />
  </TestLists>
  <ResultSummary outcome="Completed">
    <Counters total="30" executed="30" passed="30" failed="0" error="0" timeout="0" aborted="0" inconclusive="0" passedButRunAborted="0" notRunnable="0" notExecuted="0" disconnected="0" warning="0" completed="0" inProgress="0" pending="0" />
    <Output>
      <StdOut>Test Parallelization enabled for /home/runner/work/dotnet-monorepo/dotnet-monorepo/src/artifacts/bin/ksse.Tests/release_linux-x64/ksse.Tests.dll (Workers: 4, Scope: ClassLevel)
</StdOut>
    </Output>
  </ResultSummary>
</TestRun>