<?xml version="1.0" encoding="utf-8"?>
<TestRun id="d74073fb-856d-4930-aa9b-a82cd50d5695" name="@runnervmtr4k5 2026-09-25 11:59:28" xmlns="http://microsoft.com/schemas/VisualStudio/TeamTest/2010">
  <Times creation="2026-09-25T11:59:28.4035532+00:00" queuing="2026-09-25T11:59:28.4035533+00:00" start="2026-09-25T11:59:26.6509527+00:00" finish="2026-09-25T11:59:30.4295735+00:00" />
  <TestSettings name="default" id="b161e4ff-10f2-461f-aa28-1d066f3a8629">
    <Deployment runDeploymentRoot="_runnervmtr4k5_2026-09-25_11_59_28" />
  </TestSettings>
  <Results>
    <UnitTestResult executionId="36b9b50b-c4fc-41d9-8ad4-5e7042b4f50e" testId="12be7870-acca-8189-83ba-8c71522f628a" testName="Test_InvalidUsersDatabase_ReturnsServiceUnavailable" computerName="runnervmtr4k5" duration="00:00:00.2119447" startTime="2026-09-25T11:59:27.8925402+00:00" endTime="2026-09-25T11:59:28.1052565+00:00" testType="13cdc9d9-ddb5-4fa4-a97d-d965ccfc6d4b" outcome="Passed" testListId="8c84fa94-04c1-424b-9868-57a2d4851a1d" relativeResultsDirectory="36b9b50b-c4fc-41d9-8ad4-5e7042b4f50e">
      <Output>
        <StdOut>warn: Microsoft.EntityFrameworkCore.Model.Validation[30000]
      The entity type 'IdentityRole' is configured to use schema 'users', but SQLite does not support schemas. This configuration will be ignored by the SQLite provider.
warn: Microsoft.EntityFrameworkCore.Model.Validation[30000]
      The entity type 'IdentityRoleClaim&lt;string&gt;' is configured to use schema 'users', but SQLite does not support schemas. This configuration will be ignored by the SQLite provider.
warn: Microsoft.EntityFrameworkCore.Model.Validation[30000]
      The entity type 'IdentityUser' is configured to use schema 'users', but SQLite does not support schemas. This configuration will be ignored by the SQLite provider.
warn: Microsoft.EntityFrameworkCore.Model.Validation[30000]
      The entity type 'IdentityUserClaim&lt;string&gt;' is configured to use schema 'users', but SQLite does not support schemas. This configuration will be ignored by the SQLite provider.
warn: Microsoft.EntityFrameworkCore.Model.Validation[30000]
      The entity type 'IdentityUserLogin&lt;string&gt;' is configured to use schema 'users', but SQLite does not support schemas. This configuration will be ignored by the SQLite provider.
warn: Microsoft.EntityFrameworkCore.Model.Validation[30000]
      The entity type 'IdentityUserRole&lt;string&gt;' is configured to use schema 'users', but SQLite does not support schemas. This configuration will be ignored by the SQLite provider.
warn: Microsoft.EntityFrameworkCore.Model.Validation[30000]
      The entity type 'IdentityUserToken&lt;string&gt;' is configured to use schema 'users', but SQLite does not support schemas. This configuration will be ignored by the SQLite provider.
info: Microsoft.AspNetCore.DataProtection.KeyManagement.XmlKeyManager[62]
      User profile is available. Using '/home/runner/.aspnet/DataProtection-Keys' as key repository; keys will not be encrypted at rest.
info: Microsoft.AspNetCore.Hosting.Diagnostics[1]
      Request starting HTTP/1.1 GET http://localhost/healthcheck - - -
info: Microsoft.AspNetCore.Routing.EndpointMiddleware[0]
      Executing endpoint 'Health checks'
fail: Microsoft.Extensions.Diagnostics.HealthChecks.DefaultHealthCheckService[103]
      Health check UsersDbContext with status Unhealthy completed after 10.455ms with message '(null)'
info: Microsoft.AspNetCore.Routing.EndpointMiddleware[1]
      Executed endpoint 'Health checks'
info: Microsoft.AspNetCore.Hosting.Diagnostics[2]
      Request finished HTTP/1.1 GET http://localhost/healthcheck - 503 - - 20.2571ms</StdOut>
      </Output>
    </UnitTestResult>
    <UnitTestResult executionId="62892446-a35a-451b-9667-55b97497d808" testId="1542a3bb-7a8a-8712-8727-d3cbb815d2f3" testName="Test_InvalidProgressDatabase_ReturnsServiceUnavailable" computerName="runnervmtr4k5" duration="00:00:00.1048094" startTime="2026-09-25T11:59:28.1057416+00:00" endTime="2026-09-25T11:59:28.2106243+00:00" testType="13cdc9d9-ddb5-4fa4-a97d-d965ccfc6d4b" outcome="Passed" testListId="8c84fa94-04c1-424b-9868-57a2d4851a1d" relativeResultsDirectory="62892446-a35a-451b-9667-55b97497d808">
      <Output>
        <StdOut>warn: Microsoft.EntityFrameworkCore.Model.Validation[30000]
      The entity type 'ProgressDocument' is configured to use schema 'progress', but SQLite does not support schemas. This configuration will be ignored by the SQLite provider.
info: Microsoft.AspNetCore.DataProtection.KeyManagement.XmlKeyManager[62]
      User profile is available. Using '/home/runner/.aspnet/DataProtection-Keys' as key repository; keys will not be encrypted at rest.
info: Microsoft.AspNetCore.Hosting.Diagnostics[1]
      Request starting HTTP/1.1 GET http://localhost/healthcheck - - -
info: Microsoft.AspNetCore.Routing.EndpointMiddleware[0]
      Executing endpoint 'Health checks'
fail: Microsoft.Extensions.Diagnostics.HealthChecks.DefaultHealthCheckService[103]
      Health check ProgressDbContext with status Unhealthy completed after 0.5026ms with message '(null)'
info: Microsoft.AspNetCore.Routing.EndpointMiddleware[1]
      Executed endpoint 'Health checks'
info: Microsoft.AspNetCore.Hosting.Diagnostics[2]
      Request finished HTTP/1.1 GET http://localhost/healthcheck - 503 - - 3.2839ms</StdOut>
      </Output>
    </UnitTestResult>
    <UnitTestResult executionId="919a89d3-3099-44b5-94a3-f2467533db4c" testId="108ef64b-0942-857b-8a32-d8eeac5741d3" testName="Test_DeleteUserWithoutAuth_Fails" computerName="runnervmtr4k5" duration="00:00:00.0772797" startTime="2026-09-25T11:59:29.7011486+00:00" endTime="2026-09-25T11:59:29.7784769+00:00" testType="13cdc9d9-ddb5-4fa4-a97d-d965ccfc6d4b" outcome="Passed" testListId="8c84fa94-04c1-424b-9868-57a2d4851a1d" relativeResultsDirectory="919a89d3-3099-44b5-94a3-f2467533db4c">
      <Output>
        <StdOut>info: Microsoft.AspNetCore.DataProtection.KeyManagement.XmlKeyManager[62]
      User profile is available. Using '/home/runner/.aspnet/DataProtection-Keys' as key repository; keys will not be encrypted at rest.
info: Microsoft.EntityFrameworkCore.Update[30100]
      Saved 1 entities to in-memory store.
info: Microsoft.AspNetCore.Hosting.Diagnostics[1]
      Request starting HTTP/1.1 DELETE http://localhost/users - - -
info: Microsoft.AspNetCore.Authorization.DefaultAuthorizationService[2]
      Authorization failed. These requirements were not met:
      DenyAnonymousAuthorizationRequirement: Requires an authenticated user.
info: ksse.Auth.KoreaderAuthHandler[12]
      AuthenticationScheme: KoreaderAuthScheme was challenged.
info: Microsoft.AspNetCore.Hosting.Diagnostics[2]
      Request finished HTTP/1.1 DELETE http://localhost/users - 401 - application/json;+charset=utf-8 3.7078ms</StdOut>
      </Output>
    </UnitTestResult>
    <UnitTestResult executionId="69e3e0da-e481-4738-8c62-0eda3a6672bf" testId="161fc569-3369-86c1-8e0d-6c373c25ff0b" testName="Test_CreateUserWhenFeatureIsDisabled_Fails" computerName="runnervmtr4k5" duration="00:00:00.0127047" startTime="2026-09-25T11:59:28.3328994+00:00" endTime="2026-09-25T11:59:28.3456521+00:00" testType="13cdc9d9-ddb5-4fa4-a97d-d965ccfc6d4b" outcome="Passed" testListId="8c84fa94-04c1-424b-9868-57a2d4851a1d" relativeResultsDirectory="69e3e0da-e481-4738-8c62-0eda3a6672bf">
      <Output>
        <StdOut>info: Microsoft.AspNetCore.DataProtection.KeyManagement.XmlKeyManager[62]
      User profile is available. Using '/home/runner/.aspnet/DataProtection-Keys' as key repository; keys will not be encrypted at rest.
info: Microsoft.AspNetCore.Hosting.Diagnostics[1]
      Request starting HTTP/1.1 POST http://localhost/users/create - application/json;+charset=utf-8 -
info: Microsoft.AspNetCore.Routing.EndpointMiddleware[0]
      Executing endpoint 'HTTP: POST users/create =&gt; CreateUserAsync'
info: Microsoft.AspNetCore.Http.Result.JsonResult[1]
      Setting HTTP status code 402.
info: Microsoft.AspNetCore.Http.Result.JsonResult[3]
      Writing value of type 'ErrorResponse' as Json.
info: Microsoft.AspNetCore.Routing.EndpointMiddleware[1]
      Executed endpoint 'HTTP: POST users/create =&gt; CreateUserAsync'
info: Microsoft.AspNetCore.Hosting.Diagnostics[2]
      Request finished HTTP/1.1 POST http://localhost/users/create - 402 - application/json;+charset=utf-8 4.4969ms</StdOut>
      </Output>
    </UnitTestResult>
    <UnitTestResult executionId="fae751d9-1a00-4020-b1dc-57a2eb71aaae" testId="137e5dc7-696f-82d0-9be2-c99e006bbf79" testName="Test_DeleteProgressWithCorrectAuth_Succeeds" computerName="runnervmtr4k5" duration="00:00:00.1653297" startTime="2026-09-25T11:59:29.6746696+00:00" endTime="2026-09-25T11:59:29.8400563+00:00" testType="13cdc9d9-ddb5-4fa4-a97d-d965ccfc6d4b" outcome="Passed" testListId="8c84fa94-04c1-424b-9868-57a2d4851a1d" relativeResultsDirectory="fae751d9-1a00-4020-b1dc-57a2eb71aaae">
      <Output>
        <StdOut>info: Microsoft.AspNetCore.DataProtection.KeyManagement.XmlKeyManager[62]
      User profile is available. Using '/home/runner/.aspnet/DataProtection-Keys' as key repository; keys will not be encrypted at rest.
info: Microsoft.EntityFrameworkCore.Update[30100]
      Saved 1 entities to in-memory store.
info: Microsoft.EntityFrameworkCore.Update[30100]
      Saved 1 entities to in-memory store.
info: Microsoft.AspNetCore.Hosting.Diagnostics[1]
      Request starting HTTP/1.1 DELETE http://localhost/syncs/progress/document - - -
info: Microsoft.AspNetCore.Routing.EndpointMiddleware[0]
      Executing endpoint 'HTTP: DELETE syncs/progress/{document} =&gt; DeleteProgressAsync'
info: Microsoft.EntityFrameworkCore.Update[30100]
      Saved 1 entities to in-memory store.
info: Microsoft.AspNetCore.Http.Result.OkObjectResult[1]
      Setting HTTP status code 200.
info: Microsoft.AspNetCore.Routing.EndpointMiddleware[1]
      Executed endpoint 'HTTP: DELETE syncs/progress/{document} =&gt; DeleteProgressAsync'
info: Microsoft.AspNetCore.Hosting.Diagnostics[2]
      Request finished HTTP/1.1 DELETE http://localhost/syncs/progress/document - 200 - - 87.0276ms</StdOut>
      </Output>
    </UnitTestResult>
    <UnitTestResult executionId="9a9301bc-97b9-4695-bb47-57eee762f216" testId="1af89287-99f5-876a-b55a-701f9eb5be7c" testName="Test_ValidDatabases_ReturnsOkState" computerName="runnervmtr4k5" duration="00:00:00.7447289" startTime="2026-09-25T11:59:27.1135998+00:00" endTime="2026-09-25T11:59:27.8867191+00:00" testType="13cdc9d9-ddb5-4fa4-a97d-d965ccfc6d4b" outcome="Passed" testListId="8c84fa94-04c1-424b-9868-57a2d4851a1d" relativeResultsDirectory="9a9301bc-97b9-4695-bb47-57eee762f216">
      <Output>
        <StdOut>info: Microsoft.AspNetCore.DataProtection.KeyManagement.XmlKeyManager[62]
      User profile is available. Using '/home/runner/.aspnet/DataProtection-Keys' as key repository; keys will not be encrypted at rest.
info: Microsoft.AspNetCore.DataProtection.KeyManagement.XmlKeyManager[58]
      Creating key {27d5310d-7569-48ea-af29-d46868641819} with creation date 2026-09-25 11:59:27Z, activation date 2026-09-25 11:59:27Z, and expiration date 2026-12-24 11:59:27Z.
warn: Microsoft.AspNetCore.DataProtection.KeyManagement.XmlKeyManager[35]
      No XML encryptor configured. Key {27d5310d-7569-48ea-af29-d46868641819} may be persisted to storage in unencrypted form.
info: Microsoft.AspNetCore.DataProtection.Repositories.FileSystemXmlRepository[39]
      Writing data to file '/home/runner/.aspnet/DataProtection-Keys/key-27d5310d-7569-48ea-af29-d46868641819.xml'.
info: Microsoft.AspNetCore.Hosting.Diagnostics[1]
      Request starting HTTP/1.1 GET http://localhost/healthcheck - - -
info: Microsoft.AspNetCore.Routing.EndpointMiddleware[0]
      Executing endpoint 'Health checks'
info: Microsoft.AspNetCore.Routing.EndpointMiddleware[1]
      Executed endpoint 'Health checks'
info: Microsoft.AspNetCore.Hosting.Diagnostics[2]
      Request finished HTTP/1.1 GET http://localhost/healthcheck - 200 - application/json;+charset=utf-8 106.6423ms</StdOut>
      </Output>
    </UnitTestResult>
    <UnitTestResult executionId="4bcbfba9-c059-4cc0-a641-50cfbd5cc0e9" testId="16a1c27b-d16e-8bad-a515-82515bf126eb" testName="Test_GetProgressWithCorrectAuth_Succeeds" computerName="runnervmtr4k5" duration="00:00:00.2564656" startTime="2026-09-25T11:59:29.1477474+00:00" endTime="2026-09-25T11:59:29.4042747+00:00" testType="13cdc9d9-ddb5-4fa4-a97d-d965ccfc6d4b" outcome="Passed" testListId="8c84fa94-04c1-424b-9868-57a2d4851a1d" relativeResultsDirectory="4bcbfba9-c059-4cc0-a641-50cfbd5cc0e9">
      <Output>
        <StdOut>info: Microsoft.AspNetCore.DataProtection.KeyManagement.XmlKeyManager[62]
      User profile is available. Using '/home/runner/.aspnet/DataProtection-Keys' as key repository; keys will not be encrypted at rest.
info: Microsoft.EntityFrameworkCore.Update[30100]
      Saved 1 entities to in-memory store.
info: Microsoft.EntityFrameworkCore.Update[30100]
      Saved 1 entities to in-memory store.
info: Microsoft.AspNetCore.Hosting.Diagnostics[1]
      Request starting HTTP/1.1 GET http://localhost/syncs/progress/document - - -
info: Microsoft.AspNetCore.Routing.EndpointMiddleware[0]
      Executing endpoint 'HTTP: GET syncs/progress/{document} =&gt; GetProgressAsync'
info: Microsoft.AspNetCore.Http.Result.OkObjectResult[1]
      Setting HTTP status code 200.
info: Microsoft.AspNetCore.Http.Result.OkObjectResult[3]
      Writing value of type 'GetProgressResponse' as Json.
info: Microsoft.AspNetCore.Routing.EndpointMiddleware[1]
      Executed endpoint 'HTTP: GET syncs/progress/{document} =&gt; GetProgressAsync'
info: Microsoft.AspNetCore.Hosting.Diagnostics[2]
      Request finished HTTP/1.1 GET http://localhost/syncs/progress/document - 200 - application/json;+charset=utf-8 125.9520ms</StdOut>
      </Output>
    </UnitTestResult>
    <UnitTestResult executionId="b6678fce-73b6-432b-b2e6-ec7435ebe3c2" testId="13a5cd0b-69fa-8c36-91a9-0fe254e7e6bd" testName="Test_PutProgressWithWrongPassword_Fails" computerName="runnervmtr4k5" duration="00:00:00.1678662" startTime="2026-09-25T11:59:28.1725693+00:00" endTime="2026-09-25T11:59:28.3405113+00:00" testType="13cdc9d9-ddb5-4fa4-a97d-d965ccfc6d4b" outcome="Passed" testListId="8c84fa94-04c1-424b-9868-57a2d4851a1d" relativeResultsDirectory="b6678fce-73b6-432b-b2e6-ec7435ebe3c2">
      <Output>
        <StdOut>info: Microsoft.AspNetCore.DataProtection.KeyManagement.XmlKeyManager[62]
      User profile is available. Using '/home/runner/.aspnet/DataProtection-Keys' as key repository; keys will not be encrypted at rest.
info: Microsoft.EntityFrameworkCore.Update[30100]
      Saved 1 entities to in-memory store.
info: Microsoft.AspNetCore.Hosting.Diagnostics[1]
      Request starting HTTP/1.1 PUT http://localhost/syncs/progress - application/json;+charset=utf-8 -
info: ksse.Auth.KoreaderAuthHandler[7]
      KoreaderAuthScheme was not authenticated. Failure message: Incorrect password.
info: ksse.Auth.KoreaderAuthHandler[7]
      KoreaderAuthScheme was not authenticated. Failure message: Incorrect password.
info: Microsoft.AspNetCore.Authorization.DefaultAuthorizationService[2]
      Authorization failed. These requirements were not met:
      DenyAnonymousAuthorizationRequirement: Requires an authenticated user.
info: ksse.Auth.KoreaderAuthHandler[12]
      AuthenticationScheme: KoreaderAuthScheme was challenged.
info: Microsoft.AspNetCore.Hosting.Diagnostics[2]
      Request finished HTTP/1.1 PUT http://localhost/syncs/progress - 401 - application/json;+charset=utf-8 78.3483ms</StdOut>
      </Output>
    </UnitTestResult>
    <UnitTestResult executionId="81500a53-a385-4b80-bcbf-315264523d3c" testId="15f5f23a-ae14-8d39-9383-0afe8eefc855" testName="Test_DeleteAllProgressWithoutAuth_Fails" computerName="runnervmtr4k5" duration="00:00:00.1003269" startTime="2026-09-25T11:59:29.8401049+00:00" endTime="2026-09-25T11:59:29.9404869+00:00" testType="13cdc9d9-ddb5-4fa4-a97d-d965ccfc6d4b" outcome="Passed" testListId="8c84fa94-04c1-424b-9868-57a2d4851a1d" relativeResultsDirectory="81500a53-a385-4b80-bcbf-315264523d3c">
      <Output>
        <StdOut>info: Microsoft.AspNetCore.DataProtection.KeyManagement.XmlKeyManager[62]
      User profile is available. Using '/home/runner/.aspnet/DataProtection-Keys' as key repository; keys will not be encrypted at rest.
info: Microsoft.EntityFrameworkCore.Update[30100]
      Saved 1 entities to in-memory store.
info: Microsoft.EntityFrameworkCore.Update[30100]
      Saved 1 entities to in-memory store.
info: Microsoft.EntityFrameworkCore.Update[30100]
      Saved 1 entities to in-memory store.
info: Microsoft.AspNetCore.Hosting.Diagnostics[1]
      Request starting HTTP/1.1 DELETE http://localhost/syncs/progress - - -
info: Microsoft.AspNetCore.Authorization.DefaultAuthorizationService[2]
      Authorization failed. These requirements were not met:
      DenyAnonymousAuthorizationRequirement: Requires an authenticated user.
info: ksse.Auth.KoreaderAuthHandler[12]
      AuthenticationScheme: KoreaderAuthScheme was challenged.
info: Microsoft.AspNetCore.Hosting.Diagnostics[2]
      Request finished HTTP/1.1 DELETE http://localhost/syncs/progress - 401 - application/json;+charset=utf-8 2.6118ms</StdOut>
      </Output>
    </UnitTestResult>
    <UnitTestResult executionId="5add7fd8-230e-4db8-b29b-577807736954" testId="102c7657-8154-8238-90b7-6e32f2a18fc7" testName="Test_AuthWithNoCredentials_Fails" computerName="runnervmtr4k5" duration="00:00:00.0100474" startTime="2026-09-25T11:59:28.3526454+00:00" endTime="2026-09-25T11:59:28.3627279+00:00" testType="13cdc9d9-ddb5-4fa4-a97d-d965ccfc6d4b" outcome="Passed" testListId="8c84fa94-04c1-424b-9868-57a2d4851a1d" relativeResultsDirectory="5add7fd8-230e-4db8-b29b-577807736954">
      <Output>
        <StdOut>info: Microsoft.AspNetCore.DataProtection.KeyManagement.XmlKeyManager[62]
      User profile is available. Using '/home/runner/.aspnet/DataProtection-Keys' as key repository; keys will not be encrypted at rest.
info: Microsoft.AspNetCore.Hosting.Diagnostics[1]
      Request starting HTTP/1.1 GET http://localhost/users/auth - - -
info: Microsoft.AspNetCore.Authorization.DefaultAuthorizationService[2]
      Authorization failed. These requirements were not met:
      DenyAnonymousAuthorizationRequirement: Requires an authenticated user.
info: ksse.Auth.KoreaderAuthHandler[12]
      AuthenticationScheme: KoreaderAuthScheme was challenged.
info: Microsoft.AspNetCore.Hosting.Diagnostics[2]
      Request finished HTTP/1.1 GET http://localhost/users/auth - 401 - application/json;+charset=utf-8 2.3487ms</StdOut>
      </Output>
    </UnitTestResult>
    <UnitTestResult executionId="3919a0d2-60ed-48e6-a26d-fa0e204cda8e" testId="16a2fc19-c0ac-83d7-b922-04ebb0e0c8fe" testName="Test_ChangePasswordWithCorrectAuth_Succeeds" computerName="runnervmtr4k5" duration="00:00:00.4383976" startTime="2026-09-25T11:59:28.8467397+00:00" endTime="2026-09-25T11:59:29.2851963+00:00" testType="13cdc9d9-ddb5-4fa4-a97d-d965ccfc6d4b" outcome="Passed" testListId="8c84fa94-04c1-424b-9868-57a2d4851a1d" relativeResultsDirectory="3919a0d2-60ed-48e6-a26d-fa0e204cda8e">
      <Output>
        <StdOut>info: Microsoft.AspNetCore.DataProtection.KeyManagement.XmlKeyManager[62]
      User profile is available. Using '/home/runner/.aspnet/DataProtection-Keys' as key repository; keys will not be encrypted at rest.
info: Microsoft.EntityFrameworkCore.Update[30100]
      Saved 1 entities to in-memory store.
info: Microsoft.AspNetCore.Hosting.Diagnostics[1]
      Request starting HTTP/1.1 POST http://localhost/users/changepassword - application/json;+charset=utf-8 -
info: Microsoft.AspNetCore.Routing.EndpointMiddleware[0]
      Executing endpoint 'HTTP: POST users/changepassword =&gt; ChangePasswordAsync'
info: Microsoft.EntityFrameworkCore.Update[30100]
      Saved 1 entities to in-memory store.
info: Microsoft.AspNetCore.Http.Result.OkObjectResult[1]
      Setting HTTP status code 200.
info: Microsoft.AspNetCore.Routing.EndpointMiddleware[1]
      Executed endpoint 'HTTP: POST users/changepassword =&gt; ChangePasswordAsync'
info: Microsoft.AspNetCore.Hosting.Diagnostics[2]
      Request finished HTTP/1.1 POST http://localhost/users/changepassword - 200 - - 224.1130ms</StdOut>
      </Output>
    </UnitTestResult>
    <UnitTestResult executionId="9d8e8376-f5d3-4bce-b0b2-fcdad1e23a30" testId="1fcc2f72-d833-84dc-a917-4405961190c3" testName="Test_PutProgressWithCorrectAuth_Succeeds" computerName="runnervmtr4k5" duration="00:00:00.2581266" startTime="2026-09-25T11:59:28.3525154+00:00" endTime="2026-09-25T11:59:28.6106983+00:00" testType="13cdc9d9-ddb5-4fa4-a97d-d965ccfc6d4b" outcome="Passed" testListId="8c84fa94-04c1-424b-9868-57a2d4851a1d" relativeResultsDirectory="9d8e8376-f5d3-4bce-b0b2-fcdad1e23a30">
      <Output>
        <StdOut>info: Microsoft.AspNetCore.DataProtection.KeyManagement.XmlKeyManager[62]
      User profile is available. Using '/home/runner/.aspnet/DataProtection-Keys' as key repository; keys will not be encrypted at rest.
info: Microsoft.EntityFrameworkCore.Update[30100]
      Saved 1 entities to in-memory store.
info: Microsoft.AspNetCore.Hosting.Diagnostics[1]
      Request starting HTTP/1.1 PUT http://localhost/syncs/progress - application/json;+charset=utf-8 -
info: Microsoft.AspNetCore.Routing.EndpointMiddleware[0]
      Executing endpoint 'HTTP: PUT syncs/progress/ =&gt; PutProgressAsync'
info: Microsoft.EntityFrameworkCore.Update[30100]
      Saved 1 entities to in-memory store.
info: Microsoft.AspNetCore.Http.Result.OkObjectResult[1]
      Setting HTTP status code 200.
info: Microsoft.AspNetCore.Http.Result.OkObjectResult[3]
      Writing value of type 'PutProgressResponse' as Json.
info: Microsoft.AspNetCore.Routing.EndpointMiddleware[1]
      Executed endpoint 'HTTP: PUT syncs/progress/ =&gt; PutProgressAsync'
info: Microsoft.AspNetCore.Hosting.Diagnostics[2]
      Request finished HTTP/1.1 PUT http://localhost/syncs/progress - 200 - application/json;+charset=utf-8 142.8133ms</StdOut>
      </Output>
    </UnitTestResult>
    <UnitTestResult executionId="a601f963-c871-4c8f-9e41-9ebdcdb10328" testId="112f889c-6e0f-89cb-a5bb-7e10d8d74f0f" testName="Test_PutProgressWithoutAuth_Fails" computerName="runnervmtr4k5" duration="00:00:01.0341438" startTime="2026-09-25T11:59:27.1136184+00:00" endTime="2026-09-25T11:59:28.1725114+00:00" testType="13cdc9d9-ddb5-4fa4-a97d-d965ccfc6d4b" outcome="Passed" testListId="8c84fa94-04c1-424b-9868-57a2d4851a1d" relativeResultsDirectory="a601f963-c871-4c8f-9e41-9ebdcdb10328">
      <Output>
        <StdOut>info: Microsoft.AspNetCore.DataProtection.KeyManagement.XmlKeyManager[62]
      User profile is available. Using '/home/runner/.aspnet/DataProtection-Keys' as key repository; keys will not be encrypted at rest.
info: Microsoft.AspNetCore.DataProtection.KeyManagement.XmlKeyManager[58]
      Creating key {1fbc0432-2e4d-4b56-8d8f-61b1fb874440} with creation date 2026-09-25 11:59:27Z, activation date 2026-09-25 11:59:27Z, and expiration date 2026-12-24 11:59:27Z.
warn: Microsoft.AspNetCore.DataProtection.KeyManagement.XmlKeyManager[35]
      No XML encryptor configured. Key {1fbc0432-2e4d-4b56-8d8f-61b1fb874440} may be persisted to storage in unencrypted form.
info: Microsoft.AspNetCore.DataProtection.Repositories.FileSystemXmlRepository[39]
      Writing data to file '/home/runner/.aspnet/DataProtection-Keys/key-1fbc0432-2e4d-4b56-8d8f-61b1fb874440.xml'.
info: Microsoft.EntityFrameworkCore.Update[30100]
      Saved 1 entities to in-memory store.
info: Microsoft.AspNetCore.Hosting.Diagnostics[1]
      Request starting HTTP/1.1 PUT http://localhost/syncs/progress - application/json;+charset=utf-8 -
info: Microsoft.AspNetCore.Authorization.DefaultAuthorizationService[2]
      Authorization failed. These requirements were not met:
      DenyAnonymousAuthorizationRequirement: Requires an authenticated user.
info: ksse.Auth.KoreaderAuthHandler[12]
      AuthenticationScheme: KoreaderAuthScheme was challenged.
info: Microsoft.AspNetCore.Hosting.Diagnostics[2]
      Request finished HTTP/1.1 PUT http://localhost/syncs/progress - 401 - application/json;+charset=utf-8 30.0372ms</StdOut>
      </Output>
    </UnitTestResult>
    <UnitTestResult executionId="98e133ea-40c5-4f5e-b13e-305e35dec9c6" testId="132945f6-6e23-865e-85d1-b4595840936c" testName="Test_CreateSameUserTwice_Fails" computerName="runnervmtr4k5" duration="00:00:00.0885005" startTime="2026-09-25T11:59:28.2442855+00:00" endTime="2026-09-25T11:59:28.3328415+00:00" testType="13cdc9d9-ddb5-4fa4-a97d-d965ccfc6d4b" outcome="Passed" testListId="8c84fa94-04c1-424b-9868-57a2d4851a1d" relativeResultsDirectory="98e133ea-40c5-4f5e-b13e-305e35dec9c6">
      <Output>
        <StdOut>info: Microsoft.AspNetCore.DataProtection.KeyManagement.XmlKeyManager[62]
      User profile is available. Using '/home/runner/.aspnet/DataProtection-Keys' as key repository; keys will not be encrypted at rest.
info: Microsoft.AspNetCore.Hosting.Diagnostics[1]
      Request starting HTTP/1.1 POST http://localhost/users/create - application/json;+charset=utf-8 -
info: Microsoft.AspNetCore.Routing.EndpointMiddleware[0]
      Executing endpoint 'HTTP: POST users/create =&gt; CreateUserAsync'
info: Microsoft.EntityFrameworkCore.Update[30100]
      Saved 1 entities to in-memory store.
info: Microsoft.AspNetCore.Http.Result.CreatedResult[1]
      Setting HTTP status code 201.
info: Microsoft.AspNetCore.Http.Result.CreatedResult[3]
      Writing value of type 'CreateUserResponse' as Json.
info: Microsoft.AspNetCore.Routing.EndpointMiddleware[1]
      Executed endpoint 'HTTP: POST users/create =&gt; CreateUserAsync'
info: Microsoft.AspNetCore.Hosting.Diagnostics[2]
      Request finished HTTP/1.1 POST http://localhost/users/create - 201 - application/json;+charset=utf-8 75.9507ms
info: Microsoft.AspNetCore.Hosting.Diagnostics[1]
      Request starting HTTP/1.1 POST http://localhost/users/create - application/json;+charset=utf-8 -
info: Microsoft.AspNetCore.Routing.EndpointMiddleware[0]
      Executing endpoint 'HTTP: POST users/create =&gt; CreateUserAsync'
info: Microsoft.AspNetCore.Http.Result.JsonResult[1]
      Setting HTTP status code 402.
info: Microsoft.AspNetCore.Http.Result.JsonResult[3]
      Writing value of type 'ErrorResponse' as Json.
info: Microsoft.AspNetCore.Routing.EndpointMiddleware[1]
      Executed endpoint 'HTTP: POST users/create =&gt; CreateUserAsync'
info: Microsoft.AspNetCore.Hosting.Diagnostics[2]
      Request finished HTTP/1.1 POST http://localhost/users/create - 402 - application/json;+charset=utf-8 4.0907ms</StdOut>
      </Output>
    </UnitTestResult>
    <UnitTestResult executionId="a5fa32f8-a51d-49fd-bd12-413e28feb2ee" testId="19387bbc-99d0-8cea-8ff1-10b5a3767f55" testName="Test_ChangeClientHashedPasswordWithCorrectAuth_Succeeds" computerName="runnervmtr4k5" duration="00:00:00.4158020" startTime="2026-09-25T11:59:29.2852518+00:00" endTime="2026-09-25T11:59:29.7011083+00:00" testType="13cdc9d9-ddb5-4fa4-a97d-d965ccfc6d4b" outcome="Passed" testListId="8c84fa94-04c1-424b-9868-57a2d4851a1d" relativeResultsDirectory="a5fa32f8-a51d-49fd-bd12-413e28feb2ee">
      <Output>
        <StdOut>info: Microsoft.AspNetCore.DataProtection.KeyManagement.XmlKeyManager[62]
      User profile is available. Using '/home/runner/.aspnet/DataProtection-Keys' as key repository; keys will not be encrypted at rest.
info: Microsoft.EntityFrameworkCore.Update[30100]
      Saved 1 entities to in-memory store.
info: Microsoft.AspNetCore.Hosting.Diagnostics[1]
      Request starting HTTP/1.1 POST http://localhost/users/changepassword - application/json;+charset=utf-8 -
info: Microsoft.AspNetCore.Routing.EndpointMiddleware[0]
      Executing endpoint 'HTTP: POST users/changepassword =&gt; ChangePasswordAsync'
info: Microsoft.EntityFrameworkCore.Update[30100]
      Saved 1 entities to in-memory store.
info: Microsoft.AspNetCore.Http.Result.OkObjectResult[1]
      Setting HTTP status code 200.
info: Microsoft.AspNetCore.Routing.EndpointMiddleware[1]
      Executed endpoint 'HTTP: POST users/changepassword =&gt; ChangePasswordAsync'
info: Microsoft.AspNetCore.Hosting.Diagnostics[2]
      Request finished HTTP/1.1 POST http://localhost/users/changepassword - 200 - - 240.1113ms</StdOut>
      </Output>
    </UnitTestResult>
    <UnitTestResult executionId="339a11ec-54b0-4a20-b153-13eac26bdbdf" testId="155446e3-8a34-83e5-aee6-75e105570957" testName="Test_ChangePasswordWithoutAuth_Fails" computerName="runnervmtr4k5" duration="00:00:00.1043693" startTime="2026-09-25T11:59:28.7422371+00:00" endTime="2026-09-25T11:59:28.8466874+00:00" testType="13cdc9d9-ddb5-4fa4-a97d-d965ccfc6d4b" outcome="Passed" testListId="8c84fa94-04c1-424b-9868-57a2d4851a1d" relativeResultsDirectory="339a11ec-54b0-4a20-b153-13eac26bdbdf">
      <Output>
        <StdOut>info: Microsoft.AspNetCore.DataProtection.KeyManagement.XmlKeyManager[62]
      User profile is available. Using '/home/runner/.aspnet/DataProtection-Keys' as key repository; keys will not be encrypted at rest.
info: Microsoft.EntityFrameworkCore.Update[30100]
      Saved 1 entities to in-memory store.
info: Microsoft.AspNetCore.Hosting.Diagnostics[1]
      Request starting HTTP/1.1 POST http://localhost/users/changepassword - application/json;+charset=utf-8 -
info: Microsoft.AspNetCore.Authorization.DefaultAuthorizationService[2]
      Authorization failed. These requirements were not met:
      DenyAnonymousAuthorizationRequirement: Requires an authenticated user.
info: ksse.Auth.KoreaderAuthHandler[12]
      AuthenticationScheme: KoreaderAuthScheme was challenged.
info: Microsoft.AspNetCore.Hosting.Diagnostics[2]
      Request finished HTTP/1.1 POST http://localhost/users/changepassword - 401 - application/json;+charset=utf-8 3.4488ms</StdOut>
      </Output>
    </UnitTestResult>
    <UnitTestResult executionId="9089c350-b023-4450-90a7-cad669beb379" testId="17aa2d49-4588-833f-803d-ac33704ec19b" testName="Test_GetAllProgressWithCorrectAuth_Succeeds" computerName="runnervmtr4k5" duration="00:00:00.1710011" startTime="2026-09-25T11:59:30.1940375+00:00" endTime="2026-09-25T11:59:30.3667192+00:00" testType="13cdc9d9-ddb5-4fa4-a97d-d965ccfc6d4b" outcome="Passed" testListId="8c84fa94-04c1-424b-9868-57a2d4851a1d" relativeResultsDirectory="9089c350-b023-4450-90a7-cad669beb379">
      <Output>
        <StdOut>info: Microsoft.AspNetCore.DataProtection.KeyManagement.XmlKeyManager[62]
      User profile is available. Using '/home/runner/.aspnet/DataProtection-Keys' as key repository; keys will not be encrypted at rest.
info: Microsoft.EntityFrameworkCore.Update[30100]
      Saved 1 entities to in-memory store.
info: Microsoft.EntityFrameworkCore.Update[30100]
      Saved 1 entities to in-memory store.
info: Microsoft.EntityFrameworkCore.Update[30100]
      Saved 1 entities to in-memory store.
info: Microsoft.AspNetCore.Hosting.Diagnostics[1]
      Request starting HTTP/1.1 GET http://localhost/syncs/progress - - -
info: Microsoft.AspNetCore.Routing.EndpointMiddleware[0]
      Executing endpoint 'HTTP: GET syncs/progress/ =&gt; GetAllProgressAsync'
info: Microsoft.AspNetCore.Http.Result.OkObjectResult[1]
      Setting HTTP status code 200.
info: Microsoft.AspNetCore.Http.Result.OkObjectResult[3]
      Writing value of type '&lt;&lt;Select&gt;g__Impl|127_0&gt;d`2' as Json.
info: Microsoft.AspNetCore.Routing.EndpointMiddleware[1]
      Executed endpoint 'HTTP: GET syncs/progress/ =&gt; GetAllProgressAsync'
info: Microsoft.AspNetCore.Hosting.Diagnostics[2]
      Request finished HTTP/1.1 GET http://localhost/syncs/progress - 200 - application/json;+charset=utf-8 82.6205ms</StdOut>
      </Output>
    </UnitTestResult>
    <UnitTestResult executionId="5b83ca08-5c2d-4f8f-a272-720e0a73c75f" testId="1e11a824-50f6-8f93-b2fe-0420f6201f65" testName="Test_DeleteAllProgressWithCorrectAuth_Succeeds" computerName="runnervmtr4k5" duration="00:00:00.1556928" startTime="2026-09-25T11:59:29.9405389+00:00" endTime="2026-09-25T11:59:30.0962914+00:00" testType="13cdc9d9-ddb5-4fa4-a97d-d965ccfc6d4b" outcome="Passed" testListId="8c84fa94-04c1-424b-9868-57a2d4851a1d" relativeResultsDirectory="5b83ca08-5c2d-4f8f-a272-720e0a73c75f">
      <Output>
        <StdOut>info: Microsoft.AspNetCore.DataProtection.KeyManagement.XmlKeyManager[62]
      User profile is available. Using '/home/runner/.aspnet/DataProtection-Keys' as key repository; keys will not be encrypted at rest.
info: Microsoft.EntityFrameworkCore.Update[30100]
      Saved 1 entities to in-memory store.
info: Microsoft.EntityFrameworkCore.Update[30100]
      Saved 1 entities to in-memory store.
info: Microsoft.EntityFrameworkCore.Update[30100]
      Saved 1 entities to in-memory store.
info: Microsoft.AspNetCore.Hosting.Diagnostics[1]
      Request starting HTTP/1.1 DELETE http://localhost/syncs/progress - - -
info: Microsoft.AspNetCore.Routing.EndpointMiddleware[0]
      Executing endpoint 'HTTP: DELETE syncs/progress/ =&gt; DeleteAllProgressAsync'
info: Microsoft.EntityFrameworkCore.Update[30100]
      Saved 2 entities to in-memory store.
info: Microsoft.AspNetCore.Http.Result.OkObjectResult[1]
      Setting HTTP status code 200.
info: Microsoft.AspNetCore.Routing.EndpointMiddleware[1]
      Executed endpoint 'HTTP: DELETE syncs/progress/ =&gt; DeleteAllProgressAsync'
info: Microsoft.AspNetCore.Hosting.Diagnostics[2]
      Request finished HTTP/1.1 DELETE http://localhost/syncs/progress - 200 - - 76.9604ms</StdOut>
      </Output>
    </UnitTestResult>
    <UnitTestResult executionId="472f7521-ea80-4275-a159-936f2a3bb043" testId="11753310-0116-811b-a9d6-9e37c130b4c9" testName="Test_DeleteProgressWithoutAuth_Fails" computerName="runnervmtr4k5" duration="00:00:00.0927776" startTime="2026-09-25T11:59:29.5817607+00:00" endTime="2026-09-25T11:59:29.6745956+00:00" testType="13cdc9d9-ddb5-4fa4-a97d-d965ccfc6d4b" outcome="Passed" testListId="8c84fa94-04c1-424b-9868-57a2d4851a1d" relativeResultsDirectory="472f7521-ea80-4275-a159-936f2a3bb043">
      <Output>
        <StdOut>info: Microsoft.AspNetCore.DataProtection.KeyManagement.XmlKeyManager[62]
      User profile is available. Using '/home/runner/.aspnet/DataProtection-Keys' as key repository; keys will not be encrypted at rest.
info: Microsoft.EntityFrameworkCore.Update[30100]
      Saved 1 entities to in-memory store.
info: Microsoft.EntityFrameworkCore.Update[30100]
      Saved 1 entities to in-memory store.
info: Microsoft.AspNetCore.Hosting.Diagnostics[1]
      Request starting HTTP/1.1 DELETE http://localhost/syncs/progress/document - - -
info: Microsoft.AspNetCore.Authorization.DefaultAuthorizationService[2]
      Authorization failed. These requirements were not met:
      DenyAnonymousAuthorizationRequirement: Requires an authenticated user.
info: ksse.Auth.KoreaderAuthHandler[12]
      AuthenticationScheme: KoreaderAuthScheme was challenged.
info: Microsoft.AspNetCore.Hosting.Diagnostics[2]
      Request finished HTTP/1.1 DELETE http://localhost/syncs/progress/document - 401 - application/json;+charset=utf-8 2.5743ms</StdOut>
      </Output>
    </UnitTestResult>
    <UnitTestResult executionId="040bdd38-1f19-449b-a2f0-599c73c46244" testId="1724032a-64f1-8808-bb42-6938d7db544f" testName="Test_AuthNonExistentUser_Fails" computerName="runnervmtr4k5" duration="00:00:00.0100062" startTime="2026-09-25T11:59:28.3627590+00:00" endTime="2026-09-25T11:59:28.3727987+00:00" testType="13cdc9d9-ddb5-4fa4-a97d-d965ccfc6d4b" outcome="Passed" testListId="8c84fa94-04c1-424b-9868-57a2d4851a1d" relativeResultsDirectory="040bdd38-1f19-449b-a2f0-599c73c46244">
      <Output>
        <StdOut>info: Microsoft.AspNetCore.DataProtection.KeyManagement.XmlKeyManager[62]
      User profile is available. Using '/home/runner/.aspnet/DataProtection-Keys' as key repository; keys will not be encrypted at rest.
info: Microsoft.AspNetCore.Hosting.Diagnostics[1]
      Request starting HTTP/1.1 GET http://localhost/users/auth - - -
info: ksse.Auth.KoreaderAuthHandler[7]
      KoreaderAuthScheme was not authenticated. Failure message: User does not exist.
info: ksse.Auth.KoreaderAuthHandler[7]
      KoreaderAuthScheme was not authenticated. Failure message: User does not exist.
info: Microsoft.AspNetCore.Authorization.DefaultAuthorizationService[2]
      Authorization failed. These requirements were not met:
      DenyAnonymousAuthorizationRequirement: Requires an authenticated user.
info: ksse.Auth.KoreaderAuthHandler[12]
      AuthenticationScheme: KoreaderAuthScheme was challenged.
info: Microsoft.AspNetCore.Hosting.Diagnostics[2]
      Request finished HTTP/1.1 GET http://localhost/users/auth - 401 - application/json;+charset=utf-8 2.7583ms</StdOut>
      </Output>
    </UnitTestResult>
    <UnitTestResult executionId="70daae0c-f852-493e-aaa0-8a76aa7e6395" testId="15201303-d604-8041-9655-9129f3963e8f" testName="Test_AuthUserWithWrongPassword_Fails" computerName="runnervmtr4k5" duration="00:00:00.1528483" startTime="2026-09-25T11:59:28.3728311+00:00" endTime="2026-09-25T11:59:28.5257530+00:00" testType="13cdc9d9-ddb5-4fa4-a97d-d965ccfc6d4b" outcome="Passed" testListId="8c84fa94-04c1-424b-9868-57a2d4851a1d" relativeResultsDirectory="70daae0c-f852-493e-aaa0-8a76aa7e6395">
      <Output>
        <StdOut>info: Microsoft.AspNetCore.DataProtection.KeyManagement.XmlKeyManager[62]
      User profile is available. Using '/home/runner/.aspnet/DataProtection-Keys' as key repository; keys will not be encrypted at rest.
info: Microsoft.AspNetCore.Hosting.Diagnostics[1]
      Request starting HTTP/1.1 POST http://localhost/users/create - application/json;+charset=utf-8 -
info: Microsoft.AspNetCore.Routing.EndpointMiddleware[0]
      Executing endpoint 'HTTP: POST users/create =&gt; CreateUserAsync'
info: Microsoft.EntityFrameworkCore.Update[30100]
      Saved 1 entities to in-memory store.
info: Microsoft.AspNetCore.Http.Result.CreatedResult[1]
      Setting HTTP status code 201.
info: Microsoft.AspNetCore.Http.Result.CreatedResult[3]
      Writing value of type 'CreateUserResponse' as Json.
info: Microsoft.AspNetCore.Routing.EndpointMiddleware[1]
      Executed endpoint 'HTTP: POST users/create =&gt; CreateUserAsync'
info: Microsoft.AspNetCore.Hosting.Diagnostics[2]
      Request finished HTTP/1.1 POST http://localhost/users/create - 201 - application/json;+charset=utf-8 67.5950ms
info: Microsoft.AspNetCore.Hosting.Diagnostics[1]
      Request starting HTTP/1.1 GET http://localhost/users/auth - - -
info: ksse.Auth.KoreaderAuthHandler[7]
      KoreaderAuthScheme was not authenticated. Failure message: Incorrect password.
info: ksse.Auth.KoreaderAuthHandler[7]
      KoreaderAuthScheme was not authenticated. Failure message: Incorrect password.
info: Microsoft.AspNetCore.Authorization.DefaultAuthorizationService[2]
      Authorization failed. These requirements were not met:
      DenyAnonymousAuthorizationRequirement: Requires an authenticated user.
info: ksse.Auth.KoreaderAuthHandler[12]
      AuthenticationScheme: KoreaderAuthScheme was challenged.
info: Microsoft.AspNetCore.Hosting.Diagnostics[2]
      Request finished HTTP/1.1 GET http://localhost/users/auth - 401 - application/json;+charset=utf-8 77.2076ms</StdOut>
      </Output>
    </UnitTestResult>
    <UnitTestResult executionId="f128bcb5-0b0d-41b4-a6d2-2bf368cecae9" testId="1f4f93a2-a1d4-8964-a870-128e9bd4cfdb" testName="Test_GetProgressWithWrongPassword_Fails" computerName="runnervmtr4k5" duration="00:00:00.1454827" startTime="2026-09-25T11:59:29.0021432+00:00" endTime="2026-09-25T11:59:29.1476905+00:00" testType="13cdc9d9-ddb5-4fa4-a97d-d965ccfc6d4b" outcome="Passed" testListId="8c84fa94-04c1-424b-9868-57a2d4851a1d" relativeResultsDirectory="f128bcb5-0b0d-41b4-a6d2-2bf368cecae9">
      <Output>
        <StdOut>info: Microsoft.AspNetCore.DataProtection.KeyManagement.XmlKeyManager[62]
      User profile is available. Using '/home/runner/.aspnet/DataProtection-Keys' as key repository; keys will not be encrypted at rest.
info: Microsoft.EntityFrameworkCore.Update[30100]
      Saved 1 entities to in-memory store.
info: Microsoft.EntityFrameworkCore.Update[30100]
      Saved 1 entities to in-memory store.
info: Microsoft.AspNetCore.Hosting.Diagnostics[1]
      Request starting HTTP/1.1 GET http://localhost/syncs/progress/document - - -
info: ksse.Auth.KoreaderAuthHandler[7]
      KoreaderAuthScheme was not authenticated. Failure message: Incorrect password.
info: ksse.Auth.KoreaderAuthHandler[7]
      KoreaderAuthScheme was not authenticated. Failure message: Incorrect password.
info: Microsoft.AspNetCore.Authorization.DefaultAuthorizationService[2]
      Authorization failed. These requirements were not met:
      DenyAnonymousAuthorizationRequirement: Requires an authenticated user.
info: ksse.Auth.KoreaderAuthHandler[12]
      AuthenticationScheme: KoreaderAuthScheme was challenged.
info: Microsoft.AspNetCore.Hosting.Diagnostics[2]
      Request finished HTTP/1.1 GET http://localhost/syncs/progress/document - 401 - application/json;+charset=utf-8 67.5942ms</StdOut>
      </Output>
    </UnitTestResult>
    <UnitTestResult executionId="f451e50c-2c48-42eb-a01f-984e3dd7e281" testId="173f52f6-fe2f-8ccc-bbde-bcea11e0654f" testName="Test_DeleteUserWithCorrectAuth_Succeeds" computerName="runnervmtr4k5" duration="00:00:00.1812326" startTime="2026-09-25T11:59:29.7793387+00:00" endTime="2026-09-25T11:59:29.9606485+00:00" testType="13cdc9d9-ddb5-4fa4-a97d-d965ccfc6d4b" outcome="Passed" testListId="8c84fa94-04c1-424b-9868-57a2d4851a1d" relativeResultsDirectory="f451e50c-2c48-42eb-a01f-984e3dd7e281">
      <Output>
        <StdOut>info: Microsoft.AspNetCore.DataProtection.KeyManagement.XmlKeyManager[62]
      User profile is available. Using '/home/runner/.aspnet/DataProtection-Keys' as key repository; keys will not be encrypted at rest.
info: Microsoft.EntityFrameworkCore.Update[30100]
      Saved 1 entities to in-memory store.
info: Microsoft.EntityFrameworkCore.Update[30100]
      Saved 1 entities to in-memory store.
info: Microsoft.EntityFrameworkCore.Update[30100]
      Saved 1 entities to in-memory store.
info: Microsoft.AspNetCore.Hosting.Diagnostics[1]
      Request starting HTTP/1.1 DELETE http://localhost/users - - -
info: Microsoft.AspNetCore.Routing.EndpointMiddleware[0]
      Executing endpoint 'HTTP: DELETE users/ =&gt; DeleteUserAsync'
info: Microsoft.EntityFrameworkCore.Update[30100]
      Saved 2 entities to in-memory store.
info: Microsoft.EntityFrameworkCore.Update[30100]
      Saved 1 entities to in-memory store.
info: Microsoft.AspNetCore.Http.Result.OkObjectResult[1]
      Setting HTTP status code 200.
info: Microsoft.AspNetCore.Routing.EndpointMiddleware[1]
      Executed endpoint 'HTTP: DELETE users/ =&gt; DeleteUserAsync'
info: Microsoft.AspNetCore.Hosting.Diagnostics[2]
      Request finished HTTP/1.1 DELETE http://localhost/users - 200 - - 89.2600ms</StdOut>
      </Output>
    </UnitTestResult>
    <UnitTestResult executionId="deee508f-a110-4ee1-8b30-0f709f99c37c" testId="1908a3f0-f0f0-88c2-a93c-83a990030485" testName="Test_GetProgressWithoutAuth_Fails" computerName="runnervmtr4k5" duration="00:00:00.0902271" startTime="2026-09-25T11:59:28.9118074+00:00" endTime="2026-09-25T11:59:29.0020924+00:00" testType="13cdc9d9-ddb5-4fa4-a97d-d965ccfc6d4b" outcome="Passed" testListId="8c84fa94-04c1-424b-9868-57a2d4851a1d" relativeResultsDirectory="deee508f-a110-4ee1-8b30-0f709f99c37c">
      <Output>
        <StdOut>info: Microsoft.AspNetCore.DataProtection.KeyManagement.XmlKeyManager[62]
      User profile is available. Using '/home/runner/.aspnet/DataProtection-Keys' as key repository; keys will not be encrypted at rest.
info: Microsoft.EntityFrameworkCore.Update[30100]
      Saved 1 entities to in-memory store.
info: Microsoft.EntityFrameworkCore.Update[30100]
      Saved 1 entities to in-memory store.
info: Microsoft.AspNetCore.Hosting.Diagnostics[1]
      Request starting HTTP/1.1 GET http://localhost/syncs/progress/document - - -
info: Microsoft.AspNetCore.Authorization.DefaultAuthorizationService[2]
      Authorization failed. These requirements were not met:
      DenyAnonymousAuthorizationRequirement: Requires an authenticated user.
info: ksse.Auth.KoreaderAuthHandler[12]
      AuthenticationScheme: KoreaderAuthScheme was challenged.
info: Microsoft.AspNetCore.Hosting.Diagnostics[2]
      Request finished HTTP/1.1 GET http://localhost/syncs/progress/document - 401 - application/json;+charset=utf-8 2.7536ms</StdOut>
      </Output>
    </UnitTestResult>
    <UnitTestResult executionId="f9713026-6cfc-4087-bc56-8edcbfc8cbf8" testId="186d133a-e1bb-8efe-8510-063deb350373" testName="Test_AuthUserWithCorrectAuth_Succeeds" computerName="runnervmtr4k5" duration="00:00:00.2162836" startTime="2026-09-25T11:59:28.5258190+00:00" endTime="2026-09-25T11:59:28.7421744+00:00" testType="13cdc9d9-ddb5-4fa4-a97d-d965ccfc6d4b" outcome="Passed" testListId="8c84fa94-04c1-424b-9868-57a2d4851a1d" relativeResultsDirectory="f9713026-6cfc-4087-bc56-8edcbfc8cbf8">
      <Output>
        <StdOut>info: Microsoft.AspNetCore.DataProtection.KeyManagement.XmlKeyManager[62]
      User profile is available. Using '/home/runner/.aspnet/DataProtection-Keys' as key repository; keys will not be encrypted at rest.
info: Microsoft.AspNetCore.Hosting.Diagnostics[1]
      Request starting HTTP/1.1 POST http://localhost/users/create - application/json;+charset=utf-8 -
info: Microsoft.AspNetCore.Routing.EndpointMiddleware[0]
      Executing endpoint 'HTTP: POST users/create =&gt; CreateUserAsync'
info: Microsoft.EntityFrameworkCore.Update[30100]
      Saved 1 entities to in-memory store.
info: Microsoft.AspNetCore.Http.Result.CreatedResult[1]
      Setting HTTP status code 201.
info: Microsoft.AspNetCore.Http.Result.CreatedResult[3]
      Writing value of type 'CreateUserResponse' as Json.
info: Microsoft.AspNetCore.Routing.EndpointMiddleware[1]
      Executed endpoint 'HTTP: POST users/create =&gt; CreateUserAsync'
info: Microsoft.AspNetCore.Hosting.Diagnostics[2]
      Request finished HTTP/1.1 POST http://localhost/users/create - 201 - application/json;+charset=utf-8 78.6786ms
info: Microsoft.AspNetCore.Hosting.Diagnostics[1]
      Request starting HTTP/1.1 GET http://localhost/users/auth - - -
info: Microsoft.AspNetCore.Routing.EndpointMiddleware[0]
      Executing endpoint 'HTTP: GET users/auth =&gt; AuthUser'
info: Microsoft.AspNetCore.Http.Result.OkObjectResult[1]
      Setting HTTP status code 200.
info: Microsoft.AspNetCore.Http.Result.OkObjectResult[3]
      Writing value of type 'AuthUserResponse' as Json.
info: Microsoft.AspNetCore.Routing.EndpointMiddleware[1]
      Executed endpoint 'HTTP: GET users/auth =&gt; AuthUser'
info: Microsoft.AspNetCore.Hosting.Diagnostics[2]
      Request finished HTTP/1.1 GET http://localhost/users/auth - 200 - application/json;+charset=utf-8 124.1421ms</StdOut>
      </Output>
    </UnitTestResult>
    <UnitTestResult executionId="6ff84e67-f138-4ec7-9aeb-65ec7bfab4a5" testId="199f3463-3b26-8091-a133-d84de9085545" testName="Test_PutProgressTwiceWithCorrectAuth_SucceedsAndOverwrites" computerName="runnervmtr4k5" duration="00:00:00.2996045" startTime="2026-09-25T11:59:28.6107684+00:00" endTime="2026-09-25T11:59:28.9104403+00:00" testType="13cdc9d9-ddb5-4fa4-a97d-d965ccfc6d4b" outcome="Passed" testListId="8c84fa94-04c1-424b-9868-57a2d4851a1d" relativeResultsDirectory="6ff84e67-f138-4ec7-9aeb-65ec7bfab4a5">
      <Output>
        <StdOut>info: Microsoft.AspNetCore.DataProtection.KeyManagement.XmlKeyManager[62]
      User profile is available. Using '/home/runner/.aspnet/DataProtection-Keys' as key repository; keys will not be encrypted at rest.
info: Microsoft.EntityFrameworkCore.Update[30100]
      Saved 1 entities to in-memory store.
info: Microsoft.AspNetCore.Hosting.Diagnostics[1]
      Request starting HTTP/1.1 PUT http://localhost/syncs/progress - application/json;+charset=utf-8 -
info: Microsoft.AspNetCore.Routing.EndpointMiddleware[0]
      Executing endpoint 'HTTP: PUT syncs/progress/ =&gt; PutProgressAsync'
info: Microsoft.EntityFrameworkCore.Update[30100]
      Saved 1 entities to in-memory store.
info: Microsoft.AspNetCore.Http.Result.OkObjectResult[1]
      Setting HTTP status code 200.
info: Microsoft.AspNetCore.Http.Result.OkObjectResult[3]
      Writing value of type 'PutProgressResponse' as Json.
info: Microsoft.AspNetCore.Routing.EndpointMiddleware[1]
      Executed endpoint 'HTTP: PUT syncs/progress/ =&gt; PutProgressAsync'
info: Microsoft.AspNetCore.Hosting.Diagnostics[2]
      Request finished HTTP/1.1 PUT http://localhost/syncs/progress - 200 - application/json;+charset=utf-8 85.0039ms
info: Microsoft.AspNetCore.Hosting.Diagnostics[1]
      Request starting HTTP/1.1 PUT http://localhost/syncs/progress - application/json;+charset=utf-8 -
info: Microsoft.AspNetCore.Routing.EndpointMiddleware[0]
      Executing endpoint 'HTTP: PUT syncs/progress/ =&gt; PutProgressAsync'
info: Microsoft.EntityFrameworkCore.Update[30100]
      Saved 1 entities to in-memory store.
info: Microsoft.AspNetCore.Http.Result.OkObjectResult[1]
      Setting HTTP status code 200.
info: Microsoft.AspNetCore.Http.Result.OkObjectResult[3]
      Writing value of type 'PutProgressResponse' as Json.
info: Microsoft.AspNetCore.Routing.EndpointMiddleware[1]
      Executed endpoint 'HTTP: PUT syncs/progress/ =&gt; PutProgressAsync'
info: Microsoft.AspNetCore.Hosting.Diagnostics[2]
      Request finished HTTP/1.1 PUT http://localhost/syncs/progress - 200 - application/json;+charset=utf-8 124.7071ms</StdOut>
      </Output>
    </UnitTestResult>
    <UnitTestResult executionId="991c4971-7ca3-4383-bfb6-16e9d81cf6e8" testId="192886f3-f09f-8e26-9120-75957a3fea42" testName="Test_GetProgressWithCorrectAuthButNoProgressDocument_SucceedsAndReturnsEmptyObject" computerName="runnervmtr4k5" duration="00:00:00.1755171" startTime="2026-09-25T11:59:29.4061115+00:00" endTime="2026-09-25T11:59:29.5816964+00:00" testType="13cdc9d9-ddb5-4fa4-a97d-d965ccfc6d4b" outcome="Passed" testListId="8c84fa94-04c1-424b-9868-57a2d4851a1d" relativeResultsDirectory="991c4971-7ca3-4383-bfb6-16e9d81cf6e8">
      <Output>
        <StdOut>info: Microsoft.AspNetCore.DataProtection.KeyManagement.XmlKeyManager[62]
      User profile is available. Using '/home/runner/.aspnet/DataProtection-Keys' as key repository; keys will not be encrypted at rest.
info: Microsoft.EntityFrameworkCore.Update[30100]
      Saved 1 entities to in-memory store.
info: Microsoft.AspNetCore.Hosting.Diagnostics[1]
      Request starting HTTP/1.1 GET http://localhost/syncs/progress/document - - -
info: Microsoft.AspNetCore.Routing.EndpointMiddleware[0]
      Executing endpoint 'HTTP: GET syncs/progress/{document} =&gt; GetProgressAsync'
info: Microsoft.AspNetCore.Http.Result.OkObjectResult[1]
      Setting HTTP status code 200.
info: Microsoft.AspNetCore.Http.Result.OkObjectResult[3]
      Writing value of type 'JsonObject' as Json.
info: Microsoft.AspNetCore.Routing.EndpointMiddleware[1]
      Executed endpoint 'HTTP: GET syncs/progress/{document} =&gt; GetProgressAsync'
info: Microsoft.AspNetCore.Hosting.Diagnostics[2]
      Request finished HTTP/1.1 GET http://localhost/syncs/progress/document - 200 - application/json;+charset=utf-8 82.9932ms</StdOut>
      </Output>
    </UnitTestResult>
    <UnitTestResult executionId="a3e0009e-2273-4d66-9dac-9a33048a64b3" testId="1df49f38-1207-8a30-88a1-aaca5355f62a" testName="Test_CreateSingleUser_Succeeds" computerName="runnervmtr4k5" duration="00:00:01.1058844" startTime="2026-09-25T11:59:27.1136410+00:00" endTime="2026-09-25T11:59:28.2442446+00:00" testType="13cdc9d9-ddb5-4fa4-a97d-d965ccfc6d4b" outcome="Passed" testListId="8c84fa94-04c1-424b-9868-57a2d4851a1d" relativeResultsDirectory="a3e0009e-2273-4d66-9dac-9a33048a64b3">
      <Output>
        <StdOut>info: Microsoft.AspNetCore.DataProtection.KeyManagement.XmlKeyManager[62]
      User profile is available. Using '/home/runner/.aspnet/DataProtection-Keys' as key repository; keys will not be encrypted at rest.
info: Microsoft.AspNetCore.DataProtection.KeyManagement.XmlKeyManager[58]
      Creating key {d4123110-0610-43d6-9cd7-a0f74f1bc671} with creation date 2026-09-25 11:59:27Z, activation date 2026-09-25 11:59:27Z, and expiration date 2026-12-24 11:59:27Z.
warn: Microsoft.AspNetCore.DataProtection.KeyManagement.XmlKeyManager[35]
      No XML encryptor configured. Key {d4123110-0610-43d6-9cd7-a0f74f1bc671} may be persisted to storage in unencrypted form.
info: Microsoft.AspNetCore.DataProtection.Repositories.FileSystemXmlRepository[39]
      Writing data to file '/home/runner/.aspnet/DataProtection-Keys/key-d4123110-0610-43d6-9cd7-a0f74f1bc671.xml'.
info: Microsoft.AspNetCore.Hosting.Diagnostics[1]
      Request starting HTTP/1.1 POST http://localhost/users/create - application/json;+charset=utf-8 -
info: Microsoft.AspNetCore.Routing.EndpointMiddleware[0]
      Executing endpoint 'HTTP: POST users/create =&gt; CreateUserAsync'
info: Microsoft.EntityFrameworkCore.Update[30100]
      Saved 1 entities to in-memory store.
info: Microsoft.AspNetCore.Http.Result.CreatedResult[1]
      Setting HTTP status code 201.
info: Microsoft.AspNetCore.Http.Result.CreatedResult[3]
      Writing value of type 'CreateUserResponse' as Json.
info: Microsoft.AspNetCore.Routing.EndpointMiddleware[1]
      Executed endpoint 'HTTP: POST users/create =&gt; CreateUserAsync'
info: Microsoft.AspNetCore.Hosting.Diagnostics[2]
      Request finished HTTP/1.1 POST http://localhost/users/create - 201 - application/json;+charset=utf-8 373.7387ms</StdOut>
      </Output>
    </UnitTestResult>
    <UnitTestResult executionId="edb08036-705c-4f87-8b4d-97c3ef2356ce" testId="1264adfd-ff7f-8738-8b4f-c2ee71cba679" testName="Test_GetAllProgressWithoutAuth_Fails" computerName="runnervmtr4k5" duration="00:00:00.0975715" startTime="2026-09-25T11:59:30.0963575+00:00" endTime="2026-09-25T11:59:30.1939887+00:00" testType="13cdc9d9-ddb5-4fa4-a97d-d965ccfc6d4b" outcome="Passed" testListId="8c84fa94-04c1-424b-9868-57a2d4851a1d" relativeResultsDirectory="edb08036-705c-4f87-8b4d-97c3ef2356ce">
      <Output>
        <StdOut>info: Microsoft.AspNetCore.DataProtection.KeyManagement.XmlKeyManager[62]
      User profile is available. Using '/home/runner/.aspnet/DataProtection-Keys' as key repository; keys will not be encrypted at rest.
info: Microsoft.EntityFrameworkCore.Update[30100]
      Saved 1 entities to in-memory store.
info: Microsoft.EntityFrameworkCore.Update[30100]
      Saved 1 entities to in-memory store.
info: Microsoft.EntityFrameworkCore.Update[30100]
      Saved 1 entities to in-memory store.
info: Microsoft.AspNetCore.Hosting.Diagnostics[1]
      Request starting HTTP/1.1 GET http://localhost/syncs/progress - - -
info: Microsoft.AspNetCore.Authorization.DefaultAuthorizationService[2]
      Authorization failed. These requirements were not met:
      DenyAnonymousAuthorizationRequirement: Requires an authenticated user.
info: ksse.Auth.KoreaderAuthHandler[12]
      AuthenticationScheme: KoreaderAuthScheme was challenged.
info: Microsoft.AspNetCore.Hosting.Diagnostics[2]
      Request finished HTTP/1.1 GET http://localhost/syncs/progress - 401 - application/json;+charset=utf-8 1.6214ms</StdOut>
      </Output>
    </UnitTestResult>
    <UnitTestResult executionId="66eb6ef8-77f2-4e3f-a24a-ee62b02998a0" testId="17ae3335-de08-8274-abf4-82d4bda2c6e4" testName="Test_InvalidAllDatabases_ReturnsServiceUnavailable" computerName="runnervmtr4k5" duration="00:00:00.0130069" startTime="2026-09-25T11:59:28.2106701+00:00" endTime="2026-09-25T11:59:28.2253119+00:00" testType="13cdc9d9-ddb5-4fa4-a97d-d965ccfc6d4b" outcome="Passed" testListId="8c84fa94-04c1-424b-9868-57a2d4851a1d" relativeResultsDirectory="66eb6ef8-77f2-4e3f-a24a-ee62b02998a0">
      <Output>
        <StdOut>info: Microsoft.AspNetCore.DataProtection.KeyManagement.XmlKeyManager[62]
      User profile is available. Using '/home/runner/.aspnet/DataProtection-Keys' as key repository; keys will not be encrypted at rest.
info: Microsoft.AspNetCore.Hosting.Diagnostics[1]
      Request starting HTTP/1.1 GET http://localhost/healthcheck - - -
info: Microsoft.AspNetCore.Routing.EndpointMiddleware[0]
      Executing endpoint 'Health checks'
fail: Microsoft.Extensions.Diagnostics.HealthChecks.DefaultHealthCheckService[103]
      Health check ProgressDbContext with status Unhealthy completed after 0.4163ms with message '(null)'
fail: Microsoft.Extensions.Diagnostics.HealthChecks.DefaultHealthCheckService[103]
      Health check UsersDbContext with status Unhealthy completed after 0.4093ms with message '(null)'
info: Microsoft.AspNetCore.Routing.EndpointMiddleware[1]
      Executed endpoint 'Health checks'
info: Microsoft.AspNetCore.Hosting.Diagnostics[2]
      Request finished HTTP/1.1 GET http://localhost/healthcheck - 503 - - 2.8695ms</StdOut>
      </Output>
    </UnitTestResult>
  </Results>
  <TestDefinitions>
    <UnitTest name="Test_AuthWithNoCredentials_Fails" storage="/home/runner/work/dotnet-monorepo/dotnet-monorepo/src/artifacts/bin/ksse.tests/release_linux-x64/ksse.tests.dll" id="102c7657-8154-8238-90b7-6e32f2a18fc7">
      <Execution id="5add7fd8-230e-4db8-b29b-577807736954" />
      <TestMethod codeBase="/home/runner/work/dotnet-monorepo/dotnet-monorepo/src/artifacts/bin/ksse.Tests/release_linux-x64/ksse.Tests.dll" adapterTypeName="executor://mstestadapter/v4" className="ksse.Tests.UsersTests" name="Test_AuthWithNoCredentials_Fails" />
    </UnitTest>
    <UnitTest name="Test_CreateSameUserTwice_Fails" storage="/home/runner/work/dotnet-monorepo/dotnet-monorepo/src/artifacts/bin/ksse.tests/release_linux-x64/ksse.tests.dll" id="132945f6-6e23-865e-85d1-b4595840936c">
      <Execution id="98e133ea-40c5-4f5e-b13e-305e35dec9c6" />
      <TestMethod codeBase="/home/runner/work/dotnet-monorepo/dotnet-monorepo/src/artifacts/bin/ksse.Tests/release_linux-x64/ksse.Tests.dll" adapterTypeName="executor://mstestadapter/v4" className="ksse.Tests.UsersTests" name="Test_CreateSameUserTwice_Fails" />
    </UnitTest>
    <UnitTest name="Test_GetAllProgressWithCorrectAuth_Succeeds" storage="/home/runner/work/dotnet-monorepo/dotnet-monorepo/src/artifacts/bin/ksse.tests/release_linux-x64/ksse.tests.dll" id="17aa2d49-4588-833f-803d-ac33704ec19b">
      <Execution id="9089c350-b023-4450-90a7-cad669beb379" />
      <TestMethod codeBase="/home/runner/work/dotnet-monorepo/dotnet-monorepo/src/artifacts/bin/ksse.Tests/release_linux-x64/ksse.Tests.dll" adapterTypeName="executor://mstestadapter/v4" className="ksse.Tests.ProgressTests" name="Test_GetAllProgressWithCorrectAuth_Succeeds" />
    </UnitTest>
    <UnitTest name="Test_ChangePasswordWithoutAuth_Fails" storage="/home/runner/work/dotnet-monorepo/dotnet-monorepo/src/artifacts/bin/ksse.tests/release_linux-x64/ksse.tests.dll" id="155446e3-8a34-83e5-aee6-75e105570957">
      <Execution id="339a11ec-54b0-4a20-b153-13eac26bdbdf" />
      <TestMethod codeBase="/home/runner/work/dotnet-monorepo/dotnet-monorepo/src/artifacts/bin/ksse.Tests/release_linux-x64/ksse.Tests.dll" adapterTypeName="executor://mstestadapter/v4" className="ksse.Tests.UsersTests" name="Test_ChangePasswordWithoutAuth_Fails" />
    </UnitTest>
    <UnitTest name="Test_GetAllProgressWithoutAuth_Fails" storage="/home/runner/work/dotnet-monorepo/dotnet-monorepo/src/artifacts/bin/ksse.tests/release_linux-x64/ksse.tests.dll" id="1264adfd-ff7f-8738-8b4f-c2ee71cba679">
      <Execution id="edb08036-705c-4f87-8b4d-97c3ef2356ce" />
      <TestMethod codeBase="/home/runner/work/dotnet-monorepo/dotnet-monorepo/src/artifacts/bin/ksse.Tests/release_linux-x64/ksse.Tests.dll" adapterTypeName="executor://mstestadapter/v4" className="ksse.Tests.ProgressTests" name="Test_GetAllProgressWithoutAuth_Fails" />
    </UnitTest>
    <UnitTest name="Test_DeleteUserWithCorrectAuth_Succeeds" storage="/home/runner/work/dotnet-monorepo/dotnet-monorepo/src/artifacts/bin/ksse.tests/release_linux-x64/ksse.tests.dll" id="173f52f6-fe2f-8ccc-bbde-bcea11e0654f">
      <Execution id="f451e50c-2c48-42eb-a01f-984e3dd7e281" />
      <TestMethod codeBase="/home/runner/work/dotnet-monorepo/dotnet-monorepo/src/artifacts/bin/ksse.Tests/release_linux-x64/ksse.Tests.dll" adapterTypeName="executor://mstestadapter/v4" className="ksse.Tests.UsersTests" name="Test_DeleteUserWithCorrectAuth_Succeeds" />
    </UnitTest>
    <UnitTest name="Test_PutProgressWithWrongPassword_Fails" storage="/home/runner/work/dotnet-monorepo/dotnet-monorepo/src/artifacts/bin/ksse.tests/release_linux-x64/ksse.tests.dll" id="13a5cd0b-69fa-8c36-91a9-0fe254e7e6bd">
      <Execution id="b6678fce-73b6-432b-b2e6-ec7435ebe3c2" />
      <TestMethod codeBase="/home/runner/work/dotnet-monorepo/dotnet-monorepo/src/artifacts/bin/ksse.Tests/release_linux-x64/ksse.Tests.dll" adapterTypeName="executor://mstestadapter/v4" className="ksse.Tests.ProgressTests" name="Test_PutProgressWithWrongPassword_Fails" />
    </UnitTest>
    <UnitTest name="Test_DeleteProgressWithCorrectAuth_Succeeds" storage="/home/runner/work/dotnet-monorepo/dotnet-monorepo/src/artifacts/bin/ksse.tests/release_linux-x64/ksse.tests.dll" id="137e5dc7-696f-82d0-9be2-c99e006bbf79">
      <Execution id="fae751d9-1a00-4020-b1dc-57a2eb71aaae" />
      <TestMethod codeBase="/home/runner/work/dotnet-monorepo/dotnet-monorepo/src/artifacts/bin/ksse.Tests/release_linux-x64/ksse.Tests.dll" adapterTypeName="executor://mstestadapter/v4" className="ksse.Tests.ProgressTests" name="Test_DeleteProgressWithCorrectAuth_Succeeds" />
    </UnitTest>
    <UnitTest name="Test_AuthNonExistentUser_Fails" storage="/home/runner/work/dotnet-monorepo/dotnet-monorepo/src/artifacts/bin/ksse.tests/release_linux-x64/ksse.tests.dll" id="1724032a-64f1-8808-bb42-6938d7db544f">
      <Execution id="040bdd38-1f19-449b-a2f0-599c73c46244" />
      <TestMethod codeBase="/home/runner/work/dotnet-monorepo/dotnet-monorepo/src/artifacts/bin/ksse.Tests/release_linux-x64/ksse.Tests.dll" adapterTypeName="executor://mstestadapter/v4" className="ksse.Tests.UsersTests" name="Test_AuthNonExistentUser_Fails" />
    </UnitTest>
    <UnitTest name="Test_GetProgressWithCorrectAuth_Succeeds" storage="/home/runner/work/dotnet-monorepo/dotnet-monorepo/src/artifacts/bin/ksse.tests/release_linux-x64/ksse.tests.dll" id="16a1c27b-d16e-8bad-a515-82515bf126eb">
      <Execution id="4bcbfba9-c059-4cc0-a641-50cfbd5cc0e9" />
      <TestMethod codeBase="/home/runner/work/dotnet-monorepo/dotnet-monorepo/src/artifacts/bin/ksse.Tests/release_linux-x64/ksse.Tests.dll" adapterTypeName="executor://mstestadapter/v4" className="ksse.Tests.ProgressTests" name="Test_GetProgressWithCorrectAuth_Succeeds" />
    </UnitTest>
    <UnitTest name="Test_PutProgressWithoutAuth_Fails" storage="/home/runner/work/dotnet-monorepo/dotnet-monorepo/src/artifacts/bin/ksse.tests/release_linux-x64/ksse.tests.dll" id="112f889c-6e0f-89cb-a5bb-7e10d8d74f0f">
      <Execution id="a601f963-c871-4c8f-9e41-9ebdcdb10328" />
      <TestMethod codeBase="/home/runner/work/dotnet-monorepo/dotnet-monorepo/src/artifacts/bin/ksse.Tests/release_linux-x64/ksse.Tests.dll" adapterTypeName="executor://mstestadapter/v4" className="ksse.Tests.ProgressTests" name="Test_PutProgressWithoutAuth_Fails" />
    </UnitTest>
    <UnitTest name="Test_PutProgressWithCorrectAuth_Succeeds" storage="/home/runner/work/dotnet-monorepo/dotnet-monorepo/src/artifacts/bin/ksse.tests/release_linux-x64/ksse.tests.dll" id="1fcc2f72-d833-84dc-a917-4405961190c3">
      <Execution id="9d8e8376-f5d3-4bce-b0b2-fcdad1e23a30" />
      <TestMethod codeBase="/home/runner/work/dotnet-monorepo/dotnet-monorepo/src/artifacts/bin/ksse.Tests/release_linux-x64/ksse.Tests.dll" adapterTypeName="executor://mstestadapter/v4" className="ksse.Tests.ProgressTests" name="Test_PutProgressWithCorrectAuth_Succeeds" />
    </UnitTest>
    <UnitTest name="Test_ValidDatabases_ReturnsOkState" storage="/home/runner/work/dotnet-monorepo/dotnet-monorepo/src/artifacts/bin/ksse.tests/release_linux-x64/ksse.tests.dll" id="1af89287-99f5-876a-b55a-701f9eb5be7c">
      <Execution id="9a9301bc-97b9-4695-bb47-57eee762f216" />
      <TestMethod codeBase="/home/runner/work/dotnet-monorepo/dotnet-monorepo/src/artifacts/bin/ksse.Tests/release_linux-x64/ksse.Tests.dll" adapterTypeName="executor://mstestadapter/v4" className="ksse.Tests.HealthTests" name="Test_ValidDatabases_ReturnsOkState" />
    </UnitTest>
    <UnitTest name="Test_PutProgressTwiceWithCorrectAuth_SucceedsAndOverwrites" storage="/home/runner/work/dotnet-monorepo/dotnet-monorepo/src/artifacts/bin/ksse.tests/release_linux-x64/ksse.tests.dll" id="199f3463-3b26-8091-a133-d84de9085545">
      <Execution id="6ff84e67-f138-4ec7-9aeb-65ec7bfab4a5" />
      <TestMethod codeBase="/home/runner/work/dotnet-monorepo/dotnet-monorepo/src/artifacts/bin/ksse.Tests/release_linux-x64/ksse.Tests.dll" adapterTypeName="executor://mstestadapter/v4" className="ksse.Tests.ProgressTests" name="Test_PutProgressTwiceWithCorrectAuth_SucceedsAndOverwrites" />
    </UnitTest>
    <UnitTest name="Test_DeleteProgressWithoutAuth_Fails" storage="/home/runner/work/dotnet-monorepo/dotnet-monorepo/src/artifacts/bin/ksse.tests/release_linux-x64/ksse.tests.dll" id="11753310-0116-811b-a9d6-9e37c130b4c9">
      <Execution id="472f7521-ea80-4275-a159-936f2a3bb043" />
      <TestMethod codeBase="/home/runner/work/dotnet-monorepo/dotnet-monorepo/src/artifacts/bin/ksse.Tests/release_linux-x64/ksse.Tests.dll" adapterTypeName="executor://mstestadapter/v4" className="ksse.Tests.ProgressTests" name="Test_DeleteProgressWithoutAuth_Fails" />
    </UnitTest>
    <UnitTest name="Test_GetProgressWithWrongPassword_Fails" storage="/home/runner/work/dotnet-monorepo/dotnet-monorepo/src/artifacts/bin/ksse.tests/release_linux-x64/ksse.tests.dll" id="1f4f93a2-a1d4-8964-a870-128e9bd4cfdb">
      <Execution id="f128bcb5-0b0d-41b4-a6d2-2bf368cecae9" />
      <TestMethod codeBase="/home/runner/work/dotnet-monorepo/dotnet-monorepo/src/artifacts/bin/ksse.Tests/release_linux-x64/ksse.Tests.dll" adapterTypeName="executor://mstestadapter/v4" className="ksse.Tests.ProgressTests" name="Test_GetProgressWithWrongPassword_Fails" />
    </UnitTest>
    <UnitTest name="Test_ChangeClientHashedPasswordWithCorrectAuth_Succeeds" storage="/home/runner/work/dotnet-monorepo/dotnet-monorepo/src/artifacts/bin/ksse.tests/release_linux-x64/ksse.tests.dll" id="19387bbc-99d0-8cea-8ff1-10b5a3767f55">
      <Execution id="a5fa32f8-a51d-49fd-bd12-413e28feb2ee" />
      <TestMethod codeBase="/home/runner/work/dotnet-monorepo/dotnet-monorepo/src/artifacts/bin/ksse.Tests/release_linux-x64/ksse.Tests.dll" adapterTypeName="executor://mstestadapter/v4" className="ksse.Tests.UsersTests" name="Test_ChangeClientHashedPasswordWithCorrectAuth_Succeeds" />
    </UnitTest>
    <UnitTest name="Test_GetProgressWithoutAuth_Fails" storage="/home/runner/work/dotnet-monorepo/dotnet-monorepo/src/artifacts/bin/ksse.tests/release_linux-x64/ksse.tests.dll" id="1908a3f0-f0f0-88c2-a93c-83a990030485">
      <Execution id="deee508f-a110-4ee1-8b30-0f709f99c37c" />
      <TestMethod codeBase="/home/runner/work/dotnet-monorepo/dotnet-monorepo/src/artifacts/bin/ksse.Tests/release_linux-x64/ksse.Tests.dll" adapterTypeName="executor://mstestadapter/v4" className="ksse.Tests.ProgressTests" name="Test_GetProgressWithoutAuth_Fails" />
    </UnitTest>
    <UnitTest name="Test_DeleteAllProgressWithCorrectAuth_Succeeds" storage="/home/runner/work/dotnet-monorepo/dotnet-monorepo/src/artifacts/bin/ksse.tests/release_linux-x64/ksse.tests.dll" id="1e11a824-50f6-8f93-b2fe-0420f6201f65">
      <Execution id="5b83ca08-5c2d-4f8f-a272-720e0a73c75f" />
      <TestMethod codeBase="/home/runner/work/dotnet-monorepo/dotnet-monorepo/src/artifacts/bin/ksse.Tests/release_linux-x64/ksse.Tests.dll" adapterTypeName="executor://mstestadapter/v4" className="ksse.Tests.ProgressTests" name="Test_DeleteAllProgressWithCorrectAuth_Succeeds" />
    </UnitTest>
    <UnitTest name="Test_GetProgressWithCorrectAuthButNoProgressDocument_SucceedsAndReturnsEmptyObject" storage="/home/runner/work/dotnet-monorepo/dotnet-monorepo/src/artifacts/bin/ksse.tests/release_linux-x64/ksse.tests.dll" id="192886f3-f09f-8e26-9120-75957a3fea42">
      <Execution id="991c4971-7ca3-4383-bfb6-16e9d81cf6e8" />
      <TestMethod codeBase="/home/runner/work/dotnet-monorepo/dotnet-monorepo/src/artifacts/bin/ksse.Tests/release_linux-x64/ksse.Tests.dll" adapterTypeName="executor://mstestadapter/v4" className="ksse.Tests.ProgressTests" name="Test_GetProgressWithCorrectAuthButNoProgressDocument_SucceedsAndReturnsEmptyObject" />
    </UnitTest>
    <UnitTest name="Test_InvalidAllDatabases_ReturnsServiceUnavailable" storage="/home/runner/work/dotnet-monorepo/dotnet-monorepo/src/artifacts/bin/ksse.tests/release_linux-x64/ksse.tests.dll" id="17ae3335-de08-8274-abf4-82d4bda2c6e4">
      <Execution id="66eb6ef8-77f2-4e3f-a24a-ee62b02998a0" />
      <TestMethod codeBase="/home/runner/work/dotnet-monorepo/dotnet-monorepo/src/artifacts/bin/ksse.Tests/release_linux-x64/ksse.Tests.dll" adapterTypeName="executor://mstestadapter/v4" className="ksse.Tests.HealthTests" name="Test_InvalidAllDatabases_ReturnsServiceUnavailable" />
    </UnitTest>
    <UnitTest name="Test_CreateSingleUser_Succeeds" storage="/home/runner/work/dotnet-monorepo/dotnet-monorepo/src/artifacts/bin/ksse.tests/release_linux-x64/ksse.tests.dll" id="1df49f38-1207-8a30-88a1-aaca5355f62a">
      <Execution id="a3e0009e-2273-4d66-9dac-9a33048a64b3" />
      <TestMethod codeBase="/home/runner/work/dotnet-monorepo/dotnet-monorepo/src/artifacts/bin/ksse.Tests/release_linux-x64/ksse.Tests.dll" adapterTypeName="executor://mstestadapter/v4" className="ksse.Tests.UsersTests" name="Test_CreateSingleUser_Succeeds" />
    </UnitTest>
    <UnitTest name="Test_AuthUserWithWrongPassword_Fails" storage="/home/runner/work/dotnet-monorepo/dotnet-monorepo/src/artifacts/bin/ksse.tests/release_linux-x64/ksse.tests.dll" id="15201303-d604-8041-9655-9129f3963e8f">
      <Execution id="70daae0c-f852-493e-aaa0-8a76aa7e6395" />
      <TestMethod codeBase="/home/runner/work/dotnet-monorepo/dotnet-monorepo/src/artifacts/bin/ksse.Tests/release_linux-x64/ksse.Tests.dll" adapterTypeName="executor://mstestadapter/v4" className="ksse.Tests.UsersTests" name="Test_AuthUserWithWrongPassword_Fails" />
    </UnitTest>
    <UnitTest name="Test_AuthUserWithCorrectAuth_Succeeds" storage="/home/runner/work/dotnet-monorepo/dotnet-monorepo/src/artifacts/bin/ksse.tests/release_linux-x64/ksse.tests.dll" id="186d133a-e1bb-8efe-8510-063deb350373">
      <Execution id="f9713026-6cfc-4087-bc56-8edcbfc8cbf8" />
      <TestMethod codeBase="/home/runner/work/dotnet-monorepo/dotnet-monorepo/src/artifacts/bin/ksse.Tests/release_linux-x64/ksse.Tests.dll" adapterTypeName="executor://mstestadapter/v4" className="ksse.Tests.UsersTests" name="Test_AuthUserWithCorrectAuth_Succeeds" />
    </UnitTest>
    <UnitTest name="Test_InvalidUsersDatabase_ReturnsServiceUnavailable" storage="/home/runner/work/dotnet-monorepo/dotnet-monorepo/src/artifacts/bin/ksse.tests/release_linux-x64/ksse.tests.dll" id="12be7870-acca-8189-83ba-8c71522f628a">
      <Execution id="36b9b50b-c4fc-41d9-8ad4-5e7042b4f50e" />
      <TestMethod codeBase="/home/runner/work/dotnet-monorepo/dotnet-monorepo/src/artifacts/bin/ksse.Tests/release_linux-x64/ksse.Tests.dll" adapterTypeName="executor://mstestadapter/v4" className="ksse.Tests.HealthTests" name="Test_InvalidUsersDatabase_ReturnsServiceUnavailable" />
    </UnitTest>
    <UnitTest name="Test_InvalidProgressDatabase_ReturnsServiceUnavailable" storage="/home/runner/work/dotnet-monorepo/dotnet-monorepo/src/artifacts/bin/ksse.tests/release_linux-x64/ksse.tests.dll" id="1542a3bb-7a8a-8712-8727-d3cbb815d2f3">
      <Execution id="62892446-a35a-451b-9667-55b97497d808" />
      <TestMethod codeBase="/home/runner/work/dotnet-monorepo/dotnet-monorepo/src/artifacts/bin/ksse.Tests/release_linux-x64/ksse.Tests.dll" adapterTypeName="executor://mstestadapter/v4" className="ksse.Tests.HealthTests" name="Test_InvalidProgressDatabase_ReturnsServiceUnavailable" />
    </UnitTest>
    <UnitTest name="Test_DeleteUserWithoutAuth_Fails" storage="/home/runner/work/dotnet-monorepo/dotnet-monorepo/src/artifacts/bin/ksse.tests/release_linux-x64/ksse.tests.dll" id="108ef64b-0942-857b-8a32-d8eeac5741d3">
      <Execution id="919a89d3-3099-44b5-94a3-f2467533db4c" />
      <TestMethod codeBase="/home/runner/work/dotnet-monorepo/dotnet-monorepo/src/artifacts/bin/ksse.Tests/release_linux-x64/ksse.Tests.dll" adapterTypeName="executor://mstestadapter/v4" className="ksse.Tests.UsersTests" name="Test_DeleteUserWithoutAuth_Fails" />
    </UnitTest>
    <UnitTest name="Test_DeleteAllProgressWithoutAuth_Fails" storage="/home/runner/work/dotnet-monorepo/dotnet-monorepo/src/artifacts/bin/ksse.tests/release_linux-x64/ksse.tests.dll" id="15f5f23a-ae14-8d39-9383-0afe8eefc855">
      <Execution id="81500a53-a385-4b80-bcbf-315264523d3c" />
      <TestMethod codeBase="/home/runner/work/dotnet-monorepo/dotnet-monorepo/src/artifacts/bin/ksse.Tests/release_linux-x64/ksse.Tests.dll" adapterTypeName="executor://mstestadapter/v4" className="ksse.Tests.ProgressTests" name="Test_DeleteAllProgressWithoutAuth_Fails" />
    </UnitTest>
    <UnitTest name="Test_CreateUserWhenFeatureIsDisabled_Fails" storage="/home/runner/work/dotnet-monorepo/dotnet-monorepo/src/artifacts/bin/ksse.tests/release_linux-x64/ksse.tests.dll" id="161fc569-3369-86c1-8e0d-6c373c25ff0b">
      <Execution id="69e3e0da-e481-4738-8c62-0eda3a6672bf" />
      <TestMethod codeBase="/home/runner/work/dotnet-monorepo/dotnet-monorepo/src/artifacts/bin/ksse.Tests/release_linux-x64/ksse.Tests.dll" adapterTypeName="executor://mstestadapter/v4" className="ksse.Tests.UsersTests" name="Test_CreateUserWhenFeatureIsDisabled_Fails" />
    </UnitTest>
    <UnitTest name="Test_ChangePasswordWithCorrectAuth_Succeeds" storage="/home/runner/work/dotnet-monorepo/dotnet-monorepo/src/artifacts/bin/ksse.tests/release_linux-x64/ksse.tests.dll" id="16a2fc19-c0ac-83d7-b922-04ebb0e0c8fe">
      <Execution id="3919a0d2-60ed-48e6-a26d-fa0e204cda8e" />
      <TestMethod codeBase="/home/runner/work/dotnet-monorepo/dotnet-monorepo/src/artifacts/bin/ksse.Tests/release_linux-x64/ksse.Tests.dll" adapterTypeName="executor://mstestadapter/v4" className="ksse.Tests.UsersTests" name="Test_ChangePasswordWithCorrectAuth_Succeeds" />
    </UnitTest>
  </TestDefinitions>
  <TestEntries>
    <TestEntry testId="12be7870-acca-8189-83ba-8c71522f628a" executionId="36b9b50b-c4fc-41d9-8ad4-5e7042b4f50e" testListId="8c84fa94-04c1-424b-9868-57a2d4851a1d" />
    <TestEntry testId="1542a3bb-7a8a-8712-8727-d3cbb815d2f3" executionId="62892446-a35a-451b-9667-55b97497d808" testListId="8c84fa94-04c1-424b-9868-57a2d4851a1d" />
    <TestEntry testId="108ef64b-0942-857b-8a32-d8eeac5741d3" executionId="919a89d3-3099-44b5-94a3-f2467533db4c" testListId="8c84fa94-04c1-424b-9868-57a2d4851a1d" />
    <TestEntry testId="161fc569-3369-86c1-8e0d-6c373c25ff0b" executionId="69e3e0da-e481-4738-8c62-0eda3a6672bf" testListId="8c84fa94-04c1-424b-9868-57a2d4851a1d" />
    <TestEntry testId="137e5dc7-696f-82d0-9be2-c99e006bbf79" executionId="fae751d9-1a00-4020-b1dc-57a2eb71aaae" testListId="8c84fa94-04c1-424b-9868-57a2d4851a1d" />
    <TestEntry testId="1af89287-99f5-876a-b55a-701f9eb5be7c" executionId="9a9301bc-97b9-4695-bb47-57eee762f216" testListId="8c84fa94-04c1-424b-9868-57a2d4851a1d" />
    <TestEntry testId="16a1c27b-d16e-8bad-a515-82515bf126eb" executionId="4bcbfba9-c059-4cc0-a641-50cfbd5cc0e9" testListId="8c84fa94-04c1-424b-9868-57a2d4851a1d" />
    <TestEntry testId="13a5cd0b-69fa-8c36-91a9-0fe254e7e6bd" executionId="b6678fce-73b6-432b-b2e6-ec7435ebe3c2" testListId="8c84fa94-04c1-424b-9868-57a2d4851a1d" />
    <TestEntry testId="15f5f23a-ae14-8d39-9383-0afe8eefc855" executionId="81500a53-a385-4b80-bcbf-315264523d3c" testListId="8c84fa94-04c1-424b-9868-57a2d4851a1d" />
    <TestEntry testId="102c7657-8154-8238-90b7-6e32f2a18fc7" executionId="5add7fd8-230e-4db8-b29b-577807736954" testListId="8c84fa94-04c1-424b-9868-57a2d4851a1d" />
    <TestEntry testId="16a2fc19-c0ac-83d7-b922-04ebb0e0c8fe" executionId="3919a0d2-60ed-48e6-a26d-fa0e204cda8e" testListId="8c84fa94-04c1-424b-9868-57a2d4851a1d" />
    <TestEntry testId="1fcc2f72-d833-84dc-a917-4405961190c3" executionId="9d8e8376-f5d3-4bce-b0b2-fcdad1e23a30" testListId="8c84fa94-04c1-424b-9868-57a2d4851a1d" />
    <TestEntry testId="112f889c-6e0f-89cb-a5bb-7e10d8d74f0f" executionId="a601f963-c871-4c8f-9e41-9ebdcdb10328" testListId="8c84fa94-04c1-424b-9868-57a2d4851a1d" />
    <TestEntry testId="132945f6-6e23-865e-85d1-b4595840936c" executionId="98e133ea-40c5-4f5e-b13e-305e35dec9c6" testListId="8c84fa94-04c1-424b-9868-57a2d4851a1d" />
    <TestEntry testId="19387bbc-99d0-8cea-8ff1-10b5a3767f55" executionId="a5fa32f8-a51d-49fd-bd12-413e28feb2ee" testListId="8c84fa94-04c1-424b-9868-57a2d4851a1d" />
    <TestEntry testId="155446e3-8a34-83e5-aee6-75e105570957" executionId="339a11ec-54b0-4a20-b153-13eac26bdbdf" testListId="8c84fa94-04c1-424b-9868-57a2d4851a1d" />
    <TestEntry testId="17aa2d49-4588-833f-803d-ac33704ec19b" executionId="9089c350-b023-4450-90a7-cad669beb379" testListId="8c84fa94-04c1-424b-9868-57a2d4851a1d" />
    <TestEntry testId="1e11a824-50f6-8f93-b2fe-0420f6201f65" executionId="5b83ca08-5c2d-4f8f-a272-720e0a73c75f" testListId="8c84fa94-04c1-424b-9868-57a2d4851a1d" />
    <TestEntry testId="11753310-0116-811b-a9d6-9e37c130b4c9" executionId="472f7521-ea80-4275-a159-936f2a3bb043" testListId="8c84fa94-04c1-424b-9868-57a2d4851a1d" />
    <TestEntry testId="1724032a-64f1-8808-bb42-6938d7db544f" executionId="040bdd38-1f19-449b-a2f0-599c73c46244" testListId="8c84fa94-04c1-424b-9868-57a2d4851a1d" />
    <TestEntry testId="15201303-d604-8041-9655-9129f3963e8f" executionId="70daae0c-f852-493e-aaa0-8a76aa7e6395" testListId="8c84fa94-04c1-424b-9868-57a2d4851a1d" />
    <TestEntry testId="1f4f93a2-a1d4-8964-a870-128e9bd4cfdb" executionId="f128bcb5-0b0d-41b4-a6d2-2bf368cecae9" testListId="8c84fa94-04c1-424b-9868-57a2d4851a1d" />
    <TestEntry testId="173f52f6-fe2f-8ccc-bbde-bcea11e0654f" executionId="f451e50c-2c48-42eb-a01f-984e3dd7e281" testListId="8c84fa94-04c1-424b-9868-57a2d4851a1d" />
    <TestEntry testId="1908a3f0-f0f0-88c2-a93c-83a990030485" executionId="deee508f-a110-4ee1-8b30-0f709f99c37c" testListId="8c84fa94-04c1-424b-9868-57a2d4851a1d" />
    <TestEntry testId="186d133a-e1bb-8efe-8510-063deb350373" executionId="f9713026-6cfc-4087-bc56-8edcbfc8cbf8" testListId="8c84fa94-04c1-424b-9868-57a2d4851a1d" />
    <TestEntry testId="199f3463-3b26-8091-a133-d84de9085545" executionId="6ff84e67-f138-4ec7-9aeb-65ec7bfab4a5" testListId="8c84fa94-04c1-424b-9868-57a2d4851a1d" />
    <TestEntry testId="192886f3-f09f-8e26-9120-75957a3fea42" executionId="991c4971-7ca3-4383-bfb6-16e9d81cf6e8" testListId="8c84fa94-04c1-424b-9868-57a2d4851a1d" />
    <TestEntry testId="1df49f38-1207-8a30-88a1-aaca5355f62a" executionId="a3e0009e-2273-4d66-9dac-9a33048a64b3" testListId="8c84fa94-04c1-424b-9868-57a2d4851a1d" />
    <TestEntry testId="1264adfd-ff7f-8738-8b4f-c2ee71cba679" executionId="edb08036-705c-4f87-8b4d-97c3ef2356ce" testListId="8c84fa94-04c1-424b-9868-57a2d4851a1d" />
    <TestEntry testId="17ae3335-de08-8274-abf4-82d4bda2c6e4" executionId="66eb6ef8-77f2-4e3f-a24a-ee62b02998a0" testListId="8c84fa94-04c1-424b-9868-57a2d4851a1d" />
  </TestEntries>
  <TestLists>
    <TestList name="Results Not in a List" id="8c84fa94-04c1-424b-9868-57a2d4851a1d" />
    <TestList name="All Loaded Results" id="19431567-8539-422a-85d7-44ee4e166bda" />
  </TestLists>
  <ResultSummary outcome="Completed">
    <Counters total="30" executed="30" passed="30" failed="0" error="0" timeout="0" aborted="0" inconclusive="0" passedButRunAborted="0" notRunnable="0" notExecuted="0" disconnected="0" warning="0" completed="0" inProgress="0" pending="0" />
    <Output>
      <StdOut>Test Parallelization enabled for /home/runner/work/dotnet-monorepo/dotnet-monorepo/src/artifacts/bin/ksse.Tests/release_linux-x64/ksse.Tests.dll (Workers: 4, Scope: ClassLevel)
</StdOut>
    </Output>
  </ResultSummary>
</TestRun>