<?xml version="1.0" encoding="utf-8"?>
<TestRun id="3bdb3602-33ef-402c-9d80-3e0ec54b97ae" name="@runnervmmklqx 2026-06-29 21:36:35" xmlns="http://microsoft.com/schemas/VisualStudio/TeamTest/2010">
  <Times creation="2026-06-29T21:36:35.5330081+00:00" queuing="2026-06-29T21:36:35.5330081+00:00" start="2026-06-29T21:36:33.6835617+00:00" finish="2026-06-29T21:36:37.5664589+00:00" />
  <TestSettings name="default" id="43a19121-1900-4756-9225-61dcbe708b0b">
    <Deployment runDeploymentRoot="_runnervmmklqx_2026-06-29_21_36_35" />
  </TestSettings>
  <Results>
    <UnitTestResult executionId="cdef36d3-f505-41fb-a44b-4f31b725c448" testId="1542a3bb-7a8a-8712-8727-d3cbb815d2f3" testName="Test_InvalidProgressDatabase_ReturnsServiceUnavailable" computerName="runnervmmklqx" duration="00:00:00.0849531" startTime="2026-06-29T21:36:35.2353291+00:00" endTime="2026-06-29T21:36:35.3203588+00:00" testType="13cdc9d9-ddb5-4fa4-a97d-d965ccfc6d4b" outcome="Passed" testListId="8c84fa94-04c1-424b-9868-57a2d4851a1d" relativeResultsDirectory="cdef36d3-f505-41fb-a44b-4f31b725c448">
      <Output>
        <StdOut>warn: Microsoft.EntityFrameworkCore.Model.Validation[30000]
      The entity type 'ProgressDocument' is configured to use schema 'progress', but SQLite does not support schemas. This configuration will be ignored by the SQLite provider.
info: Microsoft.AspNetCore.DataProtection.KeyManagement.XmlKeyManager[62]
      User profile is available. Using '/home/runner/.aspnet/DataProtection-Keys' as key repository; keys will not be encrypted at rest.
info: Microsoft.AspNetCore.Hosting.Diagnostics[1]
      Request starting HTTP/1.1 GET http://localhost/healthcheck - - -
info: Microsoft.AspNetCore.Routing.EndpointMiddleware[0]
      Executing endpoint 'Health checks'
fail: Microsoft.Extensions.Diagnostics.HealthChecks.DefaultHealthCheckService[103]
      Health check ProgressDbContext with status Unhealthy completed after 0.4232ms with message '(null)'
info: Microsoft.AspNetCore.Routing.EndpointMiddleware[1]
      Executed endpoint 'Health checks'
info: Microsoft.AspNetCore.Hosting.Diagnostics[2]
      Request finished HTTP/1.1 GET http://localhost/healthcheck - 503 - - 2.3219ms</StdOut>
      </Output>
    </UnitTestResult>
    <UnitTestResult executionId="f21845c9-36cd-40a9-b294-90dc22a993e9" testId="132945f6-6e23-865e-85d1-b4595840936c" testName="Test_CreateSameUserTwice_Fails" computerName="runnervmmklqx" duration="00:00:00.0888022" startTime="2026-06-29T21:36:35.3608107+00:00" endTime="2026-06-29T21:36:35.4496603+00:00" testType="13cdc9d9-ddb5-4fa4-a97d-d965ccfc6d4b" outcome="Passed" testListId="8c84fa94-04c1-424b-9868-57a2d4851a1d" relativeResultsDirectory="f21845c9-36cd-40a9-b294-90dc22a993e9">
      <Output>
        <StdOut>info: Microsoft.AspNetCore.DataProtection.KeyManagement.XmlKeyManager[62]
      User profile is available. Using '/home/runner/.aspnet/DataProtection-Keys' as key repository; keys will not be encrypted at rest.
info: Microsoft.AspNetCore.Hosting.Diagnostics[1]
      Request starting HTTP/1.1 POST http://localhost/users/create - application/json;+charset=utf-8 -
info: Microsoft.AspNetCore.Routing.EndpointMiddleware[0]
      Executing endpoint 'HTTP: POST users/create =&gt; CreateUserAsync'
info: Microsoft.EntityFrameworkCore.Update[30100]
      Saved 1 entities to in-memory store.
info: Microsoft.AspNetCore.Http.Result.CreatedResult[1]
      Setting HTTP status code 201.
info: Microsoft.AspNetCore.Http.Result.CreatedResult[3]
      Writing value of type 'CreateUserResponse' as Json.
info: Microsoft.AspNetCore.Routing.EndpointMiddleware[1]
      Executed endpoint 'HTTP: POST users/create =&gt; CreateUserAsync'
info: Microsoft.AspNetCore.Hosting.Diagnostics[2]
      Request finished HTTP/1.1 POST http://localhost/users/create - 201 - application/json;+charset=utf-8 76.8480ms
info: Microsoft.AspNetCore.Hosting.Diagnostics[1]
      Request starting HTTP/1.1 POST http://localhost/users/create - application/json;+charset=utf-8 -
info: Microsoft.AspNetCore.Routing.EndpointMiddleware[0]
      Executing endpoint 'HTTP: POST users/create =&gt; CreateUserAsync'
info: Microsoft.AspNetCore.Http.Result.JsonResult[1]
      Setting HTTP status code 402.
info: Microsoft.AspNetCore.Http.Result.JsonResult[3]
      Writing value of type 'ErrorResponse' as Json.
info: Microsoft.AspNetCore.Routing.EndpointMiddleware[1]
      Executed endpoint 'HTTP: POST users/create =&gt; CreateUserAsync'
info: Microsoft.AspNetCore.Hosting.Diagnostics[2]
      Request finished HTTP/1.1 POST http://localhost/users/create - 402 - application/json;+charset=utf-8 3.6191ms</StdOut>
      </Output>
    </UnitTestResult>
    <UnitTestResult executionId="45a95016-5528-4584-8bd2-cac19ba10f40" testId="1264adfd-ff7f-8738-8b4f-c2ee71cba679" testName="Test_GetAllProgressWithoutAuth_Fails" computerName="runnervmmklqx" duration="00:00:00.0830957" startTime="2026-06-29T21:36:37.2452301+00:00" endTime="2026-06-29T21:36:37.3284226+00:00" testType="13cdc9d9-ddb5-4fa4-a97d-d965ccfc6d4b" outcome="Passed" testListId="8c84fa94-04c1-424b-9868-57a2d4851a1d" relativeResultsDirectory="45a95016-5528-4584-8bd2-cac19ba10f40">
      <Output>
        <StdOut>info: Microsoft.AspNetCore.DataProtection.KeyManagement.XmlKeyManager[62]
      User profile is available. Using '/home/runner/.aspnet/DataProtection-Keys' as key repository; keys will not be encrypted at rest.
info: Microsoft.EntityFrameworkCore.Update[30100]
      Saved 1 entities to in-memory store.
info: Microsoft.EntityFrameworkCore.Update[30100]
      Saved 1 entities to in-memory store.
info: Microsoft.EntityFrameworkCore.Update[30100]
      Saved 1 entities to in-memory store.
info: Microsoft.AspNetCore.Hosting.Diagnostics[1]
      Request starting HTTP/1.1 GET http://localhost/syncs/progress - - -
info: Microsoft.AspNetCore.Authorization.DefaultAuthorizationService[2]
      Authorization failed. These requirements were not met:
      DenyAnonymousAuthorizationRequirement: Requires an authenticated user.
info: ksse.Auth.KoreaderAuthHandler[12]
      AuthenticationScheme: KoreaderAuthScheme was challenged.
info: Microsoft.AspNetCore.Hosting.Diagnostics[2]
      Request finished HTTP/1.1 GET http://localhost/syncs/progress - 401 - application/json;+charset=utf-8 3.0106ms</StdOut>
      </Output>
    </UnitTestResult>
    <UnitTestResult executionId="29c8e6b5-f03d-4707-bcc2-2ee5ea97a110" testId="1e11a824-50f6-8f93-b2fe-0420f6201f65" testName="Test_DeleteAllProgressWithCorrectAuth_Succeeds" computerName="runnervmmklqx" duration="00:00:00.1602618" startTime="2026-06-29T21:36:37.0848566+00:00" endTime="2026-06-29T21:36:37.2451930+00:00" testType="13cdc9d9-ddb5-4fa4-a97d-d965ccfc6d4b" outcome="Passed" testListId="8c84fa94-04c1-424b-9868-57a2d4851a1d" relativeResultsDirectory="29c8e6b5-f03d-4707-bcc2-2ee5ea97a110">
      <Output>
        <StdOut>info: Microsoft.AspNetCore.DataProtection.KeyManagement.XmlKeyManager[62]
      User profile is available. Using '/home/runner/.aspnet/DataProtection-Keys' as key repository; keys will not be encrypted at rest.
info: Microsoft.EntityFrameworkCore.Update[30100]
      Saved 1 entities to in-memory store.
info: Microsoft.EntityFrameworkCore.Update[30100]
      Saved 1 entities to in-memory store.
info: Microsoft.EntityFrameworkCore.Update[30100]
      Saved 1 entities to in-memory store.
info: Microsoft.AspNetCore.Hosting.Diagnostics[1]
      Request starting HTTP/1.1 DELETE http://localhost/syncs/progress - - -
info: Microsoft.AspNetCore.Routing.EndpointMiddleware[0]
      Executing endpoint 'HTTP: DELETE syncs/progress/ =&gt; DeleteAllProgressAsync'
info: Microsoft.EntityFrameworkCore.Update[30100]
      Saved 2 entities to in-memory store.
info: Microsoft.AspNetCore.Http.Result.OkObjectResult[1]
      Setting HTTP status code 200.
info: Microsoft.AspNetCore.Routing.EndpointMiddleware[1]
      Executed endpoint 'HTTP: DELETE syncs/progress/ =&gt; DeleteAllProgressAsync'
info: Microsoft.AspNetCore.Hosting.Diagnostics[2]
      Request finished HTTP/1.1 DELETE http://localhost/syncs/progress - 200 - - 77.5944ms</StdOut>
      </Output>
    </UnitTestResult>
    <UnitTestResult executionId="36555891-7bd1-41d6-b0b6-745955ea9d05" testId="186d133a-e1bb-8efe-8510-063deb350373" testName="Test_AuthUserWithCorrectAuth_Succeeds" computerName="runnervmmklqx" duration="00:00:00.2629688" startTime="2026-06-29T21:36:35.7076352+00:00" endTime="2026-06-29T21:36:35.9706822+00:00" testType="13cdc9d9-ddb5-4fa4-a97d-d965ccfc6d4b" outcome="Passed" testListId="8c84fa94-04c1-424b-9868-57a2d4851a1d" relativeResultsDirectory="36555891-7bd1-41d6-b0b6-745955ea9d05">
      <Output>
        <StdOut>info: Microsoft.AspNetCore.DataProtection.KeyManagement.XmlKeyManager[62]
      User profile is available. Using '/home/runner/.aspnet/DataProtection-Keys' as key repository; keys will not be encrypted at rest.
info: Microsoft.AspNetCore.Hosting.Diagnostics[1]
      Request starting HTTP/1.1 POST http://localhost/users/create - application/json;+charset=utf-8 -
info: Microsoft.AspNetCore.Routing.EndpointMiddleware[0]
      Executing endpoint 'HTTP: POST users/create =&gt; CreateUserAsync'
info: Microsoft.EntityFrameworkCore.Update[30100]
      Saved 1 entities to in-memory store.
info: Microsoft.AspNetCore.Http.Result.CreatedResult[1]
      Setting HTTP status code 201.
info: Microsoft.AspNetCore.Http.Result.CreatedResult[3]
      Writing value of type 'CreateUserResponse' as Json.
info: Microsoft.AspNetCore.Routing.EndpointMiddleware[1]
      Executed endpoint 'HTTP: POST users/create =&gt; CreateUserAsync'
info: Microsoft.AspNetCore.Hosting.Diagnostics[2]
      Request finished HTTP/1.1 POST http://localhost/users/create - 201 - application/json;+charset=utf-8 134.6232ms
info: Microsoft.AspNetCore.Hosting.Diagnostics[1]
      Request starting HTTP/1.1 GET http://localhost/users/auth - - -
info: Microsoft.AspNetCore.Routing.EndpointMiddleware[0]
      Executing endpoint 'HTTP: GET users/auth =&gt; AuthUser'
info: Microsoft.AspNetCore.Http.Result.OkObjectResult[1]
      Setting HTTP status code 200.
info: Microsoft.AspNetCore.Http.Result.OkObjectResult[3]
      Writing value of type 'AuthUserResponse' as Json.
info: Microsoft.AspNetCore.Routing.EndpointMiddleware[1]
      Executed endpoint 'HTTP: GET users/auth =&gt; AuthUser'
info: Microsoft.AspNetCore.Hosting.Diagnostics[2]
      Request finished HTTP/1.1 GET http://localhost/users/auth - 200 - application/json;+charset=utf-8 97.0659ms</StdOut>
      </Output>
    </UnitTestResult>
    <UnitTestResult executionId="f394af19-c682-4df3-ac28-629cc3df411b" testId="1f4f93a2-a1d4-8964-a870-128e9bd4cfdb" testName="Test_GetProgressWithWrongPassword_Fails" computerName="runnervmmklqx" duration="00:00:00.1558899" startTime="2026-06-29T21:36:36.1783717+00:00" endTime="2026-06-29T21:36:36.3343277+00:00" testType="13cdc9d9-ddb5-4fa4-a97d-d965ccfc6d4b" outcome="Passed" testListId="8c84fa94-04c1-424b-9868-57a2d4851a1d" relativeResultsDirectory="f394af19-c682-4df3-ac28-629cc3df411b">
      <Output>
        <StdOut>info: Microsoft.AspNetCore.DataProtection.KeyManagement.XmlKeyManager[62]
      User profile is available. Using '/home/runner/.aspnet/DataProtection-Keys' as key repository; keys will not be encrypted at rest.
info: Microsoft.EntityFrameworkCore.Update[30100]
      Saved 1 entities to in-memory store.
info: Microsoft.EntityFrameworkCore.Update[30100]
      Saved 1 entities to in-memory store.
info: Microsoft.AspNetCore.Hosting.Diagnostics[1]
      Request starting HTTP/1.1 GET http://localhost/syncs/progress/document - - -
info: ksse.Auth.KoreaderAuthHandler[7]
      KoreaderAuthScheme was not authenticated. Failure message: Incorrect password.
info: ksse.Auth.KoreaderAuthHandler[7]
      KoreaderAuthScheme was not authenticated. Failure message: Incorrect password.
info: Microsoft.AspNetCore.Authorization.DefaultAuthorizationService[2]
      Authorization failed. These requirements were not met:
      DenyAnonymousAuthorizationRequirement: Requires an authenticated user.
info: ksse.Auth.KoreaderAuthHandler[12]
      AuthenticationScheme: KoreaderAuthScheme was challenged.
info: Microsoft.AspNetCore.Hosting.Diagnostics[2]
      Request finished HTTP/1.1 GET http://localhost/syncs/progress/document - 401 - application/json;+charset=utf-8 68.0399ms</StdOut>
      </Output>
    </UnitTestResult>
    <UnitTestResult executionId="8074c897-ab6f-4de9-960a-20d938b498ac" testId="102c7657-8154-8238-90b7-6e32f2a18fc7" testName="Test_AuthWithNoCredentials_Fails" computerName="runnervmmklqx" duration="00:00:00.0142253" startTime="2026-06-29T21:36:35.4850707+00:00" endTime="2026-06-29T21:36:35.4993593+00:00" testType="13cdc9d9-ddb5-4fa4-a97d-d965ccfc6d4b" outcome="Passed" testListId="8c84fa94-04c1-424b-9868-57a2d4851a1d" relativeResultsDirectory="8074c897-ab6f-4de9-960a-20d938b498ac">
      <Output>
        <StdOut>info: Microsoft.AspNetCore.DataProtection.KeyManagement.XmlKeyManager[62]
      User profile is available. Using '/home/runner/.aspnet/DataProtection-Keys' as key repository; keys will not be encrypted at rest.
info: Microsoft.AspNetCore.Hosting.Diagnostics[1]
      Request starting HTTP/1.1 GET http://localhost/users/auth - - -
info: Microsoft.AspNetCore.Authorization.DefaultAuthorizationService[2]
      Authorization failed. These requirements were not met:
      DenyAnonymousAuthorizationRequirement: Requires an authenticated user.
info: ksse.Auth.KoreaderAuthHandler[12]
      AuthenticationScheme: KoreaderAuthScheme was challenged.
info: Microsoft.AspNetCore.Hosting.Diagnostics[2]
      Request finished HTTP/1.1 GET http://localhost/users/auth - 401 - application/json;+charset=utf-8 2.6863ms</StdOut>
      </Output>
    </UnitTestResult>
    <UnitTestResult executionId="74d95c43-8d73-4cff-a8fa-4bd358f35b93" testId="13a5cd0b-69fa-8c36-91a9-0fe254e7e6bd" testName="Test_PutProgressWithWrongPassword_Fails" computerName="runnervmmklqx" duration="00:00:00.1992470" startTime="2026-06-29T21:36:35.2578082+00:00" endTime="2026-06-29T21:36:35.4571124+00:00" testType="13cdc9d9-ddb5-4fa4-a97d-d965ccfc6d4b" outcome="Passed" testListId="8c84fa94-04c1-424b-9868-57a2d4851a1d" relativeResultsDirectory="74d95c43-8d73-4cff-a8fa-4bd358f35b93">
      <Output>
        <StdOut>info: Microsoft.AspNetCore.DataProtection.KeyManagement.XmlKeyManager[62]
      User profile is available. Using '/home/runner/.aspnet/DataProtection-Keys' as key repository; keys will not be encrypted at rest.
info: Microsoft.EntityFrameworkCore.Update[30100]
      Saved 1 entities to in-memory store.
info: Microsoft.AspNetCore.Hosting.Diagnostics[1]
      Request starting HTTP/1.1 PUT http://localhost/syncs/progress - application/json;+charset=utf-8 -
info: ksse.Auth.KoreaderAuthHandler[7]
      KoreaderAuthScheme was not authenticated. Failure message: Incorrect password.
info: ksse.Auth.KoreaderAuthHandler[7]
      KoreaderAuthScheme was not authenticated. Failure message: Incorrect password.
info: Microsoft.AspNetCore.Authorization.DefaultAuthorizationService[2]
      Authorization failed. These requirements were not met:
      DenyAnonymousAuthorizationRequirement: Requires an authenticated user.
info: ksse.Auth.KoreaderAuthHandler[12]
      AuthenticationScheme: KoreaderAuthScheme was challenged.
info: Microsoft.AspNetCore.Hosting.Diagnostics[2]
      Request finished HTTP/1.1 PUT http://localhost/syncs/progress - 401 - application/json;+charset=utf-8 80.5599ms</StdOut>
      </Output>
    </UnitTestResult>
    <UnitTestResult executionId="72948019-913e-4f09-a068-fb8875249622" testId="112f889c-6e0f-89cb-a5bb-7e10d8d74f0f" testName="Test_PutProgressWithoutAuth_Fails" computerName="runnervmmklqx" duration="00:00:01.1042035" startTime="2026-06-29T21:36:34.1366036+00:00" endTime="2026-06-29T21:36:35.2577782+00:00" testType="13cdc9d9-ddb5-4fa4-a97d-d965ccfc6d4b" outcome="Passed" testListId="8c84fa94-04c1-424b-9868-57a2d4851a1d" relativeResultsDirectory="72948019-913e-4f09-a068-fb8875249622">
      <Output>
        <StdOut>info: Microsoft.AspNetCore.DataProtection.KeyManagement.XmlKeyManager[62]
      User profile is available. Using '/home/runner/.aspnet/DataProtection-Keys' as key repository; keys will not be encrypted at rest.
info: Microsoft.AspNetCore.DataProtection.KeyManagement.XmlKeyManager[58]
      Creating key {8d74a7bb-5649-4fbc-88f3-622afc707f87} with creation date 2026-06-29 21:36:34Z, activation date 2026-06-29 21:36:34Z, and expiration date 2026-09-27 21:36:34Z.
warn: Microsoft.AspNetCore.DataProtection.KeyManagement.XmlKeyManager[35]
      No XML encryptor configured. Key {8d74a7bb-5649-4fbc-88f3-622afc707f87} may be persisted to storage in unencrypted form.
info: Microsoft.AspNetCore.DataProtection.Repositories.FileSystemXmlRepository[39]
      Writing data to file '/home/runner/.aspnet/DataProtection-Keys/key-8d74a7bb-5649-4fbc-88f3-622afc707f87.xml'.
info: Microsoft.EntityFrameworkCore.Update[30100]
      Saved 1 entities to in-memory store.
info: Microsoft.AspNetCore.Hosting.Diagnostics[1]
      Request starting HTTP/1.1 PUT http://localhost/syncs/progress - application/json;+charset=utf-8 -
info: Microsoft.AspNetCore.Authorization.DefaultAuthorizationService[2]
      Authorization failed. These requirements were not met:
      DenyAnonymousAuthorizationRequirement: Requires an authenticated user.
info: ksse.Auth.KoreaderAuthHandler[12]
      AuthenticationScheme: KoreaderAuthScheme was challenged.
info: Microsoft.AspNetCore.Hosting.Diagnostics[2]
      Request finished HTTP/1.1 PUT http://localhost/syncs/progress - 401 - application/json;+charset=utf-8 14.2785ms</StdOut>
      </Output>
    </UnitTestResult>
    <UnitTestResult executionId="abab4f45-ee15-441b-bdde-710d4cdfc7be" testId="16a2fc19-c0ac-83d7-b922-04ebb0e0c8fe" testName="Test_ChangePasswordWithCorrectAuth_Succeeds" computerName="runnervmmklqx" duration="00:00:00.5049352" startTime="2026-06-29T21:36:36.0496711+00:00" endTime="2026-06-29T21:36:36.5546563+00:00" testType="13cdc9d9-ddb5-4fa4-a97d-d965ccfc6d4b" outcome="Passed" testListId="8c84fa94-04c1-424b-9868-57a2d4851a1d" relativeResultsDirectory="abab4f45-ee15-441b-bdde-710d4cdfc7be">
      <Output>
        <StdOut>info: Microsoft.AspNetCore.DataProtection.KeyManagement.XmlKeyManager[62]
      User profile is available. Using '/home/runner/.aspnet/DataProtection-Keys' as key repository; keys will not be encrypted at rest.
info: Microsoft.EntityFrameworkCore.Update[30100]
      Saved 1 entities to in-memory store.
info: Microsoft.AspNetCore.Hosting.Diagnostics[1]
      Request starting HTTP/1.1 POST http://localhost/users/changepassword - application/json;+charset=utf-8 -
info: Microsoft.AspNetCore.Routing.EndpointMiddleware[0]
      Executing endpoint 'HTTP: POST users/changepassword =&gt; ChangePasswordAsync'
info: Microsoft.EntityFrameworkCore.Update[30100]
      Saved 1 entities to in-memory store.
info: Microsoft.AspNetCore.Http.Result.OkObjectResult[1]
      Setting HTTP status code 200.
info: Microsoft.AspNetCore.Routing.EndpointMiddleware[1]
      Executed endpoint 'HTTP: POST users/changepassword =&gt; ChangePasswordAsync'
info: Microsoft.AspNetCore.Hosting.Diagnostics[2]
      Request finished HTTP/1.1 POST http://localhost/users/changepassword - 200 - - 303.5943ms</StdOut>
      </Output>
    </UnitTestResult>
    <UnitTestResult executionId="b0582496-0b2a-4416-b0be-e08c79b13b02" testId="173f52f6-fe2f-8ccc-bbde-bcea11e0654f" testName="Test_DeleteUserWithCorrectAuth_Succeeds" computerName="runnervmmklqx" duration="00:00:00.1875965" startTime="2026-06-29T21:36:37.0473754+00:00" endTime="2026-06-29T21:36:37.2350536+00:00" testType="13cdc9d9-ddb5-4fa4-a97d-d965ccfc6d4b" outcome="Passed" testListId="8c84fa94-04c1-424b-9868-57a2d4851a1d" relativeResultsDirectory="b0582496-0b2a-4416-b0be-e08c79b13b02">
      <Output>
        <StdOut>info: Microsoft.AspNetCore.DataProtection.KeyManagement.XmlKeyManager[62]
      User profile is available. Using '/home/runner/.aspnet/DataProtection-Keys' as key repository; keys will not be encrypted at rest.
info: Microsoft.EntityFrameworkCore.Update[30100]
      Saved 1 entities to in-memory store.
info: Microsoft.EntityFrameworkCore.Update[30100]
      Saved 1 entities to in-memory store.
info: Microsoft.EntityFrameworkCore.Update[30100]
      Saved 1 entities to in-memory store.
info: Microsoft.AspNetCore.Hosting.Diagnostics[1]
      Request starting HTTP/1.1 DELETE http://localhost/users - - -
info: Microsoft.AspNetCore.Routing.EndpointMiddleware[0]
      Executing endpoint 'HTTP: DELETE users/ =&gt; DeleteUserAsync'
info: Microsoft.EntityFrameworkCore.Update[30100]
      Saved 2 entities to in-memory store.
info: Microsoft.EntityFrameworkCore.Update[30100]
      Saved 1 entities to in-memory store.
info: Microsoft.AspNetCore.Http.Result.OkObjectResult[1]
      Setting HTTP status code 200.
info: Microsoft.AspNetCore.Routing.EndpointMiddleware[1]
      Executed endpoint 'HTTP: DELETE users/ =&gt; DeleteUserAsync'
info: Microsoft.AspNetCore.Hosting.Diagnostics[2]
      Request finished HTTP/1.1 DELETE http://localhost/users - 200 - - 94.2049ms</StdOut>
      </Output>
    </UnitTestResult>
    <UnitTestResult executionId="301997e9-91e5-44bf-8213-91f74af6bbed" testId="161fc569-3369-86c1-8e0d-6c373c25ff0b" testName="Test_CreateUserWhenFeatureIsDisabled_Fails" computerName="runnervmmklqx" duration="00:00:00.0101118" startTime="2026-06-29T21:36:35.4496819+00:00" endTime="2026-06-29T21:36:35.4598411+00:00" testType="13cdc9d9-ddb5-4fa4-a97d-d965ccfc6d4b" outcome="Passed" testListId="8c84fa94-04c1-424b-9868-57a2d4851a1d" relativeResultsDirectory="301997e9-91e5-44bf-8213-91f74af6bbed">
      <Output>
        <StdOut>info: Microsoft.AspNetCore.DataProtection.KeyManagement.XmlKeyManager[62]
      User profile is available. Using '/home/runner/.aspnet/DataProtection-Keys' as key repository; keys will not be encrypted at rest.
info: Microsoft.AspNetCore.Hosting.Diagnostics[1]
      Request starting HTTP/1.1 POST http://localhost/users/create - application/json;+charset=utf-8 -
info: Microsoft.AspNetCore.Routing.EndpointMiddleware[0]
      Executing endpoint 'HTTP: POST users/create =&gt; CreateUserAsync'
info: Microsoft.AspNetCore.Http.Result.JsonResult[1]
      Setting HTTP status code 402.
info: Microsoft.AspNetCore.Http.Result.JsonResult[3]
      Writing value of type 'ErrorResponse' as Json.
info: Microsoft.AspNetCore.Routing.EndpointMiddleware[1]
      Executed endpoint 'HTTP: POST users/create =&gt; CreateUserAsync'
info: Microsoft.AspNetCore.Hosting.Diagnostics[2]
      Request finished HTTP/1.1 POST http://localhost/users/create - 402 - application/json;+charset=utf-8 2.5491ms</StdOut>
      </Output>
    </UnitTestResult>
    <UnitTestResult executionId="517c2493-0a58-4d04-8177-61d9498b15eb" testId="155446e3-8a34-83e5-aee6-75e105570957" testName="Test_ChangePasswordWithoutAuth_Fails" computerName="runnervmmklqx" duration="00:00:00.0788723" startTime="2026-06-29T21:36:35.9707159+00:00" endTime="2026-06-29T21:36:36.0496459+00:00" testType="13cdc9d9-ddb5-4fa4-a97d-d965ccfc6d4b" outcome="Passed" testListId="8c84fa94-04c1-424b-9868-57a2d4851a1d" relativeResultsDirectory="517c2493-0a58-4d04-8177-61d9498b15eb">
      <Output>
        <StdOut>info: Microsoft.AspNetCore.DataProtection.KeyManagement.XmlKeyManager[62]
      User profile is available. Using '/home/runner/.aspnet/DataProtection-Keys' as key repository; keys will not be encrypted at rest.
info: Microsoft.EntityFrameworkCore.Update[30100]
      Saved 1 entities to in-memory store.
info: Microsoft.AspNetCore.Hosting.Diagnostics[1]
      Request starting HTTP/1.1 POST http://localhost/users/changepassword - application/json;+charset=utf-8 -
info: Microsoft.AspNetCore.Authorization.DefaultAuthorizationService[2]
      Authorization failed. These requirements were not met:
      DenyAnonymousAuthorizationRequirement: Requires an authenticated user.
info: ksse.Auth.KoreaderAuthHandler[12]
      AuthenticationScheme: KoreaderAuthScheme was challenged.
info: Microsoft.AspNetCore.Hosting.Diagnostics[2]
      Request finished HTTP/1.1 POST http://localhost/users/changepassword - 401 - application/json;+charset=utf-8 2.8656ms</StdOut>
      </Output>
    </UnitTestResult>
    <UnitTestResult executionId="c7316476-b6de-4c33-940c-91b90dbb75ea" testId="1908a3f0-f0f0-88c2-a93c-83a990030485" testName="Test_GetProgressWithoutAuth_Fails" computerName="runnervmmklqx" duration="00:00:00.0948644" startTime="2026-06-29T21:36:36.0834125+00:00" endTime="2026-06-29T21:36:36.1783421+00:00" testType="13cdc9d9-ddb5-4fa4-a97d-d965ccfc6d4b" outcome="Passed" testListId="8c84fa94-04c1-424b-9868-57a2d4851a1d" relativeResultsDirectory="c7316476-b6de-4c33-940c-91b90dbb75ea">
      <Output>
        <StdOut>info: Microsoft.AspNetCore.DataProtection.KeyManagement.XmlKeyManager[62]
      User profile is available. Using '/home/runner/.aspnet/DataProtection-Keys' as key repository; keys will not be encrypted at rest.
info: Microsoft.EntityFrameworkCore.Update[30100]
      Saved 1 entities to in-memory store.
info: Microsoft.EntityFrameworkCore.Update[30100]
      Saved 1 entities to in-memory store.
info: Microsoft.AspNetCore.Hosting.Diagnostics[1]
      Request starting HTTP/1.1 GET http://localhost/syncs/progress/document - - -
info: Microsoft.AspNetCore.Authorization.DefaultAuthorizationService[2]
      Authorization failed. These requirements were not met:
      DenyAnonymousAuthorizationRequirement: Requires an authenticated user.
info: ksse.Auth.KoreaderAuthHandler[12]
      AuthenticationScheme: KoreaderAuthScheme was challenged.
info: Microsoft.AspNetCore.Hosting.Diagnostics[2]
      Request finished HTTP/1.1 GET http://localhost/syncs/progress/document - 401 - application/json;+charset=utf-8 1.8467ms</StdOut>
      </Output>
    </UnitTestResult>
    <UnitTestResult executionId="e785be69-e172-45bd-b2d2-3d7a2e1f37f5" testId="17ae3335-de08-8274-abf4-82d4bda2c6e4" testName="Test_InvalidAllDatabases_ReturnsServiceUnavailable" computerName="runnervmmklqx" duration="00:00:00.0108739" startTime="2026-06-29T21:36:35.3203895+00:00" endTime="2026-06-29T21:36:35.3326017+00:00" testType="13cdc9d9-ddb5-4fa4-a97d-d965ccfc6d4b" outcome="Passed" testListId="8c84fa94-04c1-424b-9868-57a2d4851a1d" relativeResultsDirectory="e785be69-e172-45bd-b2d2-3d7a2e1f37f5">
      <Output>
        <StdOut>info: Microsoft.AspNetCore.DataProtection.KeyManagement.XmlKeyManager[62]
      User profile is available. Using '/home/runner/.aspnet/DataProtection-Keys' as key repository; keys will not be encrypted at rest.
info: Microsoft.AspNetCore.Hosting.Diagnostics[1]
      Request starting HTTP/1.1 GET http://localhost/healthcheck - - -
info: Microsoft.AspNetCore.Routing.EndpointMiddleware[0]
      Executing endpoint 'Health checks'
fail: Microsoft.Extensions.Diagnostics.HealthChecks.DefaultHealthCheckService[103]
      Health check ProgressDbContext with status Unhealthy completed after 0.3479ms with message '(null)'
fail: Microsoft.Extensions.Diagnostics.HealthChecks.DefaultHealthCheckService[103]
      Health check UsersDbContext with status Unhealthy completed after 0.3392ms with message '(null)'
info: Microsoft.AspNetCore.Routing.EndpointMiddleware[1]
      Executed endpoint 'Health checks'
info: Microsoft.AspNetCore.Hosting.Diagnostics[2]
      Request finished HTTP/1.1 GET http://localhost/healthcheck - 503 - - 2.3774ms</StdOut>
      </Output>
    </UnitTestResult>
    <UnitTestResult executionId="11e5b627-b0ab-43f3-a65f-130f5cc1151a" testId="192886f3-f09f-8e26-9120-75957a3fea42" testName="Test_GetProgressWithCorrectAuthButNoProgressDocument_SucceedsAndReturnsEmptyObject" computerName="runnervmmklqx" duration="00:00:00.1888947" startTime="2026-06-29T21:36:36.5207266+00:00" endTime="2026-06-29T21:36:36.7096875+00:00" testType="13cdc9d9-ddb5-4fa4-a97d-d965ccfc6d4b" outcome="Passed" testListId="8c84fa94-04c1-424b-9868-57a2d4851a1d" relativeResultsDirectory="11e5b627-b0ab-43f3-a65f-130f5cc1151a">
      <Output>
        <StdOut>info: Microsoft.AspNetCore.DataProtection.KeyManagement.XmlKeyManager[62]
      User profile is available. Using '/home/runner/.aspnet/DataProtection-Keys' as key repository; keys will not be encrypted at rest.
info: Microsoft.EntityFrameworkCore.Update[30100]
      Saved 1 entities to in-memory store.
info: Microsoft.AspNetCore.Hosting.Diagnostics[1]
      Request starting HTTP/1.1 GET http://localhost/syncs/progress/document - - -
info: Microsoft.AspNetCore.Routing.EndpointMiddleware[0]
      Executing endpoint 'HTTP: GET syncs/progress/{document} =&gt; GetProgressAsync'
info: Microsoft.AspNetCore.Http.Result.OkObjectResult[1]
      Setting HTTP status code 200.
info: Microsoft.AspNetCore.Http.Result.OkObjectResult[3]
      Writing value of type 'JsonObject' as Json.
info: Microsoft.AspNetCore.Routing.EndpointMiddleware[1]
      Executed endpoint 'HTTP: GET syncs/progress/{document} =&gt; GetProgressAsync'
info: Microsoft.AspNetCore.Hosting.Diagnostics[2]
      Request finished HTTP/1.1 GET http://localhost/syncs/progress/document - 200 - application/json;+charset=utf-8 84.5299ms</StdOut>
      </Output>
    </UnitTestResult>
    <UnitTestResult executionId="f72d7e2c-073b-4d08-ac72-c88ade43c13a" testId="12be7870-acca-8189-83ba-8c71522f628a" testName="Test_InvalidUsersDatabase_ReturnsServiceUnavailable" computerName="runnervmmklqx" duration="00:00:00.2734885" startTime="2026-06-29T21:36:34.9607599+00:00" endTime="2026-06-29T21:36:35.2348597+00:00" testType="13cdc9d9-ddb5-4fa4-a97d-d965ccfc6d4b" outcome="Passed" testListId="8c84fa94-04c1-424b-9868-57a2d4851a1d" relativeResultsDirectory="f72d7e2c-073b-4d08-ac72-c88ade43c13a">
      <Output>
        <StdOut>warn: Microsoft.EntityFrameworkCore.Model.Validation[30000]
      The entity type 'IdentityRole' is configured to use schema 'users', but SQLite does not support schemas. This configuration will be ignored by the SQLite provider.
warn: Microsoft.EntityFrameworkCore.Model.Validation[30000]
      The entity type 'IdentityRoleClaim&lt;string&gt;' is configured to use schema 'users', but SQLite does not support schemas. This configuration will be ignored by the SQLite provider.
warn: Microsoft.EntityFrameworkCore.Model.Validation[30000]
      The entity type 'IdentityUser' is configured to use schema 'users', but SQLite does not support schemas. This configuration will be ignored by the SQLite provider.
warn: Microsoft.EntityFrameworkCore.Model.Validation[30000]
      The entity type 'IdentityUserClaim&lt;string&gt;' is configured to use schema 'users', but SQLite does not support schemas. This configuration will be ignored by the SQLite provider.
warn: Microsoft.EntityFrameworkCore.Model.Validation[30000]
      The entity type 'IdentityUserLogin&lt;string&gt;' is configured to use schema 'users', but SQLite does not support schemas. This configuration will be ignored by the SQLite provider.
warn: Microsoft.EntityFrameworkCore.Model.Validation[30000]
      The entity type 'IdentityUserRole&lt;string&gt;' is configured to use schema 'users', but SQLite does not support schemas. This configuration will be ignored by the SQLite provider.
warn: Microsoft.EntityFrameworkCore.Model.Validation[30000]
      The entity type 'IdentityUserToken&lt;string&gt;' is configured to use schema 'users', but SQLite does not support schemas. This configuration will be ignored by the SQLite provider.
info: Microsoft.AspNetCore.DataProtection.KeyManagement.XmlKeyManager[62]
      User profile is available. Using '/home/runner/.aspnet/DataProtection-Keys' as key repository; keys will not be encrypted at rest.
info: Microsoft.AspNetCore.Hosting.Diagnostics[1]
      Request starting HTTP/1.1 GET http://localhost/healthcheck - - -
info: Microsoft.AspNetCore.Routing.EndpointMiddleware[0]
      Executing endpoint 'Health checks'
fail: Microsoft.Extensions.Diagnostics.HealthChecks.DefaultHealthCheckService[103]
      Health check UsersDbContext with status Unhealthy completed after 11.7399ms with message '(null)'
info: Microsoft.AspNetCore.Routing.EndpointMiddleware[1]
      Executed endpoint 'Health checks'
info: Microsoft.AspNetCore.Hosting.Diagnostics[2]
      Request finished HTTP/1.1 GET http://localhost/healthcheck - 503 - - 21.4587ms</StdOut>
      </Output>
    </UnitTestResult>
    <UnitTestResult executionId="f77f5eed-f2f2-4413-83de-ee1ea8ca76b8" testId="11753310-0116-811b-a9d6-9e37c130b4c9" testName="Test_DeleteProgressWithoutAuth_Fails" computerName="runnervmmklqx" duration="00:00:00.0795584" startTime="2026-06-29T21:36:36.7097207+00:00" endTime="2026-06-29T21:36:36.7893335+00:00" testType="13cdc9d9-ddb5-4fa4-a97d-d965ccfc6d4b" outcome="Passed" testListId="8c84fa94-04c1-424b-9868-57a2d4851a1d" relativeResultsDirectory="f77f5eed-f2f2-4413-83de-ee1ea8ca76b8">
      <Output>
        <StdOut>info: Microsoft.AspNetCore.DataProtection.KeyManagement.XmlKeyManager[62]
      User profile is available. Using '/home/runner/.aspnet/DataProtection-Keys' as key repository; keys will not be encrypted at rest.
info: Microsoft.EntityFrameworkCore.Update[30100]
      Saved 1 entities to in-memory store.
info: Microsoft.EntityFrameworkCore.Update[30100]
      Saved 1 entities to in-memory store.
info: Microsoft.AspNetCore.Hosting.Diagnostics[1]
      Request starting HTTP/1.1 DELETE http://localhost/syncs/progress/document - - -
info: Microsoft.AspNetCore.Authorization.DefaultAuthorizationService[2]
      Authorization failed. These requirements were not met:
      DenyAnonymousAuthorizationRequirement: Requires an authenticated user.
info: ksse.Auth.KoreaderAuthHandler[12]
      AuthenticationScheme: KoreaderAuthScheme was challenged.
info: Microsoft.AspNetCore.Hosting.Diagnostics[2]
      Request finished HTTP/1.1 DELETE http://localhost/syncs/progress/document - 401 - application/json;+charset=utf-8 1.2385ms</StdOut>
      </Output>
    </UnitTestResult>
    <UnitTestResult executionId="6071ec56-cf53-4878-a38e-2537d5ed449f" testId="1724032a-64f1-8808-bb42-6938d7db544f" testName="Test_AuthNonExistentUser_Fails" computerName="runnervmmklqx" duration="00:00:00.0137701" startTime="2026-06-29T21:36:35.4993828+00:00" endTime="2026-06-29T21:36:35.5132149+00:00" testType="13cdc9d9-ddb5-4fa4-a97d-d965ccfc6d4b" outcome="Passed" testListId="8c84fa94-04c1-424b-9868-57a2d4851a1d" relativeResultsDirectory="6071ec56-cf53-4878-a38e-2537d5ed449f">
      <Output>
        <StdOut>info: Microsoft.AspNetCore.DataProtection.KeyManagement.XmlKeyManager[62]
      User profile is available. Using '/home/runner/.aspnet/DataProtection-Keys' as key repository; keys will not be encrypted at rest.
info: Microsoft.AspNetCore.Hosting.Diagnostics[1]
      Request starting HTTP/1.1 GET http://localhost/users/auth - - -
info: ksse.Auth.KoreaderAuthHandler[7]
      KoreaderAuthScheme was not authenticated. Failure message: User does not exist.
info: ksse.Auth.KoreaderAuthHandler[7]
      KoreaderAuthScheme was not authenticated. Failure message: User does not exist.
info: Microsoft.AspNetCore.Authorization.DefaultAuthorizationService[2]
      Authorization failed. These requirements were not met:
      DenyAnonymousAuthorizationRequirement: Requires an authenticated user.
info: ksse.Auth.KoreaderAuthHandler[12]
      AuthenticationScheme: KoreaderAuthScheme was challenged.
info: Microsoft.AspNetCore.Hosting.Diagnostics[2]
      Request finished HTTP/1.1 GET http://localhost/users/auth - 401 - application/json;+charset=utf-8 2.0527ms</StdOut>
      </Output>
    </UnitTestResult>
    <UnitTestResult executionId="605b792f-fd2e-4a0b-84f1-65d89b802001" testId="1af89287-99f5-876a-b55a-701f9eb5be7c" testName="Test_ValidDatabases_ReturnsOkState" computerName="runnervmmklqx" duration="00:00:00.7975510" startTime="2026-06-29T21:36:34.1365951+00:00" endTime="2026-06-29T21:36:34.9550266+00:00" testType="13cdc9d9-ddb5-4fa4-a97d-d965ccfc6d4b" outcome="Passed" testListId="8c84fa94-04c1-424b-9868-57a2d4851a1d" relativeResultsDirectory="605b792f-fd2e-4a0b-84f1-65d89b802001">
      <Output>
        <StdOut>info: Microsoft.AspNetCore.DataProtection.KeyManagement.XmlKeyManager[62]
      User profile is available. Using '/home/runner/.aspnet/DataProtection-Keys' as key repository; keys will not be encrypted at rest.
info: Microsoft.AspNetCore.DataProtection.KeyManagement.XmlKeyManager[58]
      Creating key {5037e019-7a93-41d1-99da-7d0b9f606911} with creation date 2026-06-29 21:36:34Z, activation date 2026-06-29 21:36:34Z, and expiration date 2026-09-27 21:36:34Z.
warn: Microsoft.AspNetCore.DataProtection.KeyManagement.XmlKeyManager[35]
      No XML encryptor configured. Key {5037e019-7a93-41d1-99da-7d0b9f606911} may be persisted to storage in unencrypted form.
info: Microsoft.AspNetCore.DataProtection.Repositories.FileSystemXmlRepository[39]
      Writing data to file '/home/runner/.aspnet/DataProtection-Keys/key-5037e019-7a93-41d1-99da-7d0b9f606911.xml'.
info: Microsoft.AspNetCore.Hosting.Diagnostics[1]
      Request starting HTTP/1.1 GET http://localhost/healthcheck - - -
info: Microsoft.AspNetCore.Routing.EndpointMiddleware[0]
      Executing endpoint 'Health checks'
info: Microsoft.AspNetCore.Routing.EndpointMiddleware[1]
      Executed endpoint 'Health checks'
info: Microsoft.AspNetCore.Hosting.Diagnostics[2]
      Request finished HTTP/1.1 GET http://localhost/healthcheck - 200 - application/json;+charset=utf-8 110.9227ms</StdOut>
      </Output>
    </UnitTestResult>
    <UnitTestResult executionId="5b844b8a-133e-4b86-87c8-0e91e7d740bd" testId="15f5f23a-ae14-8d39-9383-0afe8eefc855" testName="Test_DeleteAllProgressWithoutAuth_Fails" computerName="runnervmmklqx" duration="00:00:00.0920981" startTime="2026-06-29T21:36:36.9926575+00:00" endTime="2026-06-29T21:36:37.0848250+00:00" testType="13cdc9d9-ddb5-4fa4-a97d-d965ccfc6d4b" outcome="Passed" testListId="8c84fa94-04c1-424b-9868-57a2d4851a1d" relativeResultsDirectory="5b844b8a-133e-4b86-87c8-0e91e7d740bd">
      <Output>
        <StdOut>info: Microsoft.AspNetCore.DataProtection.KeyManagement.XmlKeyManager[62]
      User profile is available. Using '/home/runner/.aspnet/DataProtection-Keys' as key repository; keys will not be encrypted at rest.
info: Microsoft.EntityFrameworkCore.Update[30100]
      Saved 1 entities to in-memory store.
info: Microsoft.EntityFrameworkCore.Update[30100]
      Saved 1 entities to in-memory store.
info: Microsoft.EntityFrameworkCore.Update[30100]
      Saved 1 entities to in-memory store.
info: Microsoft.AspNetCore.Hosting.Diagnostics[1]
      Request starting HTTP/1.1 DELETE http://localhost/syncs/progress - - -
info: Microsoft.AspNetCore.Authorization.DefaultAuthorizationService[2]
      Authorization failed. These requirements were not met:
      DenyAnonymousAuthorizationRequirement: Requires an authenticated user.
info: ksse.Auth.KoreaderAuthHandler[12]
      AuthenticationScheme: KoreaderAuthScheme was challenged.
info: Microsoft.AspNetCore.Hosting.Diagnostics[2]
      Request finished HTTP/1.1 DELETE http://localhost/syncs/progress - 401 - application/json;+charset=utf-8 1.7120ms</StdOut>
      </Output>
    </UnitTestResult>
    <UnitTestResult executionId="6ff28dda-ab22-4bfc-a6b5-61d0c2065101" testId="15201303-d604-8041-9655-9129f3963e8f" testName="Test_AuthUserWithWrongPassword_Fails" computerName="runnervmmklqx" duration="00:00:00.1942032" startTime="2026-06-29T21:36:35.5132431+00:00" endTime="2026-06-29T21:36:35.7075949+00:00" testType="13cdc9d9-ddb5-4fa4-a97d-d965ccfc6d4b" outcome="Passed" testListId="8c84fa94-04c1-424b-9868-57a2d4851a1d" relativeResultsDirectory="6ff28dda-ab22-4bfc-a6b5-61d0c2065101">
      <Output>
        <StdOut>info: Microsoft.AspNetCore.DataProtection.KeyManagement.XmlKeyManager[62]
      User profile is available. Using '/home/runner/.aspnet/DataProtection-Keys' as key repository; keys will not be encrypted at rest.
info: Microsoft.AspNetCore.Hosting.Diagnostics[1]
      Request starting HTTP/1.1 POST http://localhost/users/create - application/json;+charset=utf-8 -
info: Microsoft.AspNetCore.Routing.EndpointMiddleware[0]
      Executing endpoint 'HTTP: POST users/create =&gt; CreateUserAsync'
info: Microsoft.EntityFrameworkCore.Update[30100]
      Saved 1 entities to in-memory store.
info: Microsoft.AspNetCore.Http.Result.CreatedResult[1]
      Setting HTTP status code 201.
info: Microsoft.AspNetCore.Http.Result.CreatedResult[3]
      Writing value of type 'CreateUserResponse' as Json.
info: Microsoft.AspNetCore.Routing.EndpointMiddleware[1]
      Executed endpoint 'HTTP: POST users/create =&gt; CreateUserAsync'
info: Microsoft.AspNetCore.Hosting.Diagnostics[2]
      Request finished HTTP/1.1 POST http://localhost/users/create - 201 - application/json;+charset=utf-8 94.3923ms
info: Microsoft.AspNetCore.Hosting.Diagnostics[1]
      Request starting HTTP/1.1 GET http://localhost/users/auth - - -
info: ksse.Auth.KoreaderAuthHandler[7]
      KoreaderAuthScheme was not authenticated. Failure message: Incorrect password.
info: ksse.Auth.KoreaderAuthHandler[7]
      KoreaderAuthScheme was not authenticated. Failure message: Incorrect password.
info: Microsoft.AspNetCore.Authorization.DefaultAuthorizationService[2]
      Authorization failed. These requirements were not met:
      DenyAnonymousAuthorizationRequirement: Requires an authenticated user.
info: ksse.Auth.KoreaderAuthHandler[12]
      AuthenticationScheme: KoreaderAuthScheme was challenged.
info: Microsoft.AspNetCore.Hosting.Diagnostics[2]
      Request finished HTTP/1.1 GET http://localhost/users/auth - 401 - application/json;+charset=utf-8 88.4250ms</StdOut>
      </Output>
    </UnitTestResult>
    <UnitTestResult executionId="5960d338-d4ab-4cda-ab67-b13a0153d862" testId="19387bbc-99d0-8cea-8ff1-10b5a3767f55" testName="Test_ChangeClientHashedPasswordWithCorrectAuth_Succeeds" computerName="runnervmmklqx" duration="00:00:00.4011714" startTime="2026-06-29T21:36:36.5546775+00:00" endTime="2026-06-29T21:36:36.9559184+00:00" testType="13cdc9d9-ddb5-4fa4-a97d-d965ccfc6d4b" outcome="Passed" testListId="8c84fa94-04c1-424b-9868-57a2d4851a1d" relativeResultsDirectory="5960d338-d4ab-4cda-ab67-b13a0153d862">
      <Output>
        <StdOut>info: Microsoft.AspNetCore.DataProtection.KeyManagement.XmlKeyManager[62]
      User profile is available. Using '/home/runner/.aspnet/DataProtection-Keys' as key repository; keys will not be encrypted at rest.
info: Microsoft.EntityFrameworkCore.Update[30100]
      Saved 1 entities to in-memory store.
info: Microsoft.AspNetCore.Hosting.Diagnostics[1]
      Request starting HTTP/1.1 POST http://localhost/users/changepassword - application/json;+charset=utf-8 -
info: Microsoft.AspNetCore.Routing.EndpointMiddleware[0]
      Executing endpoint 'HTTP: POST users/changepassword =&gt; ChangePasswordAsync'
info: Microsoft.EntityFrameworkCore.Update[30100]
      Saved 1 entities to in-memory store.
info: Microsoft.AspNetCore.Http.Result.OkObjectResult[1]
      Setting HTTP status code 200.
info: Microsoft.AspNetCore.Routing.EndpointMiddleware[1]
      Executed endpoint 'HTTP: POST users/changepassword =&gt; ChangePasswordAsync'
info: Microsoft.AspNetCore.Hosting.Diagnostics[2]
      Request finished HTTP/1.1 POST http://localhost/users/changepassword - 200 - - 241.5371ms</StdOut>
      </Output>
    </UnitTestResult>
    <UnitTestResult executionId="74fac7a1-0d3e-4466-bdd4-8b8454dfb3b3" testId="1df49f38-1207-8a30-88a1-aaca5355f62a" testName="Test_CreateSingleUser_Succeeds" computerName="runnervmmklqx" duration="00:00:01.2072323" startTime="2026-06-29T21:36:34.1365782+00:00" endTime="2026-06-29T21:36:35.3607913+00:00" testType="13cdc9d9-ddb5-4fa4-a97d-d965ccfc6d4b" outcome="Passed" testListId="8c84fa94-04c1-424b-9868-57a2d4851a1d" relativeResultsDirectory="74fac7a1-0d3e-4466-bdd4-8b8454dfb3b3">
      <Output>
        <StdOut>info: Microsoft.AspNetCore.DataProtection.KeyManagement.XmlKeyManager[62]
      User profile is available. Using '/home/runner/.aspnet/DataProtection-Keys' as key repository; keys will not be encrypted at rest.
info: Microsoft.AspNetCore.DataProtection.KeyManagement.XmlKeyManager[58]
      Creating key {7f5a61c2-6a2a-4a9c-bbef-906c09c0b2f3} with creation date 2026-06-29 21:36:34Z, activation date 2026-06-29 21:36:34Z, and expiration date 2026-09-27 21:36:34Z.
warn: Microsoft.AspNetCore.DataProtection.KeyManagement.XmlKeyManager[35]
      No XML encryptor configured. Key {7f5a61c2-6a2a-4a9c-bbef-906c09c0b2f3} may be persisted to storage in unencrypted form.
info: Microsoft.AspNetCore.DataProtection.Repositories.FileSystemXmlRepository[39]
      Writing data to file '/home/runner/.aspnet/DataProtection-Keys/key-7f5a61c2-6a2a-4a9c-bbef-906c09c0b2f3.xml'.
info: Microsoft.AspNetCore.Hosting.Diagnostics[1]
      Request starting HTTP/1.1 POST http://localhost/users/create - application/json;+charset=utf-8 -
info: Microsoft.AspNetCore.Routing.EndpointMiddleware[0]
      Executing endpoint 'HTTP: POST users/create =&gt; CreateUserAsync'
info: Microsoft.EntityFrameworkCore.Update[30100]
      Saved 1 entities to in-memory store.
info: Microsoft.AspNetCore.Http.Result.CreatedResult[1]
      Setting HTTP status code 201.
info: Microsoft.AspNetCore.Http.Result.CreatedResult[3]
      Writing value of type 'CreateUserResponse' as Json.
info: Microsoft.AspNetCore.Routing.EndpointMiddleware[1]
      Executed endpoint 'HTTP: POST users/create =&gt; CreateUserAsync'
info: Microsoft.AspNetCore.Hosting.Diagnostics[2]
      Request finished HTTP/1.1 POST http://localhost/users/create - 201 - application/json;+charset=utf-8 408.8134ms</StdOut>
      </Output>
    </UnitTestResult>
    <UnitTestResult executionId="fe202d55-333d-4891-8535-f12435bd64b9" testId="1fcc2f72-d833-84dc-a917-4405961190c3" testName="Test_PutProgressWithCorrectAuth_Succeeds" computerName="runnervmmklqx" duration="00:00:00.2699460" startTime="2026-06-29T21:36:35.4849371+00:00" endTime="2026-06-29T21:36:35.7549380+00:00" testType="13cdc9d9-ddb5-4fa4-a97d-d965ccfc6d4b" outcome="Passed" testListId="8c84fa94-04c1-424b-9868-57a2d4851a1d" relativeResultsDirectory="fe202d55-333d-4891-8535-f12435bd64b9">
      <Output>
        <StdOut>info: Microsoft.AspNetCore.DataProtection.KeyManagement.XmlKeyManager[62]
      User profile is available. Using '/home/runner/.aspnet/DataProtection-Keys' as key repository; keys will not be encrypted at rest.
info: Microsoft.EntityFrameworkCore.Update[30100]
      Saved 1 entities to in-memory store.
info: Microsoft.AspNetCore.Hosting.Diagnostics[1]
      Request starting HTTP/1.1 PUT http://localhost/syncs/progress - application/json;+charset=utf-8 -
info: Microsoft.AspNetCore.Routing.EndpointMiddleware[0]
      Executing endpoint 'HTTP: PUT syncs/progress/ =&gt; PutProgressAsync'
info: Microsoft.EntityFrameworkCore.Update[30100]
      Saved 1 entities to in-memory store.
info: Microsoft.AspNetCore.Http.Result.OkObjectResult[1]
      Setting HTTP status code 200.
info: Microsoft.AspNetCore.Http.Result.OkObjectResult[3]
      Writing value of type 'PutProgressResponse' as Json.
info: Microsoft.AspNetCore.Routing.EndpointMiddleware[1]
      Executed endpoint 'HTTP: PUT syncs/progress/ =&gt; PutProgressAsync'
info: Microsoft.AspNetCore.Hosting.Diagnostics[2]
      Request finished HTTP/1.1 PUT http://localhost/syncs/progress - 200 - application/json;+charset=utf-8 162.6648ms</StdOut>
      </Output>
    </UnitTestResult>
    <UnitTestResult executionId="0383cbe5-a341-47bc-831e-e8f890528ba5" testId="108ef64b-0942-857b-8a32-d8eeac5741d3" testName="Test_DeleteUserWithoutAuth_Fails" computerName="runnervmmklqx" duration="00:00:00.0912993" startTime="2026-06-29T21:36:36.9559694+00:00" endTime="2026-06-29T21:36:37.0473439+00:00" testType="13cdc9d9-ddb5-4fa4-a97d-d965ccfc6d4b" outcome="Passed" testListId="8c84fa94-04c1-424b-9868-57a2d4851a1d" relativeResultsDirectory="0383cbe5-a341-47bc-831e-e8f890528ba5">
      <Output>
        <StdOut>info: Microsoft.AspNetCore.DataProtection.KeyManagement.XmlKeyManager[62]
      User profile is available. Using '/home/runner/.aspnet/DataProtection-Keys' as key repository; keys will not be encrypted at rest.
info: Microsoft.EntityFrameworkCore.Update[30100]
      Saved 1 entities to in-memory store.
info: Microsoft.AspNetCore.Hosting.Diagnostics[1]
      Request starting HTTP/1.1 DELETE http://localhost/users - - -
info: Microsoft.AspNetCore.Authorization.DefaultAuthorizationService[2]
      Authorization failed. These requirements were not met:
      DenyAnonymousAuthorizationRequirement: Requires an authenticated user.
info: ksse.Auth.KoreaderAuthHandler[12]
      AuthenticationScheme: KoreaderAuthScheme was challenged.
info: Microsoft.AspNetCore.Hosting.Diagnostics[2]
      Request finished HTTP/1.1 DELETE http://localhost/users - 401 - application/json;+charset=utf-8 3.1950ms</StdOut>
      </Output>
    </UnitTestResult>
    <UnitTestResult executionId="051238d6-2df6-4b71-a09d-68bec498da9d" testId="16a1c27b-d16e-8bad-a515-82515bf126eb" testName="Test_GetProgressWithCorrectAuth_Succeeds" computerName="runnervmmklqx" duration="00:00:00.1862766" startTime="2026-06-29T21:36:36.3343552+00:00" endTime="2026-06-29T21:36:36.5206945+00:00" testType="13cdc9d9-ddb5-4fa4-a97d-d965ccfc6d4b" outcome="Passed" testListId="8c84fa94-04c1-424b-9868-57a2d4851a1d" relativeResultsDirectory="051238d6-2df6-4b71-a09d-68bec498da9d">
      <Output>
        <StdOut>info: Microsoft.AspNetCore.DataProtection.KeyManagement.XmlKeyManager[62]
      User profile is available. Using '/home/runner/.aspnet/DataProtection-Keys' as key repository; keys will not be encrypted at rest.
info: Microsoft.EntityFrameworkCore.Update[30100]
      Saved 1 entities to in-memory store.
info: Microsoft.EntityFrameworkCore.Update[30100]
      Saved 1 entities to in-memory store.
info: Microsoft.AspNetCore.Hosting.Diagnostics[1]
      Request starting HTTP/1.1 GET http://localhost/syncs/progress/document - - -
info: Microsoft.AspNetCore.Routing.EndpointMiddleware[0]
      Executing endpoint 'HTTP: GET syncs/progress/{document} =&gt; GetProgressAsync'
info: Microsoft.AspNetCore.Http.Result.OkObjectResult[1]
      Setting HTTP status code 200.
info: Microsoft.AspNetCore.Http.Result.OkObjectResult[3]
      Writing value of type 'GetProgressResponse' as Json.
info: Microsoft.AspNetCore.Routing.EndpointMiddleware[1]
      Executed endpoint 'HTTP: GET syncs/progress/{document} =&gt; GetProgressAsync'
info: Microsoft.AspNetCore.Hosting.Diagnostics[2]
      Request finished HTTP/1.1 GET http://localhost/syncs/progress/document - 200 - application/json;+charset=utf-8 107.0459ms</StdOut>
      </Output>
    </UnitTestResult>
    <UnitTestResult executionId="19445018-469d-4c68-b427-e8ccb1250c2a" testId="199f3463-3b26-8091-a133-d84de9085545" testName="Test_PutProgressTwiceWithCorrectAuth_SucceedsAndOverwrites" computerName="runnervmmklqx" duration="00:00:00.3237771" startTime="2026-06-29T21:36:35.7549689+00:00" endTime="2026-06-29T21:36:36.0788080+00:00" testType="13cdc9d9-ddb5-4fa4-a97d-d965ccfc6d4b" outcome="Passed" testListId="8c84fa94-04c1-424b-9868-57a2d4851a1d" relativeResultsDirectory="19445018-469d-4c68-b427-e8ccb1250c2a">
      <Output>
        <StdOut>info: Microsoft.AspNetCore.DataProtection.KeyManagement.XmlKeyManager[62]
      User profile is available. Using '/home/runner/.aspnet/DataProtection-Keys' as key repository; keys will not be encrypted at rest.
info: Microsoft.EntityFrameworkCore.Update[30100]
      Saved 1 entities to in-memory store.
info: Microsoft.AspNetCore.Hosting.Diagnostics[1]
      Request starting HTTP/1.1 PUT http://localhost/syncs/progress - application/json;+charset=utf-8 -
info: Microsoft.AspNetCore.Routing.EndpointMiddleware[0]
      Executing endpoint 'HTTP: PUT syncs/progress/ =&gt; PutProgressAsync'
info: Microsoft.EntityFrameworkCore.Update[30100]
      Saved 1 entities to in-memory store.
info: Microsoft.AspNetCore.Http.Result.OkObjectResult[1]
      Setting HTTP status code 200.
info: Microsoft.AspNetCore.Http.Result.OkObjectResult[3]
      Writing value of type 'PutProgressResponse' as Json.
info: Microsoft.AspNetCore.Routing.EndpointMiddleware[1]
      Executed endpoint 'HTTP: PUT syncs/progress/ =&gt; PutProgressAsync'
info: Microsoft.AspNetCore.Hosting.Diagnostics[2]
      Request finished HTTP/1.1 PUT http://localhost/syncs/progress - 200 - application/json;+charset=utf-8 97.0244ms
info: Microsoft.AspNetCore.Hosting.Diagnostics[1]
      Request starting HTTP/1.1 PUT http://localhost/syncs/progress - application/json;+charset=utf-8 -
info: Microsoft.AspNetCore.Routing.EndpointMiddleware[0]
      Executing endpoint 'HTTP: PUT syncs/progress/ =&gt; PutProgressAsync'
info: Microsoft.EntityFrameworkCore.Update[30100]
      Saved 1 entities to in-memory store.
info: Microsoft.AspNetCore.Http.Result.OkObjectResult[1]
      Setting HTTP status code 200.
info: Microsoft.AspNetCore.Http.Result.OkObjectResult[3]
      Writing value of type 'PutProgressResponse' as Json.
info: Microsoft.AspNetCore.Routing.EndpointMiddleware[1]
      Executed endpoint 'HTTP: PUT syncs/progress/ =&gt; PutProgressAsync'
info: Microsoft.AspNetCore.Hosting.Diagnostics[2]
      Request finished HTTP/1.1 PUT http://localhost/syncs/progress - 200 - application/json;+charset=utf-8 141.1162ms</StdOut>
      </Output>
    </UnitTestResult>
    <UnitTestResult executionId="fb3bcda7-3ed1-4de7-8817-57a947c61d80" testId="17aa2d49-4588-833f-803d-ac33704ec19b" testName="Test_GetAllProgressWithCorrectAuth_Succeeds" computerName="runnervmmklqx" duration="00:00:00.1743217" startTime="2026-06-29T21:36:37.3284584+00:00" endTime="2026-06-29T21:36:37.5046000+00:00" testType="13cdc9d9-ddb5-4fa4-a97d-d965ccfc6d4b" outcome="Passed" testListId="8c84fa94-04c1-424b-9868-57a2d4851a1d" relativeResultsDirectory="fb3bcda7-3ed1-4de7-8817-57a947c61d80">
      <Output>
        <StdOut>info: Microsoft.AspNetCore.DataProtection.KeyManagement.XmlKeyManager[62]
      User profile is available. Using '/home/runner/.aspnet/DataProtection-Keys' as key repository; keys will not be encrypted at rest.
info: Microsoft.EntityFrameworkCore.Update[30100]
      Saved 1 entities to in-memory store.
info: Microsoft.EntityFrameworkCore.Update[30100]
      Saved 1 entities to in-memory store.
info: Microsoft.EntityFrameworkCore.Update[30100]
      Saved 1 entities to in-memory store.
info: Microsoft.AspNetCore.Hosting.Diagnostics[1]
      Request starting HTTP/1.1 GET http://localhost/syncs/progress - - -
info: Microsoft.AspNetCore.Routing.EndpointMiddleware[0]
      Executing endpoint 'HTTP: GET syncs/progress/ =&gt; GetAllProgressAsync'
info: Microsoft.AspNetCore.Http.Result.OkObjectResult[1]
      Setting HTTP status code 200.
info: Microsoft.AspNetCore.Http.Result.OkObjectResult[3]
      Writing value of type '&lt;&lt;Select&gt;g__Impl|127_0&gt;d`2' as Json.
info: Microsoft.AspNetCore.Routing.EndpointMiddleware[1]
      Executed endpoint 'HTTP: GET syncs/progress/ =&gt; GetAllProgressAsync'
info: Microsoft.AspNetCore.Hosting.Diagnostics[2]
      Request finished HTTP/1.1 GET http://localhost/syncs/progress - 200 - application/json;+charset=utf-8 82.5448ms</StdOut>
      </Output>
    </UnitTestResult>
    <UnitTestResult executionId="40fb8bf7-2109-4495-ae18-f1c6dbbdf628" testId="137e5dc7-696f-82d0-9be2-c99e006bbf79" testName="Test_DeleteProgressWithCorrectAuth_Succeeds" computerName="runnervmmklqx" duration="00:00:00.2018336" startTime="2026-06-29T21:36:36.7893611+00:00" endTime="2026-06-29T21:36:36.9912810+00:00" testType="13cdc9d9-ddb5-4fa4-a97d-d965ccfc6d4b" outcome="Passed" testListId="8c84fa94-04c1-424b-9868-57a2d4851a1d" relativeResultsDirectory="40fb8bf7-2109-4495-ae18-f1c6dbbdf628">
      <Output>
        <StdOut>info: Microsoft.AspNetCore.DataProtection.KeyManagement.XmlKeyManager[62]
      User profile is available. Using '/home/runner/.aspnet/DataProtection-Keys' as key repository; keys will not be encrypted at rest.
info: Microsoft.EntityFrameworkCore.Update[30100]
      Saved 1 entities to in-memory store.
info: Microsoft.EntityFrameworkCore.Update[30100]
      Saved 1 entities to in-memory store.
info: Microsoft.AspNetCore.Hosting.Diagnostics[1]
      Request starting HTTP/1.1 DELETE http://localhost/syncs/progress/document - - -
info: Microsoft.AspNetCore.Routing.EndpointMiddleware[0]
      Executing endpoint 'HTTP: DELETE syncs/progress/{document} =&gt; DeleteProgressAsync'
info: Microsoft.EntityFrameworkCore.Update[30100]
      Saved 1 entities to in-memory store.
info: Microsoft.AspNetCore.Http.Result.OkObjectResult[1]
      Setting HTTP status code 200.
info: Microsoft.AspNetCore.Routing.EndpointMiddleware[1]
      Executed endpoint 'HTTP: DELETE syncs/progress/{document} =&gt; DeleteProgressAsync'
info: Microsoft.AspNetCore.Hosting.Diagnostics[2]
      Request finished HTTP/1.1 DELETE http://localhost/syncs/progress/document - 200 - - 91.7636ms</StdOut>
      </Output>
    </UnitTestResult>
  </Results>
  <TestDefinitions>
    <UnitTest name="Test_AuthWithNoCredentials_Fails" storage="/home/runner/work/dotnet-monorepo/dotnet-monorepo/src/artifacts/bin/ksse.tests/release_linux-x64/ksse.tests.dll" id="102c7657-8154-8238-90b7-6e32f2a18fc7">
      <Execution id="8074c897-ab6f-4de9-960a-20d938b498ac" />
      <TestMethod codeBase="/home/runner/work/dotnet-monorepo/dotnet-monorepo/src/artifacts/bin/ksse.Tests/release_linux-x64/ksse.Tests.dll" adapterTypeName="executor://mstestadapter/v4" className="ksse.Tests.UsersTests" name="Test_AuthWithNoCredentials_Fails" />
    </UnitTest>
    <UnitTest name="Test_CreateSameUserTwice_Fails" storage="/home/runner/work/dotnet-monorepo/dotnet-monorepo/src/artifacts/bin/ksse.tests/release_linux-x64/ksse.tests.dll" id="132945f6-6e23-865e-85d1-b4595840936c">
      <Execution id="f21845c9-36cd-40a9-b294-90dc22a993e9" />
      <TestMethod codeBase="/home/runner/work/dotnet-monorepo/dotnet-monorepo/src/artifacts/bin/ksse.Tests/release_linux-x64/ksse.Tests.dll" adapterTypeName="executor://mstestadapter/v4" className="ksse.Tests.UsersTests" name="Test_CreateSameUserTwice_Fails" />
    </UnitTest>
    <UnitTest name="Test_GetAllProgressWithCorrectAuth_Succeeds" storage="/home/runner/work/dotnet-monorepo/dotnet-monorepo/src/artifacts/bin/ksse.tests/release_linux-x64/ksse.tests.dll" id="17aa2d49-4588-833f-803d-ac33704ec19b">
      <Execution id="fb3bcda7-3ed1-4de7-8817-57a947c61d80" />
      <TestMethod codeBase="/home/runner/work/dotnet-monorepo/dotnet-monorepo/src/artifacts/bin/ksse.Tests/release_linux-x64/ksse.Tests.dll" adapterTypeName="executor://mstestadapter/v4" className="ksse.Tests.ProgressTests" name="Test_GetAllProgressWithCorrectAuth_Succeeds" />
    </UnitTest>
    <UnitTest name="Test_ChangePasswordWithoutAuth_Fails" storage="/home/runner/work/dotnet-monorepo/dotnet-monorepo/src/artifacts/bin/ksse.tests/release_linux-x64/ksse.tests.dll" id="155446e3-8a34-83e5-aee6-75e105570957">
      <Execution id="517c2493-0a58-4d04-8177-61d9498b15eb" />
      <TestMethod codeBase="/home/runner/work/dotnet-monorepo/dotnet-monorepo/src/artifacts/bin/ksse.Tests/release_linux-x64/ksse.Tests.dll" adapterTypeName="executor://mstestadapter/v4" className="ksse.Tests.UsersTests" name="Test_ChangePasswordWithoutAuth_Fails" />
    </UnitTest>
    <UnitTest name="Test_GetAllProgressWithoutAuth_Fails" storage="/home/runner/work/dotnet-monorepo/dotnet-monorepo/src/artifacts/bin/ksse.tests/release_linux-x64/ksse.tests.dll" id="1264adfd-ff7f-8738-8b4f-c2ee71cba679">
      <Execution id="45a95016-5528-4584-8bd2-cac19ba10f40" />
      <TestMethod codeBase="/home/runner/work/dotnet-monorepo/dotnet-monorepo/src/artifacts/bin/ksse.Tests/release_linux-x64/ksse.Tests.dll" adapterTypeName="executor://mstestadapter/v4" className="ksse.Tests.ProgressTests" name="Test_GetAllProgressWithoutAuth_Fails" />
    </UnitTest>
    <UnitTest name="Test_DeleteUserWithCorrectAuth_Succeeds" storage="/home/runner/work/dotnet-monorepo/dotnet-monorepo/src/artifacts/bin/ksse.tests/release_linux-x64/ksse.tests.dll" id="173f52f6-fe2f-8ccc-bbde-bcea11e0654f">
      <Execution id="b0582496-0b2a-4416-b0be-e08c79b13b02" />
      <TestMethod codeBase="/home/runner/work/dotnet-monorepo/dotnet-monorepo/src/artifacts/bin/ksse.Tests/release_linux-x64/ksse.Tests.dll" adapterTypeName="executor://mstestadapter/v4" className="ksse.Tests.UsersTests" name="Test_DeleteUserWithCorrectAuth_Succeeds" />
    </UnitTest>
    <UnitTest name="Test_PutProgressWithWrongPassword_Fails" storage="/home/runner/work/dotnet-monorepo/dotnet-monorepo/src/artifacts/bin/ksse.tests/release_linux-x64/ksse.tests.dll" id="13a5cd0b-69fa-8c36-91a9-0fe254e7e6bd">
      <Execution id="74d95c43-8d73-4cff-a8fa-4bd358f35b93" />
      <TestMethod codeBase="/home/runner/work/dotnet-monorepo/dotnet-monorepo/src/artifacts/bin/ksse.Tests/release_linux-x64/ksse.Tests.dll" adapterTypeName="executor://mstestadapter/v4" className="ksse.Tests.ProgressTests" name="Test_PutProgressWithWrongPassword_Fails" />
    </UnitTest>
    <UnitTest name="Test_DeleteProgressWithCorrectAuth_Succeeds" storage="/home/runner/work/dotnet-monorepo/dotnet-monorepo/src/artifacts/bin/ksse.tests/release_linux-x64/ksse.tests.dll" id="137e5dc7-696f-82d0-9be2-c99e006bbf79">
      <Execution id="40fb8bf7-2109-4495-ae18-f1c6dbbdf628" />
      <TestMethod codeBase="/home/runner/work/dotnet-monorepo/dotnet-monorepo/src/artifacts/bin/ksse.Tests/release_linux-x64/ksse.Tests.dll" adapterTypeName="executor://mstestadapter/v4" className="ksse.Tests.ProgressTests" name="Test_DeleteProgressWithCorrectAuth_Succeeds" />
    </UnitTest>
    <UnitTest name="Test_AuthNonExistentUser_Fails" storage="/home/runner/work/dotnet-monorepo/dotnet-monorepo/src/artifacts/bin/ksse.tests/release_linux-x64/ksse.tests.dll" id="1724032a-64f1-8808-bb42-6938d7db544f">
      <Execution id="6071ec56-cf53-4878-a38e-2537d5ed449f" />
      <TestMethod codeBase="/home/runner/work/dotnet-monorepo/dotnet-monorepo/src/artifacts/bin/ksse.Tests/release_linux-x64/ksse.Tests.dll" adapterTypeName="executor://mstestadapter/v4" className="ksse.Tests.UsersTests" name="Test_AuthNonExistentUser_Fails" />
    </UnitTest>
    <UnitTest name="Test_GetProgressWithCorrectAuth_Succeeds" storage="/home/runner/work/dotnet-monorepo/dotnet-monorepo/src/artifacts/bin/ksse.tests/release_linux-x64/ksse.tests.dll" id="16a1c27b-d16e-8bad-a515-82515bf126eb">
      <Execution id="051238d6-2df6-4b71-a09d-68bec498da9d" />
      <TestMethod codeBase="/home/runner/work/dotnet-monorepo/dotnet-monorepo/src/artifacts/bin/ksse.Tests/release_linux-x64/ksse.Tests.dll" adapterTypeName="executor://mstestadapter/v4" className="ksse.Tests.ProgressTests" name="Test_GetProgressWithCorrectAuth_Succeeds" />
    </UnitTest>
    <UnitTest name="Test_PutProgressWithoutAuth_Fails" storage="/home/runner/work/dotnet-monorepo/dotnet-monorepo/src/artifacts/bin/ksse.tests/release_linux-x64/ksse.tests.dll" id="112f889c-6e0f-89cb-a5bb-7e10d8d74f0f">
      <Execution id="72948019-913e-4f09-a068-fb8875249622" />
      <TestMethod codeBase="/home/runner/work/dotnet-monorepo/dotnet-monorepo/src/artifacts/bin/ksse.Tests/release_linux-x64/ksse.Tests.dll" adapterTypeName="executor://mstestadapter/v4" className="ksse.Tests.ProgressTests" name="Test_PutProgressWithoutAuth_Fails" />
    </UnitTest>
    <UnitTest name="Test_PutProgressWithCorrectAuth_Succeeds" storage="/home/runner/work/dotnet-monorepo/dotnet-monorepo/src/artifacts/bin/ksse.tests/release_linux-x64/ksse.tests.dll" id="1fcc2f72-d833-84dc-a917-4405961190c3">
      <Execution id="fe202d55-333d-4891-8535-f12435bd64b9" />
      <TestMethod codeBase="/home/runner/work/dotnet-monorepo/dotnet-monorepo/src/artifacts/bin/ksse.Tests/release_linux-x64/ksse.Tests.dll" adapterTypeName="executor://mstestadapter/v4" className="ksse.Tests.ProgressTests" name="Test_PutProgressWithCorrectAuth_Succeeds" />
    </UnitTest>
    <UnitTest name="Test_ValidDatabases_ReturnsOkState" storage="/home/runner/work/dotnet-monorepo/dotnet-monorepo/src/artifacts/bin/ksse.tests/release_linux-x64/ksse.tests.dll" id="1af89287-99f5-876a-b55a-701f9eb5be7c">
      <Execution id="605b792f-fd2e-4a0b-84f1-65d89b802001" />
      <TestMethod codeBase="/home/runner/work/dotnet-monorepo/dotnet-monorepo/src/artifacts/bin/ksse.Tests/release_linux-x64/ksse.Tests.dll" adapterTypeName="executor://mstestadapter/v4" className="ksse.Tests.HealthTests" name="Test_ValidDatabases_ReturnsOkState" />
    </UnitTest>
    <UnitTest name="Test_PutProgressTwiceWithCorrectAuth_SucceedsAndOverwrites" storage="/home/runner/work/dotnet-monorepo/dotnet-monorepo/src/artifacts/bin/ksse.tests/release_linux-x64/ksse.tests.dll" id="199f3463-3b26-8091-a133-d84de9085545">
      <Execution id="19445018-469d-4c68-b427-e8ccb1250c2a" />
      <TestMethod codeBase="/home/runner/work/dotnet-monorepo/dotnet-monorepo/src/artifacts/bin/ksse.Tests/release_linux-x64/ksse.Tests.dll" adapterTypeName="executor://mstestadapter/v4" className="ksse.Tests.ProgressTests" name="Test_PutProgressTwiceWithCorrectAuth_SucceedsAndOverwrites" />
    </UnitTest>
    <UnitTest name="Test_DeleteProgressWithoutAuth_Fails" storage="/home/runner/work/dotnet-monorepo/dotnet-monorepo/src/artifacts/bin/ksse.tests/release_linux-x64/ksse.tests.dll" id="11753310-0116-811b-a9d6-9e37c130b4c9">
      <Execution id="f77f5eed-f2f2-4413-83de-ee1ea8ca76b8" />
      <TestMethod codeBase="/home/runner/work/dotnet-monorepo/dotnet-monorepo/src/artifacts/bin/ksse.Tests/release_linux-x64/ksse.Tests.dll" adapterTypeName="executor://mstestadapter/v4" className="ksse.Tests.ProgressTests" name="Test_DeleteProgressWithoutAuth_Fails" />
    </UnitTest>
    <UnitTest name="Test_GetProgressWithWrongPassword_Fails" storage="/home/runner/work/dotnet-monorepo/dotnet-monorepo/src/artifacts/bin/ksse.tests/release_linux-x64/ksse.tests.dll" id="1f4f93a2-a1d4-8964-a870-128e9bd4cfdb">
      <Execution id="f394af19-c682-4df3-ac28-629cc3df411b" />
      <TestMethod codeBase="/home/runner/work/dotnet-monorepo/dotnet-monorepo/src/artifacts/bin/ksse.Tests/release_linux-x64/ksse.Tests.dll" adapterTypeName="executor://mstestadapter/v4" className="ksse.Tests.ProgressTests" name="Test_GetProgressWithWrongPassword_Fails" />
    </UnitTest>
    <UnitTest name="Test_ChangeClientHashedPasswordWithCorrectAuth_Succeeds" storage="/home/runner/work/dotnet-monorepo/dotnet-monorepo/src/artifacts/bin/ksse.tests/release_linux-x64/ksse.tests.dll" id="19387bbc-99d0-8cea-8ff1-10b5a3767f55">
      <Execution id="5960d338-d4ab-4cda-ab67-b13a0153d862" />
      <TestMethod codeBase="/home/runner/work/dotnet-monorepo/dotnet-monorepo/src/artifacts/bin/ksse.Tests/release_linux-x64/ksse.Tests.dll" adapterTypeName="executor://mstestadapter/v4" className="ksse.Tests.UsersTests" name="Test_ChangeClientHashedPasswordWithCorrectAuth_Succeeds" />
    </UnitTest>
    <UnitTest name="Test_GetProgressWithoutAuth_Fails" storage="/home/runner/work/dotnet-monorepo/dotnet-monorepo/src/artifacts/bin/ksse.tests/release_linux-x64/ksse.tests.dll" id="1908a3f0-f0f0-88c2-a93c-83a990030485">
      <Execution id="c7316476-b6de-4c33-940c-91b90dbb75ea" />
      <TestMethod codeBase="/home/runner/work/dotnet-monorepo/dotnet-monorepo/src/artifacts/bin/ksse.Tests/release_linux-x64/ksse.Tests.dll" adapterTypeName="executor://mstestadapter/v4" className="ksse.Tests.ProgressTests" name="Test_GetProgressWithoutAuth_Fails" />
    </UnitTest>
    <UnitTest name="Test_DeleteAllProgressWithCorrectAuth_Succeeds" storage="/home/runner/work/dotnet-monorepo/dotnet-monorepo/src/artifacts/bin/ksse.tests/release_linux-x64/ksse.tests.dll" id="1e11a824-50f6-8f93-b2fe-0420f6201f65">
      <Execution id="29c8e6b5-f03d-4707-bcc2-2ee5ea97a110" />
      <TestMethod codeBase="/home/runner/work/dotnet-monorepo/dotnet-monorepo/src/artifacts/bin/ksse.Tests/release_linux-x64/ksse.Tests.dll" adapterTypeName="executor://mstestadapter/v4" className="ksse.Tests.ProgressTests" name="Test_DeleteAllProgressWithCorrectAuth_Succeeds" />
    </UnitTest>
    <UnitTest name="Test_GetProgressWithCorrectAuthButNoProgressDocument_SucceedsAndReturnsEmptyObject" storage="/home/runner/work/dotnet-monorepo/dotnet-monorepo/src/artifacts/bin/ksse.tests/release_linux-x64/ksse.tests.dll" id="192886f3-f09f-8e26-9120-75957a3fea42">
      <Execution id="11e5b627-b0ab-43f3-a65f-130f5cc1151a" />
      <TestMethod codeBase="/home/runner/work/dotnet-monorepo/dotnet-monorepo/src/artifacts/bin/ksse.Tests/release_linux-x64/ksse.Tests.dll" adapterTypeName="executor://mstestadapter/v4" className="ksse.Tests.ProgressTests" name="Test_GetProgressWithCorrectAuthButNoProgressDocument_SucceedsAndReturnsEmptyObject" />
    </UnitTest>
    <UnitTest name="Test_InvalidAllDatabases_ReturnsServiceUnavailable" storage="/home/runner/work/dotnet-monorepo/dotnet-monorepo/src/artifacts/bin/ksse.tests/release_linux-x64/ksse.tests.dll" id="17ae3335-de08-8274-abf4-82d4bda2c6e4">
      <Execution id="e785be69-e172-45bd-b2d2-3d7a2e1f37f5" />
      <TestMethod codeBase="/home/runner/work/dotnet-monorepo/dotnet-monorepo/src/artifacts/bin/ksse.Tests/release_linux-x64/ksse.Tests.dll" adapterTypeName="executor://mstestadapter/v4" className="ksse.Tests.HealthTests" name="Test_InvalidAllDatabases_ReturnsServiceUnavailable" />
    </UnitTest>
    <UnitTest name="Test_CreateSingleUser_Succeeds" storage="/home/runner/work/dotnet-monorepo/dotnet-monorepo/src/artifacts/bin/ksse.tests/release_linux-x64/ksse.tests.dll" id="1df49f38-1207-8a30-88a1-aaca5355f62a">
      <Execution id="74fac7a1-0d3e-4466-bdd4-8b8454dfb3b3" />
      <TestMethod codeBase="/home/runner/work/dotnet-monorepo/dotnet-monorepo/src/artifacts/bin/ksse.Tests/release_linux-x64/ksse.Tests.dll" adapterTypeName="executor://mstestadapter/v4" className="ksse.Tests.UsersTests" name="Test_CreateSingleUser_Succeeds" />
    </UnitTest>
    <UnitTest name="Test_AuthUserWithWrongPassword_Fails" storage="/home/runner/work/dotnet-monorepo/dotnet-monorepo/src/artifacts/bin/ksse.tests/release_linux-x64/ksse.tests.dll" id="15201303-d604-8041-9655-9129f3963e8f">
      <Execution id="6ff28dda-ab22-4bfc-a6b5-61d0c2065101" />
      <TestMethod codeBase="/home/runner/work/dotnet-monorepo/dotnet-monorepo/src/artifacts/bin/ksse.Tests/release_linux-x64/ksse.Tests.dll" adapterTypeName="executor://mstestadapter/v4" className="ksse.Tests.UsersTests" name="Test_AuthUserWithWrongPassword_Fails" />
    </UnitTest>
    <UnitTest name="Test_AuthUserWithCorrectAuth_Succeeds" storage="/home/runner/work/dotnet-monorepo/dotnet-monorepo/src/artifacts/bin/ksse.tests/release_linux-x64/ksse.tests.dll" id="186d133a-e1bb-8efe-8510-063deb350373">
      <Execution id="36555891-7bd1-41d6-b0b6-745955ea9d05" />
      <TestMethod codeBase="/home/runner/work/dotnet-monorepo/dotnet-monorepo/src/artifacts/bin/ksse.Tests/release_linux-x64/ksse.Tests.dll" adapterTypeName="executor://mstestadapter/v4" className="ksse.Tests.UsersTests" name="Test_AuthUserWithCorrectAuth_Succeeds" />
    </UnitTest>
    <UnitTest name="Test_InvalidUsersDatabase_ReturnsServiceUnavailable" storage="/home/runner/work/dotnet-monorepo/dotnet-monorepo/src/artifacts/bin/ksse.tests/release_linux-x64/ksse.tests.dll" id="12be7870-acca-8189-83ba-8c71522f628a">
      <Execution id="f72d7e2c-073b-4d08-ac72-c88ade43c13a" />
      <TestMethod codeBase="/home/runner/work/dotnet-monorepo/dotnet-monorepo/src/artifacts/bin/ksse.Tests/release_linux-x64/ksse.Tests.dll" adapterTypeName="executor://mstestadapter/v4" className="ksse.Tests.HealthTests" name="Test_InvalidUsersDatabase_ReturnsServiceUnavailable" />
    </UnitTest>
    <UnitTest name="Test_InvalidProgressDatabase_ReturnsServiceUnavailable" storage="/home/runner/work/dotnet-monorepo/dotnet-monorepo/src/artifacts/bin/ksse.tests/release_linux-x64/ksse.tests.dll" id="1542a3bb-7a8a-8712-8727-d3cbb815d2f3">
      <Execution id="cdef36d3-f505-41fb-a44b-4f31b725c448" />
      <TestMethod codeBase="/home/runner/work/dotnet-monorepo/dotnet-monorepo/src/artifacts/bin/ksse.Tests/release_linux-x64/ksse.Tests.dll" adapterTypeName="executor://mstestadapter/v4" className="ksse.Tests.HealthTests" name="Test_InvalidProgressDatabase_ReturnsServiceUnavailable" />
    </UnitTest>
    <UnitTest name="Test_DeleteUserWithoutAuth_Fails" storage="/home/runner/work/dotnet-monorepo/dotnet-monorepo/src/artifacts/bin/ksse.tests/release_linux-x64/ksse.tests.dll" id="108ef64b-0942-857b-8a32-d8eeac5741d3">
      <Execution id="0383cbe5-a341-47bc-831e-e8f890528ba5" />
      <TestMethod codeBase="/home/runner/work/dotnet-monorepo/dotnet-monorepo/src/artifacts/bin/ksse.Tests/release_linux-x64/ksse.Tests.dll" adapterTypeName="executor://mstestadapter/v4" className="ksse.Tests.UsersTests" name="Test_DeleteUserWithoutAuth_Fails" />
    </UnitTest>
    <UnitTest name="Test_DeleteAllProgressWithoutAuth_Fails" storage="/home/runner/work/dotnet-monorepo/dotnet-monorepo/src/artifacts/bin/ksse.tests/release_linux-x64/ksse.tests.dll" id="15f5f23a-ae14-8d39-9383-0afe8eefc855">
      <Execution id="5b844b8a-133e-4b86-87c8-0e91e7d740bd" />
      <TestMethod codeBase="/home/runner/work/dotnet-monorepo/dotnet-monorepo/src/artifacts/bin/ksse.Tests/release_linux-x64/ksse.Tests.dll" adapterTypeName="executor://mstestadapter/v4" className="ksse.Tests.ProgressTests" name="Test_DeleteAllProgressWithoutAuth_Fails" />
    </UnitTest>
    <UnitTest name="Test_CreateUserWhenFeatureIsDisabled_Fails" storage="/home/runner/work/dotnet-monorepo/dotnet-monorepo/src/artifacts/bin/ksse.tests/release_linux-x64/ksse.tests.dll" id="161fc569-3369-86c1-8e0d-6c373c25ff0b">
      <Execution id="301997e9-91e5-44bf-8213-91f74af6bbed" />
      <TestMethod codeBase="/home/runner/work/dotnet-monorepo/dotnet-monorepo/src/artifacts/bin/ksse.Tests/release_linux-x64/ksse.Tests.dll" adapterTypeName="executor://mstestadapter/v4" className="ksse.Tests.UsersTests" name="Test_CreateUserWhenFeatureIsDisabled_Fails" />
    </UnitTest>
    <UnitTest name="Test_ChangePasswordWithCorrectAuth_Succeeds" storage="/home/runner/work/dotnet-monorepo/dotnet-monorepo/src/artifacts/bin/ksse.tests/release_linux-x64/ksse.tests.dll" id="16a2fc19-c0ac-83d7-b922-04ebb0e0c8fe">
      <Execution id="abab4f45-ee15-441b-bdde-710d4cdfc7be" />
      <TestMethod codeBase="/home/runner/work/dotnet-monorepo/dotnet-monorepo/src/artifacts/bin/ksse.Tests/release_linux-x64/ksse.Tests.dll" adapterTypeName="executor://mstestadapter/v4" className="ksse.Tests.UsersTests" name="Test_ChangePasswordWithCorrectAuth_Succeeds" />
    </UnitTest>
  </TestDefinitions>
  <TestEntries>
    <TestEntry testId="1542a3bb-7a8a-8712-8727-d3cbb815d2f3" executionId="cdef36d3-f505-41fb-a44b-4f31b725c448" testListId="8c84fa94-04c1-424b-9868-57a2d4851a1d" />
    <TestEntry testId="132945f6-6e23-865e-85d1-b4595840936c" executionId="f21845c9-36cd-40a9-b294-90dc22a993e9" testListId="8c84fa94-04c1-424b-9868-57a2d4851a1d" />
    <TestEntry testId="1264adfd-ff7f-8738-8b4f-c2ee71cba679" executionId="45a95016-5528-4584-8bd2-cac19ba10f40" testListId="8c84fa94-04c1-424b-9868-57a2d4851a1d" />
    <TestEntry testId="1e11a824-50f6-8f93-b2fe-0420f6201f65" executionId="29c8e6b5-f03d-4707-bcc2-2ee5ea97a110" testListId="8c84fa94-04c1-424b-9868-57a2d4851a1d" />
    <TestEntry testId="186d133a-e1bb-8efe-8510-063deb350373" executionId="36555891-7bd1-41d6-b0b6-745955ea9d05" testListId="8c84fa94-04c1-424b-9868-57a2d4851a1d" />
    <TestEntry testId="1f4f93a2-a1d4-8964-a870-128e9bd4cfdb" executionId="f394af19-c682-4df3-ac28-629cc3df411b" testListId="8c84fa94-04c1-424b-9868-57a2d4851a1d" />
    <TestEntry testId="102c7657-8154-8238-90b7-6e32f2a18fc7" executionId="8074c897-ab6f-4de9-960a-20d938b498ac" testListId="8c84fa94-04c1-424b-9868-57a2d4851a1d" />
    <TestEntry testId="13a5cd0b-69fa-8c36-91a9-0fe254e7e6bd" executionId="74d95c43-8d73-4cff-a8fa-4bd358f35b93" testListId="8c84fa94-04c1-424b-9868-57a2d4851a1d" />
    <TestEntry testId="112f889c-6e0f-89cb-a5bb-7e10d8d74f0f" executionId="72948019-913e-4f09-a068-fb8875249622" testListId="8c84fa94-04c1-424b-9868-57a2d4851a1d" />
    <TestEntry testId="16a2fc19-c0ac-83d7-b922-04ebb0e0c8fe" executionId="abab4f45-ee15-441b-bdde-710d4cdfc7be" testListId="8c84fa94-04c1-424b-9868-57a2d4851a1d" />
    <TestEntry testId="173f52f6-fe2f-8ccc-bbde-bcea11e0654f" executionId="b0582496-0b2a-4416-b0be-e08c79b13b02" testListId="8c84fa94-04c1-424b-9868-57a2d4851a1d" />
    <TestEntry testId="161fc569-3369-86c1-8e0d-6c373c25ff0b" executionId="301997e9-91e5-44bf-8213-91f74af6bbed" testListId="8c84fa94-04c1-424b-9868-57a2d4851a1d" />
    <TestEntry testId="155446e3-8a34-83e5-aee6-75e105570957" executionId="517c2493-0a58-4d04-8177-61d9498b15eb" testListId="8c84fa94-04c1-424b-9868-57a2d4851a1d" />
    <TestEntry testId="1908a3f0-f0f0-88c2-a93c-83a990030485" executionId="c7316476-b6de-4c33-940c-91b90dbb75ea" testListId="8c84fa94-04c1-424b-9868-57a2d4851a1d" />
    <TestEntry testId="17ae3335-de08-8274-abf4-82d4bda2c6e4" executionId="e785be69-e172-45bd-b2d2-3d7a2e1f37f5" testListId="8c84fa94-04c1-424b-9868-57a2d4851a1d" />
    <TestEntry testId="192886f3-f09f-8e26-9120-75957a3fea42" executionId="11e5b627-b0ab-43f3-a65f-130f5cc1151a" testListId="8c84fa94-04c1-424b-9868-57a2d4851a1d" />
    <TestEntry testId="12be7870-acca-8189-83ba-8c71522f628a" executionId="f72d7e2c-073b-4d08-ac72-c88ade43c13a" testListId="8c84fa94-04c1-424b-9868-57a2d4851a1d" />
    <TestEntry testId="11753310-0116-811b-a9d6-9e37c130b4c9" executionId="f77f5eed-f2f2-4413-83de-ee1ea8ca76b8" testListId="8c84fa94-04c1-424b-9868-57a2d4851a1d" />
    <TestEntry testId="1724032a-64f1-8808-bb42-6938d7db544f" executionId="6071ec56-cf53-4878-a38e-2537d5ed449f" testListId="8c84fa94-04c1-424b-9868-57a2d4851a1d" />
    <TestEntry testId="1af89287-99f5-876a-b55a-701f9eb5be7c" executionId="605b792f-fd2e-4a0b-84f1-65d89b802001" testListId="8c84fa94-04c1-424b-9868-57a2d4851a1d" />
    <TestEntry testId="15f5f23a-ae14-8d39-9383-0afe8eefc855" executionId="5b844b8a-133e-4b86-87c8-0e91e7d740bd" testListId="8c84fa94-04c1-424b-9868-57a2d4851a1d" />
    <TestEntry testId="15201303-d604-8041-9655-9129f3963e8f" executionId="6ff28dda-ab22-4bfc-a6b5-61d0c2065101" testListId="8c84fa94-04c1-424b-9868-57a2d4851a1d" />
    <TestEntry testId="19387bbc-99d0-8cea-8ff1-10b5a3767f55" executionId="5960d338-d4ab-4cda-ab67-b13a0153d862" testListId="8c84fa94-04c1-424b-9868-57a2d4851a1d" />
    <TestEntry testId="1df49f38-1207-8a30-88a1-aaca5355f62a" executionId="74fac7a1-0d3e-4466-bdd4-8b8454dfb3b3" testListId="8c84fa94-04c1-424b-9868-57a2d4851a1d" />
    <TestEntry testId="1fcc2f72-d833-84dc-a917-4405961190c3" executionId="fe202d55-333d-4891-8535-f12435bd64b9" testListId="8c84fa94-04c1-424b-9868-57a2d4851a1d" />
    <TestEntry testId="108ef64b-0942-857b-8a32-d8eeac5741d3" executionId="0383cbe5-a341-47bc-831e-e8f890528ba5" testListId="8c84fa94-04c1-424b-9868-57a2d4851a1d" />
    <TestEntry testId="16a1c27b-d16e-8bad-a515-82515bf126eb" executionId="051238d6-2df6-4b71-a09d-68bec498da9d" testListId="8c84fa94-04c1-424b-9868-57a2d4851a1d" />
    <TestEntry testId="199f3463-3b26-8091-a133-d84de9085545" executionId="19445018-469d-4c68-b427-e8ccb1250c2a" testListId="8c84fa94-04c1-424b-9868-57a2d4851a1d" />
    <TestEntry testId="17aa2d49-4588-833f-803d-ac33704ec19b" executionId="fb3bcda7-3ed1-4de7-8817-57a947c61d80" testListId="8c84fa94-04c1-424b-9868-57a2d4851a1d" />
    <TestEntry testId="137e5dc7-696f-82d0-9be2-c99e006bbf79" executionId="40fb8bf7-2109-4495-ae18-f1c6dbbdf628" testListId="8c84fa94-04c1-424b-9868-57a2d4851a1d" />
  </TestEntries>
  <TestLists>
    <TestList name="Results Not in a List" id="8c84fa94-04c1-424b-9868-57a2d4851a1d" />
    <TestList name="All Loaded Results" id="19431567-8539-422a-85d7-44ee4e166bda" />
  </TestLists>
  <ResultSummary outcome="Completed">
    <Counters total="30" executed="30" passed="30" failed="0" error="0" timeout="0" aborted="0" inconclusive="0" passedButRunAborted="0" notRunnable="0" notExecuted="0" disconnected="0" warning="0" completed="0" inProgress="0" pending="0" />
    <Output>
      <StdOut>Test Parallelization enabled for /home/runner/work/dotnet-monorepo/dotnet-monorepo/src/artifacts/bin/ksse.Tests/release_linux-x64/ksse.Tests.dll (Workers: 4, Scope: ClassLevel)
</StdOut>
    </Output>
  </ResultSummary>
</TestRun>