<?xml version="1.0" encoding="utf-8"?>
<TestRun id="1bf78f44-5851-4131-bacb-10b3d8b8a201" name="@pkrvmccyg1gnepe 2025-08-31 02:21:18" xmlns="http://microsoft.com/schemas/VisualStudio/TeamTest/2010">
  <Times creation="2025-08-31T02:21:18.2979708+00:00" queuing="2025-08-31T02:21:18.2979709+00:00" start="2025-08-31T02:21:17.7227284+00:00" finish="2025-08-31T02:21:18.3032517+00:00" />
  <TestSettings name="default" id="a7eb65c1-022b-4de1-9eae-802728110931">
    <Deployment runDeploymentRoot="_pkrvmccyg1gnepe_2025-08-31_02_21_18" />
  </TestSettings>
  <Results>
    <UnitTestResult executionId="883a6431-4918-44cc-92d9-5848f3280fa1" testId="98bfafe3-2443-202d-87a1-9d2c658ab147" testName="TestNoEmptyArrays" computerName="pkrvmccyg1gnepe" duration="00:00:00.0105596" startTime="2025-08-31T02:21:18.1405929+00:00" endTime="2025-08-31T02:21:18.1663448+00:00" testType="13cdc9d9-ddb5-4fa4-a97d-d965ccfc6d4b" outcome="Passed" testListId="8c84fa94-04c1-424b-9868-57a2d4851a1d" relativeResultsDirectory="883a6431-4918-44cc-92d9-5848f3280fa1" />
    <UnitTestResult executionId="68f42a3b-7ba1-494d-b05e-e556f6a4fa95" testId="f271161e-315a-b78c-a2e8-d1fc41692774" testName="TestMultipleFileExtensionsForOneMediaType" computerName="pkrvmccyg1gnepe" duration="00:00:00.0112206" startTime="2025-08-31T02:21:18.1703180+00:00" endTime="2025-08-31T02:21:18.1832766+00:00" testType="13cdc9d9-ddb5-4fa4-a97d-d965ccfc6d4b" outcome="Passed" testListId="8c84fa94-04c1-424b-9868-57a2d4851a1d" relativeResultsDirectory="68f42a3b-7ba1-494d-b05e-e556f6a4fa95" />
  </Results>
  <TestDefinitions>
    <UnitTest name="TestNoEmptyArrays" storage="/home/runner/work/dotnet-monorepo/dotnet-monorepo/src/artifacts/bin/mediatypes.tests/release_linux-x64/mediatypes.tests.dll" id="98bfafe3-2443-202d-87a1-9d2c658ab147">
      <Execution id="883a6431-4918-44cc-92d9-5848f3280fa1" />
      <TestMethod codeBase="/home/runner/work/dotnet-monorepo/dotnet-monorepo/src/artifacts/bin/MediaTypes.Tests/release_linux-x64/MediaTypes.Tests.dll" adapterTypeName="executor://mstestadapter/v2" className="MediaTypes.Tests.MediaTypeFileExtensionsMappingTests" name="TestNoEmptyArrays" />
    </UnitTest>
    <UnitTest name="TestMultipleFileExtensionsForOneMediaType" storage="/home/runner/work/dotnet-monorepo/dotnet-monorepo/src/artifacts/bin/mediatypes.tests/release_linux-x64/mediatypes.tests.dll" id="f271161e-315a-b78c-a2e8-d1fc41692774">
      <Execution id="68f42a3b-7ba1-494d-b05e-e556f6a4fa95" />
      <TestMethod codeBase="/home/runner/work/dotnet-monorepo/dotnet-monorepo/src/artifacts/bin/MediaTypes.Tests/release_linux-x64/MediaTypes.Tests.dll" adapterTypeName="executor://mstestadapter/v2" className="MediaTypes.Tests.MediaTypeFileExtensionsMappingTests" name="TestMultipleFileExtensionsForOneMediaType" />
    </UnitTest>
  </TestDefinitions>
  <TestEntries>
    <TestEntry testId="98bfafe3-2443-202d-87a1-9d2c658ab147" executionId="883a6431-4918-44cc-92d9-5848f3280fa1" testListId="8c84fa94-04c1-424b-9868-57a2d4851a1d" />
    <TestEntry testId="f271161e-315a-b78c-a2e8-d1fc41692774" executionId="68f42a3b-7ba1-494d-b05e-e556f6a4fa95" testListId="8c84fa94-04c1-424b-9868-57a2d4851a1d" />
  </TestEntries>
  <TestLists>
    <TestList name="Results Not in a List" id="8c84fa94-04c1-424b-9868-57a2d4851a1d" />
    <TestList name="All Loaded Results" id="19431567-8539-422a-85d7-44ee4e166bda" />
  </TestLists>
  <ResultSummary outcome="Completed">
    <Counters total="2" executed="2" passed="2" failed="0" error="0" timeout="0" aborted="0" inconclusive="0" passedButRunAborted="0" notRunnable="0" notExecuted="0" disconnected="0" warning="0" completed="0" inProgress="0" pending="0" />
  </ResultSummary>
</TestRun>