<?xml version="1.0" encoding="utf-8"?>
<TestRun id="0e8d04ae-00f1-42e4-8926-8f7dc39e3d6f" name="@pkrvmsl9tci6h6u 2025-08-14 21:56:43" xmlns="http://microsoft.com/schemas/VisualStudio/TeamTest/2010">
  <Times creation="2025-08-14T21:56:43.3237328+00:00" queuing="2025-08-14T21:56:43.3237329+00:00" start="2025-08-14T21:56:42.7536281+00:00" finish="2025-08-14T21:56:43.3298306+00:00" />
  <TestSettings name="default" id="e87da7f6-06c0-4593-a8a3-8be4b6f7db34">
    <Deployment runDeploymentRoot="_pkrvmsl9tci6h6u_2025-08-14_21_56_43" />
  </TestSettings>
  <Results>
    <UnitTestResult executionId="7cfda61d-8a24-4442-ad98-fb734eb570f7" testId="98bfafe3-2443-202d-87a1-9d2c658ab147" testName="TestNoEmptyArrays" computerName="pkrvmsl9tci6h6u" duration="00:00:00.0103389" startTime="2025-08-14T21:56:43.1675826+00:00" endTime="2025-08-14T21:56:43.1926046+00:00" testType="13cdc9d9-ddb5-4fa4-a97d-d965ccfc6d4b" outcome="Passed" testListId="8c84fa94-04c1-424b-9868-57a2d4851a1d" relativeResultsDirectory="7cfda61d-8a24-4442-ad98-fb734eb570f7" />
    <UnitTestResult executionId="f0ea0d3d-5ad4-4b31-9a8e-c9e878a5998e" testId="f271161e-315a-b78c-a2e8-d1fc41692774" testName="TestMultipleFileExtensionsForOneMediaType" computerName="pkrvmsl9tci6h6u" duration="00:00:00.0107832" startTime="2025-08-14T21:56:43.1963558+00:00" endTime="2025-08-14T21:56:43.2087555+00:00" testType="13cdc9d9-ddb5-4fa4-a97d-d965ccfc6d4b" outcome="Passed" testListId="8c84fa94-04c1-424b-9868-57a2d4851a1d" relativeResultsDirectory="f0ea0d3d-5ad4-4b31-9a8e-c9e878a5998e" />
  </Results>
  <TestDefinitions>
    <UnitTest name="TestNoEmptyArrays" storage="/home/runner/work/dotnet-monorepo/dotnet-monorepo/src/artifacts/bin/mediatypes.tests/release_linux-x64/mediatypes.tests.dll" id="98bfafe3-2443-202d-87a1-9d2c658ab147">
      <Execution id="7cfda61d-8a24-4442-ad98-fb734eb570f7" />
      <TestMethod codeBase="/home/runner/work/dotnet-monorepo/dotnet-monorepo/src/artifacts/bin/MediaTypes.Tests/release_linux-x64/MediaTypes.Tests.dll" adapterTypeName="executor://mstestadapter/v2" className="MediaTypes.Tests.MediaTypeFileExtensionsMappingTests" name="TestNoEmptyArrays" />
    </UnitTest>
    <UnitTest name="TestMultipleFileExtensionsForOneMediaType" storage="/home/runner/work/dotnet-monorepo/dotnet-monorepo/src/artifacts/bin/mediatypes.tests/release_linux-x64/mediatypes.tests.dll" id="f271161e-315a-b78c-a2e8-d1fc41692774">
      <Execution id="f0ea0d3d-5ad4-4b31-9a8e-c9e878a5998e" />
      <TestMethod codeBase="/home/runner/work/dotnet-monorepo/dotnet-monorepo/src/artifacts/bin/MediaTypes.Tests/release_linux-x64/MediaTypes.Tests.dll" adapterTypeName="executor://mstestadapter/v2" className="MediaTypes.Tests.MediaTypeFileExtensionsMappingTests" name="TestMultipleFileExtensionsForOneMediaType" />
    </UnitTest>
  </TestDefinitions>
  <TestEntries>
    <TestEntry testId="98bfafe3-2443-202d-87a1-9d2c658ab147" executionId="7cfda61d-8a24-4442-ad98-fb734eb570f7" testListId="8c84fa94-04c1-424b-9868-57a2d4851a1d" />
    <TestEntry testId="f271161e-315a-b78c-a2e8-d1fc41692774" executionId="f0ea0d3d-5ad4-4b31-9a8e-c9e878a5998e" testListId="8c84fa94-04c1-424b-9868-57a2d4851a1d" />
  </TestEntries>
  <TestLists>
    <TestList name="Results Not in a List" id="8c84fa94-04c1-424b-9868-57a2d4851a1d" />
    <TestList name="All Loaded Results" id="19431567-8539-422a-85d7-44ee4e166bda" />
  </TestLists>
  <ResultSummary outcome="Completed">
    <Counters total="2" executed="2" passed="2" failed="0" error="0" timeout="0" aborted="0" inconclusive="0" passedButRunAborted="0" notRunnable="0" notExecuted="0" disconnected="0" warning="0" completed="0" inProgress="0" pending="0" />
  </ResultSummary>
</TestRun>