<?xml version="1.0" encoding="utf-8"?>
<TestRun id="9aca425e-aee1-4698-a57e-7890e918016c" name="@runnervmi13qx 2026-01-09 12:47:25" xmlns="http://microsoft.com/schemas/VisualStudio/TeamTest/2010">
  <Times creation="2026-01-09T12:47:25.3415788+00:00" queuing="2026-01-09T12:47:25.3415789+00:00" start="2026-01-09T12:47:24.7071861+00:00" finish="2026-01-09T12:47:25.3482146+00:00" />
  <TestSettings name="default" id="79a49894-f30d-41ee-b3d3-7e4192b43e49">
    <Deployment runDeploymentRoot="_runnervmi13qx_2026-01-09_12_47_25" />
  </TestSettings>
  <Results>
    <UnitTestResult executionId="1355fa94-94d0-403c-971c-81f7102c19a4" testId="16871a75-76f2-8de3-b59a-d29b6a96b288" testName="TestNoEmptyArrays" computerName="runnervmi13qx" duration="00:00:00.0118962" startTime="2026-01-09T12:47:25.1761707+00:00" endTime="2026-01-09T12:47:25.2045926+00:00" testType="13cdc9d9-ddb5-4fa4-a97d-d965ccfc6d4b" outcome="Passed" testListId="8c84fa94-04c1-424b-9868-57a2d4851a1d" relativeResultsDirectory="1355fa94-94d0-403c-971c-81f7102c19a4" />
    <UnitTestResult executionId="7949dcc9-1314-4c16-bf1e-f8cf57a407b3" testId="116eae1f-9144-82c5-aecc-984dcda3184f" testName="TestMultipleFileExtensionsForOneMediaType" computerName="runnervmi13qx" duration="00:00:00.0118246" startTime="2026-01-09T12:47:25.2094298+00:00" endTime="2026-01-09T12:47:25.2227330+00:00" testType="13cdc9d9-ddb5-4fa4-a97d-d965ccfc6d4b" outcome="Passed" testListId="8c84fa94-04c1-424b-9868-57a2d4851a1d" relativeResultsDirectory="7949dcc9-1314-4c16-bf1e-f8cf57a407b3" />
  </Results>
  <TestDefinitions>
    <UnitTest name="TestNoEmptyArrays" storage="/home/runner/work/dotnet-monorepo/dotnet-monorepo/src/artifacts/bin/mediatypes.tests/release_linux-x64/mediatypes.tests.dll" id="16871a75-76f2-8de3-b59a-d29b6a96b288">
      <Execution id="1355fa94-94d0-403c-971c-81f7102c19a4" />
      <TestMethod codeBase="/home/runner/work/dotnet-monorepo/dotnet-monorepo/src/artifacts/bin/MediaTypes.Tests/release_linux-x64/MediaTypes.Tests.dll" adapterTypeName="executor://mstestadapter/v4" className="MediaTypes.Tests.MediaTypeFileExtensionsMappingTests" name="TestNoEmptyArrays" />
    </UnitTest>
    <UnitTest name="TestMultipleFileExtensionsForOneMediaType" storage="/home/runner/work/dotnet-monorepo/dotnet-monorepo/src/artifacts/bin/mediatypes.tests/release_linux-x64/mediatypes.tests.dll" id="116eae1f-9144-82c5-aecc-984dcda3184f">
      <Execution id="7949dcc9-1314-4c16-bf1e-f8cf57a407b3" />
      <TestMethod codeBase="/home/runner/work/dotnet-monorepo/dotnet-monorepo/src/artifacts/bin/MediaTypes.Tests/release_linux-x64/MediaTypes.Tests.dll" adapterTypeName="executor://mstestadapter/v4" className="MediaTypes.Tests.MediaTypeFileExtensionsMappingTests" name="TestMultipleFileExtensionsForOneMediaType" />
    </UnitTest>
  </TestDefinitions>
  <TestEntries>
    <TestEntry testId="16871a75-76f2-8de3-b59a-d29b6a96b288" executionId="1355fa94-94d0-403c-971c-81f7102c19a4" testListId="8c84fa94-04c1-424b-9868-57a2d4851a1d" />
    <TestEntry testId="116eae1f-9144-82c5-aecc-984dcda3184f" executionId="7949dcc9-1314-4c16-bf1e-f8cf57a407b3" testListId="8c84fa94-04c1-424b-9868-57a2d4851a1d" />
  </TestEntries>
  <TestLists>
    <TestList name="Results Not in a List" id="8c84fa94-04c1-424b-9868-57a2d4851a1d" />
    <TestList name="All Loaded Results" id="19431567-8539-422a-85d7-44ee4e166bda" />
  </TestLists>
  <ResultSummary outcome="Completed">
    <Counters total="2" executed="2" passed="2" failed="0" error="0" timeout="0" aborted="0" inconclusive="0" passedButRunAborted="0" notRunnable="0" notExecuted="0" disconnected="0" warning="0" completed="0" inProgress="0" pending="0" />
    <Output>
      <StdOut>Test Parallelization enabled for /home/runner/work/dotnet-monorepo/dotnet-monorepo/src/artifacts/bin/MediaTypes.Tests/release_linux-x64/MediaTypes.Tests.dll (Workers: 4, Scope: ClassLevel)
</StdOut>
    </Output>
  </ResultSummary>
</TestRun>