<?xml version="1.0" encoding="utf-8"?>
<TestRun id="57e567b7-68ec-4353-9919-e953768b3f46" name="runneradmin@runnervm2bfby 2026-02-21 14:58:52" runUser="runnervm2bfby\runneradmin" xmlns="http://microsoft.com/schemas/VisualStudio/TeamTest/2010">
  <Times creation="2026-02-21T14:58:52.5883309+00:00" queuing="2026-02-21T14:58:52.5883310+00:00" start="2026-02-21T14:58:51.9214681+00:00" finish="2026-02-21T14:58:52.5938912+00:00" />
  <TestSettings name="default" id="f9ea1f3d-622e-4f30-bf96-c0924106bdbb">
    <Deployment runDeploymentRoot="runneradmin_runnervm2bfby_2026-02-21_14_58_52" />
  </TestSettings>
  <Results>
    <UnitTestResult executionId="ea084826-68bb-4b02-b109-4eceede5333c" testId="116eae1f-9144-82c5-aecc-984dcda3184f" testName="TestMultipleFileExtensionsForOneMediaType" computerName="runnervm2bfby" duration="00:00:00.0122839" startTime="2026-02-21T14:58:52.4625480+00:00" endTime="2026-02-21T14:58:52.4766289+00:00" testType="13cdc9d9-ddb5-4fa4-a97d-d965ccfc6d4b" outcome="Passed" testListId="8c84fa94-04c1-424b-9868-57a2d4851a1d" relativeResultsDirectory="ea084826-68bb-4b02-b109-4eceede5333c" />
    <UnitTestResult executionId="5a542862-808f-48c5-86a3-9d139d01052d" testId="16871a75-76f2-8de3-b59a-d29b6a96b288" testName="TestNoEmptyArrays" computerName="runnervm2bfby" duration="00:00:00.0121565" startTime="2026-02-21T14:58:52.4275450+00:00" endTime="2026-02-21T14:58:52.4576869+00:00" testType="13cdc9d9-ddb5-4fa4-a97d-d965ccfc6d4b" outcome="Passed" testListId="8c84fa94-04c1-424b-9868-57a2d4851a1d" relativeResultsDirectory="5a542862-808f-48c5-86a3-9d139d01052d" />
  </Results>
  <TestDefinitions>
    <UnitTest name="TestNoEmptyArrays" storage="d:\a\dotnet-monorepo\dotnet-monorepo\src\artifacts\bin\mediatypes.tests\release_win-x64\mediatypes.tests.dll" id="16871a75-76f2-8de3-b59a-d29b6a96b288">
      <Execution id="5a542862-808f-48c5-86a3-9d139d01052d" />
      <TestMethod codeBase="D:\a\dotnet-monorepo\dotnet-monorepo\src\artifacts\bin\MediaTypes.Tests\release_win-x64\MediaTypes.Tests.dll" adapterTypeName="executor://mstestadapter/v4" className="MediaTypes.Tests.MediaTypeFileExtensionsMappingTests" name="TestNoEmptyArrays" />
    </UnitTest>
    <UnitTest name="TestMultipleFileExtensionsForOneMediaType" storage="d:\a\dotnet-monorepo\dotnet-monorepo\src\artifacts\bin\mediatypes.tests\release_win-x64\mediatypes.tests.dll" id="116eae1f-9144-82c5-aecc-984dcda3184f">
      <Execution id="ea084826-68bb-4b02-b109-4eceede5333c" />
      <TestMethod codeBase="D:\a\dotnet-monorepo\dotnet-monorepo\src\artifacts\bin\MediaTypes.Tests\release_win-x64\MediaTypes.Tests.dll" adapterTypeName="executor://mstestadapter/v4" className="MediaTypes.Tests.MediaTypeFileExtensionsMappingTests" name="TestMultipleFileExtensionsForOneMediaType" />
    </UnitTest>
  </TestDefinitions>
  <TestEntries>
    <TestEntry testId="116eae1f-9144-82c5-aecc-984dcda3184f" executionId="ea084826-68bb-4b02-b109-4eceede5333c" testListId="8c84fa94-04c1-424b-9868-57a2d4851a1d" />
    <TestEntry testId="16871a75-76f2-8de3-b59a-d29b6a96b288" executionId="5a542862-808f-48c5-86a3-9d139d01052d" testListId="8c84fa94-04c1-424b-9868-57a2d4851a1d" />
  </TestEntries>
  <TestLists>
    <TestList name="Results Not in a List" id="8c84fa94-04c1-424b-9868-57a2d4851a1d" />
    <TestList name="All Loaded Results" id="19431567-8539-422a-85d7-44ee4e166bda" />
  </TestLists>
  <ResultSummary outcome="Completed">
    <Counters total="2" executed="2" passed="2" failed="0" error="0" timeout="0" aborted="0" inconclusive="0" passedButRunAborted="0" notRunnable="0" notExecuted="0" disconnected="0" warning="0" completed="0" inProgress="0" pending="0" />
    <Output>
      <StdOut>Test Parallelization enabled for D:\a\dotnet-monorepo\dotnet-monorepo\src\artifacts\bin\MediaTypes.Tests\release_win-x64\MediaTypes.Tests.dll (Workers: 4, Scope: ClassLevel)&#xD;
</StdOut>
    </Output>
  </ResultSummary>
</TestRun>