<?xml version="1.0" encoding="utf-8"?>
<TestRun id="e6246810-8228-41ab-9e91-5391144dd098" name="@runnervmi13qx 2026-01-15 13:47:20" xmlns="http://microsoft.com/schemas/VisualStudio/TeamTest/2010">
  <Times creation="2026-01-15T13:47:20.5024789+00:00" queuing="2026-01-15T13:47:20.5024790+00:00" start="2026-01-15T13:47:19.9382890+00:00" finish="2026-01-15T13:47:20.5082243+00:00" />
  <TestSettings name="default" id="6b72fb1e-3369-41e2-9177-2d76c8c6351d">
    <Deployment runDeploymentRoot="_runnervmi13qx_2026-01-15_13_47_20" />
  </TestSettings>
  <Results>
    <UnitTestResult executionId="b5254f03-a039-48dd-9513-8d752d4762b9" testId="16871a75-76f2-8de3-b59a-d29b6a96b288" testName="TestNoEmptyArrays" computerName="runnervmi13qx" duration="00:00:00.0114334" startTime="2026-01-15T13:47:20.3508301+00:00" endTime="2026-01-15T13:47:20.3777016+00:00" testType="13cdc9d9-ddb5-4fa4-a97d-d965ccfc6d4b" outcome="Passed" testListId="8c84fa94-04c1-424b-9868-57a2d4851a1d" relativeResultsDirectory="b5254f03-a039-48dd-9513-8d752d4762b9" />
    <UnitTestResult executionId="2d8b04c8-6ae1-4b68-9a90-1ba6280c44d0" testId="116eae1f-9144-82c5-aecc-984dcda3184f" testName="TestMultipleFileExtensionsForOneMediaType" computerName="runnervmi13qx" duration="00:00:00.0128894" startTime="2026-01-15T13:47:20.3820067+00:00" endTime="2026-01-15T13:47:20.3964510+00:00" testType="13cdc9d9-ddb5-4fa4-a97d-d965ccfc6d4b" outcome="Passed" testListId="8c84fa94-04c1-424b-9868-57a2d4851a1d" relativeResultsDirectory="2d8b04c8-6ae1-4b68-9a90-1ba6280c44d0" />
  </Results>
  <TestDefinitions>
    <UnitTest name="TestNoEmptyArrays" storage="/home/runner/work/dotnet-monorepo/dotnet-monorepo/src/artifacts/bin/mediatypes.tests/release_linux-x64/mediatypes.tests.dll" id="16871a75-76f2-8de3-b59a-d29b6a96b288">
      <Execution id="b5254f03-a039-48dd-9513-8d752d4762b9" />
      <TestMethod codeBase="/home/runner/work/dotnet-monorepo/dotnet-monorepo/src/artifacts/bin/MediaTypes.Tests/release_linux-x64/MediaTypes.Tests.dll" adapterTypeName="executor://mstestadapter/v4" className="MediaTypes.Tests.MediaTypeFileExtensionsMappingTests" name="TestNoEmptyArrays" />
    </UnitTest>
    <UnitTest name="TestMultipleFileExtensionsForOneMediaType" storage="/home/runner/work/dotnet-monorepo/dotnet-monorepo/src/artifacts/bin/mediatypes.tests/release_linux-x64/mediatypes.tests.dll" id="116eae1f-9144-82c5-aecc-984dcda3184f">
      <Execution id="2d8b04c8-6ae1-4b68-9a90-1ba6280c44d0" />
      <TestMethod codeBase="/home/runner/work/dotnet-monorepo/dotnet-monorepo/src/artifacts/bin/MediaTypes.Tests/release_linux-x64/MediaTypes.Tests.dll" adapterTypeName="executor://mstestadapter/v4" className="MediaTypes.Tests.MediaTypeFileExtensionsMappingTests" name="TestMultipleFileExtensionsForOneMediaType" />
    </UnitTest>
  </TestDefinitions>
  <TestEntries>
    <TestEntry testId="16871a75-76f2-8de3-b59a-d29b6a96b288" executionId="b5254f03-a039-48dd-9513-8d752d4762b9" testListId="8c84fa94-04c1-424b-9868-57a2d4851a1d" />
    <TestEntry testId="116eae1f-9144-82c5-aecc-984dcda3184f" executionId="2d8b04c8-6ae1-4b68-9a90-1ba6280c44d0" testListId="8c84fa94-04c1-424b-9868-57a2d4851a1d" />
  </TestEntries>
  <TestLists>
    <TestList name="Results Not in a List" id="8c84fa94-04c1-424b-9868-57a2d4851a1d" />
    <TestList name="All Loaded Results" id="19431567-8539-422a-85d7-44ee4e166bda" />
  </TestLists>
  <ResultSummary outcome="Completed">
    <Counters total="2" executed="2" passed="2" failed="0" error="0" timeout="0" aborted="0" inconclusive="0" passedButRunAborted="0" notRunnable="0" notExecuted="0" disconnected="0" warning="0" completed="0" inProgress="0" pending="0" />
    <Output>
      <StdOut>Test Parallelization enabled for /home/runner/work/dotnet-monorepo/dotnet-monorepo/src/artifacts/bin/MediaTypes.Tests/release_linux-x64/MediaTypes.Tests.dll (Workers: 4, Scope: ClassLevel)
</StdOut>
    </Output>
  </ResultSummary>
</TestRun>