<?xml version="1.0" encoding="utf-8"?>
<TestRun id="bd0cf468-d603-4c5f-986f-fc0bf0d40ca0" name="runneradmin@runnervm0hlvn 2025-08-31 02:22:55" runUser="runnervm0hlvn\runneradmin" xmlns="http://microsoft.com/schemas/VisualStudio/TeamTest/2010">
  <Times creation="2025-08-31T02:22:55.5169529+00:00" queuing="2025-08-31T02:22:55.5169530+00:00" start="2025-08-31T02:22:54.9032472+00:00" finish="2025-08-31T02:22:55.5221633+00:00" />
  <TestSettings name="default" id="5f47efee-cf33-4728-b895-f36f2b09c336">
    <Deployment runDeploymentRoot="runneradmin_runnervm0hlvn_2025-08-31_02_22_55" />
  </TestSettings>
  <Results>
    <UnitTestResult executionId="46bd98e8-9f66-4c5d-b9ec-2a8942f90b51" testId="f271161e-315a-b78c-a2e8-d1fc41692774" testName="TestMultipleFileExtensionsForOneMediaType" computerName="runnervm0hlvn" duration="00:00:00.0114059" startTime="2025-08-31T02:22:55.3930438+00:00" endTime="2025-08-31T02:22:55.4061895+00:00" testType="13cdc9d9-ddb5-4fa4-a97d-d965ccfc6d4b" outcome="Passed" testListId="8c84fa94-04c1-424b-9868-57a2d4851a1d" relativeResultsDirectory="46bd98e8-9f66-4c5d-b9ec-2a8942f90b51" />
    <UnitTestResult executionId="c24bdb1e-8320-49f4-b9e3-1a565dca6f31" testId="98bfafe3-2443-202d-87a1-9d2c658ab147" testName="TestNoEmptyArrays" computerName="runnervm0hlvn" duration="00:00:00.0109487" startTime="2025-08-31T02:22:55.3630063+00:00" endTime="2025-08-31T02:22:55.3891678+00:00" testType="13cdc9d9-ddb5-4fa4-a97d-d965ccfc6d4b" outcome="Passed" testListId="8c84fa94-04c1-424b-9868-57a2d4851a1d" relativeResultsDirectory="c24bdb1e-8320-49f4-b9e3-1a565dca6f31" />
  </Results>
  <TestDefinitions>
    <UnitTest name="TestNoEmptyArrays" storage="d:\a\dotnet-monorepo\dotnet-monorepo\src\artifacts\bin\mediatypes.tests\release_win-x64\mediatypes.tests.dll" id="98bfafe3-2443-202d-87a1-9d2c658ab147">
      <Execution id="c24bdb1e-8320-49f4-b9e3-1a565dca6f31" />
      <TestMethod codeBase="D:\a\dotnet-monorepo\dotnet-monorepo\src\artifacts\bin\MediaTypes.Tests\release_win-x64\MediaTypes.Tests.dll" adapterTypeName="executor://mstestadapter/v2" className="MediaTypes.Tests.MediaTypeFileExtensionsMappingTests" name="TestNoEmptyArrays" />
    </UnitTest>
    <UnitTest name="TestMultipleFileExtensionsForOneMediaType" storage="d:\a\dotnet-monorepo\dotnet-monorepo\src\artifacts\bin\mediatypes.tests\release_win-x64\mediatypes.tests.dll" id="f271161e-315a-b78c-a2e8-d1fc41692774">
      <Execution id="46bd98e8-9f66-4c5d-b9ec-2a8942f90b51" />
      <TestMethod codeBase="D:\a\dotnet-monorepo\dotnet-monorepo\src\artifacts\bin\MediaTypes.Tests\release_win-x64\MediaTypes.Tests.dll" adapterTypeName="executor://mstestadapter/v2" className="MediaTypes.Tests.MediaTypeFileExtensionsMappingTests" name="TestMultipleFileExtensionsForOneMediaType" />
    </UnitTest>
  </TestDefinitions>
  <TestEntries>
    <TestEntry testId="f271161e-315a-b78c-a2e8-d1fc41692774" executionId="46bd98e8-9f66-4c5d-b9ec-2a8942f90b51" testListId="8c84fa94-04c1-424b-9868-57a2d4851a1d" />
    <TestEntry testId="98bfafe3-2443-202d-87a1-9d2c658ab147" executionId="c24bdb1e-8320-49f4-b9e3-1a565dca6f31" testListId="8c84fa94-04c1-424b-9868-57a2d4851a1d" />
  </TestEntries>
  <TestLists>
    <TestList name="Results Not in a List" id="8c84fa94-04c1-424b-9868-57a2d4851a1d" />
    <TestList name="All Loaded Results" id="19431567-8539-422a-85d7-44ee4e166bda" />
  </TestLists>
  <ResultSummary outcome="Completed">
    <Counters total="2" executed="2" passed="2" failed="0" error="0" timeout="0" aborted="0" inconclusive="0" passedButRunAborted="0" notRunnable="0" notExecuted="0" disconnected="0" warning="0" completed="0" inProgress="0" pending="0" />
  </ResultSummary>
</TestRun>