<?xml version="1.0" encoding="utf-8"?>
<TestRun id="3da8301a-8b84-4e65-9547-b87e29a19f94" name="@runnervmeorf1 2026-04-27 03:00:16" xmlns="http://microsoft.com/schemas/VisualStudio/TeamTest/2010">
  <Times creation="2026-04-27T03:00:16.0087472+00:00" queuing="2026-04-27T03:00:16.0087473+00:00" start="2026-04-27T03:00:15.4139434+00:00" finish="2026-04-27T03:00:16.0154622+00:00" />
  <TestSettings name="default" id="8a341736-8e7e-49b3-b4ff-a1ba95a87be4">
    <Deployment runDeploymentRoot="_runnervmeorf1_2026-04-27_03_00_16" />
  </TestSettings>
  <Results>
    <UnitTestResult executionId="a2af3940-f4ad-40e3-bf6a-53307cec518f" testId="16871a75-76f2-8de3-b59a-d29b6a96b288" testName="TestNoEmptyArrays" computerName="runnervmeorf1" duration="00:00:00.0125722" startTime="2026-04-27T03:00:15.8518671+00:00" endTime="2026-04-27T03:00:15.8814342+00:00" testType="13cdc9d9-ddb5-4fa4-a97d-d965ccfc6d4b" outcome="Passed" testListId="8c84fa94-04c1-424b-9868-57a2d4851a1d" relativeResultsDirectory="a2af3940-f4ad-40e3-bf6a-53307cec518f" />
    <UnitTestResult executionId="bb556f3b-ec94-4614-a59a-dcdc533f9c5c" testId="116eae1f-9144-82c5-aecc-984dcda3184f" testName="TestMultipleFileExtensionsForOneMediaType" computerName="runnervmeorf1" duration="00:00:00.0124548" startTime="2026-04-27T03:00:15.8861078+00:00" endTime="2026-04-27T03:00:15.9021683+00:00" testType="13cdc9d9-ddb5-4fa4-a97d-d965ccfc6d4b" outcome="Passed" testListId="8c84fa94-04c1-424b-9868-57a2d4851a1d" relativeResultsDirectory="bb556f3b-ec94-4614-a59a-dcdc533f9c5c" />
  </Results>
  <TestDefinitions>
    <UnitTest name="TestNoEmptyArrays" storage="/home/runner/work/dotnet-monorepo/dotnet-monorepo/src/artifacts/bin/mediatypes.tests/release_linux-x64/mediatypes.tests.dll" id="16871a75-76f2-8de3-b59a-d29b6a96b288">
      <Execution id="a2af3940-f4ad-40e3-bf6a-53307cec518f" />
      <TestMethod codeBase="/home/runner/work/dotnet-monorepo/dotnet-monorepo/src/artifacts/bin/MediaTypes.Tests/release_linux-x64/MediaTypes.Tests.dll" adapterTypeName="executor://mstestadapter/v4" className="MediaTypes.Tests.MediaTypeFileExtensionsMappingTests" name="TestNoEmptyArrays" />
    </UnitTest>
    <UnitTest name="TestMultipleFileExtensionsForOneMediaType" storage="/home/runner/work/dotnet-monorepo/dotnet-monorepo/src/artifacts/bin/mediatypes.tests/release_linux-x64/mediatypes.tests.dll" id="116eae1f-9144-82c5-aecc-984dcda3184f">
      <Execution id="bb556f3b-ec94-4614-a59a-dcdc533f9c5c" />
      <TestMethod codeBase="/home/runner/work/dotnet-monorepo/dotnet-monorepo/src/artifacts/bin/MediaTypes.Tests/release_linux-x64/MediaTypes.Tests.dll" adapterTypeName="executor://mstestadapter/v4" className="MediaTypes.Tests.MediaTypeFileExtensionsMappingTests" name="TestMultipleFileExtensionsForOneMediaType" />
    </UnitTest>
  </TestDefinitions>
  <TestEntries>
    <TestEntry testId="16871a75-76f2-8de3-b59a-d29b6a96b288" executionId="a2af3940-f4ad-40e3-bf6a-53307cec518f" testListId="8c84fa94-04c1-424b-9868-57a2d4851a1d" />
    <TestEntry testId="116eae1f-9144-82c5-aecc-984dcda3184f" executionId="bb556f3b-ec94-4614-a59a-dcdc533f9c5c" testListId="8c84fa94-04c1-424b-9868-57a2d4851a1d" />
  </TestEntries>
  <TestLists>
    <TestList name="Results Not in a List" id="8c84fa94-04c1-424b-9868-57a2d4851a1d" />
    <TestList name="All Loaded Results" id="19431567-8539-422a-85d7-44ee4e166bda" />
  </TestLists>
  <ResultSummary outcome="Completed">
    <Counters total="2" executed="2" passed="2" failed="0" error="0" timeout="0" aborted="0" inconclusive="0" passedButRunAborted="0" notRunnable="0" notExecuted="0" disconnected="0" warning="0" completed="0" inProgress="0" pending="0" />
    <Output>
      <StdOut>Test Parallelization enabled for /home/runner/work/dotnet-monorepo/dotnet-monorepo/src/artifacts/bin/MediaTypes.Tests/release_linux-x64/MediaTypes.Tests.dll (Workers: 4, Scope: ClassLevel)
</StdOut>
    </Output>
  </ResultSummary>
</TestRun>