<?xml version="1.0" encoding="utf-8"?>
<TestRun id="d26012c3-9a12-4591-a6e4-e48f2b15ee23" name="@fv-az1279-599 2024-12-18 23:43:35" xmlns="http://microsoft.com/schemas/VisualStudio/TeamTest/2010">
  <Times creation="2024-12-18T23:43:35.0366550+00:00" queuing="2024-12-18T23:43:35.0366551+00:00" start="2024-12-18T23:43:34.4594095+00:00" finish="2024-12-18T23:43:35.0418787+00:00" />
  <TestSettings name="default" id="dac867d6-c9c2-4fbb-8d7a-a905e224cc25">
    <Deployment runDeploymentRoot="_fv-az1279-599_2024-12-18_23_43_35" />
  </TestSettings>
  <Results>
    <UnitTestResult executionId="c9c1ec0d-e18b-43b5-b7fc-2b0c4cf23265" testId="f271161e-315a-b78c-a2e8-d1fc41692774" testName="TestMultipleFileExtensionsForOneMediaType" computerName="fv-az1279-599" duration="00:00:00.0109041" startTime="2024-12-18T23:43:34.9089329+00:00" endTime="2024-12-18T23:43:34.9207930+00:00" testType="13cdc9d9-ddb5-4fa4-a97d-d965ccfc6d4b" outcome="Passed" testListId="8c84fa94-04c1-424b-9868-57a2d4851a1d" relativeResultsDirectory="c9c1ec0d-e18b-43b5-b7fc-2b0c4cf23265" />
    <UnitTestResult executionId="0e828a24-0913-4841-b07e-6c30f409f2fd" testId="98bfafe3-2443-202d-87a1-9d2c658ab147" testName="TestNoEmptyArrays" computerName="fv-az1279-599" duration="00:00:00.0077715" startTime="2024-12-18T23:43:34.8794229+00:00" endTime="2024-12-18T23:43:34.9048518+00:00" testType="13cdc9d9-ddb5-4fa4-a97d-d965ccfc6d4b" outcome="Passed" testListId="8c84fa94-04c1-424b-9868-57a2d4851a1d" relativeResultsDirectory="0e828a24-0913-4841-b07e-6c30f409f2fd" />
  </Results>
  <TestDefinitions>
    <UnitTest name="TestNoEmptyArrays" storage="/home/runner/work/dotnet-monorepo/dotnet-monorepo/src/artifacts/bin/mediatypes.tests/release_linux-x64/mediatypes.tests.dll" id="98bfafe3-2443-202d-87a1-9d2c658ab147">
      <Execution id="0e828a24-0913-4841-b07e-6c30f409f2fd" />
      <TestMethod codeBase="/home/runner/work/dotnet-monorepo/dotnet-monorepo/src/artifacts/bin/MediaTypes.Tests/release_linux-x64/MediaTypes.Tests.dll" adapterTypeName="executor://mstestadapter/v2" className="MediaTypes.Tests.MediaTypeFileExtensionsMappingTests" name="TestNoEmptyArrays" />
    </UnitTest>
    <UnitTest name="TestMultipleFileExtensionsForOneMediaType" storage="/home/runner/work/dotnet-monorepo/dotnet-monorepo/src/artifacts/bin/mediatypes.tests/release_linux-x64/mediatypes.tests.dll" id="f271161e-315a-b78c-a2e8-d1fc41692774">
      <Execution id="c9c1ec0d-e18b-43b5-b7fc-2b0c4cf23265" />
      <TestMethod codeBase="/home/runner/work/dotnet-monorepo/dotnet-monorepo/src/artifacts/bin/MediaTypes.Tests/release_linux-x64/MediaTypes.Tests.dll" adapterTypeName="executor://mstestadapter/v2" className="MediaTypes.Tests.MediaTypeFileExtensionsMappingTests" name="TestMultipleFileExtensionsForOneMediaType" />
    </UnitTest>
  </TestDefinitions>
  <TestEntries>
    <TestEntry testId="f271161e-315a-b78c-a2e8-d1fc41692774" executionId="c9c1ec0d-e18b-43b5-b7fc-2b0c4cf23265" testListId="8c84fa94-04c1-424b-9868-57a2d4851a1d" />
    <TestEntry testId="98bfafe3-2443-202d-87a1-9d2c658ab147" executionId="0e828a24-0913-4841-b07e-6c30f409f2fd" testListId="8c84fa94-04c1-424b-9868-57a2d4851a1d" />
  </TestEntries>
  <TestLists>
    <TestList name="Results Not in a List" id="8c84fa94-04c1-424b-9868-57a2d4851a1d" />
    <TestList name="All Loaded Results" id="19431567-8539-422a-85d7-44ee4e166bda" />
  </TestLists>
  <ResultSummary outcome="Completed">
    <Counters total="2" executed="2" passed="2" failed="0" error="0" timeout="0" aborted="0" inconclusive="0" passedButRunAborted="0" notRunnable="0" notExecuted="0" disconnected="0" warning="0" completed="0" inProgress="0" pending="0" />
  </ResultSummary>
</TestRun>