<?xml version="1.0" encoding="utf-8"?>
<TestRun id="3cbfb7f5-c8b1-4d14-a8df-3eb313547708" name="@fv-az1436-30 2025-02-22 13:57:24" xmlns="http://microsoft.com/schemas/VisualStudio/TeamTest/2010">
  <Times creation="2025-02-22T13:57:24.3714026+00:00" queuing="2025-02-22T13:57:24.3714027+00:00" start="2025-02-22T13:57:23.7848376+00:00" finish="2025-02-22T13:57:24.3771877+00:00" />
  <TestSettings name="default" id="71749235-dc35-49e7-ba3b-1f6e39189f8b">
    <Deployment runDeploymentRoot="_fv-az1436-30_2025-02-22_13_57_24" />
  </TestSettings>
  <Results>
    <UnitTestResult executionId="0605f376-22c7-43d6-bd06-0e837ec00d14" testId="98bfafe3-2443-202d-87a1-9d2c658ab147" testName="TestNoEmptyArrays" computerName="fv-az1436-30" duration="00:00:00.0089464" startTime="2025-02-22T13:57:24.2155143+00:00" endTime="2025-02-22T13:57:24.2382307+00:00" testType="13cdc9d9-ddb5-4fa4-a97d-d965ccfc6d4b" outcome="Passed" testListId="8c84fa94-04c1-424b-9868-57a2d4851a1d" relativeResultsDirectory="0605f376-22c7-43d6-bd06-0e837ec00d14" />
    <UnitTestResult executionId="ad58db05-1233-4724-ab2d-9cc49dc9a716" testId="f271161e-315a-b78c-a2e8-d1fc41692774" testName="TestMultipleFileExtensionsForOneMediaType" computerName="fv-az1436-30" duration="00:00:00.0135925" startTime="2025-02-22T13:57:24.2422545+00:00" endTime="2025-02-22T13:57:24.2571874+00:00" testType="13cdc9d9-ddb5-4fa4-a97d-d965ccfc6d4b" outcome="Passed" testListId="8c84fa94-04c1-424b-9868-57a2d4851a1d" relativeResultsDirectory="ad58db05-1233-4724-ab2d-9cc49dc9a716" />
  </Results>
  <TestDefinitions>
    <UnitTest name="TestNoEmptyArrays" storage="/home/runner/work/dotnet-monorepo/dotnet-monorepo/src/artifacts/bin/mediatypes.tests/release_linux-x64/mediatypes.tests.dll" id="98bfafe3-2443-202d-87a1-9d2c658ab147">
      <Execution id="0605f376-22c7-43d6-bd06-0e837ec00d14" />
      <TestMethod codeBase="/home/runner/work/dotnet-monorepo/dotnet-monorepo/src/artifacts/bin/MediaTypes.Tests/release_linux-x64/MediaTypes.Tests.dll" adapterTypeName="executor://mstestadapter/v2" className="MediaTypes.Tests.MediaTypeFileExtensionsMappingTests" name="TestNoEmptyArrays" />
    </UnitTest>
    <UnitTest name="TestMultipleFileExtensionsForOneMediaType" storage="/home/runner/work/dotnet-monorepo/dotnet-monorepo/src/artifacts/bin/mediatypes.tests/release_linux-x64/mediatypes.tests.dll" id="f271161e-315a-b78c-a2e8-d1fc41692774">
      <Execution id="ad58db05-1233-4724-ab2d-9cc49dc9a716" />
      <TestMethod codeBase="/home/runner/work/dotnet-monorepo/dotnet-monorepo/src/artifacts/bin/MediaTypes.Tests/release_linux-x64/MediaTypes.Tests.dll" adapterTypeName="executor://mstestadapter/v2" className="MediaTypes.Tests.MediaTypeFileExtensionsMappingTests" name="TestMultipleFileExtensionsForOneMediaType" />
    </UnitTest>
  </TestDefinitions>
  <TestEntries>
    <TestEntry testId="98bfafe3-2443-202d-87a1-9d2c658ab147" executionId="0605f376-22c7-43d6-bd06-0e837ec00d14" testListId="8c84fa94-04c1-424b-9868-57a2d4851a1d" />
    <TestEntry testId="f271161e-315a-b78c-a2e8-d1fc41692774" executionId="ad58db05-1233-4724-ab2d-9cc49dc9a716" testListId="8c84fa94-04c1-424b-9868-57a2d4851a1d" />
  </TestEntries>
  <TestLists>
    <TestList name="Results Not in a List" id="8c84fa94-04c1-424b-9868-57a2d4851a1d" />
    <TestList name="All Loaded Results" id="19431567-8539-422a-85d7-44ee4e166bda" />
  </TestLists>
  <ResultSummary outcome="Completed">
    <Counters total="2" executed="2" passed="2" failed="0" error="0" timeout="0" aborted="0" inconclusive="0" passedButRunAborted="0" notRunnable="0" notExecuted="0" disconnected="0" warning="0" completed="0" inProgress="0" pending="0" />
  </ResultSummary>
</TestRun>