<?xml version="1.0" encoding="utf-8"?>
<TestRun id="3b834f5a-f77a-4670-97bd-cd6c13c3275a" name="runneradmin@runnervmybtk3 2026-01-09 12:50:12" runUser="runnervmybtk3\runneradmin" xmlns="http://microsoft.com/schemas/VisualStudio/TeamTest/2010">
  <Times creation="2026-01-09T12:50:12.3246889+00:00" queuing="2026-01-09T12:50:12.3246893+00:00" start="2026-01-09T12:50:11.6441679+00:00" finish="2026-01-09T12:50:12.3301437+00:00" />
  <TestSettings name="default" id="a601e8cd-3e7c-49a9-be32-7b017fe475c6">
    <Deployment runDeploymentRoot="runneradmin_runnervmybtk3_2026-01-09_12_50_12" />
  </TestSettings>
  <Results>
    <UnitTestResult executionId="7e20289b-ff62-454f-9e81-72898aac9740" testId="116eae1f-9144-82c5-aecc-984dcda3184f" testName="TestMultipleFileExtensionsForOneMediaType" computerName="runnervmybtk3" duration="00:00:00.0116857" startTime="2026-01-09T12:50:12.2005427+00:00" endTime="2026-01-09T12:50:12.2136822+00:00" testType="13cdc9d9-ddb5-4fa4-a97d-d965ccfc6d4b" outcome="Passed" testListId="8c84fa94-04c1-424b-9868-57a2d4851a1d" relativeResultsDirectory="7e20289b-ff62-454f-9e81-72898aac9740" />
    <UnitTestResult executionId="1c0a2739-f991-46c3-aa9f-fef03ca8fead" testId="16871a75-76f2-8de3-b59a-d29b6a96b288" testName="TestNoEmptyArrays" computerName="runnervmybtk3" duration="00:00:00.0119005" startTime="2026-01-09T12:50:12.1662756+00:00" endTime="2026-01-09T12:50:12.1957602+00:00" testType="13cdc9d9-ddb5-4fa4-a97d-d965ccfc6d4b" outcome="Passed" testListId="8c84fa94-04c1-424b-9868-57a2d4851a1d" relativeResultsDirectory="1c0a2739-f991-46c3-aa9f-fef03ca8fead" />
  </Results>
  <TestDefinitions>
    <UnitTest name="TestNoEmptyArrays" storage="d:\a\dotnet-monorepo\dotnet-monorepo\src\artifacts\bin\mediatypes.tests\release_win-x64\mediatypes.tests.dll" id="16871a75-76f2-8de3-b59a-d29b6a96b288">
      <Execution id="1c0a2739-f991-46c3-aa9f-fef03ca8fead" />
      <TestMethod codeBase="D:\a\dotnet-monorepo\dotnet-monorepo\src\artifacts\bin\MediaTypes.Tests\release_win-x64\MediaTypes.Tests.dll" adapterTypeName="executor://mstestadapter/v4" className="MediaTypes.Tests.MediaTypeFileExtensionsMappingTests" name="TestNoEmptyArrays" />
    </UnitTest>
    <UnitTest name="TestMultipleFileExtensionsForOneMediaType" storage="d:\a\dotnet-monorepo\dotnet-monorepo\src\artifacts\bin\mediatypes.tests\release_win-x64\mediatypes.tests.dll" id="116eae1f-9144-82c5-aecc-984dcda3184f">
      <Execution id="7e20289b-ff62-454f-9e81-72898aac9740" />
      <TestMethod codeBase="D:\a\dotnet-monorepo\dotnet-monorepo\src\artifacts\bin\MediaTypes.Tests\release_win-x64\MediaTypes.Tests.dll" adapterTypeName="executor://mstestadapter/v4" className="MediaTypes.Tests.MediaTypeFileExtensionsMappingTests" name="TestMultipleFileExtensionsForOneMediaType" />
    </UnitTest>
  </TestDefinitions>
  <TestEntries>
    <TestEntry testId="116eae1f-9144-82c5-aecc-984dcda3184f" executionId="7e20289b-ff62-454f-9e81-72898aac9740" testListId="8c84fa94-04c1-424b-9868-57a2d4851a1d" />
    <TestEntry testId="16871a75-76f2-8de3-b59a-d29b6a96b288" executionId="1c0a2739-f991-46c3-aa9f-fef03ca8fead" testListId="8c84fa94-04c1-424b-9868-57a2d4851a1d" />
  </TestEntries>
  <TestLists>
    <TestList name="Results Not in a List" id="8c84fa94-04c1-424b-9868-57a2d4851a1d" />
    <TestList name="All Loaded Results" id="19431567-8539-422a-85d7-44ee4e166bda" />
  </TestLists>
  <ResultSummary outcome="Completed">
    <Counters total="2" executed="2" passed="2" failed="0" error="0" timeout="0" aborted="0" inconclusive="0" passedButRunAborted="0" notRunnable="0" notExecuted="0" disconnected="0" warning="0" completed="0" inProgress="0" pending="0" />
    <Output>
      <StdOut>Test Parallelization enabled for D:\a\dotnet-monorepo\dotnet-monorepo\src\artifacts\bin\MediaTypes.Tests\release_win-x64\MediaTypes.Tests.dll (Workers: 4, Scope: ClassLevel)&#xD;
</StdOut>
    </Output>
  </ResultSummary>
</TestRun>