<?xml version="1.0" encoding="utf-8"?>
<TestRun id="0702a9d0-f7d4-45ad-905c-3af0b9de63ae" name="@runnervmmklqx 2026-06-29 21:36:00" xmlns="http://microsoft.com/schemas/VisualStudio/TeamTest/2010">
  <Times creation="2026-06-29T21:36:00.8719292+00:00" queuing="2026-06-29T21:36:00.8719293+00:00" start="2026-06-29T21:36:00.2775347+00:00" finish="2026-06-29T21:36:00.8774994+00:00" />
  <TestSettings name="default" id="11d8f6c4-e6ab-4584-9f55-fa930bc95d92">
    <Deployment runDeploymentRoot="_runnervmmklqx_2026-06-29_21_36_00" />
  </TestSettings>
  <Results>
    <UnitTestResult executionId="e06a6b9b-d7c7-42a8-96ef-1dc561c0221a" testId="116eae1f-9144-82c5-aecc-984dcda3184f" testName="TestMultipleFileExtensionsForOneMediaType" computerName="runnervmmklqx" duration="00:00:00.0125341" startTime="2026-06-29T21:36:00.7506907+00:00" endTime="2026-06-29T21:36:00.7667049+00:00" testType="13cdc9d9-ddb5-4fa4-a97d-d965ccfc6d4b" outcome="Passed" testListId="8c84fa94-04c1-424b-9868-57a2d4851a1d" relativeResultsDirectory="e06a6b9b-d7c7-42a8-96ef-1dc561c0221a" />
    <UnitTestResult executionId="b2f8480c-48e3-4c61-9551-7e34cb97ace2" testId="16871a75-76f2-8de3-b59a-d29b6a96b288" testName="TestNoEmptyArrays" computerName="runnervmmklqx" duration="00:00:00.0125011" startTime="2026-06-29T21:36:00.7166660+00:00" endTime="2026-06-29T21:36:00.7460378+00:00" testType="13cdc9d9-ddb5-4fa4-a97d-d965ccfc6d4b" outcome="Passed" testListId="8c84fa94-04c1-424b-9868-57a2d4851a1d" relativeResultsDirectory="b2f8480c-48e3-4c61-9551-7e34cb97ace2" />
  </Results>
  <TestDefinitions>
    <UnitTest name="TestNoEmptyArrays" storage="/home/runner/work/dotnet-monorepo/dotnet-monorepo/src/artifacts/bin/mediatypes.tests/release_linux-x64/mediatypes.tests.dll" id="16871a75-76f2-8de3-b59a-d29b6a96b288">
      <Execution id="b2f8480c-48e3-4c61-9551-7e34cb97ace2" />
      <TestMethod codeBase="/home/runner/work/dotnet-monorepo/dotnet-monorepo/src/artifacts/bin/MediaTypes.Tests/release_linux-x64/MediaTypes.Tests.dll" adapterTypeName="executor://mstestadapter/v4" className="MediaTypes.Tests.MediaTypeFileExtensionsMappingTests" name="TestNoEmptyArrays" />
    </UnitTest>
    <UnitTest name="TestMultipleFileExtensionsForOneMediaType" storage="/home/runner/work/dotnet-monorepo/dotnet-monorepo/src/artifacts/bin/mediatypes.tests/release_linux-x64/mediatypes.tests.dll" id="116eae1f-9144-82c5-aecc-984dcda3184f">
      <Execution id="e06a6b9b-d7c7-42a8-96ef-1dc561c0221a" />
      <TestMethod codeBase="/home/runner/work/dotnet-monorepo/dotnet-monorepo/src/artifacts/bin/MediaTypes.Tests/release_linux-x64/MediaTypes.Tests.dll" adapterTypeName="executor://mstestadapter/v4" className="MediaTypes.Tests.MediaTypeFileExtensionsMappingTests" name="TestMultipleFileExtensionsForOneMediaType" />
    </UnitTest>
  </TestDefinitions>
  <TestEntries>
    <TestEntry testId="116eae1f-9144-82c5-aecc-984dcda3184f" executionId="e06a6b9b-d7c7-42a8-96ef-1dc561c0221a" testListId="8c84fa94-04c1-424b-9868-57a2d4851a1d" />
    <TestEntry testId="16871a75-76f2-8de3-b59a-d29b6a96b288" executionId="b2f8480c-48e3-4c61-9551-7e34cb97ace2" testListId="8c84fa94-04c1-424b-9868-57a2d4851a1d" />
  </TestEntries>
  <TestLists>
    <TestList name="Results Not in a List" id="8c84fa94-04c1-424b-9868-57a2d4851a1d" />
    <TestList name="All Loaded Results" id="19431567-8539-422a-85d7-44ee4e166bda" />
  </TestLists>
  <ResultSummary outcome="Completed">
    <Counters total="2" executed="2" passed="2" failed="0" error="0" timeout="0" aborted="0" inconclusive="0" passedButRunAborted="0" notRunnable="0" notExecuted="0" disconnected="0" warning="0" completed="0" inProgress="0" pending="0" />
    <Output>
      <StdOut>Test Parallelization enabled for /home/runner/work/dotnet-monorepo/dotnet-monorepo/src/artifacts/bin/MediaTypes.Tests/release_linux-x64/MediaTypes.Tests.dll (Workers: 4, Scope: ClassLevel)
</StdOut>
    </Output>
  </ResultSummary>
</TestRun>