<?xml version="1.0" encoding="utf-8"?>
<TestRun id="b00dd759-7621-4aaa-aa6c-61dce6ca3d41" name="@runnervmf4ws1 2025-09-14 11:52:47" xmlns="http://microsoft.com/schemas/VisualStudio/TeamTest/2010">
  <Times creation="2025-09-14T11:52:47.7916211+00:00" queuing="2025-09-14T11:52:47.7916212+00:00" start="2025-09-14T11:52:47.2015700+00:00" finish="2025-09-14T11:52:47.7979552+00:00" />
  <TestSettings name="default" id="e8492806-08ca-4619-9c6b-8a83e84a77c4">
    <Deployment runDeploymentRoot="_runnervmf4ws1_2025-09-14_11_52_47" />
  </TestSettings>
  <Results>
    <UnitTestResult executionId="09057540-a8b1-4e61-a71a-2f9e9b9de3b7" testId="f271161e-315a-b78c-a2e8-d1fc41692774" testName="TestMultipleFileExtensionsForOneMediaType" computerName="runnervmf4ws1" duration="00:00:00.0113312" startTime="2025-09-14T11:52:47.6618649+00:00" endTime="2025-09-14T11:52:47.6748907+00:00" testType="13cdc9d9-ddb5-4fa4-a97d-d965ccfc6d4b" outcome="Passed" testListId="8c84fa94-04c1-424b-9868-57a2d4851a1d" relativeResultsDirectory="09057540-a8b1-4e61-a71a-2f9e9b9de3b7" />
    <UnitTestResult executionId="8bcb8580-7101-4e46-8673-554de362f7fa" testId="98bfafe3-2443-202d-87a1-9d2c658ab147" testName="TestNoEmptyArrays" computerName="runnervmf4ws1" duration="00:00:00.0105625" startTime="2025-09-14T11:52:47.6323020+00:00" endTime="2025-09-14T11:52:47.6577926+00:00" testType="13cdc9d9-ddb5-4fa4-a97d-d965ccfc6d4b" outcome="Passed" testListId="8c84fa94-04c1-424b-9868-57a2d4851a1d" relativeResultsDirectory="8bcb8580-7101-4e46-8673-554de362f7fa" />
  </Results>
  <TestDefinitions>
    <UnitTest name="TestNoEmptyArrays" storage="/home/runner/work/dotnet-monorepo/dotnet-monorepo/src/artifacts/bin/mediatypes.tests/release_linux-x64/mediatypes.tests.dll" id="98bfafe3-2443-202d-87a1-9d2c658ab147">
      <Execution id="8bcb8580-7101-4e46-8673-554de362f7fa" />
      <TestMethod codeBase="/home/runner/work/dotnet-monorepo/dotnet-monorepo/src/artifacts/bin/MediaTypes.Tests/release_linux-x64/MediaTypes.Tests.dll" adapterTypeName="executor://mstestadapter/v2" className="MediaTypes.Tests.MediaTypeFileExtensionsMappingTests" name="TestNoEmptyArrays" />
    </UnitTest>
    <UnitTest name="TestMultipleFileExtensionsForOneMediaType" storage="/home/runner/work/dotnet-monorepo/dotnet-monorepo/src/artifacts/bin/mediatypes.tests/release_linux-x64/mediatypes.tests.dll" id="f271161e-315a-b78c-a2e8-d1fc41692774">
      <Execution id="09057540-a8b1-4e61-a71a-2f9e9b9de3b7" />
      <TestMethod codeBase="/home/runner/work/dotnet-monorepo/dotnet-monorepo/src/artifacts/bin/MediaTypes.Tests/release_linux-x64/MediaTypes.Tests.dll" adapterTypeName="executor://mstestadapter/v2" className="MediaTypes.Tests.MediaTypeFileExtensionsMappingTests" name="TestMultipleFileExtensionsForOneMediaType" />
    </UnitTest>
  </TestDefinitions>
  <TestEntries>
    <TestEntry testId="f271161e-315a-b78c-a2e8-d1fc41692774" executionId="09057540-a8b1-4e61-a71a-2f9e9b9de3b7" testListId="8c84fa94-04c1-424b-9868-57a2d4851a1d" />
    <TestEntry testId="98bfafe3-2443-202d-87a1-9d2c658ab147" executionId="8bcb8580-7101-4e46-8673-554de362f7fa" testListId="8c84fa94-04c1-424b-9868-57a2d4851a1d" />
  </TestEntries>
  <TestLists>
    <TestList name="Results Not in a List" id="8c84fa94-04c1-424b-9868-57a2d4851a1d" />
    <TestList name="All Loaded Results" id="19431567-8539-422a-85d7-44ee4e166bda" />
  </TestLists>
  <ResultSummary outcome="Completed">
    <Counters total="2" executed="2" passed="2" failed="0" error="0" timeout="0" aborted="0" inconclusive="0" passedButRunAborted="0" notRunnable="0" notExecuted="0" disconnected="0" warning="0" completed="0" inProgress="0" pending="0" />
  </ResultSummary>
</TestRun>