<?xml version="1.0" encoding="utf-8"?>
<TestRun id="6e20f08f-315e-4409-a71d-c0b820be7181" name="runneradmin@runnervmifolv 2025-09-14 11:55:08" runUser="runnervmifolv\runneradmin" xmlns="http://microsoft.com/schemas/VisualStudio/TeamTest/2010">
  <Times creation="2025-09-14T11:55:08.7512221+00:00" queuing="2025-09-14T11:55:08.7512222+00:00" start="2025-09-14T11:55:08.1422520+00:00" finish="2025-09-14T11:55:08.7562658+00:00" />
  <TestSettings name="default" id="6c120d8b-1702-431d-9f17-8f2925799968">
    <Deployment runDeploymentRoot="runneradmin_runnervmifolv_2025-09-14_11_55_08" />
  </TestSettings>
  <Results>
    <UnitTestResult executionId="59710ca8-0c3b-43aa-80e1-2c2ba1608d68" testId="f271161e-315a-b78c-a2e8-d1fc41692774" testName="TestMultipleFileExtensionsForOneMediaType" computerName="runnervmifolv" duration="00:00:00.0112522" startTime="2025-09-14T11:55:08.6285782+00:00" endTime="2025-09-14T11:55:08.6415678+00:00" testType="13cdc9d9-ddb5-4fa4-a97d-d965ccfc6d4b" outcome="Passed" testListId="8c84fa94-04c1-424b-9868-57a2d4851a1d" relativeResultsDirectory="59710ca8-0c3b-43aa-80e1-2c2ba1608d68" />
    <UnitTestResult executionId="0e15884f-3f3b-4d4c-bd2b-c5f51750b239" testId="98bfafe3-2443-202d-87a1-9d2c658ab147" testName="TestNoEmptyArrays" computerName="runnervmifolv" duration="00:00:00.0106639" startTime="2025-09-14T11:55:08.5986533+00:00" endTime="2025-09-14T11:55:08.6246892+00:00" testType="13cdc9d9-ddb5-4fa4-a97d-d965ccfc6d4b" outcome="Passed" testListId="8c84fa94-04c1-424b-9868-57a2d4851a1d" relativeResultsDirectory="0e15884f-3f3b-4d4c-bd2b-c5f51750b239" />
  </Results>
  <TestDefinitions>
    <UnitTest name="TestNoEmptyArrays" storage="d:\a\dotnet-monorepo\dotnet-monorepo\src\artifacts\bin\mediatypes.tests\release_win-x64\mediatypes.tests.dll" id="98bfafe3-2443-202d-87a1-9d2c658ab147">
      <Execution id="0e15884f-3f3b-4d4c-bd2b-c5f51750b239" />
      <TestMethod codeBase="D:\a\dotnet-monorepo\dotnet-monorepo\src\artifacts\bin\MediaTypes.Tests\release_win-x64\MediaTypes.Tests.dll" adapterTypeName="executor://mstestadapter/v2" className="MediaTypes.Tests.MediaTypeFileExtensionsMappingTests" name="TestNoEmptyArrays" />
    </UnitTest>
    <UnitTest name="TestMultipleFileExtensionsForOneMediaType" storage="d:\a\dotnet-monorepo\dotnet-monorepo\src\artifacts\bin\mediatypes.tests\release_win-x64\mediatypes.tests.dll" id="f271161e-315a-b78c-a2e8-d1fc41692774">
      <Execution id="59710ca8-0c3b-43aa-80e1-2c2ba1608d68" />
      <TestMethod codeBase="D:\a\dotnet-monorepo\dotnet-monorepo\src\artifacts\bin\MediaTypes.Tests\release_win-x64\MediaTypes.Tests.dll" adapterTypeName="executor://mstestadapter/v2" className="MediaTypes.Tests.MediaTypeFileExtensionsMappingTests" name="TestMultipleFileExtensionsForOneMediaType" />
    </UnitTest>
  </TestDefinitions>
  <TestEntries>
    <TestEntry testId="f271161e-315a-b78c-a2e8-d1fc41692774" executionId="59710ca8-0c3b-43aa-80e1-2c2ba1608d68" testListId="8c84fa94-04c1-424b-9868-57a2d4851a1d" />
    <TestEntry testId="98bfafe3-2443-202d-87a1-9d2c658ab147" executionId="0e15884f-3f3b-4d4c-bd2b-c5f51750b239" testListId="8c84fa94-04c1-424b-9868-57a2d4851a1d" />
  </TestEntries>
  <TestLists>
    <TestList name="Results Not in a List" id="8c84fa94-04c1-424b-9868-57a2d4851a1d" />
    <TestList name="All Loaded Results" id="19431567-8539-422a-85d7-44ee4e166bda" />
  </TestLists>
  <ResultSummary outcome="Completed">
    <Counters total="2" executed="2" passed="2" failed="0" error="0" timeout="0" aborted="0" inconclusive="0" passedButRunAborted="0" notRunnable="0" notExecuted="0" disconnected="0" warning="0" completed="0" inProgress="0" pending="0" />
  </ResultSummary>
</TestRun>