<?xml version="1.0" encoding="utf-8"?>
<TestRun id="e08c49f0-3169-45b8-a18e-58a558510708" name="runneradmin@runnervmxfv8o 2026-01-25 21:39:45" runUser="runnervmxfv8o\runneradmin" xmlns="http://microsoft.com/schemas/VisualStudio/TeamTest/2010">
  <Times creation="2026-01-25T21:39:45.0239119+00:00" queuing="2026-01-25T21:39:45.0239121+00:00" start="2026-01-25T21:39:44.3881889+00:00" finish="2026-01-25T21:39:45.0292061+00:00" />
  <TestSettings name="default" id="cf4e7f78-096a-4349-b024-7c94571e9d44">
    <Deployment runDeploymentRoot="runneradmin_runnervmxfv8o_2026-01-25_21_39_45" />
  </TestSettings>
  <Results>
    <UnitTestResult executionId="c7a0057f-59b6-4f74-82ff-5bb0ab848849" testId="16871a75-76f2-8de3-b59a-d29b6a96b288" testName="TestNoEmptyArrays" computerName="runnervmxfv8o" duration="00:00:00.0123627" startTime="2026-01-25T21:39:44.8695703+00:00" endTime="2026-01-25T21:39:44.8998590+00:00" testType="13cdc9d9-ddb5-4fa4-a97d-d965ccfc6d4b" outcome="Passed" testListId="8c84fa94-04c1-424b-9868-57a2d4851a1d" relativeResultsDirectory="c7a0057f-59b6-4f74-82ff-5bb0ab848849" />
    <UnitTestResult executionId="31a4dbc4-d8d9-401a-9d5f-365715b9ad87" testId="116eae1f-9144-82c5-aecc-984dcda3184f" testName="TestMultipleFileExtensionsForOneMediaType" computerName="runnervmxfv8o" duration="00:00:00.0125685" startTime="2026-01-25T21:39:44.9046331+00:00" endTime="2026-01-25T21:39:44.9186823+00:00" testType="13cdc9d9-ddb5-4fa4-a97d-d965ccfc6d4b" outcome="Passed" testListId="8c84fa94-04c1-424b-9868-57a2d4851a1d" relativeResultsDirectory="31a4dbc4-d8d9-401a-9d5f-365715b9ad87" />
  </Results>
  <TestDefinitions>
    <UnitTest name="TestNoEmptyArrays" storage="d:\a\dotnet-monorepo\dotnet-monorepo\src\artifacts\bin\mediatypes.tests\release_win-x64\mediatypes.tests.dll" id="16871a75-76f2-8de3-b59a-d29b6a96b288">
      <Execution id="c7a0057f-59b6-4f74-82ff-5bb0ab848849" />
      <TestMethod codeBase="D:\a\dotnet-monorepo\dotnet-monorepo\src\artifacts\bin\MediaTypes.Tests\release_win-x64\MediaTypes.Tests.dll" adapterTypeName="executor://mstestadapter/v4" className="MediaTypes.Tests.MediaTypeFileExtensionsMappingTests" name="TestNoEmptyArrays" />
    </UnitTest>
    <UnitTest name="TestMultipleFileExtensionsForOneMediaType" storage="d:\a\dotnet-monorepo\dotnet-monorepo\src\artifacts\bin\mediatypes.tests\release_win-x64\mediatypes.tests.dll" id="116eae1f-9144-82c5-aecc-984dcda3184f">
      <Execution id="31a4dbc4-d8d9-401a-9d5f-365715b9ad87" />
      <TestMethod codeBase="D:\a\dotnet-monorepo\dotnet-monorepo\src\artifacts\bin\MediaTypes.Tests\release_win-x64\MediaTypes.Tests.dll" adapterTypeName="executor://mstestadapter/v4" className="MediaTypes.Tests.MediaTypeFileExtensionsMappingTests" name="TestMultipleFileExtensionsForOneMediaType" />
    </UnitTest>
  </TestDefinitions>
  <TestEntries>
    <TestEntry testId="16871a75-76f2-8de3-b59a-d29b6a96b288" executionId="c7a0057f-59b6-4f74-82ff-5bb0ab848849" testListId="8c84fa94-04c1-424b-9868-57a2d4851a1d" />
    <TestEntry testId="116eae1f-9144-82c5-aecc-984dcda3184f" executionId="31a4dbc4-d8d9-401a-9d5f-365715b9ad87" testListId="8c84fa94-04c1-424b-9868-57a2d4851a1d" />
  </TestEntries>
  <TestLists>
    <TestList name="Results Not in a List" id="8c84fa94-04c1-424b-9868-57a2d4851a1d" />
    <TestList name="All Loaded Results" id="19431567-8539-422a-85d7-44ee4e166bda" />
  </TestLists>
  <ResultSummary outcome="Completed">
    <Counters total="2" executed="2" passed="2" failed="0" error="0" timeout="0" aborted="0" inconclusive="0" passedButRunAborted="0" notRunnable="0" notExecuted="0" disconnected="0" warning="0" completed="0" inProgress="0" pending="0" />
    <Output>
      <StdOut>Test Parallelization enabled for D:\a\dotnet-monorepo\dotnet-monorepo\src\artifacts\bin\MediaTypes.Tests\release_win-x64\MediaTypes.Tests.dll (Workers: 4, Scope: ClassLevel)&#xD;
</StdOut>
    </Output>
  </ResultSummary>
</TestRun>