<?xml version="1.0" encoding="utf-8"?>
<TestRun id="45d8b1c6-0b39-4230-abf1-e6825bd15e5a" name="runneradmin@runnervmvmocb 2026-09-25 12:03:17" runUser="runnervmvmocb\runneradmin" xmlns="http://microsoft.com/schemas/VisualStudio/TeamTest/2010">
  <Times creation="2026-09-25T12:03:17.7652676+00:00" queuing="2026-09-25T12:03:17.7652678+00:00" start="2026-09-25T12:03:16.6117849+00:00" finish="2026-09-25T12:03:17.7719046+00:00" />
  <TestSettings name="default" id="04c70769-c0b7-4b86-b875-7ea3dd4a8d07">
    <Deployment runDeploymentRoot="runneradmin_runnervmvmocb_2026-09-25_12_03_17" />
  </TestSettings>
  <Results>
    <UnitTestResult executionId="bb1a6ad0-d4e4-4aeb-9a94-763dd0761c47" testId="16871a75-76f2-8de3-b59a-d29b6a96b288" testName="TestNoEmptyArrays" computerName="runnervmvmocb" duration="00:00:00.0177692" startTime="2026-09-25T12:03:17.5753932+00:00" endTime="2026-09-25T12:03:17.6174633+00:00" testType="13cdc9d9-ddb5-4fa4-a97d-d965ccfc6d4b" outcome="Passed" testListId="8c84fa94-04c1-424b-9868-57a2d4851a1d" relativeResultsDirectory="bb1a6ad0-d4e4-4aeb-9a94-763dd0761c47" />
    <UnitTestResult executionId="d21b0f76-7515-40f2-8b10-7f6811b4bafd" testId="116eae1f-9144-82c5-aecc-984dcda3184f" testName="TestMultipleFileExtensionsForOneMediaType" computerName="runnervmvmocb" duration="00:00:00.0169886" startTime="2026-09-25T12:03:17.6239345+00:00" endTime="2026-09-25T12:03:17.6456022+00:00" testType="13cdc9d9-ddb5-4fa4-a97d-d965ccfc6d4b" outcome="Passed" testListId="8c84fa94-04c1-424b-9868-57a2d4851a1d" relativeResultsDirectory="d21b0f76-7515-40f2-8b10-7f6811b4bafd" />
  </Results>
  <TestDefinitions>
    <UnitTest name="TestNoEmptyArrays" storage="d:\a\dotnet-monorepo\dotnet-monorepo\src\artifacts\bin\mediatypes.tests\release_win-x64\mediatypes.tests.dll" id="16871a75-76f2-8de3-b59a-d29b6a96b288">
      <Execution id="bb1a6ad0-d4e4-4aeb-9a94-763dd0761c47" />
      <TestMethod codeBase="D:\a\dotnet-monorepo\dotnet-monorepo\src\artifacts\bin\MediaTypes.Tests\release_win-x64\MediaTypes.Tests.dll" adapterTypeName="executor://mstestadapter/v4" className="MediaTypes.Tests.MediaTypeFileExtensionsMappingTests" name="TestNoEmptyArrays" />
    </UnitTest>
    <UnitTest name="TestMultipleFileExtensionsForOneMediaType" storage="d:\a\dotnet-monorepo\dotnet-monorepo\src\artifacts\bin\mediatypes.tests\release_win-x64\mediatypes.tests.dll" id="116eae1f-9144-82c5-aecc-984dcda3184f">
      <Execution id="d21b0f76-7515-40f2-8b10-7f6811b4bafd" />
      <TestMethod codeBase="D:\a\dotnet-monorepo\dotnet-monorepo\src\artifacts\bin\MediaTypes.Tests\release_win-x64\MediaTypes.Tests.dll" adapterTypeName="executor://mstestadapter/v4" className="MediaTypes.Tests.MediaTypeFileExtensionsMappingTests" name="TestMultipleFileExtensionsForOneMediaType" />
    </UnitTest>
  </TestDefinitions>
  <TestEntries>
    <TestEntry testId="16871a75-76f2-8de3-b59a-d29b6a96b288" executionId="bb1a6ad0-d4e4-4aeb-9a94-763dd0761c47" testListId="8c84fa94-04c1-424b-9868-57a2d4851a1d" />
    <TestEntry testId="116eae1f-9144-82c5-aecc-984dcda3184f" executionId="d21b0f76-7515-40f2-8b10-7f6811b4bafd" testListId="8c84fa94-04c1-424b-9868-57a2d4851a1d" />
  </TestEntries>
  <TestLists>
    <TestList name="Results Not in a List" id="8c84fa94-04c1-424b-9868-57a2d4851a1d" />
    <TestList name="All Loaded Results" id="19431567-8539-422a-85d7-44ee4e166bda" />
  </TestLists>
  <ResultSummary outcome="Completed">
    <Counters total="2" executed="2" passed="2" failed="0" error="0" timeout="0" aborted="0" inconclusive="0" passedButRunAborted="0" notRunnable="0" notExecuted="0" disconnected="0" warning="0" completed="0" inProgress="0" pending="0" />
    <Output>
      <StdOut>Test Parallelization enabled for D:\a\dotnet-monorepo\dotnet-monorepo\src\artifacts\bin\MediaTypes.Tests\release_win-x64\MediaTypes.Tests.dll (Workers: 4, Scope: ClassLevel)&#xD;
</StdOut>
    </Output>
  </ResultSummary>
</TestRun>