<?xml version="1.0" encoding="utf-8"?>
<TestRun id="9b09ce61-852e-4d58-b024-0de4909e45b6" name="runneradmin@runnervmybtk3 2026-01-15 13:50:37" runUser="runnervmybtk3\runneradmin" xmlns="http://microsoft.com/schemas/VisualStudio/TeamTest/2010">
  <Times creation="2026-01-15T13:50:37.3856294+00:00" queuing="2026-01-15T13:50:37.3856295+00:00" start="2026-01-15T13:50:36.7612081+00:00" finish="2026-01-15T13:50:37.3909423+00:00" />
  <TestSettings name="default" id="bd02e3f4-eda0-4007-bfbf-6ee388411356">
    <Deployment runDeploymentRoot="runneradmin_runnervmybtk3_2026-01-15_13_50_37" />
  </TestSettings>
  <Results>
    <UnitTestResult executionId="5d5302e5-37c8-491d-b4ff-c5c574a869cd" testId="116eae1f-9144-82c5-aecc-984dcda3184f" testName="TestMultipleFileExtensionsForOneMediaType" computerName="runnervmybtk3" duration="00:00:00.0120093" startTime="2026-01-15T13:50:37.2693040+00:00" endTime="2026-01-15T13:50:37.2827770+00:00" testType="13cdc9d9-ddb5-4fa4-a97d-d965ccfc6d4b" outcome="Passed" testListId="8c84fa94-04c1-424b-9868-57a2d4851a1d" relativeResultsDirectory="5d5302e5-37c8-491d-b4ff-c5c574a869cd" />
    <UnitTestResult executionId="a9b167c0-2398-4f43-91aa-d1331487e656" testId="16871a75-76f2-8de3-b59a-d29b6a96b288" testName="TestNoEmptyArrays" computerName="runnervmybtk3" duration="00:00:00.0118759" startTime="2026-01-15T13:50:37.2354231+00:00" endTime="2026-01-15T13:50:37.2646579+00:00" testType="13cdc9d9-ddb5-4fa4-a97d-d965ccfc6d4b" outcome="Passed" testListId="8c84fa94-04c1-424b-9868-57a2d4851a1d" relativeResultsDirectory="a9b167c0-2398-4f43-91aa-d1331487e656" />
  </Results>
  <TestDefinitions>
    <UnitTest name="TestNoEmptyArrays" storage="d:\a\dotnet-monorepo\dotnet-monorepo\src\artifacts\bin\mediatypes.tests\release_win-x64\mediatypes.tests.dll" id="16871a75-76f2-8de3-b59a-d29b6a96b288">
      <Execution id="a9b167c0-2398-4f43-91aa-d1331487e656" />
      <TestMethod codeBase="D:\a\dotnet-monorepo\dotnet-monorepo\src\artifacts\bin\MediaTypes.Tests\release_win-x64\MediaTypes.Tests.dll" adapterTypeName="executor://mstestadapter/v4" className="MediaTypes.Tests.MediaTypeFileExtensionsMappingTests" name="TestNoEmptyArrays" />
    </UnitTest>
    <UnitTest name="TestMultipleFileExtensionsForOneMediaType" storage="d:\a\dotnet-monorepo\dotnet-monorepo\src\artifacts\bin\mediatypes.tests\release_win-x64\mediatypes.tests.dll" id="116eae1f-9144-82c5-aecc-984dcda3184f">
      <Execution id="5d5302e5-37c8-491d-b4ff-c5c574a869cd" />
      <TestMethod codeBase="D:\a\dotnet-monorepo\dotnet-monorepo\src\artifacts\bin\MediaTypes.Tests\release_win-x64\MediaTypes.Tests.dll" adapterTypeName="executor://mstestadapter/v4" className="MediaTypes.Tests.MediaTypeFileExtensionsMappingTests" name="TestMultipleFileExtensionsForOneMediaType" />
    </UnitTest>
  </TestDefinitions>
  <TestEntries>
    <TestEntry testId="116eae1f-9144-82c5-aecc-984dcda3184f" executionId="5d5302e5-37c8-491d-b4ff-c5c574a869cd" testListId="8c84fa94-04c1-424b-9868-57a2d4851a1d" />
    <TestEntry testId="16871a75-76f2-8de3-b59a-d29b6a96b288" executionId="a9b167c0-2398-4f43-91aa-d1331487e656" testListId="8c84fa94-04c1-424b-9868-57a2d4851a1d" />
  </TestEntries>
  <TestLists>
    <TestList name="Results Not in a List" id="8c84fa94-04c1-424b-9868-57a2d4851a1d" />
    <TestList name="All Loaded Results" id="19431567-8539-422a-85d7-44ee4e166bda" />
  </TestLists>
  <ResultSummary outcome="Completed">
    <Counters total="2" executed="2" passed="2" failed="0" error="0" timeout="0" aborted="0" inconclusive="0" passedButRunAborted="0" notRunnable="0" notExecuted="0" disconnected="0" warning="0" completed="0" inProgress="0" pending="0" />
    <Output>
      <StdOut>Test Parallelization enabled for D:\a\dotnet-monorepo\dotnet-monorepo\src\artifacts\bin\MediaTypes.Tests\release_win-x64\MediaTypes.Tests.dll (Workers: 4, Scope: ClassLevel)&#xD;
</StdOut>
    </Output>
  </ResultSummary>
</TestRun>