<?xml version="1.0" encoding="utf-8"?>
<TestRun id="0daa57d9-84e7-4086-9b98-f2ffddb2c832" name="runneradmin@runnervmr7g38 2026-07-20 02:05:32" runUser="runnervmr7g38\runneradmin" xmlns="http://microsoft.com/schemas/VisualStudio/TeamTest/2010">
  <Times creation="2026-07-20T02:05:32.1314360+00:00" queuing="2026-07-20T02:05:32.1314362+00:00" start="2026-07-20T02:05:31.3163077+00:00" finish="2026-07-20T02:05:32.1378147+00:00" />
  <TestSettings name="default" id="420ba5bb-28c8-48e8-a824-ba01f966b891">
    <Deployment runDeploymentRoot="runneradmin_runnervmr7g38_2026-07-20_02_05_32" />
  </TestSettings>
  <Results>
    <UnitTestResult executionId="37a1eb56-3ffd-4cbb-959f-c74bc6bdc44b" testId="16871a75-76f2-8de3-b59a-d29b6a96b288" testName="TestNoEmptyArrays" computerName="runnervmr7g38" duration="00:00:00.0151683" startTime="2026-07-20T02:05:31.9365997+00:00" endTime="2026-07-20T02:05:31.9818204+00:00" testType="13cdc9d9-ddb5-4fa4-a97d-d965ccfc6d4b" outcome="Passed" testListId="8c84fa94-04c1-424b-9868-57a2d4851a1d" relativeResultsDirectory="37a1eb56-3ffd-4cbb-959f-c74bc6bdc44b" />
    <UnitTestResult executionId="aedc63cb-16c8-45f4-8ea8-d8d447a7d8c6" testId="116eae1f-9144-82c5-aecc-984dcda3184f" testName="TestMultipleFileExtensionsForOneMediaType" computerName="runnervmr7g38" duration="00:00:00.0143330" startTime="2026-07-20T02:05:31.9877452+00:00" endTime="2026-07-20T02:05:32.0061253+00:00" testType="13cdc9d9-ddb5-4fa4-a97d-d965ccfc6d4b" outcome="Passed" testListId="8c84fa94-04c1-424b-9868-57a2d4851a1d" relativeResultsDirectory="aedc63cb-16c8-45f4-8ea8-d8d447a7d8c6" />
  </Results>
  <TestDefinitions>
    <UnitTest name="TestNoEmptyArrays" storage="d:\a\dotnet-monorepo\dotnet-monorepo\src\artifacts\bin\mediatypes.tests\release_win-x64\mediatypes.tests.dll" id="16871a75-76f2-8de3-b59a-d29b6a96b288">
      <Execution id="37a1eb56-3ffd-4cbb-959f-c74bc6bdc44b" />
      <TestMethod codeBase="D:\a\dotnet-monorepo\dotnet-monorepo\src\artifacts\bin\MediaTypes.Tests\release_win-x64\MediaTypes.Tests.dll" adapterTypeName="executor://mstestadapter/v4" className="MediaTypes.Tests.MediaTypeFileExtensionsMappingTests" name="TestNoEmptyArrays" />
    </UnitTest>
    <UnitTest name="TestMultipleFileExtensionsForOneMediaType" storage="d:\a\dotnet-monorepo\dotnet-monorepo\src\artifacts\bin\mediatypes.tests\release_win-x64\mediatypes.tests.dll" id="116eae1f-9144-82c5-aecc-984dcda3184f">
      <Execution id="aedc63cb-16c8-45f4-8ea8-d8d447a7d8c6" />
      <TestMethod codeBase="D:\a\dotnet-monorepo\dotnet-monorepo\src\artifacts\bin\MediaTypes.Tests\release_win-x64\MediaTypes.Tests.dll" adapterTypeName="executor://mstestadapter/v4" className="MediaTypes.Tests.MediaTypeFileExtensionsMappingTests" name="TestMultipleFileExtensionsForOneMediaType" />
    </UnitTest>
  </TestDefinitions>
  <TestEntries>
    <TestEntry testId="16871a75-76f2-8de3-b59a-d29b6a96b288" executionId="37a1eb56-3ffd-4cbb-959f-c74bc6bdc44b" testListId="8c84fa94-04c1-424b-9868-57a2d4851a1d" />
    <TestEntry testId="116eae1f-9144-82c5-aecc-984dcda3184f" executionId="aedc63cb-16c8-45f4-8ea8-d8d447a7d8c6" testListId="8c84fa94-04c1-424b-9868-57a2d4851a1d" />
  </TestEntries>
  <TestLists>
    <TestList name="Results Not in a List" id="8c84fa94-04c1-424b-9868-57a2d4851a1d" />
    <TestList name="All Loaded Results" id="19431567-8539-422a-85d7-44ee4e166bda" />
  </TestLists>
  <ResultSummary outcome="Completed">
    <Counters total="2" executed="2" passed="2" failed="0" error="0" timeout="0" aborted="0" inconclusive="0" passedButRunAborted="0" notRunnable="0" notExecuted="0" disconnected="0" warning="0" completed="0" inProgress="0" pending="0" />
    <Output>
      <StdOut>Test Parallelization enabled for D:\a\dotnet-monorepo\dotnet-monorepo\src\artifacts\bin\MediaTypes.Tests\release_win-x64\MediaTypes.Tests.dll (Workers: 4, Scope: ClassLevel)&#xD;
</StdOut>
    </Output>
  </ResultSummary>
</TestRun>