<?xml version="1.0" encoding="utf-8"?>
<TestRun id="307e77db-77e6-439a-bdec-1cbb061aa975" name="@pkrvmsl9tci6h6u 2025-08-09 21:06:05" xmlns="http://microsoft.com/schemas/VisualStudio/TeamTest/2010">
  <Times creation="2025-08-09T21:06:05.1177599+00:00" queuing="2025-08-09T21:06:05.1177600+00:00" start="2025-08-09T21:06:04.4991068+00:00" finish="2025-08-09T21:06:05.1240793+00:00" />
  <TestSettings name="default" id="4b7f95ca-6da4-4237-9afb-67e86e8c7885">
    <Deployment runDeploymentRoot="_pkrvmsl9tci6h6u_2025-08-09_21_06_05" />
  </TestSettings>
  <Results>
    <UnitTestResult executionId="510e4310-60b2-4c34-97ea-48a030205450" testId="98bfafe3-2443-202d-87a1-9d2c658ab147" testName="TestNoEmptyArrays" computerName="pkrvmsl9tci6h6u" duration="00:00:00.0119301" startTime="2025-08-09T21:06:04.9515149+00:00" endTime="2025-08-09T21:06:04.9796105+00:00" testType="13cdc9d9-ddb5-4fa4-a97d-d965ccfc6d4b" outcome="Passed" testListId="8c84fa94-04c1-424b-9868-57a2d4851a1d" relativeResultsDirectory="510e4310-60b2-4c34-97ea-48a030205450" />
    <UnitTestResult executionId="85e28586-e3c0-4e89-bc21-3a3e158275cf" testId="f271161e-315a-b78c-a2e8-d1fc41692774" testName="TestMultipleFileExtensionsForOneMediaType" computerName="pkrvmsl9tci6h6u" duration="00:00:00.0115187" startTime="2025-08-09T21:06:04.9838229+00:00" endTime="2025-08-09T21:06:04.9969713+00:00" testType="13cdc9d9-ddb5-4fa4-a97d-d965ccfc6d4b" outcome="Passed" testListId="8c84fa94-04c1-424b-9868-57a2d4851a1d" relativeResultsDirectory="85e28586-e3c0-4e89-bc21-3a3e158275cf" />
  </Results>
  <TestDefinitions>
    <UnitTest name="TestNoEmptyArrays" storage="/home/runner/work/dotnet-monorepo/dotnet-monorepo/src/artifacts/bin/mediatypes.tests/release_linux-x64/mediatypes.tests.dll" id="98bfafe3-2443-202d-87a1-9d2c658ab147">
      <Execution id="510e4310-60b2-4c34-97ea-48a030205450" />
      <TestMethod codeBase="/home/runner/work/dotnet-monorepo/dotnet-monorepo/src/artifacts/bin/MediaTypes.Tests/release_linux-x64/MediaTypes.Tests.dll" adapterTypeName="executor://mstestadapter/v2" className="MediaTypes.Tests.MediaTypeFileExtensionsMappingTests" name="TestNoEmptyArrays" />
    </UnitTest>
    <UnitTest name="TestMultipleFileExtensionsForOneMediaType" storage="/home/runner/work/dotnet-monorepo/dotnet-monorepo/src/artifacts/bin/mediatypes.tests/release_linux-x64/mediatypes.tests.dll" id="f271161e-315a-b78c-a2e8-d1fc41692774">
      <Execution id="85e28586-e3c0-4e89-bc21-3a3e158275cf" />
      <TestMethod codeBase="/home/runner/work/dotnet-monorepo/dotnet-monorepo/src/artifacts/bin/MediaTypes.Tests/release_linux-x64/MediaTypes.Tests.dll" adapterTypeName="executor://mstestadapter/v2" className="MediaTypes.Tests.MediaTypeFileExtensionsMappingTests" name="TestMultipleFileExtensionsForOneMediaType" />
    </UnitTest>
  </TestDefinitions>
  <TestEntries>
    <TestEntry testId="98bfafe3-2443-202d-87a1-9d2c658ab147" executionId="510e4310-60b2-4c34-97ea-48a030205450" testListId="8c84fa94-04c1-424b-9868-57a2d4851a1d" />
    <TestEntry testId="f271161e-315a-b78c-a2e8-d1fc41692774" executionId="85e28586-e3c0-4e89-bc21-3a3e158275cf" testListId="8c84fa94-04c1-424b-9868-57a2d4851a1d" />
  </TestEntries>
  <TestLists>
    <TestList name="Results Not in a List" id="8c84fa94-04c1-424b-9868-57a2d4851a1d" />
    <TestList name="All Loaded Results" id="19431567-8539-422a-85d7-44ee4e166bda" />
  </TestLists>
  <ResultSummary outcome="Completed">
    <Counters total="2" executed="2" passed="2" failed="0" error="0" timeout="0" aborted="0" inconclusive="0" passedButRunAborted="0" notRunnable="0" notExecuted="0" disconnected="0" warning="0" completed="0" inProgress="0" pending="0" />
  </ResultSummary>
</TestRun>