<?xml version="1.0" encoding="utf-8"?>
<TestRun id="a28371ef-e7b7-4153-aab1-b283b7088570" name="@pkrvmjbmru5nbw0 2025-08-01 23:53:12" xmlns="http://microsoft.com/schemas/VisualStudio/TeamTest/2010">
  <Times creation="2025-08-01T23:53:12.6210574+00:00" queuing="2025-08-01T23:53:12.6210575+00:00" start="2025-08-01T23:53:12.0464448+00:00" finish="2025-08-01T23:53:12.6273219+00:00" />
  <TestSettings name="default" id="3656b728-66f9-4cf2-96b2-bfb193937d25">
    <Deployment runDeploymentRoot="_pkrvmjbmru5nbw0_2025-08-01_23_53_12" />
  </TestSettings>
  <Results>
    <UnitTestResult executionId="b761aa50-69a5-4bc9-86c6-08c97b150457" testId="f271161e-315a-b78c-a2e8-d1fc41692774" testName="TestMultipleFileExtensionsForOneMediaType" computerName="pkrvmjbmru5nbw0" duration="00:00:00.0108666" startTime="2025-08-01T23:53:12.4942256+00:00" endTime="2025-08-01T23:53:12.5065236+00:00" testType="13cdc9d9-ddb5-4fa4-a97d-d965ccfc6d4b" outcome="Passed" testListId="8c84fa94-04c1-424b-9868-57a2d4851a1d" relativeResultsDirectory="b761aa50-69a5-4bc9-86c6-08c97b150457" />
    <UnitTestResult executionId="48d0a7d3-2129-4600-941d-97d7040967a5" testId="98bfafe3-2443-202d-87a1-9d2c658ab147" testName="TestNoEmptyArrays" computerName="pkrvmjbmru5nbw0" duration="00:00:00.0107681" startTime="2025-08-01T23:53:12.4644374+00:00" endTime="2025-08-01T23:53:12.4903355+00:00" testType="13cdc9d9-ddb5-4fa4-a97d-d965ccfc6d4b" outcome="Passed" testListId="8c84fa94-04c1-424b-9868-57a2d4851a1d" relativeResultsDirectory="48d0a7d3-2129-4600-941d-97d7040967a5" />
  </Results>
  <TestDefinitions>
    <UnitTest name="TestNoEmptyArrays" storage="/home/runner/work/dotnet-monorepo/dotnet-monorepo/src/artifacts/bin/mediatypes.tests/release_linux-x64/mediatypes.tests.dll" id="98bfafe3-2443-202d-87a1-9d2c658ab147">
      <Execution id="48d0a7d3-2129-4600-941d-97d7040967a5" />
      <TestMethod codeBase="/home/runner/work/dotnet-monorepo/dotnet-monorepo/src/artifacts/bin/MediaTypes.Tests/release_linux-x64/MediaTypes.Tests.dll" adapterTypeName="executor://mstestadapter/v2" className="MediaTypes.Tests.MediaTypeFileExtensionsMappingTests" name="TestNoEmptyArrays" />
    </UnitTest>
    <UnitTest name="TestMultipleFileExtensionsForOneMediaType" storage="/home/runner/work/dotnet-monorepo/dotnet-monorepo/src/artifacts/bin/mediatypes.tests/release_linux-x64/mediatypes.tests.dll" id="f271161e-315a-b78c-a2e8-d1fc41692774">
      <Execution id="b761aa50-69a5-4bc9-86c6-08c97b150457" />
      <TestMethod codeBase="/home/runner/work/dotnet-monorepo/dotnet-monorepo/src/artifacts/bin/MediaTypes.Tests/release_linux-x64/MediaTypes.Tests.dll" adapterTypeName="executor://mstestadapter/v2" className="MediaTypes.Tests.MediaTypeFileExtensionsMappingTests" name="TestMultipleFileExtensionsForOneMediaType" />
    </UnitTest>
  </TestDefinitions>
  <TestEntries>
    <TestEntry testId="f271161e-315a-b78c-a2e8-d1fc41692774" executionId="b761aa50-69a5-4bc9-86c6-08c97b150457" testListId="8c84fa94-04c1-424b-9868-57a2d4851a1d" />
    <TestEntry testId="98bfafe3-2443-202d-87a1-9d2c658ab147" executionId="48d0a7d3-2129-4600-941d-97d7040967a5" testListId="8c84fa94-04c1-424b-9868-57a2d4851a1d" />
  </TestEntries>
  <TestLists>
    <TestList name="Results Not in a List" id="8c84fa94-04c1-424b-9868-57a2d4851a1d" />
    <TestList name="All Loaded Results" id="19431567-8539-422a-85d7-44ee4e166bda" />
  </TestLists>
  <ResultSummary outcome="Completed">
    <Counters total="2" executed="2" passed="2" failed="0" error="0" timeout="0" aborted="0" inconclusive="0" passedButRunAborted="0" notRunnable="0" notExecuted="0" disconnected="0" warning="0" completed="0" inProgress="0" pending="0" />
  </ResultSummary>
</TestRun>