<?xml version="1.0" encoding="utf-8"?>
<TestRun id="dc955102-ee86-4015-99c5-8fdc4ea7fd00" name="runneradmin@runnervmih882 2026-06-20 18:48:49" runUser="runnervmih882\runneradmin" xmlns="http://microsoft.com/schemas/VisualStudio/TeamTest/2010">
  <Times creation="2026-06-20T18:48:49.2398946+00:00" queuing="2026-06-20T18:48:49.2398948+00:00" start="2026-06-20T18:48:48.5104954+00:00" finish="2026-06-20T18:48:49.2459030+00:00" />
  <TestSettings name="default" id="4230df15-9d83-4766-9a58-89008e8ef67a">
    <Deployment runDeploymentRoot="runneradmin_runnervmih882_2026-06-20_18_48_49" />
  </TestSettings>
  <Results>
    <UnitTestResult executionId="6cf8291e-dc8b-42b5-ab54-bbc5245d61b6" testId="116eae1f-9144-82c5-aecc-984dcda3184f" testName="TestMultipleFileExtensionsForOneMediaType" computerName="runnervmih882" duration="00:00:00.0140306" startTime="2026-06-20T18:48:49.1029135+00:00" endTime="2026-06-20T18:48:49.1209713+00:00" testType="13cdc9d9-ddb5-4fa4-a97d-d965ccfc6d4b" outcome="Passed" testListId="8c84fa94-04c1-424b-9868-57a2d4851a1d" relativeResultsDirectory="6cf8291e-dc8b-42b5-ab54-bbc5245d61b6" />
    <UnitTestResult executionId="4fdfba86-c918-4c1b-8b7c-25bc800d299f" testId="16871a75-76f2-8de3-b59a-d29b6a96b288" testName="TestNoEmptyArrays" computerName="runnervmih882" duration="00:00:00.0150075" startTime="2026-06-20T18:48:49.0610931+00:00" endTime="2026-06-20T18:48:49.0972408+00:00" testType="13cdc9d9-ddb5-4fa4-a97d-d965ccfc6d4b" outcome="Passed" testListId="8c84fa94-04c1-424b-9868-57a2d4851a1d" relativeResultsDirectory="4fdfba86-c918-4c1b-8b7c-25bc800d299f" />
  </Results>
  <TestDefinitions>
    <UnitTest name="TestNoEmptyArrays" storage="d:\a\dotnet-monorepo\dotnet-monorepo\src\artifacts\bin\mediatypes.tests\release_win-x64\mediatypes.tests.dll" id="16871a75-76f2-8de3-b59a-d29b6a96b288">
      <Execution id="4fdfba86-c918-4c1b-8b7c-25bc800d299f" />
      <TestMethod codeBase="D:\a\dotnet-monorepo\dotnet-monorepo\src\artifacts\bin\MediaTypes.Tests\release_win-x64\MediaTypes.Tests.dll" adapterTypeName="executor://mstestadapter/v4" className="MediaTypes.Tests.MediaTypeFileExtensionsMappingTests" name="TestNoEmptyArrays" />
    </UnitTest>
    <UnitTest name="TestMultipleFileExtensionsForOneMediaType" storage="d:\a\dotnet-monorepo\dotnet-monorepo\src\artifacts\bin\mediatypes.tests\release_win-x64\mediatypes.tests.dll" id="116eae1f-9144-82c5-aecc-984dcda3184f">
      <Execution id="6cf8291e-dc8b-42b5-ab54-bbc5245d61b6" />
      <TestMethod codeBase="D:\a\dotnet-monorepo\dotnet-monorepo\src\artifacts\bin\MediaTypes.Tests\release_win-x64\MediaTypes.Tests.dll" adapterTypeName="executor://mstestadapter/v4" className="MediaTypes.Tests.MediaTypeFileExtensionsMappingTests" name="TestMultipleFileExtensionsForOneMediaType" />
    </UnitTest>
  </TestDefinitions>
  <TestEntries>
    <TestEntry testId="116eae1f-9144-82c5-aecc-984dcda3184f" executionId="6cf8291e-dc8b-42b5-ab54-bbc5245d61b6" testListId="8c84fa94-04c1-424b-9868-57a2d4851a1d" />
    <TestEntry testId="16871a75-76f2-8de3-b59a-d29b6a96b288" executionId="4fdfba86-c918-4c1b-8b7c-25bc800d299f" testListId="8c84fa94-04c1-424b-9868-57a2d4851a1d" />
  </TestEntries>
  <TestLists>
    <TestList name="Results Not in a List" id="8c84fa94-04c1-424b-9868-57a2d4851a1d" />
    <TestList name="All Loaded Results" id="19431567-8539-422a-85d7-44ee4e166bda" />
  </TestLists>
  <ResultSummary outcome="Completed">
    <Counters total="2" executed="2" passed="2" failed="0" error="0" timeout="0" aborted="0" inconclusive="0" passedButRunAborted="0" notRunnable="0" notExecuted="0" disconnected="0" warning="0" completed="0" inProgress="0" pending="0" />
    <Output>
      <StdOut>Test Parallelization enabled for D:\a\dotnet-monorepo\dotnet-monorepo\src\artifacts\bin\MediaTypes.Tests\release_win-x64\MediaTypes.Tests.dll (Workers: 4, Scope: ClassLevel)&#xD;
</StdOut>
    </Output>
  </ResultSummary>
</TestRun>