<?xml version="1.0" encoding="utf-8"?>
<TestRun id="ba621abc-5512-4619-8007-bbfd38b61038" name="runneradmin@runnervmj2eup 2025-08-25 12:09:02" runUser="runnervmj2eup\runneradmin" xmlns="http://microsoft.com/schemas/VisualStudio/TeamTest/2010">
  <Times creation="2025-08-25T12:09:02.6357154+00:00" queuing="2025-08-25T12:09:02.6357156+00:00" start="2025-08-25T12:09:02.0514765+00:00" finish="2025-08-25T12:09:02.6407811+00:00" />
  <TestSettings name="default" id="67520c98-1101-4cdf-ac0e-7398b6e4667a">
    <Deployment runDeploymentRoot="runneradmin_runnervmj2eup_2025-08-25_12_09_02" />
  </TestSettings>
  <Results>
    <UnitTestResult executionId="06582832-103e-4847-addc-b19900ed9b7b" testId="98bfafe3-2443-202d-87a1-9d2c658ab147" testName="TestNoEmptyArrays" computerName="runnervmj2eup" duration="00:00:00.0106614" startTime="2025-08-25T12:09:02.4882839+00:00" endTime="2025-08-25T12:09:02.5139882+00:00" testType="13cdc9d9-ddb5-4fa4-a97d-d965ccfc6d4b" outcome="Passed" testListId="8c84fa94-04c1-424b-9868-57a2d4851a1d" relativeResultsDirectory="06582832-103e-4847-addc-b19900ed9b7b" />
    <UnitTestResult executionId="6ac6b735-bc94-4a20-aefe-471514236355" testId="f271161e-315a-b78c-a2e8-d1fc41692774" testName="TestMultipleFileExtensionsForOneMediaType" computerName="runnervmj2eup" duration="00:00:00.0106643" startTime="2025-08-25T12:09:02.5177306+00:00" endTime="2025-08-25T12:09:02.5300114+00:00" testType="13cdc9d9-ddb5-4fa4-a97d-d965ccfc6d4b" outcome="Passed" testListId="8c84fa94-04c1-424b-9868-57a2d4851a1d" relativeResultsDirectory="6ac6b735-bc94-4a20-aefe-471514236355" />
  </Results>
  <TestDefinitions>
    <UnitTest name="TestNoEmptyArrays" storage="d:\a\dotnet-monorepo\dotnet-monorepo\src\artifacts\bin\mediatypes.tests\release_win-x64\mediatypes.tests.dll" id="98bfafe3-2443-202d-87a1-9d2c658ab147">
      <Execution id="06582832-103e-4847-addc-b19900ed9b7b" />
      <TestMethod codeBase="D:\a\dotnet-monorepo\dotnet-monorepo\src\artifacts\bin\MediaTypes.Tests\release_win-x64\MediaTypes.Tests.dll" adapterTypeName="executor://mstestadapter/v2" className="MediaTypes.Tests.MediaTypeFileExtensionsMappingTests" name="TestNoEmptyArrays" />
    </UnitTest>
    <UnitTest name="TestMultipleFileExtensionsForOneMediaType" storage="d:\a\dotnet-monorepo\dotnet-monorepo\src\artifacts\bin\mediatypes.tests\release_win-x64\mediatypes.tests.dll" id="f271161e-315a-b78c-a2e8-d1fc41692774">
      <Execution id="6ac6b735-bc94-4a20-aefe-471514236355" />
      <TestMethod codeBase="D:\a\dotnet-monorepo\dotnet-monorepo\src\artifacts\bin\MediaTypes.Tests\release_win-x64\MediaTypes.Tests.dll" adapterTypeName="executor://mstestadapter/v2" className="MediaTypes.Tests.MediaTypeFileExtensionsMappingTests" name="TestMultipleFileExtensionsForOneMediaType" />
    </UnitTest>
  </TestDefinitions>
  <TestEntries>
    <TestEntry testId="98bfafe3-2443-202d-87a1-9d2c658ab147" executionId="06582832-103e-4847-addc-b19900ed9b7b" testListId="8c84fa94-04c1-424b-9868-57a2d4851a1d" />
    <TestEntry testId="f271161e-315a-b78c-a2e8-d1fc41692774" executionId="6ac6b735-bc94-4a20-aefe-471514236355" testListId="8c84fa94-04c1-424b-9868-57a2d4851a1d" />
  </TestEntries>
  <TestLists>
    <TestList name="Results Not in a List" id="8c84fa94-04c1-424b-9868-57a2d4851a1d" />
    <TestList name="All Loaded Results" id="19431567-8539-422a-85d7-44ee4e166bda" />
  </TestLists>
  <ResultSummary outcome="Completed">
    <Counters total="2" executed="2" passed="2" failed="0" error="0" timeout="0" aborted="0" inconclusive="0" passedButRunAborted="0" notRunnable="0" notExecuted="0" disconnected="0" warning="0" completed="0" inProgress="0" pending="0" />
  </ResultSummary>
</TestRun>