<?xml version="1.0" encoding="utf-8"?>
<TestRun id="4c71673f-b2a4-448b-bed6-d2d6ccf8a742" name="@sat12-dp147-e4e5fd32-3279-42de-9e08-80cf2ce75e84-22E30EF9AC0F 2026-01-09 12:47:52" xmlns="http://microsoft.com/schemas/VisualStudio/TeamTest/2010">
  <Times creation="2026-01-09T12:47:52.5660070+00:00" queuing="2026-01-09T12:47:52.5660080+00:00" start="2026-01-09T12:47:51.7634460+00:00" finish="2026-01-09T12:47:52.5663530+00:00" />
  <TestSettings name="default" id="dfaad6c0-ea11-4656-bbb6-b29fdc349f66">
    <Deployment runDeploymentRoot="_sat12-dp147-e4e5fd32-3279-42de-9e08-80cf2ce75e84-22E30EF9AC0F_2026-01-09_12_47_52" />
  </TestSettings>
  <TestLists>
    <TestList name="Results Not in a List" id="8c84fa94-04c1-424b-9868-57a2d4851a1d" />
    <TestList name="All Loaded Results" id="19431567-8539-422a-85d7-44ee4e166bda" />
  </TestLists>
  <ResultSummary outcome="Completed">
    <Counters total="0" executed="0" passed="0" failed="0" error="0" timeout="0" aborted="0" inconclusive="0" passedButRunAborted="0" notRunnable="0" notExecuted="0" disconnected="0" warning="0" completed="0" inProgress="0" pending="0" />
    <RunInfos>
      <RunInfo computerName="sat12-dp147-e4e5fd32-3279-42de-9e08-80cf2ce75e84-22E30EF9AC0F" outcome="Warning" timestamp="2026-01-09T12:47:52.5308080+00:00">
        <Text>No test is available in /Users/runner/work/dotnet-monorepo/dotnet-monorepo/src/artifacts/bin/PdfProj.Tests/release_osx-arm64/PdfProj.Tests.dll. Make sure that test discoverer &amp; executors are registered and platform &amp; framework version settings are appropriate and try again.</Text>
      </RunInfo>
    </RunInfos>
  </ResultSummary>
</TestRun>