<?xml version="1.0" encoding="utf-8"?>
<TestRun id="53e801ed-dd53-4c86-9faf-69ba581ca011" name="runneradmin@runnervmvmocb 2026-09-19 18:48:15" runUser="runnervmvmocb\runneradmin" xmlns="http://microsoft.com/schemas/VisualStudio/TeamTest/2010">
  <Times creation="2026-09-19T18:48:15.9690891+00:00" queuing="2026-09-19T18:48:15.9690892+00:00" start="2026-09-19T18:48:14.7908791+00:00" finish="2026-09-19T18:48:15.9750698+00:00" />
  <TestSettings name="default" id="79271881-75f5-402c-bade-932fe4da6b39">
    <Deployment runDeploymentRoot="runneradmin_runnervmvmocb_2026-09-19_18_48_15" />
  </TestSettings>
  <Results>
    <UnitTestResult executionId="03fc2730-abed-470a-9a91-a9fe2c7bce7d" testId="189464b8-fc8a-831f-955d-0835ace877c1" testName="TestZeroExitCode" computerName="runnervmvmocb" duration="00:00:00.2453992" startTime="2026-09-19T18:48:15.3171345+00:00" endTime="2026-09-19T18:48:15.5897593+00:00" testType="13cdc9d9-ddb5-4fa4-a97d-d965ccfc6d4b" outcome="Passed" testListId="8c84fa94-04c1-424b-9868-57a2d4851a1d" relativeResultsDirectory="03fc2730-abed-470a-9a91-a9fe2c7bce7d" />
    <UnitTestResult executionId="4580aa10-18f7-43da-928b-5539be50ac5a" testId="1d0d56e0-30b0-857a-9023-a94ee82b3960" testName="TestNonZeroExitCode" computerName="runnervmvmocb" duration="00:00:00.2538168" startTime="2026-09-19T18:48:15.5958165+00:00" endTime="2026-09-19T18:48:15.8540772+00:00" testType="13cdc9d9-ddb5-4fa4-a97d-d965ccfc6d4b" outcome="Passed" testListId="8c84fa94-04c1-424b-9868-57a2d4851a1d" relativeResultsDirectory="4580aa10-18f7-43da-928b-5539be50ac5a" />
  </Results>
  <TestDefinitions>
    <UnitTest name="TestZeroExitCode" storage="d:\a\dotnet-monorepo\dotnet-monorepo\src\artifacts\bin\subprocesses.tests\release_win-x64\subprocesses.tests.dll" id="189464b8-fc8a-831f-955d-0835ace877c1">
      <Execution id="03fc2730-abed-470a-9a91-a9fe2c7bce7d" />
      <TestMethod codeBase="D:\a\dotnet-monorepo\dotnet-monorepo\src\artifacts\bin\Subprocesses.Tests\release_win-x64\Subprocesses.Tests.dll" adapterTypeName="executor://mstestadapter/v4" className="Subprocesses.Tests.SubprocessRunnerTests" name="TestZeroExitCode" />
    </UnitTest>
    <UnitTest name="TestNonZeroExitCode" storage="d:\a\dotnet-monorepo\dotnet-monorepo\src\artifacts\bin\subprocesses.tests\release_win-x64\subprocesses.tests.dll" id="1d0d56e0-30b0-857a-9023-a94ee82b3960">
      <Execution id="4580aa10-18f7-43da-928b-5539be50ac5a" />
      <TestMethod codeBase="D:\a\dotnet-monorepo\dotnet-monorepo\src\artifacts\bin\Subprocesses.Tests\release_win-x64\Subprocesses.Tests.dll" adapterTypeName="executor://mstestadapter/v4" className="Subprocesses.Tests.SubprocessRunnerTests" name="TestNonZeroExitCode" />
    </UnitTest>
  </TestDefinitions>
  <TestEntries>
    <TestEntry testId="189464b8-fc8a-831f-955d-0835ace877c1" executionId="03fc2730-abed-470a-9a91-a9fe2c7bce7d" testListId="8c84fa94-04c1-424b-9868-57a2d4851a1d" />
    <TestEntry testId="1d0d56e0-30b0-857a-9023-a94ee82b3960" executionId="4580aa10-18f7-43da-928b-5539be50ac5a" testListId="8c84fa94-04c1-424b-9868-57a2d4851a1d" />
  </TestEntries>
  <TestLists>
    <TestList name="Results Not in a List" id="8c84fa94-04c1-424b-9868-57a2d4851a1d" />
    <TestList name="All Loaded Results" id="19431567-8539-422a-85d7-44ee4e166bda" />
  </TestLists>
  <ResultSummary outcome="Completed">
    <Counters total="2" executed="2" passed="2" failed="0" error="0" timeout="0" aborted="0" inconclusive="0" passedButRunAborted="0" notRunnable="0" notExecuted="0" disconnected="0" warning="0" completed="0" inProgress="0" pending="0" />
    <Output>
      <StdOut>Test Parallelization enabled for D:\a\dotnet-monorepo\dotnet-monorepo\src\artifacts\bin\Subprocesses.Tests\release_win-x64\Subprocesses.Tests.dll (Workers: 4, Scope: ClassLevel)&#xD;
</StdOut>
    </Output>
  </ResultSummary>
</TestRun>