<?xml version="1.0" encoding="utf-8"?>
<TestRun id="3ff9c1ff-1cf5-4723-933f-6f2b949ba747" name="@sjc20-cw715-ae3b62fa-9e9c-4782-abb9-1363c9a39204-DE6F7A996D48 2026-06-11 01:54:35" xmlns="http://microsoft.com/schemas/VisualStudio/TeamTest/2010">
  <Times creation="2026-06-11T01:54:35.9808370+00:00" queuing="2026-06-11T01:54:35.9808370+00:00" start="2026-06-11T01:54:35.5813450+00:00" finish="2026-06-11T01:54:35.9811250+00:00" />
  <TestSettings name="default" id="33a4e8e4-c5a8-48f6-91e7-45c5916099da">
    <Deployment runDeploymentRoot="_sjc20-cw715-ae3b62fa-9e9c-4782-abb9-1363c9a39204-DE6F7A996D48_2026-06-11_01_54_35" />
  </TestSettings>
  <TestLists>
    <TestList name="Results Not in a List" id="8c84fa94-04c1-424b-9868-57a2d4851a1d" />
    <TestList name="All Loaded Results" id="19431567-8539-422a-85d7-44ee4e166bda" />
  </TestLists>
  <ResultSummary outcome="Completed">
    <Counters total="0" executed="0" passed="0" failed="0" error="0" timeout="0" aborted="0" inconclusive="0" passedButRunAborted="0" notRunnable="0" notExecuted="0" disconnected="0" warning="0" completed="0" inProgress="0" pending="0" />
    <RunInfos>
      <RunInfo computerName="sjc20-cw715-ae3b62fa-9e9c-4782-abb9-1363c9a39204-DE6F7A996D48" outcome="Warning" timestamp="2026-06-11T01:54:35.9549130+00:00">
        <Text>No test is available in /Users/runner/work/dotnet-monorepo/dotnet-monorepo/src/artifacts/bin/umm.Server.Tests/release_osx-arm64/umm.Server.Tests.dll. Make sure that test discoverer &amp; executors are registered and platform &amp; framework version settings are appropriate and try again.</Text>
      </RunInfo>
    </RunInfos>
  </ResultSummary>
</TestRun>