<?xml version="1.0" encoding="utf-8"?>
<TestRun id="044f7b1a-92d8-4caa-bb44-06d18b1aff8f" name="@runnervmtr4k5 2026-09-25 12:00:03" xmlns="http://microsoft.com/schemas/VisualStudio/TeamTest/2010">
  <Times creation="2026-09-25T12:00:03.0845178+00:00" queuing="2026-09-25T12:00:03.0845179+00:00" start="2026-09-25T12:00:02.6620868+00:00" finish="2026-09-25T12:00:03.0850044+00:00" />
  <TestSettings name="default" id="98d66d8f-83bc-4741-a0d5-59750ac28c23">
    <Deployment runDeploymentRoot="_runnervmtr4k5_2026-09-25_12_00_03" />
  </TestSettings>
  <TestLists>
    <TestList name="Results Not in a List" id="8c84fa94-04c1-424b-9868-57a2d4851a1d" />
    <TestList name="All Loaded Results" id="19431567-8539-422a-85d7-44ee4e166bda" />
  </TestLists>
  <ResultSummary outcome="Completed">
    <Counters total="0" executed="0" passed="0" failed="0" error="0" timeout="0" aborted="0" inconclusive="0" passedButRunAborted="0" notRunnable="0" notExecuted="0" disconnected="0" warning="0" completed="0" inProgress="0" pending="0" />
    <RunInfos>
      <RunInfo computerName="runnervmtr4k5" outcome="Warning" timestamp="2026-09-25T12:00:03.0347373+00:00">
        <Text>No test is available in /home/runner/work/dotnet-monorepo/dotnet-monorepo/src/artifacts/bin/umm.Vendors.Epub.Tests/release_linux-x64/umm.Vendors.Epub.Tests.dll. Make sure that test discoverer &amp; executors are registered and platform &amp; framework version settings are appropriate and try again.</Text>
      </RunInfo>
    </RunInfos>
  </ResultSummary>
</TestRun>