<?xml version="1.0" encoding="utf-8"?>
<TestRun id="c6882c55-01dc-45b5-91b0-a034688d85f1" name="runneradmin@runnervm2bfby 2026-02-21 14:59:22" runUser="runnervm2bfby\runneradmin" xmlns="http://microsoft.com/schemas/VisualStudio/TeamTest/2010">
  <Times creation="2026-02-21T14:59:22.1275194+00:00" queuing="2026-02-21T14:59:22.1275196+00:00" start="2026-02-21T14:59:21.6063811+00:00" finish="2026-02-21T14:59:22.1280047+00:00" />
  <TestSettings name="default" id="5a723968-bdd9-4a31-834b-0b7de217f53a">
    <Deployment runDeploymentRoot="runneradmin_runnervm2bfby_2026-02-21_14_59_22" />
  </TestSettings>
  <TestLists>
    <TestList name="Results Not in a List" id="8c84fa94-04c1-424b-9868-57a2d4851a1d" />
    <TestList name="All Loaded Results" id="19431567-8539-422a-85d7-44ee4e166bda" />
  </TestLists>
  <ResultSummary outcome="Completed">
    <Counters total="0" executed="0" passed="0" failed="0" error="0" timeout="0" aborted="0" inconclusive="0" passedButRunAborted="0" notRunnable="0" notExecuted="0" disconnected="0" warning="0" completed="0" inProgress="0" pending="0" />
    <RunInfos>
      <RunInfo computerName="runnervm2bfby" outcome="Warning" timestamp="2026-02-21T14:59:22.0754717+00:00">
        <Text>No test is available in D:\a\dotnet-monorepo\dotnet-monorepo\src\artifacts\bin\umm.Vendors.Common.Tests\release_win-x64\umm.Vendors.Common.Tests.dll. Make sure that test discoverer &amp; executors are registered and platform &amp; framework version settings are appropriate and try again.</Text>
      </RunInfo>
    </RunInfos>
  </ResultSummary>
</TestRun>