<?xml version="1.0" encoding="utf-8"?>
<TestRun id="60768365-d487-4a95-8e6a-7c6a6a1377aa" name="@runnervm0kj6c 2026-03-14 14:09:41" xmlns="http://microsoft.com/schemas/VisualStudio/TeamTest/2010">
  <Times creation="2026-03-14T14:09:41.1169121+00:00" queuing="2026-03-14T14:09:41.1169121+00:00" start="2026-03-14T14:09:40.6332411+00:00" finish="2026-03-14T14:09:41.1173510+00:00" />
  <TestSettings name="default" id="847f8b63-7228-471a-8f99-bddeafee55a9">
    <Deployment runDeploymentRoot="_runnervm0kj6c_2026-03-14_14_09_41" />
  </TestSettings>
  <TestLists>
    <TestList name="Results Not in a List" id="8c84fa94-04c1-424b-9868-57a2d4851a1d" />
    <TestList name="All Loaded Results" id="19431567-8539-422a-85d7-44ee4e166bda" />
  </TestLists>
  <ResultSummary outcome="Completed">
    <Counters total="0" executed="0" passed="0" failed="0" error="0" timeout="0" aborted="0" inconclusive="0" passedButRunAborted="0" notRunnable="0" notExecuted="0" disconnected="0" warning="0" completed="0" inProgress="0" pending="0" />
    <RunInfos>
      <RunInfo computerName="runnervm0kj6c" outcome="Warning" timestamp="2026-03-14T14:09:41.0616429+00:00">
        <Text>No test is available in /home/runner/work/dotnet-monorepo/dotnet-monorepo/src/artifacts/bin/umm.Vendors.Epub.Tests/release_linux-x64/umm.Vendors.Epub.Tests.dll. Make sure that test discoverer &amp; executors are registered and platform &amp; framework version settings are appropriate and try again.</Text>
      </RunInfo>
    </RunInfos>
  </ResultSummary>
</TestRun>