<?xml version="1.0" encoding="utf-8"?>
<TestRun id="0705ecfa-df86-4765-8e21-c8ec6cc144e6" name="runneradmin@runnervmybtk3 2026-01-15 13:51:06" runUser="runnervmybtk3\runneradmin" xmlns="http://microsoft.com/schemas/VisualStudio/TeamTest/2010">
  <Times creation="2026-01-15T13:51:06.7271561+00:00" queuing="2026-01-15T13:51:06.7271562+00:00" start="2026-01-15T13:51:06.2311312+00:00" finish="2026-01-15T13:51:06.7275829+00:00" />
  <TestSettings name="default" id="8dec714b-f68d-44f4-bcf2-90962caa82a6">
    <Deployment runDeploymentRoot="runneradmin_runnervmybtk3_2026-01-15_13_51_06" />
  </TestSettings>
  <TestLists>
    <TestList name="Results Not in a List" id="8c84fa94-04c1-424b-9868-57a2d4851a1d" />
    <TestList name="All Loaded Results" id="19431567-8539-422a-85d7-44ee4e166bda" />
  </TestLists>
  <ResultSummary outcome="Completed">
    <Counters total="0" executed="0" passed="0" failed="0" error="0" timeout="0" aborted="0" inconclusive="0" passedButRunAborted="0" notRunnable="0" notExecuted="0" disconnected="0" warning="0" completed="0" inProgress="0" pending="0" />
    <RunInfos>
      <RunInfo computerName="runnervmybtk3" outcome="Warning" timestamp="2026-01-15T13:51:06.6767235+00:00">
        <Text>No test is available in D:\a\dotnet-monorepo\dotnet-monorepo\src\artifacts\bin\umm.Vendors.Epub.Tests\release_win-x64\umm.Vendors.Epub.Tests.dll. Make sure that test discoverer &amp; executors are registered and platform &amp; framework version settings are appropriate and try again.</Text>
      </RunInfo>
    </RunInfos>
  </ResultSummary>
</TestRun>