<?xml version="1.0" encoding="utf-8"?>
<TestRun id="86f4e50c-1907-476f-a820-22eeea8e494e" name="runneradmin@runnervmvmocb 2026-09-19 18:48:50" runUser="runnervmvmocb\runneradmin" xmlns="http://microsoft.com/schemas/VisualStudio/TeamTest/2010">
  <Times creation="2026-09-19T18:48:50.0766302+00:00" queuing="2026-09-19T18:48:50.0766303+00:00" start="2026-09-19T18:48:49.5409035+00:00" finish="2026-09-19T18:48:50.0770996+00:00" />
  <TestSettings name="default" id="4cf3fce6-e9b3-4abb-8f52-1d8d5016889e">
    <Deployment runDeploymentRoot="runneradmin_runnervmvmocb_2026-09-19_18_48_50" />
  </TestSettings>
  <TestLists>
    <TestList name="Results Not in a List" id="8c84fa94-04c1-424b-9868-57a2d4851a1d" />
    <TestList name="All Loaded Results" id="19431567-8539-422a-85d7-44ee4e166bda" />
  </TestLists>
  <ResultSummary outcome="Completed">
    <Counters total="0" executed="0" passed="0" failed="0" error="0" timeout="0" aborted="0" inconclusive="0" passedButRunAborted="0" notRunnable="0" notExecuted="0" disconnected="0" warning="0" completed="0" inProgress="0" pending="0" />
    <RunInfos>
      <RunInfo computerName="runnervmvmocb" outcome="Warning" timestamp="2026-09-19T18:48:50.0188318+00:00">
        <Text>No test is available in D:\a\dotnet-monorepo\dotnet-monorepo\src\artifacts\bin\umm.Vendors.Epub.Tests\release_win-x64\umm.Vendors.Epub.Tests.dll. Make sure that test discoverer &amp; executors are registered and platform &amp; framework version settings are appropriate and try again.</Text>
      </RunInfo>
    </RunInfos>
  </ResultSummary>
</TestRun>