<?xml version="1.0" encoding="utf-8"?>
<TestRun id="e27660eb-9d10-4a6a-9e90-cf40b8311682" name="runneradmin@runnervmybtk3 2026-01-09 12:50:36" runUser="runnervmybtk3\runneradmin" xmlns="http://microsoft.com/schemas/VisualStudio/TeamTest/2010">
  <Times creation="2026-01-09T12:50:36.1773461+00:00" queuing="2026-01-09T12:50:36.1773465+00:00" start="2026-01-09T12:50:35.6345753+00:00" finish="2026-01-09T12:50:36.1777711+00:00" />
  <TestSettings name="default" id="afb95528-d4c2-45b5-a826-106a4992af52">
    <Deployment runDeploymentRoot="runneradmin_runnervmybtk3_2026-01-09_12_50_36" />
  </TestSettings>
  <TestLists>
    <TestList name="Results Not in a List" id="8c84fa94-04c1-424b-9868-57a2d4851a1d" />
    <TestList name="All Loaded Results" id="19431567-8539-422a-85d7-44ee4e166bda" />
  </TestLists>
  <ResultSummary outcome="Completed">
    <Counters total="0" executed="0" passed="0" failed="0" error="0" timeout="0" aborted="0" inconclusive="0" passedButRunAborted="0" notRunnable="0" notExecuted="0" disconnected="0" warning="0" completed="0" inProgress="0" pending="0" />
    <RunInfos>
      <RunInfo computerName="runnervmybtk3" outcome="Warning" timestamp="2026-01-09T12:50:36.1202184+00:00">
        <Text>No test is available in D:\a\dotnet-monorepo\dotnet-monorepo\src\artifacts\bin\umm.Vendors.Common.Tests\release_win-x64\umm.Vendors.Common.Tests.dll. Make sure that test discoverer &amp; executors are registered and platform &amp; framework version settings are appropriate and try again.</Text>
      </RunInfo>
    </RunInfos>
  </ResultSummary>
</TestRun>