<?xml version="1.0" encoding="utf-8"?>
<TestRun id="2754dabc-020b-41d8-81e1-1050e8734f0d" name="@sjc22-bt144-a5e120ff-5670-4c46-8377-986194703749-0EBA99CCA5E3 2026-09-19 18:44:55" xmlns="http://microsoft.com/schemas/VisualStudio/TeamTest/2010">
  <Times creation="2026-09-19T18:44:55.9948380+00:00" queuing="2026-09-19T18:44:55.9948380+00:00" start="2026-09-19T18:44:55.3909990+00:00" finish="2026-09-19T18:44:55.9951730+00:00" />
  <TestSettings name="default" id="7a42af9e-0e43-4504-8b29-73e46058d8f7">
    <Deployment runDeploymentRoot="_sjc22-bt144-a5e120ff-5670-4c46-8377-986194703749-0EBA99CCA5E3_2026-09-19_18_44_55" />
  </TestSettings>
  <TestLists>
    <TestList name="Results Not in a List" id="8c84fa94-04c1-424b-9868-57a2d4851a1d" />
    <TestList name="All Loaded Results" id="19431567-8539-422a-85d7-44ee4e166bda" />
  </TestLists>
  <ResultSummary outcome="Completed">
    <Counters total="0" executed="0" passed="0" failed="0" error="0" timeout="0" aborted="0" inconclusive="0" passedButRunAborted="0" notRunnable="0" notExecuted="0" disconnected="0" warning="0" completed="0" inProgress="0" pending="0" />
    <RunInfos>
      <RunInfo computerName="sjc22-bt144-a5e120ff-5670-4c46-8377-986194703749-0EBA99CCA5E3" outcome="Warning" timestamp="2026-09-19T18:44:55.9669610+00:00">
        <Text>No test is available in /Users/runner/work/dotnet-monorepo/dotnet-monorepo/src/artifacts/bin/umm.Vendors.Epub.Tests/release_osx-arm64/umm.Vendors.Epub.Tests.dll. Make sure that test discoverer &amp; executors are registered and platform &amp; framework version settings are appropriate and try again.</Text>
      </RunInfo>
    </RunInfos>
  </ResultSummary>
</TestRun>