<?xml version="1.0" encoding="utf-8"?>
<TestRun id="c35b9242-8c11-4510-907f-3380393cdad0" name="runneradmin@runnervmkjq7x 2026-03-14 14:14:10" runUser="runnervmkjq7x\runneradmin" xmlns="http://microsoft.com/schemas/VisualStudio/TeamTest/2010">
  <Times creation="2026-03-14T14:14:10.0191942+00:00" queuing="2026-03-14T14:14:10.0191945+00:00" start="2026-03-14T14:14:09.3681460+00:00" finish="2026-03-14T14:14:10.0196657+00:00" />
  <TestSettings name="default" id="2382eee8-ff3d-4720-8871-a6d79719e13c">
    <Deployment runDeploymentRoot="runneradmin_runnervmkjq7x_2026-03-14_14_14_10" />
  </TestSettings>
  <TestLists>
    <TestList name="Results Not in a List" id="8c84fa94-04c1-424b-9868-57a2d4851a1d" />
    <TestList name="All Loaded Results" id="19431567-8539-422a-85d7-44ee4e166bda" />
  </TestLists>
  <ResultSummary outcome="Completed">
    <Counters total="0" executed="0" passed="0" failed="0" error="0" timeout="0" aborted="0" inconclusive="0" passedButRunAborted="0" notRunnable="0" notExecuted="0" disconnected="0" warning="0" completed="0" inProgress="0" pending="0" />
    <RunInfos>
      <RunInfo computerName="runnervmkjq7x" outcome="Warning" timestamp="2026-03-14T14:14:09.9560013+00:00">
        <Text>No test is available in D:\a\dotnet-monorepo\dotnet-monorepo\src\artifacts\bin\umm.Vendors.Epub.Tests\release_win-x64\umm.Vendors.Epub.Tests.dll. Make sure that test discoverer &amp; executors are registered and platform &amp; framework version settings are appropriate and try again.</Text>
      </RunInfo>
    </RunInfos>
  </ResultSummary>
</TestRun>