<?xml version="1.0" encoding="utf-8"?>
<TestRun id="31e5c1ca-b6c2-4233-ae06-3c10c3018ee7" name="@sjc20-cw715-ae3b62fa-9e9c-4782-abb9-1363c9a39204-DE6F7A996D48 2026-06-11 01:54:16" xmlns="http://microsoft.com/schemas/VisualStudio/TeamTest/2010">
  <Times creation="2026-06-11T01:54:16.4526510+00:00" queuing="2026-06-11T01:54:16.4526510+00:00" start="2026-06-11T01:54:16.0019770+00:00" finish="2026-06-11T01:54:16.4530300+00:00" />
  <TestSettings name="default" id="e8f73d32-64aa-4ce0-a3e5-fc8ef3464a60">
    <Deployment runDeploymentRoot="_sjc20-cw715-ae3b62fa-9e9c-4782-abb9-1363c9a39204-DE6F7A996D48_2026-06-11_01_54_16" />
  </TestSettings>
  <TestLists>
    <TestList name="Results Not in a List" id="8c84fa94-04c1-424b-9868-57a2d4851a1d" />
    <TestList name="All Loaded Results" id="19431567-8539-422a-85d7-44ee4e166bda" />
  </TestLists>
  <ResultSummary outcome="Completed">
    <Counters total="0" executed="0" passed="0" failed="0" error="0" timeout="0" aborted="0" inconclusive="0" passedButRunAborted="0" notRunnable="0" notExecuted="0" disconnected="0" warning="0" completed="0" inProgress="0" pending="0" />
    <RunInfos>
      <RunInfo computerName="sjc20-cw715-ae3b62fa-9e9c-4782-abb9-1363c9a39204-DE6F7A996D48" outcome="Warning" timestamp="2026-06-11T01:54:16.4163170+00:00">
        <Text>No test is available in /Users/runner/work/dotnet-monorepo/dotnet-monorepo/src/artifacts/bin/umm.Auto.Vendors.Tests/release_osx-arm64/umm.Auto.Vendors.Tests.dll. Make sure that test discoverer &amp; executors are registered and platform &amp; framework version settings are appropriate and try again.</Text>
      </RunInfo>
    </RunInfos>
  </ResultSummary>
</TestRun>