<?xml version="1.0" encoding="utf-8"?>
<TestRun id="0e60568d-19fd-45ca-820f-b3f83e004038" name="runneradmin@runnervmr7g38 2026-07-20 02:06:12" runUser="runnervmr7g38\runneradmin" xmlns="http://microsoft.com/schemas/VisualStudio/TeamTest/2010">
  <Times creation="2026-07-20T02:06:12.9560002+00:00" queuing="2026-07-20T02:06:12.9560004+00:00" start="2026-07-20T02:06:12.3642878+00:00" finish="2026-07-20T02:06:12.9565027+00:00" />
  <TestSettings name="default" id="89cd85ba-e7cb-49d9-b1a7-7bdcf5bb8cc1">
    <Deployment runDeploymentRoot="runneradmin_runnervmr7g38_2026-07-20_02_06_12" />
  </TestSettings>
  <TestLists>
    <TestList name="Results Not in a List" id="8c84fa94-04c1-424b-9868-57a2d4851a1d" />
    <TestList name="All Loaded Results" id="19431567-8539-422a-85d7-44ee4e166bda" />
  </TestLists>
  <ResultSummary outcome="Completed">
    <Counters total="0" executed="0" passed="0" failed="0" error="0" timeout="0" aborted="0" inconclusive="0" passedButRunAborted="0" notRunnable="0" notExecuted="0" disconnected="0" warning="0" completed="0" inProgress="0" pending="0" />
    <RunInfos>
      <RunInfo computerName="runnervmr7g38" outcome="Warning" timestamp="2026-07-20T02:06:12.8974118+00:00">
        <Text>No test is available in D:\a\dotnet-monorepo\dotnet-monorepo\src\artifacts\bin\umm.Vendors.Common.Tests\release_win-x64\umm.Vendors.Common.Tests.dll. Make sure that test discoverer &amp; executors are registered and platform &amp; framework version settings are appropriate and try again.</Text>
      </RunInfo>
    </RunInfos>
  </ResultSummary>
</TestRun>