<?xml version="1.0" encoding="utf-8"?>
<TestRun id="bb660c17-2064-490e-920e-1ab11286ff9d" name="@pkrvmccyg1gnepe 2025-08-31 02:21:27" xmlns="http://microsoft.com/schemas/VisualStudio/TeamTest/2010">
  <Times creation="2025-08-31T02:21:27.5861628+00:00" queuing="2025-08-31T02:21:27.5861629+00:00" start="2025-08-31T02:21:27.1395269+00:00" finish="2025-08-31T02:21:27.5865813+00:00" />
  <TestSettings name="default" id="1fb3b3fa-0522-4a46-a33c-7a64852c7173">
    <Deployment runDeploymentRoot="_pkrvmccyg1gnepe_2025-08-31_02_21_27" />
  </TestSettings>
  <TestLists>
    <TestList name="Results Not in a List" id="8c84fa94-04c1-424b-9868-57a2d4851a1d" />
    <TestList name="All Loaded Results" id="19431567-8539-422a-85d7-44ee4e166bda" />
  </TestLists>
  <ResultSummary outcome="Completed">
    <Counters total="0" executed="0" passed="0" failed="0" error="0" timeout="0" aborted="0" inconclusive="0" passedButRunAborted="0" notRunnable="0" notExecuted="0" disconnected="0" warning="0" completed="0" inProgress="0" pending="0" />
    <RunInfos>
      <RunInfo computerName="pkrvmccyg1gnepe" outcome="Warning" timestamp="2025-08-31T02:21:27.5310590+00:00">
        <Text>No test is available in /home/runner/work/dotnet-monorepo/dotnet-monorepo/src/artifacts/bin/umm.App.Tests/release_linux-x64/umm.App.Tests.dll. Make sure that test discoverer &amp; executors are registered and platform &amp; framework version settings are appropriate and try again.</Text>
      </RunInfo>
    </RunInfos>
  </ResultSummary>
</TestRun>