<?xml version="1.0" encoding="utf-8"?>
<TestRun id="35fa035b-c1fa-454f-9ac1-33d67c4a8c9f" name="@runnervmi13qx 2026-01-15 13:47:43" xmlns="http://microsoft.com/schemas/VisualStudio/TeamTest/2010">
  <Times creation="2026-01-15T13:47:43.3500811+00:00" queuing="2026-01-15T13:47:43.3500812+00:00" start="2026-01-15T13:47:42.9152651+00:00" finish="2026-01-15T13:47:43.3505696+00:00" />
  <TestSettings name="default" id="17489784-1c42-4c03-95e3-2a8bb9d75f0c">
    <Deployment runDeploymentRoot="_runnervmi13qx_2026-01-15_13_47_43" />
  </TestSettings>
  <TestLists>
    <TestList name="Results Not in a List" id="8c84fa94-04c1-424b-9868-57a2d4851a1d" />
    <TestList name="All Loaded Results" id="19431567-8539-422a-85d7-44ee4e166bda" />
  </TestLists>
  <ResultSummary outcome="Completed">
    <Counters total="0" executed="0" passed="0" failed="0" error="0" timeout="0" aborted="0" inconclusive="0" passedButRunAborted="0" notRunnable="0" notExecuted="0" disconnected="0" warning="0" completed="0" inProgress="0" pending="0" />
    <RunInfos>
      <RunInfo computerName="runnervmi13qx" outcome="Warning" timestamp="2026-01-15T13:47:43.3004343+00:00">
        <Text>No test is available in /home/runner/work/dotnet-monorepo/dotnet-monorepo/src/artifacts/bin/umm.Vendors.Epub.Tests/release_linux-x64/umm.Vendors.Epub.Tests.dll. Make sure that test discoverer &amp; executors are registered and platform &amp; framework version settings are appropriate and try again.</Text>
      </RunInfo>
    </RunInfos>
  </ResultSummary>
</TestRun>