<?xml version="1.0" encoding="utf-8"?>
<TestRun id="5dbe69c1-517b-49e7-923c-22a073938b51" name="runneradmin@runnervmvmocb 2026-09-19 18:48:47" runUser="runnervmvmocb\runneradmin" xmlns="http://microsoft.com/schemas/VisualStudio/TeamTest/2010">
  <Times creation="2026-09-19T18:48:47.8396146+00:00" queuing="2026-09-19T18:48:47.8396148+00:00" start="2026-09-19T18:48:47.2836707+00:00" finish="2026-09-19T18:48:47.8400632+00:00" />
  <TestSettings name="default" id="4db85ab4-d646-4dd2-80f4-1f1a8bd30589">
    <Deployment runDeploymentRoot="runneradmin_runnervmvmocb_2026-09-19_18_48_47" />
  </TestSettings>
  <TestLists>
    <TestList name="Results Not in a List" id="8c84fa94-04c1-424b-9868-57a2d4851a1d" />
    <TestList name="All Loaded Results" id="19431567-8539-422a-85d7-44ee4e166bda" />
  </TestLists>
  <ResultSummary outcome="Completed">
    <Counters total="0" executed="0" passed="0" failed="0" error="0" timeout="0" aborted="0" inconclusive="0" passedButRunAborted="0" notRunnable="0" notExecuted="0" disconnected="0" warning="0" completed="0" inProgress="0" pending="0" />
    <RunInfos>
      <RunInfo computerName="runnervmvmocb" outcome="Warning" timestamp="2026-09-19T18:48:47.7768170+00:00">
        <Text>No test is available in D:\a\dotnet-monorepo\dotnet-monorepo\src\artifacts\bin\umm.Vendors.Common.Tests\release_win-x64\umm.Vendors.Common.Tests.dll. Make sure that test discoverer &amp; executors are registered and platform &amp; framework version settings are appropriate and try again.</Text>
      </RunInfo>
    </RunInfos>
  </ResultSummary>
</TestRun>