<?xml version="1.0" encoding="utf-8"?>
<TestRun id="f7d14286-0db1-463d-ba4c-32b702ea8592" name="@runnervmf4ws1 2025-09-14 11:52:10" xmlns="http://microsoft.com/schemas/VisualStudio/TeamTest/2010">
  <Times creation="2025-09-14T11:52:10.6570643+00:00" queuing="2025-09-14T11:52:10.6570644+00:00" start="2025-09-14T11:52:10.2087949+00:00" finish="2025-09-14T11:52:10.6574999+00:00" />
  <TestSettings name="default" id="be3fd7db-522f-4027-b6c0-64b215a4ef84">
    <Deployment runDeploymentRoot="_runnervmf4ws1_2025-09-14_11_52_10" />
  </TestSettings>
  <TestLists>
    <TestList name="Results Not in a List" id="8c84fa94-04c1-424b-9868-57a2d4851a1d" />
    <TestList name="All Loaded Results" id="19431567-8539-422a-85d7-44ee4e166bda" />
  </TestLists>
  <ResultSummary outcome="Completed">
    <Counters total="0" executed="0" passed="0" failed="0" error="0" timeout="0" aborted="0" inconclusive="0" passedButRunAborted="0" notRunnable="0" notExecuted="0" disconnected="0" warning="0" completed="0" inProgress="0" pending="0" />
    <RunInfos>
      <RunInfo computerName="runnervmf4ws1" outcome="Warning" timestamp="2025-09-14T11:52:10.6012380+00:00">
        <Text>No test is available in /home/runner/work/dotnet-monorepo/dotnet-monorepo/src/artifacts/bin/umm.Library.Tests/release_linux-x64/umm.Library.Tests.dll. Make sure that test discoverer &amp; executors are registered and platform &amp; framework version settings are appropriate and try again.</Text>
      </RunInfo>
    </RunInfos>
  </ResultSummary>
</TestRun>