<?xml version="1.0" encoding="utf-8"?>
<TestRun id="e6c922c4-d099-45fb-9733-2ac75d7823af" name="@runnervmlun5p 2026-09-19 18:44:38" xmlns="http://microsoft.com/schemas/VisualStudio/TeamTest/2010">
  <Times creation="2026-09-19T18:44:38.4230766+00:00" queuing="2026-09-19T18:44:38.4230767+00:00" start="2026-09-19T18:44:37.9950614+00:00" finish="2026-09-19T18:44:38.4235437+00:00" />
  <TestSettings name="default" id="b56d90f9-aeaf-4d83-a5ac-2a33a76fa9aa">
    <Deployment runDeploymentRoot="_runnervmlun5p_2026-09-19_18_44_38" />
  </TestSettings>
  <TestLists>
    <TestList name="Results Not in a List" id="8c84fa94-04c1-424b-9868-57a2d4851a1d" />
    <TestList name="All Loaded Results" id="19431567-8539-422a-85d7-44ee4e166bda" />
  </TestLists>
  <ResultSummary outcome="Completed">
    <Counters total="0" executed="0" passed="0" failed="0" error="0" timeout="0" aborted="0" inconclusive="0" passedButRunAborted="0" notRunnable="0" notExecuted="0" disconnected="0" warning="0" completed="0" inProgress="0" pending="0" />
    <RunInfos>
      <RunInfo computerName="runnervmlun5p" outcome="Warning" timestamp="2026-09-19T18:44:38.3740551+00:00">
        <Text>No test is available in /home/runner/work/dotnet-monorepo/dotnet-monorepo/src/artifacts/bin/umm.Vendors.Epub.Tests/release_linux-x64/umm.Vendors.Epub.Tests.dll. Make sure that test discoverer &amp; executors are registered and platform &amp; framework version settings are appropriate and try again.</Text>
      </RunInfo>
    </RunInfos>
  </ResultSummary>
</TestRun>