<?xml version="1.0" encoding="utf-8"?>
<TestRun id="89cf3c0b-8b2f-4e47-825a-5265e60a54f5" name="runneradmin@runnervmvmocb 2026-09-25 12:04:05" runUser="runnervmvmocb\runneradmin" xmlns="http://microsoft.com/schemas/VisualStudio/TeamTest/2010">
  <Times creation="2026-09-25T12:04:05.3116827+00:00" queuing="2026-09-25T12:04:05.3116829+00:00" start="2026-09-25T12:04:04.7588181+00:00" finish="2026-09-25T12:04:05.3121480+00:00" />
  <TestSettings name="default" id="9ad9424d-c95b-4623-bb9a-46a028d00688">
    <Deployment runDeploymentRoot="runneradmin_runnervmvmocb_2026-09-25_12_04_05" />
  </TestSettings>
  <TestLists>
    <TestList name="Results Not in a List" id="8c84fa94-04c1-424b-9868-57a2d4851a1d" />
    <TestList name="All Loaded Results" id="19431567-8539-422a-85d7-44ee4e166bda" />
  </TestLists>
  <ResultSummary outcome="Completed">
    <Counters total="0" executed="0" passed="0" failed="0" error="0" timeout="0" aborted="0" inconclusive="0" passedButRunAborted="0" notRunnable="0" notExecuted="0" disconnected="0" warning="0" completed="0" inProgress="0" pending="0" />
    <RunInfos>
      <RunInfo computerName="runnervmvmocb" outcome="Warning" timestamp="2026-09-25T12:04:05.2522626+00:00">
        <Text>No test is available in D:\a\dotnet-monorepo\dotnet-monorepo\src\artifacts\bin\umm.Vendors.Common.Tests\release_win-x64\umm.Vendors.Common.Tests.dll. Make sure that test discoverer &amp; executors are registered and platform &amp; framework version settings are appropriate and try again.</Text>
      </RunInfo>
    </RunInfos>
  </ResultSummary>
</TestRun>