<?xml version="1.0" encoding="utf-8"?>
<TestRun id="6777c61f-15d5-41e1-bee6-b6d46805c6c1" name="runneradmin@runnervmvmocb 2026-09-25 12:04:07" runUser="runnervmvmocb\runneradmin" xmlns="http://microsoft.com/schemas/VisualStudio/TeamTest/2010">
  <Times creation="2026-09-25T12:04:07.2573079+00:00" queuing="2026-09-25T12:04:07.2573081+00:00" start="2026-09-25T12:04:06.7066841+00:00" finish="2026-09-25T12:04:07.2577703+00:00" />
  <TestSettings name="default" id="68c55d4b-ce63-473d-b724-38cf56e42ee0">
    <Deployment runDeploymentRoot="runneradmin_runnervmvmocb_2026-09-25_12_04_07" />
  </TestSettings>
  <TestLists>
    <TestList name="Results Not in a List" id="8c84fa94-04c1-424b-9868-57a2d4851a1d" />
    <TestList name="All Loaded Results" id="19431567-8539-422a-85d7-44ee4e166bda" />
  </TestLists>
  <ResultSummary outcome="Completed">
    <Counters total="0" executed="0" passed="0" failed="0" error="0" timeout="0" aborted="0" inconclusive="0" passedButRunAborted="0" notRunnable="0" notExecuted="0" disconnected="0" warning="0" completed="0" inProgress="0" pending="0" />
    <RunInfos>
      <RunInfo computerName="runnervmvmocb" outcome="Warning" timestamp="2026-09-25T12:04:07.1966867+00:00">
        <Text>No test is available in D:\a\dotnet-monorepo\dotnet-monorepo\src\artifacts\bin\umm.Vendors.Epub.Tests\release_win-x64\umm.Vendors.Epub.Tests.dll. Make sure that test discoverer &amp; executors are registered and platform &amp; framework version settings are appropriate and try again.</Text>
      </RunInfo>
    </RunInfos>
  </ResultSummary>
</TestRun>