<?xml version="1.0" encoding="utf-8"?>
<TestRun id="c2215ed2-3cfc-48c5-86d6-15b31198f815" name="runneradmin@runnervmifolv 2025-09-14 11:55:26" runUser="runnervmifolv\runneradmin" xmlns="http://microsoft.com/schemas/VisualStudio/TeamTest/2010">
  <Times creation="2025-09-14T11:55:26.0405755+00:00" queuing="2025-09-14T11:55:26.0405759+00:00" start="2025-09-14T11:55:25.5562543+00:00" finish="2025-09-14T11:55:26.0409838+00:00" />
  <TestSettings name="default" id="d8f1c3ee-58cc-4204-84e9-4375197642e2">
    <Deployment runDeploymentRoot="runneradmin_runnervmifolv_2025-09-14_11_55_26" />
  </TestSettings>
  <TestLists>
    <TestList name="Results Not in a List" id="8c84fa94-04c1-424b-9868-57a2d4851a1d" />
    <TestList name="All Loaded Results" id="19431567-8539-422a-85d7-44ee4e166bda" />
  </TestLists>
  <ResultSummary outcome="Completed">
    <Counters total="0" executed="0" passed="0" failed="0" error="0" timeout="0" aborted="0" inconclusive="0" passedButRunAborted="0" notRunnable="0" notExecuted="0" disconnected="0" warning="0" completed="0" inProgress="0" pending="0" />
    <RunInfos>
      <RunInfo computerName="runnervmifolv" outcome="Warning" timestamp="2025-09-14T11:55:25.9871441+00:00">
        <Text>No test is available in D:\a\dotnet-monorepo\dotnet-monorepo\src\artifacts\bin\umm.Vendors.Epub.Tests\release_win-x64\umm.Vendors.Epub.Tests.dll. Make sure that test discoverer &amp; executors are registered and platform &amp; framework version settings are appropriate and try again.</Text>
      </RunInfo>
    </RunInfos>
  </ResultSummary>
</TestRun>