<?xml version="1.0" encoding="utf-8"?>
<TestRun id="085532a8-2aca-453c-ac74-99db545105f0" name="@Mac-1754092111524 2025-08-01 23:56:36" xmlns="http://microsoft.com/schemas/VisualStudio/TeamTest/2010">
  <Times creation="2025-08-01T23:56:36.1847600+00:00" queuing="2025-08-01T23:56:36.1847600+00:00" start="2025-08-01T23:56:35.4699200+00:00" finish="2025-08-01T23:56:36.1852690+00:00" />
  <TestSettings name="default" id="8c5185f6-24b9-44c0-b3ff-64aa45d1022b">
    <Deployment runDeploymentRoot="_Mac-1754092111524_2025-08-01_23_56_36" />
  </TestSettings>
  <TestLists>
    <TestList name="Results Not in a List" id="8c84fa94-04c1-424b-9868-57a2d4851a1d" />
    <TestList name="All Loaded Results" id="19431567-8539-422a-85d7-44ee4e166bda" />
  </TestLists>
  <ResultSummary outcome="Completed">
    <Counters total="0" executed="0" passed="0" failed="0" error="0" timeout="0" aborted="0" inconclusive="0" passedButRunAborted="0" notRunnable="0" notExecuted="0" disconnected="0" warning="0" completed="0" inProgress="0" pending="0" />
    <RunInfos>
      <RunInfo computerName="Mac-1754092111524" outcome="Warning" timestamp="2025-08-01T23:56:36.1229110+00:00">
        <Text>No test is available in /Users/runner/work/dotnet-monorepo/dotnet-monorepo/src/artifacts/bin/umm.Vendors.Epub.Tests/release_osx-x64/umm.Vendors.Epub.Tests.dll. Make sure that test discoverer &amp; executors are registered and platform &amp; framework version settings are appropriate and try again.</Text>
      </RunInfo>
    </RunInfos>
  </ResultSummary>
</TestRun>