<?xml version="1.0" encoding="utf-8"?>
<TestRun id="af52812a-49b8-418a-a2e2-5f078d086f7d" name="runneradmin@runnervmj2eup 2025-08-25 12:09:18" runUser="runnervmj2eup\runneradmin" xmlns="http://microsoft.com/schemas/VisualStudio/TeamTest/2010">
  <Times creation="2025-08-25T12:09:18.0876341+00:00" queuing="2025-08-25T12:09:18.0876342+00:00" start="2025-08-25T12:09:17.6304442+00:00" finish="2025-08-25T12:09:18.0880351+00:00" />
  <TestSettings name="default" id="32c22d50-8a59-4112-a46a-51e043ac08d8">
    <Deployment runDeploymentRoot="runneradmin_runnervmj2eup_2025-08-25_12_09_18" />
  </TestSettings>
  <TestLists>
    <TestList name="Results Not in a List" id="8c84fa94-04c1-424b-9868-57a2d4851a1d" />
    <TestList name="All Loaded Results" id="19431567-8539-422a-85d7-44ee4e166bda" />
  </TestLists>
  <ResultSummary outcome="Completed">
    <Counters total="0" executed="0" passed="0" failed="0" error="0" timeout="0" aborted="0" inconclusive="0" passedButRunAborted="0" notRunnable="0" notExecuted="0" disconnected="0" warning="0" completed="0" inProgress="0" pending="0" />
    <RunInfos>
      <RunInfo computerName="runnervmj2eup" outcome="Warning" timestamp="2025-08-25T12:09:18.0363000+00:00">
        <Text>No test is available in D:\a\dotnet-monorepo\dotnet-monorepo\src\artifacts\bin\umm.Vendors.Common.Tests\release_win-x64\umm.Vendors.Common.Tests.dll. Make sure that test discoverer &amp; executors are registered and platform &amp; framework version settings are appropriate and try again.</Text>
      </RunInfo>
    </RunInfos>
  </ResultSummary>
</TestRun>