<?xml version="1.0" encoding="utf-8"?>
<TestRun id="d6591126-4043-489e-977d-07bd762505a2" name="@runnervm1li68 2026-06-11 01:53:43" xmlns="http://microsoft.com/schemas/VisualStudio/TeamTest/2010">
  <Times creation="2026-06-11T01:53:43.4185970+00:00" queuing="2026-06-11T01:53:43.4185970+00:00" start="2026-06-11T01:53:42.9400880+00:00" finish="2026-06-11T01:53:43.4190954+00:00" />
  <TestSettings name="default" id="eefb3873-bbf9-4b7f-b4a3-0b634b86efb0">
    <Deployment runDeploymentRoot="_runnervm1li68_2026-06-11_01_53_43" />
  </TestSettings>
  <TestLists>
    <TestList name="Results Not in a List" id="8c84fa94-04c1-424b-9868-57a2d4851a1d" />
    <TestList name="All Loaded Results" id="19431567-8539-422a-85d7-44ee4e166bda" />
  </TestLists>
  <ResultSummary outcome="Completed">
    <Counters total="0" executed="0" passed="0" failed="0" error="0" timeout="0" aborted="0" inconclusive="0" passedButRunAborted="0" notRunnable="0" notExecuted="0" disconnected="0" warning="0" completed="0" inProgress="0" pending="0" />
    <RunInfos>
      <RunInfo computerName="runnervm1li68" outcome="Warning" timestamp="2026-06-11T01:53:43.3647596+00:00">
        <Text>No test is available in /home/runner/work/dotnet-monorepo/dotnet-monorepo/src/artifacts/bin/umm.Vendors.Epub.Tests/release_linux-x64/umm.Vendors.Epub.Tests.dll. Make sure that test discoverer &amp; executors are registered and platform &amp; framework version settings are appropriate and try again.</Text>
      </RunInfo>
    </RunInfos>
  </ResultSummary>
</TestRun>