<?xml version="1.0" encoding="utf-8"?>
<TestRun id="04ba3584-6f7b-4f7c-82f2-6569fc96451b" name="runneradmin@runnervmo3n6x 2026-06-29 21:41:56" runUser="runnervmo3n6x\runneradmin" xmlns="http://microsoft.com/schemas/VisualStudio/TeamTest/2010">
  <Times creation="2026-06-29T21:41:56.6556096+00:00" queuing="2026-06-29T21:41:56.6556098+00:00" start="2026-06-29T21:41:56.0685001+00:00" finish="2026-06-29T21:41:56.6560586+00:00" />
  <TestSettings name="default" id="bfa5f53b-e240-4fa3-906e-44c0c5f0d36a">
    <Deployment runDeploymentRoot="runneradmin_runnervmo3n6x_2026-06-29_21_41_56" />
  </TestSettings>
  <TestLists>
    <TestList name="Results Not in a List" id="8c84fa94-04c1-424b-9868-57a2d4851a1d" />
    <TestList name="All Loaded Results" id="19431567-8539-422a-85d7-44ee4e166bda" />
  </TestLists>
  <ResultSummary outcome="Completed">
    <Counters total="0" executed="0" passed="0" failed="0" error="0" timeout="0" aborted="0" inconclusive="0" passedButRunAborted="0" notRunnable="0" notExecuted="0" disconnected="0" warning="0" completed="0" inProgress="0" pending="0" />
    <RunInfos>
      <RunInfo computerName="runnervmo3n6x" outcome="Warning" timestamp="2026-06-29T21:41:56.5953445+00:00">
        <Text>No test is available in D:\a\dotnet-monorepo\dotnet-monorepo\src\artifacts\bin\umm.Vendors.Common.Tests\release_win-x64\umm.Vendors.Common.Tests.dll. Make sure that test discoverer &amp; executors are registered and platform &amp; framework version settings are appropriate and try again.</Text>
      </RunInfo>
    </RunInfos>
  </ResultSummary>
</TestRun>