<?xml version="1.0" encoding="utf-8"?>
<TestRun id="394e5e60-e8d8-4893-a2df-5119ffd5a4bf" name="@runnervmf4ws1 2025-09-14 11:52:49" xmlns="http://microsoft.com/schemas/VisualStudio/TeamTest/2010">
  <Times creation="2025-09-14T11:52:49.1302326+00:00" queuing="2025-09-14T11:52:49.1302327+00:00" start="2025-09-14T11:52:48.6718255+00:00" finish="2025-09-14T11:52:49.1306637+00:00" />
  <TestSettings name="default" id="e0391270-e570-42b0-8c20-40c827a15242">
    <Deployment runDeploymentRoot="_runnervmf4ws1_2025-09-14_11_52_49" />
  </TestSettings>
  <TestLists>
    <TestList name="Results Not in a List" id="8c84fa94-04c1-424b-9868-57a2d4851a1d" />
    <TestList name="All Loaded Results" id="19431567-8539-422a-85d7-44ee4e166bda" />
  </TestLists>
  <ResultSummary outcome="Completed">
    <Counters total="0" executed="0" passed="0" failed="0" error="0" timeout="0" aborted="0" inconclusive="0" passedButRunAborted="0" notRunnable="0" notExecuted="0" disconnected="0" warning="0" completed="0" inProgress="0" pending="0" />
    <RunInfos>
      <RunInfo computerName="runnervmf4ws1" outcome="Warning" timestamp="2025-09-14T11:52:49.0731869+00:00">
        <Text>No test is available in /home/runner/work/dotnet-monorepo/dotnet-monorepo/src/artifacts/bin/umm.Vendors.Common.Tests/release_linux-x64/umm.Vendors.Common.Tests.dll. Make sure that test discoverer &amp; executors are registered and platform &amp; framework version settings are appropriate and try again.</Text>
      </RunInfo>
    </RunInfos>
  </ResultSummary>
</TestRun>