<?xml version="1.0" encoding="utf-8"?>
<TestRun id="02fa13e2-6083-4a3f-9aa1-36137c2729f6" name="runneradmin@runnervmkjq7x 2026-03-14 14:14:08" runUser="runnervmkjq7x\runneradmin" xmlns="http://microsoft.com/schemas/VisualStudio/TeamTest/2010">
  <Times creation="2026-03-14T14:14:08.1287197+00:00" queuing="2026-03-14T14:14:08.1287198+00:00" start="2026-03-14T14:14:07.5512653+00:00" finish="2026-03-14T14:14:08.1291830+00:00" />
  <TestSettings name="default" id="00d8efcd-ac4a-4a87-85b1-e87a6883e2c2">
    <Deployment runDeploymentRoot="runneradmin_runnervmkjq7x_2026-03-14_14_14_08" />
  </TestSettings>
  <TestLists>
    <TestList name="Results Not in a List" id="8c84fa94-04c1-424b-9868-57a2d4851a1d" />
    <TestList name="All Loaded Results" id="19431567-8539-422a-85d7-44ee4e166bda" />
  </TestLists>
  <ResultSummary outcome="Completed">
    <Counters total="0" executed="0" passed="0" failed="0" error="0" timeout="0" aborted="0" inconclusive="0" passedButRunAborted="0" notRunnable="0" notExecuted="0" disconnected="0" warning="0" completed="0" inProgress="0" pending="0" />
    <RunInfos>
      <RunInfo computerName="runnervmkjq7x" outcome="Warning" timestamp="2026-03-14T14:14:08.0705642+00:00">
        <Text>No test is available in D:\a\dotnet-monorepo\dotnet-monorepo\src\artifacts\bin\umm.Vendors.Common.Tests\release_win-x64\umm.Vendors.Common.Tests.dll. Make sure that test discoverer &amp; executors are registered and platform &amp; framework version settings are appropriate and try again.</Text>
      </RunInfo>
    </RunInfos>
  </ResultSummary>
</TestRun>