<?xml version="1.0" encoding="utf-8"?>
<TestRun id="924da8e2-81ab-4072-8148-c01edb823254" name="@runnervmmklqx 2026-06-29 21:36:58" xmlns="http://microsoft.com/schemas/VisualStudio/TeamTest/2010">
  <Times creation="2026-06-29T21:36:58.9005573+00:00" queuing="2026-06-29T21:36:58.9005573+00:00" start="2026-06-29T21:36:58.4314994+00:00" finish="2026-06-29T21:36:58.9010798+00:00" />
  <TestSettings name="default" id="54233194-1b5d-4c1c-9b8c-935a71620457">
    <Deployment runDeploymentRoot="_runnervmmklqx_2026-06-29_21_36_58" />
  </TestSettings>
  <TestLists>
    <TestList name="Results Not in a List" id="8c84fa94-04c1-424b-9868-57a2d4851a1d" />
    <TestList name="All Loaded Results" id="19431567-8539-422a-85d7-44ee4e166bda" />
  </TestLists>
  <ResultSummary outcome="Completed">
    <Counters total="0" executed="0" passed="0" failed="0" error="0" timeout="0" aborted="0" inconclusive="0" passedButRunAborted="0" notRunnable="0" notExecuted="0" disconnected="0" warning="0" completed="0" inProgress="0" pending="0" />
    <RunInfos>
      <RunInfo computerName="runnervmmklqx" outcome="Warning" timestamp="2026-06-29T21:36:58.8483672+00:00">
        <Text>No test is available in /home/runner/work/dotnet-monorepo/dotnet-monorepo/src/artifacts/bin/umm.Vendors.Epub.Tests/release_linux-x64/umm.Vendors.Epub.Tests.dll. Make sure that test discoverer &amp; executors are registered and platform &amp; framework version settings are appropriate and try again.</Text>
      </RunInfo>
    </RunInfos>
  </ResultSummary>
</TestRun>