<?xml version="1.0" encoding="utf-8"?>
<TestRun id="8c9d851c-c05f-4baa-9711-dda050d1fe65" name="runneradmin@runnervmybtk3 2026-01-15 13:51:03" runUser="runnervmybtk3\runneradmin" xmlns="http://microsoft.com/schemas/VisualStudio/TeamTest/2010">
  <Times creation="2026-01-15T13:51:03.5944486+00:00" queuing="2026-01-15T13:51:03.5944488+00:00" start="2026-01-15T13:51:03.1004177+00:00" finish="2026-01-15T13:51:03.5949154+00:00" />
  <TestSettings name="default" id="82847f86-de1e-49ec-a7d0-5fdcddf8558a">
    <Deployment runDeploymentRoot="runneradmin_runnervmybtk3_2026-01-15_13_51_03" />
  </TestSettings>
  <TestLists>
    <TestList name="Results Not in a List" id="8c84fa94-04c1-424b-9868-57a2d4851a1d" />
    <TestList name="All Loaded Results" id="19431567-8539-422a-85d7-44ee4e166bda" />
  </TestLists>
  <ResultSummary outcome="Completed">
    <Counters total="0" executed="0" passed="0" failed="0" error="0" timeout="0" aborted="0" inconclusive="0" passedButRunAborted="0" notRunnable="0" notExecuted="0" disconnected="0" warning="0" completed="0" inProgress="0" pending="0" />
    <RunInfos>
      <RunInfo computerName="runnervmybtk3" outcome="Warning" timestamp="2026-01-15T13:51:03.5438223+00:00">
        <Text>No test is available in D:\a\dotnet-monorepo\dotnet-monorepo\src\artifacts\bin\umm.SearchIndex.Tests\release_win-x64\umm.SearchIndex.Tests.dll. Make sure that test discoverer &amp; executors are registered and platform &amp; framework version settings are appropriate and try again.</Text>
      </RunInfo>
    </RunInfos>
  </ResultSummary>
</TestRun>