<?xml version="1.0" encoding="utf-8"?>
<TestRun id="ded79dce-2fda-4b99-9bcf-4edfce950684" name="@runnervmymu0l 2026-01-25 21:36:33" xmlns="http://microsoft.com/schemas/VisualStudio/TeamTest/2010">
  <Times creation="2026-01-25T21:36:33.5273264+00:00" queuing="2026-01-25T21:36:33.5273265+00:00" start="2026-01-25T21:36:33.0507399+00:00" finish="2026-01-25T21:36:33.5277929+00:00" />
  <TestSettings name="default" id="998cb6e3-a320-4049-b71d-d8525e1e9c1d">
    <Deployment runDeploymentRoot="_runnervmymu0l_2026-01-25_21_36_33" />
  </TestSettings>
  <TestLists>
    <TestList name="Results Not in a List" id="8c84fa94-04c1-424b-9868-57a2d4851a1d" />
    <TestList name="All Loaded Results" id="19431567-8539-422a-85d7-44ee4e166bda" />
  </TestLists>
  <ResultSummary outcome="Completed">
    <Counters total="0" executed="0" passed="0" failed="0" error="0" timeout="0" aborted="0" inconclusive="0" passedButRunAborted="0" notRunnable="0" notExecuted="0" disconnected="0" warning="0" completed="0" inProgress="0" pending="0" />
    <RunInfos>
      <RunInfo computerName="runnervmymu0l" outcome="Warning" timestamp="2026-01-25T21:36:33.4750775+00:00">
        <Text>No test is available in /home/runner/work/dotnet-monorepo/dotnet-monorepo/src/artifacts/bin/umm.Vendors.Epub.Tests/release_linux-x64/umm.Vendors.Epub.Tests.dll. Make sure that test discoverer &amp; executors are registered and platform &amp; framework version settings are appropriate and try again.</Text>
      </RunInfo>
    </RunInfos>
  </ResultSummary>
</TestRun>