<?xml version="1.0" encoding="utf-8"?>
<TestRun id="f21db8fa-9147-48a4-b9b7-d91da78adec8" name="runneradmin@runnervmybtk3 2026-01-09 12:50:37" runUser="runnervmybtk3\runneradmin" xmlns="http://microsoft.com/schemas/VisualStudio/TeamTest/2010">
  <Times creation="2026-01-09T12:50:37.8678566+00:00" queuing="2026-01-09T12:50:37.8678569+00:00" start="2026-01-09T12:50:37.3299745+00:00" finish="2026-01-09T12:50:37.8682641+00:00" />
  <TestSettings name="default" id="27fe5e48-b56a-47d9-9784-50a703ae7cde">
    <Deployment runDeploymentRoot="runneradmin_runnervmybtk3_2026-01-09_12_50_37" />
  </TestSettings>
  <TestLists>
    <TestList name="Results Not in a List" id="8c84fa94-04c1-424b-9868-57a2d4851a1d" />
    <TestList name="All Loaded Results" id="19431567-8539-422a-85d7-44ee4e166bda" />
  </TestLists>
  <ResultSummary outcome="Completed">
    <Counters total="0" executed="0" passed="0" failed="0" error="0" timeout="0" aborted="0" inconclusive="0" passedButRunAborted="0" notRunnable="0" notExecuted="0" disconnected="0" warning="0" completed="0" inProgress="0" pending="0" />
    <RunInfos>
      <RunInfo computerName="runnervmybtk3" outcome="Warning" timestamp="2026-01-09T12:50:37.8134377+00:00">
        <Text>No test is available in D:\a\dotnet-monorepo\dotnet-monorepo\src\artifacts\bin\umm.Vendors.Epub.Tests\release_win-x64\umm.Vendors.Epub.Tests.dll. Make sure that test discoverer &amp; executors are registered and platform &amp; framework version settings are appropriate and try again.</Text>
      </RunInfo>
    </RunInfos>
  </ResultSummary>
</TestRun>