<?xml version="1.0" encoding="utf-8"?>
<TestRun id="aa93da0d-544d-4930-9987-08e2a222be73" name="runneradmin@runnervmlu3mh 2026-06-11 01:57:15" runUser="runnervmlu3mh\runneradmin" xmlns="http://microsoft.com/schemas/VisualStudio/TeamTest/2010">
  <Times creation="2026-06-11T01:57:15.1921187+00:00" queuing="2026-06-11T01:57:15.1921190+00:00" start="2026-06-11T01:57:14.7319524+00:00" finish="2026-06-11T01:57:15.1925380+00:00" />
  <TestSettings name="default" id="03973f05-f5b4-4aa6-8d5b-2a45d2518435">
    <Deployment runDeploymentRoot="runneradmin_runnervmlu3mh_2026-06-11_01_57_15" />
  </TestSettings>
  <TestLists>
    <TestList name="Results Not in a List" id="8c84fa94-04c1-424b-9868-57a2d4851a1d" />
    <TestList name="All Loaded Results" id="19431567-8539-422a-85d7-44ee4e166bda" />
  </TestLists>
  <ResultSummary outcome="Completed">
    <Counters total="0" executed="0" passed="0" failed="0" error="0" timeout="0" aborted="0" inconclusive="0" passedButRunAborted="0" notRunnable="0" notExecuted="0" disconnected="0" warning="0" completed="0" inProgress="0" pending="0" />
    <RunInfos>
      <RunInfo computerName="runnervmlu3mh" outcome="Warning" timestamp="2026-06-11T01:57:15.1445678+00:00">
        <Text>No test is available in D:\a\dotnet-monorepo\dotnet-monorepo\src\artifacts\bin\umm.Vendors.Common.Tests\release_win-x64\umm.Vendors.Common.Tests.dll. Make sure that test discoverer &amp; executors are registered and platform &amp; framework version settings are appropriate and try again.</Text>
      </RunInfo>
    </RunInfos>
  </ResultSummary>
</TestRun>