<?xml version="1.0" encoding="utf-8"?>
<TestRun id="6431114b-4b0a-4b12-bec0-6179baad8c7b" name="@runnervmnay03 2026-02-27 03:58:48" xmlns="http://microsoft.com/schemas/VisualStudio/TeamTest/2010">
  <Times creation="2026-02-27T03:58:48.5326106+00:00" queuing="2026-02-27T03:58:48.5326107+00:00" start="2026-02-27T03:58:48.0776873+00:00" finish="2026-02-27T03:58:48.5330558+00:00" />
  <TestSettings name="default" id="7dcddfc7-db03-49a3-9fe3-5686de5dfedd">
    <Deployment runDeploymentRoot="_runnervmnay03_2026-02-27_03_58_48" />
  </TestSettings>
  <TestLists>
    <TestList name="Results Not in a List" id="8c84fa94-04c1-424b-9868-57a2d4851a1d" />
    <TestList name="All Loaded Results" id="19431567-8539-422a-85d7-44ee4e166bda" />
  </TestLists>
  <ResultSummary outcome="Completed">
    <Counters total="0" executed="0" passed="0" failed="0" error="0" timeout="0" aborted="0" inconclusive="0" passedButRunAborted="0" notRunnable="0" notExecuted="0" disconnected="0" warning="0" completed="0" inProgress="0" pending="0" />
    <RunInfos>
      <RunInfo computerName="runnervmnay03" outcome="Warning" timestamp="2026-02-27T03:58:48.4818707+00:00">
        <Text>No test is available in /home/runner/work/dotnet-monorepo/dotnet-monorepo/src/artifacts/bin/umm.Vendors.Epub.Tests/release_linux-x64/umm.Vendors.Epub.Tests.dll. Make sure that test discoverer &amp; executors are registered and platform &amp; framework version settings are appropriate and try again.</Text>
      </RunInfo>
    </RunInfos>
  </ResultSummary>
</TestRun>