<?xml version="1.0" encoding="utf-8"?>
<TestRun id="450de946-7724-40a0-a1c2-e82b73b9a969" name="@runnervmwffz4 2026-02-21 14:55:41" xmlns="http://microsoft.com/schemas/VisualStudio/TeamTest/2010">
  <Times creation="2026-02-21T14:55:41.1679318+00:00" queuing="2026-02-21T14:55:41.1679319+00:00" start="2026-02-21T14:55:40.7150081+00:00" finish="2026-02-21T14:55:41.1683999+00:00" />
  <TestSettings name="default" id="47b59ffb-282e-41e2-9d75-d7d296b8b379">
    <Deployment runDeploymentRoot="_runnervmwffz4_2026-02-21_14_55_41" />
  </TestSettings>
  <TestLists>
    <TestList name="Results Not in a List" id="8c84fa94-04c1-424b-9868-57a2d4851a1d" />
    <TestList name="All Loaded Results" id="19431567-8539-422a-85d7-44ee4e166bda" />
  </TestLists>
  <ResultSummary outcome="Completed">
    <Counters total="0" executed="0" passed="0" failed="0" error="0" timeout="0" aborted="0" inconclusive="0" passedButRunAborted="0" notRunnable="0" notExecuted="0" disconnected="0" warning="0" completed="0" inProgress="0" pending="0" />
    <RunInfos>
      <RunInfo computerName="runnervmwffz4" outcome="Warning" timestamp="2026-02-21T14:55:41.1162537+00:00">
        <Text>No test is available in /home/runner/work/dotnet-monorepo/dotnet-monorepo/src/artifacts/bin/umm.Vendors.Epub.Tests/release_linux-x64/umm.Vendors.Epub.Tests.dll. Make sure that test discoverer &amp; executors are registered and platform &amp; framework version settings are appropriate and try again.</Text>
      </RunInfo>
    </RunInfos>
  </ResultSummary>
</TestRun>