<?xml version="1.0" encoding="utf-8"?>
<TestRun id="3573b852-9e9c-4deb-bee2-85828dfb9a44" name="@runnervm7b5n9 2026-06-20 18:44:52" xmlns="http://microsoft.com/schemas/VisualStudio/TeamTest/2010">
  <Times creation="2026-06-20T18:44:52.9081231+00:00" queuing="2026-06-20T18:44:52.9081231+00:00" start="2026-06-20T18:44:52.4394663+00:00" finish="2026-06-20T18:44:52.9086182+00:00" />
  <TestSettings name="default" id="40d92d09-784a-4d54-9e9d-e4c01fc0655c">
    <Deployment runDeploymentRoot="_runnervm7b5n9_2026-06-20_18_44_52" />
  </TestSettings>
  <TestLists>
    <TestList name="Results Not in a List" id="8c84fa94-04c1-424b-9868-57a2d4851a1d" />
    <TestList name="All Loaded Results" id="19431567-8539-422a-85d7-44ee4e166bda" />
  </TestLists>
  <ResultSummary outcome="Completed">
    <Counters total="0" executed="0" passed="0" failed="0" error="0" timeout="0" aborted="0" inconclusive="0" passedButRunAborted="0" notRunnable="0" notExecuted="0" disconnected="0" warning="0" completed="0" inProgress="0" pending="0" />
    <RunInfos>
      <RunInfo computerName="runnervm7b5n9" outcome="Warning" timestamp="2026-06-20T18:44:52.8562923+00:00">
        <Text>No test is available in /home/runner/work/dotnet-monorepo/dotnet-monorepo/src/artifacts/bin/umm.Vendors.Epub.Tests/release_linux-x64/umm.Vendors.Epub.Tests.dll. Make sure that test discoverer &amp; executors are registered and platform &amp; framework version settings are appropriate and try again.</Text>
      </RunInfo>
    </RunInfos>
  </ResultSummary>
</TestRun>