<?xml version="1.0" encoding="utf-8"?>
<TestRun id="53cf5de4-0a04-4167-b63a-f700b314930e" name="runneradmin@runnervmih882 2026-06-20 18:49:35" runUser="runnervmih882\runneradmin" xmlns="http://microsoft.com/schemas/VisualStudio/TeamTest/2010">
  <Times creation="2026-06-20T18:49:35.8307704+00:00" queuing="2026-06-20T18:49:35.8307707+00:00" start="2026-06-20T18:49:35.2362596+00:00" finish="2026-06-20T18:49:35.8312297+00:00" />
  <TestSettings name="default" id="7aefc326-25ae-40f6-964c-01624e47c1f8">
    <Deployment runDeploymentRoot="runneradmin_runnervmih882_2026-06-20_18_49_35" />
  </TestSettings>
  <TestLists>
    <TestList name="Results Not in a List" id="8c84fa94-04c1-424b-9868-57a2d4851a1d" />
    <TestList name="All Loaded Results" id="19431567-8539-422a-85d7-44ee4e166bda" />
  </TestLists>
  <ResultSummary outcome="Completed">
    <Counters total="0" executed="0" passed="0" failed="0" error="0" timeout="0" aborted="0" inconclusive="0" passedButRunAborted="0" notRunnable="0" notExecuted="0" disconnected="0" warning="0" completed="0" inProgress="0" pending="0" />
    <RunInfos>
      <RunInfo computerName="runnervmih882" outcome="Warning" timestamp="2026-06-20T18:49:35.7638150+00:00">
        <Text>No test is available in D:\a\dotnet-monorepo\dotnet-monorepo\src\artifacts\bin\umm.Vendors.Epub.Tests\release_win-x64\umm.Vendors.Epub.Tests.dll. Make sure that test discoverer &amp; executors are registered and platform &amp; framework version settings are appropriate and try again.</Text>
      </RunInfo>
    </RunInfos>
  </ResultSummary>
</TestRun>