<?xml version="1.0" encoding="utf-8"?>
<TestRun id="4da0b8cb-c38b-4e6f-afa0-9d6399ca6788" name="runneradmin@runnervmxu3fp 2026-04-27 03:05:10" runUser="runnervmxu3fp\runneradmin" xmlns="http://microsoft.com/schemas/VisualStudio/TeamTest/2010">
  <Times creation="2026-04-27T03:05:10.8918428+00:00" queuing="2026-04-27T03:05:10.8918431+00:00" start="2026-04-27T03:05:10.2795462+00:00" finish="2026-04-27T03:05:10.8924147+00:00" />
  <TestSettings name="default" id="b924a779-5ad0-489b-b2a8-ecd0b9f3ed2d">
    <Deployment runDeploymentRoot="runneradmin_runnervmxu3fp_2026-04-27_03_05_10" />
  </TestSettings>
  <TestLists>
    <TestList name="Results Not in a List" id="8c84fa94-04c1-424b-9868-57a2d4851a1d" />
    <TestList name="All Loaded Results" id="19431567-8539-422a-85d7-44ee4e166bda" />
  </TestLists>
  <ResultSummary outcome="Completed">
    <Counters total="0" executed="0" passed="0" failed="0" error="0" timeout="0" aborted="0" inconclusive="0" passedButRunAborted="0" notRunnable="0" notExecuted="0" disconnected="0" warning="0" completed="0" inProgress="0" pending="0" />
    <RunInfos>
      <RunInfo computerName="runnervmxu3fp" outcome="Warning" timestamp="2026-04-27T03:05:10.8283159+00:00">
        <Text>No test is available in D:\a\dotnet-monorepo\dotnet-monorepo\src\artifacts\bin\umm.Vendors.Epub.Tests\release_win-x64\umm.Vendors.Epub.Tests.dll. Make sure that test discoverer &amp; executors are registered and platform &amp; framework version settings are appropriate and try again.</Text>
      </RunInfo>
    </RunInfos>
  </ResultSummary>
</TestRun>