<?xml version="1.0" encoding="utf-8"?>
<TestRun id="eac892f5-723f-4650-985c-deca07382967" name="runneradmin@runnervmxfv8o 2026-01-25 21:40:15" runUser="runnervmxfv8o\runneradmin" xmlns="http://microsoft.com/schemas/VisualStudio/TeamTest/2010">
  <Times creation="2026-01-25T21:40:15.5286164+00:00" queuing="2026-01-25T21:40:15.5286166+00:00" start="2026-01-25T21:40:15.0224376+00:00" finish="2026-01-25T21:40:15.5290443+00:00" />
  <TestSettings name="default" id="36566d9c-7c5c-4f15-988f-6c4cd693f0db">
    <Deployment runDeploymentRoot="runneradmin_runnervmxfv8o_2026-01-25_21_40_15" />
  </TestSettings>
  <TestLists>
    <TestList name="Results Not in a List" id="8c84fa94-04c1-424b-9868-57a2d4851a1d" />
    <TestList name="All Loaded Results" id="19431567-8539-422a-85d7-44ee4e166bda" />
  </TestLists>
  <ResultSummary outcome="Completed">
    <Counters total="0" executed="0" passed="0" failed="0" error="0" timeout="0" aborted="0" inconclusive="0" passedButRunAborted="0" notRunnable="0" notExecuted="0" disconnected="0" warning="0" completed="0" inProgress="0" pending="0" />
    <RunInfos>
      <RunInfo computerName="runnervmxfv8o" outcome="Warning" timestamp="2026-01-25T21:40:15.4770910+00:00">
        <Text>No test is available in D:\a\dotnet-monorepo\dotnet-monorepo\src\artifacts\bin\umm.Vendors.Epub.Tests\release_win-x64\umm.Vendors.Epub.Tests.dll. Make sure that test discoverer &amp; executors are registered and platform &amp; framework version settings are appropriate and try again.</Text>
      </RunInfo>
    </RunInfos>
  </ResultSummary>
</TestRun>