<?xml version="1.0" encoding="utf-8"?>
<TestRun id="fba2bfd1-c207-4779-af43-1e880f27078b" name="runneradmin@runnervm0hlvn 2025-08-31 02:23:12" runUser="runnervm0hlvn\runneradmin" xmlns="http://microsoft.com/schemas/VisualStudio/TeamTest/2010">
  <Times creation="2025-08-31T02:23:12.4270325+00:00" queuing="2025-08-31T02:23:12.4270327+00:00" start="2025-08-31T02:23:11.9521721+00:00" finish="2025-08-31T02:23:12.4274374+00:00" />
  <TestSettings name="default" id="da8c0f11-7a6e-48be-a570-9502cc8a54fa">
    <Deployment runDeploymentRoot="runneradmin_runnervm0hlvn_2025-08-31_02_23_12" />
  </TestSettings>
  <TestLists>
    <TestList name="Results Not in a List" id="8c84fa94-04c1-424b-9868-57a2d4851a1d" />
    <TestList name="All Loaded Results" id="19431567-8539-422a-85d7-44ee4e166bda" />
  </TestLists>
  <ResultSummary outcome="Completed">
    <Counters total="0" executed="0" passed="0" failed="0" error="0" timeout="0" aborted="0" inconclusive="0" passedButRunAborted="0" notRunnable="0" notExecuted="0" disconnected="0" warning="0" completed="0" inProgress="0" pending="0" />
    <RunInfos>
      <RunInfo computerName="runnervm0hlvn" outcome="Warning" timestamp="2025-08-31T02:23:12.3737988+00:00">
        <Text>No test is available in D:\a\dotnet-monorepo\dotnet-monorepo\src\artifacts\bin\umm.Vendors.Epub.Tests\release_win-x64\umm.Vendors.Epub.Tests.dll. Make sure that test discoverer &amp; executors are registered and platform &amp; framework version settings are appropriate and try again.</Text>
      </RunInfo>
    </RunInfos>
  </ResultSummary>
</TestRun>