<?xml version="1.0" encoding="utf-8"?>
<TestRun id="6bd1a1d6-77ef-40a5-b42e-2948a3b46eb0" name="runneradmin@runnervm0hlvn 2025-08-31 02:23:11" runUser="runnervm0hlvn\runneradmin" xmlns="http://microsoft.com/schemas/VisualStudio/TeamTest/2010">
  <Times creation="2025-08-31T02:23:11.0628476+00:00" queuing="2025-08-31T02:23:11.0628479+00:00" start="2025-08-31T02:23:10.5906267+00:00" finish="2025-08-31T02:23:11.0633247+00:00" />
  <TestSettings name="default" id="21224f01-a9ab-4b82-bb3c-268ac9526d7c">
    <Deployment runDeploymentRoot="runneradmin_runnervm0hlvn_2025-08-31_02_23_11" />
  </TestSettings>
  <TestLists>
    <TestList name="Results Not in a List" id="8c84fa94-04c1-424b-9868-57a2d4851a1d" />
    <TestList name="All Loaded Results" id="19431567-8539-422a-85d7-44ee4e166bda" />
  </TestLists>
  <ResultSummary outcome="Completed">
    <Counters total="0" executed="0" passed="0" failed="0" error="0" timeout="0" aborted="0" inconclusive="0" passedButRunAborted="0" notRunnable="0" notExecuted="0" disconnected="0" warning="0" completed="0" inProgress="0" pending="0" />
    <RunInfos>
      <RunInfo computerName="runnervm0hlvn" outcome="Warning" timestamp="2025-08-31T02:23:11.0083504+00:00">
        <Text>No test is available in D:\a\dotnet-monorepo\dotnet-monorepo\src\artifacts\bin\umm.Vendors.Common.Tests\release_win-x64\umm.Vendors.Common.Tests.dll. Make sure that test discoverer &amp; executors are registered and platform &amp; framework version settings are appropriate and try again.</Text>
      </RunInfo>
    </RunInfos>
  </ResultSummary>
</TestRun>