<?xml version="1.0" encoding="utf-8"?>
<TestRun id="99260239-af9e-4574-a2ea-94363f7ae86f" name="runneradmin@runnervm4i34c 2025-08-14 21:59:02" runUser="runnervm4i34c\runneradmin" xmlns="http://microsoft.com/schemas/VisualStudio/TeamTest/2010">
  <Times creation="2025-08-14T21:59:02.0931535+00:00" queuing="2025-08-14T21:59:02.0931537+00:00" start="2025-08-14T21:59:01.5130659+00:00" finish="2025-08-14T21:59:02.1318012+00:00" />
  <TestSettings name="default" id="eb9bd3fe-fc27-457f-b5fc-77b346f1eaba">
    <Deployment runDeploymentRoot="runneradmin_runnervm4i34c_2025-08-14_21_59_02" />
  </TestSettings>
  <Results>
    <UnitTestResult executionId="81c575a0-cb45-459b-9803-7b3576e5e212" testId="b7949501-dd00-e42e-08ec-0b01f240879f" testName="TestSlugify (&quot;a - b&quot;,&quot;a-b&quot;)" computerName="runnervm4i34c" duration="00:00:00.0000051" startTime="2025-08-14T21:59:02.0523464+00:00" endTime="2025-08-14T21:59:02.0523903+00:00" testType="13cdc9d9-ddb5-4fa4-a97d-d965ccfc6d4b" outcome="Passed" testListId="8c84fa94-04c1-424b-9868-57a2d4851a1d" relativeResultsDirectory="81c575a0-cb45-459b-9803-7b3576e5e212" />
    <UnitTestResult executionId="c86bd489-13f9-49b2-8697-05c829ce346d" testId="68347d6d-014e-fb96-80e6-9a59909def33" testName="TestLongestCommonPrefix (&quot;ab&quot;,&quot;abc&quot;,&quot;ab&quot;)" computerName="runnervm4i34c" duration="00:00:00.0000073" startTime="2025-08-14T21:59:02.0563413+00:00" endTime="2025-08-14T21:59:02.0564144+00:00" testType="13cdc9d9-ddb5-4fa4-a97d-d965ccfc6d4b" outcome="Passed" testListId="8c84fa94-04c1-424b-9868-57a2d4851a1d" relativeResultsDirectory="c86bd489-13f9-49b2-8697-05c829ce346d" />
    <UnitTestResult executionId="c7464310-2e40-4303-9559-6f5f87652d01" testId="905fa321-00bc-cf78-6872-ee27f66003f2" testName="TestIntToPaddedString (-1,10,&quot;-01&quot;)" computerName="runnervm4i34c" duration="00:00:00.0000046" startTime="2025-08-14T21:59:02.0175544+00:00" endTime="2025-08-14T21:59:02.0175975+00:00" testType="13cdc9d9-ddb5-4fa4-a97d-d965ccfc6d4b" outcome="Passed" testListId="8c84fa94-04c1-424b-9868-57a2d4851a1d" relativeResultsDirectory="c7464310-2e40-4303-9559-6f5f87652d01" />
    <UnitTestResult executionId="9796b24a-3c45-48af-889f-b86e625b55c9" testId="05b34ccd-140b-53e1-83ac-3bbcf5f170bb" testName="TestIntToPaddedString (-1,9,&quot;-1&quot;)" computerName="runnervm4i34c" duration="00:00:00.0000071" startTime="2025-08-14T21:59:02.0174886+00:00" endTime="2025-08-14T21:59:02.0175389+00:00" testType="13cdc9d9-ddb5-4fa4-a97d-d965ccfc6d4b" outcome="Passed" testListId="8c84fa94-04c1-424b-9868-57a2d4851a1d" relativeResultsDirectory="9796b24a-3c45-48af-889f-b86e625b55c9" />
    <UnitTestResult executionId="64270281-5aeb-4f37-a157-87f33a42a734" testId="2e09dfd4-af8f-6090-daa3-9b8e5d3178b8" testName="TestLongestCommonPrefix (&quot;ab&quot;,&quot;ab&quot;,&quot;abc&quot;)" computerName="runnervm4i34c" duration="00:00:00.0000115" startTime="2025-08-14T21:59:02.0559385+00:00" endTime="2025-08-14T21:59:02.0563105+00:00" testType="13cdc9d9-ddb5-4fa4-a97d-d965ccfc6d4b" outcome="Passed" testListId="8c84fa94-04c1-424b-9868-57a2d4851a1d" relativeResultsDirectory="64270281-5aeb-4f37-a157-87f33a42a734" />
    <UnitTestResult executionId="61dba4a7-c46d-4746-b0d5-aab75d71626a" testId="5ecc4d90-ae9e-85a7-c3c1-545bad2e9646" testName="TestIntToPaddedString (1,101,&quot;001&quot;)" computerName="runnervm4i34c" duration="00:00:00.0000047" startTime="2025-08-14T21:59:02.0174101+00:00" endTime="2025-08-14T21:59:02.0174712+00:00" testType="13cdc9d9-ddb5-4fa4-a97d-d965ccfc6d4b" outcome="Passed" testListId="8c84fa94-04c1-424b-9868-57a2d4851a1d" relativeResultsDirectory="61dba4a7-c46d-4746-b0d5-aab75d71626a" />
    <UnitTestResult executionId="0d9faeae-ca00-4fab-97f1-579aaacb0278" testId="7c2d3d0c-c860-fb35-079f-8d65ca13e5bd" testName="TestIntToPaddedString (0,100,&quot;000&quot;)" computerName="runnervm4i34c" duration="00:00:00.0053096" startTime="2025-08-14T21:59:01.9915171+00:00" endTime="2025-08-14T21:59:02.0122639+00:00" testType="13cdc9d9-ddb5-4fa4-a97d-d965ccfc6d4b" outcome="Passed" testListId="8c84fa94-04c1-424b-9868-57a2d4851a1d" relativeResultsDirectory="0d9faeae-ca00-4fab-97f1-579aaacb0278" />
    <UnitTestResult executionId="62071aa8-1cca-4c8b-a075-25e6fe8420a2" testId="13ef7854-9f0e-6c15-ce2b-2db8e99b280e" testName="TestSlugify (&quot;a!=b&quot;,&quot;ab&quot;)" computerName="runnervm4i34c" duration="00:00:00.0002119" startTime="2025-08-14T21:59:02.0519011+00:00" endTime="2025-08-14T21:59:02.0521732+00:00" testType="13cdc9d9-ddb5-4fa4-a97d-d965ccfc6d4b" outcome="Passed" testListId="8c84fa94-04c1-424b-9868-57a2d4851a1d" relativeResultsDirectory="62071aa8-1cca-4c8b-a075-25e6fe8420a2" />
    <UnitTestResult executionId="74a0c433-8344-4c9f-8d9c-24a6c91729b5" testId="0596324c-2695-0dfd-9ae1-97b939dc7f6a" testName="TestIntToPaddedString (-1,99,&quot;-01&quot;)" computerName="runnervm4i34c" duration="00:00:00.0000065" startTime="2025-08-14T21:59:02.0505275+00:00" endTime="2025-08-14T21:59:02.0505828+00:00" testType="13cdc9d9-ddb5-4fa4-a97d-d965ccfc6d4b" outcome="Passed" testListId="8c84fa94-04c1-424b-9868-57a2d4851a1d" relativeResultsDirectory="74a0c433-8344-4c9f-8d9c-24a6c91729b5" />
    <UnitTestResult executionId="708b4806-8432-4437-b597-29df28e068e7" testId="9f533fdb-624c-49e5-11ee-0c6ebc524a4f" testName="TestIntToPaddedString (1,10,&quot;01&quot;)" computerName="runnervm4i34c" duration="00:00:00.0000085" startTime="2025-08-14T21:59:02.0171136+00:00" endTime="2025-08-14T21:59:02.0171942+00:00" testType="13cdc9d9-ddb5-4fa4-a97d-d965ccfc6d4b" outcome="Passed" testListId="8c84fa94-04c1-424b-9868-57a2d4851a1d" relativeResultsDirectory="708b4806-8432-4437-b597-29df28e068e7" />
    <UnitTestResult executionId="6ee955c6-30fa-48c1-9a04-963e7a9dcae3" testId="59448ffc-e83e-eaf0-ca86-b666b7b086f9" testName="TestIntToPaddedString (1,9,&quot;1&quot;)" computerName="runnervm4i34c" duration="00:00:00.0003633" startTime="2025-08-14T21:59:02.0161238+00:00" endTime="2025-08-14T21:59:02.0168731+00:00" testType="13cdc9d9-ddb5-4fa4-a97d-d965ccfc6d4b" outcome="Passed" testListId="8c84fa94-04c1-424b-9868-57a2d4851a1d" relativeResultsDirectory="6ee955c6-30fa-48c1-9a04-963e7a9dcae3" />
    <UnitTestResult executionId="6b036b07-8f5f-4f91-85ce-a5970cbf0d1b" testId="0a0f921a-26f1-2b7b-6cef-7448fafaff47" testName="TestSlugify (&quot;Abc-DEF&quot;,&quot;abc-def&quot;)" computerName="runnervm4i34c" duration="00:00:00.0000087" startTime="2025-08-14T21:59:02.0539464+00:00" endTime="2025-08-14T21:59:02.0540243+00:00" testType="13cdc9d9-ddb5-4fa4-a97d-d965ccfc6d4b" outcome="Passed" testListId="8c84fa94-04c1-424b-9868-57a2d4851a1d" relativeResultsDirectory="6b036b07-8f5f-4f91-85ce-a5970cbf0d1b" />
    <UnitTestResult executionId="721f8528-89b7-456a-bdd9-2f2c55c8c483" testId="89e9f9e4-a5e1-fcd5-f349-d1d7158fad3c" testName="TestIntToPaddedString (-1,11,&quot;-01&quot;)" computerName="runnervm4i34c" duration="00:00:00.0000210" startTime="2025-08-14T21:59:02.0503399+00:00" endTime="2025-08-14T21:59:02.0504769+00:00" testType="13cdc9d9-ddb5-4fa4-a97d-d965ccfc6d4b" outcome="Passed" testListId="8c84fa94-04c1-424b-9868-57a2d4851a1d" relativeResultsDirectory="721f8528-89b7-456a-bdd9-2f2c55c8c483" />
    <UnitTestResult executionId="ea8fbf8a-d4ed-40d1-9eef-6db39c783f6b" testId="87340580-4ff3-84ca-c6f9-646d0df3b112" testName="TestSlugify (&quot;a- -b&quot;,&quot;a-b&quot;)" computerName="runnervm4i34c" duration="00:00:00.0000055" startTime="2025-08-14T21:59:02.0522877+00:00" endTime="2025-08-14T21:59:02.0523309+00:00" testType="13cdc9d9-ddb5-4fa4-a97d-d965ccfc6d4b" outcome="Passed" testListId="8c84fa94-04c1-424b-9868-57a2d4851a1d" relativeResultsDirectory="ea8fbf8a-d4ed-40d1-9eef-6db39c783f6b" />
    <UnitTestResult executionId="b0e2fe95-25cb-4a5e-9f8d-e36091d46f92" testId="c6f72b31-e018-3e2f-e31f-2280a965e3b7" testName="TestIntToPaddedString (1,100,&quot;001&quot;)" computerName="runnervm4i34c" duration="00:00:00.0000048" startTime="2025-08-14T21:59:02.0173438+00:00" endTime="2025-08-14T21:59:02.0173937+00:00" testType="13cdc9d9-ddb5-4fa4-a97d-d965ccfc6d4b" outcome="Passed" testListId="8c84fa94-04c1-424b-9868-57a2d4851a1d" relativeResultsDirectory="b0e2fe95-25cb-4a5e-9f8d-e36091d46f92" />
    <UnitTestResult executionId="ef6edf47-64e9-4e02-a550-f3015fbcbfca" testId="73c200d4-0179-f23f-e874-5529af9cfb10" testName="TestIntToPaddedString (1,99,&quot;01&quot;)" computerName="runnervm4i34c" duration="00:00:00.0000048" startTime="2025-08-14T21:59:02.0172819+00:00" endTime="2025-08-14T21:59:02.0173275+00:00" testType="13cdc9d9-ddb5-4fa4-a97d-d965ccfc6d4b" outcome="Passed" testListId="8c84fa94-04c1-424b-9868-57a2d4851a1d" relativeResultsDirectory="ef6edf47-64e9-4e02-a550-f3015fbcbfca" />
    <UnitTestResult executionId="d5f0e5a3-edd5-4e28-8f69-cfe628b7d63a" testId="b2e71588-0d10-1546-31ef-7b0118d37b0b" testName="TestSlugify (&quot;a_b&quot;,&quot;a-b&quot;)" computerName="runnervm4i34c" duration="00:00:00.0000103" startTime="2025-08-14T21:59:02.0540515+00:00" endTime="2025-08-14T21:59:02.0541016+00:00" testType="13cdc9d9-ddb5-4fa4-a97d-d965ccfc6d4b" outcome="Passed" testListId="8c84fa94-04c1-424b-9868-57a2d4851a1d" relativeResultsDirectory="d5f0e5a3-edd5-4e28-8f69-cfe628b7d63a" />
    <UnitTestResult executionId="99d4e803-40c9-4ac6-a05d-112ed3fdf85c" testId="30a7f46c-51eb-0a8e-7b0f-50f68458c4a9" testName="TestSlugify (&quot;a &#x9;&#xA;b&quot;,&quot;a-b&quot;)" computerName="runnervm4i34c" duration="00:00:00.0000068" startTime="2025-08-14T21:59:02.0522096+00:00" endTime="2025-08-14T21:59:02.0522673+00:00" testType="13cdc9d9-ddb5-4fa4-a97d-d965ccfc6d4b" outcome="Passed" testListId="8c84fa94-04c1-424b-9868-57a2d4851a1d" relativeResultsDirectory="99d4e803-40c9-4ac6-a05d-112ed3fdf85c" />
    <UnitTestResult executionId="7c7bc2c9-f53a-4eaf-949f-42b71d2b9615" testId="f3941f59-5a45-f255-ef3e-3423b48052bc" testName="TestSlugify (&quot;ä ö ü&quot;,&quot;a-o-u&quot;)" computerName="runnervm4i34c" duration="00:00:00.0000760" startTime="2025-08-14T21:59:02.0541191+00:00" endTime="2025-08-14T21:59:02.0542455+00:00" testType="13cdc9d9-ddb5-4fa4-a97d-d965ccfc6d4b" outcome="Passed" testListId="8c84fa94-04c1-424b-9868-57a2d4851a1d" relativeResultsDirectory="7c7bc2c9-f53a-4eaf-949f-42b71d2b9615" />
    <UnitTestResult executionId="3186da5b-7354-455c-a051-f83b770b1a56" testId="4ed356bd-cc22-7262-e29f-62031d221a0c" testName="TestLongestCommonPrefix (&quot;&quot;,&quot;abc&quot;,&quot;&quot;)" computerName="runnervm4i34c" duration="00:00:00.0000063" startTime="2025-08-14T21:59:02.0574481+00:00" endTime="2025-08-14T21:59:02.0581897+00:00" testType="13cdc9d9-ddb5-4fa4-a97d-d965ccfc6d4b" outcome="Passed" testListId="8c84fa94-04c1-424b-9868-57a2d4851a1d" relativeResultsDirectory="3186da5b-7354-455c-a051-f83b770b1a56" />
    <UnitTestResult executionId="c787697d-ee3e-4234-ba31-b2504b01cb41" testId="4cbec960-b40c-18f8-d17d-e715be412ea1" testName="TestLongestCommonPrefix (&quot;&quot;)" computerName="runnervm4i34c" duration="00:00:00.0003524" startTime="2025-08-14T21:59:02.0544258+00:00" endTime="2025-08-14T21:59:02.0549745+00:00" testType="13cdc9d9-ddb5-4fa4-a97d-d965ccfc6d4b" outcome="Passed" testListId="8c84fa94-04c1-424b-9868-57a2d4851a1d" relativeResultsDirectory="c787697d-ee3e-4234-ba31-b2504b01cb41" />
    <UnitTestResult executionId="62aca4a0-e98c-413c-bdd6-34abc896e9b3" testId="f1e653ce-75d7-fb40-bd08-81ae5b14ef1b" testName="TestIntToPaddedString (-1,100,&quot;-001&quot;)" computerName="runnervm4i34c" duration="00:00:00.0000094" startTime="2025-08-14T21:59:02.0506016+00:00" endTime="2025-08-14T21:59:02.0506559+00:00" testType="13cdc9d9-ddb5-4fa4-a97d-d965ccfc6d4b" outcome="Passed" testListId="8c84fa94-04c1-424b-9868-57a2d4851a1d" relativeResultsDirectory="62aca4a0-e98c-413c-bdd6-34abc896e9b3" />
    <UnitTestResult executionId="29af28e2-6571-4463-8345-263438ba2e35" testId="8a775d92-5427-1749-f100-e7ffbe21f38a" testName="TestLongestCommonPrefix (&quot;a&quot;,&quot;a1&quot;,&quot;a2&quot;,&quot;a3&quot;)" computerName="runnervm4i34c" duration="00:00:00.0004657" startTime="2025-08-14T21:59:02.0550004+00:00" endTime="2025-08-14T21:59:02.0559007+00:00" testType="13cdc9d9-ddb5-4fa4-a97d-d965ccfc6d4b" outcome="Passed" testListId="8c84fa94-04c1-424b-9868-57a2d4851a1d" relativeResultsDirectory="29af28e2-6571-4463-8345-263438ba2e35" />
    <UnitTestResult executionId="485ac8a5-9201-43e5-acad-83c078c0d871" testId="6aa4a69f-2d57-5665-03d0-c37478fc9d10" testName="TestIntToPaddedString (-1,101,&quot;-001&quot;)" computerName="runnervm4i34c" duration="00:00:00.0000046" startTime="2025-08-14T21:59:02.0506726+00:00" endTime="2025-08-14T21:59:02.0513275+00:00" testType="13cdc9d9-ddb5-4fa4-a97d-d965ccfc6d4b" outcome="Passed" testListId="8c84fa94-04c1-424b-9868-57a2d4851a1d" relativeResultsDirectory="485ac8a5-9201-43e5-acad-83c078c0d871" />
    <UnitTestResult executionId="27db8ccb-1f46-4234-9ad7-40f7af5d3304" testId="7ed87f6c-038b-3088-c7cc-939417006f1f" testName="TestSlugify (&quot;Ä Ö Ü&quot;,&quot;a-o-u&quot;)" computerName="runnervm4i34c" duration="00:00:00.0000095" startTime="2025-08-14T21:59:02.0542757+00:00" endTime="2025-08-14T21:59:02.0543341+00:00" testType="13cdc9d9-ddb5-4fa4-a97d-d965ccfc6d4b" outcome="Passed" testListId="8c84fa94-04c1-424b-9868-57a2d4851a1d" relativeResultsDirectory="27db8ccb-1f46-4234-9ad7-40f7af5d3304" />
    <UnitTestResult executionId="420e133d-57fb-4b28-99c4-2004b0c6f8b1" testId="73775732-2906-be3f-e115-f3854c907656" testName="TestLongestCommonPrefix (&quot;&quot;,&quot;&quot;,&quot;abc&quot;)" computerName="runnervm4i34c" duration="00:00:00.0000072" startTime="2025-08-14T21:59:02.0573407+00:00" endTime="2025-08-14T21:59:02.0574215+00:00" testType="13cdc9d9-ddb5-4fa4-a97d-d965ccfc6d4b" outcome="Passed" testListId="8c84fa94-04c1-424b-9868-57a2d4851a1d" relativeResultsDirectory="420e133d-57fb-4b28-99c4-2004b0c6f8b1" />
    <UnitTestResult executionId="7e07cadd-3489-4c0a-9f41-c70e41f92182" testId="d4883779-b459-c157-8b32-167852cf136a" testName="TestSlugify (&quot;!- -a- -!&quot;,&quot;a&quot;)" computerName="runnervm4i34c" duration="00:00:00.0004199" startTime="2025-08-14T21:59:02.0513559+00:00" endTime="2025-08-14T21:59:02.0518740+00:00" testType="13cdc9d9-ddb5-4fa4-a97d-d965ccfc6d4b" outcome="Passed" testListId="8c84fa94-04c1-424b-9868-57a2d4851a1d" relativeResultsDirectory="7e07cadd-3489-4c0a-9f41-c70e41f92182" />
    <UnitTestResult executionId="131c2e1a-3f8c-43dc-9826-0ac61c4e07d5" testId="6ebca444-4638-4da3-7776-8faa88983cbd" testName="TestIntToPaddedString (1,11,&quot;01&quot;)" computerName="runnervm4i34c" duration="00:00:00.0000080" startTime="2025-08-14T21:59:02.0172148+00:00" endTime="2025-08-14T21:59:02.0172653+00:00" testType="13cdc9d9-ddb5-4fa4-a97d-d965ccfc6d4b" outcome="Passed" testListId="8c84fa94-04c1-424b-9868-57a2d4851a1d" relativeResultsDirectory="131c2e1a-3f8c-43dc-9826-0ac61c4e07d5" />
    <UnitTestResult executionId="821bc5eb-c916-4382-9227-51e6488143f2" testId="3111426e-7cf2-fc95-7afe-647cdf87edaf" testName="TestSlugify (&quot;a1 b2 c3&quot;,&quot;a1-b2-c3&quot;)" computerName="runnervm4i34c" duration="00:00:00.0000058" startTime="2025-08-14T21:59:02.0543551+00:00" endTime="2025-08-14T21:59:02.0544080+00:00" testType="13cdc9d9-ddb5-4fa4-a97d-d965ccfc6d4b" outcome="Passed" testListId="8c84fa94-04c1-424b-9868-57a2d4851a1d" relativeResultsDirectory="821bc5eb-c916-4382-9227-51e6488143f2" />
  </Results>
  <TestDefinitions>
    <UnitTest name="TestIntToPaddedString (1,11,&quot;01&quot;)" storage="d:\a\dotnet-monorepo\dotnet-monorepo\src\artifacts\bin\utils.tests\release_win-x64\utils.tests.dll" id="6ebca444-4638-4da3-7776-8faa88983cbd">
      <Execution id="131c2e1a-3f8c-43dc-9826-0ac61c4e07d5" />
      <TestMethod codeBase="D:\a\dotnet-monorepo\dotnet-monorepo\src\artifacts\bin\Utils.Tests\release_win-x64\Utils.Tests.dll" adapterTypeName="executor://mstestadapter/v2" className="Utils.Tests.ConversionTests" name="TestIntToPaddedString" />
    </UnitTest>
    <UnitTest name="TestSlugify (&quot;a- -b&quot;,&quot;a-b&quot;)" storage="d:\a\dotnet-monorepo\dotnet-monorepo\src\artifacts\bin\utils.tests\release_win-x64\utils.tests.dll" id="87340580-4ff3-84ca-c6f9-646d0df3b112">
      <Execution id="ea8fbf8a-d4ed-40d1-9eef-6db39c783f6b" />
      <TestMethod codeBase="D:\a\dotnet-monorepo\dotnet-monorepo\src\artifacts\bin\Utils.Tests\release_win-x64\Utils.Tests.dll" adapterTypeName="executor://mstestadapter/v2" className="Utils.Tests.StringTests" name="TestSlugify" />
    </UnitTest>
    <UnitTest name="TestIntToPaddedString (-1,100,&quot;-001&quot;)" storage="d:\a\dotnet-monorepo\dotnet-monorepo\src\artifacts\bin\utils.tests\release_win-x64\utils.tests.dll" id="f1e653ce-75d7-fb40-bd08-81ae5b14ef1b">
      <Execution id="62aca4a0-e98c-413c-bdd6-34abc896e9b3" />
      <TestMethod codeBase="D:\a\dotnet-monorepo\dotnet-monorepo\src\artifacts\bin\Utils.Tests\release_win-x64\Utils.Tests.dll" adapterTypeName="executor://mstestadapter/v2" className="Utils.Tests.ConversionTests" name="TestIntToPaddedString" />
    </UnitTest>
    <UnitTest name="TestLongestCommonPrefix (&quot;ab&quot;,&quot;abc&quot;,&quot;ab&quot;)" storage="d:\a\dotnet-monorepo\dotnet-monorepo\src\artifacts\bin\utils.tests\release_win-x64\utils.tests.dll" id="68347d6d-014e-fb96-80e6-9a59909def33">
      <Execution id="c86bd489-13f9-49b2-8697-05c829ce346d" />
      <TestMethod codeBase="D:\a\dotnet-monorepo\dotnet-monorepo\src\artifacts\bin\Utils.Tests\release_win-x64\Utils.Tests.dll" adapterTypeName="executor://mstestadapter/v2" className="Utils.Tests.StringTests" name="TestLongestCommonPrefix" />
    </UnitTest>
    <UnitTest name="TestSlugify (&quot;a_b&quot;,&quot;a-b&quot;)" storage="d:\a\dotnet-monorepo\dotnet-monorepo\src\artifacts\bin\utils.tests\release_win-x64\utils.tests.dll" id="b2e71588-0d10-1546-31ef-7b0118d37b0b">
      <Execution id="d5f0e5a3-edd5-4e28-8f69-cfe628b7d63a" />
      <TestMethod codeBase="D:\a\dotnet-monorepo\dotnet-monorepo\src\artifacts\bin\Utils.Tests\release_win-x64\Utils.Tests.dll" adapterTypeName="executor://mstestadapter/v2" className="Utils.Tests.StringTests" name="TestSlugify" />
    </UnitTest>
    <UnitTest name="TestIntToPaddedString (1,10,&quot;01&quot;)" storage="d:\a\dotnet-monorepo\dotnet-monorepo\src\artifacts\bin\utils.tests\release_win-x64\utils.tests.dll" id="9f533fdb-624c-49e5-11ee-0c6ebc524a4f">
      <Execution id="708b4806-8432-4437-b597-29df28e068e7" />
      <TestMethod codeBase="D:\a\dotnet-monorepo\dotnet-monorepo\src\artifacts\bin\Utils.Tests\release_win-x64\Utils.Tests.dll" adapterTypeName="executor://mstestadapter/v2" className="Utils.Tests.ConversionTests" name="TestIntToPaddedString" />
    </UnitTest>
    <UnitTest name="TestIntToPaddedString (-1,99,&quot;-01&quot;)" storage="d:\a\dotnet-monorepo\dotnet-monorepo\src\artifacts\bin\utils.tests\release_win-x64\utils.tests.dll" id="0596324c-2695-0dfd-9ae1-97b939dc7f6a">
      <Execution id="74a0c433-8344-4c9f-8d9c-24a6c91729b5" />
      <TestMethod codeBase="D:\a\dotnet-monorepo\dotnet-monorepo\src\artifacts\bin\Utils.Tests\release_win-x64\Utils.Tests.dll" adapterTypeName="executor://mstestadapter/v2" className="Utils.Tests.ConversionTests" name="TestIntToPaddedString" />
    </UnitTest>
    <UnitTest name="TestSlugify (&quot;Abc-DEF&quot;,&quot;abc-def&quot;)" storage="d:\a\dotnet-monorepo\dotnet-monorepo\src\artifacts\bin\utils.tests\release_win-x64\utils.tests.dll" id="0a0f921a-26f1-2b7b-6cef-7448fafaff47">
      <Execution id="6b036b07-8f5f-4f91-85ce-a5970cbf0d1b" />
      <TestMethod codeBase="D:\a\dotnet-monorepo\dotnet-monorepo\src\artifacts\bin\Utils.Tests\release_win-x64\Utils.Tests.dll" adapterTypeName="executor://mstestadapter/v2" className="Utils.Tests.StringTests" name="TestSlugify" />
    </UnitTest>
    <UnitTest name="TestIntToPaddedString (1,101,&quot;001&quot;)" storage="d:\a\dotnet-monorepo\dotnet-monorepo\src\artifacts\bin\utils.tests\release_win-x64\utils.tests.dll" id="5ecc4d90-ae9e-85a7-c3c1-545bad2e9646">
      <Execution id="61dba4a7-c46d-4746-b0d5-aab75d71626a" />
      <TestMethod codeBase="D:\a\dotnet-monorepo\dotnet-monorepo\src\artifacts\bin\Utils.Tests\release_win-x64\Utils.Tests.dll" adapterTypeName="executor://mstestadapter/v2" className="Utils.Tests.ConversionTests" name="TestIntToPaddedString" />
    </UnitTest>
    <UnitTest name="TestSlugify (&quot;a - b&quot;,&quot;a-b&quot;)" storage="d:\a\dotnet-monorepo\dotnet-monorepo\src\artifacts\bin\utils.tests\release_win-x64\utils.tests.dll" id="b7949501-dd00-e42e-08ec-0b01f240879f">
      <Execution id="81c575a0-cb45-459b-9803-7b3576e5e212" />
      <TestMethod codeBase="D:\a\dotnet-monorepo\dotnet-monorepo\src\artifacts\bin\Utils.Tests\release_win-x64\Utils.Tests.dll" adapterTypeName="executor://mstestadapter/v2" className="Utils.Tests.StringTests" name="TestSlugify" />
    </UnitTest>
    <UnitTest name="TestSlugify (&quot;a!=b&quot;,&quot;ab&quot;)" storage="d:\a\dotnet-monorepo\dotnet-monorepo\src\artifacts\bin\utils.tests\release_win-x64\utils.tests.dll" id="13ef7854-9f0e-6c15-ce2b-2db8e99b280e">
      <Execution id="62071aa8-1cca-4c8b-a075-25e6fe8420a2" />
      <TestMethod codeBase="D:\a\dotnet-monorepo\dotnet-monorepo\src\artifacts\bin\Utils.Tests\release_win-x64\Utils.Tests.dll" adapterTypeName="executor://mstestadapter/v2" className="Utils.Tests.StringTests" name="TestSlugify" />
    </UnitTest>
    <UnitTest name="TestLongestCommonPrefix (&quot;a&quot;,&quot;a1&quot;,&quot;a2&quot;,&quot;a3&quot;)" storage="d:\a\dotnet-monorepo\dotnet-monorepo\src\artifacts\bin\utils.tests\release_win-x64\utils.tests.dll" id="8a775d92-5427-1749-f100-e7ffbe21f38a">
      <Execution id="29af28e2-6571-4463-8345-263438ba2e35" />
      <TestMethod codeBase="D:\a\dotnet-monorepo\dotnet-monorepo\src\artifacts\bin\Utils.Tests\release_win-x64\Utils.Tests.dll" adapterTypeName="executor://mstestadapter/v2" className="Utils.Tests.StringTests" name="TestLongestCommonPrefix" />
    </UnitTest>
    <UnitTest name="TestIntToPaddedString (0,100,&quot;000&quot;)" storage="d:\a\dotnet-monorepo\dotnet-monorepo\src\artifacts\bin\utils.tests\release_win-x64\utils.tests.dll" id="7c2d3d0c-c860-fb35-079f-8d65ca13e5bd">
      <Execution id="0d9faeae-ca00-4fab-97f1-579aaacb0278" />
      <TestMethod codeBase="D:\a\dotnet-monorepo\dotnet-monorepo\src\artifacts\bin\Utils.Tests\release_win-x64\Utils.Tests.dll" adapterTypeName="executor://mstestadapter/v2" className="Utils.Tests.ConversionTests" name="TestIntToPaddedString" />
    </UnitTest>
    <UnitTest name="TestLongestCommonPrefix (&quot;&quot;)" storage="d:\a\dotnet-monorepo\dotnet-monorepo\src\artifacts\bin\utils.tests\release_win-x64\utils.tests.dll" id="4cbec960-b40c-18f8-d17d-e715be412ea1">
      <Execution id="c787697d-ee3e-4234-ba31-b2504b01cb41" />
      <TestMethod codeBase="D:\a\dotnet-monorepo\dotnet-monorepo\src\artifacts\bin\Utils.Tests\release_win-x64\Utils.Tests.dll" adapterTypeName="executor://mstestadapter/v2" className="Utils.Tests.StringTests" name="TestLongestCommonPrefix" />
    </UnitTest>
    <UnitTest name="TestIntToPaddedString (-1,101,&quot;-001&quot;)" storage="d:\a\dotnet-monorepo\dotnet-monorepo\src\artifacts\bin\utils.tests\release_win-x64\utils.tests.dll" id="6aa4a69f-2d57-5665-03d0-c37478fc9d10">
      <Execution id="485ac8a5-9201-43e5-acad-83c078c0d871" />
      <TestMethod codeBase="D:\a\dotnet-monorepo\dotnet-monorepo\src\artifacts\bin\Utils.Tests\release_win-x64\Utils.Tests.dll" adapterTypeName="executor://mstestadapter/v2" className="Utils.Tests.ConversionTests" name="TestIntToPaddedString" />
    </UnitTest>
    <UnitTest name="TestIntToPaddedString (1,100,&quot;001&quot;)" storage="d:\a\dotnet-monorepo\dotnet-monorepo\src\artifacts\bin\utils.tests\release_win-x64\utils.tests.dll" id="c6f72b31-e018-3e2f-e31f-2280a965e3b7">
      <Execution id="b0e2fe95-25cb-4a5e-9f8d-e36091d46f92" />
      <TestMethod codeBase="D:\a\dotnet-monorepo\dotnet-monorepo\src\artifacts\bin\Utils.Tests\release_win-x64\Utils.Tests.dll" adapterTypeName="executor://mstestadapter/v2" className="Utils.Tests.ConversionTests" name="TestIntToPaddedString" />
    </UnitTest>
    <UnitTest name="TestSlugify (&quot;Ä Ö Ü&quot;,&quot;a-o-u&quot;)" storage="d:\a\dotnet-monorepo\dotnet-monorepo\src\artifacts\bin\utils.tests\release_win-x64\utils.tests.dll" id="7ed87f6c-038b-3088-c7cc-939417006f1f">
      <Execution id="27db8ccb-1f46-4234-9ad7-40f7af5d3304" />
      <TestMethod codeBase="D:\a\dotnet-monorepo\dotnet-monorepo\src\artifacts\bin\Utils.Tests\release_win-x64\Utils.Tests.dll" adapterTypeName="executor://mstestadapter/v2" className="Utils.Tests.StringTests" name="TestSlugify" />
    </UnitTest>
    <UnitTest name="TestIntToPaddedString (1,9,&quot;1&quot;)" storage="d:\a\dotnet-monorepo\dotnet-monorepo\src\artifacts\bin\utils.tests\release_win-x64\utils.tests.dll" id="59448ffc-e83e-eaf0-ca86-b666b7b086f9">
      <Execution id="6ee955c6-30fa-48c1-9a04-963e7a9dcae3" />
      <TestMethod codeBase="D:\a\dotnet-monorepo\dotnet-monorepo\src\artifacts\bin\Utils.Tests\release_win-x64\Utils.Tests.dll" adapterTypeName="executor://mstestadapter/v2" className="Utils.Tests.ConversionTests" name="TestIntToPaddedString" />
    </UnitTest>
    <UnitTest name="TestIntToPaddedString (-1,11,&quot;-01&quot;)" storage="d:\a\dotnet-monorepo\dotnet-monorepo\src\artifacts\bin\utils.tests\release_win-x64\utils.tests.dll" id="89e9f9e4-a5e1-fcd5-f349-d1d7158fad3c">
      <Execution id="721f8528-89b7-456a-bdd9-2f2c55c8c483" />
      <TestMethod codeBase="D:\a\dotnet-monorepo\dotnet-monorepo\src\artifacts\bin\Utils.Tests\release_win-x64\Utils.Tests.dll" adapterTypeName="executor://mstestadapter/v2" className="Utils.Tests.ConversionTests" name="TestIntToPaddedString" />
    </UnitTest>
    <UnitTest name="TestLongestCommonPrefix (&quot;&quot;,&quot;&quot;,&quot;abc&quot;)" storage="d:\a\dotnet-monorepo\dotnet-monorepo\src\artifacts\bin\utils.tests\release_win-x64\utils.tests.dll" id="73775732-2906-be3f-e115-f3854c907656">
      <Execution id="420e133d-57fb-4b28-99c4-2004b0c6f8b1" />
      <TestMethod codeBase="D:\a\dotnet-monorepo\dotnet-monorepo\src\artifacts\bin\Utils.Tests\release_win-x64\Utils.Tests.dll" adapterTypeName="executor://mstestadapter/v2" className="Utils.Tests.StringTests" name="TestLongestCommonPrefix" />
    </UnitTest>
    <UnitTest name="TestLongestCommonPrefix (&quot;ab&quot;,&quot;ab&quot;,&quot;abc&quot;)" storage="d:\a\dotnet-monorepo\dotnet-monorepo\src\artifacts\bin\utils.tests\release_win-x64\utils.tests.dll" id="2e09dfd4-af8f-6090-daa3-9b8e5d3178b8">
      <Execution id="64270281-5aeb-4f37-a157-87f33a42a734" />
      <TestMethod codeBase="D:\a\dotnet-monorepo\dotnet-monorepo\src\artifacts\bin\Utils.Tests\release_win-x64\Utils.Tests.dll" adapterTypeName="executor://mstestadapter/v2" className="Utils.Tests.StringTests" name="TestLongestCommonPrefix" />
    </UnitTest>
    <UnitTest name="TestLongestCommonPrefix (&quot;&quot;,&quot;abc&quot;,&quot;&quot;)" storage="d:\a\dotnet-monorepo\dotnet-monorepo\src\artifacts\bin\utils.tests\release_win-x64\utils.tests.dll" id="4ed356bd-cc22-7262-e29f-62031d221a0c">
      <Execution id="3186da5b-7354-455c-a051-f83b770b1a56" />
      <TestMethod codeBase="D:\a\dotnet-monorepo\dotnet-monorepo\src\artifacts\bin\Utils.Tests\release_win-x64\Utils.Tests.dll" adapterTypeName="executor://mstestadapter/v2" className="Utils.Tests.StringTests" name="TestLongestCommonPrefix" />
    </UnitTest>
    <UnitTest name="TestSlugify (&quot;a1 b2 c3&quot;,&quot;a1-b2-c3&quot;)" storage="d:\a\dotnet-monorepo\dotnet-monorepo\src\artifacts\bin\utils.tests\release_win-x64\utils.tests.dll" id="3111426e-7cf2-fc95-7afe-647cdf87edaf">
      <Execution id="821bc5eb-c916-4382-9227-51e6488143f2" />
      <TestMethod codeBase="D:\a\dotnet-monorepo\dotnet-monorepo\src\artifacts\bin\Utils.Tests\release_win-x64\Utils.Tests.dll" adapterTypeName="executor://mstestadapter/v2" className="Utils.Tests.StringTests" name="TestSlugify" />
    </UnitTest>
    <UnitTest name="TestSlugify (&quot;ä ö ü&quot;,&quot;a-o-u&quot;)" storage="d:\a\dotnet-monorepo\dotnet-monorepo\src\artifacts\bin\utils.tests\release_win-x64\utils.tests.dll" id="f3941f59-5a45-f255-ef3e-3423b48052bc">
      <Execution id="7c7bc2c9-f53a-4eaf-949f-42b71d2b9615" />
      <TestMethod codeBase="D:\a\dotnet-monorepo\dotnet-monorepo\src\artifacts\bin\Utils.Tests\release_win-x64\Utils.Tests.dll" adapterTypeName="executor://mstestadapter/v2" className="Utils.Tests.StringTests" name="TestSlugify" />
    </UnitTest>
    <UnitTest name="TestSlugify (&quot;!- -a- -!&quot;,&quot;a&quot;)" storage="d:\a\dotnet-monorepo\dotnet-monorepo\src\artifacts\bin\utils.tests\release_win-x64\utils.tests.dll" id="d4883779-b459-c157-8b32-167852cf136a">
      <Execution id="7e07cadd-3489-4c0a-9f41-c70e41f92182" />
      <TestMethod codeBase="D:\a\dotnet-monorepo\dotnet-monorepo\src\artifacts\bin\Utils.Tests\release_win-x64\Utils.Tests.dll" adapterTypeName="executor://mstestadapter/v2" className="Utils.Tests.StringTests" name="TestSlugify" />
    </UnitTest>
    <UnitTest name="TestSlugify (&quot;a &#x9;&#xA;b&quot;,&quot;a-b&quot;)" storage="d:\a\dotnet-monorepo\dotnet-monorepo\src\artifacts\bin\utils.tests\release_win-x64\utils.tests.dll" id="30a7f46c-51eb-0a8e-7b0f-50f68458c4a9">
      <Execution id="99d4e803-40c9-4ac6-a05d-112ed3fdf85c" />
      <TestMethod codeBase="D:\a\dotnet-monorepo\dotnet-monorepo\src\artifacts\bin\Utils.Tests\release_win-x64\Utils.Tests.dll" adapterTypeName="executor://mstestadapter/v2" className="Utils.Tests.StringTests" name="TestSlugify" />
    </UnitTest>
    <UnitTest name="TestIntToPaddedString (1,99,&quot;01&quot;)" storage="d:\a\dotnet-monorepo\dotnet-monorepo\src\artifacts\bin\utils.tests\release_win-x64\utils.tests.dll" id="73c200d4-0179-f23f-e874-5529af9cfb10">
      <Execution id="ef6edf47-64e9-4e02-a550-f3015fbcbfca" />
      <TestMethod codeBase="D:\a\dotnet-monorepo\dotnet-monorepo\src\artifacts\bin\Utils.Tests\release_win-x64\Utils.Tests.dll" adapterTypeName="executor://mstestadapter/v2" className="Utils.Tests.ConversionTests" name="TestIntToPaddedString" />
    </UnitTest>
    <UnitTest name="TestIntToPaddedString (-1,9,&quot;-1&quot;)" storage="d:\a\dotnet-monorepo\dotnet-monorepo\src\artifacts\bin\utils.tests\release_win-x64\utils.tests.dll" id="05b34ccd-140b-53e1-83ac-3bbcf5f170bb">
      <Execution id="9796b24a-3c45-48af-889f-b86e625b55c9" />
      <TestMethod codeBase="D:\a\dotnet-monorepo\dotnet-monorepo\src\artifacts\bin\Utils.Tests\release_win-x64\Utils.Tests.dll" adapterTypeName="executor://mstestadapter/v2" className="Utils.Tests.ConversionTests" name="TestIntToPaddedString" />
    </UnitTest>
    <UnitTest name="TestIntToPaddedString (-1,10,&quot;-01&quot;)" storage="d:\a\dotnet-monorepo\dotnet-monorepo\src\artifacts\bin\utils.tests\release_win-x64\utils.tests.dll" id="905fa321-00bc-cf78-6872-ee27f66003f2">
      <Execution id="c7464310-2e40-4303-9559-6f5f87652d01" />
      <TestMethod codeBase="D:\a\dotnet-monorepo\dotnet-monorepo\src\artifacts\bin\Utils.Tests\release_win-x64\Utils.Tests.dll" adapterTypeName="executor://mstestadapter/v2" className="Utils.Tests.ConversionTests" name="TestIntToPaddedString" />
    </UnitTest>
  </TestDefinitions>
  <TestEntries>
    <TestEntry testId="b7949501-dd00-e42e-08ec-0b01f240879f" executionId="81c575a0-cb45-459b-9803-7b3576e5e212" testListId="8c84fa94-04c1-424b-9868-57a2d4851a1d" />
    <TestEntry testId="68347d6d-014e-fb96-80e6-9a59909def33" executionId="c86bd489-13f9-49b2-8697-05c829ce346d" testListId="8c84fa94-04c1-424b-9868-57a2d4851a1d" />
    <TestEntry testId="905fa321-00bc-cf78-6872-ee27f66003f2" executionId="c7464310-2e40-4303-9559-6f5f87652d01" testListId="8c84fa94-04c1-424b-9868-57a2d4851a1d" />
    <TestEntry testId="05b34ccd-140b-53e1-83ac-3bbcf5f170bb" executionId="9796b24a-3c45-48af-889f-b86e625b55c9" testListId="8c84fa94-04c1-424b-9868-57a2d4851a1d" />
    <TestEntry testId="2e09dfd4-af8f-6090-daa3-9b8e5d3178b8" executionId="64270281-5aeb-4f37-a157-87f33a42a734" testListId="8c84fa94-04c1-424b-9868-57a2d4851a1d" />
    <TestEntry testId="5ecc4d90-ae9e-85a7-c3c1-545bad2e9646" executionId="61dba4a7-c46d-4746-b0d5-aab75d71626a" testListId="8c84fa94-04c1-424b-9868-57a2d4851a1d" />
    <TestEntry testId="7c2d3d0c-c860-fb35-079f-8d65ca13e5bd" executionId="0d9faeae-ca00-4fab-97f1-579aaacb0278" testListId="8c84fa94-04c1-424b-9868-57a2d4851a1d" />
    <TestEntry testId="13ef7854-9f0e-6c15-ce2b-2db8e99b280e" executionId="62071aa8-1cca-4c8b-a075-25e6fe8420a2" testListId="8c84fa94-04c1-424b-9868-57a2d4851a1d" />
    <TestEntry testId="0596324c-2695-0dfd-9ae1-97b939dc7f6a" executionId="74a0c433-8344-4c9f-8d9c-24a6c91729b5" testListId="8c84fa94-04c1-424b-9868-57a2d4851a1d" />
    <TestEntry testId="9f533fdb-624c-49e5-11ee-0c6ebc524a4f" executionId="708b4806-8432-4437-b597-29df28e068e7" testListId="8c84fa94-04c1-424b-9868-57a2d4851a1d" />
    <TestEntry testId="59448ffc-e83e-eaf0-ca86-b666b7b086f9" executionId="6ee955c6-30fa-48c1-9a04-963e7a9dcae3" testListId="8c84fa94-04c1-424b-9868-57a2d4851a1d" />
    <TestEntry testId="0a0f921a-26f1-2b7b-6cef-7448fafaff47" executionId="6b036b07-8f5f-4f91-85ce-a5970cbf0d1b" testListId="8c84fa94-04c1-424b-9868-57a2d4851a1d" />
    <TestEntry testId="89e9f9e4-a5e1-fcd5-f349-d1d7158fad3c" executionId="721f8528-89b7-456a-bdd9-2f2c55c8c483" testListId="8c84fa94-04c1-424b-9868-57a2d4851a1d" />
    <TestEntry testId="87340580-4ff3-84ca-c6f9-646d0df3b112" executionId="ea8fbf8a-d4ed-40d1-9eef-6db39c783f6b" testListId="8c84fa94-04c1-424b-9868-57a2d4851a1d" />
    <TestEntry testId="c6f72b31-e018-3e2f-e31f-2280a965e3b7" executionId="b0e2fe95-25cb-4a5e-9f8d-e36091d46f92" testListId="8c84fa94-04c1-424b-9868-57a2d4851a1d" />
    <TestEntry testId="73c200d4-0179-f23f-e874-5529af9cfb10" executionId="ef6edf47-64e9-4e02-a550-f3015fbcbfca" testListId="8c84fa94-04c1-424b-9868-57a2d4851a1d" />
    <TestEntry testId="b2e71588-0d10-1546-31ef-7b0118d37b0b" executionId="d5f0e5a3-edd5-4e28-8f69-cfe628b7d63a" testListId="8c84fa94-04c1-424b-9868-57a2d4851a1d" />
    <TestEntry testId="30a7f46c-51eb-0a8e-7b0f-50f68458c4a9" executionId="99d4e803-40c9-4ac6-a05d-112ed3fdf85c" testListId="8c84fa94-04c1-424b-9868-57a2d4851a1d" />
    <TestEntry testId="f3941f59-5a45-f255-ef3e-3423b48052bc" executionId="7c7bc2c9-f53a-4eaf-949f-42b71d2b9615" testListId="8c84fa94-04c1-424b-9868-57a2d4851a1d" />
    <TestEntry testId="4ed356bd-cc22-7262-e29f-62031d221a0c" executionId="3186da5b-7354-455c-a051-f83b770b1a56" testListId="8c84fa94-04c1-424b-9868-57a2d4851a1d" />
    <TestEntry testId="4cbec960-b40c-18f8-d17d-e715be412ea1" executionId="c787697d-ee3e-4234-ba31-b2504b01cb41" testListId="8c84fa94-04c1-424b-9868-57a2d4851a1d" />
    <TestEntry testId="f1e653ce-75d7-fb40-bd08-81ae5b14ef1b" executionId="62aca4a0-e98c-413c-bdd6-34abc896e9b3" testListId="8c84fa94-04c1-424b-9868-57a2d4851a1d" />
    <TestEntry testId="8a775d92-5427-1749-f100-e7ffbe21f38a" executionId="29af28e2-6571-4463-8345-263438ba2e35" testListId="8c84fa94-04c1-424b-9868-57a2d4851a1d" />
    <TestEntry testId="6aa4a69f-2d57-5665-03d0-c37478fc9d10" executionId="485ac8a5-9201-43e5-acad-83c078c0d871" testListId="8c84fa94-04c1-424b-9868-57a2d4851a1d" />
    <TestEntry testId="7ed87f6c-038b-3088-c7cc-939417006f1f" executionId="27db8ccb-1f46-4234-9ad7-40f7af5d3304" testListId="8c84fa94-04c1-424b-9868-57a2d4851a1d" />
    <TestEntry testId="73775732-2906-be3f-e115-f3854c907656" executionId="420e133d-57fb-4b28-99c4-2004b0c6f8b1" testListId="8c84fa94-04c1-424b-9868-57a2d4851a1d" />
    <TestEntry testId="d4883779-b459-c157-8b32-167852cf136a" executionId="7e07cadd-3489-4c0a-9f41-c70e41f92182" testListId="8c84fa94-04c1-424b-9868-57a2d4851a1d" />
    <TestEntry testId="6ebca444-4638-4da3-7776-8faa88983cbd" executionId="131c2e1a-3f8c-43dc-9826-0ac61c4e07d5" testListId="8c84fa94-04c1-424b-9868-57a2d4851a1d" />
    <TestEntry testId="3111426e-7cf2-fc95-7afe-647cdf87edaf" executionId="821bc5eb-c916-4382-9227-51e6488143f2" testListId="8c84fa94-04c1-424b-9868-57a2d4851a1d" />
  </TestEntries>
  <TestLists>
    <TestList name="Results Not in a List" id="8c84fa94-04c1-424b-9868-57a2d4851a1d" />
    <TestList name="All Loaded Results" id="19431567-8539-422a-85d7-44ee4e166bda" />
  </TestLists>
  <ResultSummary outcome="Completed">
    <Counters total="29" executed="29" passed="29" failed="0" error="0" timeout="0" aborted="0" inconclusive="0" passedButRunAborted="0" notRunnable="0" notExecuted="0" disconnected="0" warning="0" completed="0" inProgress="0" pending="0" />
  </ResultSummary>
</TestRun>