<?xml version="1.0" encoding="utf-8"?>
<TestRun id="ca164f13-6004-4e55-8c6b-aa6834c1d1f0" name="runneradmin@fv-az1390-488 2025-01-10 01:59:01" runUser="fv-az1390-488\runneradmin" xmlns="http://microsoft.com/schemas/VisualStudio/TeamTest/2010">
  <Times creation="2025-01-10T01:59:01.2324378+00:00" queuing="2025-01-10T01:59:01.2324380+00:00" start="2025-01-10T01:59:00.6785268+00:00" finish="2025-01-10T01:59:01.2672279+00:00" />
  <TestSettings name="default" id="95d1d368-e4f4-4c63-b813-b7ae39b1b9dd">
    <Deployment runDeploymentRoot="runneradmin_fv-az1390-488_2025-01-10_01_59_01" />
  </TestSettings>
  <Results>
    <UnitTestResult executionId="eb3e5bd1-931a-4abf-8fa6-bb012602652d" testId="6ebca444-4638-4da3-7776-8faa88983cbd" testName="TestIntToPaddedString (1,11,&quot;01&quot;)" computerName="fv-az1390-488" duration="00:00:00.0000047" startTime="2025-01-10T01:59:01.1514782+00:00" endTime="2025-01-10T01:59:01.1515563+00:00" testType="13cdc9d9-ddb5-4fa4-a97d-d965ccfc6d4b" outcome="Passed" testListId="8c84fa94-04c1-424b-9868-57a2d4851a1d" relativeResultsDirectory="eb3e5bd1-931a-4abf-8fa6-bb012602652d" />
    <UnitTestResult executionId="a4f42918-6579-4746-bbd6-fcff52248efa" testId="87340580-4ff3-84ca-c6f9-646d0df3b112" testName="TestSlugify (&quot;a- -b&quot;,&quot;a-b&quot;)" computerName="fv-az1390-488" duration="00:00:00.0000046" startTime="2025-01-10T01:59:01.1837791+00:00" endTime="2025-01-10T01:59:01.1838508+00:00" testType="13cdc9d9-ddb5-4fa4-a97d-d965ccfc6d4b" outcome="Passed" testListId="8c84fa94-04c1-424b-9868-57a2d4851a1d" relativeResultsDirectory="a4f42918-6579-4746-bbd6-fcff52248efa" />
    <UnitTestResult executionId="48d10a10-e905-4b87-9115-a6b0f6067623" testId="f1e653ce-75d7-fb40-bd08-81ae5b14ef1b" testName="TestIntToPaddedString (-1,100,&quot;-001&quot;)" computerName="fv-az1390-488" duration="00:00:00.0000047" startTime="2025-01-10T01:59:01.1824642+00:00" endTime="2025-01-10T01:59:01.1825453+00:00" testType="13cdc9d9-ddb5-4fa4-a97d-d965ccfc6d4b" outcome="Passed" testListId="8c84fa94-04c1-424b-9868-57a2d4851a1d" relativeResultsDirectory="48d10a10-e905-4b87-9115-a6b0f6067623" />
    <UnitTestResult executionId="fb2c9e27-754d-4d9d-838a-ddda2ab010b5" testId="905fa321-00bc-cf78-6872-ee27f66003f2" testName="TestIntToPaddedString (-1,10,&quot;-01&quot;)" computerName="fv-az1390-488" duration="00:00:00.0000045" startTime="2025-01-10T01:59:01.1519789+00:00" endTime="2025-01-10T01:59:01.1520573+00:00" testType="13cdc9d9-ddb5-4fa4-a97d-d965ccfc6d4b" outcome="Passed" testListId="8c84fa94-04c1-424b-9868-57a2d4851a1d" relativeResultsDirectory="fb2c9e27-754d-4d9d-838a-ddda2ab010b5" />
    <UnitTestResult executionId="c4e6a0a0-bf44-4ca7-8bc6-c819fc0c9af6" testId="59448ffc-e83e-eaf0-ca86-b666b7b086f9" testName="TestIntToPaddedString (1,9,&quot;1&quot;)" computerName="fv-az1390-488" duration="00:00:00.0003034" startTime="2025-01-10T01:59:01.1506535+00:00" endTime="2025-01-10T01:59:01.1511150+00:00" testType="13cdc9d9-ddb5-4fa4-a97d-d965ccfc6d4b" outcome="Passed" testListId="8c84fa94-04c1-424b-9868-57a2d4851a1d" relativeResultsDirectory="c4e6a0a0-bf44-4ca7-8bc6-c819fc0c9af6" />
    <UnitTestResult executionId="73ec7c6e-74c9-4c2f-a8b8-4c8d1b6e611f" testId="4ed356bd-cc22-7262-e29f-62031d221a0c" testName="TestLongestCommonPrefix (&quot;&quot;,&quot;abc&quot;,&quot;&quot;)" computerName="fv-az1390-488" duration="00:00:00.0000075" startTime="2025-01-10T01:59:01.1907718+00:00" endTime="2025-01-10T01:59:01.1917919+00:00" testType="13cdc9d9-ddb5-4fa4-a97d-d965ccfc6d4b" outcome="Passed" testListId="8c84fa94-04c1-424b-9868-57a2d4851a1d" relativeResultsDirectory="73ec7c6e-74c9-4c2f-a8b8-4c8d1b6e611f" />
    <UnitTestResult executionId="65f583d6-f847-4178-bb39-25896a4fbe4b" testId="6aa4a69f-2d57-5665-03d0-c37478fc9d10" testName="TestIntToPaddedString (-1,101,&quot;-001&quot;)" computerName="fv-az1390-488" duration="00:00:00.0000046" startTime="2025-01-10T01:59:01.1825647+00:00" endTime="2025-01-10T01:59:01.1827412+00:00" testType="13cdc9d9-ddb5-4fa4-a97d-d965ccfc6d4b" outcome="Passed" testListId="8c84fa94-04c1-424b-9868-57a2d4851a1d" relativeResultsDirectory="65f583d6-f847-4178-bb39-25896a4fbe4b" />
    <UnitTestResult executionId="ee2a18a6-0421-4e6a-96b9-512c9c85e7e0" testId="73775732-2906-be3f-e115-f3854c907656" testName="TestLongestCommonPrefix (&quot;&quot;,&quot;&quot;,&quot;abc&quot;)" computerName="fv-az1390-488" duration="00:00:00.0000068" startTime="2025-01-10T01:59:01.1905623+00:00" endTime="2025-01-10T01:59:01.1907340+00:00" testType="13cdc9d9-ddb5-4fa4-a97d-d965ccfc6d4b" outcome="Passed" testListId="8c84fa94-04c1-424b-9868-57a2d4851a1d" relativeResultsDirectory="ee2a18a6-0421-4e6a-96b9-512c9c85e7e0" />
    <UnitTestResult executionId="dd8f2ca6-d944-459e-9b59-502a0b3552f8" testId="b2e71588-0d10-1546-31ef-7b0118d37b0b" testName="TestSlugify (&quot;a_b&quot;,&quot;a-b&quot;)" computerName="fv-az1390-488" duration="00:00:00.0000071" startTime="2025-01-10T01:59:01.1858219+00:00" endTime="2025-01-10T01:59:01.1859390+00:00" testType="13cdc9d9-ddb5-4fa4-a97d-d965ccfc6d4b" outcome="Passed" testListId="8c84fa94-04c1-424b-9868-57a2d4851a1d" relativeResultsDirectory="dd8f2ca6-d944-459e-9b59-502a0b3552f8" />
    <UnitTestResult executionId="8e4f89cc-4f8e-4890-a269-7cf4f0193362" testId="5ecc4d90-ae9e-85a7-c3c1-545bad2e9646" testName="TestIntToPaddedString (1,101,&quot;001&quot;)" computerName="fv-az1390-488" duration="00:00:00.0000044" startTime="2025-01-10T01:59:01.1517767+00:00" endTime="2025-01-10T01:59:01.1518516+00:00" testType="13cdc9d9-ddb5-4fa4-a97d-d965ccfc6d4b" outcome="Passed" testListId="8c84fa94-04c1-424b-9868-57a2d4851a1d" relativeResultsDirectory="8e4f89cc-4f8e-4890-a269-7cf4f0193362" />
    <UnitTestResult executionId="482d0ca4-ee36-42d1-89fa-b68ca889a01f" testId="68347d6d-014e-fb96-80e6-9a59909def33" testName="TestLongestCommonPrefix (&quot;ab&quot;,&quot;abc&quot;,&quot;ab&quot;)" computerName="fv-az1390-488" duration="00:00:00.0000171" startTime="2025-01-10T01:59:01.1888359+00:00" endTime="2025-01-10T01:59:01.1890031+00:00" testType="13cdc9d9-ddb5-4fa4-a97d-d965ccfc6d4b" outcome="Passed" testListId="8c84fa94-04c1-424b-9868-57a2d4851a1d" relativeResultsDirectory="482d0ca4-ee36-42d1-89fa-b68ca889a01f" />
    <UnitTestResult executionId="5d47f4e8-feee-4c62-913b-8ed04ee0e126" testId="0596324c-2695-0dfd-9ae1-97b939dc7f6a" testName="TestIntToPaddedString (-1,99,&quot;-01&quot;)" computerName="fv-az1390-488" duration="00:00:00.0000050" startTime="2025-01-10T01:59:01.1823566+00:00" endTime="2025-01-10T01:59:01.1824411+00:00" testType="13cdc9d9-ddb5-4fa4-a97d-d965ccfc6d4b" outcome="Passed" testListId="8c84fa94-04c1-424b-9868-57a2d4851a1d" relativeResultsDirectory="5d47f4e8-feee-4c62-913b-8ed04ee0e126" />
    <UnitTestResult executionId="29d912c5-26eb-4db7-956c-fe33e5fa705a" testId="30a7f46c-51eb-0a8e-7b0f-50f68458c4a9" testName="TestSlugify (&quot;a &#x9;&#xA;b&quot;,&quot;a-b&quot;)" computerName="fv-az1390-488" duration="00:00:00.0000062" startTime="2025-01-10T01:59:01.1835911+00:00" endTime="2025-01-10T01:59:01.1837536+00:00" testType="13cdc9d9-ddb5-4fa4-a97d-d965ccfc6d4b" outcome="Passed" testListId="8c84fa94-04c1-424b-9868-57a2d4851a1d" relativeResultsDirectory="29d912c5-26eb-4db7-956c-fe33e5fa705a" />
    <UnitTestResult executionId="eb5789aa-ead4-4688-ae9b-57c71a995bd1" testId="4cbec960-b40c-18f8-d17d-e715be412ea1" testName="TestLongestCommonPrefix (&quot;&quot;)" computerName="fv-az1390-488" duration="00:00:00.0004264" startTime="2025-01-10T01:59:01.1865404+00:00" endTime="2025-01-10T01:59:01.1871698+00:00" testType="13cdc9d9-ddb5-4fa4-a97d-d965ccfc6d4b" outcome="Passed" testListId="8c84fa94-04c1-424b-9868-57a2d4851a1d" relativeResultsDirectory="eb5789aa-ead4-4688-ae9b-57c71a995bd1" />
    <UnitTestResult executionId="ab3ec0ea-48bc-423f-8939-5b46185b4d14" testId="13ef7854-9f0e-6c15-ce2b-2db8e99b280e" testName="TestSlugify (&quot;a!=b&quot;,&quot;ab&quot;)" computerName="fv-az1390-488" duration="00:00:00.0001939" startTime="2025-01-10T01:59:01.1832761+00:00" endTime="2025-01-10T01:59:01.1835581+00:00" testType="13cdc9d9-ddb5-4fa4-a97d-d965ccfc6d4b" outcome="Passed" testListId="8c84fa94-04c1-424b-9868-57a2d4851a1d" relativeResultsDirectory="ab3ec0ea-48bc-423f-8939-5b46185b4d14" />
    <UnitTestResult executionId="a22a7f2f-cb09-4950-a5f4-c424a3bc0b57" testId="c6f72b31-e018-3e2f-e31f-2280a965e3b7" testName="TestIntToPaddedString (1,100,&quot;001&quot;)" computerName="fv-az1390-488" duration="00:00:00.0000044" startTime="2025-01-10T01:59:01.1516761+00:00" endTime="2025-01-10T01:59:01.1517530+00:00" testType="13cdc9d9-ddb5-4fa4-a97d-d965ccfc6d4b" outcome="Passed" testListId="8c84fa94-04c1-424b-9868-57a2d4851a1d" relativeResultsDirectory="a22a7f2f-cb09-4950-a5f4-c424a3bc0b57" />
    <UnitTestResult executionId="bd874e0b-3a19-4d34-a89a-036c12763508" testId="f3941f59-5a45-f255-ef3e-3423b48052bc" testName="TestSlugify (&quot;ä ö ü&quot;,&quot;a-o-u&quot;)" computerName="fv-az1390-488" duration="00:00:00.0000772" startTime="2025-01-10T01:59:01.1859690+00:00" endTime="2025-01-10T01:59:01.1862085+00:00" testType="13cdc9d9-ddb5-4fa4-a97d-d965ccfc6d4b" outcome="Passed" testListId="8c84fa94-04c1-424b-9868-57a2d4851a1d" relativeResultsDirectory="bd874e0b-3a19-4d34-a89a-036c12763508" />
    <UnitTestResult executionId="6991398c-5521-4f51-abc7-105ecb3cfeb4" testId="05b34ccd-140b-53e1-83ac-3bbcf5f170bb" testName="TestIntToPaddedString (-1,9,&quot;-1&quot;)" computerName="fv-az1390-488" duration="00:00:00.0000058" startTime="2025-01-10T01:59:01.1518756+00:00" endTime="2025-01-10T01:59:01.1519599+00:00" testType="13cdc9d9-ddb5-4fa4-a97d-d965ccfc6d4b" outcome="Passed" testListId="8c84fa94-04c1-424b-9868-57a2d4851a1d" relativeResultsDirectory="6991398c-5521-4f51-abc7-105ecb3cfeb4" />
    <UnitTestResult executionId="4bb479f8-ad3c-4176-be60-be64b62163da" testId="73c200d4-0179-f23f-e874-5529af9cfb10" testName="TestIntToPaddedString (1,99,&quot;01&quot;)" computerName="fv-az1390-488" duration="00:00:00.0000045" startTime="2025-01-10T01:59:01.1515756+00:00" endTime="2025-01-10T01:59:01.1516571+00:00" testType="13cdc9d9-ddb5-4fa4-a97d-d965ccfc6d4b" outcome="Passed" testListId="8c84fa94-04c1-424b-9868-57a2d4851a1d" relativeResultsDirectory="4bb479f8-ad3c-4176-be60-be64b62163da" />
    <UnitTestResult executionId="833748f5-7362-465e-8c4e-339079b18b5a" testId="7ed87f6c-038b-3088-c7cc-939417006f1f" testName="TestSlugify (&quot;Ä Ö Ü&quot;,&quot;a-o-u&quot;)" computerName="fv-az1390-488" duration="00:00:00.0000117" startTime="2025-01-10T01:59:01.1862406+00:00" endTime="2025-01-10T01:59:01.1863665+00:00" testType="13cdc9d9-ddb5-4fa4-a97d-d965ccfc6d4b" outcome="Passed" testListId="8c84fa94-04c1-424b-9868-57a2d4851a1d" relativeResultsDirectory="833748f5-7362-465e-8c4e-339079b18b5a" />
    <UnitTestResult executionId="1c130e60-1013-4358-85d6-beefd5bd4e9f" testId="0a0f921a-26f1-2b7b-6cef-7448fafaff47" testName="TestSlugify (&quot;Abc-DEF&quot;,&quot;abc-def&quot;)" computerName="fv-az1390-488" duration="00:00:00.0000078" startTime="2025-01-10T01:59:01.1856515+00:00" endTime="2025-01-10T01:59:01.1857834+00:00" testType="13cdc9d9-ddb5-4fa4-a97d-d965ccfc6d4b" outcome="Passed" testListId="8c84fa94-04c1-424b-9868-57a2d4851a1d" relativeResultsDirectory="1c130e60-1013-4358-85d6-beefd5bd4e9f" />
    <UnitTestResult executionId="ff9f7e4c-77f1-4a1e-b19c-c4d2de5c0327" testId="89e9f9e4-a5e1-fcd5-f349-d1d7158fad3c" testName="TestIntToPaddedString (-1,11,&quot;-01&quot;)" computerName="fv-az1390-488" duration="00:00:00.0000072" startTime="2025-01-10T01:59:01.1821608+00:00" endTime="2025-01-10T01:59:01.1823295+00:00" testType="13cdc9d9-ddb5-4fa4-a97d-d965ccfc6d4b" outcome="Passed" testListId="8c84fa94-04c1-424b-9868-57a2d4851a1d" relativeResultsDirectory="ff9f7e4c-77f1-4a1e-b19c-c4d2de5c0327" />
    <UnitTestResult executionId="098b8f7a-41da-49f4-8a23-6c49df9640af" testId="7c2d3d0c-c860-fb35-079f-8d65ca13e5bd" testName="TestIntToPaddedString (0,100,&quot;000&quot;)" computerName="fv-az1390-488" duration="00:00:00.0036801" startTime="2025-01-10T01:59:01.1282529+00:00" endTime="2025-01-10T01:59:01.1469358+00:00" testType="13cdc9d9-ddb5-4fa4-a97d-d965ccfc6d4b" outcome="Passed" testListId="8c84fa94-04c1-424b-9868-57a2d4851a1d" relativeResultsDirectory="098b8f7a-41da-49f4-8a23-6c49df9640af" />
    <UnitTestResult executionId="93f1b4f4-7c77-4ed9-a70f-726678e9beec" testId="2e09dfd4-af8f-6090-daa3-9b8e5d3178b8" testName="TestLongestCommonPrefix (&quot;ab&quot;,&quot;ab&quot;,&quot;abc&quot;)" computerName="fv-az1390-488" duration="00:00:00.0000091" startTime="2025-01-10T01:59:01.1883721+00:00" endTime="2025-01-10T01:59:01.1888041+00:00" testType="13cdc9d9-ddb5-4fa4-a97d-d965ccfc6d4b" outcome="Passed" testListId="8c84fa94-04c1-424b-9868-57a2d4851a1d" relativeResultsDirectory="93f1b4f4-7c77-4ed9-a70f-726678e9beec" />
    <UnitTestResult executionId="70758c3e-aea2-4bbb-9c8c-6d245e5af062" testId="8a775d92-5427-1749-f100-e7ffbe21f38a" testName="TestLongestCommonPrefix (&quot;a&quot;,&quot;a1&quot;,&quot;a2&quot;,&quot;a3&quot;)" computerName="fv-az1390-488" duration="00:00:00.0005320" startTime="2025-01-10T01:59:01.1872022+00:00" endTime="2025-01-10T01:59:01.1883407+00:00" testType="13cdc9d9-ddb5-4fa4-a97d-d965ccfc6d4b" outcome="Passed" testListId="8c84fa94-04c1-424b-9868-57a2d4851a1d" relativeResultsDirectory="70758c3e-aea2-4bbb-9c8c-6d245e5af062" />
    <UnitTestResult executionId="ea27b6c5-f4aa-45a6-8815-143169467437" testId="3111426e-7cf2-fc95-7afe-647cdf87edaf" testName="TestSlugify (&quot;a1 b2 c3&quot;,&quot;a1-b2-c3&quot;)" computerName="fv-az1390-488" duration="00:00:00.0000074" startTime="2025-01-10T01:59:01.1864019+00:00" endTime="2025-01-10T01:59:01.1865115+00:00" testType="13cdc9d9-ddb5-4fa4-a97d-d965ccfc6d4b" outcome="Passed" testListId="8c84fa94-04c1-424b-9868-57a2d4851a1d" relativeResultsDirectory="ea27b6c5-f4aa-45a6-8815-143169467437" />
    <UnitTestResult executionId="925e5c1a-15e2-4a03-88c7-283ecf48cf56" testId="d4883779-b459-c157-8b32-167852cf136a" testName="TestSlugify (&quot;!- -a- -!&quot;,&quot;a&quot;)" computerName="fv-az1390-488" duration="00:00:00.0003623" startTime="2025-01-10T01:59:01.1827732+00:00" endTime="2025-01-10T01:59:01.1832455+00:00" testType="13cdc9d9-ddb5-4fa4-a97d-d965ccfc6d4b" outcome="Passed" testListId="8c84fa94-04c1-424b-9868-57a2d4851a1d" relativeResultsDirectory="925e5c1a-15e2-4a03-88c7-283ecf48cf56" />
    <UnitTestResult executionId="22de38bc-c564-4991-8d4f-c1a103a0823b" testId="9f533fdb-624c-49e5-11ee-0c6ebc524a4f" testName="TestIntToPaddedString (1,10,&quot;01&quot;)" computerName="fv-az1390-488" duration="00:00:00.0000063" startTime="2025-01-10T01:59:01.1513467+00:00" endTime="2025-01-10T01:59:01.1514529+00:00" testType="13cdc9d9-ddb5-4fa4-a97d-d965ccfc6d4b" outcome="Passed" testListId="8c84fa94-04c1-424b-9868-57a2d4851a1d" relativeResultsDirectory="22de38bc-c564-4991-8d4f-c1a103a0823b" />
    <UnitTestResult executionId="f61a14a4-5e48-4c7c-91df-6c4ecadfb9c9" testId="b7949501-dd00-e42e-08ec-0b01f240879f" testName="TestSlugify (&quot;a - b&quot;,&quot;a-b&quot;)" computerName="fv-az1390-488" duration="00:00:00.0000047" startTime="2025-01-10T01:59:01.1838696+00:00" endTime="2025-01-10T01:59:01.1839448+00:00" testType="13cdc9d9-ddb5-4fa4-a97d-d965ccfc6d4b" outcome="Passed" testListId="8c84fa94-04c1-424b-9868-57a2d4851a1d" relativeResultsDirectory="f61a14a4-5e48-4c7c-91df-6c4ecadfb9c9" />
  </Results>
  <TestDefinitions>
    <UnitTest name="TestIntToPaddedString (1,11,&quot;01&quot;)" storage="d:\a\dotnet-monorepo\dotnet-monorepo\src\artifacts\bin\utils.tests\release_win-x64\utils.tests.dll" id="6ebca444-4638-4da3-7776-8faa88983cbd">
      <Execution id="eb3e5bd1-931a-4abf-8fa6-bb012602652d" />
      <TestMethod codeBase="D:\a\dotnet-monorepo\dotnet-monorepo\src\artifacts\bin\Utils.Tests\release_win-x64\Utils.Tests.dll" adapterTypeName="executor://mstestadapter/v2" className="Utils.Tests.ConversionTests" name="TestIntToPaddedString" />
    </UnitTest>
    <UnitTest name="TestSlugify (&quot;a- -b&quot;,&quot;a-b&quot;)" storage="d:\a\dotnet-monorepo\dotnet-monorepo\src\artifacts\bin\utils.tests\release_win-x64\utils.tests.dll" id="87340580-4ff3-84ca-c6f9-646d0df3b112">
      <Execution id="a4f42918-6579-4746-bbd6-fcff52248efa" />
      <TestMethod codeBase="D:\a\dotnet-monorepo\dotnet-monorepo\src\artifacts\bin\Utils.Tests\release_win-x64\Utils.Tests.dll" adapterTypeName="executor://mstestadapter/v2" className="Utils.Tests.StringTests" name="TestSlugify" />
    </UnitTest>
    <UnitTest name="TestIntToPaddedString (-1,100,&quot;-001&quot;)" storage="d:\a\dotnet-monorepo\dotnet-monorepo\src\artifacts\bin\utils.tests\release_win-x64\utils.tests.dll" id="f1e653ce-75d7-fb40-bd08-81ae5b14ef1b">
      <Execution id="48d10a10-e905-4b87-9115-a6b0f6067623" />
      <TestMethod codeBase="D:\a\dotnet-monorepo\dotnet-monorepo\src\artifacts\bin\Utils.Tests\release_win-x64\Utils.Tests.dll" adapterTypeName="executor://mstestadapter/v2" className="Utils.Tests.ConversionTests" name="TestIntToPaddedString" />
    </UnitTest>
    <UnitTest name="TestLongestCommonPrefix (&quot;ab&quot;,&quot;abc&quot;,&quot;ab&quot;)" storage="d:\a\dotnet-monorepo\dotnet-monorepo\src\artifacts\bin\utils.tests\release_win-x64\utils.tests.dll" id="68347d6d-014e-fb96-80e6-9a59909def33">
      <Execution id="482d0ca4-ee36-42d1-89fa-b68ca889a01f" />
      <TestMethod codeBase="D:\a\dotnet-monorepo\dotnet-monorepo\src\artifacts\bin\Utils.Tests\release_win-x64\Utils.Tests.dll" adapterTypeName="executor://mstestadapter/v2" className="Utils.Tests.StringTests" name="TestLongestCommonPrefix" />
    </UnitTest>
    <UnitTest name="TestSlugify (&quot;a_b&quot;,&quot;a-b&quot;)" storage="d:\a\dotnet-monorepo\dotnet-monorepo\src\artifacts\bin\utils.tests\release_win-x64\utils.tests.dll" id="b2e71588-0d10-1546-31ef-7b0118d37b0b">
      <Execution id="dd8f2ca6-d944-459e-9b59-502a0b3552f8" />
      <TestMethod codeBase="D:\a\dotnet-monorepo\dotnet-monorepo\src\artifacts\bin\Utils.Tests\release_win-x64\Utils.Tests.dll" adapterTypeName="executor://mstestadapter/v2" className="Utils.Tests.StringTests" name="TestSlugify" />
    </UnitTest>
    <UnitTest name="TestIntToPaddedString (1,10,&quot;01&quot;)" storage="d:\a\dotnet-monorepo\dotnet-monorepo\src\artifacts\bin\utils.tests\release_win-x64\utils.tests.dll" id="9f533fdb-624c-49e5-11ee-0c6ebc524a4f">
      <Execution id="22de38bc-c564-4991-8d4f-c1a103a0823b" />
      <TestMethod codeBase="D:\a\dotnet-monorepo\dotnet-monorepo\src\artifacts\bin\Utils.Tests\release_win-x64\Utils.Tests.dll" adapterTypeName="executor://mstestadapter/v2" className="Utils.Tests.ConversionTests" name="TestIntToPaddedString" />
    </UnitTest>
    <UnitTest name="TestIntToPaddedString (-1,99,&quot;-01&quot;)" storage="d:\a\dotnet-monorepo\dotnet-monorepo\src\artifacts\bin\utils.tests\release_win-x64\utils.tests.dll" id="0596324c-2695-0dfd-9ae1-97b939dc7f6a">
      <Execution id="5d47f4e8-feee-4c62-913b-8ed04ee0e126" />
      <TestMethod codeBase="D:\a\dotnet-monorepo\dotnet-monorepo\src\artifacts\bin\Utils.Tests\release_win-x64\Utils.Tests.dll" adapterTypeName="executor://mstestadapter/v2" className="Utils.Tests.ConversionTests" name="TestIntToPaddedString" />
    </UnitTest>
    <UnitTest name="TestSlugify (&quot;Abc-DEF&quot;,&quot;abc-def&quot;)" storage="d:\a\dotnet-monorepo\dotnet-monorepo\src\artifacts\bin\utils.tests\release_win-x64\utils.tests.dll" id="0a0f921a-26f1-2b7b-6cef-7448fafaff47">
      <Execution id="1c130e60-1013-4358-85d6-beefd5bd4e9f" />
      <TestMethod codeBase="D:\a\dotnet-monorepo\dotnet-monorepo\src\artifacts\bin\Utils.Tests\release_win-x64\Utils.Tests.dll" adapterTypeName="executor://mstestadapter/v2" className="Utils.Tests.StringTests" name="TestSlugify" />
    </UnitTest>
    <UnitTest name="TestIntToPaddedString (1,101,&quot;001&quot;)" storage="d:\a\dotnet-monorepo\dotnet-monorepo\src\artifacts\bin\utils.tests\release_win-x64\utils.tests.dll" id="5ecc4d90-ae9e-85a7-c3c1-545bad2e9646">
      <Execution id="8e4f89cc-4f8e-4890-a269-7cf4f0193362" />
      <TestMethod codeBase="D:\a\dotnet-monorepo\dotnet-monorepo\src\artifacts\bin\Utils.Tests\release_win-x64\Utils.Tests.dll" adapterTypeName="executor://mstestadapter/v2" className="Utils.Tests.ConversionTests" name="TestIntToPaddedString" />
    </UnitTest>
    <UnitTest name="TestSlugify (&quot;a - b&quot;,&quot;a-b&quot;)" storage="d:\a\dotnet-monorepo\dotnet-monorepo\src\artifacts\bin\utils.tests\release_win-x64\utils.tests.dll" id="b7949501-dd00-e42e-08ec-0b01f240879f">
      <Execution id="f61a14a4-5e48-4c7c-91df-6c4ecadfb9c9" />
      <TestMethod codeBase="D:\a\dotnet-monorepo\dotnet-monorepo\src\artifacts\bin\Utils.Tests\release_win-x64\Utils.Tests.dll" adapterTypeName="executor://mstestadapter/v2" className="Utils.Tests.StringTests" name="TestSlugify" />
    </UnitTest>
    <UnitTest name="TestSlugify (&quot;a!=b&quot;,&quot;ab&quot;)" storage="d:\a\dotnet-monorepo\dotnet-monorepo\src\artifacts\bin\utils.tests\release_win-x64\utils.tests.dll" id="13ef7854-9f0e-6c15-ce2b-2db8e99b280e">
      <Execution id="ab3ec0ea-48bc-423f-8939-5b46185b4d14" />
      <TestMethod codeBase="D:\a\dotnet-monorepo\dotnet-monorepo\src\artifacts\bin\Utils.Tests\release_win-x64\Utils.Tests.dll" adapterTypeName="executor://mstestadapter/v2" className="Utils.Tests.StringTests" name="TestSlugify" />
    </UnitTest>
    <UnitTest name="TestLongestCommonPrefix (&quot;a&quot;,&quot;a1&quot;,&quot;a2&quot;,&quot;a3&quot;)" storage="d:\a\dotnet-monorepo\dotnet-monorepo\src\artifacts\bin\utils.tests\release_win-x64\utils.tests.dll" id="8a775d92-5427-1749-f100-e7ffbe21f38a">
      <Execution id="70758c3e-aea2-4bbb-9c8c-6d245e5af062" />
      <TestMethod codeBase="D:\a\dotnet-monorepo\dotnet-monorepo\src\artifacts\bin\Utils.Tests\release_win-x64\Utils.Tests.dll" adapterTypeName="executor://mstestadapter/v2" className="Utils.Tests.StringTests" name="TestLongestCommonPrefix" />
    </UnitTest>
    <UnitTest name="TestIntToPaddedString (0,100,&quot;000&quot;)" storage="d:\a\dotnet-monorepo\dotnet-monorepo\src\artifacts\bin\utils.tests\release_win-x64\utils.tests.dll" id="7c2d3d0c-c860-fb35-079f-8d65ca13e5bd">
      <Execution id="098b8f7a-41da-49f4-8a23-6c49df9640af" />
      <TestMethod codeBase="D:\a\dotnet-monorepo\dotnet-monorepo\src\artifacts\bin\Utils.Tests\release_win-x64\Utils.Tests.dll" adapterTypeName="executor://mstestadapter/v2" className="Utils.Tests.ConversionTests" name="TestIntToPaddedString" />
    </UnitTest>
    <UnitTest name="TestLongestCommonPrefix (&quot;&quot;)" storage="d:\a\dotnet-monorepo\dotnet-monorepo\src\artifacts\bin\utils.tests\release_win-x64\utils.tests.dll" id="4cbec960-b40c-18f8-d17d-e715be412ea1">
      <Execution id="eb5789aa-ead4-4688-ae9b-57c71a995bd1" />
      <TestMethod codeBase="D:\a\dotnet-monorepo\dotnet-monorepo\src\artifacts\bin\Utils.Tests\release_win-x64\Utils.Tests.dll" adapterTypeName="executor://mstestadapter/v2" className="Utils.Tests.StringTests" name="TestLongestCommonPrefix" />
    </UnitTest>
    <UnitTest name="TestIntToPaddedString (-1,101,&quot;-001&quot;)" storage="d:\a\dotnet-monorepo\dotnet-monorepo\src\artifacts\bin\utils.tests\release_win-x64\utils.tests.dll" id="6aa4a69f-2d57-5665-03d0-c37478fc9d10">
      <Execution id="65f583d6-f847-4178-bb39-25896a4fbe4b" />
      <TestMethod codeBase="D:\a\dotnet-monorepo\dotnet-monorepo\src\artifacts\bin\Utils.Tests\release_win-x64\Utils.Tests.dll" adapterTypeName="executor://mstestadapter/v2" className="Utils.Tests.ConversionTests" name="TestIntToPaddedString" />
    </UnitTest>
    <UnitTest name="TestIntToPaddedString (1,100,&quot;001&quot;)" storage="d:\a\dotnet-monorepo\dotnet-monorepo\src\artifacts\bin\utils.tests\release_win-x64\utils.tests.dll" id="c6f72b31-e018-3e2f-e31f-2280a965e3b7">
      <Execution id="a22a7f2f-cb09-4950-a5f4-c424a3bc0b57" />
      <TestMethod codeBase="D:\a\dotnet-monorepo\dotnet-monorepo\src\artifacts\bin\Utils.Tests\release_win-x64\Utils.Tests.dll" adapterTypeName="executor://mstestadapter/v2" className="Utils.Tests.ConversionTests" name="TestIntToPaddedString" />
    </UnitTest>
    <UnitTest name="TestSlugify (&quot;Ä Ö Ü&quot;,&quot;a-o-u&quot;)" storage="d:\a\dotnet-monorepo\dotnet-monorepo\src\artifacts\bin\utils.tests\release_win-x64\utils.tests.dll" id="7ed87f6c-038b-3088-c7cc-939417006f1f">
      <Execution id="833748f5-7362-465e-8c4e-339079b18b5a" />
      <TestMethod codeBase="D:\a\dotnet-monorepo\dotnet-monorepo\src\artifacts\bin\Utils.Tests\release_win-x64\Utils.Tests.dll" adapterTypeName="executor://mstestadapter/v2" className="Utils.Tests.StringTests" name="TestSlugify" />
    </UnitTest>
    <UnitTest name="TestIntToPaddedString (1,9,&quot;1&quot;)" storage="d:\a\dotnet-monorepo\dotnet-monorepo\src\artifacts\bin\utils.tests\release_win-x64\utils.tests.dll" id="59448ffc-e83e-eaf0-ca86-b666b7b086f9">
      <Execution id="c4e6a0a0-bf44-4ca7-8bc6-c819fc0c9af6" />
      <TestMethod codeBase="D:\a\dotnet-monorepo\dotnet-monorepo\src\artifacts\bin\Utils.Tests\release_win-x64\Utils.Tests.dll" adapterTypeName="executor://mstestadapter/v2" className="Utils.Tests.ConversionTests" name="TestIntToPaddedString" />
    </UnitTest>
    <UnitTest name="TestIntToPaddedString (-1,11,&quot;-01&quot;)" storage="d:\a\dotnet-monorepo\dotnet-monorepo\src\artifacts\bin\utils.tests\release_win-x64\utils.tests.dll" id="89e9f9e4-a5e1-fcd5-f349-d1d7158fad3c">
      <Execution id="ff9f7e4c-77f1-4a1e-b19c-c4d2de5c0327" />
      <TestMethod codeBase="D:\a\dotnet-monorepo\dotnet-monorepo\src\artifacts\bin\Utils.Tests\release_win-x64\Utils.Tests.dll" adapterTypeName="executor://mstestadapter/v2" className="Utils.Tests.ConversionTests" name="TestIntToPaddedString" />
    </UnitTest>
    <UnitTest name="TestLongestCommonPrefix (&quot;&quot;,&quot;&quot;,&quot;abc&quot;)" storage="d:\a\dotnet-monorepo\dotnet-monorepo\src\artifacts\bin\utils.tests\release_win-x64\utils.tests.dll" id="73775732-2906-be3f-e115-f3854c907656">
      <Execution id="ee2a18a6-0421-4e6a-96b9-512c9c85e7e0" />
      <TestMethod codeBase="D:\a\dotnet-monorepo\dotnet-monorepo\src\artifacts\bin\Utils.Tests\release_win-x64\Utils.Tests.dll" adapterTypeName="executor://mstestadapter/v2" className="Utils.Tests.StringTests" name="TestLongestCommonPrefix" />
    </UnitTest>
    <UnitTest name="TestLongestCommonPrefix (&quot;ab&quot;,&quot;ab&quot;,&quot;abc&quot;)" storage="d:\a\dotnet-monorepo\dotnet-monorepo\src\artifacts\bin\utils.tests\release_win-x64\utils.tests.dll" id="2e09dfd4-af8f-6090-daa3-9b8e5d3178b8">
      <Execution id="93f1b4f4-7c77-4ed9-a70f-726678e9beec" />
      <TestMethod codeBase="D:\a\dotnet-monorepo\dotnet-monorepo\src\artifacts\bin\Utils.Tests\release_win-x64\Utils.Tests.dll" adapterTypeName="executor://mstestadapter/v2" className="Utils.Tests.StringTests" name="TestLongestCommonPrefix" />
    </UnitTest>
    <UnitTest name="TestLongestCommonPrefix (&quot;&quot;,&quot;abc&quot;,&quot;&quot;)" storage="d:\a\dotnet-monorepo\dotnet-monorepo\src\artifacts\bin\utils.tests\release_win-x64\utils.tests.dll" id="4ed356bd-cc22-7262-e29f-62031d221a0c">
      <Execution id="73ec7c6e-74c9-4c2f-a8b8-4c8d1b6e611f" />
      <TestMethod codeBase="D:\a\dotnet-monorepo\dotnet-monorepo\src\artifacts\bin\Utils.Tests\release_win-x64\Utils.Tests.dll" adapterTypeName="executor://mstestadapter/v2" className="Utils.Tests.StringTests" name="TestLongestCommonPrefix" />
    </UnitTest>
    <UnitTest name="TestSlugify (&quot;a1 b2 c3&quot;,&quot;a1-b2-c3&quot;)" storage="d:\a\dotnet-monorepo\dotnet-monorepo\src\artifacts\bin\utils.tests\release_win-x64\utils.tests.dll" id="3111426e-7cf2-fc95-7afe-647cdf87edaf">
      <Execution id="ea27b6c5-f4aa-45a6-8815-143169467437" />
      <TestMethod codeBase="D:\a\dotnet-monorepo\dotnet-monorepo\src\artifacts\bin\Utils.Tests\release_win-x64\Utils.Tests.dll" adapterTypeName="executor://mstestadapter/v2" className="Utils.Tests.StringTests" name="TestSlugify" />
    </UnitTest>
    <UnitTest name="TestSlugify (&quot;ä ö ü&quot;,&quot;a-o-u&quot;)" storage="d:\a\dotnet-monorepo\dotnet-monorepo\src\artifacts\bin\utils.tests\release_win-x64\utils.tests.dll" id="f3941f59-5a45-f255-ef3e-3423b48052bc">
      <Execution id="bd874e0b-3a19-4d34-a89a-036c12763508" />
      <TestMethod codeBase="D:\a\dotnet-monorepo\dotnet-monorepo\src\artifacts\bin\Utils.Tests\release_win-x64\Utils.Tests.dll" adapterTypeName="executor://mstestadapter/v2" className="Utils.Tests.StringTests" name="TestSlugify" />
    </UnitTest>
    <UnitTest name="TestSlugify (&quot;!- -a- -!&quot;,&quot;a&quot;)" storage="d:\a\dotnet-monorepo\dotnet-monorepo\src\artifacts\bin\utils.tests\release_win-x64\utils.tests.dll" id="d4883779-b459-c157-8b32-167852cf136a">
      <Execution id="925e5c1a-15e2-4a03-88c7-283ecf48cf56" />
      <TestMethod codeBase="D:\a\dotnet-monorepo\dotnet-monorepo\src\artifacts\bin\Utils.Tests\release_win-x64\Utils.Tests.dll" adapterTypeName="executor://mstestadapter/v2" className="Utils.Tests.StringTests" name="TestSlugify" />
    </UnitTest>
    <UnitTest name="TestSlugify (&quot;a &#x9;&#xA;b&quot;,&quot;a-b&quot;)" storage="d:\a\dotnet-monorepo\dotnet-monorepo\src\artifacts\bin\utils.tests\release_win-x64\utils.tests.dll" id="30a7f46c-51eb-0a8e-7b0f-50f68458c4a9">
      <Execution id="29d912c5-26eb-4db7-956c-fe33e5fa705a" />
      <TestMethod codeBase="D:\a\dotnet-monorepo\dotnet-monorepo\src\artifacts\bin\Utils.Tests\release_win-x64\Utils.Tests.dll" adapterTypeName="executor://mstestadapter/v2" className="Utils.Tests.StringTests" name="TestSlugify" />
    </UnitTest>
    <UnitTest name="TestIntToPaddedString (1,99,&quot;01&quot;)" storage="d:\a\dotnet-monorepo\dotnet-monorepo\src\artifacts\bin\utils.tests\release_win-x64\utils.tests.dll" id="73c200d4-0179-f23f-e874-5529af9cfb10">
      <Execution id="4bb479f8-ad3c-4176-be60-be64b62163da" />
      <TestMethod codeBase="D:\a\dotnet-monorepo\dotnet-monorepo\src\artifacts\bin\Utils.Tests\release_win-x64\Utils.Tests.dll" adapterTypeName="executor://mstestadapter/v2" className="Utils.Tests.ConversionTests" name="TestIntToPaddedString" />
    </UnitTest>
    <UnitTest name="TestIntToPaddedString (-1,9,&quot;-1&quot;)" storage="d:\a\dotnet-monorepo\dotnet-monorepo\src\artifacts\bin\utils.tests\release_win-x64\utils.tests.dll" id="05b34ccd-140b-53e1-83ac-3bbcf5f170bb">
      <Execution id="6991398c-5521-4f51-abc7-105ecb3cfeb4" />
      <TestMethod codeBase="D:\a\dotnet-monorepo\dotnet-monorepo\src\artifacts\bin\Utils.Tests\release_win-x64\Utils.Tests.dll" adapterTypeName="executor://mstestadapter/v2" className="Utils.Tests.ConversionTests" name="TestIntToPaddedString" />
    </UnitTest>
    <UnitTest name="TestIntToPaddedString (-1,10,&quot;-01&quot;)" storage="d:\a\dotnet-monorepo\dotnet-monorepo\src\artifacts\bin\utils.tests\release_win-x64\utils.tests.dll" id="905fa321-00bc-cf78-6872-ee27f66003f2">
      <Execution id="fb2c9e27-754d-4d9d-838a-ddda2ab010b5" />
      <TestMethod codeBase="D:\a\dotnet-monorepo\dotnet-monorepo\src\artifacts\bin\Utils.Tests\release_win-x64\Utils.Tests.dll" adapterTypeName="executor://mstestadapter/v2" className="Utils.Tests.ConversionTests" name="TestIntToPaddedString" />
    </UnitTest>
  </TestDefinitions>
  <TestEntries>
    <TestEntry testId="6ebca444-4638-4da3-7776-8faa88983cbd" executionId="eb3e5bd1-931a-4abf-8fa6-bb012602652d" testListId="8c84fa94-04c1-424b-9868-57a2d4851a1d" />
    <TestEntry testId="87340580-4ff3-84ca-c6f9-646d0df3b112" executionId="a4f42918-6579-4746-bbd6-fcff52248efa" testListId="8c84fa94-04c1-424b-9868-57a2d4851a1d" />
    <TestEntry testId="f1e653ce-75d7-fb40-bd08-81ae5b14ef1b" executionId="48d10a10-e905-4b87-9115-a6b0f6067623" testListId="8c84fa94-04c1-424b-9868-57a2d4851a1d" />
    <TestEntry testId="905fa321-00bc-cf78-6872-ee27f66003f2" executionId="fb2c9e27-754d-4d9d-838a-ddda2ab010b5" testListId="8c84fa94-04c1-424b-9868-57a2d4851a1d" />
    <TestEntry testId="59448ffc-e83e-eaf0-ca86-b666b7b086f9" executionId="c4e6a0a0-bf44-4ca7-8bc6-c819fc0c9af6" testListId="8c84fa94-04c1-424b-9868-57a2d4851a1d" />
    <TestEntry testId="4ed356bd-cc22-7262-e29f-62031d221a0c" executionId="73ec7c6e-74c9-4c2f-a8b8-4c8d1b6e611f" testListId="8c84fa94-04c1-424b-9868-57a2d4851a1d" />
    <TestEntry testId="6aa4a69f-2d57-5665-03d0-c37478fc9d10" executionId="65f583d6-f847-4178-bb39-25896a4fbe4b" testListId="8c84fa94-04c1-424b-9868-57a2d4851a1d" />
    <TestEntry testId="73775732-2906-be3f-e115-f3854c907656" executionId="ee2a18a6-0421-4e6a-96b9-512c9c85e7e0" testListId="8c84fa94-04c1-424b-9868-57a2d4851a1d" />
    <TestEntry testId="b2e71588-0d10-1546-31ef-7b0118d37b0b" executionId="dd8f2ca6-d944-459e-9b59-502a0b3552f8" testListId="8c84fa94-04c1-424b-9868-57a2d4851a1d" />
    <TestEntry testId="5ecc4d90-ae9e-85a7-c3c1-545bad2e9646" executionId="8e4f89cc-4f8e-4890-a269-7cf4f0193362" testListId="8c84fa94-04c1-424b-9868-57a2d4851a1d" />
    <TestEntry testId="68347d6d-014e-fb96-80e6-9a59909def33" executionId="482d0ca4-ee36-42d1-89fa-b68ca889a01f" testListId="8c84fa94-04c1-424b-9868-57a2d4851a1d" />
    <TestEntry testId="0596324c-2695-0dfd-9ae1-97b939dc7f6a" executionId="5d47f4e8-feee-4c62-913b-8ed04ee0e126" testListId="8c84fa94-04c1-424b-9868-57a2d4851a1d" />
    <TestEntry testId="30a7f46c-51eb-0a8e-7b0f-50f68458c4a9" executionId="29d912c5-26eb-4db7-956c-fe33e5fa705a" testListId="8c84fa94-04c1-424b-9868-57a2d4851a1d" />
    <TestEntry testId="4cbec960-b40c-18f8-d17d-e715be412ea1" executionId="eb5789aa-ead4-4688-ae9b-57c71a995bd1" testListId="8c84fa94-04c1-424b-9868-57a2d4851a1d" />
    <TestEntry testId="13ef7854-9f0e-6c15-ce2b-2db8e99b280e" executionId="ab3ec0ea-48bc-423f-8939-5b46185b4d14" testListId="8c84fa94-04c1-424b-9868-57a2d4851a1d" />
    <TestEntry testId="c6f72b31-e018-3e2f-e31f-2280a965e3b7" executionId="a22a7f2f-cb09-4950-a5f4-c424a3bc0b57" testListId="8c84fa94-04c1-424b-9868-57a2d4851a1d" />
    <TestEntry testId="f3941f59-5a45-f255-ef3e-3423b48052bc" executionId="bd874e0b-3a19-4d34-a89a-036c12763508" testListId="8c84fa94-04c1-424b-9868-57a2d4851a1d" />
    <TestEntry testId="05b34ccd-140b-53e1-83ac-3bbcf5f170bb" executionId="6991398c-5521-4f51-abc7-105ecb3cfeb4" testListId="8c84fa94-04c1-424b-9868-57a2d4851a1d" />
    <TestEntry testId="73c200d4-0179-f23f-e874-5529af9cfb10" executionId="4bb479f8-ad3c-4176-be60-be64b62163da" testListId="8c84fa94-04c1-424b-9868-57a2d4851a1d" />
    <TestEntry testId="7ed87f6c-038b-3088-c7cc-939417006f1f" executionId="833748f5-7362-465e-8c4e-339079b18b5a" testListId="8c84fa94-04c1-424b-9868-57a2d4851a1d" />
    <TestEntry testId="0a0f921a-26f1-2b7b-6cef-7448fafaff47" executionId="1c130e60-1013-4358-85d6-beefd5bd4e9f" testListId="8c84fa94-04c1-424b-9868-57a2d4851a1d" />
    <TestEntry testId="89e9f9e4-a5e1-fcd5-f349-d1d7158fad3c" executionId="ff9f7e4c-77f1-4a1e-b19c-c4d2de5c0327" testListId="8c84fa94-04c1-424b-9868-57a2d4851a1d" />
    <TestEntry testId="7c2d3d0c-c860-fb35-079f-8d65ca13e5bd" executionId="098b8f7a-41da-49f4-8a23-6c49df9640af" testListId="8c84fa94-04c1-424b-9868-57a2d4851a1d" />
    <TestEntry testId="2e09dfd4-af8f-6090-daa3-9b8e5d3178b8" executionId="93f1b4f4-7c77-4ed9-a70f-726678e9beec" testListId="8c84fa94-04c1-424b-9868-57a2d4851a1d" />
    <TestEntry testId="8a775d92-5427-1749-f100-e7ffbe21f38a" executionId="70758c3e-aea2-4bbb-9c8c-6d245e5af062" testListId="8c84fa94-04c1-424b-9868-57a2d4851a1d" />
    <TestEntry testId="3111426e-7cf2-fc95-7afe-647cdf87edaf" executionId="ea27b6c5-f4aa-45a6-8815-143169467437" testListId="8c84fa94-04c1-424b-9868-57a2d4851a1d" />
    <TestEntry testId="d4883779-b459-c157-8b32-167852cf136a" executionId="925e5c1a-15e2-4a03-88c7-283ecf48cf56" testListId="8c84fa94-04c1-424b-9868-57a2d4851a1d" />
    <TestEntry testId="9f533fdb-624c-49e5-11ee-0c6ebc524a4f" executionId="22de38bc-c564-4991-8d4f-c1a103a0823b" testListId="8c84fa94-04c1-424b-9868-57a2d4851a1d" />
    <TestEntry testId="b7949501-dd00-e42e-08ec-0b01f240879f" executionId="f61a14a4-5e48-4c7c-91df-6c4ecadfb9c9" testListId="8c84fa94-04c1-424b-9868-57a2d4851a1d" />
  </TestEntries>
  <TestLists>
    <TestList name="Results Not in a List" id="8c84fa94-04c1-424b-9868-57a2d4851a1d" />
    <TestList name="All Loaded Results" id="19431567-8539-422a-85d7-44ee4e166bda" />
  </TestLists>
  <ResultSummary outcome="Completed">
    <Counters total="29" executed="29" passed="29" failed="0" error="0" timeout="0" aborted="0" inconclusive="0" passedButRunAborted="0" notRunnable="0" notExecuted="0" disconnected="0" warning="0" completed="0" inProgress="0" pending="0" />
  </ResultSummary>
</TestRun>