<?xml version="1.0" encoding="utf-8"?>
<TestRun id="1d09aacf-13d6-4f41-a8ce-276a54f56c3b" name="runneradmin@fv-az1760-961 2025-03-06 03:27:14" runUser="fv-az1760-961\runneradmin" xmlns="http://microsoft.com/schemas/VisualStudio/TeamTest/2010">
  <Times creation="2025-03-06T03:27:14.5796864+00:00" queuing="2025-03-06T03:27:14.5796865+00:00" start="2025-03-06T03:27:14.0276263+00:00" finish="2025-03-06T03:27:14.6121452+00:00" />
  <TestSettings name="default" id="70f93e92-42a4-4e40-abf6-df379298ba0d">
    <Deployment runDeploymentRoot="runneradmin_fv-az1760-961_2025-03-06_03_27_14" />
  </TestSettings>
  <Results>
    <UnitTestResult executionId="b4aa8988-ded1-426d-b60e-b945e9b0a45b" testId="73775732-2906-be3f-e115-f3854c907656" testName="TestLongestCommonPrefix (&quot;&quot;,&quot;&quot;,&quot;abc&quot;)" computerName="fv-az1760-961" duration="00:00:00.0000056" startTime="2025-03-06T03:27:14.5430778+00:00" endTime="2025-03-06T03:27:14.5432125+00:00" testType="13cdc9d9-ddb5-4fa4-a97d-d965ccfc6d4b" outcome="Passed" testListId="8c84fa94-04c1-424b-9868-57a2d4851a1d" relativeResultsDirectory="b4aa8988-ded1-426d-b60e-b945e9b0a45b" />
    <UnitTestResult executionId="edddd96c-fd9e-4159-9809-3e66340ebbe3" testId="f1e653ce-75d7-fb40-bd08-81ae5b14ef1b" testName="TestIntToPaddedString (-1,100,&quot;-001&quot;)" computerName="fv-az1760-961" duration="00:00:00.0000053" startTime="2025-03-06T03:27:14.5351781+00:00" endTime="2025-03-06T03:27:14.5352646+00:00" testType="13cdc9d9-ddb5-4fa4-a97d-d965ccfc6d4b" outcome="Passed" testListId="8c84fa94-04c1-424b-9868-57a2d4851a1d" relativeResultsDirectory="edddd96c-fd9e-4159-9809-3e66340ebbe3" />
    <UnitTestResult executionId="30d7238b-6210-4a22-a9fc-dfdbf4069a02" testId="f3941f59-5a45-f255-ef3e-3423b48052bc" testName="TestSlugify (&quot;ä ö ü&quot;,&quot;a-o-u&quot;)" computerName="fv-az1760-961" duration="00:00:00.0000752" startTime="2025-03-06T03:27:14.5390676+00:00" endTime="2025-03-06T03:27:14.5392619+00:00" testType="13cdc9d9-ddb5-4fa4-a97d-d965ccfc6d4b" outcome="Passed" testListId="8c84fa94-04c1-424b-9868-57a2d4851a1d" relativeResultsDirectory="30d7238b-6210-4a22-a9fc-dfdbf4069a02" />
    <UnitTestResult executionId="10cb495d-88bd-4fac-963c-f60b855fcb89" testId="30a7f46c-51eb-0a8e-7b0f-50f68458c4a9" testName="TestSlugify (&quot;a &#x9;&#xA;b&quot;,&quot;a-b&quot;)" computerName="fv-az1760-961" duration="00:00:00.0000082" startTime="2025-03-06T03:27:14.5365285+00:00" endTime="2025-03-06T03:27:14.5367550+00:00" testType="13cdc9d9-ddb5-4fa4-a97d-d965ccfc6d4b" outcome="Passed" testListId="8c84fa94-04c1-424b-9868-57a2d4851a1d" relativeResultsDirectory="10cb495d-88bd-4fac-963c-f60b855fcb89" />
    <UnitTestResult executionId="44201bd6-b300-42cd-93a2-16300324622f" testId="905fa321-00bc-cf78-6872-ee27f66003f2" testName="TestIntToPaddedString (-1,10,&quot;-01&quot;)" computerName="fv-az1760-961" duration="00:00:00.0000050" startTime="2025-03-06T03:27:14.5079150+00:00" endTime="2025-03-06T03:27:14.5079937+00:00" testType="13cdc9d9-ddb5-4fa4-a97d-d965ccfc6d4b" outcome="Passed" testListId="8c84fa94-04c1-424b-9868-57a2d4851a1d" relativeResultsDirectory="44201bd6-b300-42cd-93a2-16300324622f" />
    <UnitTestResult executionId="ea02c8f8-c7a4-4134-b4e3-7c07d509bb56" testId="6aa4a69f-2d57-5665-03d0-c37478fc9d10" testName="TestIntToPaddedString (-1,101,&quot;-001&quot;)" computerName="fv-az1760-961" duration="00:00:00.0000061" startTime="2025-03-06T03:27:14.5352861+00:00" endTime="2025-03-06T03:27:14.5354900+00:00" testType="13cdc9d9-ddb5-4fa4-a97d-d965ccfc6d4b" outcome="Passed" testListId="8c84fa94-04c1-424b-9868-57a2d4851a1d" relativeResultsDirectory="ea02c8f8-c7a4-4134-b4e3-7c07d509bb56" />
    <UnitTestResult executionId="6d0d7422-df7e-4da5-8a8d-bbf14f255820" testId="c6f72b31-e018-3e2f-e31f-2280a965e3b7" testName="TestIntToPaddedString (1,100,&quot;001&quot;)" computerName="fv-az1760-961" duration="00:00:00.0000047" startTime="2025-03-06T03:27:14.5076104+00:00" endTime="2025-03-06T03:27:14.5076898+00:00" testType="13cdc9d9-ddb5-4fa4-a97d-d965ccfc6d4b" outcome="Passed" testListId="8c84fa94-04c1-424b-9868-57a2d4851a1d" relativeResultsDirectory="6d0d7422-df7e-4da5-8a8d-bbf14f255820" />
    <UnitTestResult executionId="812bcfe9-a17f-43ac-a815-bf751775e015" testId="7ed87f6c-038b-3088-c7cc-939417006f1f" testName="TestSlugify (&quot;Ä Ö Ü&quot;,&quot;a-o-u&quot;)" computerName="fv-az1760-961" duration="00:00:00.0000154" startTime="2025-03-06T03:27:14.5392904+00:00" endTime="2025-03-06T03:27:14.5394072+00:00" testType="13cdc9d9-ddb5-4fa4-a97d-d965ccfc6d4b" outcome="Passed" testListId="8c84fa94-04c1-424b-9868-57a2d4851a1d" relativeResultsDirectory="812bcfe9-a17f-43ac-a815-bf751775e015" />
    <UnitTestResult executionId="22e7569c-3880-4ea1-aea4-55b740e9c451" testId="59448ffc-e83e-eaf0-ca86-b666b7b086f9" testName="TestIntToPaddedString (1,9,&quot;1&quot;)" computerName="fv-az1760-961" duration="00:00:00.0003062" startTime="2025-03-06T03:27:14.5064401+00:00" endTime="2025-03-06T03:27:14.5070320+00:00" testType="13cdc9d9-ddb5-4fa4-a97d-d965ccfc6d4b" outcome="Passed" testListId="8c84fa94-04c1-424b-9868-57a2d4851a1d" relativeResultsDirectory="22e7569c-3880-4ea1-aea4-55b740e9c451" />
    <UnitTestResult executionId="4033d4b4-eaf6-4396-8180-b75efd20ad78" testId="2e09dfd4-af8f-6090-daa3-9b8e5d3178b8" testName="TestLongestCommonPrefix (&quot;ab&quot;,&quot;ab&quot;,&quot;abc&quot;)" computerName="fv-az1760-961" duration="00:00:00.0000086" startTime="2025-03-06T03:27:14.5414668+00:00" endTime="2025-03-06T03:27:14.5418362+00:00" testType="13cdc9d9-ddb5-4fa4-a97d-d965ccfc6d4b" outcome="Passed" testListId="8c84fa94-04c1-424b-9868-57a2d4851a1d" relativeResultsDirectory="4033d4b4-eaf6-4396-8180-b75efd20ad78" />
    <UnitTestResult executionId="460157f7-e3e0-4917-946d-1c5868f60114" testId="89e9f9e4-a5e1-fcd5-f349-d1d7158fad3c" testName="TestIntToPaddedString (-1,11,&quot;-01&quot;)" computerName="fv-az1760-961" duration="00:00:00.0000091" startTime="2025-03-06T03:27:14.5349016+00:00" endTime="2025-03-06T03:27:14.5350316+00:00" testType="13cdc9d9-ddb5-4fa4-a97d-d965ccfc6d4b" outcome="Passed" testListId="8c84fa94-04c1-424b-9868-57a2d4851a1d" relativeResultsDirectory="460157f7-e3e0-4917-946d-1c5868f60114" />
    <UnitTestResult executionId="d3a4ad1c-f525-4796-8aa6-62f8d07cf504" testId="68347d6d-014e-fb96-80e6-9a59909def33" testName="TestLongestCommonPrefix (&quot;ab&quot;,&quot;abc&quot;,&quot;ab&quot;)" computerName="fv-az1760-961" duration="00:00:00.0000071" startTime="2025-03-06T03:27:14.5418650+00:00" endTime="2025-03-06T03:27:14.5420096+00:00" testType="13cdc9d9-ddb5-4fa4-a97d-d965ccfc6d4b" outcome="Passed" testListId="8c84fa94-04c1-424b-9868-57a2d4851a1d" relativeResultsDirectory="d3a4ad1c-f525-4796-8aa6-62f8d07cf504" />
    <UnitTestResult executionId="d2a68367-2a0a-4a51-ad5b-e313a5d07712" testId="9f533fdb-624c-49e5-11ee-0c6ebc524a4f" testName="TestIntToPaddedString (1,10,&quot;01&quot;)" computerName="fv-az1760-961" duration="00:00:00.0000065" startTime="2025-03-06T03:27:14.5072626+00:00" endTime="2025-03-06T03:27:14.5073736+00:00" testType="13cdc9d9-ddb5-4fa4-a97d-d965ccfc6d4b" outcome="Passed" testListId="8c84fa94-04c1-424b-9868-57a2d4851a1d" relativeResultsDirectory="d2a68367-2a0a-4a51-ad5b-e313a5d07712" />
    <UnitTestResult executionId="c794d489-a3d2-4d88-a162-a2308f223739" testId="5ecc4d90-ae9e-85a7-c3c1-545bad2e9646" testName="TestIntToPaddedString (1,101,&quot;001&quot;)" computerName="fv-az1760-961" duration="00:00:00.0000049" startTime="2025-03-06T03:27:14.5077068+00:00" endTime="2025-03-06T03:27:14.5077905+00:00" testType="13cdc9d9-ddb5-4fa4-a97d-d965ccfc6d4b" outcome="Passed" testListId="8c84fa94-04c1-424b-9868-57a2d4851a1d" relativeResultsDirectory="c794d489-a3d2-4d88-a162-a2308f223739" />
    <UnitTestResult executionId="f48ad5f5-9ba1-4e27-9cc4-3996d9ed0063" testId="4ed356bd-cc22-7262-e29f-62031d221a0c" testName="TestLongestCommonPrefix (&quot;&quot;,&quot;abc&quot;,&quot;&quot;)" computerName="fv-az1760-961" duration="00:00:00.0000061" startTime="2025-03-06T03:27:14.5432405+00:00" endTime="2025-03-06T03:27:14.5440642+00:00" testType="13cdc9d9-ddb5-4fa4-a97d-d965ccfc6d4b" outcome="Passed" testListId="8c84fa94-04c1-424b-9868-57a2d4851a1d" relativeResultsDirectory="f48ad5f5-9ba1-4e27-9cc4-3996d9ed0063" />
    <UnitTestResult executionId="52cb6534-53c4-4aef-8131-c79b8d8b120d" testId="4cbec960-b40c-18f8-d17d-e715be412ea1" testName="TestLongestCommonPrefix (&quot;&quot;)" computerName="fv-az1760-961" duration="00:00:00.0003694" startTime="2025-03-06T03:27:14.5395593+00:00" endTime="2025-03-06T03:27:14.5404038+00:00" testType="13cdc9d9-ddb5-4fa4-a97d-d965ccfc6d4b" outcome="Passed" testListId="8c84fa94-04c1-424b-9868-57a2d4851a1d" relativeResultsDirectory="52cb6534-53c4-4aef-8131-c79b8d8b120d" />
    <UnitTestResult executionId="b7a4b841-8eb8-4021-9b95-73c4316f63b8" testId="13ef7854-9f0e-6c15-ce2b-2db8e99b280e" testName="TestSlugify (&quot;a!=b&quot;,&quot;ab&quot;)" computerName="fv-az1760-961" duration="00:00:00.0002335" startTime="2025-03-06T03:27:14.5361100+00:00" endTime="2025-03-06T03:27:14.5364980+00:00" testType="13cdc9d9-ddb5-4fa4-a97d-d965ccfc6d4b" outcome="Passed" testListId="8c84fa94-04c1-424b-9868-57a2d4851a1d" relativeResultsDirectory="b7a4b841-8eb8-4021-9b95-73c4316f63b8" />
    <UnitTestResult executionId="3f11ab4f-df91-476d-a011-6a047d0be6a2" testId="b2e71588-0d10-1546-31ef-7b0118d37b0b" testName="TestSlugify (&quot;a_b&quot;,&quot;a-b&quot;)" computerName="fv-az1760-961" duration="00:00:00.0000065" startTime="2025-03-06T03:27:14.5389324+00:00" endTime="2025-03-06T03:27:14.5390299+00:00" testType="13cdc9d9-ddb5-4fa4-a97d-d965ccfc6d4b" outcome="Passed" testListId="8c84fa94-04c1-424b-9868-57a2d4851a1d" relativeResultsDirectory="3f11ab4f-df91-476d-a011-6a047d0be6a2" />
    <UnitTestResult executionId="adef32c6-5de1-41f6-aaf7-34790a824430" testId="0a0f921a-26f1-2b7b-6cef-7448fafaff47" testName="TestSlugify (&quot;Abc-DEF&quot;,&quot;abc-def&quot;)" computerName="fv-az1760-961" duration="00:00:00.0000080" startTime="2025-03-06T03:27:14.5387853+00:00" endTime="2025-03-06T03:27:14.5389061+00:00" testType="13cdc9d9-ddb5-4fa4-a97d-d965ccfc6d4b" outcome="Passed" testListId="8c84fa94-04c1-424b-9868-57a2d4851a1d" relativeResultsDirectory="adef32c6-5de1-41f6-aaf7-34790a824430" />
    <UnitTestResult executionId="7101bdd6-7061-4f89-90e7-93966bb9f37f" testId="b7949501-dd00-e42e-08ec-0b01f240879f" testName="TestSlugify (&quot;a - b&quot;,&quot;a-b&quot;)" computerName="fv-az1760-961" duration="00:00:00.0000057" startTime="2025-03-06T03:27:14.5369089+00:00" endTime="2025-03-06T03:27:14.5370008+00:00" testType="13cdc9d9-ddb5-4fa4-a97d-d965ccfc6d4b" outcome="Passed" testListId="8c84fa94-04c1-424b-9868-57a2d4851a1d" relativeResultsDirectory="7101bdd6-7061-4f89-90e7-93966bb9f37f" />
    <UnitTestResult executionId="686091c7-bb6e-4cfb-9fac-03f82ea87052" testId="8a775d92-5427-1749-f100-e7ffbe21f38a" testName="TestLongestCommonPrefix (&quot;a&quot;,&quot;a1&quot;,&quot;a2&quot;,&quot;a3&quot;)" computerName="fv-az1760-961" duration="00:00:00.0004534" startTime="2025-03-06T03:27:14.5404282+00:00" endTime="2025-03-06T03:27:14.5414325+00:00" testType="13cdc9d9-ddb5-4fa4-a97d-d965ccfc6d4b" outcome="Passed" testListId="8c84fa94-04c1-424b-9868-57a2d4851a1d" relativeResultsDirectory="686091c7-bb6e-4cfb-9fac-03f82ea87052" />
    <UnitTestResult executionId="6c082570-1935-41b0-a7da-27ee618d3eec" testId="87340580-4ff3-84ca-c6f9-646d0df3b112" testName="TestSlugify (&quot;a- -b&quot;,&quot;a-b&quot;)" computerName="fv-az1760-961" duration="00:00:00.0000061" startTime="2025-03-06T03:27:14.5367822+00:00" endTime="2025-03-06T03:27:14.5368822+00:00" testType="13cdc9d9-ddb5-4fa4-a97d-d965ccfc6d4b" outcome="Passed" testListId="8c84fa94-04c1-424b-9868-57a2d4851a1d" relativeResultsDirectory="6c082570-1935-41b0-a7da-27ee618d3eec" />
    <UnitTestResult executionId="aa692893-4dcc-49c7-9d79-53e5bfeba68c" testId="0596324c-2695-0dfd-9ae1-97b939dc7f6a" testName="TestIntToPaddedString (-1,99,&quot;-01&quot;)" computerName="fv-az1760-961" duration="00:00:00.0000059" startTime="2025-03-06T03:27:14.5350589+00:00" endTime="2025-03-06T03:27:14.5351587+00:00" testType="13cdc9d9-ddb5-4fa4-a97d-d965ccfc6d4b" outcome="Passed" testListId="8c84fa94-04c1-424b-9868-57a2d4851a1d" relativeResultsDirectory="aa692893-4dcc-49c7-9d79-53e5bfeba68c" />
    <UnitTestResult executionId="dd41f347-39d0-4177-9833-56c77cb18771" testId="3111426e-7cf2-fc95-7afe-647cdf87edaf" testName="TestSlugify (&quot;a1 b2 c3&quot;,&quot;a1-b2-c3&quot;)" computerName="fv-az1760-961" duration="00:00:00.0000065" startTime="2025-03-06T03:27:14.5394320+00:00" endTime="2025-03-06T03:27:14.5395348+00:00" testType="13cdc9d9-ddb5-4fa4-a97d-d965ccfc6d4b" outcome="Passed" testListId="8c84fa94-04c1-424b-9868-57a2d4851a1d" relativeResultsDirectory="dd41f347-39d0-4177-9833-56c77cb18771" />
    <UnitTestResult executionId="12154a25-6ce7-4e64-9308-e53334f72544" testId="73c200d4-0179-f23f-e874-5529af9cfb10" testName="TestIntToPaddedString (1,99,&quot;01&quot;)" computerName="fv-az1760-961" duration="00:00:00.0000048" startTime="2025-03-06T03:27:14.5075042+00:00" endTime="2025-03-06T03:27:14.5075888+00:00" testType="13cdc9d9-ddb5-4fa4-a97d-d965ccfc6d4b" outcome="Passed" testListId="8c84fa94-04c1-424b-9868-57a2d4851a1d" relativeResultsDirectory="12154a25-6ce7-4e64-9308-e53334f72544" />
    <UnitTestResult executionId="ac205757-4695-4b92-b29d-2d3a0a0208c6" testId="6ebca444-4638-4da3-7776-8faa88983cbd" testName="TestIntToPaddedString (1,11,&quot;01&quot;)" computerName="fv-az1760-961" duration="00:00:00.0000076" startTime="2025-03-06T03:27:14.5073937+00:00" endTime="2025-03-06T03:27:14.5074855+00:00" testType="13cdc9d9-ddb5-4fa4-a97d-d965ccfc6d4b" outcome="Passed" testListId="8c84fa94-04c1-424b-9868-57a2d4851a1d" relativeResultsDirectory="ac205757-4695-4b92-b29d-2d3a0a0208c6" />
    <UnitTestResult executionId="e33a0fd3-4296-41a0-bee3-b45c58c39050" testId="7c2d3d0c-c860-fb35-079f-8d65ca13e5bd" testName="TestIntToPaddedString (0,100,&quot;000&quot;)" computerName="fv-az1760-961" duration="00:00:00.0037749" startTime="2025-03-06T03:27:14.4812863+00:00" endTime="2025-03-06T03:27:14.5027403+00:00" testType="13cdc9d9-ddb5-4fa4-a97d-d965ccfc6d4b" outcome="Passed" testListId="8c84fa94-04c1-424b-9868-57a2d4851a1d" relativeResultsDirectory="e33a0fd3-4296-41a0-bee3-b45c58c39050" />
    <UnitTestResult executionId="92eef48a-4c7e-446d-b47c-1d52db115220" testId="05b34ccd-140b-53e1-83ac-3bbcf5f170bb" testName="TestIntToPaddedString (-1,9,&quot;-1&quot;)" computerName="fv-az1760-961" duration="00:00:00.0000061" startTime="2025-03-06T03:27:14.5078081+00:00" endTime="2025-03-06T03:27:14.5078915+00:00" testType="13cdc9d9-ddb5-4fa4-a97d-d965ccfc6d4b" outcome="Passed" testListId="8c84fa94-04c1-424b-9868-57a2d4851a1d" relativeResultsDirectory="92eef48a-4c7e-446d-b47c-1d52db115220" />
    <UnitTestResult executionId="1185f889-b130-48df-a551-f22cb296ceee" testId="d4883779-b459-c157-8b32-167852cf136a" testName="TestSlugify (&quot;!- -a- -!&quot;,&quot;a&quot;)" computerName="fv-az1760-961" duration="00:00:00.0004206" startTime="2025-03-06T03:27:14.5355145+00:00" endTime="2025-03-06T03:27:14.5360799+00:00" testType="13cdc9d9-ddb5-4fa4-a97d-d965ccfc6d4b" outcome="Passed" testListId="8c84fa94-04c1-424b-9868-57a2d4851a1d" relativeResultsDirectory="1185f889-b130-48df-a551-f22cb296ceee" />
  </Results>
  <TestDefinitions>
    <UnitTest name="TestIntToPaddedString (1,11,&quot;01&quot;)" storage="d:\a\dotnet-monorepo\dotnet-monorepo\src\artifacts\bin\utils.tests\release_win-x64\utils.tests.dll" id="6ebca444-4638-4da3-7776-8faa88983cbd">
      <Execution id="ac205757-4695-4b92-b29d-2d3a0a0208c6" />
      <TestMethod codeBase="D:\a\dotnet-monorepo\dotnet-monorepo\src\artifacts\bin\Utils.Tests\release_win-x64\Utils.Tests.dll" adapterTypeName="executor://mstestadapter/v2" className="Utils.Tests.ConversionTests" name="TestIntToPaddedString" />
    </UnitTest>
    <UnitTest name="TestSlugify (&quot;a- -b&quot;,&quot;a-b&quot;)" storage="d:\a\dotnet-monorepo\dotnet-monorepo\src\artifacts\bin\utils.tests\release_win-x64\utils.tests.dll" id="87340580-4ff3-84ca-c6f9-646d0df3b112">
      <Execution id="6c082570-1935-41b0-a7da-27ee618d3eec" />
      <TestMethod codeBase="D:\a\dotnet-monorepo\dotnet-monorepo\src\artifacts\bin\Utils.Tests\release_win-x64\Utils.Tests.dll" adapterTypeName="executor://mstestadapter/v2" className="Utils.Tests.StringTests" name="TestSlugify" />
    </UnitTest>
    <UnitTest name="TestIntToPaddedString (-1,100,&quot;-001&quot;)" storage="d:\a\dotnet-monorepo\dotnet-monorepo\src\artifacts\bin\utils.tests\release_win-x64\utils.tests.dll" id="f1e653ce-75d7-fb40-bd08-81ae5b14ef1b">
      <Execution id="edddd96c-fd9e-4159-9809-3e66340ebbe3" />
      <TestMethod codeBase="D:\a\dotnet-monorepo\dotnet-monorepo\src\artifacts\bin\Utils.Tests\release_win-x64\Utils.Tests.dll" adapterTypeName="executor://mstestadapter/v2" className="Utils.Tests.ConversionTests" name="TestIntToPaddedString" />
    </UnitTest>
    <UnitTest name="TestLongestCommonPrefix (&quot;ab&quot;,&quot;abc&quot;,&quot;ab&quot;)" storage="d:\a\dotnet-monorepo\dotnet-monorepo\src\artifacts\bin\utils.tests\release_win-x64\utils.tests.dll" id="68347d6d-014e-fb96-80e6-9a59909def33">
      <Execution id="d3a4ad1c-f525-4796-8aa6-62f8d07cf504" />
      <TestMethod codeBase="D:\a\dotnet-monorepo\dotnet-monorepo\src\artifacts\bin\Utils.Tests\release_win-x64\Utils.Tests.dll" adapterTypeName="executor://mstestadapter/v2" className="Utils.Tests.StringTests" name="TestLongestCommonPrefix" />
    </UnitTest>
    <UnitTest name="TestSlugify (&quot;a_b&quot;,&quot;a-b&quot;)" storage="d:\a\dotnet-monorepo\dotnet-monorepo\src\artifacts\bin\utils.tests\release_win-x64\utils.tests.dll" id="b2e71588-0d10-1546-31ef-7b0118d37b0b">
      <Execution id="3f11ab4f-df91-476d-a011-6a047d0be6a2" />
      <TestMethod codeBase="D:\a\dotnet-monorepo\dotnet-monorepo\src\artifacts\bin\Utils.Tests\release_win-x64\Utils.Tests.dll" adapterTypeName="executor://mstestadapter/v2" className="Utils.Tests.StringTests" name="TestSlugify" />
    </UnitTest>
    <UnitTest name="TestIntToPaddedString (1,10,&quot;01&quot;)" storage="d:\a\dotnet-monorepo\dotnet-monorepo\src\artifacts\bin\utils.tests\release_win-x64\utils.tests.dll" id="9f533fdb-624c-49e5-11ee-0c6ebc524a4f">
      <Execution id="d2a68367-2a0a-4a51-ad5b-e313a5d07712" />
      <TestMethod codeBase="D:\a\dotnet-monorepo\dotnet-monorepo\src\artifacts\bin\Utils.Tests\release_win-x64\Utils.Tests.dll" adapterTypeName="executor://mstestadapter/v2" className="Utils.Tests.ConversionTests" name="TestIntToPaddedString" />
    </UnitTest>
    <UnitTest name="TestIntToPaddedString (-1,99,&quot;-01&quot;)" storage="d:\a\dotnet-monorepo\dotnet-monorepo\src\artifacts\bin\utils.tests\release_win-x64\utils.tests.dll" id="0596324c-2695-0dfd-9ae1-97b939dc7f6a">
      <Execution id="aa692893-4dcc-49c7-9d79-53e5bfeba68c" />
      <TestMethod codeBase="D:\a\dotnet-monorepo\dotnet-monorepo\src\artifacts\bin\Utils.Tests\release_win-x64\Utils.Tests.dll" adapterTypeName="executor://mstestadapter/v2" className="Utils.Tests.ConversionTests" name="TestIntToPaddedString" />
    </UnitTest>
    <UnitTest name="TestSlugify (&quot;Abc-DEF&quot;,&quot;abc-def&quot;)" storage="d:\a\dotnet-monorepo\dotnet-monorepo\src\artifacts\bin\utils.tests\release_win-x64\utils.tests.dll" id="0a0f921a-26f1-2b7b-6cef-7448fafaff47">
      <Execution id="adef32c6-5de1-41f6-aaf7-34790a824430" />
      <TestMethod codeBase="D:\a\dotnet-monorepo\dotnet-monorepo\src\artifacts\bin\Utils.Tests\release_win-x64\Utils.Tests.dll" adapterTypeName="executor://mstestadapter/v2" className="Utils.Tests.StringTests" name="TestSlugify" />
    </UnitTest>
    <UnitTest name="TestIntToPaddedString (1,101,&quot;001&quot;)" storage="d:\a\dotnet-monorepo\dotnet-monorepo\src\artifacts\bin\utils.tests\release_win-x64\utils.tests.dll" id="5ecc4d90-ae9e-85a7-c3c1-545bad2e9646">
      <Execution id="c794d489-a3d2-4d88-a162-a2308f223739" />
      <TestMethod codeBase="D:\a\dotnet-monorepo\dotnet-monorepo\src\artifacts\bin\Utils.Tests\release_win-x64\Utils.Tests.dll" adapterTypeName="executor://mstestadapter/v2" className="Utils.Tests.ConversionTests" name="TestIntToPaddedString" />
    </UnitTest>
    <UnitTest name="TestSlugify (&quot;a - b&quot;,&quot;a-b&quot;)" storage="d:\a\dotnet-monorepo\dotnet-monorepo\src\artifacts\bin\utils.tests\release_win-x64\utils.tests.dll" id="b7949501-dd00-e42e-08ec-0b01f240879f">
      <Execution id="7101bdd6-7061-4f89-90e7-93966bb9f37f" />
      <TestMethod codeBase="D:\a\dotnet-monorepo\dotnet-monorepo\src\artifacts\bin\Utils.Tests\release_win-x64\Utils.Tests.dll" adapterTypeName="executor://mstestadapter/v2" className="Utils.Tests.StringTests" name="TestSlugify" />
    </UnitTest>
    <UnitTest name="TestSlugify (&quot;a!=b&quot;,&quot;ab&quot;)" storage="d:\a\dotnet-monorepo\dotnet-monorepo\src\artifacts\bin\utils.tests\release_win-x64\utils.tests.dll" id="13ef7854-9f0e-6c15-ce2b-2db8e99b280e">
      <Execution id="b7a4b841-8eb8-4021-9b95-73c4316f63b8" />
      <TestMethod codeBase="D:\a\dotnet-monorepo\dotnet-monorepo\src\artifacts\bin\Utils.Tests\release_win-x64\Utils.Tests.dll" adapterTypeName="executor://mstestadapter/v2" className="Utils.Tests.StringTests" name="TestSlugify" />
    </UnitTest>
    <UnitTest name="TestLongestCommonPrefix (&quot;a&quot;,&quot;a1&quot;,&quot;a2&quot;,&quot;a3&quot;)" storage="d:\a\dotnet-monorepo\dotnet-monorepo\src\artifacts\bin\utils.tests\release_win-x64\utils.tests.dll" id="8a775d92-5427-1749-f100-e7ffbe21f38a">
      <Execution id="686091c7-bb6e-4cfb-9fac-03f82ea87052" />
      <TestMethod codeBase="D:\a\dotnet-monorepo\dotnet-monorepo\src\artifacts\bin\Utils.Tests\release_win-x64\Utils.Tests.dll" adapterTypeName="executor://mstestadapter/v2" className="Utils.Tests.StringTests" name="TestLongestCommonPrefix" />
    </UnitTest>
    <UnitTest name="TestIntToPaddedString (0,100,&quot;000&quot;)" storage="d:\a\dotnet-monorepo\dotnet-monorepo\src\artifacts\bin\utils.tests\release_win-x64\utils.tests.dll" id="7c2d3d0c-c860-fb35-079f-8d65ca13e5bd">
      <Execution id="e33a0fd3-4296-41a0-bee3-b45c58c39050" />
      <TestMethod codeBase="D:\a\dotnet-monorepo\dotnet-monorepo\src\artifacts\bin\Utils.Tests\release_win-x64\Utils.Tests.dll" adapterTypeName="executor://mstestadapter/v2" className="Utils.Tests.ConversionTests" name="TestIntToPaddedString" />
    </UnitTest>
    <UnitTest name="TestLongestCommonPrefix (&quot;&quot;)" storage="d:\a\dotnet-monorepo\dotnet-monorepo\src\artifacts\bin\utils.tests\release_win-x64\utils.tests.dll" id="4cbec960-b40c-18f8-d17d-e715be412ea1">
      <Execution id="52cb6534-53c4-4aef-8131-c79b8d8b120d" />
      <TestMethod codeBase="D:\a\dotnet-monorepo\dotnet-monorepo\src\artifacts\bin\Utils.Tests\release_win-x64\Utils.Tests.dll" adapterTypeName="executor://mstestadapter/v2" className="Utils.Tests.StringTests" name="TestLongestCommonPrefix" />
    </UnitTest>
    <UnitTest name="TestIntToPaddedString (-1,101,&quot;-001&quot;)" storage="d:\a\dotnet-monorepo\dotnet-monorepo\src\artifacts\bin\utils.tests\release_win-x64\utils.tests.dll" id="6aa4a69f-2d57-5665-03d0-c37478fc9d10">
      <Execution id="ea02c8f8-c7a4-4134-b4e3-7c07d509bb56" />
      <TestMethod codeBase="D:\a\dotnet-monorepo\dotnet-monorepo\src\artifacts\bin\Utils.Tests\release_win-x64\Utils.Tests.dll" adapterTypeName="executor://mstestadapter/v2" className="Utils.Tests.ConversionTests" name="TestIntToPaddedString" />
    </UnitTest>
    <UnitTest name="TestIntToPaddedString (1,100,&quot;001&quot;)" storage="d:\a\dotnet-monorepo\dotnet-monorepo\src\artifacts\bin\utils.tests\release_win-x64\utils.tests.dll" id="c6f72b31-e018-3e2f-e31f-2280a965e3b7">
      <Execution id="6d0d7422-df7e-4da5-8a8d-bbf14f255820" />
      <TestMethod codeBase="D:\a\dotnet-monorepo\dotnet-monorepo\src\artifacts\bin\Utils.Tests\release_win-x64\Utils.Tests.dll" adapterTypeName="executor://mstestadapter/v2" className="Utils.Tests.ConversionTests" name="TestIntToPaddedString" />
    </UnitTest>
    <UnitTest name="TestSlugify (&quot;Ä Ö Ü&quot;,&quot;a-o-u&quot;)" storage="d:\a\dotnet-monorepo\dotnet-monorepo\src\artifacts\bin\utils.tests\release_win-x64\utils.tests.dll" id="7ed87f6c-038b-3088-c7cc-939417006f1f">
      <Execution id="812bcfe9-a17f-43ac-a815-bf751775e015" />
      <TestMethod codeBase="D:\a\dotnet-monorepo\dotnet-monorepo\src\artifacts\bin\Utils.Tests\release_win-x64\Utils.Tests.dll" adapterTypeName="executor://mstestadapter/v2" className="Utils.Tests.StringTests" name="TestSlugify" />
    </UnitTest>
    <UnitTest name="TestIntToPaddedString (1,9,&quot;1&quot;)" storage="d:\a\dotnet-monorepo\dotnet-monorepo\src\artifacts\bin\utils.tests\release_win-x64\utils.tests.dll" id="59448ffc-e83e-eaf0-ca86-b666b7b086f9">
      <Execution id="22e7569c-3880-4ea1-aea4-55b740e9c451" />
      <TestMethod codeBase="D:\a\dotnet-monorepo\dotnet-monorepo\src\artifacts\bin\Utils.Tests\release_win-x64\Utils.Tests.dll" adapterTypeName="executor://mstestadapter/v2" className="Utils.Tests.ConversionTests" name="TestIntToPaddedString" />
    </UnitTest>
    <UnitTest name="TestIntToPaddedString (-1,11,&quot;-01&quot;)" storage="d:\a\dotnet-monorepo\dotnet-monorepo\src\artifacts\bin\utils.tests\release_win-x64\utils.tests.dll" id="89e9f9e4-a5e1-fcd5-f349-d1d7158fad3c">
      <Execution id="460157f7-e3e0-4917-946d-1c5868f60114" />
      <TestMethod codeBase="D:\a\dotnet-monorepo\dotnet-monorepo\src\artifacts\bin\Utils.Tests\release_win-x64\Utils.Tests.dll" adapterTypeName="executor://mstestadapter/v2" className="Utils.Tests.ConversionTests" name="TestIntToPaddedString" />
    </UnitTest>
    <UnitTest name="TestLongestCommonPrefix (&quot;&quot;,&quot;&quot;,&quot;abc&quot;)" storage="d:\a\dotnet-monorepo\dotnet-monorepo\src\artifacts\bin\utils.tests\release_win-x64\utils.tests.dll" id="73775732-2906-be3f-e115-f3854c907656">
      <Execution id="b4aa8988-ded1-426d-b60e-b945e9b0a45b" />
      <TestMethod codeBase="D:\a\dotnet-monorepo\dotnet-monorepo\src\artifacts\bin\Utils.Tests\release_win-x64\Utils.Tests.dll" adapterTypeName="executor://mstestadapter/v2" className="Utils.Tests.StringTests" name="TestLongestCommonPrefix" />
    </UnitTest>
    <UnitTest name="TestLongestCommonPrefix (&quot;ab&quot;,&quot;ab&quot;,&quot;abc&quot;)" storage="d:\a\dotnet-monorepo\dotnet-monorepo\src\artifacts\bin\utils.tests\release_win-x64\utils.tests.dll" id="2e09dfd4-af8f-6090-daa3-9b8e5d3178b8">
      <Execution id="4033d4b4-eaf6-4396-8180-b75efd20ad78" />
      <TestMethod codeBase="D:\a\dotnet-monorepo\dotnet-monorepo\src\artifacts\bin\Utils.Tests\release_win-x64\Utils.Tests.dll" adapterTypeName="executor://mstestadapter/v2" className="Utils.Tests.StringTests" name="TestLongestCommonPrefix" />
    </UnitTest>
    <UnitTest name="TestLongestCommonPrefix (&quot;&quot;,&quot;abc&quot;,&quot;&quot;)" storage="d:\a\dotnet-monorepo\dotnet-monorepo\src\artifacts\bin\utils.tests\release_win-x64\utils.tests.dll" id="4ed356bd-cc22-7262-e29f-62031d221a0c">
      <Execution id="f48ad5f5-9ba1-4e27-9cc4-3996d9ed0063" />
      <TestMethod codeBase="D:\a\dotnet-monorepo\dotnet-monorepo\src\artifacts\bin\Utils.Tests\release_win-x64\Utils.Tests.dll" adapterTypeName="executor://mstestadapter/v2" className="Utils.Tests.StringTests" name="TestLongestCommonPrefix" />
    </UnitTest>
    <UnitTest name="TestSlugify (&quot;a1 b2 c3&quot;,&quot;a1-b2-c3&quot;)" storage="d:\a\dotnet-monorepo\dotnet-monorepo\src\artifacts\bin\utils.tests\release_win-x64\utils.tests.dll" id="3111426e-7cf2-fc95-7afe-647cdf87edaf">
      <Execution id="dd41f347-39d0-4177-9833-56c77cb18771" />
      <TestMethod codeBase="D:\a\dotnet-monorepo\dotnet-monorepo\src\artifacts\bin\Utils.Tests\release_win-x64\Utils.Tests.dll" adapterTypeName="executor://mstestadapter/v2" className="Utils.Tests.StringTests" name="TestSlugify" />
    </UnitTest>
    <UnitTest name="TestSlugify (&quot;ä ö ü&quot;,&quot;a-o-u&quot;)" storage="d:\a\dotnet-monorepo\dotnet-monorepo\src\artifacts\bin\utils.tests\release_win-x64\utils.tests.dll" id="f3941f59-5a45-f255-ef3e-3423b48052bc">
      <Execution id="30d7238b-6210-4a22-a9fc-dfdbf4069a02" />
      <TestMethod codeBase="D:\a\dotnet-monorepo\dotnet-monorepo\src\artifacts\bin\Utils.Tests\release_win-x64\Utils.Tests.dll" adapterTypeName="executor://mstestadapter/v2" className="Utils.Tests.StringTests" name="TestSlugify" />
    </UnitTest>
    <UnitTest name="TestSlugify (&quot;!- -a- -!&quot;,&quot;a&quot;)" storage="d:\a\dotnet-monorepo\dotnet-monorepo\src\artifacts\bin\utils.tests\release_win-x64\utils.tests.dll" id="d4883779-b459-c157-8b32-167852cf136a">
      <Execution id="1185f889-b130-48df-a551-f22cb296ceee" />
      <TestMethod codeBase="D:\a\dotnet-monorepo\dotnet-monorepo\src\artifacts\bin\Utils.Tests\release_win-x64\Utils.Tests.dll" adapterTypeName="executor://mstestadapter/v2" className="Utils.Tests.StringTests" name="TestSlugify" />
    </UnitTest>
    <UnitTest name="TestSlugify (&quot;a &#x9;&#xA;b&quot;,&quot;a-b&quot;)" storage="d:\a\dotnet-monorepo\dotnet-monorepo\src\artifacts\bin\utils.tests\release_win-x64\utils.tests.dll" id="30a7f46c-51eb-0a8e-7b0f-50f68458c4a9">
      <Execution id="10cb495d-88bd-4fac-963c-f60b855fcb89" />
      <TestMethod codeBase="D:\a\dotnet-monorepo\dotnet-monorepo\src\artifacts\bin\Utils.Tests\release_win-x64\Utils.Tests.dll" adapterTypeName="executor://mstestadapter/v2" className="Utils.Tests.StringTests" name="TestSlugify" />
    </UnitTest>
    <UnitTest name="TestIntToPaddedString (1,99,&quot;01&quot;)" storage="d:\a\dotnet-monorepo\dotnet-monorepo\src\artifacts\bin\utils.tests\release_win-x64\utils.tests.dll" id="73c200d4-0179-f23f-e874-5529af9cfb10">
      <Execution id="12154a25-6ce7-4e64-9308-e53334f72544" />
      <TestMethod codeBase="D:\a\dotnet-monorepo\dotnet-monorepo\src\artifacts\bin\Utils.Tests\release_win-x64\Utils.Tests.dll" adapterTypeName="executor://mstestadapter/v2" className="Utils.Tests.ConversionTests" name="TestIntToPaddedString" />
    </UnitTest>
    <UnitTest name="TestIntToPaddedString (-1,9,&quot;-1&quot;)" storage="d:\a\dotnet-monorepo\dotnet-monorepo\src\artifacts\bin\utils.tests\release_win-x64\utils.tests.dll" id="05b34ccd-140b-53e1-83ac-3bbcf5f170bb">
      <Execution id="92eef48a-4c7e-446d-b47c-1d52db115220" />
      <TestMethod codeBase="D:\a\dotnet-monorepo\dotnet-monorepo\src\artifacts\bin\Utils.Tests\release_win-x64\Utils.Tests.dll" adapterTypeName="executor://mstestadapter/v2" className="Utils.Tests.ConversionTests" name="TestIntToPaddedString" />
    </UnitTest>
    <UnitTest name="TestIntToPaddedString (-1,10,&quot;-01&quot;)" storage="d:\a\dotnet-monorepo\dotnet-monorepo\src\artifacts\bin\utils.tests\release_win-x64\utils.tests.dll" id="905fa321-00bc-cf78-6872-ee27f66003f2">
      <Execution id="44201bd6-b300-42cd-93a2-16300324622f" />
      <TestMethod codeBase="D:\a\dotnet-monorepo\dotnet-monorepo\src\artifacts\bin\Utils.Tests\release_win-x64\Utils.Tests.dll" adapterTypeName="executor://mstestadapter/v2" className="Utils.Tests.ConversionTests" name="TestIntToPaddedString" />
    </UnitTest>
  </TestDefinitions>
  <TestEntries>
    <TestEntry testId="73775732-2906-be3f-e115-f3854c907656" executionId="b4aa8988-ded1-426d-b60e-b945e9b0a45b" testListId="8c84fa94-04c1-424b-9868-57a2d4851a1d" />
    <TestEntry testId="f1e653ce-75d7-fb40-bd08-81ae5b14ef1b" executionId="edddd96c-fd9e-4159-9809-3e66340ebbe3" testListId="8c84fa94-04c1-424b-9868-57a2d4851a1d" />
    <TestEntry testId="f3941f59-5a45-f255-ef3e-3423b48052bc" executionId="30d7238b-6210-4a22-a9fc-dfdbf4069a02" testListId="8c84fa94-04c1-424b-9868-57a2d4851a1d" />
    <TestEntry testId="30a7f46c-51eb-0a8e-7b0f-50f68458c4a9" executionId="10cb495d-88bd-4fac-963c-f60b855fcb89" testListId="8c84fa94-04c1-424b-9868-57a2d4851a1d" />
    <TestEntry testId="905fa321-00bc-cf78-6872-ee27f66003f2" executionId="44201bd6-b300-42cd-93a2-16300324622f" testListId="8c84fa94-04c1-424b-9868-57a2d4851a1d" />
    <TestEntry testId="6aa4a69f-2d57-5665-03d0-c37478fc9d10" executionId="ea02c8f8-c7a4-4134-b4e3-7c07d509bb56" testListId="8c84fa94-04c1-424b-9868-57a2d4851a1d" />
    <TestEntry testId="c6f72b31-e018-3e2f-e31f-2280a965e3b7" executionId="6d0d7422-df7e-4da5-8a8d-bbf14f255820" testListId="8c84fa94-04c1-424b-9868-57a2d4851a1d" />
    <TestEntry testId="7ed87f6c-038b-3088-c7cc-939417006f1f" executionId="812bcfe9-a17f-43ac-a815-bf751775e015" testListId="8c84fa94-04c1-424b-9868-57a2d4851a1d" />
    <TestEntry testId="59448ffc-e83e-eaf0-ca86-b666b7b086f9" executionId="22e7569c-3880-4ea1-aea4-55b740e9c451" testListId="8c84fa94-04c1-424b-9868-57a2d4851a1d" />
    <TestEntry testId="2e09dfd4-af8f-6090-daa3-9b8e5d3178b8" executionId="4033d4b4-eaf6-4396-8180-b75efd20ad78" testListId="8c84fa94-04c1-424b-9868-57a2d4851a1d" />
    <TestEntry testId="89e9f9e4-a5e1-fcd5-f349-d1d7158fad3c" executionId="460157f7-e3e0-4917-946d-1c5868f60114" testListId="8c84fa94-04c1-424b-9868-57a2d4851a1d" />
    <TestEntry testId="68347d6d-014e-fb96-80e6-9a59909def33" executionId="d3a4ad1c-f525-4796-8aa6-62f8d07cf504" testListId="8c84fa94-04c1-424b-9868-57a2d4851a1d" />
    <TestEntry testId="9f533fdb-624c-49e5-11ee-0c6ebc524a4f" executionId="d2a68367-2a0a-4a51-ad5b-e313a5d07712" testListId="8c84fa94-04c1-424b-9868-57a2d4851a1d" />
    <TestEntry testId="5ecc4d90-ae9e-85a7-c3c1-545bad2e9646" executionId="c794d489-a3d2-4d88-a162-a2308f223739" testListId="8c84fa94-04c1-424b-9868-57a2d4851a1d" />
    <TestEntry testId="4ed356bd-cc22-7262-e29f-62031d221a0c" executionId="f48ad5f5-9ba1-4e27-9cc4-3996d9ed0063" testListId="8c84fa94-04c1-424b-9868-57a2d4851a1d" />
    <TestEntry testId="4cbec960-b40c-18f8-d17d-e715be412ea1" executionId="52cb6534-53c4-4aef-8131-c79b8d8b120d" testListId="8c84fa94-04c1-424b-9868-57a2d4851a1d" />
    <TestEntry testId="13ef7854-9f0e-6c15-ce2b-2db8e99b280e" executionId="b7a4b841-8eb8-4021-9b95-73c4316f63b8" testListId="8c84fa94-04c1-424b-9868-57a2d4851a1d" />
    <TestEntry testId="b2e71588-0d10-1546-31ef-7b0118d37b0b" executionId="3f11ab4f-df91-476d-a011-6a047d0be6a2" testListId="8c84fa94-04c1-424b-9868-57a2d4851a1d" />
    <TestEntry testId="0a0f921a-26f1-2b7b-6cef-7448fafaff47" executionId="adef32c6-5de1-41f6-aaf7-34790a824430" testListId="8c84fa94-04c1-424b-9868-57a2d4851a1d" />
    <TestEntry testId="b7949501-dd00-e42e-08ec-0b01f240879f" executionId="7101bdd6-7061-4f89-90e7-93966bb9f37f" testListId="8c84fa94-04c1-424b-9868-57a2d4851a1d" />
    <TestEntry testId="8a775d92-5427-1749-f100-e7ffbe21f38a" executionId="686091c7-bb6e-4cfb-9fac-03f82ea87052" testListId="8c84fa94-04c1-424b-9868-57a2d4851a1d" />
    <TestEntry testId="87340580-4ff3-84ca-c6f9-646d0df3b112" executionId="6c082570-1935-41b0-a7da-27ee618d3eec" testListId="8c84fa94-04c1-424b-9868-57a2d4851a1d" />
    <TestEntry testId="0596324c-2695-0dfd-9ae1-97b939dc7f6a" executionId="aa692893-4dcc-49c7-9d79-53e5bfeba68c" testListId="8c84fa94-04c1-424b-9868-57a2d4851a1d" />
    <TestEntry testId="3111426e-7cf2-fc95-7afe-647cdf87edaf" executionId="dd41f347-39d0-4177-9833-56c77cb18771" testListId="8c84fa94-04c1-424b-9868-57a2d4851a1d" />
    <TestEntry testId="73c200d4-0179-f23f-e874-5529af9cfb10" executionId="12154a25-6ce7-4e64-9308-e53334f72544" testListId="8c84fa94-04c1-424b-9868-57a2d4851a1d" />
    <TestEntry testId="6ebca444-4638-4da3-7776-8faa88983cbd" executionId="ac205757-4695-4b92-b29d-2d3a0a0208c6" testListId="8c84fa94-04c1-424b-9868-57a2d4851a1d" />
    <TestEntry testId="7c2d3d0c-c860-fb35-079f-8d65ca13e5bd" executionId="e33a0fd3-4296-41a0-bee3-b45c58c39050" testListId="8c84fa94-04c1-424b-9868-57a2d4851a1d" />
    <TestEntry testId="05b34ccd-140b-53e1-83ac-3bbcf5f170bb" executionId="92eef48a-4c7e-446d-b47c-1d52db115220" testListId="8c84fa94-04c1-424b-9868-57a2d4851a1d" />
    <TestEntry testId="d4883779-b459-c157-8b32-167852cf136a" executionId="1185f889-b130-48df-a551-f22cb296ceee" testListId="8c84fa94-04c1-424b-9868-57a2d4851a1d" />
  </TestEntries>
  <TestLists>
    <TestList name="Results Not in a List" id="8c84fa94-04c1-424b-9868-57a2d4851a1d" />
    <TestList name="All Loaded Results" id="19431567-8539-422a-85d7-44ee4e166bda" />
  </TestLists>
  <ResultSummary outcome="Completed">
    <Counters total="29" executed="29" passed="29" failed="0" error="0" timeout="0" aborted="0" inconclusive="0" passedButRunAborted="0" notRunnable="0" notExecuted="0" disconnected="0" warning="0" completed="0" inProgress="0" pending="0" />
  </ResultSummary>
</TestRun>