<?xml version="1.0" encoding="utf-8"?>
<TestRun id="45aba8a9-e3d3-4aa0-92e4-2f6213b4ebec" name="runneradmin@fv-az1388-87 2025-04-18 22:42:25" runUser="fv-az1388-87\runneradmin" xmlns="http://microsoft.com/schemas/VisualStudio/TeamTest/2010">
  <Times creation="2025-04-18T22:42:25.0962212+00:00" queuing="2025-04-18T22:42:25.0962214+00:00" start="2025-04-18T22:42:24.5498119+00:00" finish="2025-04-18T22:42:25.1299624+00:00" />
  <TestSettings name="default" id="9b86d470-b451-478a-8721-67dc55cff5b5">
    <Deployment runDeploymentRoot="runneradmin_fv-az1388-87_2025-04-18_22_42_25" />
  </TestSettings>
  <Results>
    <UnitTestResult executionId="1f39b76c-091f-479b-9895-c6ef6c621ccf" testId="c6f72b31-e018-3e2f-e31f-2280a965e3b7" testName="TestIntToPaddedString (1,100,&quot;001&quot;)" computerName="fv-az1388-87" duration="00:00:00.0000047" startTime="2025-04-18T22:42:25.0254342+00:00" endTime="2025-04-18T22:42:25.0255150+00:00" testType="13cdc9d9-ddb5-4fa4-a97d-d965ccfc6d4b" outcome="Passed" testListId="8c84fa94-04c1-424b-9868-57a2d4851a1d" relativeResultsDirectory="1f39b76c-091f-479b-9895-c6ef6c621ccf" />
    <UnitTestResult executionId="96069171-9a18-4b7a-828a-5ba4a8e391b1" testId="4cbec960-b40c-18f8-d17d-e715be412ea1" testName="TestLongestCommonPrefix (&quot;&quot;)" computerName="fv-az1388-87" duration="00:00:00.0003078" startTime="2025-04-18T22:42:25.0560846+00:00" endTime="2025-04-18T22:42:25.0567929+00:00" testType="13cdc9d9-ddb5-4fa4-a97d-d965ccfc6d4b" outcome="Passed" testListId="8c84fa94-04c1-424b-9868-57a2d4851a1d" relativeResultsDirectory="96069171-9a18-4b7a-828a-5ba4a8e391b1" />
    <UnitTestResult executionId="4da61047-e7cf-408f-9f98-222d47731c84" testId="b2e71588-0d10-1546-31ef-7b0118d37b0b" testName="TestSlugify (&quot;a_b&quot;,&quot;a-b&quot;)" computerName="fv-az1388-87" duration="00:00:00.0000048" startTime="2025-04-18T22:42:25.0555984+00:00" endTime="2025-04-18T22:42:25.0556731+00:00" testType="13cdc9d9-ddb5-4fa4-a97d-d965ccfc6d4b" outcome="Passed" testListId="8c84fa94-04c1-424b-9868-57a2d4851a1d" relativeResultsDirectory="4da61047-e7cf-408f-9f98-222d47731c84" />
    <UnitTestResult executionId="e52fd57d-6dad-4cd8-83a0-316e4e122e54" testId="2e09dfd4-af8f-6090-daa3-9b8e5d3178b8" testName="TestLongestCommonPrefix (&quot;ab&quot;,&quot;ab&quot;,&quot;abc&quot;)" computerName="fv-az1388-87" duration="00:00:00.0000078" startTime="2025-04-18T22:42:25.0576899+00:00" endTime="2025-04-18T22:42:25.0580101+00:00" testType="13cdc9d9-ddb5-4fa4-a97d-d965ccfc6d4b" outcome="Passed" testListId="8c84fa94-04c1-424b-9868-57a2d4851a1d" relativeResultsDirectory="e52fd57d-6dad-4cd8-83a0-316e4e122e54" />
    <UnitTestResult executionId="e936d374-6c56-4bf3-8eed-d79d2cb9a8fa" testId="8a775d92-5427-1749-f100-e7ffbe21f38a" testName="TestLongestCommonPrefix (&quot;a&quot;,&quot;a1&quot;,&quot;a2&quot;,&quot;a3&quot;)" computerName="fv-az1388-87" duration="00:00:00.0003800" startTime="2025-04-18T22:42:25.0568210+00:00" endTime="2025-04-18T22:42:25.0576654+00:00" testType="13cdc9d9-ddb5-4fa4-a97d-d965ccfc6d4b" outcome="Passed" testListId="8c84fa94-04c1-424b-9868-57a2d4851a1d" relativeResultsDirectory="e936d374-6c56-4bf3-8eed-d79d2cb9a8fa" />
    <UnitTestResult executionId="4e659700-de6c-4c90-a334-536a32ba91e0" testId="4ed356bd-cc22-7262-e29f-62031d221a0c" testName="TestLongestCommonPrefix (&quot;&quot;,&quot;abc&quot;,&quot;&quot;)" computerName="fv-az1388-87" duration="00:00:00.0000079" startTime="2025-04-18T22:42:25.0595879+00:00" endTime="2025-04-18T22:42:25.0606261+00:00" testType="13cdc9d9-ddb5-4fa4-a97d-d965ccfc6d4b" outcome="Passed" testListId="8c84fa94-04c1-424b-9868-57a2d4851a1d" relativeResultsDirectory="4e659700-de6c-4c90-a334-536a32ba91e0" />
    <UnitTestResult executionId="bb07813f-81eb-45fd-91cc-3d80bdcf730e" testId="6ebca444-4638-4da3-7776-8faa88983cbd" testName="TestIntToPaddedString (1,11,&quot;01&quot;)" computerName="fv-az1388-87" duration="00:00:00.0000074" startTime="2025-04-18T22:42:25.0252212+00:00" endTime="2025-04-18T22:42:25.0253096+00:00" testType="13cdc9d9-ddb5-4fa4-a97d-d965ccfc6d4b" outcome="Passed" testListId="8c84fa94-04c1-424b-9868-57a2d4851a1d" relativeResultsDirectory="bb07813f-81eb-45fd-91cc-3d80bdcf730e" />
    <UnitTestResult executionId="eb3c6aea-11a1-432a-9ddc-468629cf0438" testId="6aa4a69f-2d57-5665-03d0-c37478fc9d10" testName="TestIntToPaddedString (-1,101,&quot;-001&quot;)" computerName="fv-az1388-87" duration="00:00:00.0000046" startTime="2025-04-18T22:42:25.0524866+00:00" endTime="2025-04-18T22:42:25.0526627+00:00" testType="13cdc9d9-ddb5-4fa4-a97d-d965ccfc6d4b" outcome="Passed" testListId="8c84fa94-04c1-424b-9868-57a2d4851a1d" relativeResultsDirectory="eb3c6aea-11a1-432a-9ddc-468629cf0438" />
    <UnitTestResult executionId="acef1b00-63d8-4390-879f-038557c4ebdd" testId="3111426e-7cf2-fc95-7afe-647cdf87edaf" testName="TestSlugify (&quot;a1 b2 c3&quot;,&quot;a1-b2-c3&quot;)" computerName="fv-az1388-87" duration="00:00:00.0000051" startTime="2025-04-18T22:42:25.0559889+00:00" endTime="2025-04-18T22:42:25.0560664+00:00" testType="13cdc9d9-ddb5-4fa4-a97d-d965ccfc6d4b" outcome="Passed" testListId="8c84fa94-04c1-424b-9868-57a2d4851a1d" relativeResultsDirectory="acef1b00-63d8-4390-879f-038557c4ebdd" />
    <UnitTestResult executionId="bc64e5d5-9d37-4f60-92f5-e5b06bef648c" testId="f3941f59-5a45-f255-ef3e-3423b48052bc" testName="TestSlugify (&quot;ä ö ü&quot;,&quot;a-o-u&quot;)" computerName="fv-az1388-87" duration="00:00:00.0000619" startTime="2025-04-18T22:42:25.0556914+00:00" endTime="2025-04-18T22:42:25.0558524+00:00" testType="13cdc9d9-ddb5-4fa4-a97d-d965ccfc6d4b" outcome="Passed" testListId="8c84fa94-04c1-424b-9868-57a2d4851a1d" relativeResultsDirectory="bc64e5d5-9d37-4f60-92f5-e5b06bef648c" />
    <UnitTestResult executionId="18c245d4-533f-4b06-bf68-73ee642a94db" testId="7c2d3d0c-c860-fb35-079f-8d65ca13e5bd" testName="TestIntToPaddedString (0,100,&quot;000&quot;)" computerName="fv-az1388-87" duration="00:00:00.0040466" startTime="2025-04-18T22:42:24.9972945+00:00" endTime="2025-04-18T22:42:25.0206388+00:00" testType="13cdc9d9-ddb5-4fa4-a97d-d965ccfc6d4b" outcome="Passed" testListId="8c84fa94-04c1-424b-9868-57a2d4851a1d" relativeResultsDirectory="18c245d4-533f-4b06-bf68-73ee642a94db" />
    <UnitTestResult executionId="4de755d4-bdfd-453e-a8eb-2137b6324845" testId="87340580-4ff3-84ca-c6f9-646d0df3b112" testName="TestSlugify (&quot;a- -b&quot;,&quot;a-b&quot;)" computerName="fv-az1388-87" duration="00:00:00.0000049" startTime="2025-04-18T22:42:25.0537880+00:00" endTime="2025-04-18T22:42:25.0538706+00:00" testType="13cdc9d9-ddb5-4fa4-a97d-d965ccfc6d4b" outcome="Passed" testListId="8c84fa94-04c1-424b-9868-57a2d4851a1d" relativeResultsDirectory="4de755d4-bdfd-453e-a8eb-2137b6324845" />
    <UnitTestResult executionId="12a7d5ff-4e59-4f34-be0a-4236ed68203f" testId="5ecc4d90-ae9e-85a7-c3c1-545bad2e9646" testName="TestIntToPaddedString (1,101,&quot;001&quot;)" computerName="fv-az1388-87" duration="00:00:00.0000045" startTime="2025-04-18T22:42:25.0255319+00:00" endTime="2025-04-18T22:42:25.0256150+00:00" testType="13cdc9d9-ddb5-4fa4-a97d-d965ccfc6d4b" outcome="Passed" testListId="8c84fa94-04c1-424b-9868-57a2d4851a1d" relativeResultsDirectory="12a7d5ff-4e59-4f34-be0a-4236ed68203f" />
    <UnitTestResult executionId="6a50cbee-b6f9-4245-ad3e-cc550e9158f8" testId="f1e653ce-75d7-fb40-bd08-81ae5b14ef1b" testName="TestIntToPaddedString (-1,100,&quot;-001&quot;)" computerName="fv-az1388-87" duration="00:00:00.0000049" startTime="2025-04-18T22:42:25.0523800+00:00" endTime="2025-04-18T22:42:25.0524628+00:00" testType="13cdc9d9-ddb5-4fa4-a97d-d965ccfc6d4b" outcome="Passed" testListId="8c84fa94-04c1-424b-9868-57a2d4851a1d" relativeResultsDirectory="6a50cbee-b6f9-4245-ad3e-cc550e9158f8" />
    <UnitTestResult executionId="9b39a7de-aebd-46de-b589-930a740184d1" testId="59448ffc-e83e-eaf0-ca86-b666b7b086f9" testName="TestIntToPaddedString (1,9,&quot;1&quot;)" computerName="fv-az1388-87" duration="00:00:00.0003041" startTime="2025-04-18T22:42:25.0242844+00:00" endTime="2025-04-18T22:42:25.0248676+00:00" testType="13cdc9d9-ddb5-4fa4-a97d-d965ccfc6d4b" outcome="Passed" testListId="8c84fa94-04c1-424b-9868-57a2d4851a1d" relativeResultsDirectory="9b39a7de-aebd-46de-b589-930a740184d1" />
    <UnitTestResult executionId="91b0a8b9-5e70-4c6d-ad2a-4818d6fe97ee" testId="73c200d4-0179-f23f-e874-5529af9cfb10" testName="TestIntToPaddedString (1,99,&quot;01&quot;)" computerName="fv-az1388-87" duration="00:00:00.0000047" startTime="2025-04-18T22:42:25.0253277+00:00" endTime="2025-04-18T22:42:25.0254132+00:00" testType="13cdc9d9-ddb5-4fa4-a97d-d965ccfc6d4b" outcome="Passed" testListId="8c84fa94-04c1-424b-9868-57a2d4851a1d" relativeResultsDirectory="91b0a8b9-5e70-4c6d-ad2a-4818d6fe97ee" />
    <UnitTestResult executionId="302d032d-e30f-4360-86e0-d7b754780871" testId="05b34ccd-140b-53e1-83ac-3bbcf5f170bb" testName="TestIntToPaddedString (-1,9,&quot;-1&quot;)" computerName="fv-az1388-87" duration="00:00:00.0000058" startTime="2025-04-18T22:42:25.0256320+00:00" endTime="2025-04-18T22:42:25.0257129+00:00" testType="13cdc9d9-ddb5-4fa4-a97d-d965ccfc6d4b" outcome="Passed" testListId="8c84fa94-04c1-424b-9868-57a2d4851a1d" relativeResultsDirectory="302d032d-e30f-4360-86e0-d7b754780871" />
    <UnitTestResult executionId="f51d7a24-f995-4727-bd51-45057424e1dc" testId="0a0f921a-26f1-2b7b-6cef-7448fafaff47" testName="TestSlugify (&quot;Abc-DEF&quot;,&quot;abc-def&quot;)" computerName="fv-az1388-87" duration="00:00:00.0000068" startTime="2025-04-18T22:42:25.0554649+00:00" endTime="2025-04-18T22:42:25.0555725+00:00" testType="13cdc9d9-ddb5-4fa4-a97d-d965ccfc6d4b" outcome="Passed" testListId="8c84fa94-04c1-424b-9868-57a2d4851a1d" relativeResultsDirectory="f51d7a24-f995-4727-bd51-45057424e1dc" />
    <UnitTestResult executionId="921addec-017e-4928-a096-4e057ffe5f39" testId="7ed87f6c-038b-3088-c7cc-939417006f1f" testName="TestSlugify (&quot;Ä Ö Ü&quot;,&quot;a-o-u&quot;)" computerName="fv-az1388-87" duration="00:00:00.0000082" startTime="2025-04-18T22:42:25.0558776+00:00" endTime="2025-04-18T22:42:25.0559657+00:00" testType="13cdc9d9-ddb5-4fa4-a97d-d965ccfc6d4b" outcome="Passed" testListId="8c84fa94-04c1-424b-9868-57a2d4851a1d" relativeResultsDirectory="921addec-017e-4928-a096-4e057ffe5f39" />
    <UnitTestResult executionId="22d278a1-d909-4529-8e8b-e3c230768d05" testId="68347d6d-014e-fb96-80e6-9a59909def33" testName="TestLongestCommonPrefix (&quot;ab&quot;,&quot;abc&quot;,&quot;ab&quot;)" computerName="fv-az1388-87" duration="00:00:00.0000113" startTime="2025-04-18T22:42:25.0580331+00:00" endTime="2025-04-18T22:42:25.0581446+00:00" testType="13cdc9d9-ddb5-4fa4-a97d-d965ccfc6d4b" outcome="Passed" testListId="8c84fa94-04c1-424b-9868-57a2d4851a1d" relativeResultsDirectory="22d278a1-d909-4529-8e8b-e3c230768d05" />
    <UnitTestResult executionId="dcc930ac-d902-4256-b04f-384bfe42933b" testId="9f533fdb-624c-49e5-11ee-0c6ebc524a4f" testName="TestIntToPaddedString (1,10,&quot;01&quot;)" computerName="fv-az1388-87" duration="00:00:00.0000064" startTime="2025-04-18T22:42:25.0250942+00:00" endTime="2025-04-18T22:42:25.0252012+00:00" testType="13cdc9d9-ddb5-4fa4-a97d-d965ccfc6d4b" outcome="Passed" testListId="8c84fa94-04c1-424b-9868-57a2d4851a1d" relativeResultsDirectory="dcc930ac-d902-4256-b04f-384bfe42933b" />
    <UnitTestResult executionId="b2d95677-870b-4344-8525-f0dff5f603d0" testId="73775732-2906-be3f-e115-f3854c907656" testName="TestLongestCommonPrefix (&quot;&quot;,&quot;&quot;,&quot;abc&quot;)" computerName="fv-az1388-87" duration="00:00:00.0000070" startTime="2025-04-18T22:42:25.0593831+00:00" endTime="2025-04-18T22:42:25.0595575+00:00" testType="13cdc9d9-ddb5-4fa4-a97d-d965ccfc6d4b" outcome="Passed" testListId="8c84fa94-04c1-424b-9868-57a2d4851a1d" relativeResultsDirectory="b2d95677-870b-4344-8525-f0dff5f603d0" />
    <UnitTestResult executionId="55489c3a-4b68-43f0-ab3f-014ea60d13c3" testId="89e9f9e4-a5e1-fcd5-f349-d1d7158fad3c" testName="TestIntToPaddedString (-1,11,&quot;-01&quot;)" computerName="fv-az1388-87" duration="00:00:00.0000081" startTime="2025-04-18T22:42:25.0520942+00:00" endTime="2025-04-18T22:42:25.0522387+00:00" testType="13cdc9d9-ddb5-4fa4-a97d-d965ccfc6d4b" outcome="Passed" testListId="8c84fa94-04c1-424b-9868-57a2d4851a1d" relativeResultsDirectory="55489c3a-4b68-43f0-ab3f-014ea60d13c3" />
    <UnitTestResult executionId="bdf6e0be-4fa7-4c0f-9b69-025cb8c8550b" testId="b7949501-dd00-e42e-08ec-0b01f240879f" testName="TestSlugify (&quot;a - b&quot;,&quot;a-b&quot;)" computerName="fv-az1388-87" duration="00:00:00.0000074" startTime="2025-04-18T22:42:25.0538891+00:00" endTime="2025-04-18T22:42:25.0539638+00:00" testType="13cdc9d9-ddb5-4fa4-a97d-d965ccfc6d4b" outcome="Passed" testListId="8c84fa94-04c1-424b-9868-57a2d4851a1d" relativeResultsDirectory="bdf6e0be-4fa7-4c0f-9b69-025cb8c8550b" />
    <UnitTestResult executionId="1cad2599-b2e3-480d-9665-b787ea85f63d" testId="30a7f46c-51eb-0a8e-7b0f-50f68458c4a9" testName="TestSlugify (&quot;a &#x9;&#xA;b&quot;,&quot;a-b&quot;)" computerName="fv-az1388-87" duration="00:00:00.0000065" startTime="2025-04-18T22:42:25.0535507+00:00" endTime="2025-04-18T22:42:25.0537657+00:00" testType="13cdc9d9-ddb5-4fa4-a97d-d965ccfc6d4b" outcome="Passed" testListId="8c84fa94-04c1-424b-9868-57a2d4851a1d" relativeResultsDirectory="1cad2599-b2e3-480d-9665-b787ea85f63d" />
    <UnitTestResult executionId="33c9bc36-7ce6-4160-9b0a-7982fa74bba9" testId="0596324c-2695-0dfd-9ae1-97b939dc7f6a" testName="TestIntToPaddedString (-1,99,&quot;-01&quot;)" computerName="fv-az1388-87" duration="00:00:00.0000050" startTime="2025-04-18T22:42:25.0522653+00:00" endTime="2025-04-18T22:42:25.0523611+00:00" testType="13cdc9d9-ddb5-4fa4-a97d-d965ccfc6d4b" outcome="Passed" testListId="8c84fa94-04c1-424b-9868-57a2d4851a1d" relativeResultsDirectory="33c9bc36-7ce6-4160-9b0a-7982fa74bba9" />
    <UnitTestResult executionId="5cedd77e-731e-44e6-a3a9-aa93249e6ff1" testId="d4883779-b459-c157-8b32-167852cf136a" testName="TestSlugify (&quot;!- -a- -!&quot;,&quot;a&quot;)" computerName="fv-az1388-87" duration="00:00:00.0003621" startTime="2025-04-18T22:42:25.0526863+00:00" endTime="2025-04-18T22:42:25.0531699+00:00" testType="13cdc9d9-ddb5-4fa4-a97d-d965ccfc6d4b" outcome="Passed" testListId="8c84fa94-04c1-424b-9868-57a2d4851a1d" relativeResultsDirectory="5cedd77e-731e-44e6-a3a9-aa93249e6ff1" />
    <UnitTestResult executionId="413356a6-0cfc-44d4-a33e-dfeacb1aa7d0" testId="905fa321-00bc-cf78-6872-ee27f66003f2" testName="TestIntToPaddedString (-1,10,&quot;-01&quot;)" computerName="fv-az1388-87" duration="00:00:00.0000046" startTime="2025-04-18T22:42:25.0257328+00:00" endTime="2025-04-18T22:42:25.0258090+00:00" testType="13cdc9d9-ddb5-4fa4-a97d-d965ccfc6d4b" outcome="Passed" testListId="8c84fa94-04c1-424b-9868-57a2d4851a1d" relativeResultsDirectory="413356a6-0cfc-44d4-a33e-dfeacb1aa7d0" />
    <UnitTestResult executionId="71805dcb-cae3-4d4a-8878-794bd4c0ee33" testId="13ef7854-9f0e-6c15-ce2b-2db8e99b280e" testName="TestSlugify (&quot;a!=b&quot;,&quot;ab&quot;)" computerName="fv-az1388-87" duration="00:00:00.0001943" startTime="2025-04-18T22:42:25.0531982+00:00" endTime="2025-04-18T22:42:25.0535261+00:00" testType="13cdc9d9-ddb5-4fa4-a97d-d965ccfc6d4b" outcome="Passed" testListId="8c84fa94-04c1-424b-9868-57a2d4851a1d" relativeResultsDirectory="71805dcb-cae3-4d4a-8878-794bd4c0ee33" />
  </Results>
  <TestDefinitions>
    <UnitTest name="TestIntToPaddedString (1,11,&quot;01&quot;)" storage="d:\a\dotnet-monorepo\dotnet-monorepo\src\artifacts\bin\utils.tests\release_win-x64\utils.tests.dll" id="6ebca444-4638-4da3-7776-8faa88983cbd">
      <Execution id="bb07813f-81eb-45fd-91cc-3d80bdcf730e" />
      <TestMethod codeBase="D:\a\dotnet-monorepo\dotnet-monorepo\src\artifacts\bin\Utils.Tests\release_win-x64\Utils.Tests.dll" adapterTypeName="executor://mstestadapter/v2" className="Utils.Tests.ConversionTests" name="TestIntToPaddedString" />
    </UnitTest>
    <UnitTest name="TestSlugify (&quot;a- -b&quot;,&quot;a-b&quot;)" storage="d:\a\dotnet-monorepo\dotnet-monorepo\src\artifacts\bin\utils.tests\release_win-x64\utils.tests.dll" id="87340580-4ff3-84ca-c6f9-646d0df3b112">
      <Execution id="4de755d4-bdfd-453e-a8eb-2137b6324845" />
      <TestMethod codeBase="D:\a\dotnet-monorepo\dotnet-monorepo\src\artifacts\bin\Utils.Tests\release_win-x64\Utils.Tests.dll" adapterTypeName="executor://mstestadapter/v2" className="Utils.Tests.StringTests" name="TestSlugify" />
    </UnitTest>
    <UnitTest name="TestIntToPaddedString (-1,100,&quot;-001&quot;)" storage="d:\a\dotnet-monorepo\dotnet-monorepo\src\artifacts\bin\utils.tests\release_win-x64\utils.tests.dll" id="f1e653ce-75d7-fb40-bd08-81ae5b14ef1b">
      <Execution id="6a50cbee-b6f9-4245-ad3e-cc550e9158f8" />
      <TestMethod codeBase="D:\a\dotnet-monorepo\dotnet-monorepo\src\artifacts\bin\Utils.Tests\release_win-x64\Utils.Tests.dll" adapterTypeName="executor://mstestadapter/v2" className="Utils.Tests.ConversionTests" name="TestIntToPaddedString" />
    </UnitTest>
    <UnitTest name="TestLongestCommonPrefix (&quot;ab&quot;,&quot;abc&quot;,&quot;ab&quot;)" storage="d:\a\dotnet-monorepo\dotnet-monorepo\src\artifacts\bin\utils.tests\release_win-x64\utils.tests.dll" id="68347d6d-014e-fb96-80e6-9a59909def33">
      <Execution id="22d278a1-d909-4529-8e8b-e3c230768d05" />
      <TestMethod codeBase="D:\a\dotnet-monorepo\dotnet-monorepo\src\artifacts\bin\Utils.Tests\release_win-x64\Utils.Tests.dll" adapterTypeName="executor://mstestadapter/v2" className="Utils.Tests.StringTests" name="TestLongestCommonPrefix" />
    </UnitTest>
    <UnitTest name="TestSlugify (&quot;a_b&quot;,&quot;a-b&quot;)" storage="d:\a\dotnet-monorepo\dotnet-monorepo\src\artifacts\bin\utils.tests\release_win-x64\utils.tests.dll" id="b2e71588-0d10-1546-31ef-7b0118d37b0b">
      <Execution id="4da61047-e7cf-408f-9f98-222d47731c84" />
      <TestMethod codeBase="D:\a\dotnet-monorepo\dotnet-monorepo\src\artifacts\bin\Utils.Tests\release_win-x64\Utils.Tests.dll" adapterTypeName="executor://mstestadapter/v2" className="Utils.Tests.StringTests" name="TestSlugify" />
    </UnitTest>
    <UnitTest name="TestIntToPaddedString (1,10,&quot;01&quot;)" storage="d:\a\dotnet-monorepo\dotnet-monorepo\src\artifacts\bin\utils.tests\release_win-x64\utils.tests.dll" id="9f533fdb-624c-49e5-11ee-0c6ebc524a4f">
      <Execution id="dcc930ac-d902-4256-b04f-384bfe42933b" />
      <TestMethod codeBase="D:\a\dotnet-monorepo\dotnet-monorepo\src\artifacts\bin\Utils.Tests\release_win-x64\Utils.Tests.dll" adapterTypeName="executor://mstestadapter/v2" className="Utils.Tests.ConversionTests" name="TestIntToPaddedString" />
    </UnitTest>
    <UnitTest name="TestIntToPaddedString (-1,99,&quot;-01&quot;)" storage="d:\a\dotnet-monorepo\dotnet-monorepo\src\artifacts\bin\utils.tests\release_win-x64\utils.tests.dll" id="0596324c-2695-0dfd-9ae1-97b939dc7f6a">
      <Execution id="33c9bc36-7ce6-4160-9b0a-7982fa74bba9" />
      <TestMethod codeBase="D:\a\dotnet-monorepo\dotnet-monorepo\src\artifacts\bin\Utils.Tests\release_win-x64\Utils.Tests.dll" adapterTypeName="executor://mstestadapter/v2" className="Utils.Tests.ConversionTests" name="TestIntToPaddedString" />
    </UnitTest>
    <UnitTest name="TestSlugify (&quot;Abc-DEF&quot;,&quot;abc-def&quot;)" storage="d:\a\dotnet-monorepo\dotnet-monorepo\src\artifacts\bin\utils.tests\release_win-x64\utils.tests.dll" id="0a0f921a-26f1-2b7b-6cef-7448fafaff47">
      <Execution id="f51d7a24-f995-4727-bd51-45057424e1dc" />
      <TestMethod codeBase="D:\a\dotnet-monorepo\dotnet-monorepo\src\artifacts\bin\Utils.Tests\release_win-x64\Utils.Tests.dll" adapterTypeName="executor://mstestadapter/v2" className="Utils.Tests.StringTests" name="TestSlugify" />
    </UnitTest>
    <UnitTest name="TestIntToPaddedString (1,101,&quot;001&quot;)" storage="d:\a\dotnet-monorepo\dotnet-monorepo\src\artifacts\bin\utils.tests\release_win-x64\utils.tests.dll" id="5ecc4d90-ae9e-85a7-c3c1-545bad2e9646">
      <Execution id="12a7d5ff-4e59-4f34-be0a-4236ed68203f" />
      <TestMethod codeBase="D:\a\dotnet-monorepo\dotnet-monorepo\src\artifacts\bin\Utils.Tests\release_win-x64\Utils.Tests.dll" adapterTypeName="executor://mstestadapter/v2" className="Utils.Tests.ConversionTests" name="TestIntToPaddedString" />
    </UnitTest>
    <UnitTest name="TestSlugify (&quot;a - b&quot;,&quot;a-b&quot;)" storage="d:\a\dotnet-monorepo\dotnet-monorepo\src\artifacts\bin\utils.tests\release_win-x64\utils.tests.dll" id="b7949501-dd00-e42e-08ec-0b01f240879f">
      <Execution id="bdf6e0be-4fa7-4c0f-9b69-025cb8c8550b" />
      <TestMethod codeBase="D:\a\dotnet-monorepo\dotnet-monorepo\src\artifacts\bin\Utils.Tests\release_win-x64\Utils.Tests.dll" adapterTypeName="executor://mstestadapter/v2" className="Utils.Tests.StringTests" name="TestSlugify" />
    </UnitTest>
    <UnitTest name="TestSlugify (&quot;a!=b&quot;,&quot;ab&quot;)" storage="d:\a\dotnet-monorepo\dotnet-monorepo\src\artifacts\bin\utils.tests\release_win-x64\utils.tests.dll" id="13ef7854-9f0e-6c15-ce2b-2db8e99b280e">
      <Execution id="71805dcb-cae3-4d4a-8878-794bd4c0ee33" />
      <TestMethod codeBase="D:\a\dotnet-monorepo\dotnet-monorepo\src\artifacts\bin\Utils.Tests\release_win-x64\Utils.Tests.dll" adapterTypeName="executor://mstestadapter/v2" className="Utils.Tests.StringTests" name="TestSlugify" />
    </UnitTest>
    <UnitTest name="TestLongestCommonPrefix (&quot;a&quot;,&quot;a1&quot;,&quot;a2&quot;,&quot;a3&quot;)" storage="d:\a\dotnet-monorepo\dotnet-monorepo\src\artifacts\bin\utils.tests\release_win-x64\utils.tests.dll" id="8a775d92-5427-1749-f100-e7ffbe21f38a">
      <Execution id="e936d374-6c56-4bf3-8eed-d79d2cb9a8fa" />
      <TestMethod codeBase="D:\a\dotnet-monorepo\dotnet-monorepo\src\artifacts\bin\Utils.Tests\release_win-x64\Utils.Tests.dll" adapterTypeName="executor://mstestadapter/v2" className="Utils.Tests.StringTests" name="TestLongestCommonPrefix" />
    </UnitTest>
    <UnitTest name="TestIntToPaddedString (0,100,&quot;000&quot;)" storage="d:\a\dotnet-monorepo\dotnet-monorepo\src\artifacts\bin\utils.tests\release_win-x64\utils.tests.dll" id="7c2d3d0c-c860-fb35-079f-8d65ca13e5bd">
      <Execution id="18c245d4-533f-4b06-bf68-73ee642a94db" />
      <TestMethod codeBase="D:\a\dotnet-monorepo\dotnet-monorepo\src\artifacts\bin\Utils.Tests\release_win-x64\Utils.Tests.dll" adapterTypeName="executor://mstestadapter/v2" className="Utils.Tests.ConversionTests" name="TestIntToPaddedString" />
    </UnitTest>
    <UnitTest name="TestLongestCommonPrefix (&quot;&quot;)" storage="d:\a\dotnet-monorepo\dotnet-monorepo\src\artifacts\bin\utils.tests\release_win-x64\utils.tests.dll" id="4cbec960-b40c-18f8-d17d-e715be412ea1">
      <Execution id="96069171-9a18-4b7a-828a-5ba4a8e391b1" />
      <TestMethod codeBase="D:\a\dotnet-monorepo\dotnet-monorepo\src\artifacts\bin\Utils.Tests\release_win-x64\Utils.Tests.dll" adapterTypeName="executor://mstestadapter/v2" className="Utils.Tests.StringTests" name="TestLongestCommonPrefix" />
    </UnitTest>
    <UnitTest name="TestIntToPaddedString (-1,101,&quot;-001&quot;)" storage="d:\a\dotnet-monorepo\dotnet-monorepo\src\artifacts\bin\utils.tests\release_win-x64\utils.tests.dll" id="6aa4a69f-2d57-5665-03d0-c37478fc9d10">
      <Execution id="eb3c6aea-11a1-432a-9ddc-468629cf0438" />
      <TestMethod codeBase="D:\a\dotnet-monorepo\dotnet-monorepo\src\artifacts\bin\Utils.Tests\release_win-x64\Utils.Tests.dll" adapterTypeName="executor://mstestadapter/v2" className="Utils.Tests.ConversionTests" name="TestIntToPaddedString" />
    </UnitTest>
    <UnitTest name="TestIntToPaddedString (1,100,&quot;001&quot;)" storage="d:\a\dotnet-monorepo\dotnet-monorepo\src\artifacts\bin\utils.tests\release_win-x64\utils.tests.dll" id="c6f72b31-e018-3e2f-e31f-2280a965e3b7">
      <Execution id="1f39b76c-091f-479b-9895-c6ef6c621ccf" />
      <TestMethod codeBase="D:\a\dotnet-monorepo\dotnet-monorepo\src\artifacts\bin\Utils.Tests\release_win-x64\Utils.Tests.dll" adapterTypeName="executor://mstestadapter/v2" className="Utils.Tests.ConversionTests" name="TestIntToPaddedString" />
    </UnitTest>
    <UnitTest name="TestSlugify (&quot;Ä Ö Ü&quot;,&quot;a-o-u&quot;)" storage="d:\a\dotnet-monorepo\dotnet-monorepo\src\artifacts\bin\utils.tests\release_win-x64\utils.tests.dll" id="7ed87f6c-038b-3088-c7cc-939417006f1f">
      <Execution id="921addec-017e-4928-a096-4e057ffe5f39" />
      <TestMethod codeBase="D:\a\dotnet-monorepo\dotnet-monorepo\src\artifacts\bin\Utils.Tests\release_win-x64\Utils.Tests.dll" adapterTypeName="executor://mstestadapter/v2" className="Utils.Tests.StringTests" name="TestSlugify" />
    </UnitTest>
    <UnitTest name="TestIntToPaddedString (1,9,&quot;1&quot;)" storage="d:\a\dotnet-monorepo\dotnet-monorepo\src\artifacts\bin\utils.tests\release_win-x64\utils.tests.dll" id="59448ffc-e83e-eaf0-ca86-b666b7b086f9">
      <Execution id="9b39a7de-aebd-46de-b589-930a740184d1" />
      <TestMethod codeBase="D:\a\dotnet-monorepo\dotnet-monorepo\src\artifacts\bin\Utils.Tests\release_win-x64\Utils.Tests.dll" adapterTypeName="executor://mstestadapter/v2" className="Utils.Tests.ConversionTests" name="TestIntToPaddedString" />
    </UnitTest>
    <UnitTest name="TestIntToPaddedString (-1,11,&quot;-01&quot;)" storage="d:\a\dotnet-monorepo\dotnet-monorepo\src\artifacts\bin\utils.tests\release_win-x64\utils.tests.dll" id="89e9f9e4-a5e1-fcd5-f349-d1d7158fad3c">
      <Execution id="55489c3a-4b68-43f0-ab3f-014ea60d13c3" />
      <TestMethod codeBase="D:\a\dotnet-monorepo\dotnet-monorepo\src\artifacts\bin\Utils.Tests\release_win-x64\Utils.Tests.dll" adapterTypeName="executor://mstestadapter/v2" className="Utils.Tests.ConversionTests" name="TestIntToPaddedString" />
    </UnitTest>
    <UnitTest name="TestLongestCommonPrefix (&quot;&quot;,&quot;&quot;,&quot;abc&quot;)" storage="d:\a\dotnet-monorepo\dotnet-monorepo\src\artifacts\bin\utils.tests\release_win-x64\utils.tests.dll" id="73775732-2906-be3f-e115-f3854c907656">
      <Execution id="b2d95677-870b-4344-8525-f0dff5f603d0" />
      <TestMethod codeBase="D:\a\dotnet-monorepo\dotnet-monorepo\src\artifacts\bin\Utils.Tests\release_win-x64\Utils.Tests.dll" adapterTypeName="executor://mstestadapter/v2" className="Utils.Tests.StringTests" name="TestLongestCommonPrefix" />
    </UnitTest>
    <UnitTest name="TestLongestCommonPrefix (&quot;ab&quot;,&quot;ab&quot;,&quot;abc&quot;)" storage="d:\a\dotnet-monorepo\dotnet-monorepo\src\artifacts\bin\utils.tests\release_win-x64\utils.tests.dll" id="2e09dfd4-af8f-6090-daa3-9b8e5d3178b8">
      <Execution id="e52fd57d-6dad-4cd8-83a0-316e4e122e54" />
      <TestMethod codeBase="D:\a\dotnet-monorepo\dotnet-monorepo\src\artifacts\bin\Utils.Tests\release_win-x64\Utils.Tests.dll" adapterTypeName="executor://mstestadapter/v2" className="Utils.Tests.StringTests" name="TestLongestCommonPrefix" />
    </UnitTest>
    <UnitTest name="TestLongestCommonPrefix (&quot;&quot;,&quot;abc&quot;,&quot;&quot;)" storage="d:\a\dotnet-monorepo\dotnet-monorepo\src\artifacts\bin\utils.tests\release_win-x64\utils.tests.dll" id="4ed356bd-cc22-7262-e29f-62031d221a0c">
      <Execution id="4e659700-de6c-4c90-a334-536a32ba91e0" />
      <TestMethod codeBase="D:\a\dotnet-monorepo\dotnet-monorepo\src\artifacts\bin\Utils.Tests\release_win-x64\Utils.Tests.dll" adapterTypeName="executor://mstestadapter/v2" className="Utils.Tests.StringTests" name="TestLongestCommonPrefix" />
    </UnitTest>
    <UnitTest name="TestSlugify (&quot;a1 b2 c3&quot;,&quot;a1-b2-c3&quot;)" storage="d:\a\dotnet-monorepo\dotnet-monorepo\src\artifacts\bin\utils.tests\release_win-x64\utils.tests.dll" id="3111426e-7cf2-fc95-7afe-647cdf87edaf">
      <Execution id="acef1b00-63d8-4390-879f-038557c4ebdd" />
      <TestMethod codeBase="D:\a\dotnet-monorepo\dotnet-monorepo\src\artifacts\bin\Utils.Tests\release_win-x64\Utils.Tests.dll" adapterTypeName="executor://mstestadapter/v2" className="Utils.Tests.StringTests" name="TestSlugify" />
    </UnitTest>
    <UnitTest name="TestSlugify (&quot;ä ö ü&quot;,&quot;a-o-u&quot;)" storage="d:\a\dotnet-monorepo\dotnet-monorepo\src\artifacts\bin\utils.tests\release_win-x64\utils.tests.dll" id="f3941f59-5a45-f255-ef3e-3423b48052bc">
      <Execution id="bc64e5d5-9d37-4f60-92f5-e5b06bef648c" />
      <TestMethod codeBase="D:\a\dotnet-monorepo\dotnet-monorepo\src\artifacts\bin\Utils.Tests\release_win-x64\Utils.Tests.dll" adapterTypeName="executor://mstestadapter/v2" className="Utils.Tests.StringTests" name="TestSlugify" />
    </UnitTest>
    <UnitTest name="TestSlugify (&quot;!- -a- -!&quot;,&quot;a&quot;)" storage="d:\a\dotnet-monorepo\dotnet-monorepo\src\artifacts\bin\utils.tests\release_win-x64\utils.tests.dll" id="d4883779-b459-c157-8b32-167852cf136a">
      <Execution id="5cedd77e-731e-44e6-a3a9-aa93249e6ff1" />
      <TestMethod codeBase="D:\a\dotnet-monorepo\dotnet-monorepo\src\artifacts\bin\Utils.Tests\release_win-x64\Utils.Tests.dll" adapterTypeName="executor://mstestadapter/v2" className="Utils.Tests.StringTests" name="TestSlugify" />
    </UnitTest>
    <UnitTest name="TestSlugify (&quot;a &#x9;&#xA;b&quot;,&quot;a-b&quot;)" storage="d:\a\dotnet-monorepo\dotnet-monorepo\src\artifacts\bin\utils.tests\release_win-x64\utils.tests.dll" id="30a7f46c-51eb-0a8e-7b0f-50f68458c4a9">
      <Execution id="1cad2599-b2e3-480d-9665-b787ea85f63d" />
      <TestMethod codeBase="D:\a\dotnet-monorepo\dotnet-monorepo\src\artifacts\bin\Utils.Tests\release_win-x64\Utils.Tests.dll" adapterTypeName="executor://mstestadapter/v2" className="Utils.Tests.StringTests" name="TestSlugify" />
    </UnitTest>
    <UnitTest name="TestIntToPaddedString (1,99,&quot;01&quot;)" storage="d:\a\dotnet-monorepo\dotnet-monorepo\src\artifacts\bin\utils.tests\release_win-x64\utils.tests.dll" id="73c200d4-0179-f23f-e874-5529af9cfb10">
      <Execution id="91b0a8b9-5e70-4c6d-ad2a-4818d6fe97ee" />
      <TestMethod codeBase="D:\a\dotnet-monorepo\dotnet-monorepo\src\artifacts\bin\Utils.Tests\release_win-x64\Utils.Tests.dll" adapterTypeName="executor://mstestadapter/v2" className="Utils.Tests.ConversionTests" name="TestIntToPaddedString" />
    </UnitTest>
    <UnitTest name="TestIntToPaddedString (-1,9,&quot;-1&quot;)" storage="d:\a\dotnet-monorepo\dotnet-monorepo\src\artifacts\bin\utils.tests\release_win-x64\utils.tests.dll" id="05b34ccd-140b-53e1-83ac-3bbcf5f170bb">
      <Execution id="302d032d-e30f-4360-86e0-d7b754780871" />
      <TestMethod codeBase="D:\a\dotnet-monorepo\dotnet-monorepo\src\artifacts\bin\Utils.Tests\release_win-x64\Utils.Tests.dll" adapterTypeName="executor://mstestadapter/v2" className="Utils.Tests.ConversionTests" name="TestIntToPaddedString" />
    </UnitTest>
    <UnitTest name="TestIntToPaddedString (-1,10,&quot;-01&quot;)" storage="d:\a\dotnet-monorepo\dotnet-monorepo\src\artifacts\bin\utils.tests\release_win-x64\utils.tests.dll" id="905fa321-00bc-cf78-6872-ee27f66003f2">
      <Execution id="413356a6-0cfc-44d4-a33e-dfeacb1aa7d0" />
      <TestMethod codeBase="D:\a\dotnet-monorepo\dotnet-monorepo\src\artifacts\bin\Utils.Tests\release_win-x64\Utils.Tests.dll" adapterTypeName="executor://mstestadapter/v2" className="Utils.Tests.ConversionTests" name="TestIntToPaddedString" />
    </UnitTest>
  </TestDefinitions>
  <TestEntries>
    <TestEntry testId="c6f72b31-e018-3e2f-e31f-2280a965e3b7" executionId="1f39b76c-091f-479b-9895-c6ef6c621ccf" testListId="8c84fa94-04c1-424b-9868-57a2d4851a1d" />
    <TestEntry testId="4cbec960-b40c-18f8-d17d-e715be412ea1" executionId="96069171-9a18-4b7a-828a-5ba4a8e391b1" testListId="8c84fa94-04c1-424b-9868-57a2d4851a1d" />
    <TestEntry testId="b2e71588-0d10-1546-31ef-7b0118d37b0b" executionId="4da61047-e7cf-408f-9f98-222d47731c84" testListId="8c84fa94-04c1-424b-9868-57a2d4851a1d" />
    <TestEntry testId="2e09dfd4-af8f-6090-daa3-9b8e5d3178b8" executionId="e52fd57d-6dad-4cd8-83a0-316e4e122e54" testListId="8c84fa94-04c1-424b-9868-57a2d4851a1d" />
    <TestEntry testId="8a775d92-5427-1749-f100-e7ffbe21f38a" executionId="e936d374-6c56-4bf3-8eed-d79d2cb9a8fa" testListId="8c84fa94-04c1-424b-9868-57a2d4851a1d" />
    <TestEntry testId="4ed356bd-cc22-7262-e29f-62031d221a0c" executionId="4e659700-de6c-4c90-a334-536a32ba91e0" testListId="8c84fa94-04c1-424b-9868-57a2d4851a1d" />
    <TestEntry testId="6ebca444-4638-4da3-7776-8faa88983cbd" executionId="bb07813f-81eb-45fd-91cc-3d80bdcf730e" testListId="8c84fa94-04c1-424b-9868-57a2d4851a1d" />
    <TestEntry testId="6aa4a69f-2d57-5665-03d0-c37478fc9d10" executionId="eb3c6aea-11a1-432a-9ddc-468629cf0438" testListId="8c84fa94-04c1-424b-9868-57a2d4851a1d" />
    <TestEntry testId="3111426e-7cf2-fc95-7afe-647cdf87edaf" executionId="acef1b00-63d8-4390-879f-038557c4ebdd" testListId="8c84fa94-04c1-424b-9868-57a2d4851a1d" />
    <TestEntry testId="f3941f59-5a45-f255-ef3e-3423b48052bc" executionId="bc64e5d5-9d37-4f60-92f5-e5b06bef648c" testListId="8c84fa94-04c1-424b-9868-57a2d4851a1d" />
    <TestEntry testId="7c2d3d0c-c860-fb35-079f-8d65ca13e5bd" executionId="18c245d4-533f-4b06-bf68-73ee642a94db" testListId="8c84fa94-04c1-424b-9868-57a2d4851a1d" />
    <TestEntry testId="87340580-4ff3-84ca-c6f9-646d0df3b112" executionId="4de755d4-bdfd-453e-a8eb-2137b6324845" testListId="8c84fa94-04c1-424b-9868-57a2d4851a1d" />
    <TestEntry testId="5ecc4d90-ae9e-85a7-c3c1-545bad2e9646" executionId="12a7d5ff-4e59-4f34-be0a-4236ed68203f" testListId="8c84fa94-04c1-424b-9868-57a2d4851a1d" />
    <TestEntry testId="f1e653ce-75d7-fb40-bd08-81ae5b14ef1b" executionId="6a50cbee-b6f9-4245-ad3e-cc550e9158f8" testListId="8c84fa94-04c1-424b-9868-57a2d4851a1d" />
    <TestEntry testId="59448ffc-e83e-eaf0-ca86-b666b7b086f9" executionId="9b39a7de-aebd-46de-b589-930a740184d1" testListId="8c84fa94-04c1-424b-9868-57a2d4851a1d" />
    <TestEntry testId="73c200d4-0179-f23f-e874-5529af9cfb10" executionId="91b0a8b9-5e70-4c6d-ad2a-4818d6fe97ee" testListId="8c84fa94-04c1-424b-9868-57a2d4851a1d" />
    <TestEntry testId="05b34ccd-140b-53e1-83ac-3bbcf5f170bb" executionId="302d032d-e30f-4360-86e0-d7b754780871" testListId="8c84fa94-04c1-424b-9868-57a2d4851a1d" />
    <TestEntry testId="0a0f921a-26f1-2b7b-6cef-7448fafaff47" executionId="f51d7a24-f995-4727-bd51-45057424e1dc" testListId="8c84fa94-04c1-424b-9868-57a2d4851a1d" />
    <TestEntry testId="7ed87f6c-038b-3088-c7cc-939417006f1f" executionId="921addec-017e-4928-a096-4e057ffe5f39" testListId="8c84fa94-04c1-424b-9868-57a2d4851a1d" />
    <TestEntry testId="68347d6d-014e-fb96-80e6-9a59909def33" executionId="22d278a1-d909-4529-8e8b-e3c230768d05" testListId="8c84fa94-04c1-424b-9868-57a2d4851a1d" />
    <TestEntry testId="9f533fdb-624c-49e5-11ee-0c6ebc524a4f" executionId="dcc930ac-d902-4256-b04f-384bfe42933b" testListId="8c84fa94-04c1-424b-9868-57a2d4851a1d" />
    <TestEntry testId="73775732-2906-be3f-e115-f3854c907656" executionId="b2d95677-870b-4344-8525-f0dff5f603d0" testListId="8c84fa94-04c1-424b-9868-57a2d4851a1d" />
    <TestEntry testId="89e9f9e4-a5e1-fcd5-f349-d1d7158fad3c" executionId="55489c3a-4b68-43f0-ab3f-014ea60d13c3" testListId="8c84fa94-04c1-424b-9868-57a2d4851a1d" />
    <TestEntry testId="b7949501-dd00-e42e-08ec-0b01f240879f" executionId="bdf6e0be-4fa7-4c0f-9b69-025cb8c8550b" testListId="8c84fa94-04c1-424b-9868-57a2d4851a1d" />
    <TestEntry testId="30a7f46c-51eb-0a8e-7b0f-50f68458c4a9" executionId="1cad2599-b2e3-480d-9665-b787ea85f63d" testListId="8c84fa94-04c1-424b-9868-57a2d4851a1d" />
    <TestEntry testId="0596324c-2695-0dfd-9ae1-97b939dc7f6a" executionId="33c9bc36-7ce6-4160-9b0a-7982fa74bba9" testListId="8c84fa94-04c1-424b-9868-57a2d4851a1d" />
    <TestEntry testId="d4883779-b459-c157-8b32-167852cf136a" executionId="5cedd77e-731e-44e6-a3a9-aa93249e6ff1" testListId="8c84fa94-04c1-424b-9868-57a2d4851a1d" />
    <TestEntry testId="905fa321-00bc-cf78-6872-ee27f66003f2" executionId="413356a6-0cfc-44d4-a33e-dfeacb1aa7d0" testListId="8c84fa94-04c1-424b-9868-57a2d4851a1d" />
    <TestEntry testId="13ef7854-9f0e-6c15-ce2b-2db8e99b280e" executionId="71805dcb-cae3-4d4a-8878-794bd4c0ee33" testListId="8c84fa94-04c1-424b-9868-57a2d4851a1d" />
  </TestEntries>
  <TestLists>
    <TestList name="Results Not in a List" id="8c84fa94-04c1-424b-9868-57a2d4851a1d" />
    <TestList name="All Loaded Results" id="19431567-8539-422a-85d7-44ee4e166bda" />
  </TestLists>
  <ResultSummary outcome="Completed">
    <Counters total="29" executed="29" passed="29" failed="0" error="0" timeout="0" aborted="0" inconclusive="0" passedButRunAborted="0" notRunnable="0" notExecuted="0" disconnected="0" warning="0" completed="0" inProgress="0" pending="0" />
  </ResultSummary>
</TestRun>