<?xml version="1.0" encoding="utf-8"?>
<TestRun id="b295e482-1770-4f47-b1c5-991413964063" name="@Mac-1732058070231 2024-11-19 23:37:30" xmlns="http://microsoft.com/schemas/VisualStudio/TeamTest/2010">
  <Times creation="2024-11-19T23:37:30.7129070+00:00" queuing="2024-11-19T23:37:30.7129070+00:00" start="2024-11-19T23:37:30.0219650+00:00" finish="2024-11-19T23:37:30.7546800+00:00" />
  <TestSettings name="default" id="a52c48b8-f49c-4c5d-9715-2ac7b2aab410">
    <Deployment runDeploymentRoot="_Mac-1732058070231_2024-11-19_23_37_30" />
  </TestSettings>
  <Results>
    <UnitTestResult executionId="5e82d203-1444-4122-a1f4-593684cd1fa4" testId="5ecc4d90-ae9e-85a7-c3c1-545bad2e9646" testName="TestIntToPaddedString (1,101,&quot;001&quot;)" computerName="Mac-1732058070231" duration="00:00:00.0000043" startTime="2024-11-19T23:37:30.6209150+00:00" endTime="2024-11-19T23:37:30.6210040+00:00" testType="13cdc9d9-ddb5-4fa4-a97d-d965ccfc6d4b" outcome="Passed" testListId="8c84fa94-04c1-424b-9868-57a2d4851a1d" relativeResultsDirectory="5e82d203-1444-4122-a1f4-593684cd1fa4" />
    <UnitTestResult executionId="4117b404-d065-4217-9801-292c5015a381" testId="30a7f46c-51eb-0a8e-7b0f-50f68458c4a9" testName="TestSlugify (&quot;a &#x9;&#xA;b&quot;,&quot;a-b&quot;)" computerName="Mac-1732058070231" duration="00:00:00.0000065" startTime="2024-11-19T23:37:30.6579770+00:00" endTime="2024-11-19T23:37:30.6582160+00:00" testType="13cdc9d9-ddb5-4fa4-a97d-d965ccfc6d4b" outcome="Passed" testListId="8c84fa94-04c1-424b-9868-57a2d4851a1d" relativeResultsDirectory="4117b404-d065-4217-9801-292c5015a381" />
    <UnitTestResult executionId="316eb825-f744-451f-b8f8-fec62c8baffe" testId="05b34ccd-140b-53e1-83ac-3bbcf5f170bb" testName="TestIntToPaddedString (-1,9,&quot;-1&quot;)" computerName="Mac-1732058070231" duration="00:00:00.0000069" startTime="2024-11-19T23:37:30.6210330+00:00" endTime="2024-11-19T23:37:30.6211320+00:00" testType="13cdc9d9-ddb5-4fa4-a97d-d965ccfc6d4b" outcome="Passed" testListId="8c84fa94-04c1-424b-9868-57a2d4851a1d" relativeResultsDirectory="316eb825-f744-451f-b8f8-fec62c8baffe" />
    <UnitTestResult executionId="2c5d00c7-cf1f-44b6-aa14-0673f35ada85" testId="8a775d92-5427-1749-f100-e7ffbe21f38a" testName="TestLongestCommonPrefix (&quot;a&quot;,&quot;a1&quot;,&quot;a2&quot;,&quot;a3&quot;)" computerName="Mac-1732058070231" duration="00:00:00.0004629" startTime="2024-11-19T23:37:30.6615880+00:00" endTime="2024-11-19T23:37:30.6625640+00:00" testType="13cdc9d9-ddb5-4fa4-a97d-d965ccfc6d4b" outcome="Passed" testListId="8c84fa94-04c1-424b-9868-57a2d4851a1d" relativeResultsDirectory="2c5d00c7-cf1f-44b6-aa14-0673f35ada85" />
    <UnitTestResult executionId="f1705259-50b0-467b-8915-ab79c9ca2803" testId="0596324c-2695-0dfd-9ae1-97b939dc7f6a" testName="TestIntToPaddedString (-1,99,&quot;-01&quot;)" computerName="Mac-1732058070231" duration="00:00:00.0000053" startTime="2024-11-19T23:37:30.6563930+00:00" endTime="2024-11-19T23:37:30.6565010+00:00" testType="13cdc9d9-ddb5-4fa4-a97d-d965ccfc6d4b" outcome="Passed" testListId="8c84fa94-04c1-424b-9868-57a2d4851a1d" relativeResultsDirectory="f1705259-50b0-467b-8915-ab79c9ca2803" />
    <UnitTestResult executionId="8aa34539-8dae-413b-9213-d621b6d8e1de" testId="b2e71588-0d10-1546-31ef-7b0118d37b0b" testName="TestSlugify (&quot;a_b&quot;,&quot;a-b&quot;)" computerName="Mac-1732058070231" duration="00:00:00.0000052" startTime="2024-11-19T23:37:30.6604370+00:00" endTime="2024-11-19T23:37:30.6605350+00:00" testType="13cdc9d9-ddb5-4fa4-a97d-d965ccfc6d4b" outcome="Passed" testListId="8c84fa94-04c1-424b-9868-57a2d4851a1d" relativeResultsDirectory="8aa34539-8dae-413b-9213-d621b6d8e1de" />
    <UnitTestResult executionId="d2c16dae-871d-47f0-b49e-8345c9d12b47" testId="87340580-4ff3-84ca-c6f9-646d0df3b112" testName="TestSlugify (&quot;a- -b&quot;,&quot;a-b&quot;)" computerName="Mac-1732058070231" duration="00:00:00.0000049" startTime="2024-11-19T23:37:30.6582440+00:00" endTime="2024-11-19T23:37:30.6583350+00:00" testType="13cdc9d9-ddb5-4fa4-a97d-d965ccfc6d4b" outcome="Passed" testListId="8c84fa94-04c1-424b-9868-57a2d4851a1d" relativeResultsDirectory="d2c16dae-871d-47f0-b49e-8345c9d12b47" />
    <UnitTestResult executionId="bb5681fc-f239-4b71-8986-292e4ade637d" testId="b7949501-dd00-e42e-08ec-0b01f240879f" testName="TestSlugify (&quot;a - b&quot;,&quot;a-b&quot;)" computerName="Mac-1732058070231" duration="00:00:00.0000046" startTime="2024-11-19T23:37:30.6583570+00:00" endTime="2024-11-19T23:37:30.6584480+00:00" testType="13cdc9d9-ddb5-4fa4-a97d-d965ccfc6d4b" outcome="Passed" testListId="8c84fa94-04c1-424b-9868-57a2d4851a1d" relativeResultsDirectory="bb5681fc-f239-4b71-8986-292e4ade637d" />
    <UnitTestResult executionId="22855765-7176-4357-b0fe-f57d7a77e72b" testId="89e9f9e4-a5e1-fcd5-f349-d1d7158fad3c" testName="TestIntToPaddedString (-1,11,&quot;-01&quot;)" computerName="Mac-1732058070231" duration="00:00:00.0000123" startTime="2024-11-19T23:37:30.6561880+00:00" endTime="2024-11-19T23:37:30.6563480+00:00" testType="13cdc9d9-ddb5-4fa4-a97d-d965ccfc6d4b" outcome="Passed" testListId="8c84fa94-04c1-424b-9868-57a2d4851a1d" relativeResultsDirectory="22855765-7176-4357-b0fe-f57d7a77e72b" />
    <UnitTestResult executionId="3f24eb5a-0ad6-4d04-8897-2bd6b840a094" testId="0a0f921a-26f1-2b7b-6cef-7448fafaff47" testName="TestSlugify (&quot;Abc-DEF&quot;,&quot;abc-def&quot;)" computerName="Mac-1732058070231" duration="00:00:00.0000063" startTime="2024-11-19T23:37:30.6602620+00:00" endTime="2024-11-19T23:37:30.6603650+00:00" testType="13cdc9d9-ddb5-4fa4-a97d-d965ccfc6d4b" outcome="Passed" testListId="8c84fa94-04c1-424b-9868-57a2d4851a1d" relativeResultsDirectory="3f24eb5a-0ad6-4d04-8897-2bd6b840a094" />
    <UnitTestResult executionId="6bfe865e-8a81-4f39-a30c-5d90abe4301d" testId="73c200d4-0179-f23f-e874-5529af9cfb10" testName="TestIntToPaddedString (1,99,&quot;01&quot;)" computerName="Mac-1732058070231" duration="00:00:00.0000048" startTime="2024-11-19T23:37:30.6206730+00:00" endTime="2024-11-19T23:37:30.6207730+00:00" testType="13cdc9d9-ddb5-4fa4-a97d-d965ccfc6d4b" outcome="Passed" testListId="8c84fa94-04c1-424b-9868-57a2d4851a1d" relativeResultsDirectory="6bfe865e-8a81-4f39-a30c-5d90abe4301d" />
    <UnitTestResult executionId="4ed9dae0-2597-4c3c-a1d7-296de2fe1047" testId="f3941f59-5a45-f255-ef3e-3423b48052bc" testName="TestSlugify (&quot;ä ö ü&quot;,&quot;a-o-u&quot;)" computerName="Mac-1732058070231" duration="00:00:00.0000461" startTime="2024-11-19T23:37:30.6605600+00:00" endTime="2024-11-19T23:37:30.6607180+00:00" testType="13cdc9d9-ddb5-4fa4-a97d-d965ccfc6d4b" outcome="Passed" testListId="8c84fa94-04c1-424b-9868-57a2d4851a1d" relativeResultsDirectory="4ed9dae0-2597-4c3c-a1d7-296de2fe1047" />
    <UnitTestResult executionId="a89e95a5-016f-4ef0-a6e5-bc40edccee3c" testId="59448ffc-e83e-eaf0-ca86-b666b7b086f9" testName="TestIntToPaddedString (1,9,&quot;1&quot;)" computerName="Mac-1732058070231" duration="00:00:00.0003737" startTime="2024-11-19T23:37:30.6195060+00:00" endTime="2024-11-19T23:37:30.6200850+00:00" testType="13cdc9d9-ddb5-4fa4-a97d-d965ccfc6d4b" outcome="Passed" testListId="8c84fa94-04c1-424b-9868-57a2d4851a1d" relativeResultsDirectory="a89e95a5-016f-4ef0-a6e5-bc40edccee3c" />
    <UnitTestResult executionId="8b7d6b57-2244-4e55-8916-d1e626253826" testId="9f533fdb-624c-49e5-11ee-0c6ebc524a4f" testName="TestIntToPaddedString (1,10,&quot;01&quot;)" computerName="Mac-1732058070231" duration="00:00:00.0000062" startTime="2024-11-19T23:37:30.6204120+00:00" endTime="2024-11-19T23:37:30.6205260+00:00" testType="13cdc9d9-ddb5-4fa4-a97d-d965ccfc6d4b" outcome="Passed" testListId="8c84fa94-04c1-424b-9868-57a2d4851a1d" relativeResultsDirectory="8b7d6b57-2244-4e55-8916-d1e626253826" />
    <UnitTestResult executionId="3a11c256-069d-4161-89d4-8a40beca43d8" testId="7c2d3d0c-c860-fb35-079f-8d65ca13e5bd" testName="TestIntToPaddedString (0,100,&quot;000&quot;)" computerName="Mac-1732058070231" duration="00:00:00.0041994" startTime="2024-11-19T23:37:30.5919440+00:00" endTime="2024-11-19T23:37:30.6141850+00:00" testType="13cdc9d9-ddb5-4fa4-a97d-d965ccfc6d4b" outcome="Passed" testListId="8c84fa94-04c1-424b-9868-57a2d4851a1d" relativeResultsDirectory="3a11c256-069d-4161-89d4-8a40beca43d8" />
    <UnitTestResult executionId="8bcf0083-7c48-4049-bd41-f45b99e2a911" testId="7ed87f6c-038b-3088-c7cc-939417006f1f" testName="TestSlugify (&quot;Ä Ö Ü&quot;,&quot;a-o-u&quot;)" computerName="Mac-1732058070231" duration="00:00:00.0000088" startTime="2024-11-19T23:37:30.6607440+00:00" endTime="2024-11-19T23:37:30.6608400+00:00" testType="13cdc9d9-ddb5-4fa4-a97d-d965ccfc6d4b" outcome="Passed" testListId="8c84fa94-04c1-424b-9868-57a2d4851a1d" relativeResultsDirectory="8bcf0083-7c48-4049-bd41-f45b99e2a911" />
    <UnitTestResult executionId="9e267ccb-4807-4a03-835d-2eed1e0b4dac" testId="2e09dfd4-af8f-6090-daa3-9b8e5d3178b8" testName="TestLongestCommonPrefix (&quot;ab&quot;,&quot;ab&quot;,&quot;abc&quot;)" computerName="Mac-1732058070231" duration="00:00:00.0000074" startTime="2024-11-19T23:37:30.6626040+00:00" endTime="2024-11-19T23:37:30.6629920+00:00" testType="13cdc9d9-ddb5-4fa4-a97d-d965ccfc6d4b" outcome="Passed" testListId="8c84fa94-04c1-424b-9868-57a2d4851a1d" relativeResultsDirectory="9e267ccb-4807-4a03-835d-2eed1e0b4dac" />
    <UnitTestResult executionId="98ec9aff-cc0d-464a-ad62-69762fcf1e81" testId="4ed356bd-cc22-7262-e29f-62031d221a0c" testName="TestLongestCommonPrefix (&quot;&quot;,&quot;abc&quot;,&quot;&quot;)" computerName="Mac-1732058070231" duration="00:00:00.0000055" startTime="2024-11-19T23:37:30.6643740+00:00" endTime="2024-11-19T23:37:30.6654340+00:00" testType="13cdc9d9-ddb5-4fa4-a97d-d965ccfc6d4b" outcome="Passed" testListId="8c84fa94-04c1-424b-9868-57a2d4851a1d" relativeResultsDirectory="98ec9aff-cc0d-464a-ad62-69762fcf1e81" />
    <UnitTestResult executionId="a225f33c-b46a-4532-8d84-461d532c2548" testId="68347d6d-014e-fb96-80e6-9a59909def33" testName="TestLongestCommonPrefix (&quot;ab&quot;,&quot;abc&quot;,&quot;ab&quot;)" computerName="Mac-1732058070231" duration="00:00:00.0000108" startTime="2024-11-19T23:37:30.6630220+00:00" endTime="2024-11-19T23:37:30.6631460+00:00" testType="13cdc9d9-ddb5-4fa4-a97d-d965ccfc6d4b" outcome="Passed" testListId="8c84fa94-04c1-424b-9868-57a2d4851a1d" relativeResultsDirectory="a225f33c-b46a-4532-8d84-461d532c2548" />
    <UnitTestResult executionId="351e4d50-3093-435c-a0b4-2f0aa8a5f55d" testId="c6f72b31-e018-3e2f-e31f-2280a965e3b7" testName="TestIntToPaddedString (1,100,&quot;001&quot;)" computerName="Mac-1732058070231" duration="00:00:00.0000045" startTime="2024-11-19T23:37:30.6207960+00:00" endTime="2024-11-19T23:37:30.6208840+00:00" testType="13cdc9d9-ddb5-4fa4-a97d-d965ccfc6d4b" outcome="Passed" testListId="8c84fa94-04c1-424b-9868-57a2d4851a1d" relativeResultsDirectory="351e4d50-3093-435c-a0b4-2f0aa8a5f55d" />
    <UnitTestResult executionId="199a20a4-2372-4525-8afa-08abb87cb2f8" testId="f1e653ce-75d7-fb40-bd08-81ae5b14ef1b" testName="TestIntToPaddedString (-1,100,&quot;-001&quot;)" computerName="Mac-1732058070231" duration="00:00:00.0000049" startTime="2024-11-19T23:37:30.6565270+00:00" endTime="2024-11-19T23:37:30.6566210+00:00" testType="13cdc9d9-ddb5-4fa4-a97d-d965ccfc6d4b" outcome="Passed" testListId="8c84fa94-04c1-424b-9868-57a2d4851a1d" relativeResultsDirectory="199a20a4-2372-4525-8afa-08abb87cb2f8" />
    <UnitTestResult executionId="9509d3a7-a87c-4326-ae51-a0466e5902ea" testId="13ef7854-9f0e-6c15-ce2b-2db8e99b280e" testName="TestSlugify (&quot;a!=b&quot;,&quot;ab&quot;)" computerName="Mac-1732058070231" duration="00:00:00.0002322" startTime="2024-11-19T23:37:30.6576100+00:00" endTime="2024-11-19T23:37:30.6579410+00:00" testType="13cdc9d9-ddb5-4fa4-a97d-d965ccfc6d4b" outcome="Passed" testListId="8c84fa94-04c1-424b-9868-57a2d4851a1d" relativeResultsDirectory="9509d3a7-a87c-4326-ae51-a0466e5902ea" />
    <UnitTestResult executionId="0ccc1bef-23e3-4a21-ad70-c7cdfbc2f0b2" testId="6ebca444-4638-4da3-7776-8faa88983cbd" testName="TestIntToPaddedString (1,11,&quot;01&quot;)" computerName="Mac-1732058070231" duration="00:00:00.0000087" startTime="2024-11-19T23:37:30.6205520+00:00" endTime="2024-11-19T23:37:30.6206490+00:00" testType="13cdc9d9-ddb5-4fa4-a97d-d965ccfc6d4b" outcome="Passed" testListId="8c84fa94-04c1-424b-9868-57a2d4851a1d" relativeResultsDirectory="0ccc1bef-23e3-4a21-ad70-c7cdfbc2f0b2" />
    <UnitTestResult executionId="650fed30-3086-41b6-bb68-f9c0bfc6215b" testId="6aa4a69f-2d57-5665-03d0-c37478fc9d10" testName="TestIntToPaddedString (-1,101,&quot;-001&quot;)" computerName="Mac-1732058070231" duration="00:00:00.0000048" startTime="2024-11-19T23:37:30.6566490+00:00" endTime="2024-11-19T23:37:30.6569120+00:00" testType="13cdc9d9-ddb5-4fa4-a97d-d965ccfc6d4b" outcome="Passed" testListId="8c84fa94-04c1-424b-9868-57a2d4851a1d" relativeResultsDirectory="650fed30-3086-41b6-bb68-f9c0bfc6215b" />
    <UnitTestResult executionId="2b8d2a26-14f5-4a04-a254-05973a0b0529" testId="3111426e-7cf2-fc95-7afe-647cdf87edaf" testName="TestSlugify (&quot;a1 b2 c3&quot;,&quot;a1-b2-c3&quot;)" computerName="Mac-1732058070231" duration="00:00:00.0000048" startTime="2024-11-19T23:37:30.6608690+00:00" endTime="2024-11-19T23:37:30.6609490+00:00" testType="13cdc9d9-ddb5-4fa4-a97d-d965ccfc6d4b" outcome="Passed" testListId="8c84fa94-04c1-424b-9868-57a2d4851a1d" relativeResultsDirectory="2b8d2a26-14f5-4a04-a254-05973a0b0529" />
    <UnitTestResult executionId="6c0a3b7f-1bf3-49ac-923e-44a0f5dce4cc" testId="905fa321-00bc-cf78-6872-ee27f66003f2" testName="TestIntToPaddedString (-1,10,&quot;-01&quot;)" computerName="Mac-1732058070231" duration="00:00:00.0000049" startTime="2024-11-19T23:37:30.6211550+00:00" endTime="2024-11-19T23:37:30.6212490+00:00" testType="13cdc9d9-ddb5-4fa4-a97d-d965ccfc6d4b" outcome="Passed" testListId="8c84fa94-04c1-424b-9868-57a2d4851a1d" relativeResultsDirectory="6c0a3b7f-1bf3-49ac-923e-44a0f5dce4cc" />
    <UnitTestResult executionId="e71d3e70-e25b-4621-9712-8983f13fb373" testId="d4883779-b459-c157-8b32-167852cf136a" testName="TestSlugify (&quot;!- -a- -!&quot;,&quot;a&quot;)" computerName="Mac-1732058070231" duration="00:00:00.0004891" startTime="2024-11-19T23:37:30.6569510+00:00" endTime="2024-11-19T23:37:30.6575730+00:00" testType="13cdc9d9-ddb5-4fa4-a97d-d965ccfc6d4b" outcome="Passed" testListId="8c84fa94-04c1-424b-9868-57a2d4851a1d" relativeResultsDirectory="e71d3e70-e25b-4621-9712-8983f13fb373" />
    <UnitTestResult executionId="c039aec4-66f9-4225-b340-b45f7083f80c" testId="4cbec960-b40c-18f8-d17d-e715be412ea1" testName="TestLongestCommonPrefix (&quot;&quot;)" computerName="Mac-1732058070231" duration="00:00:00.0004016" startTime="2024-11-19T23:37:30.6609710+00:00" endTime="2024-11-19T23:37:30.6615570+00:00" testType="13cdc9d9-ddb5-4fa4-a97d-d965ccfc6d4b" outcome="Passed" testListId="8c84fa94-04c1-424b-9868-57a2d4851a1d" relativeResultsDirectory="c039aec4-66f9-4225-b340-b45f7083f80c" />
    <UnitTestResult executionId="654e1321-bc57-4064-ba27-aff0edebbdb8" testId="73775732-2906-be3f-e115-f3854c907656" testName="TestLongestCommonPrefix (&quot;&quot;,&quot;&quot;,&quot;abc&quot;)" computerName="Mac-1732058070231" duration="00:00:00.0000060" startTime="2024-11-19T23:37:30.6641810+00:00" endTime="2024-11-19T23:37:30.6643360+00:00" testType="13cdc9d9-ddb5-4fa4-a97d-d965ccfc6d4b" outcome="Passed" testListId="8c84fa94-04c1-424b-9868-57a2d4851a1d" relativeResultsDirectory="654e1321-bc57-4064-ba27-aff0edebbdb8" />
  </Results>
  <TestDefinitions>
    <UnitTest name="TestIntToPaddedString (1,11,&quot;01&quot;)" storage="/users/runner/work/dotnet-monorepo/dotnet-monorepo/src/artifacts/bin/utils.tests/release_osx-x64/utils.tests.dll" id="6ebca444-4638-4da3-7776-8faa88983cbd">
      <Execution id="0ccc1bef-23e3-4a21-ad70-c7cdfbc2f0b2" />
      <TestMethod codeBase="/Users/runner/work/dotnet-monorepo/dotnet-monorepo/src/artifacts/bin/Utils.Tests/release_osx-x64/Utils.Tests.dll" adapterTypeName="executor://mstestadapter/v2" className="Utils.Tests.ConversionTests" name="TestIntToPaddedString" />
    </UnitTest>
    <UnitTest name="TestSlugify (&quot;a- -b&quot;,&quot;a-b&quot;)" storage="/users/runner/work/dotnet-monorepo/dotnet-monorepo/src/artifacts/bin/utils.tests/release_osx-x64/utils.tests.dll" id="87340580-4ff3-84ca-c6f9-646d0df3b112">
      <Execution id="d2c16dae-871d-47f0-b49e-8345c9d12b47" />
      <TestMethod codeBase="/Users/runner/work/dotnet-monorepo/dotnet-monorepo/src/artifacts/bin/Utils.Tests/release_osx-x64/Utils.Tests.dll" adapterTypeName="executor://mstestadapter/v2" className="Utils.Tests.StringTests" name="TestSlugify" />
    </UnitTest>
    <UnitTest name="TestIntToPaddedString (-1,100,&quot;-001&quot;)" storage="/users/runner/work/dotnet-monorepo/dotnet-monorepo/src/artifacts/bin/utils.tests/release_osx-x64/utils.tests.dll" id="f1e653ce-75d7-fb40-bd08-81ae5b14ef1b">
      <Execution id="199a20a4-2372-4525-8afa-08abb87cb2f8" />
      <TestMethod codeBase="/Users/runner/work/dotnet-monorepo/dotnet-monorepo/src/artifacts/bin/Utils.Tests/release_osx-x64/Utils.Tests.dll" adapterTypeName="executor://mstestadapter/v2" className="Utils.Tests.ConversionTests" name="TestIntToPaddedString" />
    </UnitTest>
    <UnitTest name="TestLongestCommonPrefix (&quot;ab&quot;,&quot;abc&quot;,&quot;ab&quot;)" storage="/users/runner/work/dotnet-monorepo/dotnet-monorepo/src/artifacts/bin/utils.tests/release_osx-x64/utils.tests.dll" id="68347d6d-014e-fb96-80e6-9a59909def33">
      <Execution id="a225f33c-b46a-4532-8d84-461d532c2548" />
      <TestMethod codeBase="/Users/runner/work/dotnet-monorepo/dotnet-monorepo/src/artifacts/bin/Utils.Tests/release_osx-x64/Utils.Tests.dll" adapterTypeName="executor://mstestadapter/v2" className="Utils.Tests.StringTests" name="TestLongestCommonPrefix" />
    </UnitTest>
    <UnitTest name="TestSlugify (&quot;a_b&quot;,&quot;a-b&quot;)" storage="/users/runner/work/dotnet-monorepo/dotnet-monorepo/src/artifacts/bin/utils.tests/release_osx-x64/utils.tests.dll" id="b2e71588-0d10-1546-31ef-7b0118d37b0b">
      <Execution id="8aa34539-8dae-413b-9213-d621b6d8e1de" />
      <TestMethod codeBase="/Users/runner/work/dotnet-monorepo/dotnet-monorepo/src/artifacts/bin/Utils.Tests/release_osx-x64/Utils.Tests.dll" adapterTypeName="executor://mstestadapter/v2" className="Utils.Tests.StringTests" name="TestSlugify" />
    </UnitTest>
    <UnitTest name="TestIntToPaddedString (1,10,&quot;01&quot;)" storage="/users/runner/work/dotnet-monorepo/dotnet-monorepo/src/artifacts/bin/utils.tests/release_osx-x64/utils.tests.dll" id="9f533fdb-624c-49e5-11ee-0c6ebc524a4f">
      <Execution id="8b7d6b57-2244-4e55-8916-d1e626253826" />
      <TestMethod codeBase="/Users/runner/work/dotnet-monorepo/dotnet-monorepo/src/artifacts/bin/Utils.Tests/release_osx-x64/Utils.Tests.dll" adapterTypeName="executor://mstestadapter/v2" className="Utils.Tests.ConversionTests" name="TestIntToPaddedString" />
    </UnitTest>
    <UnitTest name="TestIntToPaddedString (-1,99,&quot;-01&quot;)" storage="/users/runner/work/dotnet-monorepo/dotnet-monorepo/src/artifacts/bin/utils.tests/release_osx-x64/utils.tests.dll" id="0596324c-2695-0dfd-9ae1-97b939dc7f6a">
      <Execution id="f1705259-50b0-467b-8915-ab79c9ca2803" />
      <TestMethod codeBase="/Users/runner/work/dotnet-monorepo/dotnet-monorepo/src/artifacts/bin/Utils.Tests/release_osx-x64/Utils.Tests.dll" adapterTypeName="executor://mstestadapter/v2" className="Utils.Tests.ConversionTests" name="TestIntToPaddedString" />
    </UnitTest>
    <UnitTest name="TestSlugify (&quot;Abc-DEF&quot;,&quot;abc-def&quot;)" storage="/users/runner/work/dotnet-monorepo/dotnet-monorepo/src/artifacts/bin/utils.tests/release_osx-x64/utils.tests.dll" id="0a0f921a-26f1-2b7b-6cef-7448fafaff47">
      <Execution id="3f24eb5a-0ad6-4d04-8897-2bd6b840a094" />
      <TestMethod codeBase="/Users/runner/work/dotnet-monorepo/dotnet-monorepo/src/artifacts/bin/Utils.Tests/release_osx-x64/Utils.Tests.dll" adapterTypeName="executor://mstestadapter/v2" className="Utils.Tests.StringTests" name="TestSlugify" />
    </UnitTest>
    <UnitTest name="TestIntToPaddedString (1,101,&quot;001&quot;)" storage="/users/runner/work/dotnet-monorepo/dotnet-monorepo/src/artifacts/bin/utils.tests/release_osx-x64/utils.tests.dll" id="5ecc4d90-ae9e-85a7-c3c1-545bad2e9646">
      <Execution id="5e82d203-1444-4122-a1f4-593684cd1fa4" />
      <TestMethod codeBase="/Users/runner/work/dotnet-monorepo/dotnet-monorepo/src/artifacts/bin/Utils.Tests/release_osx-x64/Utils.Tests.dll" adapterTypeName="executor://mstestadapter/v2" className="Utils.Tests.ConversionTests" name="TestIntToPaddedString" />
    </UnitTest>
    <UnitTest name="TestSlugify (&quot;a - b&quot;,&quot;a-b&quot;)" storage="/users/runner/work/dotnet-monorepo/dotnet-monorepo/src/artifacts/bin/utils.tests/release_osx-x64/utils.tests.dll" id="b7949501-dd00-e42e-08ec-0b01f240879f">
      <Execution id="bb5681fc-f239-4b71-8986-292e4ade637d" />
      <TestMethod codeBase="/Users/runner/work/dotnet-monorepo/dotnet-monorepo/src/artifacts/bin/Utils.Tests/release_osx-x64/Utils.Tests.dll" adapterTypeName="executor://mstestadapter/v2" className="Utils.Tests.StringTests" name="TestSlugify" />
    </UnitTest>
    <UnitTest name="TestSlugify (&quot;a!=b&quot;,&quot;ab&quot;)" storage="/users/runner/work/dotnet-monorepo/dotnet-monorepo/src/artifacts/bin/utils.tests/release_osx-x64/utils.tests.dll" id="13ef7854-9f0e-6c15-ce2b-2db8e99b280e">
      <Execution id="9509d3a7-a87c-4326-ae51-a0466e5902ea" />
      <TestMethod codeBase="/Users/runner/work/dotnet-monorepo/dotnet-monorepo/src/artifacts/bin/Utils.Tests/release_osx-x64/Utils.Tests.dll" adapterTypeName="executor://mstestadapter/v2" className="Utils.Tests.StringTests" name="TestSlugify" />
    </UnitTest>
    <UnitTest name="TestLongestCommonPrefix (&quot;a&quot;,&quot;a1&quot;,&quot;a2&quot;,&quot;a3&quot;)" storage="/users/runner/work/dotnet-monorepo/dotnet-monorepo/src/artifacts/bin/utils.tests/release_osx-x64/utils.tests.dll" id="8a775d92-5427-1749-f100-e7ffbe21f38a">
      <Execution id="2c5d00c7-cf1f-44b6-aa14-0673f35ada85" />
      <TestMethod codeBase="/Users/runner/work/dotnet-monorepo/dotnet-monorepo/src/artifacts/bin/Utils.Tests/release_osx-x64/Utils.Tests.dll" adapterTypeName="executor://mstestadapter/v2" className="Utils.Tests.StringTests" name="TestLongestCommonPrefix" />
    </UnitTest>
    <UnitTest name="TestIntToPaddedString (0,100,&quot;000&quot;)" storage="/users/runner/work/dotnet-monorepo/dotnet-monorepo/src/artifacts/bin/utils.tests/release_osx-x64/utils.tests.dll" id="7c2d3d0c-c860-fb35-079f-8d65ca13e5bd">
      <Execution id="3a11c256-069d-4161-89d4-8a40beca43d8" />
      <TestMethod codeBase="/Users/runner/work/dotnet-monorepo/dotnet-monorepo/src/artifacts/bin/Utils.Tests/release_osx-x64/Utils.Tests.dll" adapterTypeName="executor://mstestadapter/v2" className="Utils.Tests.ConversionTests" name="TestIntToPaddedString" />
    </UnitTest>
    <UnitTest name="TestLongestCommonPrefix (&quot;&quot;)" storage="/users/runner/work/dotnet-monorepo/dotnet-monorepo/src/artifacts/bin/utils.tests/release_osx-x64/utils.tests.dll" id="4cbec960-b40c-18f8-d17d-e715be412ea1">
      <Execution id="c039aec4-66f9-4225-b340-b45f7083f80c" />
      <TestMethod codeBase="/Users/runner/work/dotnet-monorepo/dotnet-monorepo/src/artifacts/bin/Utils.Tests/release_osx-x64/Utils.Tests.dll" adapterTypeName="executor://mstestadapter/v2" className="Utils.Tests.StringTests" name="TestLongestCommonPrefix" />
    </UnitTest>
    <UnitTest name="TestIntToPaddedString (-1,101,&quot;-001&quot;)" storage="/users/runner/work/dotnet-monorepo/dotnet-monorepo/src/artifacts/bin/utils.tests/release_osx-x64/utils.tests.dll" id="6aa4a69f-2d57-5665-03d0-c37478fc9d10">
      <Execution id="650fed30-3086-41b6-bb68-f9c0bfc6215b" />
      <TestMethod codeBase="/Users/runner/work/dotnet-monorepo/dotnet-monorepo/src/artifacts/bin/Utils.Tests/release_osx-x64/Utils.Tests.dll" adapterTypeName="executor://mstestadapter/v2" className="Utils.Tests.ConversionTests" name="TestIntToPaddedString" />
    </UnitTest>
    <UnitTest name="TestIntToPaddedString (1,100,&quot;001&quot;)" storage="/users/runner/work/dotnet-monorepo/dotnet-monorepo/src/artifacts/bin/utils.tests/release_osx-x64/utils.tests.dll" id="c6f72b31-e018-3e2f-e31f-2280a965e3b7">
      <Execution id="351e4d50-3093-435c-a0b4-2f0aa8a5f55d" />
      <TestMethod codeBase="/Users/runner/work/dotnet-monorepo/dotnet-monorepo/src/artifacts/bin/Utils.Tests/release_osx-x64/Utils.Tests.dll" adapterTypeName="executor://mstestadapter/v2" className="Utils.Tests.ConversionTests" name="TestIntToPaddedString" />
    </UnitTest>
    <UnitTest name="TestSlugify (&quot;Ä Ö Ü&quot;,&quot;a-o-u&quot;)" storage="/users/runner/work/dotnet-monorepo/dotnet-monorepo/src/artifacts/bin/utils.tests/release_osx-x64/utils.tests.dll" id="7ed87f6c-038b-3088-c7cc-939417006f1f">
      <Execution id="8bcf0083-7c48-4049-bd41-f45b99e2a911" />
      <TestMethod codeBase="/Users/runner/work/dotnet-monorepo/dotnet-monorepo/src/artifacts/bin/Utils.Tests/release_osx-x64/Utils.Tests.dll" adapterTypeName="executor://mstestadapter/v2" className="Utils.Tests.StringTests" name="TestSlugify" />
    </UnitTest>
    <UnitTest name="TestIntToPaddedString (1,9,&quot;1&quot;)" storage="/users/runner/work/dotnet-monorepo/dotnet-monorepo/src/artifacts/bin/utils.tests/release_osx-x64/utils.tests.dll" id="59448ffc-e83e-eaf0-ca86-b666b7b086f9">
      <Execution id="a89e95a5-016f-4ef0-a6e5-bc40edccee3c" />
      <TestMethod codeBase="/Users/runner/work/dotnet-monorepo/dotnet-monorepo/src/artifacts/bin/Utils.Tests/release_osx-x64/Utils.Tests.dll" adapterTypeName="executor://mstestadapter/v2" className="Utils.Tests.ConversionTests" name="TestIntToPaddedString" />
    </UnitTest>
    <UnitTest name="TestIntToPaddedString (-1,11,&quot;-01&quot;)" storage="/users/runner/work/dotnet-monorepo/dotnet-monorepo/src/artifacts/bin/utils.tests/release_osx-x64/utils.tests.dll" id="89e9f9e4-a5e1-fcd5-f349-d1d7158fad3c">
      <Execution id="22855765-7176-4357-b0fe-f57d7a77e72b" />
      <TestMethod codeBase="/Users/runner/work/dotnet-monorepo/dotnet-monorepo/src/artifacts/bin/Utils.Tests/release_osx-x64/Utils.Tests.dll" adapterTypeName="executor://mstestadapter/v2" className="Utils.Tests.ConversionTests" name="TestIntToPaddedString" />
    </UnitTest>
    <UnitTest name="TestLongestCommonPrefix (&quot;&quot;,&quot;&quot;,&quot;abc&quot;)" storage="/users/runner/work/dotnet-monorepo/dotnet-monorepo/src/artifacts/bin/utils.tests/release_osx-x64/utils.tests.dll" id="73775732-2906-be3f-e115-f3854c907656">
      <Execution id="654e1321-bc57-4064-ba27-aff0edebbdb8" />
      <TestMethod codeBase="/Users/runner/work/dotnet-monorepo/dotnet-monorepo/src/artifacts/bin/Utils.Tests/release_osx-x64/Utils.Tests.dll" adapterTypeName="executor://mstestadapter/v2" className="Utils.Tests.StringTests" name="TestLongestCommonPrefix" />
    </UnitTest>
    <UnitTest name="TestLongestCommonPrefix (&quot;ab&quot;,&quot;ab&quot;,&quot;abc&quot;)" storage="/users/runner/work/dotnet-monorepo/dotnet-monorepo/src/artifacts/bin/utils.tests/release_osx-x64/utils.tests.dll" id="2e09dfd4-af8f-6090-daa3-9b8e5d3178b8">
      <Execution id="9e267ccb-4807-4a03-835d-2eed1e0b4dac" />
      <TestMethod codeBase="/Users/runner/work/dotnet-monorepo/dotnet-monorepo/src/artifacts/bin/Utils.Tests/release_osx-x64/Utils.Tests.dll" adapterTypeName="executor://mstestadapter/v2" className="Utils.Tests.StringTests" name="TestLongestCommonPrefix" />
    </UnitTest>
    <UnitTest name="TestLongestCommonPrefix (&quot;&quot;,&quot;abc&quot;,&quot;&quot;)" storage="/users/runner/work/dotnet-monorepo/dotnet-monorepo/src/artifacts/bin/utils.tests/release_osx-x64/utils.tests.dll" id="4ed356bd-cc22-7262-e29f-62031d221a0c">
      <Execution id="98ec9aff-cc0d-464a-ad62-69762fcf1e81" />
      <TestMethod codeBase="/Users/runner/work/dotnet-monorepo/dotnet-monorepo/src/artifacts/bin/Utils.Tests/release_osx-x64/Utils.Tests.dll" adapterTypeName="executor://mstestadapter/v2" className="Utils.Tests.StringTests" name="TestLongestCommonPrefix" />
    </UnitTest>
    <UnitTest name="TestSlugify (&quot;a1 b2 c3&quot;,&quot;a1-b2-c3&quot;)" storage="/users/runner/work/dotnet-monorepo/dotnet-monorepo/src/artifacts/bin/utils.tests/release_osx-x64/utils.tests.dll" id="3111426e-7cf2-fc95-7afe-647cdf87edaf">
      <Execution id="2b8d2a26-14f5-4a04-a254-05973a0b0529" />
      <TestMethod codeBase="/Users/runner/work/dotnet-monorepo/dotnet-monorepo/src/artifacts/bin/Utils.Tests/release_osx-x64/Utils.Tests.dll" adapterTypeName="executor://mstestadapter/v2" className="Utils.Tests.StringTests" name="TestSlugify" />
    </UnitTest>
    <UnitTest name="TestSlugify (&quot;ä ö ü&quot;,&quot;a-o-u&quot;)" storage="/users/runner/work/dotnet-monorepo/dotnet-monorepo/src/artifacts/bin/utils.tests/release_osx-x64/utils.tests.dll" id="f3941f59-5a45-f255-ef3e-3423b48052bc">
      <Execution id="4ed9dae0-2597-4c3c-a1d7-296de2fe1047" />
      <TestMethod codeBase="/Users/runner/work/dotnet-monorepo/dotnet-monorepo/src/artifacts/bin/Utils.Tests/release_osx-x64/Utils.Tests.dll" adapterTypeName="executor://mstestadapter/v2" className="Utils.Tests.StringTests" name="TestSlugify" />
    </UnitTest>
    <UnitTest name="TestSlugify (&quot;!- -a- -!&quot;,&quot;a&quot;)" storage="/users/runner/work/dotnet-monorepo/dotnet-monorepo/src/artifacts/bin/utils.tests/release_osx-x64/utils.tests.dll" id="d4883779-b459-c157-8b32-167852cf136a">
      <Execution id="e71d3e70-e25b-4621-9712-8983f13fb373" />
      <TestMethod codeBase="/Users/runner/work/dotnet-monorepo/dotnet-monorepo/src/artifacts/bin/Utils.Tests/release_osx-x64/Utils.Tests.dll" adapterTypeName="executor://mstestadapter/v2" className="Utils.Tests.StringTests" name="TestSlugify" />
    </UnitTest>
    <UnitTest name="TestSlugify (&quot;a &#x9;&#xA;b&quot;,&quot;a-b&quot;)" storage="/users/runner/work/dotnet-monorepo/dotnet-monorepo/src/artifacts/bin/utils.tests/release_osx-x64/utils.tests.dll" id="30a7f46c-51eb-0a8e-7b0f-50f68458c4a9">
      <Execution id="4117b404-d065-4217-9801-292c5015a381" />
      <TestMethod codeBase="/Users/runner/work/dotnet-monorepo/dotnet-monorepo/src/artifacts/bin/Utils.Tests/release_osx-x64/Utils.Tests.dll" adapterTypeName="executor://mstestadapter/v2" className="Utils.Tests.StringTests" name="TestSlugify" />
    </UnitTest>
    <UnitTest name="TestIntToPaddedString (1,99,&quot;01&quot;)" storage="/users/runner/work/dotnet-monorepo/dotnet-monorepo/src/artifacts/bin/utils.tests/release_osx-x64/utils.tests.dll" id="73c200d4-0179-f23f-e874-5529af9cfb10">
      <Execution id="6bfe865e-8a81-4f39-a30c-5d90abe4301d" />
      <TestMethod codeBase="/Users/runner/work/dotnet-monorepo/dotnet-monorepo/src/artifacts/bin/Utils.Tests/release_osx-x64/Utils.Tests.dll" adapterTypeName="executor://mstestadapter/v2" className="Utils.Tests.ConversionTests" name="TestIntToPaddedString" />
    </UnitTest>
    <UnitTest name="TestIntToPaddedString (-1,9,&quot;-1&quot;)" storage="/users/runner/work/dotnet-monorepo/dotnet-monorepo/src/artifacts/bin/utils.tests/release_osx-x64/utils.tests.dll" id="05b34ccd-140b-53e1-83ac-3bbcf5f170bb">
      <Execution id="316eb825-f744-451f-b8f8-fec62c8baffe" />
      <TestMethod codeBase="/Users/runner/work/dotnet-monorepo/dotnet-monorepo/src/artifacts/bin/Utils.Tests/release_osx-x64/Utils.Tests.dll" adapterTypeName="executor://mstestadapter/v2" className="Utils.Tests.ConversionTests" name="TestIntToPaddedString" />
    </UnitTest>
    <UnitTest name="TestIntToPaddedString (-1,10,&quot;-01&quot;)" storage="/users/runner/work/dotnet-monorepo/dotnet-monorepo/src/artifacts/bin/utils.tests/release_osx-x64/utils.tests.dll" id="905fa321-00bc-cf78-6872-ee27f66003f2">
      <Execution id="6c0a3b7f-1bf3-49ac-923e-44a0f5dce4cc" />
      <TestMethod codeBase="/Users/runner/work/dotnet-monorepo/dotnet-monorepo/src/artifacts/bin/Utils.Tests/release_osx-x64/Utils.Tests.dll" adapterTypeName="executor://mstestadapter/v2" className="Utils.Tests.ConversionTests" name="TestIntToPaddedString" />
    </UnitTest>
  </TestDefinitions>
  <TestEntries>
    <TestEntry testId="5ecc4d90-ae9e-85a7-c3c1-545bad2e9646" executionId="5e82d203-1444-4122-a1f4-593684cd1fa4" testListId="8c84fa94-04c1-424b-9868-57a2d4851a1d" />
    <TestEntry testId="30a7f46c-51eb-0a8e-7b0f-50f68458c4a9" executionId="4117b404-d065-4217-9801-292c5015a381" testListId="8c84fa94-04c1-424b-9868-57a2d4851a1d" />
    <TestEntry testId="05b34ccd-140b-53e1-83ac-3bbcf5f170bb" executionId="316eb825-f744-451f-b8f8-fec62c8baffe" testListId="8c84fa94-04c1-424b-9868-57a2d4851a1d" />
    <TestEntry testId="8a775d92-5427-1749-f100-e7ffbe21f38a" executionId="2c5d00c7-cf1f-44b6-aa14-0673f35ada85" testListId="8c84fa94-04c1-424b-9868-57a2d4851a1d" />
    <TestEntry testId="0596324c-2695-0dfd-9ae1-97b939dc7f6a" executionId="f1705259-50b0-467b-8915-ab79c9ca2803" testListId="8c84fa94-04c1-424b-9868-57a2d4851a1d" />
    <TestEntry testId="b2e71588-0d10-1546-31ef-7b0118d37b0b" executionId="8aa34539-8dae-413b-9213-d621b6d8e1de" testListId="8c84fa94-04c1-424b-9868-57a2d4851a1d" />
    <TestEntry testId="87340580-4ff3-84ca-c6f9-646d0df3b112" executionId="d2c16dae-871d-47f0-b49e-8345c9d12b47" testListId="8c84fa94-04c1-424b-9868-57a2d4851a1d" />
    <TestEntry testId="b7949501-dd00-e42e-08ec-0b01f240879f" executionId="bb5681fc-f239-4b71-8986-292e4ade637d" testListId="8c84fa94-04c1-424b-9868-57a2d4851a1d" />
    <TestEntry testId="89e9f9e4-a5e1-fcd5-f349-d1d7158fad3c" executionId="22855765-7176-4357-b0fe-f57d7a77e72b" testListId="8c84fa94-04c1-424b-9868-57a2d4851a1d" />
    <TestEntry testId="0a0f921a-26f1-2b7b-6cef-7448fafaff47" executionId="3f24eb5a-0ad6-4d04-8897-2bd6b840a094" testListId="8c84fa94-04c1-424b-9868-57a2d4851a1d" />
    <TestEntry testId="73c200d4-0179-f23f-e874-5529af9cfb10" executionId="6bfe865e-8a81-4f39-a30c-5d90abe4301d" testListId="8c84fa94-04c1-424b-9868-57a2d4851a1d" />
    <TestEntry testId="f3941f59-5a45-f255-ef3e-3423b48052bc" executionId="4ed9dae0-2597-4c3c-a1d7-296de2fe1047" testListId="8c84fa94-04c1-424b-9868-57a2d4851a1d" />
    <TestEntry testId="59448ffc-e83e-eaf0-ca86-b666b7b086f9" executionId="a89e95a5-016f-4ef0-a6e5-bc40edccee3c" testListId="8c84fa94-04c1-424b-9868-57a2d4851a1d" />
    <TestEntry testId="9f533fdb-624c-49e5-11ee-0c6ebc524a4f" executionId="8b7d6b57-2244-4e55-8916-d1e626253826" testListId="8c84fa94-04c1-424b-9868-57a2d4851a1d" />
    <TestEntry testId="7c2d3d0c-c860-fb35-079f-8d65ca13e5bd" executionId="3a11c256-069d-4161-89d4-8a40beca43d8" testListId="8c84fa94-04c1-424b-9868-57a2d4851a1d" />
    <TestEntry testId="7ed87f6c-038b-3088-c7cc-939417006f1f" executionId="8bcf0083-7c48-4049-bd41-f45b99e2a911" testListId="8c84fa94-04c1-424b-9868-57a2d4851a1d" />
    <TestEntry testId="2e09dfd4-af8f-6090-daa3-9b8e5d3178b8" executionId="9e267ccb-4807-4a03-835d-2eed1e0b4dac" testListId="8c84fa94-04c1-424b-9868-57a2d4851a1d" />
    <TestEntry testId="4ed356bd-cc22-7262-e29f-62031d221a0c" executionId="98ec9aff-cc0d-464a-ad62-69762fcf1e81" testListId="8c84fa94-04c1-424b-9868-57a2d4851a1d" />
    <TestEntry testId="68347d6d-014e-fb96-80e6-9a59909def33" executionId="a225f33c-b46a-4532-8d84-461d532c2548" testListId="8c84fa94-04c1-424b-9868-57a2d4851a1d" />
    <TestEntry testId="c6f72b31-e018-3e2f-e31f-2280a965e3b7" executionId="351e4d50-3093-435c-a0b4-2f0aa8a5f55d" testListId="8c84fa94-04c1-424b-9868-57a2d4851a1d" />
    <TestEntry testId="f1e653ce-75d7-fb40-bd08-81ae5b14ef1b" executionId="199a20a4-2372-4525-8afa-08abb87cb2f8" testListId="8c84fa94-04c1-424b-9868-57a2d4851a1d" />
    <TestEntry testId="13ef7854-9f0e-6c15-ce2b-2db8e99b280e" executionId="9509d3a7-a87c-4326-ae51-a0466e5902ea" testListId="8c84fa94-04c1-424b-9868-57a2d4851a1d" />
    <TestEntry testId="6ebca444-4638-4da3-7776-8faa88983cbd" executionId="0ccc1bef-23e3-4a21-ad70-c7cdfbc2f0b2" testListId="8c84fa94-04c1-424b-9868-57a2d4851a1d" />
    <TestEntry testId="6aa4a69f-2d57-5665-03d0-c37478fc9d10" executionId="650fed30-3086-41b6-bb68-f9c0bfc6215b" testListId="8c84fa94-04c1-424b-9868-57a2d4851a1d" />
    <TestEntry testId="3111426e-7cf2-fc95-7afe-647cdf87edaf" executionId="2b8d2a26-14f5-4a04-a254-05973a0b0529" testListId="8c84fa94-04c1-424b-9868-57a2d4851a1d" />
    <TestEntry testId="905fa321-00bc-cf78-6872-ee27f66003f2" executionId="6c0a3b7f-1bf3-49ac-923e-44a0f5dce4cc" testListId="8c84fa94-04c1-424b-9868-57a2d4851a1d" />
    <TestEntry testId="d4883779-b459-c157-8b32-167852cf136a" executionId="e71d3e70-e25b-4621-9712-8983f13fb373" testListId="8c84fa94-04c1-424b-9868-57a2d4851a1d" />
    <TestEntry testId="4cbec960-b40c-18f8-d17d-e715be412ea1" executionId="c039aec4-66f9-4225-b340-b45f7083f80c" testListId="8c84fa94-04c1-424b-9868-57a2d4851a1d" />
    <TestEntry testId="73775732-2906-be3f-e115-f3854c907656" executionId="654e1321-bc57-4064-ba27-aff0edebbdb8" testListId="8c84fa94-04c1-424b-9868-57a2d4851a1d" />
  </TestEntries>
  <TestLists>
    <TestList name="Results Not in a List" id="8c84fa94-04c1-424b-9868-57a2d4851a1d" />
    <TestList name="All Loaded Results" id="19431567-8539-422a-85d7-44ee4e166bda" />
  </TestLists>
  <ResultSummary outcome="Completed">
    <Counters total="29" executed="29" passed="29" failed="0" error="0" timeout="0" aborted="0" inconclusive="0" passedButRunAborted="0" notRunnable="0" notExecuted="0" disconnected="0" warning="0" completed="0" inProgress="0" pending="0" />
  </ResultSummary>
</TestRun>