<?xml version="1.0" encoding="utf-8"?>
<TestRun id="92264d47-8ed3-4536-8239-265600cd41ef" name="@Mac-1754772792840 2025-08-09 21:09:26" xmlns="http://microsoft.com/schemas/VisualStudio/TeamTest/2010">
  <Times creation="2025-08-09T21:09:26.3837340+00:00" queuing="2025-08-09T21:09:26.3837340+00:00" start="2025-08-09T21:09:24.8886550+00:00" finish="2025-08-09T21:09:26.4364570+00:00" />
  <TestSettings name="default" id="7f913210-c44a-4e37-b6ab-1e415d3a9a02">
    <Deployment runDeploymentRoot="_Mac-1754772792840_2025-08-09_21_09_26" />
  </TestSettings>
  <Results>
    <UnitTestResult executionId="72337705-cfbe-4f00-b5b1-6aeaf418b57c" testId="2e09dfd4-af8f-6090-daa3-9b8e5d3178b8" testName="TestLongestCommonPrefix (&quot;ab&quot;,&quot;ab&quot;,&quot;abc&quot;)" computerName="Mac-1754772792840" duration="00:00:00.0000353" startTime="2025-08-09T21:09:26.3159730+00:00" endTime="2025-08-09T21:09:26.3164050+00:00" testType="13cdc9d9-ddb5-4fa4-a97d-d965ccfc6d4b" outcome="Passed" testListId="8c84fa94-04c1-424b-9868-57a2d4851a1d" relativeResultsDirectory="72337705-cfbe-4f00-b5b1-6aeaf418b57c" />
    <UnitTestResult executionId="c864794a-cab5-42cc-b787-9c2c4f341b50" testId="8a775d92-5427-1749-f100-e7ffbe21f38a" testName="TestLongestCommonPrefix (&quot;a&quot;,&quot;a1&quot;,&quot;a2&quot;,&quot;a3&quot;)" computerName="Mac-1754772792840" duration="00:00:00.0005215" startTime="2025-08-09T21:09:26.3146980+00:00" endTime="2025-08-09T21:09:26.3159420+00:00" testType="13cdc9d9-ddb5-4fa4-a97d-d965ccfc6d4b" outcome="Passed" testListId="8c84fa94-04c1-424b-9868-57a2d4851a1d" relativeResultsDirectory="c864794a-cab5-42cc-b787-9c2c4f341b50" />
    <UnitTestResult executionId="11d31a37-5e7f-4faf-9ce7-9f6231500c01" testId="b2e71588-0d10-1546-31ef-7b0118d37b0b" testName="TestSlugify (&quot;a_b&quot;,&quot;a-b&quot;)" computerName="Mac-1754772792840" duration="00:00:00.0000126" startTime="2025-08-09T21:09:26.3103520+00:00" endTime="2025-08-09T21:09:26.3109980+00:00" testType="13cdc9d9-ddb5-4fa4-a97d-d965ccfc6d4b" outcome="Passed" testListId="8c84fa94-04c1-424b-9868-57a2d4851a1d" relativeResultsDirectory="11d31a37-5e7f-4faf-9ce7-9f6231500c01" />
    <UnitTestResult executionId="5bce40dc-75ca-428c-9f43-894dbe81cc5f" testId="87340580-4ff3-84ca-c6f9-646d0df3b112" testName="TestSlugify (&quot;a- -b&quot;,&quot;a-b&quot;)" computerName="Mac-1754772792840" duration="00:00:00.0000130" startTime="2025-08-09T21:09:26.3057170+00:00" endTime="2025-08-09T21:09:26.3059920+00:00" testType="13cdc9d9-ddb5-4fa4-a97d-d965ccfc6d4b" outcome="Passed" testListId="8c84fa94-04c1-424b-9868-57a2d4851a1d" relativeResultsDirectory="5bce40dc-75ca-428c-9f43-894dbe81cc5f" />
    <UnitTestResult executionId="5c20e9ae-fd02-4a31-8210-fcffde6bc1e2" testId="0a0f921a-26f1-2b7b-6cef-7448fafaff47" testName="TestSlugify (&quot;Abc-DEF&quot;,&quot;abc-def&quot;)" computerName="Mac-1754772792840" duration="00:00:00.0000165" startTime="2025-08-09T21:09:26.3096190+00:00" endTime="2025-08-09T21:09:26.3103150+00:00" testType="13cdc9d9-ddb5-4fa4-a97d-d965ccfc6d4b" outcome="Passed" testListId="8c84fa94-04c1-424b-9868-57a2d4851a1d" relativeResultsDirectory="5c20e9ae-fd02-4a31-8210-fcffde6bc1e2" />
    <UnitTestResult executionId="d62add65-12d1-420a-802c-76ec299bb286" testId="89e9f9e4-a5e1-fcd5-f349-d1d7158fad3c" testName="TestIntToPaddedString (-1,11,&quot;-01&quot;)" computerName="Mac-1754772792840" duration="00:00:00.0000266" startTime="2025-08-09T21:09:26.2965960+00:00" endTime="2025-08-09T21:09:26.2968650+00:00" testType="13cdc9d9-ddb5-4fa4-a97d-d965ccfc6d4b" outcome="Passed" testListId="8c84fa94-04c1-424b-9868-57a2d4851a1d" relativeResultsDirectory="d62add65-12d1-420a-802c-76ec299bb286" />
    <UnitTestResult executionId="f02f73f0-f777-4c24-9bcb-e90bbfc4afac" testId="905fa321-00bc-cf78-6872-ee27f66003f2" testName="TestIntToPaddedString (-1,10,&quot;-01&quot;)" computerName="Mac-1754772792840" duration="00:00:00.0000138" startTime="2025-08-09T21:09:26.2294990+00:00" endTime="2025-08-09T21:09:26.2298350+00:00" testType="13cdc9d9-ddb5-4fa4-a97d-d965ccfc6d4b" outcome="Passed" testListId="8c84fa94-04c1-424b-9868-57a2d4851a1d" relativeResultsDirectory="f02f73f0-f777-4c24-9bcb-e90bbfc4afac" />
    <UnitTestResult executionId="9ed930ac-74b5-41a4-8909-ced96e71503d" testId="59448ffc-e83e-eaf0-ca86-b666b7b086f9" testName="TestIntToPaddedString (1,9,&quot;1&quot;)" computerName="Mac-1754772792840" duration="00:00:00.0014188" startTime="2025-08-09T21:09:26.2246020+00:00" endTime="2025-08-09T21:09:26.2268200+00:00" testType="13cdc9d9-ddb5-4fa4-a97d-d965ccfc6d4b" outcome="Passed" testListId="8c84fa94-04c1-424b-9868-57a2d4851a1d" relativeResultsDirectory="9ed930ac-74b5-41a4-8909-ced96e71503d" />
    <UnitTestResult executionId="4e2483d3-4437-4a8a-9fe1-b2c6c20175a5" testId="13ef7854-9f0e-6c15-ce2b-2db8e99b280e" testName="TestSlugify (&quot;a!=b&quot;,&quot;ab&quot;)" computerName="Mac-1754772792840" duration="00:00:00.0002959" startTime="2025-08-09T21:09:26.3033800+00:00" endTime="2025-08-09T21:09:26.3038330+00:00" testType="13cdc9d9-ddb5-4fa4-a97d-d965ccfc6d4b" outcome="Passed" testListId="8c84fa94-04c1-424b-9868-57a2d4851a1d" relativeResultsDirectory="4e2483d3-4437-4a8a-9fe1-b2c6c20175a5" />
    <UnitTestResult executionId="8c0b2150-86d3-4f24-b755-3221a813ba3f" testId="c6f72b31-e018-3e2f-e31f-2280a965e3b7" testName="TestIntToPaddedString (1,100,&quot;001&quot;)" computerName="Mac-1754772792840" duration="00:00:00.0000116" startTime="2025-08-09T21:09:26.2284900+00:00" endTime="2025-08-09T21:09:26.2287930+00:00" testType="13cdc9d9-ddb5-4fa4-a97d-d965ccfc6d4b" outcome="Passed" testListId="8c84fa94-04c1-424b-9868-57a2d4851a1d" relativeResultsDirectory="8c0b2150-86d3-4f24-b755-3221a813ba3f" />
    <UnitTestResult executionId="9759f352-0f58-4685-89a8-84f984b5d1e0" testId="73c200d4-0179-f23f-e874-5529af9cfb10" testName="TestIntToPaddedString (1,99,&quot;01&quot;)" computerName="Mac-1754772792840" duration="00:00:00.0000121" startTime="2025-08-09T21:09:26.2281650+00:00" endTime="2025-08-09T21:09:26.2284640+00:00" testType="13cdc9d9-ddb5-4fa4-a97d-d965ccfc6d4b" outcome="Passed" testListId="8c84fa94-04c1-424b-9868-57a2d4851a1d" relativeResultsDirectory="9759f352-0f58-4685-89a8-84f984b5d1e0" />
    <UnitTestResult executionId="06127e30-4e02-4207-97f1-7a4c3b9f130a" testId="7c2d3d0c-c860-fb35-079f-8d65ca13e5bd" testName="TestIntToPaddedString (0,100,&quot;000&quot;)" computerName="Mac-1754772792840" duration="00:00:00.0136231" startTime="2025-08-09T21:09:26.1598520+00:00" endTime="2025-08-09T21:09:26.2183770+00:00" testType="13cdc9d9-ddb5-4fa4-a97d-d965ccfc6d4b" outcome="Passed" testListId="8c84fa94-04c1-424b-9868-57a2d4851a1d" relativeResultsDirectory="06127e30-4e02-4207-97f1-7a4c3b9f130a" />
    <UnitTestResult executionId="bde2b149-f309-4454-bd7e-48d63dd11ac6" testId="73775732-2906-be3f-e115-f3854c907656" testName="TestLongestCommonPrefix (&quot;&quot;,&quot;&quot;,&quot;abc&quot;)" computerName="Mac-1754772792840" duration="00:00:00.0000134" startTime="2025-08-09T21:09:26.3185280+00:00" endTime="2025-08-09T21:09:26.3187570+00:00" testType="13cdc9d9-ddb5-4fa4-a97d-d965ccfc6d4b" outcome="Passed" testListId="8c84fa94-04c1-424b-9868-57a2d4851a1d" relativeResultsDirectory="bde2b149-f309-4454-bd7e-48d63dd11ac6" />
    <UnitTestResult executionId="5ffe6eda-c947-4826-9260-8d10e1e9fa85" testId="f1e653ce-75d7-fb40-bd08-81ae5b14ef1b" testName="TestIntToPaddedString (-1,100,&quot;-001&quot;)" computerName="Mac-1754772792840" duration="00:00:00.0000244" startTime="2025-08-09T21:09:26.2991640+00:00" endTime="2025-08-09T21:09:26.2994620+00:00" testType="13cdc9d9-ddb5-4fa4-a97d-d965ccfc6d4b" outcome="Passed" testListId="8c84fa94-04c1-424b-9868-57a2d4851a1d" relativeResultsDirectory="5ffe6eda-c947-4826-9260-8d10e1e9fa85" />
    <UnitTestResult executionId="a653f2b0-bf94-4523-a018-1028798a4938" testId="05b34ccd-140b-53e1-83ac-3bbcf5f170bb" testName="TestIntToPaddedString (-1,9,&quot;-1&quot;)" computerName="Mac-1754772792840" duration="00:00:00.0000686" startTime="2025-08-09T21:09:26.2291270+00:00" endTime="2025-08-09T21:09:26.2294360+00:00" testType="13cdc9d9-ddb5-4fa4-a97d-d965ccfc6d4b" outcome="Passed" testListId="8c84fa94-04c1-424b-9868-57a2d4851a1d" relativeResultsDirectory="a653f2b0-bf94-4523-a018-1028798a4938" />
    <UnitTestResult executionId="23ac94ef-d339-4b6b-942e-15ca91e421d5" testId="3111426e-7cf2-fc95-7afe-647cdf87edaf" testName="TestSlugify (&quot;a1 b2 c3&quot;,&quot;a1-b2-c3&quot;)" computerName="Mac-1754772792840" duration="00:00:00.0000148" startTime="2025-08-09T21:09:26.3115330+00:00" endTime="2025-08-09T21:09:26.3129370+00:00" testType="13cdc9d9-ddb5-4fa4-a97d-d965ccfc6d4b" outcome="Passed" testListId="8c84fa94-04c1-424b-9868-57a2d4851a1d" relativeResultsDirectory="23ac94ef-d339-4b6b-942e-15ca91e421d5" />
    <UnitTestResult executionId="f9b426db-34ab-4e31-9e45-d98e7a943cd4" testId="6aa4a69f-2d57-5665-03d0-c37478fc9d10" testName="TestIntToPaddedString (-1,101,&quot;-001&quot;)" computerName="Mac-1754772792840" duration="00:00:00.0000478" startTime="2025-08-09T21:09:26.2995090+00:00" endTime="2025-08-09T21:09:26.3010660+00:00" testType="13cdc9d9-ddb5-4fa4-a97d-d965ccfc6d4b" outcome="Passed" testListId="8c84fa94-04c1-424b-9868-57a2d4851a1d" relativeResultsDirectory="f9b426db-34ab-4e31-9e45-d98e7a943cd4" />
    <UnitTestResult executionId="204bae35-9a7b-4055-a446-768706a9b81a" testId="5ecc4d90-ae9e-85a7-c3c1-545bad2e9646" testName="TestIntToPaddedString (1,101,&quot;001&quot;)" computerName="Mac-1754772792840" duration="00:00:00.0000534" startTime="2025-08-09T21:09:26.2288170+00:00" endTime="2025-08-09T21:09:26.2290970+00:00" testType="13cdc9d9-ddb5-4fa4-a97d-d965ccfc6d4b" outcome="Passed" testListId="8c84fa94-04c1-424b-9868-57a2d4851a1d" relativeResultsDirectory="204bae35-9a7b-4055-a446-768706a9b81a" />
    <UnitTestResult executionId="566b2f5f-143f-451f-b32f-44084c964770" testId="4ed356bd-cc22-7262-e29f-62031d221a0c" testName="TestLongestCommonPrefix (&quot;&quot;,&quot;abc&quot;,&quot;&quot;)" computerName="Mac-1754772792840" duration="00:00:00.0000552" startTime="2025-08-09T21:09:26.3187870+00:00" endTime="2025-08-09T21:09:26.3206880+00:00" testType="13cdc9d9-ddb5-4fa4-a97d-d965ccfc6d4b" outcome="Passed" testListId="8c84fa94-04c1-424b-9868-57a2d4851a1d" relativeResultsDirectory="566b2f5f-143f-451f-b32f-44084c964770" />
    <UnitTestResult executionId="b55dad2c-f61b-4550-974d-b02066d6025e" testId="68347d6d-014e-fb96-80e6-9a59909def33" testName="TestLongestCommonPrefix (&quot;ab&quot;,&quot;abc&quot;,&quot;ab&quot;)" computerName="Mac-1754772792840" duration="00:00:00.0000118" startTime="2025-08-09T21:09:26.3164530+00:00" endTime="2025-08-09T21:09:26.3166530+00:00" testType="13cdc9d9-ddb5-4fa4-a97d-d965ccfc6d4b" outcome="Passed" testListId="8c84fa94-04c1-424b-9868-57a2d4851a1d" relativeResultsDirectory="b55dad2c-f61b-4550-974d-b02066d6025e" />
    <UnitTestResult executionId="571080a9-0884-4e8a-b64a-899d41e8e1cf" testId="7ed87f6c-038b-3088-c7cc-939417006f1f" testName="TestSlugify (&quot;Ä Ö Ü&quot;,&quot;a-o-u&quot;)" computerName="Mac-1754772792840" duration="00:00:00.0000342" startTime="2025-08-09T21:09:26.3113400+00:00" endTime="2025-08-09T21:09:26.3115050+00:00" testType="13cdc9d9-ddb5-4fa4-a97d-d965ccfc6d4b" outcome="Passed" testListId="8c84fa94-04c1-424b-9868-57a2d4851a1d" relativeResultsDirectory="571080a9-0884-4e8a-b64a-899d41e8e1cf" />
    <UnitTestResult executionId="6e459e7f-2cb1-436c-bb49-0f8250f6ac2d" testId="b7949501-dd00-e42e-08ec-0b01f240879f" testName="TestSlugify (&quot;a - b&quot;,&quot;a-b&quot;)" computerName="Mac-1754772792840" duration="00:00:00.0000311" startTime="2025-08-09T21:09:26.3060190+00:00" endTime="2025-08-09T21:09:26.3062140+00:00" testType="13cdc9d9-ddb5-4fa4-a97d-d965ccfc6d4b" outcome="Passed" testListId="8c84fa94-04c1-424b-9868-57a2d4851a1d" relativeResultsDirectory="6e459e7f-2cb1-436c-bb49-0f8250f6ac2d" />
    <UnitTestResult executionId="c5b7d4dc-4ce9-4dbb-99d0-d724da2d4489" testId="9f533fdb-624c-49e5-11ee-0c6ebc524a4f" testName="TestIntToPaddedString (1,10,&quot;01&quot;)" computerName="Mac-1754772792840" duration="00:00:00.0000182" startTime="2025-08-09T21:09:26.2273090+00:00" endTime="2025-08-09T21:09:26.2276830+00:00" testType="13cdc9d9-ddb5-4fa4-a97d-d965ccfc6d4b" outcome="Passed" testListId="8c84fa94-04c1-424b-9868-57a2d4851a1d" relativeResultsDirectory="c5b7d4dc-4ce9-4dbb-99d0-d724da2d4489" />
    <UnitTestResult executionId="1d23b2cc-698f-4fc4-96c5-999e269924ea" testId="d4883779-b459-c157-8b32-167852cf136a" testName="TestSlugify (&quot;!- -a- -!&quot;,&quot;a&quot;)" computerName="Mac-1754772792840" duration="00:00:00.0009799" startTime="2025-08-09T21:09:26.3015470+00:00" endTime="2025-08-09T21:09:26.3033400+00:00" testType="13cdc9d9-ddb5-4fa4-a97d-d965ccfc6d4b" outcome="Passed" testListId="8c84fa94-04c1-424b-9868-57a2d4851a1d" relativeResultsDirectory="1d23b2cc-698f-4fc4-96c5-999e269924ea" />
    <UnitTestResult executionId="e6009f13-8321-4d4f-a1ec-9992c2010460" testId="6ebca444-4638-4da3-7776-8faa88983cbd" testName="TestIntToPaddedString (1,11,&quot;01&quot;)" computerName="Mac-1754772792840" duration="00:00:00.0000889" startTime="2025-08-09T21:09:26.2277140+00:00" endTime="2025-08-09T21:09:26.2280430+00:00" testType="13cdc9d9-ddb5-4fa4-a97d-d965ccfc6d4b" outcome="Passed" testListId="8c84fa94-04c1-424b-9868-57a2d4851a1d" relativeResultsDirectory="e6009f13-8321-4d4f-a1ec-9992c2010460" />
    <UnitTestResult executionId="ca43de35-3582-4571-95d4-57e04cd826fa" testId="30a7f46c-51eb-0a8e-7b0f-50f68458c4a9" testName="TestSlugify (&quot;a &#x9;&#xA;b&quot;,&quot;a-b&quot;)" computerName="Mac-1754772792840" duration="00:00:00.0000374" startTime="2025-08-09T21:09:26.3038730+00:00" endTime="2025-08-09T21:09:26.3056550+00:00" testType="13cdc9d9-ddb5-4fa4-a97d-d965ccfc6d4b" outcome="Passed" testListId="8c84fa94-04c1-424b-9868-57a2d4851a1d" relativeResultsDirectory="ca43de35-3582-4571-95d4-57e04cd826fa" />
    <UnitTestResult executionId="b9fc614e-8674-49ca-be53-7da2a247a09f" testId="4cbec960-b40c-18f8-d17d-e715be412ea1" testName="TestLongestCommonPrefix (&quot;&quot;)" computerName="Mac-1754772792840" duration="00:00:00.0010232" startTime="2025-08-09T21:09:26.3129890+00:00" endTime="2025-08-09T21:09:26.3146650+00:00" testType="13cdc9d9-ddb5-4fa4-a97d-d965ccfc6d4b" outcome="Passed" testListId="8c84fa94-04c1-424b-9868-57a2d4851a1d" relativeResultsDirectory="b9fc614e-8674-49ca-be53-7da2a247a09f" />
    <UnitTestResult executionId="d1baa0c2-9ea9-4550-8957-db53446a4f8d" testId="0596324c-2695-0dfd-9ae1-97b939dc7f6a" testName="TestIntToPaddedString (-1,99,&quot;-01&quot;)" computerName="Mac-1754772792840" duration="00:00:00.0000448" startTime="2025-08-09T21:09:26.2975580+00:00" endTime="2025-08-09T21:09:26.2990900+00:00" testType="13cdc9d9-ddb5-4fa4-a97d-d965ccfc6d4b" outcome="Passed" testListId="8c84fa94-04c1-424b-9868-57a2d4851a1d" relativeResultsDirectory="d1baa0c2-9ea9-4550-8957-db53446a4f8d" />
    <UnitTestResult executionId="92c15496-5cbe-4d84-a028-3cbf2b67cbe9" testId="f3941f59-5a45-f255-ef3e-3423b48052bc" testName="TestSlugify (&quot;ä ö ü&quot;,&quot;a-o-u&quot;)" computerName="Mac-1754772792840" duration="00:00:00.0000761" startTime="2025-08-09T21:09:26.3110300+00:00" endTime="2025-08-09T21:09:26.3113080+00:00" testType="13cdc9d9-ddb5-4fa4-a97d-d965ccfc6d4b" outcome="Passed" testListId="8c84fa94-04c1-424b-9868-57a2d4851a1d" relativeResultsDirectory="92c15496-5cbe-4d84-a028-3cbf2b67cbe9" />
  </Results>
  <TestDefinitions>
    <UnitTest name="TestIntToPaddedString (1,11,&quot;01&quot;)" storage="/users/runner/work/dotnet-monorepo/dotnet-monorepo/src/artifacts/bin/utils.tests/release_osx-x64/utils.tests.dll" id="6ebca444-4638-4da3-7776-8faa88983cbd">
      <Execution id="e6009f13-8321-4d4f-a1ec-9992c2010460" />
      <TestMethod codeBase="/Users/runner/work/dotnet-monorepo/dotnet-monorepo/src/artifacts/bin/Utils.Tests/release_osx-x64/Utils.Tests.dll" adapterTypeName="executor://mstestadapter/v2" className="Utils.Tests.ConversionTests" name="TestIntToPaddedString" />
    </UnitTest>
    <UnitTest name="TestSlugify (&quot;a- -b&quot;,&quot;a-b&quot;)" storage="/users/runner/work/dotnet-monorepo/dotnet-monorepo/src/artifacts/bin/utils.tests/release_osx-x64/utils.tests.dll" id="87340580-4ff3-84ca-c6f9-646d0df3b112">
      <Execution id="5bce40dc-75ca-428c-9f43-894dbe81cc5f" />
      <TestMethod codeBase="/Users/runner/work/dotnet-monorepo/dotnet-monorepo/src/artifacts/bin/Utils.Tests/release_osx-x64/Utils.Tests.dll" adapterTypeName="executor://mstestadapter/v2" className="Utils.Tests.StringTests" name="TestSlugify" />
    </UnitTest>
    <UnitTest name="TestIntToPaddedString (-1,100,&quot;-001&quot;)" storage="/users/runner/work/dotnet-monorepo/dotnet-monorepo/src/artifacts/bin/utils.tests/release_osx-x64/utils.tests.dll" id="f1e653ce-75d7-fb40-bd08-81ae5b14ef1b">
      <Execution id="5ffe6eda-c947-4826-9260-8d10e1e9fa85" />
      <TestMethod codeBase="/Users/runner/work/dotnet-monorepo/dotnet-monorepo/src/artifacts/bin/Utils.Tests/release_osx-x64/Utils.Tests.dll" adapterTypeName="executor://mstestadapter/v2" className="Utils.Tests.ConversionTests" name="TestIntToPaddedString" />
    </UnitTest>
    <UnitTest name="TestLongestCommonPrefix (&quot;ab&quot;,&quot;abc&quot;,&quot;ab&quot;)" storage="/users/runner/work/dotnet-monorepo/dotnet-monorepo/src/artifacts/bin/utils.tests/release_osx-x64/utils.tests.dll" id="68347d6d-014e-fb96-80e6-9a59909def33">
      <Execution id="b55dad2c-f61b-4550-974d-b02066d6025e" />
      <TestMethod codeBase="/Users/runner/work/dotnet-monorepo/dotnet-monorepo/src/artifacts/bin/Utils.Tests/release_osx-x64/Utils.Tests.dll" adapterTypeName="executor://mstestadapter/v2" className="Utils.Tests.StringTests" name="TestLongestCommonPrefix" />
    </UnitTest>
    <UnitTest name="TestSlugify (&quot;a_b&quot;,&quot;a-b&quot;)" storage="/users/runner/work/dotnet-monorepo/dotnet-monorepo/src/artifacts/bin/utils.tests/release_osx-x64/utils.tests.dll" id="b2e71588-0d10-1546-31ef-7b0118d37b0b">
      <Execution id="11d31a37-5e7f-4faf-9ce7-9f6231500c01" />
      <TestMethod codeBase="/Users/runner/work/dotnet-monorepo/dotnet-monorepo/src/artifacts/bin/Utils.Tests/release_osx-x64/Utils.Tests.dll" adapterTypeName="executor://mstestadapter/v2" className="Utils.Tests.StringTests" name="TestSlugify" />
    </UnitTest>
    <UnitTest name="TestIntToPaddedString (1,10,&quot;01&quot;)" storage="/users/runner/work/dotnet-monorepo/dotnet-monorepo/src/artifacts/bin/utils.tests/release_osx-x64/utils.tests.dll" id="9f533fdb-624c-49e5-11ee-0c6ebc524a4f">
      <Execution id="c5b7d4dc-4ce9-4dbb-99d0-d724da2d4489" />
      <TestMethod codeBase="/Users/runner/work/dotnet-monorepo/dotnet-monorepo/src/artifacts/bin/Utils.Tests/release_osx-x64/Utils.Tests.dll" adapterTypeName="executor://mstestadapter/v2" className="Utils.Tests.ConversionTests" name="TestIntToPaddedString" />
    </UnitTest>
    <UnitTest name="TestIntToPaddedString (-1,99,&quot;-01&quot;)" storage="/users/runner/work/dotnet-monorepo/dotnet-monorepo/src/artifacts/bin/utils.tests/release_osx-x64/utils.tests.dll" id="0596324c-2695-0dfd-9ae1-97b939dc7f6a">
      <Execution id="d1baa0c2-9ea9-4550-8957-db53446a4f8d" />
      <TestMethod codeBase="/Users/runner/work/dotnet-monorepo/dotnet-monorepo/src/artifacts/bin/Utils.Tests/release_osx-x64/Utils.Tests.dll" adapterTypeName="executor://mstestadapter/v2" className="Utils.Tests.ConversionTests" name="TestIntToPaddedString" />
    </UnitTest>
    <UnitTest name="TestSlugify (&quot;Abc-DEF&quot;,&quot;abc-def&quot;)" storage="/users/runner/work/dotnet-monorepo/dotnet-monorepo/src/artifacts/bin/utils.tests/release_osx-x64/utils.tests.dll" id="0a0f921a-26f1-2b7b-6cef-7448fafaff47">
      <Execution id="5c20e9ae-fd02-4a31-8210-fcffde6bc1e2" />
      <TestMethod codeBase="/Users/runner/work/dotnet-monorepo/dotnet-monorepo/src/artifacts/bin/Utils.Tests/release_osx-x64/Utils.Tests.dll" adapterTypeName="executor://mstestadapter/v2" className="Utils.Tests.StringTests" name="TestSlugify" />
    </UnitTest>
    <UnitTest name="TestIntToPaddedString (1,101,&quot;001&quot;)" storage="/users/runner/work/dotnet-monorepo/dotnet-monorepo/src/artifacts/bin/utils.tests/release_osx-x64/utils.tests.dll" id="5ecc4d90-ae9e-85a7-c3c1-545bad2e9646">
      <Execution id="204bae35-9a7b-4055-a446-768706a9b81a" />
      <TestMethod codeBase="/Users/runner/work/dotnet-monorepo/dotnet-monorepo/src/artifacts/bin/Utils.Tests/release_osx-x64/Utils.Tests.dll" adapterTypeName="executor://mstestadapter/v2" className="Utils.Tests.ConversionTests" name="TestIntToPaddedString" />
    </UnitTest>
    <UnitTest name="TestSlugify (&quot;a - b&quot;,&quot;a-b&quot;)" storage="/users/runner/work/dotnet-monorepo/dotnet-monorepo/src/artifacts/bin/utils.tests/release_osx-x64/utils.tests.dll" id="b7949501-dd00-e42e-08ec-0b01f240879f">
      <Execution id="6e459e7f-2cb1-436c-bb49-0f8250f6ac2d" />
      <TestMethod codeBase="/Users/runner/work/dotnet-monorepo/dotnet-monorepo/src/artifacts/bin/Utils.Tests/release_osx-x64/Utils.Tests.dll" adapterTypeName="executor://mstestadapter/v2" className="Utils.Tests.StringTests" name="TestSlugify" />
    </UnitTest>
    <UnitTest name="TestSlugify (&quot;a!=b&quot;,&quot;ab&quot;)" storage="/users/runner/work/dotnet-monorepo/dotnet-monorepo/src/artifacts/bin/utils.tests/release_osx-x64/utils.tests.dll" id="13ef7854-9f0e-6c15-ce2b-2db8e99b280e">
      <Execution id="4e2483d3-4437-4a8a-9fe1-b2c6c20175a5" />
      <TestMethod codeBase="/Users/runner/work/dotnet-monorepo/dotnet-monorepo/src/artifacts/bin/Utils.Tests/release_osx-x64/Utils.Tests.dll" adapterTypeName="executor://mstestadapter/v2" className="Utils.Tests.StringTests" name="TestSlugify" />
    </UnitTest>
    <UnitTest name="TestLongestCommonPrefix (&quot;a&quot;,&quot;a1&quot;,&quot;a2&quot;,&quot;a3&quot;)" storage="/users/runner/work/dotnet-monorepo/dotnet-monorepo/src/artifacts/bin/utils.tests/release_osx-x64/utils.tests.dll" id="8a775d92-5427-1749-f100-e7ffbe21f38a">
      <Execution id="c864794a-cab5-42cc-b787-9c2c4f341b50" />
      <TestMethod codeBase="/Users/runner/work/dotnet-monorepo/dotnet-monorepo/src/artifacts/bin/Utils.Tests/release_osx-x64/Utils.Tests.dll" adapterTypeName="executor://mstestadapter/v2" className="Utils.Tests.StringTests" name="TestLongestCommonPrefix" />
    </UnitTest>
    <UnitTest name="TestIntToPaddedString (0,100,&quot;000&quot;)" storage="/users/runner/work/dotnet-monorepo/dotnet-monorepo/src/artifacts/bin/utils.tests/release_osx-x64/utils.tests.dll" id="7c2d3d0c-c860-fb35-079f-8d65ca13e5bd">
      <Execution id="06127e30-4e02-4207-97f1-7a4c3b9f130a" />
      <TestMethod codeBase="/Users/runner/work/dotnet-monorepo/dotnet-monorepo/src/artifacts/bin/Utils.Tests/release_osx-x64/Utils.Tests.dll" adapterTypeName="executor://mstestadapter/v2" className="Utils.Tests.ConversionTests" name="TestIntToPaddedString" />
    </UnitTest>
    <UnitTest name="TestLongestCommonPrefix (&quot;&quot;)" storage="/users/runner/work/dotnet-monorepo/dotnet-monorepo/src/artifacts/bin/utils.tests/release_osx-x64/utils.tests.dll" id="4cbec960-b40c-18f8-d17d-e715be412ea1">
      <Execution id="b9fc614e-8674-49ca-be53-7da2a247a09f" />
      <TestMethod codeBase="/Users/runner/work/dotnet-monorepo/dotnet-monorepo/src/artifacts/bin/Utils.Tests/release_osx-x64/Utils.Tests.dll" adapterTypeName="executor://mstestadapter/v2" className="Utils.Tests.StringTests" name="TestLongestCommonPrefix" />
    </UnitTest>
    <UnitTest name="TestIntToPaddedString (-1,101,&quot;-001&quot;)" storage="/users/runner/work/dotnet-monorepo/dotnet-monorepo/src/artifacts/bin/utils.tests/release_osx-x64/utils.tests.dll" id="6aa4a69f-2d57-5665-03d0-c37478fc9d10">
      <Execution id="f9b426db-34ab-4e31-9e45-d98e7a943cd4" />
      <TestMethod codeBase="/Users/runner/work/dotnet-monorepo/dotnet-monorepo/src/artifacts/bin/Utils.Tests/release_osx-x64/Utils.Tests.dll" adapterTypeName="executor://mstestadapter/v2" className="Utils.Tests.ConversionTests" name="TestIntToPaddedString" />
    </UnitTest>
    <UnitTest name="TestIntToPaddedString (1,100,&quot;001&quot;)" storage="/users/runner/work/dotnet-monorepo/dotnet-monorepo/src/artifacts/bin/utils.tests/release_osx-x64/utils.tests.dll" id="c6f72b31-e018-3e2f-e31f-2280a965e3b7">
      <Execution id="8c0b2150-86d3-4f24-b755-3221a813ba3f" />
      <TestMethod codeBase="/Users/runner/work/dotnet-monorepo/dotnet-monorepo/src/artifacts/bin/Utils.Tests/release_osx-x64/Utils.Tests.dll" adapterTypeName="executor://mstestadapter/v2" className="Utils.Tests.ConversionTests" name="TestIntToPaddedString" />
    </UnitTest>
    <UnitTest name="TestSlugify (&quot;Ä Ö Ü&quot;,&quot;a-o-u&quot;)" storage="/users/runner/work/dotnet-monorepo/dotnet-monorepo/src/artifacts/bin/utils.tests/release_osx-x64/utils.tests.dll" id="7ed87f6c-038b-3088-c7cc-939417006f1f">
      <Execution id="571080a9-0884-4e8a-b64a-899d41e8e1cf" />
      <TestMethod codeBase="/Users/runner/work/dotnet-monorepo/dotnet-monorepo/src/artifacts/bin/Utils.Tests/release_osx-x64/Utils.Tests.dll" adapterTypeName="executor://mstestadapter/v2" className="Utils.Tests.StringTests" name="TestSlugify" />
    </UnitTest>
    <UnitTest name="TestIntToPaddedString (1,9,&quot;1&quot;)" storage="/users/runner/work/dotnet-monorepo/dotnet-monorepo/src/artifacts/bin/utils.tests/release_osx-x64/utils.tests.dll" id="59448ffc-e83e-eaf0-ca86-b666b7b086f9">
      <Execution id="9ed930ac-74b5-41a4-8909-ced96e71503d" />
      <TestMethod codeBase="/Users/runner/work/dotnet-monorepo/dotnet-monorepo/src/artifacts/bin/Utils.Tests/release_osx-x64/Utils.Tests.dll" adapterTypeName="executor://mstestadapter/v2" className="Utils.Tests.ConversionTests" name="TestIntToPaddedString" />
    </UnitTest>
    <UnitTest name="TestIntToPaddedString (-1,11,&quot;-01&quot;)" storage="/users/runner/work/dotnet-monorepo/dotnet-monorepo/src/artifacts/bin/utils.tests/release_osx-x64/utils.tests.dll" id="89e9f9e4-a5e1-fcd5-f349-d1d7158fad3c">
      <Execution id="d62add65-12d1-420a-802c-76ec299bb286" />
      <TestMethod codeBase="/Users/runner/work/dotnet-monorepo/dotnet-monorepo/src/artifacts/bin/Utils.Tests/release_osx-x64/Utils.Tests.dll" adapterTypeName="executor://mstestadapter/v2" className="Utils.Tests.ConversionTests" name="TestIntToPaddedString" />
    </UnitTest>
    <UnitTest name="TestLongestCommonPrefix (&quot;&quot;,&quot;&quot;,&quot;abc&quot;)" storage="/users/runner/work/dotnet-monorepo/dotnet-monorepo/src/artifacts/bin/utils.tests/release_osx-x64/utils.tests.dll" id="73775732-2906-be3f-e115-f3854c907656">
      <Execution id="bde2b149-f309-4454-bd7e-48d63dd11ac6" />
      <TestMethod codeBase="/Users/runner/work/dotnet-monorepo/dotnet-monorepo/src/artifacts/bin/Utils.Tests/release_osx-x64/Utils.Tests.dll" adapterTypeName="executor://mstestadapter/v2" className="Utils.Tests.StringTests" name="TestLongestCommonPrefix" />
    </UnitTest>
    <UnitTest name="TestLongestCommonPrefix (&quot;ab&quot;,&quot;ab&quot;,&quot;abc&quot;)" storage="/users/runner/work/dotnet-monorepo/dotnet-monorepo/src/artifacts/bin/utils.tests/release_osx-x64/utils.tests.dll" id="2e09dfd4-af8f-6090-daa3-9b8e5d3178b8">
      <Execution id="72337705-cfbe-4f00-b5b1-6aeaf418b57c" />
      <TestMethod codeBase="/Users/runner/work/dotnet-monorepo/dotnet-monorepo/src/artifacts/bin/Utils.Tests/release_osx-x64/Utils.Tests.dll" adapterTypeName="executor://mstestadapter/v2" className="Utils.Tests.StringTests" name="TestLongestCommonPrefix" />
    </UnitTest>
    <UnitTest name="TestLongestCommonPrefix (&quot;&quot;,&quot;abc&quot;,&quot;&quot;)" storage="/users/runner/work/dotnet-monorepo/dotnet-monorepo/src/artifacts/bin/utils.tests/release_osx-x64/utils.tests.dll" id="4ed356bd-cc22-7262-e29f-62031d221a0c">
      <Execution id="566b2f5f-143f-451f-b32f-44084c964770" />
      <TestMethod codeBase="/Users/runner/work/dotnet-monorepo/dotnet-monorepo/src/artifacts/bin/Utils.Tests/release_osx-x64/Utils.Tests.dll" adapterTypeName="executor://mstestadapter/v2" className="Utils.Tests.StringTests" name="TestLongestCommonPrefix" />
    </UnitTest>
    <UnitTest name="TestSlugify (&quot;a1 b2 c3&quot;,&quot;a1-b2-c3&quot;)" storage="/users/runner/work/dotnet-monorepo/dotnet-monorepo/src/artifacts/bin/utils.tests/release_osx-x64/utils.tests.dll" id="3111426e-7cf2-fc95-7afe-647cdf87edaf">
      <Execution id="23ac94ef-d339-4b6b-942e-15ca91e421d5" />
      <TestMethod codeBase="/Users/runner/work/dotnet-monorepo/dotnet-monorepo/src/artifacts/bin/Utils.Tests/release_osx-x64/Utils.Tests.dll" adapterTypeName="executor://mstestadapter/v2" className="Utils.Tests.StringTests" name="TestSlugify" />
    </UnitTest>
    <UnitTest name="TestSlugify (&quot;ä ö ü&quot;,&quot;a-o-u&quot;)" storage="/users/runner/work/dotnet-monorepo/dotnet-monorepo/src/artifacts/bin/utils.tests/release_osx-x64/utils.tests.dll" id="f3941f59-5a45-f255-ef3e-3423b48052bc">
      <Execution id="92c15496-5cbe-4d84-a028-3cbf2b67cbe9" />
      <TestMethod codeBase="/Users/runner/work/dotnet-monorepo/dotnet-monorepo/src/artifacts/bin/Utils.Tests/release_osx-x64/Utils.Tests.dll" adapterTypeName="executor://mstestadapter/v2" className="Utils.Tests.StringTests" name="TestSlugify" />
    </UnitTest>
    <UnitTest name="TestSlugify (&quot;!- -a- -!&quot;,&quot;a&quot;)" storage="/users/runner/work/dotnet-monorepo/dotnet-monorepo/src/artifacts/bin/utils.tests/release_osx-x64/utils.tests.dll" id="d4883779-b459-c157-8b32-167852cf136a">
      <Execution id="1d23b2cc-698f-4fc4-96c5-999e269924ea" />
      <TestMethod codeBase="/Users/runner/work/dotnet-monorepo/dotnet-monorepo/src/artifacts/bin/Utils.Tests/release_osx-x64/Utils.Tests.dll" adapterTypeName="executor://mstestadapter/v2" className="Utils.Tests.StringTests" name="TestSlugify" />
    </UnitTest>
    <UnitTest name="TestSlugify (&quot;a &#x9;&#xA;b&quot;,&quot;a-b&quot;)" storage="/users/runner/work/dotnet-monorepo/dotnet-monorepo/src/artifacts/bin/utils.tests/release_osx-x64/utils.tests.dll" id="30a7f46c-51eb-0a8e-7b0f-50f68458c4a9">
      <Execution id="ca43de35-3582-4571-95d4-57e04cd826fa" />
      <TestMethod codeBase="/Users/runner/work/dotnet-monorepo/dotnet-monorepo/src/artifacts/bin/Utils.Tests/release_osx-x64/Utils.Tests.dll" adapterTypeName="executor://mstestadapter/v2" className="Utils.Tests.StringTests" name="TestSlugify" />
    </UnitTest>
    <UnitTest name="TestIntToPaddedString (1,99,&quot;01&quot;)" storage="/users/runner/work/dotnet-monorepo/dotnet-monorepo/src/artifacts/bin/utils.tests/release_osx-x64/utils.tests.dll" id="73c200d4-0179-f23f-e874-5529af9cfb10">
      <Execution id="9759f352-0f58-4685-89a8-84f984b5d1e0" />
      <TestMethod codeBase="/Users/runner/work/dotnet-monorepo/dotnet-monorepo/src/artifacts/bin/Utils.Tests/release_osx-x64/Utils.Tests.dll" adapterTypeName="executor://mstestadapter/v2" className="Utils.Tests.ConversionTests" name="TestIntToPaddedString" />
    </UnitTest>
    <UnitTest name="TestIntToPaddedString (-1,9,&quot;-1&quot;)" storage="/users/runner/work/dotnet-monorepo/dotnet-monorepo/src/artifacts/bin/utils.tests/release_osx-x64/utils.tests.dll" id="05b34ccd-140b-53e1-83ac-3bbcf5f170bb">
      <Execution id="a653f2b0-bf94-4523-a018-1028798a4938" />
      <TestMethod codeBase="/Users/runner/work/dotnet-monorepo/dotnet-monorepo/src/artifacts/bin/Utils.Tests/release_osx-x64/Utils.Tests.dll" adapterTypeName="executor://mstestadapter/v2" className="Utils.Tests.ConversionTests" name="TestIntToPaddedString" />
    </UnitTest>
    <UnitTest name="TestIntToPaddedString (-1,10,&quot;-01&quot;)" storage="/users/runner/work/dotnet-monorepo/dotnet-monorepo/src/artifacts/bin/utils.tests/release_osx-x64/utils.tests.dll" id="905fa321-00bc-cf78-6872-ee27f66003f2">
      <Execution id="f02f73f0-f777-4c24-9bcb-e90bbfc4afac" />
      <TestMethod codeBase="/Users/runner/work/dotnet-monorepo/dotnet-monorepo/src/artifacts/bin/Utils.Tests/release_osx-x64/Utils.Tests.dll" adapterTypeName="executor://mstestadapter/v2" className="Utils.Tests.ConversionTests" name="TestIntToPaddedString" />
    </UnitTest>
  </TestDefinitions>
  <TestEntries>
    <TestEntry testId="2e09dfd4-af8f-6090-daa3-9b8e5d3178b8" executionId="72337705-cfbe-4f00-b5b1-6aeaf418b57c" testListId="8c84fa94-04c1-424b-9868-57a2d4851a1d" />
    <TestEntry testId="8a775d92-5427-1749-f100-e7ffbe21f38a" executionId="c864794a-cab5-42cc-b787-9c2c4f341b50" testListId="8c84fa94-04c1-424b-9868-57a2d4851a1d" />
    <TestEntry testId="b2e71588-0d10-1546-31ef-7b0118d37b0b" executionId="11d31a37-5e7f-4faf-9ce7-9f6231500c01" testListId="8c84fa94-04c1-424b-9868-57a2d4851a1d" />
    <TestEntry testId="87340580-4ff3-84ca-c6f9-646d0df3b112" executionId="5bce40dc-75ca-428c-9f43-894dbe81cc5f" testListId="8c84fa94-04c1-424b-9868-57a2d4851a1d" />
    <TestEntry testId="0a0f921a-26f1-2b7b-6cef-7448fafaff47" executionId="5c20e9ae-fd02-4a31-8210-fcffde6bc1e2" testListId="8c84fa94-04c1-424b-9868-57a2d4851a1d" />
    <TestEntry testId="89e9f9e4-a5e1-fcd5-f349-d1d7158fad3c" executionId="d62add65-12d1-420a-802c-76ec299bb286" testListId="8c84fa94-04c1-424b-9868-57a2d4851a1d" />
    <TestEntry testId="905fa321-00bc-cf78-6872-ee27f66003f2" executionId="f02f73f0-f777-4c24-9bcb-e90bbfc4afac" testListId="8c84fa94-04c1-424b-9868-57a2d4851a1d" />
    <TestEntry testId="59448ffc-e83e-eaf0-ca86-b666b7b086f9" executionId="9ed930ac-74b5-41a4-8909-ced96e71503d" testListId="8c84fa94-04c1-424b-9868-57a2d4851a1d" />
    <TestEntry testId="13ef7854-9f0e-6c15-ce2b-2db8e99b280e" executionId="4e2483d3-4437-4a8a-9fe1-b2c6c20175a5" testListId="8c84fa94-04c1-424b-9868-57a2d4851a1d" />
    <TestEntry testId="c6f72b31-e018-3e2f-e31f-2280a965e3b7" executionId="8c0b2150-86d3-4f24-b755-3221a813ba3f" testListId="8c84fa94-04c1-424b-9868-57a2d4851a1d" />
    <TestEntry testId="73c200d4-0179-f23f-e874-5529af9cfb10" executionId="9759f352-0f58-4685-89a8-84f984b5d1e0" testListId="8c84fa94-04c1-424b-9868-57a2d4851a1d" />
    <TestEntry testId="7c2d3d0c-c860-fb35-079f-8d65ca13e5bd" executionId="06127e30-4e02-4207-97f1-7a4c3b9f130a" testListId="8c84fa94-04c1-424b-9868-57a2d4851a1d" />
    <TestEntry testId="73775732-2906-be3f-e115-f3854c907656" executionId="bde2b149-f309-4454-bd7e-48d63dd11ac6" testListId="8c84fa94-04c1-424b-9868-57a2d4851a1d" />
    <TestEntry testId="f1e653ce-75d7-fb40-bd08-81ae5b14ef1b" executionId="5ffe6eda-c947-4826-9260-8d10e1e9fa85" testListId="8c84fa94-04c1-424b-9868-57a2d4851a1d" />
    <TestEntry testId="05b34ccd-140b-53e1-83ac-3bbcf5f170bb" executionId="a653f2b0-bf94-4523-a018-1028798a4938" testListId="8c84fa94-04c1-424b-9868-57a2d4851a1d" />
    <TestEntry testId="3111426e-7cf2-fc95-7afe-647cdf87edaf" executionId="23ac94ef-d339-4b6b-942e-15ca91e421d5" testListId="8c84fa94-04c1-424b-9868-57a2d4851a1d" />
    <TestEntry testId="6aa4a69f-2d57-5665-03d0-c37478fc9d10" executionId="f9b426db-34ab-4e31-9e45-d98e7a943cd4" testListId="8c84fa94-04c1-424b-9868-57a2d4851a1d" />
    <TestEntry testId="5ecc4d90-ae9e-85a7-c3c1-545bad2e9646" executionId="204bae35-9a7b-4055-a446-768706a9b81a" testListId="8c84fa94-04c1-424b-9868-57a2d4851a1d" />
    <TestEntry testId="4ed356bd-cc22-7262-e29f-62031d221a0c" executionId="566b2f5f-143f-451f-b32f-44084c964770" testListId="8c84fa94-04c1-424b-9868-57a2d4851a1d" />
    <TestEntry testId="68347d6d-014e-fb96-80e6-9a59909def33" executionId="b55dad2c-f61b-4550-974d-b02066d6025e" testListId="8c84fa94-04c1-424b-9868-57a2d4851a1d" />
    <TestEntry testId="7ed87f6c-038b-3088-c7cc-939417006f1f" executionId="571080a9-0884-4e8a-b64a-899d41e8e1cf" testListId="8c84fa94-04c1-424b-9868-57a2d4851a1d" />
    <TestEntry testId="b7949501-dd00-e42e-08ec-0b01f240879f" executionId="6e459e7f-2cb1-436c-bb49-0f8250f6ac2d" testListId="8c84fa94-04c1-424b-9868-57a2d4851a1d" />
    <TestEntry testId="9f533fdb-624c-49e5-11ee-0c6ebc524a4f" executionId="c5b7d4dc-4ce9-4dbb-99d0-d724da2d4489" testListId="8c84fa94-04c1-424b-9868-57a2d4851a1d" />
    <TestEntry testId="d4883779-b459-c157-8b32-167852cf136a" executionId="1d23b2cc-698f-4fc4-96c5-999e269924ea" testListId="8c84fa94-04c1-424b-9868-57a2d4851a1d" />
    <TestEntry testId="6ebca444-4638-4da3-7776-8faa88983cbd" executionId="e6009f13-8321-4d4f-a1ec-9992c2010460" testListId="8c84fa94-04c1-424b-9868-57a2d4851a1d" />
    <TestEntry testId="30a7f46c-51eb-0a8e-7b0f-50f68458c4a9" executionId="ca43de35-3582-4571-95d4-57e04cd826fa" testListId="8c84fa94-04c1-424b-9868-57a2d4851a1d" />
    <TestEntry testId="4cbec960-b40c-18f8-d17d-e715be412ea1" executionId="b9fc614e-8674-49ca-be53-7da2a247a09f" testListId="8c84fa94-04c1-424b-9868-57a2d4851a1d" />
    <TestEntry testId="0596324c-2695-0dfd-9ae1-97b939dc7f6a" executionId="d1baa0c2-9ea9-4550-8957-db53446a4f8d" testListId="8c84fa94-04c1-424b-9868-57a2d4851a1d" />
    <TestEntry testId="f3941f59-5a45-f255-ef3e-3423b48052bc" executionId="92c15496-5cbe-4d84-a028-3cbf2b67cbe9" testListId="8c84fa94-04c1-424b-9868-57a2d4851a1d" />
  </TestEntries>
  <TestLists>
    <TestList name="Results Not in a List" id="8c84fa94-04c1-424b-9868-57a2d4851a1d" />
    <TestList name="All Loaded Results" id="19431567-8539-422a-85d7-44ee4e166bda" />
  </TestLists>
  <ResultSummary outcome="Completed">
    <Counters total="29" executed="29" passed="29" failed="0" error="0" timeout="0" aborted="0" inconclusive="0" passedButRunAborted="0" notRunnable="0" notExecuted="0" disconnected="0" warning="0" completed="0" inProgress="0" pending="0" />
  </ResultSummary>
</TestRun>