<?xml version="1.0" encoding="utf-8"?>
<TestRun id="7d0b7a6a-2bc5-46b2-be52-bf22e9ce5471" name="@Mac-1734819566566 2024-12-21 23:04:56" xmlns="http://microsoft.com/schemas/VisualStudio/TeamTest/2010">
  <Times creation="2024-12-21T23:04:56.0559210+00:00" queuing="2024-12-21T23:04:56.0559210+00:00" start="2024-12-21T23:04:55.3789840+00:00" finish="2024-12-21T23:04:56.0991280+00:00" />
  <TestSettings name="default" id="774082f7-9a5a-4626-92bb-57be7357d2d8">
    <Deployment runDeploymentRoot="_Mac-1734819566566_2024-12-21_23_04_56" />
  </TestSettings>
  <Results>
    <UnitTestResult executionId="38d665a4-763e-4796-b41a-a6f9754c5b60" testId="87340580-4ff3-84ca-c6f9-646d0df3b112" testName="TestSlugify (&quot;a- -b&quot;,&quot;a-b&quot;)" computerName="Mac-1734819566566" duration="00:00:00.0000046" startTime="2024-12-21T23:04:56.0068820+00:00" endTime="2024-12-21T23:04:56.0069630+00:00" testType="13cdc9d9-ddb5-4fa4-a97d-d965ccfc6d4b" outcome="Passed" testListId="8c84fa94-04c1-424b-9868-57a2d4851a1d" relativeResultsDirectory="38d665a4-763e-4796-b41a-a6f9754c5b60" />
    <UnitTestResult executionId="770c9eed-6ba6-44db-b1fd-44aa3abad861" testId="7c2d3d0c-c860-fb35-079f-8d65ca13e5bd" testName="TestIntToPaddedString (0,100,&quot;000&quot;)" computerName="Mac-1734819566566" duration="00:00:00.0040820" startTime="2024-12-21T23:04:55.9411590+00:00" endTime="2024-12-21T23:04:55.9631060+00:00" testType="13cdc9d9-ddb5-4fa4-a97d-d965ccfc6d4b" outcome="Passed" testListId="8c84fa94-04c1-424b-9868-57a2d4851a1d" relativeResultsDirectory="770c9eed-6ba6-44db-b1fd-44aa3abad861" />
    <UnitTestResult executionId="bc841d4c-fa27-4ee8-b129-703b23f64d8e" testId="7ed87f6c-038b-3088-c7cc-939417006f1f" testName="TestSlugify (&quot;Ä Ö Ü&quot;,&quot;a-o-u&quot;)" computerName="Mac-1734819566566" duration="00:00:00.0000071" startTime="2024-12-21T23:04:56.0094130+00:00" endTime="2024-12-21T23:04:56.0095100+00:00" testType="13cdc9d9-ddb5-4fa4-a97d-d965ccfc6d4b" outcome="Passed" testListId="8c84fa94-04c1-424b-9868-57a2d4851a1d" relativeResultsDirectory="bc841d4c-fa27-4ee8-b129-703b23f64d8e" />
    <UnitTestResult executionId="c897f540-5496-4a94-86b7-44c94e8ebc6c" testId="5ecc4d90-ae9e-85a7-c3c1-545bad2e9646" testName="TestIntToPaddedString (1,101,&quot;001&quot;)" computerName="Mac-1734819566566" duration="00:00:00.0000042" startTime="2024-12-21T23:04:55.9698300+00:00" endTime="2024-12-21T23:04:55.9699190+00:00" testType="13cdc9d9-ddb5-4fa4-a97d-d965ccfc6d4b" outcome="Passed" testListId="8c84fa94-04c1-424b-9868-57a2d4851a1d" relativeResultsDirectory="c897f540-5496-4a94-86b7-44c94e8ebc6c" />
    <UnitTestResult executionId="6c4ba01a-31bb-4dc6-93c9-f0ef3f3cd2b1" testId="4ed356bd-cc22-7262-e29f-62031d221a0c" testName="TestLongestCommonPrefix (&quot;&quot;,&quot;abc&quot;,&quot;&quot;)" computerName="Mac-1734819566566" duration="00:00:00.0000056" startTime="2024-12-21T23:04:56.0129620+00:00" endTime="2024-12-21T23:04:56.0140490+00:00" testType="13cdc9d9-ddb5-4fa4-a97d-d965ccfc6d4b" outcome="Passed" testListId="8c84fa94-04c1-424b-9868-57a2d4851a1d" relativeResultsDirectory="6c4ba01a-31bb-4dc6-93c9-f0ef3f3cd2b1" />
    <UnitTestResult executionId="e47e8e86-4de2-4c78-b5dd-6e0be792009d" testId="d4883779-b459-c157-8b32-167852cf136a" testName="TestSlugify (&quot;!- -a- -!&quot;,&quot;a&quot;)" computerName="Mac-1734819566566" duration="00:00:00.0005395" startTime="2024-12-21T23:04:56.0053570+00:00" endTime="2024-12-21T23:04:56.0060440+00:00" testType="13cdc9d9-ddb5-4fa4-a97d-d965ccfc6d4b" outcome="Passed" testListId="8c84fa94-04c1-424b-9868-57a2d4851a1d" relativeResultsDirectory="e47e8e86-4de2-4c78-b5dd-6e0be792009d" />
    <UnitTestResult executionId="139be0fc-5769-4965-bb96-2424a1edfce4" testId="0a0f921a-26f1-2b7b-6cef-7448fafaff47" testName="TestSlugify (&quot;Abc-DEF&quot;,&quot;abc-def&quot;)" computerName="Mac-1734819566566" duration="00:00:00.0000073" startTime="2024-12-21T23:04:56.0088940+00:00" endTime="2024-12-21T23:04:56.0090320+00:00" testType="13cdc9d9-ddb5-4fa4-a97d-d965ccfc6d4b" outcome="Passed" testListId="8c84fa94-04c1-424b-9868-57a2d4851a1d" relativeResultsDirectory="139be0fc-5769-4965-bb96-2424a1edfce4" />
    <UnitTestResult executionId="5d85fa83-5008-48fc-a2fe-90182ee2e357" testId="6ebca444-4638-4da3-7776-8faa88983cbd" testName="TestIntToPaddedString (1,11,&quot;01&quot;)" computerName="Mac-1734819566566" duration="00:00:00.0000086" startTime="2024-12-21T23:04:55.9694760+00:00" endTime="2024-12-21T23:04:55.9695710+00:00" testType="13cdc9d9-ddb5-4fa4-a97d-d965ccfc6d4b" outcome="Passed" testListId="8c84fa94-04c1-424b-9868-57a2d4851a1d" relativeResultsDirectory="5d85fa83-5008-48fc-a2fe-90182ee2e357" />
    <UnitTestResult executionId="df8f5eb5-d2c2-4b8f-a6eb-85484cfd0dc8" testId="3111426e-7cf2-fc95-7afe-647cdf87edaf" testName="TestSlugify (&quot;a1 b2 c3&quot;,&quot;a1-b2-c3&quot;)" computerName="Mac-1734819566566" duration="00:00:00.0000045" startTime="2024-12-21T23:04:56.0095330+00:00" endTime="2024-12-21T23:04:56.0096130+00:00" testType="13cdc9d9-ddb5-4fa4-a97d-d965ccfc6d4b" outcome="Passed" testListId="8c84fa94-04c1-424b-9868-57a2d4851a1d" relativeResultsDirectory="df8f5eb5-d2c2-4b8f-a6eb-85484cfd0dc8" />
    <UnitTestResult executionId="06bda19a-0dd3-4e67-928d-5a6a57757a8e" testId="68347d6d-014e-fb96-80e6-9a59909def33" testName="TestLongestCommonPrefix (&quot;ab&quot;,&quot;abc&quot;,&quot;ab&quot;)" computerName="Mac-1734819566566" duration="00:00:00.0000054" startTime="2024-12-21T23:04:56.0116240+00:00" endTime="2024-12-21T23:04:56.0117400+00:00" testType="13cdc9d9-ddb5-4fa4-a97d-d965ccfc6d4b" outcome="Passed" testListId="8c84fa94-04c1-424b-9868-57a2d4851a1d" relativeResultsDirectory="06bda19a-0dd3-4e67-928d-5a6a57757a8e" />
    <UnitTestResult executionId="1cd87beb-04de-452d-b37e-4a3ef616ad75" testId="73775732-2906-be3f-e115-f3854c907656" testName="TestLongestCommonPrefix (&quot;&quot;,&quot;&quot;,&quot;abc&quot;)" computerName="Mac-1734819566566" duration="00:00:00.0000054" startTime="2024-12-21T23:04:56.0127280+00:00" endTime="2024-12-21T23:04:56.0129320+00:00" testType="13cdc9d9-ddb5-4fa4-a97d-d965ccfc6d4b" outcome="Passed" testListId="8c84fa94-04c1-424b-9868-57a2d4851a1d" relativeResultsDirectory="1cd87beb-04de-452d-b37e-4a3ef616ad75" />
    <UnitTestResult executionId="5495164b-5a78-4210-9160-7c50cc62dd22" testId="b2e71588-0d10-1546-31ef-7b0118d37b0b" testName="TestSlugify (&quot;a_b&quot;,&quot;a-b&quot;)" computerName="Mac-1734819566566" duration="00:00:00.0000050" startTime="2024-12-21T23:04:56.0091060+00:00" endTime="2024-12-21T23:04:56.0092040+00:00" testType="13cdc9d9-ddb5-4fa4-a97d-d965ccfc6d4b" outcome="Passed" testListId="8c84fa94-04c1-424b-9868-57a2d4851a1d" relativeResultsDirectory="5495164b-5a78-4210-9160-7c50cc62dd22" />
    <UnitTestResult executionId="f824e160-3484-483a-b2ac-12d1346827a2" testId="05b34ccd-140b-53e1-83ac-3bbcf5f170bb" testName="TestIntToPaddedString (-1,9,&quot;-1&quot;)" computerName="Mac-1734819566566" duration="00:00:00.0000122" startTime="2024-12-21T23:04:55.9699470+00:00" endTime="2024-12-21T23:04:55.9700460+00:00" testType="13cdc9d9-ddb5-4fa4-a97d-d965ccfc6d4b" outcome="Passed" testListId="8c84fa94-04c1-424b-9868-57a2d4851a1d" relativeResultsDirectory="f824e160-3484-483a-b2ac-12d1346827a2" />
    <UnitTestResult executionId="83614474-8f61-40c6-9744-3440edfa5f93" testId="905fa321-00bc-cf78-6872-ee27f66003f2" testName="TestIntToPaddedString (-1,10,&quot;-01&quot;)" computerName="Mac-1734819566566" duration="00:00:00.0000046" startTime="2024-12-21T23:04:55.9700680+00:00" endTime="2024-12-21T23:04:55.9701710+00:00" testType="13cdc9d9-ddb5-4fa4-a97d-d965ccfc6d4b" outcome="Passed" testListId="8c84fa94-04c1-424b-9868-57a2d4851a1d" relativeResultsDirectory="83614474-8f61-40c6-9744-3440edfa5f93" />
    <UnitTestResult executionId="659d7737-05c0-44ee-880a-a1c1d9b1c32c" testId="73c200d4-0179-f23f-e874-5529af9cfb10" testName="TestIntToPaddedString (1,99,&quot;01&quot;)" computerName="Mac-1734819566566" duration="00:00:00.0000045" startTime="2024-12-21T23:04:55.9695940+00:00" endTime="2024-12-21T23:04:55.9696940+00:00" testType="13cdc9d9-ddb5-4fa4-a97d-d965ccfc6d4b" outcome="Passed" testListId="8c84fa94-04c1-424b-9868-57a2d4851a1d" relativeResultsDirectory="659d7737-05c0-44ee-880a-a1c1d9b1c32c" />
    <UnitTestResult executionId="62cefc1d-3f11-4b77-bf9a-ad3065f5cf70" testId="b7949501-dd00-e42e-08ec-0b01f240879f" testName="TestSlugify (&quot;a - b&quot;,&quot;a-b&quot;)" computerName="Mac-1734819566566" duration="00:00:00.0000044" startTime="2024-12-21T23:04:56.0069850+00:00" endTime="2024-12-21T23:04:56.0070770+00:00" testType="13cdc9d9-ddb5-4fa4-a97d-d965ccfc6d4b" outcome="Passed" testListId="8c84fa94-04c1-424b-9868-57a2d4851a1d" relativeResultsDirectory="62cefc1d-3f11-4b77-bf9a-ad3065f5cf70" />
    <UnitTestResult executionId="3397743e-e7ee-44fd-b8ee-f72f3969274d" testId="9f533fdb-624c-49e5-11ee-0c6ebc524a4f" testName="TestIntToPaddedString (1,10,&quot;01&quot;)" computerName="Mac-1734819566566" duration="00:00:00.0000059" startTime="2024-12-21T23:04:55.9693350+00:00" endTime="2024-12-21T23:04:55.9694510+00:00" testType="13cdc9d9-ddb5-4fa4-a97d-d965ccfc6d4b" outcome="Passed" testListId="8c84fa94-04c1-424b-9868-57a2d4851a1d" relativeResultsDirectory="3397743e-e7ee-44fd-b8ee-f72f3969274d" />
    <UnitTestResult executionId="ab1eca42-b059-4f0a-be7c-4a711f23eedc" testId="89e9f9e4-a5e1-fcd5-f349-d1d7158fad3c" testName="TestIntToPaddedString (-1,11,&quot;-01&quot;)" computerName="Mac-1734819566566" duration="00:00:00.0000126" startTime="2024-12-21T23:04:56.0045430+00:00" endTime="2024-12-21T23:04:56.0047380+00:00" testType="13cdc9d9-ddb5-4fa4-a97d-d965ccfc6d4b" outcome="Passed" testListId="8c84fa94-04c1-424b-9868-57a2d4851a1d" relativeResultsDirectory="ab1eca42-b059-4f0a-be7c-4a711f23eedc" />
    <UnitTestResult executionId="6c133788-51af-468b-a36b-5eb9590d9ab5" testId="30a7f46c-51eb-0a8e-7b0f-50f68458c4a9" testName="TestSlugify (&quot;a &#x9;&#xA;b&quot;,&quot;a-b&quot;)" computerName="Mac-1734819566566" duration="00:00:00.0000063" startTime="2024-12-21T23:04:56.0066140+00:00" endTime="2024-12-21T23:04:56.0068490+00:00" testType="13cdc9d9-ddb5-4fa4-a97d-d965ccfc6d4b" outcome="Passed" testListId="8c84fa94-04c1-424b-9868-57a2d4851a1d" relativeResultsDirectory="6c133788-51af-468b-a36b-5eb9590d9ab5" />
    <UnitTestResult executionId="62432ef9-9d07-4d75-b391-ec541adab881" testId="13ef7854-9f0e-6c15-ce2b-2db8e99b280e" testName="TestSlugify (&quot;a!=b&quot;,&quot;ab&quot;)" computerName="Mac-1734819566566" duration="00:00:00.0002370" startTime="2024-12-21T23:04:56.0061610+00:00" endTime="2024-12-21T23:04:56.0065860+00:00" testType="13cdc9d9-ddb5-4fa4-a97d-d965ccfc6d4b" outcome="Passed" testListId="8c84fa94-04c1-424b-9868-57a2d4851a1d" relativeResultsDirectory="62432ef9-9d07-4d75-b391-ec541adab881" />
    <UnitTestResult executionId="e6fdca20-f82b-4040-a99a-9e7e17e2b8ab" testId="8a775d92-5427-1749-f100-e7ffbe21f38a" testName="TestLongestCommonPrefix (&quot;a&quot;,&quot;a1&quot;,&quot;a2&quot;,&quot;a3&quot;)" computerName="Mac-1734819566566" duration="00:00:00.0004499" startTime="2024-12-21T23:04:56.0102670+00:00" endTime="2024-12-21T23:04:56.0112080+00:00" testType="13cdc9d9-ddb5-4fa4-a97d-d965ccfc6d4b" outcome="Passed" testListId="8c84fa94-04c1-424b-9868-57a2d4851a1d" relativeResultsDirectory="e6fdca20-f82b-4040-a99a-9e7e17e2b8ab" />
    <UnitTestResult executionId="de430056-2bf4-4bef-baf5-9285a6632051" testId="c6f72b31-e018-3e2f-e31f-2280a965e3b7" testName="TestIntToPaddedString (1,100,&quot;001&quot;)" computerName="Mac-1734819566566" duration="00:00:00.0000043" startTime="2024-12-21T23:04:55.9697150+00:00" endTime="2024-12-21T23:04:55.9698010+00:00" testType="13cdc9d9-ddb5-4fa4-a97d-d965ccfc6d4b" outcome="Passed" testListId="8c84fa94-04c1-424b-9868-57a2d4851a1d" relativeResultsDirectory="de430056-2bf4-4bef-baf5-9285a6632051" />
    <UnitTestResult executionId="55d2e1d2-5170-41e4-8ed4-ed0c32279c31" testId="6aa4a69f-2d57-5665-03d0-c37478fc9d10" testName="TestIntToPaddedString (-1,101,&quot;-001&quot;)" computerName="Mac-1734819566566" duration="00:00:00.0000049" startTime="2024-12-21T23:04:56.0050370+00:00" endTime="2024-12-21T23:04:56.0053240+00:00" testType="13cdc9d9-ddb5-4fa4-a97d-d965ccfc6d4b" outcome="Passed" testListId="8c84fa94-04c1-424b-9868-57a2d4851a1d" relativeResultsDirectory="55d2e1d2-5170-41e4-8ed4-ed0c32279c31" />
    <UnitTestResult executionId="ca2543af-ec63-4227-9189-6e7cb784617a" testId="59448ffc-e83e-eaf0-ca86-b666b7b086f9" testName="TestIntToPaddedString (1,9,&quot;1&quot;)" computerName="Mac-1734819566566" duration="00:00:00.0003625" startTime="2024-12-21T23:04:55.9684640+00:00" endTime="2024-12-21T23:04:55.9690180+00:00" testType="13cdc9d9-ddb5-4fa4-a97d-d965ccfc6d4b" outcome="Passed" testListId="8c84fa94-04c1-424b-9868-57a2d4851a1d" relativeResultsDirectory="ca2543af-ec63-4227-9189-6e7cb784617a" />
    <UnitTestResult executionId="b49ec850-28a8-4f34-8a1d-cb2941d4a268" testId="0596324c-2695-0dfd-9ae1-97b939dc7f6a" testName="TestIntToPaddedString (-1,99,&quot;-01&quot;)" computerName="Mac-1734819566566" duration="00:00:00.0000054" startTime="2024-12-21T23:04:56.0047900+00:00" endTime="2024-12-21T23:04:56.0048890+00:00" testType="13cdc9d9-ddb5-4fa4-a97d-d965ccfc6d4b" outcome="Passed" testListId="8c84fa94-04c1-424b-9868-57a2d4851a1d" relativeResultsDirectory="b49ec850-28a8-4f34-8a1d-cb2941d4a268" />
    <UnitTestResult executionId="3ea12150-9c73-47b3-ad1b-fc295966cf9a" testId="2e09dfd4-af8f-6090-daa3-9b8e5d3178b8" testName="TestLongestCommonPrefix (&quot;ab&quot;,&quot;ab&quot;,&quot;abc&quot;)" computerName="Mac-1734819566566" duration="00:00:00.0000072" startTime="2024-12-21T23:04:56.0112370+00:00" endTime="2024-12-21T23:04:56.0115900+00:00" testType="13cdc9d9-ddb5-4fa4-a97d-d965ccfc6d4b" outcome="Passed" testListId="8c84fa94-04c1-424b-9868-57a2d4851a1d" relativeResultsDirectory="3ea12150-9c73-47b3-ad1b-fc295966cf9a" />
    <UnitTestResult executionId="2039bafb-f336-43ac-955f-e24261ad7f30" testId="f3941f59-5a45-f255-ef3e-3423b48052bc" testName="TestSlugify (&quot;ä ö ü&quot;,&quot;a-o-u&quot;)" computerName="Mac-1734819566566" duration="00:00:00.0000468" startTime="2024-12-21T23:04:56.0092270+00:00" endTime="2024-12-21T23:04:56.0093880+00:00" testType="13cdc9d9-ddb5-4fa4-a97d-d965ccfc6d4b" outcome="Passed" testListId="8c84fa94-04c1-424b-9868-57a2d4851a1d" relativeResultsDirectory="2039bafb-f336-43ac-955f-e24261ad7f30" />
    <UnitTestResult executionId="66fe251c-011a-4ce1-ab17-ac5bb0618121" testId="f1e653ce-75d7-fb40-bd08-81ae5b14ef1b" testName="TestIntToPaddedString (-1,100,&quot;-001&quot;)" computerName="Mac-1734819566566" duration="00:00:00.0000098" startTime="2024-12-21T23:04:56.0049130+00:00" endTime="2024-12-21T23:04:56.0050140+00:00" testType="13cdc9d9-ddb5-4fa4-a97d-d965ccfc6d4b" outcome="Passed" testListId="8c84fa94-04c1-424b-9868-57a2d4851a1d" relativeResultsDirectory="66fe251c-011a-4ce1-ab17-ac5bb0618121" />
    <UnitTestResult executionId="19ad64cd-db44-4f51-b016-c567df5da1e4" testId="4cbec960-b40c-18f8-d17d-e715be412ea1" testName="TestLongestCommonPrefix (&quot;&quot;)" computerName="Mac-1734819566566" duration="00:00:00.0004067" startTime="2024-12-21T23:04:56.0096430+00:00" endTime="2024-12-21T23:04:56.0102310+00:00" testType="13cdc9d9-ddb5-4fa4-a97d-d965ccfc6d4b" outcome="Passed" testListId="8c84fa94-04c1-424b-9868-57a2d4851a1d" relativeResultsDirectory="19ad64cd-db44-4f51-b016-c567df5da1e4" />
  </Results>
  <TestDefinitions>
    <UnitTest name="TestIntToPaddedString (1,11,&quot;01&quot;)" storage="/users/runner/work/dotnet-monorepo/dotnet-monorepo/src/artifacts/bin/utils.tests/release_osx-x64/utils.tests.dll" id="6ebca444-4638-4da3-7776-8faa88983cbd">
      <Execution id="5d85fa83-5008-48fc-a2fe-90182ee2e357" />
      <TestMethod codeBase="/Users/runner/work/dotnet-monorepo/dotnet-monorepo/src/artifacts/bin/Utils.Tests/release_osx-x64/Utils.Tests.dll" adapterTypeName="executor://mstestadapter/v2" className="Utils.Tests.ConversionTests" name="TestIntToPaddedString" />
    </UnitTest>
    <UnitTest name="TestSlugify (&quot;a- -b&quot;,&quot;a-b&quot;)" storage="/users/runner/work/dotnet-monorepo/dotnet-monorepo/src/artifacts/bin/utils.tests/release_osx-x64/utils.tests.dll" id="87340580-4ff3-84ca-c6f9-646d0df3b112">
      <Execution id="38d665a4-763e-4796-b41a-a6f9754c5b60" />
      <TestMethod codeBase="/Users/runner/work/dotnet-monorepo/dotnet-monorepo/src/artifacts/bin/Utils.Tests/release_osx-x64/Utils.Tests.dll" adapterTypeName="executor://mstestadapter/v2" className="Utils.Tests.StringTests" name="TestSlugify" />
    </UnitTest>
    <UnitTest name="TestIntToPaddedString (-1,100,&quot;-001&quot;)" storage="/users/runner/work/dotnet-monorepo/dotnet-monorepo/src/artifacts/bin/utils.tests/release_osx-x64/utils.tests.dll" id="f1e653ce-75d7-fb40-bd08-81ae5b14ef1b">
      <Execution id="66fe251c-011a-4ce1-ab17-ac5bb0618121" />
      <TestMethod codeBase="/Users/runner/work/dotnet-monorepo/dotnet-monorepo/src/artifacts/bin/Utils.Tests/release_osx-x64/Utils.Tests.dll" adapterTypeName="executor://mstestadapter/v2" className="Utils.Tests.ConversionTests" name="TestIntToPaddedString" />
    </UnitTest>
    <UnitTest name="TestLongestCommonPrefix (&quot;ab&quot;,&quot;abc&quot;,&quot;ab&quot;)" storage="/users/runner/work/dotnet-monorepo/dotnet-monorepo/src/artifacts/bin/utils.tests/release_osx-x64/utils.tests.dll" id="68347d6d-014e-fb96-80e6-9a59909def33">
      <Execution id="06bda19a-0dd3-4e67-928d-5a6a57757a8e" />
      <TestMethod codeBase="/Users/runner/work/dotnet-monorepo/dotnet-monorepo/src/artifacts/bin/Utils.Tests/release_osx-x64/Utils.Tests.dll" adapterTypeName="executor://mstestadapter/v2" className="Utils.Tests.StringTests" name="TestLongestCommonPrefix" />
    </UnitTest>
    <UnitTest name="TestSlugify (&quot;a_b&quot;,&quot;a-b&quot;)" storage="/users/runner/work/dotnet-monorepo/dotnet-monorepo/src/artifacts/bin/utils.tests/release_osx-x64/utils.tests.dll" id="b2e71588-0d10-1546-31ef-7b0118d37b0b">
      <Execution id="5495164b-5a78-4210-9160-7c50cc62dd22" />
      <TestMethod codeBase="/Users/runner/work/dotnet-monorepo/dotnet-monorepo/src/artifacts/bin/Utils.Tests/release_osx-x64/Utils.Tests.dll" adapterTypeName="executor://mstestadapter/v2" className="Utils.Tests.StringTests" name="TestSlugify" />
    </UnitTest>
    <UnitTest name="TestIntToPaddedString (1,10,&quot;01&quot;)" storage="/users/runner/work/dotnet-monorepo/dotnet-monorepo/src/artifacts/bin/utils.tests/release_osx-x64/utils.tests.dll" id="9f533fdb-624c-49e5-11ee-0c6ebc524a4f">
      <Execution id="3397743e-e7ee-44fd-b8ee-f72f3969274d" />
      <TestMethod codeBase="/Users/runner/work/dotnet-monorepo/dotnet-monorepo/src/artifacts/bin/Utils.Tests/release_osx-x64/Utils.Tests.dll" adapterTypeName="executor://mstestadapter/v2" className="Utils.Tests.ConversionTests" name="TestIntToPaddedString" />
    </UnitTest>
    <UnitTest name="TestIntToPaddedString (-1,99,&quot;-01&quot;)" storage="/users/runner/work/dotnet-monorepo/dotnet-monorepo/src/artifacts/bin/utils.tests/release_osx-x64/utils.tests.dll" id="0596324c-2695-0dfd-9ae1-97b939dc7f6a">
      <Execution id="b49ec850-28a8-4f34-8a1d-cb2941d4a268" />
      <TestMethod codeBase="/Users/runner/work/dotnet-monorepo/dotnet-monorepo/src/artifacts/bin/Utils.Tests/release_osx-x64/Utils.Tests.dll" adapterTypeName="executor://mstestadapter/v2" className="Utils.Tests.ConversionTests" name="TestIntToPaddedString" />
    </UnitTest>
    <UnitTest name="TestSlugify (&quot;Abc-DEF&quot;,&quot;abc-def&quot;)" storage="/users/runner/work/dotnet-monorepo/dotnet-monorepo/src/artifacts/bin/utils.tests/release_osx-x64/utils.tests.dll" id="0a0f921a-26f1-2b7b-6cef-7448fafaff47">
      <Execution id="139be0fc-5769-4965-bb96-2424a1edfce4" />
      <TestMethod codeBase="/Users/runner/work/dotnet-monorepo/dotnet-monorepo/src/artifacts/bin/Utils.Tests/release_osx-x64/Utils.Tests.dll" adapterTypeName="executor://mstestadapter/v2" className="Utils.Tests.StringTests" name="TestSlugify" />
    </UnitTest>
    <UnitTest name="TestIntToPaddedString (1,101,&quot;001&quot;)" storage="/users/runner/work/dotnet-monorepo/dotnet-monorepo/src/artifacts/bin/utils.tests/release_osx-x64/utils.tests.dll" id="5ecc4d90-ae9e-85a7-c3c1-545bad2e9646">
      <Execution id="c897f540-5496-4a94-86b7-44c94e8ebc6c" />
      <TestMethod codeBase="/Users/runner/work/dotnet-monorepo/dotnet-monorepo/src/artifacts/bin/Utils.Tests/release_osx-x64/Utils.Tests.dll" adapterTypeName="executor://mstestadapter/v2" className="Utils.Tests.ConversionTests" name="TestIntToPaddedString" />
    </UnitTest>
    <UnitTest name="TestSlugify (&quot;a - b&quot;,&quot;a-b&quot;)" storage="/users/runner/work/dotnet-monorepo/dotnet-monorepo/src/artifacts/bin/utils.tests/release_osx-x64/utils.tests.dll" id="b7949501-dd00-e42e-08ec-0b01f240879f">
      <Execution id="62cefc1d-3f11-4b77-bf9a-ad3065f5cf70" />
      <TestMethod codeBase="/Users/runner/work/dotnet-monorepo/dotnet-monorepo/src/artifacts/bin/Utils.Tests/release_osx-x64/Utils.Tests.dll" adapterTypeName="executor://mstestadapter/v2" className="Utils.Tests.StringTests" name="TestSlugify" />
    </UnitTest>
    <UnitTest name="TestSlugify (&quot;a!=b&quot;,&quot;ab&quot;)" storage="/users/runner/work/dotnet-monorepo/dotnet-monorepo/src/artifacts/bin/utils.tests/release_osx-x64/utils.tests.dll" id="13ef7854-9f0e-6c15-ce2b-2db8e99b280e">
      <Execution id="62432ef9-9d07-4d75-b391-ec541adab881" />
      <TestMethod codeBase="/Users/runner/work/dotnet-monorepo/dotnet-monorepo/src/artifacts/bin/Utils.Tests/release_osx-x64/Utils.Tests.dll" adapterTypeName="executor://mstestadapter/v2" className="Utils.Tests.StringTests" name="TestSlugify" />
    </UnitTest>
    <UnitTest name="TestLongestCommonPrefix (&quot;a&quot;,&quot;a1&quot;,&quot;a2&quot;,&quot;a3&quot;)" storage="/users/runner/work/dotnet-monorepo/dotnet-monorepo/src/artifacts/bin/utils.tests/release_osx-x64/utils.tests.dll" id="8a775d92-5427-1749-f100-e7ffbe21f38a">
      <Execution id="e6fdca20-f82b-4040-a99a-9e7e17e2b8ab" />
      <TestMethod codeBase="/Users/runner/work/dotnet-monorepo/dotnet-monorepo/src/artifacts/bin/Utils.Tests/release_osx-x64/Utils.Tests.dll" adapterTypeName="executor://mstestadapter/v2" className="Utils.Tests.StringTests" name="TestLongestCommonPrefix" />
    </UnitTest>
    <UnitTest name="TestIntToPaddedString (0,100,&quot;000&quot;)" storage="/users/runner/work/dotnet-monorepo/dotnet-monorepo/src/artifacts/bin/utils.tests/release_osx-x64/utils.tests.dll" id="7c2d3d0c-c860-fb35-079f-8d65ca13e5bd">
      <Execution id="770c9eed-6ba6-44db-b1fd-44aa3abad861" />
      <TestMethod codeBase="/Users/runner/work/dotnet-monorepo/dotnet-monorepo/src/artifacts/bin/Utils.Tests/release_osx-x64/Utils.Tests.dll" adapterTypeName="executor://mstestadapter/v2" className="Utils.Tests.ConversionTests" name="TestIntToPaddedString" />
    </UnitTest>
    <UnitTest name="TestLongestCommonPrefix (&quot;&quot;)" storage="/users/runner/work/dotnet-monorepo/dotnet-monorepo/src/artifacts/bin/utils.tests/release_osx-x64/utils.tests.dll" id="4cbec960-b40c-18f8-d17d-e715be412ea1">
      <Execution id="19ad64cd-db44-4f51-b016-c567df5da1e4" />
      <TestMethod codeBase="/Users/runner/work/dotnet-monorepo/dotnet-monorepo/src/artifacts/bin/Utils.Tests/release_osx-x64/Utils.Tests.dll" adapterTypeName="executor://mstestadapter/v2" className="Utils.Tests.StringTests" name="TestLongestCommonPrefix" />
    </UnitTest>
    <UnitTest name="TestIntToPaddedString (-1,101,&quot;-001&quot;)" storage="/users/runner/work/dotnet-monorepo/dotnet-monorepo/src/artifacts/bin/utils.tests/release_osx-x64/utils.tests.dll" id="6aa4a69f-2d57-5665-03d0-c37478fc9d10">
      <Execution id="55d2e1d2-5170-41e4-8ed4-ed0c32279c31" />
      <TestMethod codeBase="/Users/runner/work/dotnet-monorepo/dotnet-monorepo/src/artifacts/bin/Utils.Tests/release_osx-x64/Utils.Tests.dll" adapterTypeName="executor://mstestadapter/v2" className="Utils.Tests.ConversionTests" name="TestIntToPaddedString" />
    </UnitTest>
    <UnitTest name="TestIntToPaddedString (1,100,&quot;001&quot;)" storage="/users/runner/work/dotnet-monorepo/dotnet-monorepo/src/artifacts/bin/utils.tests/release_osx-x64/utils.tests.dll" id="c6f72b31-e018-3e2f-e31f-2280a965e3b7">
      <Execution id="de430056-2bf4-4bef-baf5-9285a6632051" />
      <TestMethod codeBase="/Users/runner/work/dotnet-monorepo/dotnet-monorepo/src/artifacts/bin/Utils.Tests/release_osx-x64/Utils.Tests.dll" adapterTypeName="executor://mstestadapter/v2" className="Utils.Tests.ConversionTests" name="TestIntToPaddedString" />
    </UnitTest>
    <UnitTest name="TestSlugify (&quot;Ä Ö Ü&quot;,&quot;a-o-u&quot;)" storage="/users/runner/work/dotnet-monorepo/dotnet-monorepo/src/artifacts/bin/utils.tests/release_osx-x64/utils.tests.dll" id="7ed87f6c-038b-3088-c7cc-939417006f1f">
      <Execution id="bc841d4c-fa27-4ee8-b129-703b23f64d8e" />
      <TestMethod codeBase="/Users/runner/work/dotnet-monorepo/dotnet-monorepo/src/artifacts/bin/Utils.Tests/release_osx-x64/Utils.Tests.dll" adapterTypeName="executor://mstestadapter/v2" className="Utils.Tests.StringTests" name="TestSlugify" />
    </UnitTest>
    <UnitTest name="TestIntToPaddedString (1,9,&quot;1&quot;)" storage="/users/runner/work/dotnet-monorepo/dotnet-monorepo/src/artifacts/bin/utils.tests/release_osx-x64/utils.tests.dll" id="59448ffc-e83e-eaf0-ca86-b666b7b086f9">
      <Execution id="ca2543af-ec63-4227-9189-6e7cb784617a" />
      <TestMethod codeBase="/Users/runner/work/dotnet-monorepo/dotnet-monorepo/src/artifacts/bin/Utils.Tests/release_osx-x64/Utils.Tests.dll" adapterTypeName="executor://mstestadapter/v2" className="Utils.Tests.ConversionTests" name="TestIntToPaddedString" />
    </UnitTest>
    <UnitTest name="TestIntToPaddedString (-1,11,&quot;-01&quot;)" storage="/users/runner/work/dotnet-monorepo/dotnet-monorepo/src/artifacts/bin/utils.tests/release_osx-x64/utils.tests.dll" id="89e9f9e4-a5e1-fcd5-f349-d1d7158fad3c">
      <Execution id="ab1eca42-b059-4f0a-be7c-4a711f23eedc" />
      <TestMethod codeBase="/Users/runner/work/dotnet-monorepo/dotnet-monorepo/src/artifacts/bin/Utils.Tests/release_osx-x64/Utils.Tests.dll" adapterTypeName="executor://mstestadapter/v2" className="Utils.Tests.ConversionTests" name="TestIntToPaddedString" />
    </UnitTest>
    <UnitTest name="TestLongestCommonPrefix (&quot;&quot;,&quot;&quot;,&quot;abc&quot;)" storage="/users/runner/work/dotnet-monorepo/dotnet-monorepo/src/artifacts/bin/utils.tests/release_osx-x64/utils.tests.dll" id="73775732-2906-be3f-e115-f3854c907656">
      <Execution id="1cd87beb-04de-452d-b37e-4a3ef616ad75" />
      <TestMethod codeBase="/Users/runner/work/dotnet-monorepo/dotnet-monorepo/src/artifacts/bin/Utils.Tests/release_osx-x64/Utils.Tests.dll" adapterTypeName="executor://mstestadapter/v2" className="Utils.Tests.StringTests" name="TestLongestCommonPrefix" />
    </UnitTest>
    <UnitTest name="TestLongestCommonPrefix (&quot;ab&quot;,&quot;ab&quot;,&quot;abc&quot;)" storage="/users/runner/work/dotnet-monorepo/dotnet-monorepo/src/artifacts/bin/utils.tests/release_osx-x64/utils.tests.dll" id="2e09dfd4-af8f-6090-daa3-9b8e5d3178b8">
      <Execution id="3ea12150-9c73-47b3-ad1b-fc295966cf9a" />
      <TestMethod codeBase="/Users/runner/work/dotnet-monorepo/dotnet-monorepo/src/artifacts/bin/Utils.Tests/release_osx-x64/Utils.Tests.dll" adapterTypeName="executor://mstestadapter/v2" className="Utils.Tests.StringTests" name="TestLongestCommonPrefix" />
    </UnitTest>
    <UnitTest name="TestLongestCommonPrefix (&quot;&quot;,&quot;abc&quot;,&quot;&quot;)" storage="/users/runner/work/dotnet-monorepo/dotnet-monorepo/src/artifacts/bin/utils.tests/release_osx-x64/utils.tests.dll" id="4ed356bd-cc22-7262-e29f-62031d221a0c">
      <Execution id="6c4ba01a-31bb-4dc6-93c9-f0ef3f3cd2b1" />
      <TestMethod codeBase="/Users/runner/work/dotnet-monorepo/dotnet-monorepo/src/artifacts/bin/Utils.Tests/release_osx-x64/Utils.Tests.dll" adapterTypeName="executor://mstestadapter/v2" className="Utils.Tests.StringTests" name="TestLongestCommonPrefix" />
    </UnitTest>
    <UnitTest name="TestSlugify (&quot;a1 b2 c3&quot;,&quot;a1-b2-c3&quot;)" storage="/users/runner/work/dotnet-monorepo/dotnet-monorepo/src/artifacts/bin/utils.tests/release_osx-x64/utils.tests.dll" id="3111426e-7cf2-fc95-7afe-647cdf87edaf">
      <Execution id="df8f5eb5-d2c2-4b8f-a6eb-85484cfd0dc8" />
      <TestMethod codeBase="/Users/runner/work/dotnet-monorepo/dotnet-monorepo/src/artifacts/bin/Utils.Tests/release_osx-x64/Utils.Tests.dll" adapterTypeName="executor://mstestadapter/v2" className="Utils.Tests.StringTests" name="TestSlugify" />
    </UnitTest>
    <UnitTest name="TestSlugify (&quot;ä ö ü&quot;,&quot;a-o-u&quot;)" storage="/users/runner/work/dotnet-monorepo/dotnet-monorepo/src/artifacts/bin/utils.tests/release_osx-x64/utils.tests.dll" id="f3941f59-5a45-f255-ef3e-3423b48052bc">
      <Execution id="2039bafb-f336-43ac-955f-e24261ad7f30" />
      <TestMethod codeBase="/Users/runner/work/dotnet-monorepo/dotnet-monorepo/src/artifacts/bin/Utils.Tests/release_osx-x64/Utils.Tests.dll" adapterTypeName="executor://mstestadapter/v2" className="Utils.Tests.StringTests" name="TestSlugify" />
    </UnitTest>
    <UnitTest name="TestSlugify (&quot;!- -a- -!&quot;,&quot;a&quot;)" storage="/users/runner/work/dotnet-monorepo/dotnet-monorepo/src/artifacts/bin/utils.tests/release_osx-x64/utils.tests.dll" id="d4883779-b459-c157-8b32-167852cf136a">
      <Execution id="e47e8e86-4de2-4c78-b5dd-6e0be792009d" />
      <TestMethod codeBase="/Users/runner/work/dotnet-monorepo/dotnet-monorepo/src/artifacts/bin/Utils.Tests/release_osx-x64/Utils.Tests.dll" adapterTypeName="executor://mstestadapter/v2" className="Utils.Tests.StringTests" name="TestSlugify" />
    </UnitTest>
    <UnitTest name="TestSlugify (&quot;a &#x9;&#xA;b&quot;,&quot;a-b&quot;)" storage="/users/runner/work/dotnet-monorepo/dotnet-monorepo/src/artifacts/bin/utils.tests/release_osx-x64/utils.tests.dll" id="30a7f46c-51eb-0a8e-7b0f-50f68458c4a9">
      <Execution id="6c133788-51af-468b-a36b-5eb9590d9ab5" />
      <TestMethod codeBase="/Users/runner/work/dotnet-monorepo/dotnet-monorepo/src/artifacts/bin/Utils.Tests/release_osx-x64/Utils.Tests.dll" adapterTypeName="executor://mstestadapter/v2" className="Utils.Tests.StringTests" name="TestSlugify" />
    </UnitTest>
    <UnitTest name="TestIntToPaddedString (1,99,&quot;01&quot;)" storage="/users/runner/work/dotnet-monorepo/dotnet-monorepo/src/artifacts/bin/utils.tests/release_osx-x64/utils.tests.dll" id="73c200d4-0179-f23f-e874-5529af9cfb10">
      <Execution id="659d7737-05c0-44ee-880a-a1c1d9b1c32c" />
      <TestMethod codeBase="/Users/runner/work/dotnet-monorepo/dotnet-monorepo/src/artifacts/bin/Utils.Tests/release_osx-x64/Utils.Tests.dll" adapterTypeName="executor://mstestadapter/v2" className="Utils.Tests.ConversionTests" name="TestIntToPaddedString" />
    </UnitTest>
    <UnitTest name="TestIntToPaddedString (-1,9,&quot;-1&quot;)" storage="/users/runner/work/dotnet-monorepo/dotnet-monorepo/src/artifacts/bin/utils.tests/release_osx-x64/utils.tests.dll" id="05b34ccd-140b-53e1-83ac-3bbcf5f170bb">
      <Execution id="f824e160-3484-483a-b2ac-12d1346827a2" />
      <TestMethod codeBase="/Users/runner/work/dotnet-monorepo/dotnet-monorepo/src/artifacts/bin/Utils.Tests/release_osx-x64/Utils.Tests.dll" adapterTypeName="executor://mstestadapter/v2" className="Utils.Tests.ConversionTests" name="TestIntToPaddedString" />
    </UnitTest>
    <UnitTest name="TestIntToPaddedString (-1,10,&quot;-01&quot;)" storage="/users/runner/work/dotnet-monorepo/dotnet-monorepo/src/artifacts/bin/utils.tests/release_osx-x64/utils.tests.dll" id="905fa321-00bc-cf78-6872-ee27f66003f2">
      <Execution id="83614474-8f61-40c6-9744-3440edfa5f93" />
      <TestMethod codeBase="/Users/runner/work/dotnet-monorepo/dotnet-monorepo/src/artifacts/bin/Utils.Tests/release_osx-x64/Utils.Tests.dll" adapterTypeName="executor://mstestadapter/v2" className="Utils.Tests.ConversionTests" name="TestIntToPaddedString" />
    </UnitTest>
  </TestDefinitions>
  <TestEntries>
    <TestEntry testId="87340580-4ff3-84ca-c6f9-646d0df3b112" executionId="38d665a4-763e-4796-b41a-a6f9754c5b60" testListId="8c84fa94-04c1-424b-9868-57a2d4851a1d" />
    <TestEntry testId="7c2d3d0c-c860-fb35-079f-8d65ca13e5bd" executionId="770c9eed-6ba6-44db-b1fd-44aa3abad861" testListId="8c84fa94-04c1-424b-9868-57a2d4851a1d" />
    <TestEntry testId="7ed87f6c-038b-3088-c7cc-939417006f1f" executionId="bc841d4c-fa27-4ee8-b129-703b23f64d8e" testListId="8c84fa94-04c1-424b-9868-57a2d4851a1d" />
    <TestEntry testId="5ecc4d90-ae9e-85a7-c3c1-545bad2e9646" executionId="c897f540-5496-4a94-86b7-44c94e8ebc6c" testListId="8c84fa94-04c1-424b-9868-57a2d4851a1d" />
    <TestEntry testId="4ed356bd-cc22-7262-e29f-62031d221a0c" executionId="6c4ba01a-31bb-4dc6-93c9-f0ef3f3cd2b1" testListId="8c84fa94-04c1-424b-9868-57a2d4851a1d" />
    <TestEntry testId="d4883779-b459-c157-8b32-167852cf136a" executionId="e47e8e86-4de2-4c78-b5dd-6e0be792009d" testListId="8c84fa94-04c1-424b-9868-57a2d4851a1d" />
    <TestEntry testId="0a0f921a-26f1-2b7b-6cef-7448fafaff47" executionId="139be0fc-5769-4965-bb96-2424a1edfce4" testListId="8c84fa94-04c1-424b-9868-57a2d4851a1d" />
    <TestEntry testId="6ebca444-4638-4da3-7776-8faa88983cbd" executionId="5d85fa83-5008-48fc-a2fe-90182ee2e357" testListId="8c84fa94-04c1-424b-9868-57a2d4851a1d" />
    <TestEntry testId="3111426e-7cf2-fc95-7afe-647cdf87edaf" executionId="df8f5eb5-d2c2-4b8f-a6eb-85484cfd0dc8" testListId="8c84fa94-04c1-424b-9868-57a2d4851a1d" />
    <TestEntry testId="68347d6d-014e-fb96-80e6-9a59909def33" executionId="06bda19a-0dd3-4e67-928d-5a6a57757a8e" testListId="8c84fa94-04c1-424b-9868-57a2d4851a1d" />
    <TestEntry testId="73775732-2906-be3f-e115-f3854c907656" executionId="1cd87beb-04de-452d-b37e-4a3ef616ad75" testListId="8c84fa94-04c1-424b-9868-57a2d4851a1d" />
    <TestEntry testId="b2e71588-0d10-1546-31ef-7b0118d37b0b" executionId="5495164b-5a78-4210-9160-7c50cc62dd22" testListId="8c84fa94-04c1-424b-9868-57a2d4851a1d" />
    <TestEntry testId="05b34ccd-140b-53e1-83ac-3bbcf5f170bb" executionId="f824e160-3484-483a-b2ac-12d1346827a2" testListId="8c84fa94-04c1-424b-9868-57a2d4851a1d" />
    <TestEntry testId="905fa321-00bc-cf78-6872-ee27f66003f2" executionId="83614474-8f61-40c6-9744-3440edfa5f93" testListId="8c84fa94-04c1-424b-9868-57a2d4851a1d" />
    <TestEntry testId="73c200d4-0179-f23f-e874-5529af9cfb10" executionId="659d7737-05c0-44ee-880a-a1c1d9b1c32c" testListId="8c84fa94-04c1-424b-9868-57a2d4851a1d" />
    <TestEntry testId="b7949501-dd00-e42e-08ec-0b01f240879f" executionId="62cefc1d-3f11-4b77-bf9a-ad3065f5cf70" testListId="8c84fa94-04c1-424b-9868-57a2d4851a1d" />
    <TestEntry testId="9f533fdb-624c-49e5-11ee-0c6ebc524a4f" executionId="3397743e-e7ee-44fd-b8ee-f72f3969274d" testListId="8c84fa94-04c1-424b-9868-57a2d4851a1d" />
    <TestEntry testId="89e9f9e4-a5e1-fcd5-f349-d1d7158fad3c" executionId="ab1eca42-b059-4f0a-be7c-4a711f23eedc" testListId="8c84fa94-04c1-424b-9868-57a2d4851a1d" />
    <TestEntry testId="30a7f46c-51eb-0a8e-7b0f-50f68458c4a9" executionId="6c133788-51af-468b-a36b-5eb9590d9ab5" testListId="8c84fa94-04c1-424b-9868-57a2d4851a1d" />
    <TestEntry testId="13ef7854-9f0e-6c15-ce2b-2db8e99b280e" executionId="62432ef9-9d07-4d75-b391-ec541adab881" testListId="8c84fa94-04c1-424b-9868-57a2d4851a1d" />
    <TestEntry testId="8a775d92-5427-1749-f100-e7ffbe21f38a" executionId="e6fdca20-f82b-4040-a99a-9e7e17e2b8ab" testListId="8c84fa94-04c1-424b-9868-57a2d4851a1d" />
    <TestEntry testId="c6f72b31-e018-3e2f-e31f-2280a965e3b7" executionId="de430056-2bf4-4bef-baf5-9285a6632051" testListId="8c84fa94-04c1-424b-9868-57a2d4851a1d" />
    <TestEntry testId="6aa4a69f-2d57-5665-03d0-c37478fc9d10" executionId="55d2e1d2-5170-41e4-8ed4-ed0c32279c31" testListId="8c84fa94-04c1-424b-9868-57a2d4851a1d" />
    <TestEntry testId="59448ffc-e83e-eaf0-ca86-b666b7b086f9" executionId="ca2543af-ec63-4227-9189-6e7cb784617a" testListId="8c84fa94-04c1-424b-9868-57a2d4851a1d" />
    <TestEntry testId="0596324c-2695-0dfd-9ae1-97b939dc7f6a" executionId="b49ec850-28a8-4f34-8a1d-cb2941d4a268" testListId="8c84fa94-04c1-424b-9868-57a2d4851a1d" />
    <TestEntry testId="2e09dfd4-af8f-6090-daa3-9b8e5d3178b8" executionId="3ea12150-9c73-47b3-ad1b-fc295966cf9a" testListId="8c84fa94-04c1-424b-9868-57a2d4851a1d" />
    <TestEntry testId="f3941f59-5a45-f255-ef3e-3423b48052bc" executionId="2039bafb-f336-43ac-955f-e24261ad7f30" testListId="8c84fa94-04c1-424b-9868-57a2d4851a1d" />
    <TestEntry testId="f1e653ce-75d7-fb40-bd08-81ae5b14ef1b" executionId="66fe251c-011a-4ce1-ab17-ac5bb0618121" testListId="8c84fa94-04c1-424b-9868-57a2d4851a1d" />
    <TestEntry testId="4cbec960-b40c-18f8-d17d-e715be412ea1" executionId="19ad64cd-db44-4f51-b016-c567df5da1e4" testListId="8c84fa94-04c1-424b-9868-57a2d4851a1d" />
  </TestEntries>
  <TestLists>
    <TestList name="Results Not in a List" id="8c84fa94-04c1-424b-9868-57a2d4851a1d" />
    <TestList name="All Loaded Results" id="19431567-8539-422a-85d7-44ee4e166bda" />
  </TestLists>
  <ResultSummary outcome="Completed">
    <Counters total="29" executed="29" passed="29" failed="0" error="0" timeout="0" aborted="0" inconclusive="0" passedButRunAborted="0" notRunnable="0" notExecuted="0" disconnected="0" warning="0" completed="0" inProgress="0" pending="0" />
  </ResultSummary>
</TestRun>