<?xml version="1.0" encoding="utf-8"?>
<TestRun id="a65a1329-446b-4776-a8b5-06e7e0500c57" name="@Mac-1729911323338 2024-10-26 03:17:38" xmlns="http://microsoft.com/schemas/VisualStudio/TeamTest/2010">
  <Times creation="2024-10-26T03:17:38.7005860+00:00" queuing="2024-10-26T03:17:38.7005860+00:00" start="2024-10-26T03:17:38.0462610+00:00" finish="2024-10-26T03:17:38.7393240+00:00" />
  <TestSettings name="default" id="2c5bbc2b-c12a-4fcf-883c-2a2ecfe568e8">
    <Deployment runDeploymentRoot="_Mac-1729911323338_2024-10-26_03_17_38" />
  </TestSettings>
  <Results>
    <UnitTestResult executionId="739d133d-394a-4cfd-9c12-f6ec7e7c4dbc" testId="3a9301d1-7010-823c-e66c-88af2808c1a6" testName="TestSlugify (a!=b,ab)" computerName="Mac-1729911323338" duration="00:00:00.0002124" startTime="2024-10-26T03:17:38.6516480+00:00" endTime="2024-10-26T03:17:38.6519610+00:00" testType="13cdc9d9-ddb5-4fa4-a97d-d965ccfc6d4b" outcome="Passed" testListId="8c84fa94-04c1-424b-9868-57a2d4851a1d" relativeResultsDirectory="739d133d-394a-4cfd-9c12-f6ec7e7c4dbc" />
    <UnitTestResult executionId="51c65e2e-8ec2-49e4-8ea0-ac990c80bb66" testId="62a6d94a-e870-9da0-1b69-a541b0932bf2" testName="TestSlugify (a &#x9;&#xA;b,a-b)" computerName="Mac-1729911323338" duration="00:00:00.0000056" startTime="2024-10-26T03:17:38.6519870+00:00" endTime="2024-10-26T03:17:38.6522150+00:00" testType="13cdc9d9-ddb5-4fa4-a97d-d965ccfc6d4b" outcome="Passed" testListId="8c84fa94-04c1-424b-9868-57a2d4851a1d" relativeResultsDirectory="51c65e2e-8ec2-49e4-8ea0-ac990c80bb66" />
    <UnitTestResult executionId="052138ee-9825-4b2a-b472-5071e72ad481" testId="1c703d85-ea03-54b9-5eac-1b2b2cbac679" testName="TestIntToPaddedString (-1,99,-01)" computerName="Mac-1729911323338" duration="00:00:00.0000051" startTime="2024-10-26T03:17:38.6504920+00:00" endTime="2024-10-26T03:17:38.6506170+00:00" testType="13cdc9d9-ddb5-4fa4-a97d-d965ccfc6d4b" outcome="Passed" testListId="8c84fa94-04c1-424b-9868-57a2d4851a1d" relativeResultsDirectory="052138ee-9825-4b2a-b472-5071e72ad481" />
    <UnitTestResult executionId="dadf96da-ff9a-4a8a-a61b-37afe547dac1" testId="d42f42b6-d93f-d960-5d27-06df3052db98" testName="TestLongestCommonPrefix (,abc,)" computerName="Mac-1729911323338" duration="00:00:00.0000044" startTime="2024-10-26T03:17:38.6583690+00:00" endTime="2024-10-26T03:17:38.6594210+00:00" testType="13cdc9d9-ddb5-4fa4-a97d-d965ccfc6d4b" outcome="Passed" testListId="8c84fa94-04c1-424b-9868-57a2d4851a1d" relativeResultsDirectory="dadf96da-ff9a-4a8a-a61b-37afe547dac1" />
    <UnitTestResult executionId="dbdc87db-3546-46c0-aae3-31a26e43bffb" testId="a3f77300-0680-a5f8-f2e4-7d4acf7a198e" testName="TestIntToPaddedString (1,101,001)" computerName="Mac-1729911323338" duration="00:00:00.0000050" startTime="2024-10-26T03:17:38.6147260+00:00" endTime="2024-10-26T03:17:38.6148290+00:00" testType="13cdc9d9-ddb5-4fa4-a97d-d965ccfc6d4b" outcome="Passed" testListId="8c84fa94-04c1-424b-9868-57a2d4851a1d" relativeResultsDirectory="dbdc87db-3546-46c0-aae3-31a26e43bffb" />
    <UnitTestResult executionId="197d098a-1728-4f50-8fba-ba42c5f433af" testId="5573160c-487a-bc77-bb42-e524547d4118" testName="TestSlugify (a1 b2 c3,a1-b2-c3)" computerName="Mac-1729911323338" duration="00:00:00.0000043" startTime="2024-10-26T03:17:38.6550040+00:00" endTime="2024-10-26T03:17:38.6550820+00:00" testType="13cdc9d9-ddb5-4fa4-a97d-d965ccfc6d4b" outcome="Passed" testListId="8c84fa94-04c1-424b-9868-57a2d4851a1d" relativeResultsDirectory="197d098a-1728-4f50-8fba-ba42c5f433af" />
    <UnitTestResult executionId="9e27720f-b9fb-46a0-87f6-c1b89aeb5c8c" testId="a2263742-615b-76c2-5bc5-5f93935821eb" testName="TestIntToPaddedString (-1,101,-001)" computerName="Mac-1729911323338" duration="00:00:00.0000044" startTime="2024-10-26T03:17:38.6507600+00:00" endTime="2024-10-26T03:17:38.6510090+00:00" testType="13cdc9d9-ddb5-4fa4-a97d-d965ccfc6d4b" outcome="Passed" testListId="8c84fa94-04c1-424b-9868-57a2d4851a1d" relativeResultsDirectory="9e27720f-b9fb-46a0-87f6-c1b89aeb5c8c" />
    <UnitTestResult executionId="3595f573-71f3-438f-92e1-cbc6ea86f00e" testId="8408e916-bcaf-d8f6-b759-f9ad50e8e4ff" testName="TestLongestCommonPrefix (ab,abc,ab)" computerName="Mac-1729911323338" duration="00:00:00.0000050" startTime="2024-10-26T03:17:38.6570550+00:00" endTime="2024-10-26T03:17:38.6571690+00:00" testType="13cdc9d9-ddb5-4fa4-a97d-d965ccfc6d4b" outcome="Passed" testListId="8c84fa94-04c1-424b-9868-57a2d4851a1d" relativeResultsDirectory="3595f573-71f3-438f-92e1-cbc6ea86f00e" />
    <UnitTestResult executionId="919e3045-8fac-405b-838f-0a432eec68e9" testId="9efb2462-b0e0-b10d-66d1-7d3107a3fbeb" testName="TestSlugify (ä ö ü,a-o-u)" computerName="Mac-1729911323338" duration="00:00:00.0000432" startTime="2024-10-26T03:17:38.6546910+00:00" endTime="2024-10-26T03:17:38.6548530+00:00" testType="13cdc9d9-ddb5-4fa4-a97d-d965ccfc6d4b" outcome="Passed" testListId="8c84fa94-04c1-424b-9868-57a2d4851a1d" relativeResultsDirectory="919e3045-8fac-405b-838f-0a432eec68e9" />
    <UnitTestResult executionId="2eba9649-f2ae-4f14-b18a-61e931fcaac9" testId="ae3d27fa-e34c-1837-0b5c-18a6db5d1f23" testName="TestIntToPaddedString (-1,10,-01)" computerName="Mac-1729911323338" duration="00:00:00.0000049" startTime="2024-10-26T03:17:38.6149900+00:00" endTime="2024-10-26T03:17:38.6151030+00:00" testType="13cdc9d9-ddb5-4fa4-a97d-d965ccfc6d4b" outcome="Passed" testListId="8c84fa94-04c1-424b-9868-57a2d4851a1d" relativeResultsDirectory="2eba9649-f2ae-4f14-b18a-61e931fcaac9" />
    <UnitTestResult executionId="dbb49cd8-998d-43e4-b961-d1bf0c54a870" testId="df4993de-020f-a326-30b8-c0c5f8ad5a0d" testName="TestSlugify (Abc-DEF,abc-def)" computerName="Mac-1729911323338" duration="00:00:00.0000070" startTime="2024-10-26T03:17:38.6542810+00:00" endTime="2024-10-26T03:17:38.6545120+00:00" testType="13cdc9d9-ddb5-4fa4-a97d-d965ccfc6d4b" outcome="Passed" testListId="8c84fa94-04c1-424b-9868-57a2d4851a1d" relativeResultsDirectory="dbb49cd8-998d-43e4-b961-d1bf0c54a870" />
    <UnitTestResult executionId="ef51c568-dfab-450f-b68e-08b439185874" testId="b728a8c6-c2a2-b5c8-4216-89bc12e2512c" testName="TestIntToPaddedString (1,11,01)" computerName="Mac-1729911323338" duration="00:00:00.0000053" startTime="2024-10-26T03:17:38.6143230+00:00" endTime="2024-10-26T03:17:38.6144380+00:00" testType="13cdc9d9-ddb5-4fa4-a97d-d965ccfc6d4b" outcome="Passed" testListId="8c84fa94-04c1-424b-9868-57a2d4851a1d" relativeResultsDirectory="ef51c568-dfab-450f-b68e-08b439185874" />
    <UnitTestResult executionId="194762bb-26da-412a-a016-aab0aa53cf8a" testId="b5d91387-500d-fb02-ea2e-4b91aac7952d" testName="TestSlugify (a_b,a-b)" computerName="Mac-1729911323338" duration="00:00:00.0000042" startTime="2024-10-26T03:17:38.6545420+00:00" endTime="2024-10-26T03:17:38.6546360+00:00" testType="13cdc9d9-ddb5-4fa4-a97d-d965ccfc6d4b" outcome="Passed" testListId="8c84fa94-04c1-424b-9868-57a2d4851a1d" relativeResultsDirectory="194762bb-26da-412a-a016-aab0aa53cf8a" />
    <UnitTestResult executionId="e03f3a6b-357c-465d-a3d1-98f63f763c4f" testId="420f1a19-ff6e-f078-dedd-41141d39560f" testName="TestIntToPaddedString (0,100,000)" computerName="Mac-1729911323338" duration="00:00:00.0031793" startTime="2024-10-26T03:17:38.5877240+00:00" endTime="2024-10-26T03:17:38.6079580+00:00" testType="13cdc9d9-ddb5-4fa4-a97d-d965ccfc6d4b" outcome="Passed" testListId="8c84fa94-04c1-424b-9868-57a2d4851a1d" relativeResultsDirectory="e03f3a6b-357c-465d-a3d1-98f63f763c4f" />
    <UnitTestResult executionId="a0c5e147-34fe-4661-96ba-2cc817038da3" testId="cebf5c0a-1b76-8025-63f9-dc2569afc414" testName="TestLongestCommonPrefix (ab,ab,abc)" computerName="Mac-1729911323338" duration="00:00:00.0000065" startTime="2024-10-26T03:17:38.6566810+00:00" endTime="2024-10-26T03:17:38.6570230+00:00" testType="13cdc9d9-ddb5-4fa4-a97d-d965ccfc6d4b" outcome="Passed" testListId="8c84fa94-04c1-424b-9868-57a2d4851a1d" relativeResultsDirectory="a0c5e147-34fe-4661-96ba-2cc817038da3" />
    <UnitTestResult executionId="ae1766a1-ad79-4861-976f-2fee7011f9a0" testId="a542e80e-ad7f-f7bc-b126-509b35c65dcd" testName="TestIntToPaddedString (-1,11,-01)" computerName="Mac-1729911323338" duration="00:00:00.0000316" startTime="2024-10-26T03:17:38.6502230+00:00" endTime="2024-10-26T03:17:38.6504500+00:00" testType="13cdc9d9-ddb5-4fa4-a97d-d965ccfc6d4b" outcome="Passed" testListId="8c84fa94-04c1-424b-9868-57a2d4851a1d" relativeResultsDirectory="ae1766a1-ad79-4861-976f-2fee7011f9a0" />
    <UnitTestResult executionId="2c8ece25-6a88-474c-967c-5c1719c346ea" testId="7110d810-a6b9-be2f-3023-995d72499541" testName="TestLongestCommonPrefix (a,a1,a2,a3)" computerName="Mac-1729911323338" duration="00:00:00.0004959" startTime="2024-10-26T03:17:38.6556920+00:00" endTime="2024-10-26T03:17:38.6566470+00:00" testType="13cdc9d9-ddb5-4fa4-a97d-d965ccfc6d4b" outcome="Passed" testListId="8c84fa94-04c1-424b-9868-57a2d4851a1d" relativeResultsDirectory="2c8ece25-6a88-474c-967c-5c1719c346ea" />
    <UnitTestResult executionId="87329bb7-1ed8-43dc-9877-66f4773007e9" testId="c8d5f237-3971-af43-1ce5-75e0f10e91bd" testName="TestIntToPaddedString (1,10,01)" computerName="Mac-1729911323338" duration="00:00:00.0000065" startTime="2024-10-26T03:17:38.6141650+00:00" endTime="2024-10-26T03:17:38.6142960+00:00" testType="13cdc9d9-ddb5-4fa4-a97d-d965ccfc6d4b" outcome="Passed" testListId="8c84fa94-04c1-424b-9868-57a2d4851a1d" relativeResultsDirectory="87329bb7-1ed8-43dc-9877-66f4773007e9" />
    <UnitTestResult executionId="5f75b0d3-fedb-46d3-b1aa-59b7e6c3ea72" testId="9b70ad5a-1ed0-febb-20d0-5b4ef673b6d4" testName="TestIntToPaddedString (-1,100,-001)" computerName="Mac-1729911323338" duration="00:00:00.0000045" startTime="2024-10-26T03:17:38.6506400+00:00" endTime="2024-10-26T03:17:38.6507340+00:00" testType="13cdc9d9-ddb5-4fa4-a97d-d965ccfc6d4b" outcome="Passed" testListId="8c84fa94-04c1-424b-9868-57a2d4851a1d" relativeResultsDirectory="5f75b0d3-fedb-46d3-b1aa-59b7e6c3ea72" />
    <UnitTestResult executionId="03c4f05e-d9c9-4a50-ab5e-105fb9893b3d" testId="8316a9c6-5ae1-1ddb-b573-d1af46ed90eb" testName="TestSlugify (Ä Ö Ü,a-o-u)" computerName="Mac-1729911323338" duration="00:00:00.0000071" startTime="2024-10-26T03:17:38.6548860+00:00" endTime="2024-10-26T03:17:38.6549780+00:00" testType="13cdc9d9-ddb5-4fa4-a97d-d965ccfc6d4b" outcome="Passed" testListId="8c84fa94-04c1-424b-9868-57a2d4851a1d" relativeResultsDirectory="03c4f05e-d9c9-4a50-ab5e-105fb9893b3d" />
    <UnitTestResult executionId="914bc823-2f29-4e0c-8224-aa6aff2da829" testId="18510e6b-6632-838e-bcc7-7e2cce106c61" testName="TestIntToPaddedString (1,100,001)" computerName="Mac-1729911323338" duration="00:00:00.0000048" startTime="2024-10-26T03:17:38.6145970+00:00" endTime="2024-10-26T03:17:38.6147030+00:00" testType="13cdc9d9-ddb5-4fa4-a97d-d965ccfc6d4b" outcome="Passed" testListId="8c84fa94-04c1-424b-9868-57a2d4851a1d" relativeResultsDirectory="914bc823-2f29-4e0c-8224-aa6aff2da829" />
    <UnitTestResult executionId="ff96f6c5-124f-4c9d-b173-de49055612f2" testId="7d484181-ec58-d638-4e39-a3b4456a31af" testName="TestLongestCommonPrefix (,,abc)" computerName="Mac-1729911323338" duration="00:00:00.0000044" startTime="2024-10-26T03:17:38.6581600+00:00" endTime="2024-10-26T03:17:38.6583440+00:00" testType="13cdc9d9-ddb5-4fa4-a97d-d965ccfc6d4b" outcome="Passed" testListId="8c84fa94-04c1-424b-9868-57a2d4851a1d" relativeResultsDirectory="ff96f6c5-124f-4c9d-b173-de49055612f2" />
    <UnitTestResult executionId="b89613ea-0a34-4464-9def-3216543d4ec8" testId="f481b953-fba9-d37f-5e2b-a12e000d2c1e" testName="TestSlugify (a - b,a-b)" computerName="Mac-1729911323338" duration="00:00:00.0000149" startTime="2024-10-26T03:17:38.6523490+00:00" endTime="2024-10-26T03:17:38.6524490+00:00" testType="13cdc9d9-ddb5-4fa4-a97d-d965ccfc6d4b" outcome="Passed" testListId="8c84fa94-04c1-424b-9868-57a2d4851a1d" relativeResultsDirectory="b89613ea-0a34-4464-9def-3216543d4ec8" />
    <UnitTestResult executionId="9b097f29-2831-4dc6-bbd1-17aa877a0c61" testId="a7f79b6b-7729-aa35-65cd-55c176400c98" testName="TestLongestCommonPrefix ()" computerName="Mac-1729911323338" duration="00:00:00.0003751" startTime="2024-10-26T03:17:38.6551020+00:00" endTime="2024-10-26T03:17:38.6556570+00:00" testType="13cdc9d9-ddb5-4fa4-a97d-d965ccfc6d4b" outcome="Passed" testListId="8c84fa94-04c1-424b-9868-57a2d4851a1d" relativeResultsDirectory="9b097f29-2831-4dc6-bbd1-17aa877a0c61" />
    <UnitTestResult executionId="f5e01037-4a5c-4a3c-8585-e61d6f3ac2d8" testId="dd14498c-1ded-be08-8509-add8edff9a45" testName="TestIntToPaddedString (1,9,1)" computerName="Mac-1729911323338" duration="00:00:00.0003647" startTime="2024-10-26T03:17:38.6131860+00:00" endTime="2024-10-26T03:17:38.6138070+00:00" testType="13cdc9d9-ddb5-4fa4-a97d-d965ccfc6d4b" outcome="Passed" testListId="8c84fa94-04c1-424b-9868-57a2d4851a1d" relativeResultsDirectory="f5e01037-4a5c-4a3c-8585-e61d6f3ac2d8" />
    <UnitTestResult executionId="d8c5ad58-1eff-48b8-9ad2-b6b78fce904e" testId="82796396-c4b5-3461-49bf-5fd76006abb5" testName="TestSlugify (a- -b,a-b)" computerName="Mac-1729911323338" duration="00:00:00.0000042" startTime="2024-10-26T03:17:38.6522400+00:00" endTime="2024-10-26T03:17:38.6523250+00:00" testType="13cdc9d9-ddb5-4fa4-a97d-d965ccfc6d4b" outcome="Passed" testListId="8c84fa94-04c1-424b-9868-57a2d4851a1d" relativeResultsDirectory="d8c5ad58-1eff-48b8-9ad2-b6b78fce904e" />
    <UnitTestResult executionId="90b02370-33ce-4628-a0ba-1f3d2857568f" testId="439dbed2-a9ea-4783-559c-00267e9a2876" testName="TestIntToPaddedString (1,99,01)" computerName="Mac-1729911323338" duration="00:00:00.0000052" startTime="2024-10-26T03:17:38.6144630+00:00" endTime="2024-10-26T03:17:38.6145740+00:00" testType="13cdc9d9-ddb5-4fa4-a97d-d965ccfc6d4b" outcome="Passed" testListId="8c84fa94-04c1-424b-9868-57a2d4851a1d" relativeResultsDirectory="90b02370-33ce-4628-a0ba-1f3d2857568f" />
    <UnitTestResult executionId="0b6f3273-ec70-435b-a755-6f1d6d8e6f04" testId="40fa6d0a-7e3d-d497-4aac-1a632b656c7b" testName="TestSlugify (!- -a- -!,a)" computerName="Mac-1729911323338" duration="00:00:00.0004093" startTime="2024-10-26T03:17:38.6510420+00:00" endTime="2024-10-26T03:17:38.6516160+00:00" testType="13cdc9d9-ddb5-4fa4-a97d-d965ccfc6d4b" outcome="Passed" testListId="8c84fa94-04c1-424b-9868-57a2d4851a1d" relativeResultsDirectory="0b6f3273-ec70-435b-a755-6f1d6d8e6f04" />
    <UnitTestResult executionId="c9bf17f6-9c57-4b0b-9a90-afb62466c649" testId="bd454bd6-6230-8ebd-0f19-bd6e2a2f31d0" testName="TestIntToPaddedString (-1,9,-1)" computerName="Mac-1729911323338" duration="00:00:00.0000067" startTime="2024-10-26T03:17:38.6148580+00:00" endTime="2024-10-26T03:17:38.6149590+00:00" testType="13cdc9d9-ddb5-4fa4-a97d-d965ccfc6d4b" outcome="Passed" testListId="8c84fa94-04c1-424b-9868-57a2d4851a1d" relativeResultsDirectory="c9bf17f6-9c57-4b0b-9a90-afb62466c649" />
  </Results>
  <TestDefinitions>
    <UnitTest name="TestIntToPaddedString (0,100,000)" storage="/users/runner/work/dotnet-monorepo/dotnet-monorepo/src/artifacts/bin/utils.tests/release_osx-x64/utils.tests.dll" id="420f1a19-ff6e-f078-dedd-41141d39560f">
      <Execution id="e03f3a6b-357c-465d-a3d1-98f63f763c4f" />
      <TestMethod codeBase="/Users/runner/work/dotnet-monorepo/dotnet-monorepo/src/artifacts/bin/Utils.Tests/release_osx-x64/Utils.Tests.dll" adapterTypeName="executor://mstestadapter/v2" className="Utils.Tests.ConversionTests" name="TestIntToPaddedString" />
    </UnitTest>
    <UnitTest name="TestSlugify (!- -a- -!,a)" storage="/users/runner/work/dotnet-monorepo/dotnet-monorepo/src/artifacts/bin/utils.tests/release_osx-x64/utils.tests.dll" id="40fa6d0a-7e3d-d497-4aac-1a632b656c7b">
      <Execution id="0b6f3273-ec70-435b-a755-6f1d6d8e6f04" />
      <TestMethod codeBase="/Users/runner/work/dotnet-monorepo/dotnet-monorepo/src/artifacts/bin/Utils.Tests/release_osx-x64/Utils.Tests.dll" adapterTypeName="executor://mstestadapter/v2" className="Utils.Tests.StringTests" name="TestSlugify" />
    </UnitTest>
    <UnitTest name="TestSlugify (Ä Ö Ü,a-o-u)" storage="/users/runner/work/dotnet-monorepo/dotnet-monorepo/src/artifacts/bin/utils.tests/release_osx-x64/utils.tests.dll" id="8316a9c6-5ae1-1ddb-b573-d1af46ed90eb">
      <Execution id="03c4f05e-d9c9-4a50-ab5e-105fb9893b3d" />
      <TestMethod codeBase="/Users/runner/work/dotnet-monorepo/dotnet-monorepo/src/artifacts/bin/Utils.Tests/release_osx-x64/Utils.Tests.dll" adapterTypeName="executor://mstestadapter/v2" className="Utils.Tests.StringTests" name="TestSlugify" />
    </UnitTest>
    <UnitTest name="TestLongestCommonPrefix (ab,abc,ab)" storage="/users/runner/work/dotnet-monorepo/dotnet-monorepo/src/artifacts/bin/utils.tests/release_osx-x64/utils.tests.dll" id="8408e916-bcaf-d8f6-b759-f9ad50e8e4ff">
      <Execution id="3595f573-71f3-438f-92e1-cbc6ea86f00e" />
      <TestMethod codeBase="/Users/runner/work/dotnet-monorepo/dotnet-monorepo/src/artifacts/bin/Utils.Tests/release_osx-x64/Utils.Tests.dll" adapterTypeName="executor://mstestadapter/v2" className="Utils.Tests.StringTests" name="TestLongestCommonPrefix" />
    </UnitTest>
    <UnitTest name="TestLongestCommonPrefix (,,abc)" storage="/users/runner/work/dotnet-monorepo/dotnet-monorepo/src/artifacts/bin/utils.tests/release_osx-x64/utils.tests.dll" id="7d484181-ec58-d638-4e39-a3b4456a31af">
      <Execution id="ff96f6c5-124f-4c9d-b173-de49055612f2" />
      <TestMethod codeBase="/Users/runner/work/dotnet-monorepo/dotnet-monorepo/src/artifacts/bin/Utils.Tests/release_osx-x64/Utils.Tests.dll" adapterTypeName="executor://mstestadapter/v2" className="Utils.Tests.StringTests" name="TestLongestCommonPrefix" />
    </UnitTest>
    <UnitTest name="TestSlugify (Abc-DEF,abc-def)" storage="/users/runner/work/dotnet-monorepo/dotnet-monorepo/src/artifacts/bin/utils.tests/release_osx-x64/utils.tests.dll" id="df4993de-020f-a326-30b8-c0c5f8ad5a0d">
      <Execution id="dbb49cd8-998d-43e4-b961-d1bf0c54a870" />
      <TestMethod codeBase="/Users/runner/work/dotnet-monorepo/dotnet-monorepo/src/artifacts/bin/Utils.Tests/release_osx-x64/Utils.Tests.dll" adapterTypeName="executor://mstestadapter/v2" className="Utils.Tests.StringTests" name="TestSlugify" />
    </UnitTest>
    <UnitTest name="TestIntToPaddedString (-1,100,-001)" storage="/users/runner/work/dotnet-monorepo/dotnet-monorepo/src/artifacts/bin/utils.tests/release_osx-x64/utils.tests.dll" id="9b70ad5a-1ed0-febb-20d0-5b4ef673b6d4">
      <Execution id="5f75b0d3-fedb-46d3-b1aa-59b7e6c3ea72" />
      <TestMethod codeBase="/Users/runner/work/dotnet-monorepo/dotnet-monorepo/src/artifacts/bin/Utils.Tests/release_osx-x64/Utils.Tests.dll" adapterTypeName="executor://mstestadapter/v2" className="Utils.Tests.ConversionTests" name="TestIntToPaddedString" />
    </UnitTest>
    <UnitTest name="TestIntToPaddedString (1,100,001)" storage="/users/runner/work/dotnet-monorepo/dotnet-monorepo/src/artifacts/bin/utils.tests/release_osx-x64/utils.tests.dll" id="18510e6b-6632-838e-bcc7-7e2cce106c61">
      <Execution id="914bc823-2f29-4e0c-8224-aa6aff2da829" />
      <TestMethod codeBase="/Users/runner/work/dotnet-monorepo/dotnet-monorepo/src/artifacts/bin/Utils.Tests/release_osx-x64/Utils.Tests.dll" adapterTypeName="executor://mstestadapter/v2" className="Utils.Tests.ConversionTests" name="TestIntToPaddedString" />
    </UnitTest>
    <UnitTest name="TestSlugify (a!=b,ab)" storage="/users/runner/work/dotnet-monorepo/dotnet-monorepo/src/artifacts/bin/utils.tests/release_osx-x64/utils.tests.dll" id="3a9301d1-7010-823c-e66c-88af2808c1a6">
      <Execution id="739d133d-394a-4cfd-9c12-f6ec7e7c4dbc" />
      <TestMethod codeBase="/Users/runner/work/dotnet-monorepo/dotnet-monorepo/src/artifacts/bin/Utils.Tests/release_osx-x64/Utils.Tests.dll" adapterTypeName="executor://mstestadapter/v2" className="Utils.Tests.StringTests" name="TestSlugify" />
    </UnitTest>
    <UnitTest name="TestIntToPaddedString (-1,99,-01)" storage="/users/runner/work/dotnet-monorepo/dotnet-monorepo/src/artifacts/bin/utils.tests/release_osx-x64/utils.tests.dll" id="1c703d85-ea03-54b9-5eac-1b2b2cbac679">
      <Execution id="052138ee-9825-4b2a-b472-5071e72ad481" />
      <TestMethod codeBase="/Users/runner/work/dotnet-monorepo/dotnet-monorepo/src/artifacts/bin/Utils.Tests/release_osx-x64/Utils.Tests.dll" adapterTypeName="executor://mstestadapter/v2" className="Utils.Tests.ConversionTests" name="TestIntToPaddedString" />
    </UnitTest>
    <UnitTest name="TestIntToPaddedString (1,101,001)" storage="/users/runner/work/dotnet-monorepo/dotnet-monorepo/src/artifacts/bin/utils.tests/release_osx-x64/utils.tests.dll" id="a3f77300-0680-a5f8-f2e4-7d4acf7a198e">
      <Execution id="dbdc87db-3546-46c0-aae3-31a26e43bffb" />
      <TestMethod codeBase="/Users/runner/work/dotnet-monorepo/dotnet-monorepo/src/artifacts/bin/Utils.Tests/release_osx-x64/Utils.Tests.dll" adapterTypeName="executor://mstestadapter/v2" className="Utils.Tests.ConversionTests" name="TestIntToPaddedString" />
    </UnitTest>
    <UnitTest name="TestIntToPaddedString (1,99,01)" storage="/users/runner/work/dotnet-monorepo/dotnet-monorepo/src/artifacts/bin/utils.tests/release_osx-x64/utils.tests.dll" id="439dbed2-a9ea-4783-559c-00267e9a2876">
      <Execution id="90b02370-33ce-4628-a0ba-1f3d2857568f" />
      <TestMethod codeBase="/Users/runner/work/dotnet-monorepo/dotnet-monorepo/src/artifacts/bin/Utils.Tests/release_osx-x64/Utils.Tests.dll" adapterTypeName="executor://mstestadapter/v2" className="Utils.Tests.ConversionTests" name="TestIntToPaddedString" />
    </UnitTest>
    <UnitTest name="TestIntToPaddedString (-1,101,-001)" storage="/users/runner/work/dotnet-monorepo/dotnet-monorepo/src/artifacts/bin/utils.tests/release_osx-x64/utils.tests.dll" id="a2263742-615b-76c2-5bc5-5f93935821eb">
      <Execution id="9e27720f-b9fb-46a0-87f6-c1b89aeb5c8c" />
      <TestMethod codeBase="/Users/runner/work/dotnet-monorepo/dotnet-monorepo/src/artifacts/bin/Utils.Tests/release_osx-x64/Utils.Tests.dll" adapterTypeName="executor://mstestadapter/v2" className="Utils.Tests.ConversionTests" name="TestIntToPaddedString" />
    </UnitTest>
    <UnitTest name="TestSlugify (ä ö ü,a-o-u)" storage="/users/runner/work/dotnet-monorepo/dotnet-monorepo/src/artifacts/bin/utils.tests/release_osx-x64/utils.tests.dll" id="9efb2462-b0e0-b10d-66d1-7d3107a3fbeb">
      <Execution id="919e3045-8fac-405b-838f-0a432eec68e9" />
      <TestMethod codeBase="/Users/runner/work/dotnet-monorepo/dotnet-monorepo/src/artifacts/bin/Utils.Tests/release_osx-x64/Utils.Tests.dll" adapterTypeName="executor://mstestadapter/v2" className="Utils.Tests.StringTests" name="TestSlugify" />
    </UnitTest>
    <UnitTest name="TestIntToPaddedString (-1,9,-1)" storage="/users/runner/work/dotnet-monorepo/dotnet-monorepo/src/artifacts/bin/utils.tests/release_osx-x64/utils.tests.dll" id="bd454bd6-6230-8ebd-0f19-bd6e2a2f31d0">
      <Execution id="c9bf17f6-9c57-4b0b-9a90-afb62466c649" />
      <TestMethod codeBase="/Users/runner/work/dotnet-monorepo/dotnet-monorepo/src/artifacts/bin/Utils.Tests/release_osx-x64/Utils.Tests.dll" adapterTypeName="executor://mstestadapter/v2" className="Utils.Tests.ConversionTests" name="TestIntToPaddedString" />
    </UnitTest>
    <UnitTest name="TestLongestCommonPrefix ()" storage="/users/runner/work/dotnet-monorepo/dotnet-monorepo/src/artifacts/bin/utils.tests/release_osx-x64/utils.tests.dll" id="a7f79b6b-7729-aa35-65cd-55c176400c98">
      <Execution id="9b097f29-2831-4dc6-bbd1-17aa877a0c61" />
      <TestMethod codeBase="/Users/runner/work/dotnet-monorepo/dotnet-monorepo/src/artifacts/bin/Utils.Tests/release_osx-x64/Utils.Tests.dll" adapterTypeName="executor://mstestadapter/v2" className="Utils.Tests.StringTests" name="TestLongestCommonPrefix" />
    </UnitTest>
    <UnitTest name="TestIntToPaddedString (1,10,01)" storage="/users/runner/work/dotnet-monorepo/dotnet-monorepo/src/artifacts/bin/utils.tests/release_osx-x64/utils.tests.dll" id="c8d5f237-3971-af43-1ce5-75e0f10e91bd">
      <Execution id="87329bb7-1ed8-43dc-9877-66f4773007e9" />
      <TestMethod codeBase="/Users/runner/work/dotnet-monorepo/dotnet-monorepo/src/artifacts/bin/Utils.Tests/release_osx-x64/Utils.Tests.dll" adapterTypeName="executor://mstestadapter/v2" className="Utils.Tests.ConversionTests" name="TestIntToPaddedString" />
    </UnitTest>
    <UnitTest name="TestLongestCommonPrefix (ab,ab,abc)" storage="/users/runner/work/dotnet-monorepo/dotnet-monorepo/src/artifacts/bin/utils.tests/release_osx-x64/utils.tests.dll" id="cebf5c0a-1b76-8025-63f9-dc2569afc414">
      <Execution id="a0c5e147-34fe-4661-96ba-2cc817038da3" />
      <TestMethod codeBase="/Users/runner/work/dotnet-monorepo/dotnet-monorepo/src/artifacts/bin/Utils.Tests/release_osx-x64/Utils.Tests.dll" adapterTypeName="executor://mstestadapter/v2" className="Utils.Tests.StringTests" name="TestLongestCommonPrefix" />
    </UnitTest>
    <UnitTest name="TestIntToPaddedString (1,11,01)" storage="/users/runner/work/dotnet-monorepo/dotnet-monorepo/src/artifacts/bin/utils.tests/release_osx-x64/utils.tests.dll" id="b728a8c6-c2a2-b5c8-4216-89bc12e2512c">
      <Execution id="ef51c568-dfab-450f-b68e-08b439185874" />
      <TestMethod codeBase="/Users/runner/work/dotnet-monorepo/dotnet-monorepo/src/artifacts/bin/Utils.Tests/release_osx-x64/Utils.Tests.dll" adapterTypeName="executor://mstestadapter/v2" className="Utils.Tests.ConversionTests" name="TestIntToPaddedString" />
    </UnitTest>
    <UnitTest name="TestIntToPaddedString (-1,10,-01)" storage="/users/runner/work/dotnet-monorepo/dotnet-monorepo/src/artifacts/bin/utils.tests/release_osx-x64/utils.tests.dll" id="ae3d27fa-e34c-1837-0b5c-18a6db5d1f23">
      <Execution id="2eba9649-f2ae-4f14-b18a-61e931fcaac9" />
      <TestMethod codeBase="/Users/runner/work/dotnet-monorepo/dotnet-monorepo/src/artifacts/bin/Utils.Tests/release_osx-x64/Utils.Tests.dll" adapterTypeName="executor://mstestadapter/v2" className="Utils.Tests.ConversionTests" name="TestIntToPaddedString" />
    </UnitTest>
    <UnitTest name="TestSlugify (a- -b,a-b)" storage="/users/runner/work/dotnet-monorepo/dotnet-monorepo/src/artifacts/bin/utils.tests/release_osx-x64/utils.tests.dll" id="82796396-c4b5-3461-49bf-5fd76006abb5">
      <Execution id="d8c5ad58-1eff-48b8-9ad2-b6b78fce904e" />
      <TestMethod codeBase="/Users/runner/work/dotnet-monorepo/dotnet-monorepo/src/artifacts/bin/Utils.Tests/release_osx-x64/Utils.Tests.dll" adapterTypeName="executor://mstestadapter/v2" className="Utils.Tests.StringTests" name="TestSlugify" />
    </UnitTest>
    <UnitTest name="TestSlugify (a1 b2 c3,a1-b2-c3)" storage="/users/runner/work/dotnet-monorepo/dotnet-monorepo/src/artifacts/bin/utils.tests/release_osx-x64/utils.tests.dll" id="5573160c-487a-bc77-bb42-e524547d4118">
      <Execution id="197d098a-1728-4f50-8fba-ba42c5f433af" />
      <TestMethod codeBase="/Users/runner/work/dotnet-monorepo/dotnet-monorepo/src/artifacts/bin/Utils.Tests/release_osx-x64/Utils.Tests.dll" adapterTypeName="executor://mstestadapter/v2" className="Utils.Tests.StringTests" name="TestSlugify" />
    </UnitTest>
    <UnitTest name="TestSlugify (a &#x9;&#xA;b,a-b)" storage="/users/runner/work/dotnet-monorepo/dotnet-monorepo/src/artifacts/bin/utils.tests/release_osx-x64/utils.tests.dll" id="62a6d94a-e870-9da0-1b69-a541b0932bf2">
      <Execution id="51c65e2e-8ec2-49e4-8ea0-ac990c80bb66" />
      <TestMethod codeBase="/Users/runner/work/dotnet-monorepo/dotnet-monorepo/src/artifacts/bin/Utils.Tests/release_osx-x64/Utils.Tests.dll" adapterTypeName="executor://mstestadapter/v2" className="Utils.Tests.StringTests" name="TestSlugify" />
    </UnitTest>
    <UnitTest name="TestSlugify (a - b,a-b)" storage="/users/runner/work/dotnet-monorepo/dotnet-monorepo/src/artifacts/bin/utils.tests/release_osx-x64/utils.tests.dll" id="f481b953-fba9-d37f-5e2b-a12e000d2c1e">
      <Execution id="b89613ea-0a34-4464-9def-3216543d4ec8" />
      <TestMethod codeBase="/Users/runner/work/dotnet-monorepo/dotnet-monorepo/src/artifacts/bin/Utils.Tests/release_osx-x64/Utils.Tests.dll" adapterTypeName="executor://mstestadapter/v2" className="Utils.Tests.StringTests" name="TestSlugify" />
    </UnitTest>
    <UnitTest name="TestIntToPaddedString (-1,11,-01)" storage="/users/runner/work/dotnet-monorepo/dotnet-monorepo/src/artifacts/bin/utils.tests/release_osx-x64/utils.tests.dll" id="a542e80e-ad7f-f7bc-b126-509b35c65dcd">
      <Execution id="ae1766a1-ad79-4861-976f-2fee7011f9a0" />
      <TestMethod codeBase="/Users/runner/work/dotnet-monorepo/dotnet-monorepo/src/artifacts/bin/Utils.Tests/release_osx-x64/Utils.Tests.dll" adapterTypeName="executor://mstestadapter/v2" className="Utils.Tests.ConversionTests" name="TestIntToPaddedString" />
    </UnitTest>
    <UnitTest name="TestSlugify (a_b,a-b)" storage="/users/runner/work/dotnet-monorepo/dotnet-monorepo/src/artifacts/bin/utils.tests/release_osx-x64/utils.tests.dll" id="b5d91387-500d-fb02-ea2e-4b91aac7952d">
      <Execution id="194762bb-26da-412a-a016-aab0aa53cf8a" />
      <TestMethod codeBase="/Users/runner/work/dotnet-monorepo/dotnet-monorepo/src/artifacts/bin/Utils.Tests/release_osx-x64/Utils.Tests.dll" adapterTypeName="executor://mstestadapter/v2" className="Utils.Tests.StringTests" name="TestSlugify" />
    </UnitTest>
    <UnitTest name="TestIntToPaddedString (1,9,1)" storage="/users/runner/work/dotnet-monorepo/dotnet-monorepo/src/artifacts/bin/utils.tests/release_osx-x64/utils.tests.dll" id="dd14498c-1ded-be08-8509-add8edff9a45">
      <Execution id="f5e01037-4a5c-4a3c-8585-e61d6f3ac2d8" />
      <TestMethod codeBase="/Users/runner/work/dotnet-monorepo/dotnet-monorepo/src/artifacts/bin/Utils.Tests/release_osx-x64/Utils.Tests.dll" adapterTypeName="executor://mstestadapter/v2" className="Utils.Tests.ConversionTests" name="TestIntToPaddedString" />
    </UnitTest>
    <UnitTest name="TestLongestCommonPrefix (,abc,)" storage="/users/runner/work/dotnet-monorepo/dotnet-monorepo/src/artifacts/bin/utils.tests/release_osx-x64/utils.tests.dll" id="d42f42b6-d93f-d960-5d27-06df3052db98">
      <Execution id="dadf96da-ff9a-4a8a-a61b-37afe547dac1" />
      <TestMethod codeBase="/Users/runner/work/dotnet-monorepo/dotnet-monorepo/src/artifacts/bin/Utils.Tests/release_osx-x64/Utils.Tests.dll" adapterTypeName="executor://mstestadapter/v2" className="Utils.Tests.StringTests" name="TestLongestCommonPrefix" />
    </UnitTest>
    <UnitTest name="TestLongestCommonPrefix (a,a1,a2,a3)" storage="/users/runner/work/dotnet-monorepo/dotnet-monorepo/src/artifacts/bin/utils.tests/release_osx-x64/utils.tests.dll" id="7110d810-a6b9-be2f-3023-995d72499541">
      <Execution id="2c8ece25-6a88-474c-967c-5c1719c346ea" />
      <TestMethod codeBase="/Users/runner/work/dotnet-monorepo/dotnet-monorepo/src/artifacts/bin/Utils.Tests/release_osx-x64/Utils.Tests.dll" adapterTypeName="executor://mstestadapter/v2" className="Utils.Tests.StringTests" name="TestLongestCommonPrefix" />
    </UnitTest>
  </TestDefinitions>
  <TestEntries>
    <TestEntry testId="3a9301d1-7010-823c-e66c-88af2808c1a6" executionId="739d133d-394a-4cfd-9c12-f6ec7e7c4dbc" testListId="8c84fa94-04c1-424b-9868-57a2d4851a1d" />
    <TestEntry testId="62a6d94a-e870-9da0-1b69-a541b0932bf2" executionId="51c65e2e-8ec2-49e4-8ea0-ac990c80bb66" testListId="8c84fa94-04c1-424b-9868-57a2d4851a1d" />
    <TestEntry testId="1c703d85-ea03-54b9-5eac-1b2b2cbac679" executionId="052138ee-9825-4b2a-b472-5071e72ad481" testListId="8c84fa94-04c1-424b-9868-57a2d4851a1d" />
    <TestEntry testId="d42f42b6-d93f-d960-5d27-06df3052db98" executionId="dadf96da-ff9a-4a8a-a61b-37afe547dac1" testListId="8c84fa94-04c1-424b-9868-57a2d4851a1d" />
    <TestEntry testId="a3f77300-0680-a5f8-f2e4-7d4acf7a198e" executionId="dbdc87db-3546-46c0-aae3-31a26e43bffb" testListId="8c84fa94-04c1-424b-9868-57a2d4851a1d" />
    <TestEntry testId="5573160c-487a-bc77-bb42-e524547d4118" executionId="197d098a-1728-4f50-8fba-ba42c5f433af" testListId="8c84fa94-04c1-424b-9868-57a2d4851a1d" />
    <TestEntry testId="a2263742-615b-76c2-5bc5-5f93935821eb" executionId="9e27720f-b9fb-46a0-87f6-c1b89aeb5c8c" testListId="8c84fa94-04c1-424b-9868-57a2d4851a1d" />
    <TestEntry testId="8408e916-bcaf-d8f6-b759-f9ad50e8e4ff" executionId="3595f573-71f3-438f-92e1-cbc6ea86f00e" testListId="8c84fa94-04c1-424b-9868-57a2d4851a1d" />
    <TestEntry testId="9efb2462-b0e0-b10d-66d1-7d3107a3fbeb" executionId="919e3045-8fac-405b-838f-0a432eec68e9" testListId="8c84fa94-04c1-424b-9868-57a2d4851a1d" />
    <TestEntry testId="ae3d27fa-e34c-1837-0b5c-18a6db5d1f23" executionId="2eba9649-f2ae-4f14-b18a-61e931fcaac9" testListId="8c84fa94-04c1-424b-9868-57a2d4851a1d" />
    <TestEntry testId="df4993de-020f-a326-30b8-c0c5f8ad5a0d" executionId="dbb49cd8-998d-43e4-b961-d1bf0c54a870" testListId="8c84fa94-04c1-424b-9868-57a2d4851a1d" />
    <TestEntry testId="b728a8c6-c2a2-b5c8-4216-89bc12e2512c" executionId="ef51c568-dfab-450f-b68e-08b439185874" testListId="8c84fa94-04c1-424b-9868-57a2d4851a1d" />
    <TestEntry testId="b5d91387-500d-fb02-ea2e-4b91aac7952d" executionId="194762bb-26da-412a-a016-aab0aa53cf8a" testListId="8c84fa94-04c1-424b-9868-57a2d4851a1d" />
    <TestEntry testId="420f1a19-ff6e-f078-dedd-41141d39560f" executionId="e03f3a6b-357c-465d-a3d1-98f63f763c4f" testListId="8c84fa94-04c1-424b-9868-57a2d4851a1d" />
    <TestEntry testId="cebf5c0a-1b76-8025-63f9-dc2569afc414" executionId="a0c5e147-34fe-4661-96ba-2cc817038da3" testListId="8c84fa94-04c1-424b-9868-57a2d4851a1d" />
    <TestEntry testId="a542e80e-ad7f-f7bc-b126-509b35c65dcd" executionId="ae1766a1-ad79-4861-976f-2fee7011f9a0" testListId="8c84fa94-04c1-424b-9868-57a2d4851a1d" />
    <TestEntry testId="7110d810-a6b9-be2f-3023-995d72499541" executionId="2c8ece25-6a88-474c-967c-5c1719c346ea" testListId="8c84fa94-04c1-424b-9868-57a2d4851a1d" />
    <TestEntry testId="c8d5f237-3971-af43-1ce5-75e0f10e91bd" executionId="87329bb7-1ed8-43dc-9877-66f4773007e9" testListId="8c84fa94-04c1-424b-9868-57a2d4851a1d" />
    <TestEntry testId="9b70ad5a-1ed0-febb-20d0-5b4ef673b6d4" executionId="5f75b0d3-fedb-46d3-b1aa-59b7e6c3ea72" testListId="8c84fa94-04c1-424b-9868-57a2d4851a1d" />
    <TestEntry testId="8316a9c6-5ae1-1ddb-b573-d1af46ed90eb" executionId="03c4f05e-d9c9-4a50-ab5e-105fb9893b3d" testListId="8c84fa94-04c1-424b-9868-57a2d4851a1d" />
    <TestEntry testId="18510e6b-6632-838e-bcc7-7e2cce106c61" executionId="914bc823-2f29-4e0c-8224-aa6aff2da829" testListId="8c84fa94-04c1-424b-9868-57a2d4851a1d" />
    <TestEntry testId="7d484181-ec58-d638-4e39-a3b4456a31af" executionId="ff96f6c5-124f-4c9d-b173-de49055612f2" testListId="8c84fa94-04c1-424b-9868-57a2d4851a1d" />
    <TestEntry testId="f481b953-fba9-d37f-5e2b-a12e000d2c1e" executionId="b89613ea-0a34-4464-9def-3216543d4ec8" testListId="8c84fa94-04c1-424b-9868-57a2d4851a1d" />
    <TestEntry testId="a7f79b6b-7729-aa35-65cd-55c176400c98" executionId="9b097f29-2831-4dc6-bbd1-17aa877a0c61" testListId="8c84fa94-04c1-424b-9868-57a2d4851a1d" />
    <TestEntry testId="dd14498c-1ded-be08-8509-add8edff9a45" executionId="f5e01037-4a5c-4a3c-8585-e61d6f3ac2d8" testListId="8c84fa94-04c1-424b-9868-57a2d4851a1d" />
    <TestEntry testId="82796396-c4b5-3461-49bf-5fd76006abb5" executionId="d8c5ad58-1eff-48b8-9ad2-b6b78fce904e" testListId="8c84fa94-04c1-424b-9868-57a2d4851a1d" />
    <TestEntry testId="439dbed2-a9ea-4783-559c-00267e9a2876" executionId="90b02370-33ce-4628-a0ba-1f3d2857568f" testListId="8c84fa94-04c1-424b-9868-57a2d4851a1d" />
    <TestEntry testId="40fa6d0a-7e3d-d497-4aac-1a632b656c7b" executionId="0b6f3273-ec70-435b-a755-6f1d6d8e6f04" testListId="8c84fa94-04c1-424b-9868-57a2d4851a1d" />
    <TestEntry testId="bd454bd6-6230-8ebd-0f19-bd6e2a2f31d0" executionId="c9bf17f6-9c57-4b0b-9a90-afb62466c649" testListId="8c84fa94-04c1-424b-9868-57a2d4851a1d" />
  </TestEntries>
  <TestLists>
    <TestList name="Results Not in a List" id="8c84fa94-04c1-424b-9868-57a2d4851a1d" />
    <TestList name="All Loaded Results" id="19431567-8539-422a-85d7-44ee4e166bda" />
  </TestLists>
  <ResultSummary outcome="Completed">
    <Counters total="29" executed="29" passed="29" failed="0" error="0" timeout="0" aborted="0" inconclusive="0" passedButRunAborted="0" notRunnable="0" notExecuted="0" disconnected="0" warning="0" completed="0" inProgress="0" pending="0" />
  </ResultSummary>
</TestRun>