<?xml version="1.0" encoding="utf-8"?>
<TestRun id="34829eed-a95d-4166-83c9-59c4c6810964" name="runneradmin@fv-az653-527 2024-10-26 03:19:21" runUser="fv-az653-527\runneradmin" xmlns="http://microsoft.com/schemas/VisualStudio/TeamTest/2010">
  <Times creation="2024-10-26T03:19:21.1266005+00:00" queuing="2024-10-26T03:19:21.1266006+00:00" start="2024-10-26T03:19:20.5754330+00:00" finish="2024-10-26T03:19:21.1611550+00:00" />
  <TestSettings name="default" id="ded7056e-a898-4e0d-bdad-79de09596892">
    <Deployment runDeploymentRoot="runneradmin_fv-az653-527_2024-10-26_03_19_21" />
  </TestSettings>
  <Results>
    <UnitTestResult executionId="4f018571-d80c-41f5-9a04-51cbb9ce20ec" testId="40fa6d0a-7e3d-d497-4aac-1a632b656c7b" testName="TestSlugify (!- -a- -!,a)" computerName="fv-az653-527" duration="00:00:00.0003983" startTime="2024-10-26T03:19:21.0799317+00:00" endTime="2024-10-26T03:19:21.0804925+00:00" testType="13cdc9d9-ddb5-4fa4-a97d-d965ccfc6d4b" outcome="Passed" testListId="8c84fa94-04c1-424b-9868-57a2d4851a1d" relativeResultsDirectory="4f018571-d80c-41f5-9a04-51cbb9ce20ec" />
    <UnitTestResult executionId="573eceb2-0cc9-4389-b215-320493f0c25c" testId="8316a9c6-5ae1-1ddb-b573-d1af46ed90eb" testName="TestSlugify (Ä Ö Ü,a-o-u)" computerName="fv-az653-527" duration="00:00:00.0000084" startTime="2024-10-26T03:19:21.0834070+00:00" endTime="2024-10-26T03:19:21.0835004+00:00" testType="13cdc9d9-ddb5-4fa4-a97d-d965ccfc6d4b" outcome="Passed" testListId="8c84fa94-04c1-424b-9868-57a2d4851a1d" relativeResultsDirectory="573eceb2-0cc9-4389-b215-320493f0c25c" />
    <UnitTestResult executionId="5490dba4-ffa9-4059-a0e7-c5e17d035e46" testId="bd454bd6-6230-8ebd-0f19-bd6e2a2f31d0" testName="TestIntToPaddedString (-1,9,-1)" computerName="fv-az653-527" duration="00:00:00.0000063" startTime="2024-10-26T03:19:21.0471955+00:00" endTime="2024-10-26T03:19:21.0472803+00:00" testType="13cdc9d9-ddb5-4fa4-a97d-d965ccfc6d4b" outcome="Passed" testListId="8c84fa94-04c1-424b-9868-57a2d4851a1d" relativeResultsDirectory="5490dba4-ffa9-4059-a0e7-c5e17d035e46" />
    <UnitTestResult executionId="6fda07cc-ccae-4ebc-a136-190a67536b10" testId="df4993de-020f-a326-30b8-c0c5f8ad5a0d" testName="TestSlugify (Abc-DEF,abc-def)" computerName="fv-az653-527" duration="00:00:00.0000077" startTime="2024-10-26T03:19:21.0829790+00:00" endTime="2024-10-26T03:19:21.0830876+00:00" testType="13cdc9d9-ddb5-4fa4-a97d-d965ccfc6d4b" outcome="Passed" testListId="8c84fa94-04c1-424b-9868-57a2d4851a1d" relativeResultsDirectory="6fda07cc-ccae-4ebc-a136-190a67536b10" />
    <UnitTestResult executionId="94a2c2b1-52d4-4de3-b2be-1004634c2005" testId="439dbed2-a9ea-4783-559c-00267e9a2876" testName="TestIntToPaddedString (1,99,01)" computerName="fv-az653-527" duration="00:00:00.0000067" startTime="2024-10-26T03:19:21.0468880+00:00" endTime="2024-10-26T03:19:21.0469742+00:00" testType="13cdc9d9-ddb5-4fa4-a97d-d965ccfc6d4b" outcome="Passed" testListId="8c84fa94-04c1-424b-9868-57a2d4851a1d" relativeResultsDirectory="94a2c2b1-52d4-4de3-b2be-1004634c2005" />
    <UnitTestResult executionId="4fe0f6c5-2434-4a06-bfc7-e59d7e1cfa7d" testId="9efb2462-b0e0-b10d-66d1-7d3107a3fbeb" testName="TestSlugify (ä ö ü,a-o-u)" computerName="fv-az653-527" duration="00:00:00.0000627" startTime="2024-10-26T03:19:21.0832158+00:00" endTime="2024-10-26T03:19:21.0833838+00:00" testType="13cdc9d9-ddb5-4fa4-a97d-d965ccfc6d4b" outcome="Passed" testListId="8c84fa94-04c1-424b-9868-57a2d4851a1d" relativeResultsDirectory="4fe0f6c5-2434-4a06-bfc7-e59d7e1cfa7d" />
    <UnitTestResult executionId="e0974b8b-cf13-471a-94b5-77a2dd231cfa" testId="8408e916-bcaf-d8f6-b759-f9ad50e8e4ff" testName="TestLongestCommonPrefix (ab,abc,ab)" computerName="fv-az653-527" duration="00:00:00.0000058" startTime="2024-10-26T03:19:21.0854081+00:00" endTime="2024-10-26T03:19:21.0855226+00:00" testType="13cdc9d9-ddb5-4fa4-a97d-d965ccfc6d4b" outcome="Passed" testListId="8c84fa94-04c1-424b-9868-57a2d4851a1d" relativeResultsDirectory="e0974b8b-cf13-471a-94b5-77a2dd231cfa" />
    <UnitTestResult executionId="a7774a3a-764f-4d13-9670-05cb1a4f8419" testId="1c703d85-ea03-54b9-5eac-1b2b2cbac679" testName="TestIntToPaddedString (-1,99,-01)" computerName="fv-az653-527" duration="00:00:00.0000055" startTime="2024-10-26T03:19:21.0794985+00:00" endTime="2024-10-26T03:19:21.0795921+00:00" testType="13cdc9d9-ddb5-4fa4-a97d-d965ccfc6d4b" outcome="Passed" testListId="8c84fa94-04c1-424b-9868-57a2d4851a1d" relativeResultsDirectory="a7774a3a-764f-4d13-9670-05cb1a4f8419" />
    <UnitTestResult executionId="925bdc3d-3ede-438e-89a5-99625fea059a" testId="f481b953-fba9-d37f-5e2b-a12e000d2c1e" testName="TestSlugify (a - b,a-b)" computerName="fv-az653-527" duration="00:00:00.0000052" startTime="2024-10-26T03:19:21.0811646+00:00" endTime="2024-10-26T03:19:21.0812458+00:00" testType="13cdc9d9-ddb5-4fa4-a97d-d965ccfc6d4b" outcome="Passed" testListId="8c84fa94-04c1-424b-9868-57a2d4851a1d" relativeResultsDirectory="925bdc3d-3ede-438e-89a5-99625fea059a" />
    <UnitTestResult executionId="f82555ed-3eba-4bee-a6ca-e32bf56ee08d" testId="c8d5f237-3971-af43-1ce5-75e0f10e91bd" testName="TestIntToPaddedString (1,10,01)" computerName="fv-az653-527" duration="00:00:00.0000066" startTime="2024-10-26T03:19:21.0466403+00:00" endTime="2024-10-26T03:19:21.0467543+00:00" testType="13cdc9d9-ddb5-4fa4-a97d-d965ccfc6d4b" outcome="Passed" testListId="8c84fa94-04c1-424b-9868-57a2d4851a1d" relativeResultsDirectory="f82555ed-3eba-4bee-a6ca-e32bf56ee08d" />
    <UnitTestResult executionId="7f7ed6a3-e01c-4e14-829e-857f3baea033" testId="a7f79b6b-7729-aa35-65cd-55c176400c98" testName="TestLongestCommonPrefix ()" computerName="fv-az653-527" duration="00:00:00.0003201" startTime="2024-10-26T03:19:21.0836197+00:00" endTime="2024-10-26T03:19:21.0841005+00:00" testType="13cdc9d9-ddb5-4fa4-a97d-d965ccfc6d4b" outcome="Passed" testListId="8c84fa94-04c1-424b-9868-57a2d4851a1d" relativeResultsDirectory="7f7ed6a3-e01c-4e14-829e-857f3baea033" />
    <UnitTestResult executionId="6cac0f99-bd1f-4cea-a207-2a6b537e594a" testId="ae3d27fa-e34c-1837-0b5c-18a6db5d1f23" testName="TestIntToPaddedString (-1,10,-01)" computerName="fv-az653-527" duration="00:00:00.0000047" startTime="2024-10-26T03:19:21.0472989+00:00" endTime="2024-10-26T03:19:21.0473826+00:00" testType="13cdc9d9-ddb5-4fa4-a97d-d965ccfc6d4b" outcome="Passed" testListId="8c84fa94-04c1-424b-9868-57a2d4851a1d" relativeResultsDirectory="6cac0f99-bd1f-4cea-a207-2a6b537e594a" />
    <UnitTestResult executionId="5b4dc25b-2438-4e13-8354-78745c1fec38" testId="82796396-c4b5-3461-49bf-5fd76006abb5" testName="TestSlugify (a- -b,a-b)" computerName="fv-az653-527" duration="00:00:00.0000046" startTime="2024-10-26T03:19:21.0810634+00:00" endTime="2024-10-26T03:19:21.0811452+00:00" testType="13cdc9d9-ddb5-4fa4-a97d-d965ccfc6d4b" outcome="Passed" testListId="8c84fa94-04c1-424b-9868-57a2d4851a1d" relativeResultsDirectory="5b4dc25b-2438-4e13-8354-78745c1fec38" />
    <UnitTestResult executionId="8bddc17c-61f5-4ba6-afdf-fb8e40257bc7" testId="18510e6b-6632-838e-bcc7-7e2cce106c61" testName="TestIntToPaddedString (1,100,001)" computerName="fv-az653-527" duration="00:00:00.0000048" startTime="2024-10-26T03:19:21.0469928+00:00" endTime="2024-10-26T03:19:21.0470782+00:00" testType="13cdc9d9-ddb5-4fa4-a97d-d965ccfc6d4b" outcome="Passed" testListId="8c84fa94-04c1-424b-9868-57a2d4851a1d" relativeResultsDirectory="8bddc17c-61f5-4ba6-afdf-fb8e40257bc7" />
    <UnitTestResult executionId="e5b49767-0b17-4b22-b5fa-c8e2622f06b8" testId="a542e80e-ad7f-f7bc-b126-509b35c65dcd" testName="TestIntToPaddedString (-1,11,-01)" computerName="fv-az653-527" duration="00:00:00.0000102" startTime="2024-10-26T03:19:21.0793257+00:00" endTime="2024-10-26T03:19:21.0794677+00:00" testType="13cdc9d9-ddb5-4fa4-a97d-d965ccfc6d4b" outcome="Passed" testListId="8c84fa94-04c1-424b-9868-57a2d4851a1d" relativeResultsDirectory="e5b49767-0b17-4b22-b5fa-c8e2622f06b8" />
    <UnitTestResult executionId="248ee377-8a78-4224-afe2-d63cad5b082d" testId="420f1a19-ff6e-f078-dedd-41141d39560f" testName="TestIntToPaddedString (0,100,000)" computerName="fv-az653-527" duration="00:00:00.0029630" startTime="2024-10-26T03:19:21.0253815+00:00" endTime="2024-10-26T03:19:21.0421653+00:00" testType="13cdc9d9-ddb5-4fa4-a97d-d965ccfc6d4b" outcome="Passed" testListId="8c84fa94-04c1-424b-9868-57a2d4851a1d" relativeResultsDirectory="248ee377-8a78-4224-afe2-d63cad5b082d" />
    <UnitTestResult executionId="b8a6f9a8-d619-4d04-985c-ea23c84eb877" testId="9b70ad5a-1ed0-febb-20d0-5b4ef673b6d4" testName="TestIntToPaddedString (-1,100,-001)" computerName="fv-az653-527" duration="00:00:00.0000051" startTime="2024-10-26T03:19:21.0796125+00:00" endTime="2024-10-26T03:19:21.0797003+00:00" testType="13cdc9d9-ddb5-4fa4-a97d-d965ccfc6d4b" outcome="Passed" testListId="8c84fa94-04c1-424b-9868-57a2d4851a1d" relativeResultsDirectory="b8a6f9a8-d619-4d04-985c-ea23c84eb877" />
    <UnitTestResult executionId="fbfe858c-7b1f-4904-b9e6-e482f5e4796c" testId="7110d810-a6b9-be2f-3023-995d72499541" testName="TestLongestCommonPrefix (a,a1,a2,a3)" computerName="fv-az653-527" duration="00:00:00.0004470" startTime="2024-10-26T03:19:21.0841258+00:00" endTime="2024-10-26T03:19:21.0850480+00:00" testType="13cdc9d9-ddb5-4fa4-a97d-d965ccfc6d4b" outcome="Passed" testListId="8c84fa94-04c1-424b-9868-57a2d4851a1d" relativeResultsDirectory="fbfe858c-7b1f-4904-b9e6-e482f5e4796c" />
    <UnitTestResult executionId="6a7f382a-a0e4-4856-b3cb-d2f2a3ee4c08" testId="b728a8c6-c2a2-b5c8-4216-89bc12e2512c" testName="TestIntToPaddedString (1,11,01)" computerName="fv-az653-527" duration="00:00:00.0000049" startTime="2024-10-26T03:19:21.0467813+00:00" endTime="2024-10-26T03:19:21.0468693+00:00" testType="13cdc9d9-ddb5-4fa4-a97d-d965ccfc6d4b" outcome="Passed" testListId="8c84fa94-04c1-424b-9868-57a2d4851a1d" relativeResultsDirectory="6a7f382a-a0e4-4856-b3cb-d2f2a3ee4c08" />
    <UnitTestResult executionId="2225cc01-6b33-48ba-bd56-f9ae17bc2452" testId="a2263742-615b-76c2-5bc5-5f93935821eb" testName="TestIntToPaddedString (-1,101,-001)" computerName="fv-az653-527" duration="00:00:00.0000046" startTime="2024-10-26T03:19:21.0797186+00:00" endTime="2024-10-26T03:19:21.0799075+00:00" testType="13cdc9d9-ddb5-4fa4-a97d-d965ccfc6d4b" outcome="Passed" testListId="8c84fa94-04c1-424b-9868-57a2d4851a1d" relativeResultsDirectory="2225cc01-6b33-48ba-bd56-f9ae17bc2452" />
    <UnitTestResult executionId="ea170fb7-8887-4ce5-8bf4-f5697f5fe4d2" testId="62a6d94a-e870-9da0-1b69-a541b0932bf2" testName="TestSlugify (a &#x9;&#xA;b,a-b)" computerName="fv-az653-527" duration="00:00:00.0000062" startTime="2024-10-26T03:19:21.0808485+00:00" endTime="2024-10-26T03:19:21.0810413+00:00" testType="13cdc9d9-ddb5-4fa4-a97d-d965ccfc6d4b" outcome="Passed" testListId="8c84fa94-04c1-424b-9868-57a2d4851a1d" relativeResultsDirectory="ea170fb7-8887-4ce5-8bf4-f5697f5fe4d2" />
    <UnitTestResult executionId="4a26f3a9-17e3-4cb8-9ff4-84f736c96661" testId="cebf5c0a-1b76-8025-63f9-dc2569afc414" testName="TestLongestCommonPrefix (ab,ab,abc)" computerName="fv-az653-527" duration="00:00:00.0000074" startTime="2024-10-26T03:19:21.0850733+00:00" endTime="2024-10-26T03:19:21.0853835+00:00" testType="13cdc9d9-ddb5-4fa4-a97d-d965ccfc6d4b" outcome="Passed" testListId="8c84fa94-04c1-424b-9868-57a2d4851a1d" relativeResultsDirectory="4a26f3a9-17e3-4cb8-9ff4-84f736c96661" />
    <UnitTestResult executionId="dac566fe-192f-45c9-a74d-35e7b8f2a21c" testId="a3f77300-0680-a5f8-f2e4-7d4acf7a198e" testName="TestIntToPaddedString (1,101,001)" computerName="fv-az653-527" duration="00:00:00.0000046" startTime="2024-10-26T03:19:21.0470965+00:00" endTime="2024-10-26T03:19:21.0471782+00:00" testType="13cdc9d9-ddb5-4fa4-a97d-d965ccfc6d4b" outcome="Passed" testListId="8c84fa94-04c1-424b-9868-57a2d4851a1d" relativeResultsDirectory="dac566fe-192f-45c9-a74d-35e7b8f2a21c" />
    <UnitTestResult executionId="990f8b18-8202-4519-b0f3-5cf72c0d08a3" testId="7d484181-ec58-d638-4e39-a3b4456a31af" testName="TestLongestCommonPrefix (,,abc)" computerName="fv-az653-527" duration="00:00:00.0000098" startTime="2024-10-26T03:19:21.0865430+00:00" endTime="2024-10-26T03:19:21.0866632+00:00" testType="13cdc9d9-ddb5-4fa4-a97d-d965ccfc6d4b" outcome="Passed" testListId="8c84fa94-04c1-424b-9868-57a2d4851a1d" relativeResultsDirectory="990f8b18-8202-4519-b0f3-5cf72c0d08a3" />
    <UnitTestResult executionId="29635137-b6a4-4ca6-925a-0c48fddf8ef8" testId="3a9301d1-7010-823c-e66c-88af2808c1a6" testName="TestSlugify (a!=b,ab)" computerName="fv-az653-527" duration="00:00:00.0002070" startTime="2024-10-26T03:19:21.0805178+00:00" endTime="2024-10-26T03:19:21.0808236+00:00" testType="13cdc9d9-ddb5-4fa4-a97d-d965ccfc6d4b" outcome="Passed" testListId="8c84fa94-04c1-424b-9868-57a2d4851a1d" relativeResultsDirectory="29635137-b6a4-4ca6-925a-0c48fddf8ef8" />
    <UnitTestResult executionId="757510fb-7d14-4a16-9e15-53e5f8ed00d1" testId="d42f42b6-d93f-d960-5d27-06df3052db98" testName="TestLongestCommonPrefix (,abc,)" computerName="fv-az653-527" duration="00:00:00.0000049" startTime="2024-10-26T03:19:21.0866878+00:00" endTime="2024-10-26T03:19:21.0877534+00:00" testType="13cdc9d9-ddb5-4fa4-a97d-d965ccfc6d4b" outcome="Passed" testListId="8c84fa94-04c1-424b-9868-57a2d4851a1d" relativeResultsDirectory="757510fb-7d14-4a16-9e15-53e5f8ed00d1" />
    <UnitTestResult executionId="6ded3678-f50d-4264-8252-8cfb6aaf603e" testId="dd14498c-1ded-be08-8509-add8edff9a45" testName="TestIntToPaddedString (1,9,1)" computerName="fv-az653-527" duration="00:00:00.0003546" startTime="2024-10-26T03:19:21.0458554+00:00" endTime="2024-10-26T03:19:21.0464019+00:00" testType="13cdc9d9-ddb5-4fa4-a97d-d965ccfc6d4b" outcome="Passed" testListId="8c84fa94-04c1-424b-9868-57a2d4851a1d" relativeResultsDirectory="6ded3678-f50d-4264-8252-8cfb6aaf603e" />
    <UnitTestResult executionId="1c88cb6d-3a4c-4dbd-bdf1-78f800723822" testId="b5d91387-500d-fb02-ea2e-4b91aac7952d" testName="TestSlugify (a_b,a-b)" computerName="fv-az653-527" duration="00:00:00.0000048" startTime="2024-10-26T03:19:21.0831167+00:00" endTime="2024-10-26T03:19:21.0831965+00:00" testType="13cdc9d9-ddb5-4fa4-a97d-d965ccfc6d4b" outcome="Passed" testListId="8c84fa94-04c1-424b-9868-57a2d4851a1d" relativeResultsDirectory="1c88cb6d-3a4c-4dbd-bdf1-78f800723822" />
    <UnitTestResult executionId="7c8ded41-979c-4e13-966c-73eb0cc271c4" testId="5573160c-487a-bc77-bb42-e524547d4118" testName="TestSlugify (a1 b2 c3,a1-b2-c3)" computerName="fv-az653-527" duration="00:00:00.0000056" startTime="2024-10-26T03:19:21.0835192+00:00" endTime="2024-10-26T03:19:21.0835979+00:00" testType="13cdc9d9-ddb5-4fa4-a97d-d965ccfc6d4b" outcome="Passed" testListId="8c84fa94-04c1-424b-9868-57a2d4851a1d" relativeResultsDirectory="7c8ded41-979c-4e13-966c-73eb0cc271c4" />
  </Results>
  <TestDefinitions>
    <UnitTest name="TestIntToPaddedString (0,100,000)" storage="d:\a\dotnet-monorepo\dotnet-monorepo\src\artifacts\bin\utils.tests\release_win-x64\utils.tests.dll" id="420f1a19-ff6e-f078-dedd-41141d39560f">
      <Execution id="248ee377-8a78-4224-afe2-d63cad5b082d" />
      <TestMethod codeBase="D:\a\dotnet-monorepo\dotnet-monorepo\src\artifacts\bin\Utils.Tests\release_win-x64\Utils.Tests.dll" adapterTypeName="executor://mstestadapter/v2" className="Utils.Tests.ConversionTests" name="TestIntToPaddedString" />
    </UnitTest>
    <UnitTest name="TestSlugify (!- -a- -!,a)" storage="d:\a\dotnet-monorepo\dotnet-monorepo\src\artifacts\bin\utils.tests\release_win-x64\utils.tests.dll" id="40fa6d0a-7e3d-d497-4aac-1a632b656c7b">
      <Execution id="4f018571-d80c-41f5-9a04-51cbb9ce20ec" />
      <TestMethod codeBase="D:\a\dotnet-monorepo\dotnet-monorepo\src\artifacts\bin\Utils.Tests\release_win-x64\Utils.Tests.dll" adapterTypeName="executor://mstestadapter/v2" className="Utils.Tests.StringTests" name="TestSlugify" />
    </UnitTest>
    <UnitTest name="TestSlugify (Ä Ö Ü,a-o-u)" storage="d:\a\dotnet-monorepo\dotnet-monorepo\src\artifacts\bin\utils.tests\release_win-x64\utils.tests.dll" id="8316a9c6-5ae1-1ddb-b573-d1af46ed90eb">
      <Execution id="573eceb2-0cc9-4389-b215-320493f0c25c" />
      <TestMethod codeBase="D:\a\dotnet-monorepo\dotnet-monorepo\src\artifacts\bin\Utils.Tests\release_win-x64\Utils.Tests.dll" adapterTypeName="executor://mstestadapter/v2" className="Utils.Tests.StringTests" name="TestSlugify" />
    </UnitTest>
    <UnitTest name="TestLongestCommonPrefix (ab,abc,ab)" storage="d:\a\dotnet-monorepo\dotnet-monorepo\src\artifacts\bin\utils.tests\release_win-x64\utils.tests.dll" id="8408e916-bcaf-d8f6-b759-f9ad50e8e4ff">
      <Execution id="e0974b8b-cf13-471a-94b5-77a2dd231cfa" />
      <TestMethod codeBase="D:\a\dotnet-monorepo\dotnet-monorepo\src\artifacts\bin\Utils.Tests\release_win-x64\Utils.Tests.dll" adapterTypeName="executor://mstestadapter/v2" className="Utils.Tests.StringTests" name="TestLongestCommonPrefix" />
    </UnitTest>
    <UnitTest name="TestLongestCommonPrefix (,,abc)" storage="d:\a\dotnet-monorepo\dotnet-monorepo\src\artifacts\bin\utils.tests\release_win-x64\utils.tests.dll" id="7d484181-ec58-d638-4e39-a3b4456a31af">
      <Execution id="990f8b18-8202-4519-b0f3-5cf72c0d08a3" />
      <TestMethod codeBase="D:\a\dotnet-monorepo\dotnet-monorepo\src\artifacts\bin\Utils.Tests\release_win-x64\Utils.Tests.dll" adapterTypeName="executor://mstestadapter/v2" className="Utils.Tests.StringTests" name="TestLongestCommonPrefix" />
    </UnitTest>
    <UnitTest name="TestSlugify (Abc-DEF,abc-def)" storage="d:\a\dotnet-monorepo\dotnet-monorepo\src\artifacts\bin\utils.tests\release_win-x64\utils.tests.dll" id="df4993de-020f-a326-30b8-c0c5f8ad5a0d">
      <Execution id="6fda07cc-ccae-4ebc-a136-190a67536b10" />
      <TestMethod codeBase="D:\a\dotnet-monorepo\dotnet-monorepo\src\artifacts\bin\Utils.Tests\release_win-x64\Utils.Tests.dll" adapterTypeName="executor://mstestadapter/v2" className="Utils.Tests.StringTests" name="TestSlugify" />
    </UnitTest>
    <UnitTest name="TestIntToPaddedString (-1,100,-001)" storage="d:\a\dotnet-monorepo\dotnet-monorepo\src\artifacts\bin\utils.tests\release_win-x64\utils.tests.dll" id="9b70ad5a-1ed0-febb-20d0-5b4ef673b6d4">
      <Execution id="b8a6f9a8-d619-4d04-985c-ea23c84eb877" />
      <TestMethod codeBase="D:\a\dotnet-monorepo\dotnet-monorepo\src\artifacts\bin\Utils.Tests\release_win-x64\Utils.Tests.dll" adapterTypeName="executor://mstestadapter/v2" className="Utils.Tests.ConversionTests" name="TestIntToPaddedString" />
    </UnitTest>
    <UnitTest name="TestIntToPaddedString (1,100,001)" storage="d:\a\dotnet-monorepo\dotnet-monorepo\src\artifacts\bin\utils.tests\release_win-x64\utils.tests.dll" id="18510e6b-6632-838e-bcc7-7e2cce106c61">
      <Execution id="8bddc17c-61f5-4ba6-afdf-fb8e40257bc7" />
      <TestMethod codeBase="D:\a\dotnet-monorepo\dotnet-monorepo\src\artifacts\bin\Utils.Tests\release_win-x64\Utils.Tests.dll" adapterTypeName="executor://mstestadapter/v2" className="Utils.Tests.ConversionTests" name="TestIntToPaddedString" />
    </UnitTest>
    <UnitTest name="TestSlugify (a!=b,ab)" storage="d:\a\dotnet-monorepo\dotnet-monorepo\src\artifacts\bin\utils.tests\release_win-x64\utils.tests.dll" id="3a9301d1-7010-823c-e66c-88af2808c1a6">
      <Execution id="29635137-b6a4-4ca6-925a-0c48fddf8ef8" />
      <TestMethod codeBase="D:\a\dotnet-monorepo\dotnet-monorepo\src\artifacts\bin\Utils.Tests\release_win-x64\Utils.Tests.dll" adapterTypeName="executor://mstestadapter/v2" className="Utils.Tests.StringTests" name="TestSlugify" />
    </UnitTest>
    <UnitTest name="TestIntToPaddedString (-1,99,-01)" storage="d:\a\dotnet-monorepo\dotnet-monorepo\src\artifacts\bin\utils.tests\release_win-x64\utils.tests.dll" id="1c703d85-ea03-54b9-5eac-1b2b2cbac679">
      <Execution id="a7774a3a-764f-4d13-9670-05cb1a4f8419" />
      <TestMethod codeBase="D:\a\dotnet-monorepo\dotnet-monorepo\src\artifacts\bin\Utils.Tests\release_win-x64\Utils.Tests.dll" adapterTypeName="executor://mstestadapter/v2" className="Utils.Tests.ConversionTests" name="TestIntToPaddedString" />
    </UnitTest>
    <UnitTest name="TestIntToPaddedString (1,101,001)" storage="d:\a\dotnet-monorepo\dotnet-monorepo\src\artifacts\bin\utils.tests\release_win-x64\utils.tests.dll" id="a3f77300-0680-a5f8-f2e4-7d4acf7a198e">
      <Execution id="dac566fe-192f-45c9-a74d-35e7b8f2a21c" />
      <TestMethod codeBase="D:\a\dotnet-monorepo\dotnet-monorepo\src\artifacts\bin\Utils.Tests\release_win-x64\Utils.Tests.dll" adapterTypeName="executor://mstestadapter/v2" className="Utils.Tests.ConversionTests" name="TestIntToPaddedString" />
    </UnitTest>
    <UnitTest name="TestIntToPaddedString (1,99,01)" storage="d:\a\dotnet-monorepo\dotnet-monorepo\src\artifacts\bin\utils.tests\release_win-x64\utils.tests.dll" id="439dbed2-a9ea-4783-559c-00267e9a2876">
      <Execution id="94a2c2b1-52d4-4de3-b2be-1004634c2005" />
      <TestMethod codeBase="D:\a\dotnet-monorepo\dotnet-monorepo\src\artifacts\bin\Utils.Tests\release_win-x64\Utils.Tests.dll" adapterTypeName="executor://mstestadapter/v2" className="Utils.Tests.ConversionTests" name="TestIntToPaddedString" />
    </UnitTest>
    <UnitTest name="TestIntToPaddedString (-1,101,-001)" storage="d:\a\dotnet-monorepo\dotnet-monorepo\src\artifacts\bin\utils.tests\release_win-x64\utils.tests.dll" id="a2263742-615b-76c2-5bc5-5f93935821eb">
      <Execution id="2225cc01-6b33-48ba-bd56-f9ae17bc2452" />
      <TestMethod codeBase="D:\a\dotnet-monorepo\dotnet-monorepo\src\artifacts\bin\Utils.Tests\release_win-x64\Utils.Tests.dll" adapterTypeName="executor://mstestadapter/v2" className="Utils.Tests.ConversionTests" name="TestIntToPaddedString" />
    </UnitTest>
    <UnitTest name="TestSlugify (ä ö ü,a-o-u)" storage="d:\a\dotnet-monorepo\dotnet-monorepo\src\artifacts\bin\utils.tests\release_win-x64\utils.tests.dll" id="9efb2462-b0e0-b10d-66d1-7d3107a3fbeb">
      <Execution id="4fe0f6c5-2434-4a06-bfc7-e59d7e1cfa7d" />
      <TestMethod codeBase="D:\a\dotnet-monorepo\dotnet-monorepo\src\artifacts\bin\Utils.Tests\release_win-x64\Utils.Tests.dll" adapterTypeName="executor://mstestadapter/v2" className="Utils.Tests.StringTests" name="TestSlugify" />
    </UnitTest>
    <UnitTest name="TestIntToPaddedString (-1,9,-1)" storage="d:\a\dotnet-monorepo\dotnet-monorepo\src\artifacts\bin\utils.tests\release_win-x64\utils.tests.dll" id="bd454bd6-6230-8ebd-0f19-bd6e2a2f31d0">
      <Execution id="5490dba4-ffa9-4059-a0e7-c5e17d035e46" />
      <TestMethod codeBase="D:\a\dotnet-monorepo\dotnet-monorepo\src\artifacts\bin\Utils.Tests\release_win-x64\Utils.Tests.dll" adapterTypeName="executor://mstestadapter/v2" className="Utils.Tests.ConversionTests" name="TestIntToPaddedString" />
    </UnitTest>
    <UnitTest name="TestLongestCommonPrefix ()" storage="d:\a\dotnet-monorepo\dotnet-monorepo\src\artifacts\bin\utils.tests\release_win-x64\utils.tests.dll" id="a7f79b6b-7729-aa35-65cd-55c176400c98">
      <Execution id="7f7ed6a3-e01c-4e14-829e-857f3baea033" />
      <TestMethod codeBase="D:\a\dotnet-monorepo\dotnet-monorepo\src\artifacts\bin\Utils.Tests\release_win-x64\Utils.Tests.dll" adapterTypeName="executor://mstestadapter/v2" className="Utils.Tests.StringTests" name="TestLongestCommonPrefix" />
    </UnitTest>
    <UnitTest name="TestIntToPaddedString (1,10,01)" storage="d:\a\dotnet-monorepo\dotnet-monorepo\src\artifacts\bin\utils.tests\release_win-x64\utils.tests.dll" id="c8d5f237-3971-af43-1ce5-75e0f10e91bd">
      <Execution id="f82555ed-3eba-4bee-a6ca-e32bf56ee08d" />
      <TestMethod codeBase="D:\a\dotnet-monorepo\dotnet-monorepo\src\artifacts\bin\Utils.Tests\release_win-x64\Utils.Tests.dll" adapterTypeName="executor://mstestadapter/v2" className="Utils.Tests.ConversionTests" name="TestIntToPaddedString" />
    </UnitTest>
    <UnitTest name="TestLongestCommonPrefix (ab,ab,abc)" storage="d:\a\dotnet-monorepo\dotnet-monorepo\src\artifacts\bin\utils.tests\release_win-x64\utils.tests.dll" id="cebf5c0a-1b76-8025-63f9-dc2569afc414">
      <Execution id="4a26f3a9-17e3-4cb8-9ff4-84f736c96661" />
      <TestMethod codeBase="D:\a\dotnet-monorepo\dotnet-monorepo\src\artifacts\bin\Utils.Tests\release_win-x64\Utils.Tests.dll" adapterTypeName="executor://mstestadapter/v2" className="Utils.Tests.StringTests" name="TestLongestCommonPrefix" />
    </UnitTest>
    <UnitTest name="TestIntToPaddedString (1,11,01)" storage="d:\a\dotnet-monorepo\dotnet-monorepo\src\artifacts\bin\utils.tests\release_win-x64\utils.tests.dll" id="b728a8c6-c2a2-b5c8-4216-89bc12e2512c">
      <Execution id="6a7f382a-a0e4-4856-b3cb-d2f2a3ee4c08" />
      <TestMethod codeBase="D:\a\dotnet-monorepo\dotnet-monorepo\src\artifacts\bin\Utils.Tests\release_win-x64\Utils.Tests.dll" adapterTypeName="executor://mstestadapter/v2" className="Utils.Tests.ConversionTests" name="TestIntToPaddedString" />
    </UnitTest>
    <UnitTest name="TestIntToPaddedString (-1,10,-01)" storage="d:\a\dotnet-monorepo\dotnet-monorepo\src\artifacts\bin\utils.tests\release_win-x64\utils.tests.dll" id="ae3d27fa-e34c-1837-0b5c-18a6db5d1f23">
      <Execution id="6cac0f99-bd1f-4cea-a207-2a6b537e594a" />
      <TestMethod codeBase="D:\a\dotnet-monorepo\dotnet-monorepo\src\artifacts\bin\Utils.Tests\release_win-x64\Utils.Tests.dll" adapterTypeName="executor://mstestadapter/v2" className="Utils.Tests.ConversionTests" name="TestIntToPaddedString" />
    </UnitTest>
    <UnitTest name="TestSlugify (a- -b,a-b)" storage="d:\a\dotnet-monorepo\dotnet-monorepo\src\artifacts\bin\utils.tests\release_win-x64\utils.tests.dll" id="82796396-c4b5-3461-49bf-5fd76006abb5">
      <Execution id="5b4dc25b-2438-4e13-8354-78745c1fec38" />
      <TestMethod codeBase="D:\a\dotnet-monorepo\dotnet-monorepo\src\artifacts\bin\Utils.Tests\release_win-x64\Utils.Tests.dll" adapterTypeName="executor://mstestadapter/v2" className="Utils.Tests.StringTests" name="TestSlugify" />
    </UnitTest>
    <UnitTest name="TestSlugify (a1 b2 c3,a1-b2-c3)" storage="d:\a\dotnet-monorepo\dotnet-monorepo\src\artifacts\bin\utils.tests\release_win-x64\utils.tests.dll" id="5573160c-487a-bc77-bb42-e524547d4118">
      <Execution id="7c8ded41-979c-4e13-966c-73eb0cc271c4" />
      <TestMethod codeBase="D:\a\dotnet-monorepo\dotnet-monorepo\src\artifacts\bin\Utils.Tests\release_win-x64\Utils.Tests.dll" adapterTypeName="executor://mstestadapter/v2" className="Utils.Tests.StringTests" name="TestSlugify" />
    </UnitTest>
    <UnitTest name="TestSlugify (a &#x9;&#xA;b,a-b)" storage="d:\a\dotnet-monorepo\dotnet-monorepo\src\artifacts\bin\utils.tests\release_win-x64\utils.tests.dll" id="62a6d94a-e870-9da0-1b69-a541b0932bf2">
      <Execution id="ea170fb7-8887-4ce5-8bf4-f5697f5fe4d2" />
      <TestMethod codeBase="D:\a\dotnet-monorepo\dotnet-monorepo\src\artifacts\bin\Utils.Tests\release_win-x64\Utils.Tests.dll" adapterTypeName="executor://mstestadapter/v2" className="Utils.Tests.StringTests" name="TestSlugify" />
    </UnitTest>
    <UnitTest name="TestSlugify (a - b,a-b)" storage="d:\a\dotnet-monorepo\dotnet-monorepo\src\artifacts\bin\utils.tests\release_win-x64\utils.tests.dll" id="f481b953-fba9-d37f-5e2b-a12e000d2c1e">
      <Execution id="925bdc3d-3ede-438e-89a5-99625fea059a" />
      <TestMethod codeBase="D:\a\dotnet-monorepo\dotnet-monorepo\src\artifacts\bin\Utils.Tests\release_win-x64\Utils.Tests.dll" adapterTypeName="executor://mstestadapter/v2" className="Utils.Tests.StringTests" name="TestSlugify" />
    </UnitTest>
    <UnitTest name="TestIntToPaddedString (-1,11,-01)" storage="d:\a\dotnet-monorepo\dotnet-monorepo\src\artifacts\bin\utils.tests\release_win-x64\utils.tests.dll" id="a542e80e-ad7f-f7bc-b126-509b35c65dcd">
      <Execution id="e5b49767-0b17-4b22-b5fa-c8e2622f06b8" />
      <TestMethod codeBase="D:\a\dotnet-monorepo\dotnet-monorepo\src\artifacts\bin\Utils.Tests\release_win-x64\Utils.Tests.dll" adapterTypeName="executor://mstestadapter/v2" className="Utils.Tests.ConversionTests" name="TestIntToPaddedString" />
    </UnitTest>
    <UnitTest name="TestSlugify (a_b,a-b)" storage="d:\a\dotnet-monorepo\dotnet-monorepo\src\artifacts\bin\utils.tests\release_win-x64\utils.tests.dll" id="b5d91387-500d-fb02-ea2e-4b91aac7952d">
      <Execution id="1c88cb6d-3a4c-4dbd-bdf1-78f800723822" />
      <TestMethod codeBase="D:\a\dotnet-monorepo\dotnet-monorepo\src\artifacts\bin\Utils.Tests\release_win-x64\Utils.Tests.dll" adapterTypeName="executor://mstestadapter/v2" className="Utils.Tests.StringTests" name="TestSlugify" />
    </UnitTest>
    <UnitTest name="TestIntToPaddedString (1,9,1)" storage="d:\a\dotnet-monorepo\dotnet-monorepo\src\artifacts\bin\utils.tests\release_win-x64\utils.tests.dll" id="dd14498c-1ded-be08-8509-add8edff9a45">
      <Execution id="6ded3678-f50d-4264-8252-8cfb6aaf603e" />
      <TestMethod codeBase="D:\a\dotnet-monorepo\dotnet-monorepo\src\artifacts\bin\Utils.Tests\release_win-x64\Utils.Tests.dll" adapterTypeName="executor://mstestadapter/v2" className="Utils.Tests.ConversionTests" name="TestIntToPaddedString" />
    </UnitTest>
    <UnitTest name="TestLongestCommonPrefix (,abc,)" storage="d:\a\dotnet-monorepo\dotnet-monorepo\src\artifacts\bin\utils.tests\release_win-x64\utils.tests.dll" id="d42f42b6-d93f-d960-5d27-06df3052db98">
      <Execution id="757510fb-7d14-4a16-9e15-53e5f8ed00d1" />
      <TestMethod codeBase="D:\a\dotnet-monorepo\dotnet-monorepo\src\artifacts\bin\Utils.Tests\release_win-x64\Utils.Tests.dll" adapterTypeName="executor://mstestadapter/v2" className="Utils.Tests.StringTests" name="TestLongestCommonPrefix" />
    </UnitTest>
    <UnitTest name="TestLongestCommonPrefix (a,a1,a2,a3)" storage="d:\a\dotnet-monorepo\dotnet-monorepo\src\artifacts\bin\utils.tests\release_win-x64\utils.tests.dll" id="7110d810-a6b9-be2f-3023-995d72499541">
      <Execution id="fbfe858c-7b1f-4904-b9e6-e482f5e4796c" />
      <TestMethod codeBase="D:\a\dotnet-monorepo\dotnet-monorepo\src\artifacts\bin\Utils.Tests\release_win-x64\Utils.Tests.dll" adapterTypeName="executor://mstestadapter/v2" className="Utils.Tests.StringTests" name="TestLongestCommonPrefix" />
    </UnitTest>
  </TestDefinitions>
  <TestEntries>
    <TestEntry testId="40fa6d0a-7e3d-d497-4aac-1a632b656c7b" executionId="4f018571-d80c-41f5-9a04-51cbb9ce20ec" testListId="8c84fa94-04c1-424b-9868-57a2d4851a1d" />
    <TestEntry testId="8316a9c6-5ae1-1ddb-b573-d1af46ed90eb" executionId="573eceb2-0cc9-4389-b215-320493f0c25c" testListId="8c84fa94-04c1-424b-9868-57a2d4851a1d" />
    <TestEntry testId="bd454bd6-6230-8ebd-0f19-bd6e2a2f31d0" executionId="5490dba4-ffa9-4059-a0e7-c5e17d035e46" testListId="8c84fa94-04c1-424b-9868-57a2d4851a1d" />
    <TestEntry testId="df4993de-020f-a326-30b8-c0c5f8ad5a0d" executionId="6fda07cc-ccae-4ebc-a136-190a67536b10" testListId="8c84fa94-04c1-424b-9868-57a2d4851a1d" />
    <TestEntry testId="439dbed2-a9ea-4783-559c-00267e9a2876" executionId="94a2c2b1-52d4-4de3-b2be-1004634c2005" testListId="8c84fa94-04c1-424b-9868-57a2d4851a1d" />
    <TestEntry testId="9efb2462-b0e0-b10d-66d1-7d3107a3fbeb" executionId="4fe0f6c5-2434-4a06-bfc7-e59d7e1cfa7d" testListId="8c84fa94-04c1-424b-9868-57a2d4851a1d" />
    <TestEntry testId="8408e916-bcaf-d8f6-b759-f9ad50e8e4ff" executionId="e0974b8b-cf13-471a-94b5-77a2dd231cfa" testListId="8c84fa94-04c1-424b-9868-57a2d4851a1d" />
    <TestEntry testId="1c703d85-ea03-54b9-5eac-1b2b2cbac679" executionId="a7774a3a-764f-4d13-9670-05cb1a4f8419" testListId="8c84fa94-04c1-424b-9868-57a2d4851a1d" />
    <TestEntry testId="f481b953-fba9-d37f-5e2b-a12e000d2c1e" executionId="925bdc3d-3ede-438e-89a5-99625fea059a" testListId="8c84fa94-04c1-424b-9868-57a2d4851a1d" />
    <TestEntry testId="c8d5f237-3971-af43-1ce5-75e0f10e91bd" executionId="f82555ed-3eba-4bee-a6ca-e32bf56ee08d" testListId="8c84fa94-04c1-424b-9868-57a2d4851a1d" />
    <TestEntry testId="a7f79b6b-7729-aa35-65cd-55c176400c98" executionId="7f7ed6a3-e01c-4e14-829e-857f3baea033" testListId="8c84fa94-04c1-424b-9868-57a2d4851a1d" />
    <TestEntry testId="ae3d27fa-e34c-1837-0b5c-18a6db5d1f23" executionId="6cac0f99-bd1f-4cea-a207-2a6b537e594a" testListId="8c84fa94-04c1-424b-9868-57a2d4851a1d" />
    <TestEntry testId="82796396-c4b5-3461-49bf-5fd76006abb5" executionId="5b4dc25b-2438-4e13-8354-78745c1fec38" testListId="8c84fa94-04c1-424b-9868-57a2d4851a1d" />
    <TestEntry testId="18510e6b-6632-838e-bcc7-7e2cce106c61" executionId="8bddc17c-61f5-4ba6-afdf-fb8e40257bc7" testListId="8c84fa94-04c1-424b-9868-57a2d4851a1d" />
    <TestEntry testId="a542e80e-ad7f-f7bc-b126-509b35c65dcd" executionId="e5b49767-0b17-4b22-b5fa-c8e2622f06b8" testListId="8c84fa94-04c1-424b-9868-57a2d4851a1d" />
    <TestEntry testId="420f1a19-ff6e-f078-dedd-41141d39560f" executionId="248ee377-8a78-4224-afe2-d63cad5b082d" testListId="8c84fa94-04c1-424b-9868-57a2d4851a1d" />
    <TestEntry testId="9b70ad5a-1ed0-febb-20d0-5b4ef673b6d4" executionId="b8a6f9a8-d619-4d04-985c-ea23c84eb877" testListId="8c84fa94-04c1-424b-9868-57a2d4851a1d" />
    <TestEntry testId="7110d810-a6b9-be2f-3023-995d72499541" executionId="fbfe858c-7b1f-4904-b9e6-e482f5e4796c" testListId="8c84fa94-04c1-424b-9868-57a2d4851a1d" />
    <TestEntry testId="b728a8c6-c2a2-b5c8-4216-89bc12e2512c" executionId="6a7f382a-a0e4-4856-b3cb-d2f2a3ee4c08" testListId="8c84fa94-04c1-424b-9868-57a2d4851a1d" />
    <TestEntry testId="a2263742-615b-76c2-5bc5-5f93935821eb" executionId="2225cc01-6b33-48ba-bd56-f9ae17bc2452" testListId="8c84fa94-04c1-424b-9868-57a2d4851a1d" />
    <TestEntry testId="62a6d94a-e870-9da0-1b69-a541b0932bf2" executionId="ea170fb7-8887-4ce5-8bf4-f5697f5fe4d2" testListId="8c84fa94-04c1-424b-9868-57a2d4851a1d" />
    <TestEntry testId="cebf5c0a-1b76-8025-63f9-dc2569afc414" executionId="4a26f3a9-17e3-4cb8-9ff4-84f736c96661" testListId="8c84fa94-04c1-424b-9868-57a2d4851a1d" />
    <TestEntry testId="a3f77300-0680-a5f8-f2e4-7d4acf7a198e" executionId="dac566fe-192f-45c9-a74d-35e7b8f2a21c" testListId="8c84fa94-04c1-424b-9868-57a2d4851a1d" />
    <TestEntry testId="7d484181-ec58-d638-4e39-a3b4456a31af" executionId="990f8b18-8202-4519-b0f3-5cf72c0d08a3" testListId="8c84fa94-04c1-424b-9868-57a2d4851a1d" />
    <TestEntry testId="3a9301d1-7010-823c-e66c-88af2808c1a6" executionId="29635137-b6a4-4ca6-925a-0c48fddf8ef8" testListId="8c84fa94-04c1-424b-9868-57a2d4851a1d" />
    <TestEntry testId="d42f42b6-d93f-d960-5d27-06df3052db98" executionId="757510fb-7d14-4a16-9e15-53e5f8ed00d1" testListId="8c84fa94-04c1-424b-9868-57a2d4851a1d" />
    <TestEntry testId="dd14498c-1ded-be08-8509-add8edff9a45" executionId="6ded3678-f50d-4264-8252-8cfb6aaf603e" testListId="8c84fa94-04c1-424b-9868-57a2d4851a1d" />
    <TestEntry testId="b5d91387-500d-fb02-ea2e-4b91aac7952d" executionId="1c88cb6d-3a4c-4dbd-bdf1-78f800723822" testListId="8c84fa94-04c1-424b-9868-57a2d4851a1d" />
    <TestEntry testId="5573160c-487a-bc77-bb42-e524547d4118" executionId="7c8ded41-979c-4e13-966c-73eb0cc271c4" testListId="8c84fa94-04c1-424b-9868-57a2d4851a1d" />
  </TestEntries>
  <TestLists>
    <TestList name="Results Not in a List" id="8c84fa94-04c1-424b-9868-57a2d4851a1d" />
    <TestList name="All Loaded Results" id="19431567-8539-422a-85d7-44ee4e166bda" />
  </TestLists>
  <ResultSummary outcome="Completed">
    <Counters total="29" executed="29" passed="29" failed="0" error="0" timeout="0" aborted="0" inconclusive="0" passedButRunAborted="0" notRunnable="0" notExecuted="0" disconnected="0" warning="0" completed="0" inProgress="0" pending="0" />
  </ResultSummary>
</TestRun>