<?xml version="1.0" encoding="utf-8"?>
<TestRun id="f7a5f137-2b1e-44b4-bcd4-665ee9ba9ba0" name="@Mac-1723236021757 2024-08-09 21:21:15" xmlns="http://microsoft.com/schemas/VisualStudio/TeamTest/2010">
  <Times creation="2024-08-09T21:21:15.5855080+00:00" queuing="2024-08-09T21:21:15.5855080+00:00" start="2024-08-09T21:21:14.9473290+00:00" finish="2024-08-09T21:21:15.6256550+00:00" />
  <TestSettings name="default" id="6f0359b1-8dcd-4890-a288-1d582b03dd19">
    <Deployment runDeploymentRoot="_Mac-1723236021757_2024-08-09_21_21_15" />
  </TestSettings>
  <Results>
    <UnitTestResult executionId="949c230a-4ef3-4c01-b6c7-84875cdad08e" testId="439dbed2-a9ea-4783-559c-00267e9a2876" testName="TestIntToPaddedString (1,99,01)" computerName="Mac-1723236021757" duration="00:00:00.0000045" startTime="2024-08-09T21:21:15.4998370+00:00" endTime="2024-08-09T21:21:15.4999370+00:00" testType="13cdc9d9-ddb5-4fa4-a97d-d965ccfc6d4b" outcome="Passed" testListId="8c84fa94-04c1-424b-9868-57a2d4851a1d" relativeResultsDirectory="949c230a-4ef3-4c01-b6c7-84875cdad08e" />
    <UnitTestResult executionId="13d92ad6-c101-4cfd-bf70-a4f18ffaa0f6" testId="bd454bd6-6230-8ebd-0f19-bd6e2a2f31d0" testName="TestIntToPaddedString (-1,9,-1)" computerName="Mac-1723236021757" duration="00:00:00.0000061" startTime="2024-08-09T21:21:15.5001890+00:00" endTime="2024-08-09T21:21:15.5002790+00:00" testType="13cdc9d9-ddb5-4fa4-a97d-d965ccfc6d4b" outcome="Passed" testListId="8c84fa94-04c1-424b-9868-57a2d4851a1d" relativeResultsDirectory="13d92ad6-c101-4cfd-bf70-a4f18ffaa0f6" />
    <UnitTestResult executionId="ca133305-a393-4d95-b121-6c774a18bb31" testId="a542e80e-ad7f-f7bc-b126-509b35c65dcd" testName="TestIntToPaddedString (-1,11,-01)" computerName="Mac-1723236021757" duration="00:00:00.0000115" startTime="2024-08-09T21:21:15.5349490+00:00" endTime="2024-08-09T21:21:15.5351440+00:00" testType="13cdc9d9-ddb5-4fa4-a97d-d965ccfc6d4b" outcome="Passed" testListId="8c84fa94-04c1-424b-9868-57a2d4851a1d" relativeResultsDirectory="ca133305-a393-4d95-b121-6c774a18bb31" />
    <UnitTestResult executionId="5b4c6436-b0ae-4847-8553-21da97e99f30" testId="cebf5c0a-1b76-8025-63f9-dc2569afc414" testName="TestLongestCommonPrefix (ab,ab,abc)" computerName="Mac-1723236021757" duration="00:00:00.0000068" startTime="2024-08-09T21:21:15.5413750+00:00" endTime="2024-08-09T21:21:15.5417220+00:00" testType="13cdc9d9-ddb5-4fa4-a97d-d965ccfc6d4b" outcome="Passed" testListId="8c84fa94-04c1-424b-9868-57a2d4851a1d" relativeResultsDirectory="5b4c6436-b0ae-4847-8553-21da97e99f30" />
    <UnitTestResult executionId="5bba9f3f-1f18-493a-9e31-a2f83dafa5fc" testId="62a6d94a-e870-9da0-1b69-a541b0932bf2" testName="TestSlugify (a &#x9;&#xA;b,a-b)" computerName="Mac-1723236021757" duration="00:00:00.0000062" startTime="2024-08-09T21:21:15.5367300+00:00" endTime="2024-08-09T21:21:15.5369610+00:00" testType="13cdc9d9-ddb5-4fa4-a97d-d965ccfc6d4b" outcome="Passed" testListId="8c84fa94-04c1-424b-9868-57a2d4851a1d" relativeResultsDirectory="5bba9f3f-1f18-493a-9e31-a2f83dafa5fc" />
    <UnitTestResult executionId="0132d6f0-254d-4e08-bf0d-7aa86741384d" testId="9efb2462-b0e0-b10d-66d1-7d3107a3fbeb" testName="TestSlugify (ä ö ü,a-o-u)" computerName="Mac-1723236021757" duration="00:00:00.0000432" startTime="2024-08-09T21:21:15.5393660+00:00" endTime="2024-08-09T21:21:15.5395350+00:00" testType="13cdc9d9-ddb5-4fa4-a97d-d965ccfc6d4b" outcome="Passed" testListId="8c84fa94-04c1-424b-9868-57a2d4851a1d" relativeResultsDirectory="0132d6f0-254d-4e08-bf0d-7aa86741384d" />
    <UnitTestResult executionId="99163a7d-dcea-4fc0-a6fd-e40b4219c8d7" testId="b5d91387-500d-fb02-ea2e-4b91aac7952d" testName="TestSlugify (a_b,a-b)" computerName="Mac-1723236021757" duration="00:00:00.0000046" startTime="2024-08-09T21:21:15.5392450+00:00" endTime="2024-08-09T21:21:15.5393430+00:00" testType="13cdc9d9-ddb5-4fa4-a97d-d965ccfc6d4b" outcome="Passed" testListId="8c84fa94-04c1-424b-9868-57a2d4851a1d" relativeResultsDirectory="99163a7d-dcea-4fc0-a6fd-e40b4219c8d7" />
    <UnitTestResult executionId="085f54c2-f31c-445b-8e1d-40330097698c" testId="8316a9c6-5ae1-1ddb-b573-d1af46ed90eb" testName="TestSlugify (Ä Ö Ü,a-o-u)" computerName="Mac-1723236021757" duration="00:00:00.0000070" startTime="2024-08-09T21:21:15.5395580+00:00" endTime="2024-08-09T21:21:15.5396570+00:00" testType="13cdc9d9-ddb5-4fa4-a97d-d965ccfc6d4b" outcome="Passed" testListId="8c84fa94-04c1-424b-9868-57a2d4851a1d" relativeResultsDirectory="085f54c2-f31c-445b-8e1d-40330097698c" />
    <UnitTestResult executionId="0a45f4f8-2f77-48d3-9892-1291a3680180" testId="a2263742-615b-76c2-5bc5-5f93935821eb" testName="TestIntToPaddedString (-1,101,-001)" computerName="Mac-1723236021757" duration="00:00:00.0000043" startTime="2024-08-09T21:21:15.5354660+00:00" endTime="2024-08-09T21:21:15.5357240+00:00" testType="13cdc9d9-ddb5-4fa4-a97d-d965ccfc6d4b" outcome="Passed" testListId="8c84fa94-04c1-424b-9868-57a2d4851a1d" relativeResultsDirectory="0a45f4f8-2f77-48d3-9892-1291a3680180" />
    <UnitTestResult executionId="4936696a-7730-464b-814e-c09a39c39a74" testId="7110d810-a6b9-be2f-3023-995d72499541" testName="TestLongestCommonPrefix (a,a1,a2,a3)" computerName="Mac-1723236021757" duration="00:00:00.0004968" startTime="2024-08-09T21:21:15.5403830+00:00" endTime="2024-08-09T21:21:15.5413460+00:00" testType="13cdc9d9-ddb5-4fa4-a97d-d965ccfc6d4b" outcome="Passed" testListId="8c84fa94-04c1-424b-9868-57a2d4851a1d" relativeResultsDirectory="4936696a-7730-464b-814e-c09a39c39a74" />
    <UnitTestResult executionId="bd1c76be-2fc1-47f3-abde-f2f4f41458a6" testId="7d484181-ec58-d638-4e39-a3b4456a31af" testName="TestLongestCommonPrefix (,,abc)" computerName="Mac-1723236021757" duration="00:00:00.0000046" startTime="2024-08-09T21:21:15.5428780+00:00" endTime="2024-08-09T21:21:15.5430310+00:00" testType="13cdc9d9-ddb5-4fa4-a97d-d965ccfc6d4b" outcome="Passed" testListId="8c84fa94-04c1-424b-9868-57a2d4851a1d" relativeResultsDirectory="bd1c76be-2fc1-47f3-abde-f2f4f41458a6" />
    <UnitTestResult executionId="c801eb04-0cf1-407e-af8f-a655a8abac72" testId="dd14498c-1ded-be08-8509-add8edff9a45" testName="TestIntToPaddedString (1,9,1)" computerName="Mac-1723236021757" duration="00:00:00.0003305" startTime="2024-08-09T21:21:15.4986830+00:00" endTime="2024-08-09T21:21:15.4992480+00:00" testType="13cdc9d9-ddb5-4fa4-a97d-d965ccfc6d4b" outcome="Passed" testListId="8c84fa94-04c1-424b-9868-57a2d4851a1d" relativeResultsDirectory="c801eb04-0cf1-407e-af8f-a655a8abac72" />
    <UnitTestResult executionId="2bde823a-6062-462d-9630-70fe34ba17a5" testId="8408e916-bcaf-d8f6-b759-f9ad50e8e4ff" testName="TestLongestCommonPrefix (ab,abc,ab)" computerName="Mac-1723236021757" duration="00:00:00.0000049" startTime="2024-08-09T21:21:15.5417490+00:00" endTime="2024-08-09T21:21:15.5418690+00:00" testType="13cdc9d9-ddb5-4fa4-a97d-d965ccfc6d4b" outcome="Passed" testListId="8c84fa94-04c1-424b-9868-57a2d4851a1d" relativeResultsDirectory="2bde823a-6062-462d-9630-70fe34ba17a5" />
    <UnitTestResult executionId="94831e77-6865-49f6-87f0-558e07e09bf0" testId="3a9301d1-7010-823c-e66c-88af2808c1a6" testName="TestSlugify (a!=b,ab)" computerName="Mac-1723236021757" duration="00:00:00.0002238" startTime="2024-08-09T21:21:15.5363670+00:00" endTime="2024-08-09T21:21:15.5367030+00:00" testType="13cdc9d9-ddb5-4fa4-a97d-d965ccfc6d4b" outcome="Passed" testListId="8c84fa94-04c1-424b-9868-57a2d4851a1d" relativeResultsDirectory="94831e77-6865-49f6-87f0-558e07e09bf0" />
    <UnitTestResult executionId="e925138f-49a0-4a03-bd78-aa4e81569225" testId="82796396-c4b5-3461-49bf-5fd76006abb5" testName="TestSlugify (a- -b,a-b)" computerName="Mac-1723236021757" duration="00:00:00.0000040" startTime="2024-08-09T21:21:15.5369860+00:00" endTime="2024-08-09T21:21:15.5370780+00:00" testType="13cdc9d9-ddb5-4fa4-a97d-d965ccfc6d4b" outcome="Passed" testListId="8c84fa94-04c1-424b-9868-57a2d4851a1d" relativeResultsDirectory="e925138f-49a0-4a03-bd78-aa4e81569225" />
    <UnitTestResult executionId="816e4163-f302-439b-bfb5-3484d7a03009" testId="420f1a19-ff6e-f078-dedd-41141d39560f" testName="TestIntToPaddedString (0,100,000)" computerName="Mac-1723236021757" duration="00:00:00.0029856" startTime="2024-08-09T21:21:15.4750640+00:00" endTime="2024-08-09T21:21:15.4939810+00:00" testType="13cdc9d9-ddb5-4fa4-a97d-d965ccfc6d4b" outcome="Passed" testListId="8c84fa94-04c1-424b-9868-57a2d4851a1d" relativeResultsDirectory="816e4163-f302-439b-bfb5-3484d7a03009" />
    <UnitTestResult executionId="9cb0b778-9d41-4816-ae0f-f781bfc10b7b" testId="c8d5f237-3971-af43-1ce5-75e0f10e91bd" testName="TestIntToPaddedString (1,10,01)" computerName="Mac-1723236021757" duration="00:00:00.0000061" startTime="2024-08-09T21:21:15.4995710+00:00" endTime="2024-08-09T21:21:15.4996880+00:00" testType="13cdc9d9-ddb5-4fa4-a97d-d965ccfc6d4b" outcome="Passed" testListId="8c84fa94-04c1-424b-9868-57a2d4851a1d" relativeResultsDirectory="9cb0b778-9d41-4816-ae0f-f781bfc10b7b" />
    <UnitTestResult executionId="2eae2e9e-5009-46d0-bcfe-ad9a6505d0af" testId="40fa6d0a-7e3d-d497-4aac-1a632b656c7b" testName="TestSlugify (!- -a- -!,a)" computerName="Mac-1723236021757" duration="00:00:00.0004154" startTime="2024-08-09T21:21:15.5357530+00:00" endTime="2024-08-09T21:21:15.5363390+00:00" testType="13cdc9d9-ddb5-4fa4-a97d-d965ccfc6d4b" outcome="Passed" testListId="8c84fa94-04c1-424b-9868-57a2d4851a1d" relativeResultsDirectory="2eae2e9e-5009-46d0-bcfe-ad9a6505d0af" />
    <UnitTestResult executionId="5a211c80-1f9c-4e88-98fb-74cde0b3c1b2" testId="d42f42b6-d93f-d960-5d27-06df3052db98" testName="TestLongestCommonPrefix (,abc,)" computerName="Mac-1723236021757" duration="00:00:00.0000099" startTime="2024-08-09T21:21:15.5430910+00:00" endTime="2024-08-09T21:21:15.5441550+00:00" testType="13cdc9d9-ddb5-4fa4-a97d-d965ccfc6d4b" outcome="Passed" testListId="8c84fa94-04c1-424b-9868-57a2d4851a1d" relativeResultsDirectory="5a211c80-1f9c-4e88-98fb-74cde0b3c1b2" />
    <UnitTestResult executionId="040bb9eb-16e2-4582-aa8e-1eceaab6d853" testId="ae3d27fa-e34c-1837-0b5c-18a6db5d1f23" testName="TestIntToPaddedString (-1,10,-01)" computerName="Mac-1723236021757" duration="00:00:00.0000045" startTime="2024-08-09T21:21:15.5003070+00:00" endTime="2024-08-09T21:21:15.5003990+00:00" testType="13cdc9d9-ddb5-4fa4-a97d-d965ccfc6d4b" outcome="Passed" testListId="8c84fa94-04c1-424b-9868-57a2d4851a1d" relativeResultsDirectory="040bb9eb-16e2-4582-aa8e-1eceaab6d853" />
    <UnitTestResult executionId="6830cf79-7e9e-43e2-98a9-cbe9a317c04a" testId="9b70ad5a-1ed0-febb-20d0-5b4ef673b6d4" testName="TestIntToPaddedString (-1,100,-001)" computerName="Mac-1723236021757" duration="00:00:00.0000045" startTime="2024-08-09T21:21:15.5353210+00:00" endTime="2024-08-09T21:21:15.5354450+00:00" testType="13cdc9d9-ddb5-4fa4-a97d-d965ccfc6d4b" outcome="Passed" testListId="8c84fa94-04c1-424b-9868-57a2d4851a1d" relativeResultsDirectory="6830cf79-7e9e-43e2-98a9-cbe9a317c04a" />
    <UnitTestResult executionId="ac483cc0-6153-4cbf-a7c2-be2c63ee0843" testId="a3f77300-0680-a5f8-f2e4-7d4acf7a198e" testName="TestIntToPaddedString (1,101,001)" computerName="Mac-1723236021757" duration="00:00:00.0000041" startTime="2024-08-09T21:21:15.5000730+00:00" endTime="2024-08-09T21:21:15.5001690+00:00" testType="13cdc9d9-ddb5-4fa4-a97d-d965ccfc6d4b" outcome="Passed" testListId="8c84fa94-04c1-424b-9868-57a2d4851a1d" relativeResultsDirectory="ac483cc0-6153-4cbf-a7c2-be2c63ee0843" />
    <UnitTestResult executionId="ed62b66c-69fc-4d5c-8d62-f16fe4c6034b" testId="a7f79b6b-7729-aa35-65cd-55c176400c98" testName="TestLongestCommonPrefix ()" computerName="Mac-1723236021757" duration="00:00:00.0003762" startTime="2024-08-09T21:21:15.5397820+00:00" endTime="2024-08-09T21:21:15.5403550+00:00" testType="13cdc9d9-ddb5-4fa4-a97d-d965ccfc6d4b" outcome="Passed" testListId="8c84fa94-04c1-424b-9868-57a2d4851a1d" relativeResultsDirectory="ed62b66c-69fc-4d5c-8d62-f16fe4c6034b" />
    <UnitTestResult executionId="2f38b36c-f61e-4757-9804-a24316355a04" testId="18510e6b-6632-838e-bcc7-7e2cce106c61" testName="TestIntToPaddedString (1,100,001)" computerName="Mac-1723236021757" duration="00:00:00.0000044" startTime="2024-08-09T21:21:15.4999570+00:00" endTime="2024-08-09T21:21:15.5000530+00:00" testType="13cdc9d9-ddb5-4fa4-a97d-d965ccfc6d4b" outcome="Passed" testListId="8c84fa94-04c1-424b-9868-57a2d4851a1d" relativeResultsDirectory="2f38b36c-f61e-4757-9804-a24316355a04" />
    <UnitTestResult executionId="b274ad05-2e2c-410e-a84c-ee2dfd3d7a02" testId="b728a8c6-c2a2-b5c8-4216-89bc12e2512c" testName="TestIntToPaddedString (1,11,01)" computerName="Mac-1723236021757" duration="00:00:00.0000046" startTime="2024-08-09T21:21:15.4997120+00:00" endTime="2024-08-09T21:21:15.4998150+00:00" testType="13cdc9d9-ddb5-4fa4-a97d-d965ccfc6d4b" outcome="Passed" testListId="8c84fa94-04c1-424b-9868-57a2d4851a1d" relativeResultsDirectory="b274ad05-2e2c-410e-a84c-ee2dfd3d7a02" />
    <UnitTestResult executionId="fd350a8e-f954-449c-84e3-a33123ec6e67" testId="5573160c-487a-bc77-bb42-e524547d4118" testName="TestSlugify (a1 b2 c3,a1-b2-c3)" computerName="Mac-1723236021757" duration="00:00:00.0000045" startTime="2024-08-09T21:21:15.5396780+00:00" endTime="2024-08-09T21:21:15.5397590+00:00" testType="13cdc9d9-ddb5-4fa4-a97d-d965ccfc6d4b" outcome="Passed" testListId="8c84fa94-04c1-424b-9868-57a2d4851a1d" relativeResultsDirectory="fd350a8e-f954-449c-84e3-a33123ec6e67" />
    <UnitTestResult executionId="569ac378-8832-4368-88b6-3832dfa82bc3" testId="1c703d85-ea03-54b9-5eac-1b2b2cbac679" testName="TestIntToPaddedString (-1,99,-01)" computerName="Mac-1723236021757" duration="00:00:00.0000056" startTime="2024-08-09T21:21:15.5351850+00:00" endTime="2024-08-09T21:21:15.5352970+00:00" testType="13cdc9d9-ddb5-4fa4-a97d-d965ccfc6d4b" outcome="Passed" testListId="8c84fa94-04c1-424b-9868-57a2d4851a1d" relativeResultsDirectory="569ac378-8832-4368-88b6-3832dfa82bc3" />
    <UnitTestResult executionId="d6b67b71-2808-41bf-96a2-338c78a5930f" testId="f481b953-fba9-d37f-5e2b-a12e000d2c1e" testName="TestSlugify (a - b,a-b)" computerName="Mac-1723236021757" duration="00:00:00.0000040" startTime="2024-08-09T21:21:15.5370990+00:00" endTime="2024-08-09T21:21:15.5371870+00:00" testType="13cdc9d9-ddb5-4fa4-a97d-d965ccfc6d4b" outcome="Passed" testListId="8c84fa94-04c1-424b-9868-57a2d4851a1d" relativeResultsDirectory="d6b67b71-2808-41bf-96a2-338c78a5930f" />
    <UnitTestResult executionId="ae0de32e-0af9-44d7-82f9-34c0a0732cf2" testId="df4993de-020f-a326-30b8-c0c5f8ad5a0d" testName="TestSlugify (Abc-DEF,abc-def)" computerName="Mac-1723236021757" duration="00:00:00.0000068" startTime="2024-08-09T21:21:15.5390420+00:00" endTime="2024-08-09T21:21:15.5391780+00:00" testType="13cdc9d9-ddb5-4fa4-a97d-d965ccfc6d4b" outcome="Passed" testListId="8c84fa94-04c1-424b-9868-57a2d4851a1d" relativeResultsDirectory="ae0de32e-0af9-44d7-82f9-34c0a0732cf2" />
  </Results>
  <TestDefinitions>
    <UnitTest name="TestIntToPaddedString (0,100,000)" storage="/users/runner/work/dotnet-monorepo/dotnet-monorepo/src/artifacts/bin/utils.tests/release_osx-x64/utils.tests.dll" id="420f1a19-ff6e-f078-dedd-41141d39560f">
      <Execution id="816e4163-f302-439b-bfb5-3484d7a03009" />
      <TestMethod codeBase="/Users/runner/work/dotnet-monorepo/dotnet-monorepo/src/artifacts/bin/Utils.Tests/release_osx-x64/Utils.Tests.dll" adapterTypeName="executor://mstestadapter/v2" className="Utils.Tests.ConversionTests" name="TestIntToPaddedString" />
    </UnitTest>
    <UnitTest name="TestSlugify (!- -a- -!,a)" storage="/users/runner/work/dotnet-monorepo/dotnet-monorepo/src/artifacts/bin/utils.tests/release_osx-x64/utils.tests.dll" id="40fa6d0a-7e3d-d497-4aac-1a632b656c7b">
      <Execution id="2eae2e9e-5009-46d0-bcfe-ad9a6505d0af" />
      <TestMethod codeBase="/Users/runner/work/dotnet-monorepo/dotnet-monorepo/src/artifacts/bin/Utils.Tests/release_osx-x64/Utils.Tests.dll" adapterTypeName="executor://mstestadapter/v2" className="Utils.Tests.StringTests" name="TestSlugify" />
    </UnitTest>
    <UnitTest name="TestSlugify (Ä Ö Ü,a-o-u)" storage="/users/runner/work/dotnet-monorepo/dotnet-monorepo/src/artifacts/bin/utils.tests/release_osx-x64/utils.tests.dll" id="8316a9c6-5ae1-1ddb-b573-d1af46ed90eb">
      <Execution id="085f54c2-f31c-445b-8e1d-40330097698c" />
      <TestMethod codeBase="/Users/runner/work/dotnet-monorepo/dotnet-monorepo/src/artifacts/bin/Utils.Tests/release_osx-x64/Utils.Tests.dll" adapterTypeName="executor://mstestadapter/v2" className="Utils.Tests.StringTests" name="TestSlugify" />
    </UnitTest>
    <UnitTest name="TestLongestCommonPrefix (ab,abc,ab)" storage="/users/runner/work/dotnet-monorepo/dotnet-monorepo/src/artifacts/bin/utils.tests/release_osx-x64/utils.tests.dll" id="8408e916-bcaf-d8f6-b759-f9ad50e8e4ff">
      <Execution id="2bde823a-6062-462d-9630-70fe34ba17a5" />
      <TestMethod codeBase="/Users/runner/work/dotnet-monorepo/dotnet-monorepo/src/artifacts/bin/Utils.Tests/release_osx-x64/Utils.Tests.dll" adapterTypeName="executor://mstestadapter/v2" className="Utils.Tests.StringTests" name="TestLongestCommonPrefix" />
    </UnitTest>
    <UnitTest name="TestLongestCommonPrefix (,,abc)" storage="/users/runner/work/dotnet-monorepo/dotnet-monorepo/src/artifacts/bin/utils.tests/release_osx-x64/utils.tests.dll" id="7d484181-ec58-d638-4e39-a3b4456a31af">
      <Execution id="bd1c76be-2fc1-47f3-abde-f2f4f41458a6" />
      <TestMethod codeBase="/Users/runner/work/dotnet-monorepo/dotnet-monorepo/src/artifacts/bin/Utils.Tests/release_osx-x64/Utils.Tests.dll" adapterTypeName="executor://mstestadapter/v2" className="Utils.Tests.StringTests" name="TestLongestCommonPrefix" />
    </UnitTest>
    <UnitTest name="TestSlugify (Abc-DEF,abc-def)" storage="/users/runner/work/dotnet-monorepo/dotnet-monorepo/src/artifacts/bin/utils.tests/release_osx-x64/utils.tests.dll" id="df4993de-020f-a326-30b8-c0c5f8ad5a0d">
      <Execution id="ae0de32e-0af9-44d7-82f9-34c0a0732cf2" />
      <TestMethod codeBase="/Users/runner/work/dotnet-monorepo/dotnet-monorepo/src/artifacts/bin/Utils.Tests/release_osx-x64/Utils.Tests.dll" adapterTypeName="executor://mstestadapter/v2" className="Utils.Tests.StringTests" name="TestSlugify" />
    </UnitTest>
    <UnitTest name="TestIntToPaddedString (-1,100,-001)" storage="/users/runner/work/dotnet-monorepo/dotnet-monorepo/src/artifacts/bin/utils.tests/release_osx-x64/utils.tests.dll" id="9b70ad5a-1ed0-febb-20d0-5b4ef673b6d4">
      <Execution id="6830cf79-7e9e-43e2-98a9-cbe9a317c04a" />
      <TestMethod codeBase="/Users/runner/work/dotnet-monorepo/dotnet-monorepo/src/artifacts/bin/Utils.Tests/release_osx-x64/Utils.Tests.dll" adapterTypeName="executor://mstestadapter/v2" className="Utils.Tests.ConversionTests" name="TestIntToPaddedString" />
    </UnitTest>
    <UnitTest name="TestIntToPaddedString (1,100,001)" storage="/users/runner/work/dotnet-monorepo/dotnet-monorepo/src/artifacts/bin/utils.tests/release_osx-x64/utils.tests.dll" id="18510e6b-6632-838e-bcc7-7e2cce106c61">
      <Execution id="2f38b36c-f61e-4757-9804-a24316355a04" />
      <TestMethod codeBase="/Users/runner/work/dotnet-monorepo/dotnet-monorepo/src/artifacts/bin/Utils.Tests/release_osx-x64/Utils.Tests.dll" adapterTypeName="executor://mstestadapter/v2" className="Utils.Tests.ConversionTests" name="TestIntToPaddedString" />
    </UnitTest>
    <UnitTest name="TestSlugify (a!=b,ab)" storage="/users/runner/work/dotnet-monorepo/dotnet-monorepo/src/artifacts/bin/utils.tests/release_osx-x64/utils.tests.dll" id="3a9301d1-7010-823c-e66c-88af2808c1a6">
      <Execution id="94831e77-6865-49f6-87f0-558e07e09bf0" />
      <TestMethod codeBase="/Users/runner/work/dotnet-monorepo/dotnet-monorepo/src/artifacts/bin/Utils.Tests/release_osx-x64/Utils.Tests.dll" adapterTypeName="executor://mstestadapter/v2" className="Utils.Tests.StringTests" name="TestSlugify" />
    </UnitTest>
    <UnitTest name="TestIntToPaddedString (-1,99,-01)" storage="/users/runner/work/dotnet-monorepo/dotnet-monorepo/src/artifacts/bin/utils.tests/release_osx-x64/utils.tests.dll" id="1c703d85-ea03-54b9-5eac-1b2b2cbac679">
      <Execution id="569ac378-8832-4368-88b6-3832dfa82bc3" />
      <TestMethod codeBase="/Users/runner/work/dotnet-monorepo/dotnet-monorepo/src/artifacts/bin/Utils.Tests/release_osx-x64/Utils.Tests.dll" adapterTypeName="executor://mstestadapter/v2" className="Utils.Tests.ConversionTests" name="TestIntToPaddedString" />
    </UnitTest>
    <UnitTest name="TestIntToPaddedString (1,101,001)" storage="/users/runner/work/dotnet-monorepo/dotnet-monorepo/src/artifacts/bin/utils.tests/release_osx-x64/utils.tests.dll" id="a3f77300-0680-a5f8-f2e4-7d4acf7a198e">
      <Execution id="ac483cc0-6153-4cbf-a7c2-be2c63ee0843" />
      <TestMethod codeBase="/Users/runner/work/dotnet-monorepo/dotnet-monorepo/src/artifacts/bin/Utils.Tests/release_osx-x64/Utils.Tests.dll" adapterTypeName="executor://mstestadapter/v2" className="Utils.Tests.ConversionTests" name="TestIntToPaddedString" />
    </UnitTest>
    <UnitTest name="TestIntToPaddedString (1,99,01)" storage="/users/runner/work/dotnet-monorepo/dotnet-monorepo/src/artifacts/bin/utils.tests/release_osx-x64/utils.tests.dll" id="439dbed2-a9ea-4783-559c-00267e9a2876">
      <Execution id="949c230a-4ef3-4c01-b6c7-84875cdad08e" />
      <TestMethod codeBase="/Users/runner/work/dotnet-monorepo/dotnet-monorepo/src/artifacts/bin/Utils.Tests/release_osx-x64/Utils.Tests.dll" adapterTypeName="executor://mstestadapter/v2" className="Utils.Tests.ConversionTests" name="TestIntToPaddedString" />
    </UnitTest>
    <UnitTest name="TestIntToPaddedString (-1,101,-001)" storage="/users/runner/work/dotnet-monorepo/dotnet-monorepo/src/artifacts/bin/utils.tests/release_osx-x64/utils.tests.dll" id="a2263742-615b-76c2-5bc5-5f93935821eb">
      <Execution id="0a45f4f8-2f77-48d3-9892-1291a3680180" />
      <TestMethod codeBase="/Users/runner/work/dotnet-monorepo/dotnet-monorepo/src/artifacts/bin/Utils.Tests/release_osx-x64/Utils.Tests.dll" adapterTypeName="executor://mstestadapter/v2" className="Utils.Tests.ConversionTests" name="TestIntToPaddedString" />
    </UnitTest>
    <UnitTest name="TestSlugify (ä ö ü,a-o-u)" storage="/users/runner/work/dotnet-monorepo/dotnet-monorepo/src/artifacts/bin/utils.tests/release_osx-x64/utils.tests.dll" id="9efb2462-b0e0-b10d-66d1-7d3107a3fbeb">
      <Execution id="0132d6f0-254d-4e08-bf0d-7aa86741384d" />
      <TestMethod codeBase="/Users/runner/work/dotnet-monorepo/dotnet-monorepo/src/artifacts/bin/Utils.Tests/release_osx-x64/Utils.Tests.dll" adapterTypeName="executor://mstestadapter/v2" className="Utils.Tests.StringTests" name="TestSlugify" />
    </UnitTest>
    <UnitTest name="TestIntToPaddedString (-1,9,-1)" storage="/users/runner/work/dotnet-monorepo/dotnet-monorepo/src/artifacts/bin/utils.tests/release_osx-x64/utils.tests.dll" id="bd454bd6-6230-8ebd-0f19-bd6e2a2f31d0">
      <Execution id="13d92ad6-c101-4cfd-bf70-a4f18ffaa0f6" />
      <TestMethod codeBase="/Users/runner/work/dotnet-monorepo/dotnet-monorepo/src/artifacts/bin/Utils.Tests/release_osx-x64/Utils.Tests.dll" adapterTypeName="executor://mstestadapter/v2" className="Utils.Tests.ConversionTests" name="TestIntToPaddedString" />
    </UnitTest>
    <UnitTest name="TestLongestCommonPrefix ()" storage="/users/runner/work/dotnet-monorepo/dotnet-monorepo/src/artifacts/bin/utils.tests/release_osx-x64/utils.tests.dll" id="a7f79b6b-7729-aa35-65cd-55c176400c98">
      <Execution id="ed62b66c-69fc-4d5c-8d62-f16fe4c6034b" />
      <TestMethod codeBase="/Users/runner/work/dotnet-monorepo/dotnet-monorepo/src/artifacts/bin/Utils.Tests/release_osx-x64/Utils.Tests.dll" adapterTypeName="executor://mstestadapter/v2" className="Utils.Tests.StringTests" name="TestLongestCommonPrefix" />
    </UnitTest>
    <UnitTest name="TestIntToPaddedString (1,10,01)" storage="/users/runner/work/dotnet-monorepo/dotnet-monorepo/src/artifacts/bin/utils.tests/release_osx-x64/utils.tests.dll" id="c8d5f237-3971-af43-1ce5-75e0f10e91bd">
      <Execution id="9cb0b778-9d41-4816-ae0f-f781bfc10b7b" />
      <TestMethod codeBase="/Users/runner/work/dotnet-monorepo/dotnet-monorepo/src/artifacts/bin/Utils.Tests/release_osx-x64/Utils.Tests.dll" adapterTypeName="executor://mstestadapter/v2" className="Utils.Tests.ConversionTests" name="TestIntToPaddedString" />
    </UnitTest>
    <UnitTest name="TestLongestCommonPrefix (ab,ab,abc)" storage="/users/runner/work/dotnet-monorepo/dotnet-monorepo/src/artifacts/bin/utils.tests/release_osx-x64/utils.tests.dll" id="cebf5c0a-1b76-8025-63f9-dc2569afc414">
      <Execution id="5b4c6436-b0ae-4847-8553-21da97e99f30" />
      <TestMethod codeBase="/Users/runner/work/dotnet-monorepo/dotnet-monorepo/src/artifacts/bin/Utils.Tests/release_osx-x64/Utils.Tests.dll" adapterTypeName="executor://mstestadapter/v2" className="Utils.Tests.StringTests" name="TestLongestCommonPrefix" />
    </UnitTest>
    <UnitTest name="TestIntToPaddedString (1,11,01)" storage="/users/runner/work/dotnet-monorepo/dotnet-monorepo/src/artifacts/bin/utils.tests/release_osx-x64/utils.tests.dll" id="b728a8c6-c2a2-b5c8-4216-89bc12e2512c">
      <Execution id="b274ad05-2e2c-410e-a84c-ee2dfd3d7a02" />
      <TestMethod codeBase="/Users/runner/work/dotnet-monorepo/dotnet-monorepo/src/artifacts/bin/Utils.Tests/release_osx-x64/Utils.Tests.dll" adapterTypeName="executor://mstestadapter/v2" className="Utils.Tests.ConversionTests" name="TestIntToPaddedString" />
    </UnitTest>
    <UnitTest name="TestIntToPaddedString (-1,10,-01)" storage="/users/runner/work/dotnet-monorepo/dotnet-monorepo/src/artifacts/bin/utils.tests/release_osx-x64/utils.tests.dll" id="ae3d27fa-e34c-1837-0b5c-18a6db5d1f23">
      <Execution id="040bb9eb-16e2-4582-aa8e-1eceaab6d853" />
      <TestMethod codeBase="/Users/runner/work/dotnet-monorepo/dotnet-monorepo/src/artifacts/bin/Utils.Tests/release_osx-x64/Utils.Tests.dll" adapterTypeName="executor://mstestadapter/v2" className="Utils.Tests.ConversionTests" name="TestIntToPaddedString" />
    </UnitTest>
    <UnitTest name="TestSlugify (a- -b,a-b)" storage="/users/runner/work/dotnet-monorepo/dotnet-monorepo/src/artifacts/bin/utils.tests/release_osx-x64/utils.tests.dll" id="82796396-c4b5-3461-49bf-5fd76006abb5">
      <Execution id="e925138f-49a0-4a03-bd78-aa4e81569225" />
      <TestMethod codeBase="/Users/runner/work/dotnet-monorepo/dotnet-monorepo/src/artifacts/bin/Utils.Tests/release_osx-x64/Utils.Tests.dll" adapterTypeName="executor://mstestadapter/v2" className="Utils.Tests.StringTests" name="TestSlugify" />
    </UnitTest>
    <UnitTest name="TestSlugify (a1 b2 c3,a1-b2-c3)" storage="/users/runner/work/dotnet-monorepo/dotnet-monorepo/src/artifacts/bin/utils.tests/release_osx-x64/utils.tests.dll" id="5573160c-487a-bc77-bb42-e524547d4118">
      <Execution id="fd350a8e-f954-449c-84e3-a33123ec6e67" />
      <TestMethod codeBase="/Users/runner/work/dotnet-monorepo/dotnet-monorepo/src/artifacts/bin/Utils.Tests/release_osx-x64/Utils.Tests.dll" adapterTypeName="executor://mstestadapter/v2" className="Utils.Tests.StringTests" name="TestSlugify" />
    </UnitTest>
    <UnitTest name="TestSlugify (a &#x9;&#xA;b,a-b)" storage="/users/runner/work/dotnet-monorepo/dotnet-monorepo/src/artifacts/bin/utils.tests/release_osx-x64/utils.tests.dll" id="62a6d94a-e870-9da0-1b69-a541b0932bf2">
      <Execution id="5bba9f3f-1f18-493a-9e31-a2f83dafa5fc" />
      <TestMethod codeBase="/Users/runner/work/dotnet-monorepo/dotnet-monorepo/src/artifacts/bin/Utils.Tests/release_osx-x64/Utils.Tests.dll" adapterTypeName="executor://mstestadapter/v2" className="Utils.Tests.StringTests" name="TestSlugify" />
    </UnitTest>
    <UnitTest name="TestSlugify (a - b,a-b)" storage="/users/runner/work/dotnet-monorepo/dotnet-monorepo/src/artifacts/bin/utils.tests/release_osx-x64/utils.tests.dll" id="f481b953-fba9-d37f-5e2b-a12e000d2c1e">
      <Execution id="d6b67b71-2808-41bf-96a2-338c78a5930f" />
      <TestMethod codeBase="/Users/runner/work/dotnet-monorepo/dotnet-monorepo/src/artifacts/bin/Utils.Tests/release_osx-x64/Utils.Tests.dll" adapterTypeName="executor://mstestadapter/v2" className="Utils.Tests.StringTests" name="TestSlugify" />
    </UnitTest>
    <UnitTest name="TestIntToPaddedString (-1,11,-01)" storage="/users/runner/work/dotnet-monorepo/dotnet-monorepo/src/artifacts/bin/utils.tests/release_osx-x64/utils.tests.dll" id="a542e80e-ad7f-f7bc-b126-509b35c65dcd">
      <Execution id="ca133305-a393-4d95-b121-6c774a18bb31" />
      <TestMethod codeBase="/Users/runner/work/dotnet-monorepo/dotnet-monorepo/src/artifacts/bin/Utils.Tests/release_osx-x64/Utils.Tests.dll" adapterTypeName="executor://mstestadapter/v2" className="Utils.Tests.ConversionTests" name="TestIntToPaddedString" />
    </UnitTest>
    <UnitTest name="TestSlugify (a_b,a-b)" storage="/users/runner/work/dotnet-monorepo/dotnet-monorepo/src/artifacts/bin/utils.tests/release_osx-x64/utils.tests.dll" id="b5d91387-500d-fb02-ea2e-4b91aac7952d">
      <Execution id="99163a7d-dcea-4fc0-a6fd-e40b4219c8d7" />
      <TestMethod codeBase="/Users/runner/work/dotnet-monorepo/dotnet-monorepo/src/artifacts/bin/Utils.Tests/release_osx-x64/Utils.Tests.dll" adapterTypeName="executor://mstestadapter/v2" className="Utils.Tests.StringTests" name="TestSlugify" />
    </UnitTest>
    <UnitTest name="TestIntToPaddedString (1,9,1)" storage="/users/runner/work/dotnet-monorepo/dotnet-monorepo/src/artifacts/bin/utils.tests/release_osx-x64/utils.tests.dll" id="dd14498c-1ded-be08-8509-add8edff9a45">
      <Execution id="c801eb04-0cf1-407e-af8f-a655a8abac72" />
      <TestMethod codeBase="/Users/runner/work/dotnet-monorepo/dotnet-monorepo/src/artifacts/bin/Utils.Tests/release_osx-x64/Utils.Tests.dll" adapterTypeName="executor://mstestadapter/v2" className="Utils.Tests.ConversionTests" name="TestIntToPaddedString" />
    </UnitTest>
    <UnitTest name="TestLongestCommonPrefix (,abc,)" storage="/users/runner/work/dotnet-monorepo/dotnet-monorepo/src/artifacts/bin/utils.tests/release_osx-x64/utils.tests.dll" id="d42f42b6-d93f-d960-5d27-06df3052db98">
      <Execution id="5a211c80-1f9c-4e88-98fb-74cde0b3c1b2" />
      <TestMethod codeBase="/Users/runner/work/dotnet-monorepo/dotnet-monorepo/src/artifacts/bin/Utils.Tests/release_osx-x64/Utils.Tests.dll" adapterTypeName="executor://mstestadapter/v2" className="Utils.Tests.StringTests" name="TestLongestCommonPrefix" />
    </UnitTest>
    <UnitTest name="TestLongestCommonPrefix (a,a1,a2,a3)" storage="/users/runner/work/dotnet-monorepo/dotnet-monorepo/src/artifacts/bin/utils.tests/release_osx-x64/utils.tests.dll" id="7110d810-a6b9-be2f-3023-995d72499541">
      <Execution id="4936696a-7730-464b-814e-c09a39c39a74" />
      <TestMethod codeBase="/Users/runner/work/dotnet-monorepo/dotnet-monorepo/src/artifacts/bin/Utils.Tests/release_osx-x64/Utils.Tests.dll" adapterTypeName="executor://mstestadapter/v2" className="Utils.Tests.StringTests" name="TestLongestCommonPrefix" />
    </UnitTest>
  </TestDefinitions>
  <TestEntries>
    <TestEntry testId="439dbed2-a9ea-4783-559c-00267e9a2876" executionId="949c230a-4ef3-4c01-b6c7-84875cdad08e" testListId="8c84fa94-04c1-424b-9868-57a2d4851a1d" />
    <TestEntry testId="bd454bd6-6230-8ebd-0f19-bd6e2a2f31d0" executionId="13d92ad6-c101-4cfd-bf70-a4f18ffaa0f6" testListId="8c84fa94-04c1-424b-9868-57a2d4851a1d" />
    <TestEntry testId="a542e80e-ad7f-f7bc-b126-509b35c65dcd" executionId="ca133305-a393-4d95-b121-6c774a18bb31" testListId="8c84fa94-04c1-424b-9868-57a2d4851a1d" />
    <TestEntry testId="cebf5c0a-1b76-8025-63f9-dc2569afc414" executionId="5b4c6436-b0ae-4847-8553-21da97e99f30" testListId="8c84fa94-04c1-424b-9868-57a2d4851a1d" />
    <TestEntry testId="62a6d94a-e870-9da0-1b69-a541b0932bf2" executionId="5bba9f3f-1f18-493a-9e31-a2f83dafa5fc" testListId="8c84fa94-04c1-424b-9868-57a2d4851a1d" />
    <TestEntry testId="9efb2462-b0e0-b10d-66d1-7d3107a3fbeb" executionId="0132d6f0-254d-4e08-bf0d-7aa86741384d" testListId="8c84fa94-04c1-424b-9868-57a2d4851a1d" />
    <TestEntry testId="b5d91387-500d-fb02-ea2e-4b91aac7952d" executionId="99163a7d-dcea-4fc0-a6fd-e40b4219c8d7" testListId="8c84fa94-04c1-424b-9868-57a2d4851a1d" />
    <TestEntry testId="8316a9c6-5ae1-1ddb-b573-d1af46ed90eb" executionId="085f54c2-f31c-445b-8e1d-40330097698c" testListId="8c84fa94-04c1-424b-9868-57a2d4851a1d" />
    <TestEntry testId="a2263742-615b-76c2-5bc5-5f93935821eb" executionId="0a45f4f8-2f77-48d3-9892-1291a3680180" testListId="8c84fa94-04c1-424b-9868-57a2d4851a1d" />
    <TestEntry testId="7110d810-a6b9-be2f-3023-995d72499541" executionId="4936696a-7730-464b-814e-c09a39c39a74" testListId="8c84fa94-04c1-424b-9868-57a2d4851a1d" />
    <TestEntry testId="7d484181-ec58-d638-4e39-a3b4456a31af" executionId="bd1c76be-2fc1-47f3-abde-f2f4f41458a6" testListId="8c84fa94-04c1-424b-9868-57a2d4851a1d" />
    <TestEntry testId="dd14498c-1ded-be08-8509-add8edff9a45" executionId="c801eb04-0cf1-407e-af8f-a655a8abac72" testListId="8c84fa94-04c1-424b-9868-57a2d4851a1d" />
    <TestEntry testId="8408e916-bcaf-d8f6-b759-f9ad50e8e4ff" executionId="2bde823a-6062-462d-9630-70fe34ba17a5" testListId="8c84fa94-04c1-424b-9868-57a2d4851a1d" />
    <TestEntry testId="3a9301d1-7010-823c-e66c-88af2808c1a6" executionId="94831e77-6865-49f6-87f0-558e07e09bf0" testListId="8c84fa94-04c1-424b-9868-57a2d4851a1d" />
    <TestEntry testId="82796396-c4b5-3461-49bf-5fd76006abb5" executionId="e925138f-49a0-4a03-bd78-aa4e81569225" testListId="8c84fa94-04c1-424b-9868-57a2d4851a1d" />
    <TestEntry testId="420f1a19-ff6e-f078-dedd-41141d39560f" executionId="816e4163-f302-439b-bfb5-3484d7a03009" testListId="8c84fa94-04c1-424b-9868-57a2d4851a1d" />
    <TestEntry testId="c8d5f237-3971-af43-1ce5-75e0f10e91bd" executionId="9cb0b778-9d41-4816-ae0f-f781bfc10b7b" testListId="8c84fa94-04c1-424b-9868-57a2d4851a1d" />
    <TestEntry testId="40fa6d0a-7e3d-d497-4aac-1a632b656c7b" executionId="2eae2e9e-5009-46d0-bcfe-ad9a6505d0af" testListId="8c84fa94-04c1-424b-9868-57a2d4851a1d" />
    <TestEntry testId="d42f42b6-d93f-d960-5d27-06df3052db98" executionId="5a211c80-1f9c-4e88-98fb-74cde0b3c1b2" testListId="8c84fa94-04c1-424b-9868-57a2d4851a1d" />
    <TestEntry testId="ae3d27fa-e34c-1837-0b5c-18a6db5d1f23" executionId="040bb9eb-16e2-4582-aa8e-1eceaab6d853" testListId="8c84fa94-04c1-424b-9868-57a2d4851a1d" />
    <TestEntry testId="9b70ad5a-1ed0-febb-20d0-5b4ef673b6d4" executionId="6830cf79-7e9e-43e2-98a9-cbe9a317c04a" testListId="8c84fa94-04c1-424b-9868-57a2d4851a1d" />
    <TestEntry testId="a3f77300-0680-a5f8-f2e4-7d4acf7a198e" executionId="ac483cc0-6153-4cbf-a7c2-be2c63ee0843" testListId="8c84fa94-04c1-424b-9868-57a2d4851a1d" />
    <TestEntry testId="a7f79b6b-7729-aa35-65cd-55c176400c98" executionId="ed62b66c-69fc-4d5c-8d62-f16fe4c6034b" testListId="8c84fa94-04c1-424b-9868-57a2d4851a1d" />
    <TestEntry testId="18510e6b-6632-838e-bcc7-7e2cce106c61" executionId="2f38b36c-f61e-4757-9804-a24316355a04" testListId="8c84fa94-04c1-424b-9868-57a2d4851a1d" />
    <TestEntry testId="b728a8c6-c2a2-b5c8-4216-89bc12e2512c" executionId="b274ad05-2e2c-410e-a84c-ee2dfd3d7a02" testListId="8c84fa94-04c1-424b-9868-57a2d4851a1d" />
    <TestEntry testId="5573160c-487a-bc77-bb42-e524547d4118" executionId="fd350a8e-f954-449c-84e3-a33123ec6e67" testListId="8c84fa94-04c1-424b-9868-57a2d4851a1d" />
    <TestEntry testId="1c703d85-ea03-54b9-5eac-1b2b2cbac679" executionId="569ac378-8832-4368-88b6-3832dfa82bc3" testListId="8c84fa94-04c1-424b-9868-57a2d4851a1d" />
    <TestEntry testId="f481b953-fba9-d37f-5e2b-a12e000d2c1e" executionId="d6b67b71-2808-41bf-96a2-338c78a5930f" testListId="8c84fa94-04c1-424b-9868-57a2d4851a1d" />
    <TestEntry testId="df4993de-020f-a326-30b8-c0c5f8ad5a0d" executionId="ae0de32e-0af9-44d7-82f9-34c0a0732cf2" testListId="8c84fa94-04c1-424b-9868-57a2d4851a1d" />
  </TestEntries>
  <TestLists>
    <TestList name="Results Not in a List" id="8c84fa94-04c1-424b-9868-57a2d4851a1d" />
    <TestList name="All Loaded Results" id="19431567-8539-422a-85d7-44ee4e166bda" />
  </TestLists>
  <ResultSummary outcome="Completed">
    <Counters total="29" executed="29" passed="29" failed="0" error="0" timeout="0" aborted="0" inconclusive="0" passedButRunAborted="0" notRunnable="0" notExecuted="0" disconnected="0" warning="0" completed="0" inProgress="0" pending="0" />
  </ResultSummary>
</TestRun>