<?xml version="1.0" encoding="utf-8"?>
<TestRun id="f4889d76-e150-4563-a720-37d922c8f713" name="runneradmin@fv-az1564-825 2024-12-21 23:06:57" runUser="fv-az1564-825\runneradmin" xmlns="http://microsoft.com/schemas/VisualStudio/TeamTest/2010">
  <Times creation="2024-12-21T23:06:57.1208868+00:00" queuing="2024-12-21T23:06:57.1208870+00:00" start="2024-12-21T23:06:56.5697059+00:00" finish="2024-12-21T23:06:57.1559951+00:00" />
  <TestSettings name="default" id="3f96da18-14d6-41ad-8f1e-b11834c64176">
    <Deployment runDeploymentRoot="runneradmin_fv-az1564-825_2024-12-21_23_06_57" />
  </TestSettings>
  <Results>
    <UnitTestResult executionId="bddadc9a-0faa-49e1-a58b-7cff540f0c05" testId="9f533fdb-624c-49e5-11ee-0c6ebc524a4f" testName="TestIntToPaddedString (1,10,&quot;01&quot;)" computerName="fv-az1564-825" duration="00:00:00.0000061" startTime="2024-12-21T23:06:57.0466896+00:00" endTime="2024-12-21T23:06:57.0467947+00:00" testType="13cdc9d9-ddb5-4fa4-a97d-d965ccfc6d4b" outcome="Passed" testListId="8c84fa94-04c1-424b-9868-57a2d4851a1d" relativeResultsDirectory="bddadc9a-0faa-49e1-a58b-7cff540f0c05" />
    <UnitTestResult executionId="3934702b-8fed-4041-9c4a-cb23b58575d6" testId="05b34ccd-140b-53e1-83ac-3bbcf5f170bb" testName="TestIntToPaddedString (-1,9,&quot;-1&quot;)" computerName="fv-az1564-825" duration="00:00:00.0000058" startTime="2024-12-21T23:06:57.0472194+00:00" endTime="2024-12-21T23:06:57.0473021+00:00" testType="13cdc9d9-ddb5-4fa4-a97d-d965ccfc6d4b" outcome="Passed" testListId="8c84fa94-04c1-424b-9868-57a2d4851a1d" relativeResultsDirectory="3934702b-8fed-4041-9c4a-cb23b58575d6" />
    <UnitTestResult executionId="70d5baef-ac35-4c78-85f0-b38e18d70239" testId="7c2d3d0c-c860-fb35-079f-8d65ca13e5bd" testName="TestIntToPaddedString (0,100,&quot;000&quot;)" computerName="fv-az1564-825" duration="00:00:00.0039297" startTime="2024-12-21T23:06:57.0228758+00:00" endTime="2024-12-21T23:06:57.0421322+00:00" testType="13cdc9d9-ddb5-4fa4-a97d-d965ccfc6d4b" outcome="Passed" testListId="8c84fa94-04c1-424b-9868-57a2d4851a1d" relativeResultsDirectory="70d5baef-ac35-4c78-85f0-b38e18d70239" />
    <UnitTestResult executionId="ed7a4a69-e2cb-43b4-870a-42e4dd3c54a9" testId="f3941f59-5a45-f255-ef3e-3423b48052bc" testName="TestSlugify (&quot;ä ö ü&quot;,&quot;a-o-u&quot;)" computerName="fv-az1564-825" duration="00:00:00.0000565" startTime="2024-12-21T23:06:57.0817054+00:00" endTime="2024-12-21T23:06:57.0818616+00:00" testType="13cdc9d9-ddb5-4fa4-a97d-d965ccfc6d4b" outcome="Passed" testListId="8c84fa94-04c1-424b-9868-57a2d4851a1d" relativeResultsDirectory="ed7a4a69-e2cb-43b4-870a-42e4dd3c54a9" />
    <UnitTestResult executionId="9c1d8001-f78f-47b8-b61a-735b8ebe537d" testId="8a775d92-5427-1749-f100-e7ffbe21f38a" testName="TestLongestCommonPrefix (&quot;a&quot;,&quot;a1&quot;,&quot;a2&quot;,&quot;a3&quot;)" computerName="fv-az1564-825" duration="00:00:00.0003924" startTime="2024-12-21T23:06:57.0826664+00:00" endTime="2024-12-21T23:06:57.0835042+00:00" testType="13cdc9d9-ddb5-4fa4-a97d-d965ccfc6d4b" outcome="Passed" testListId="8c84fa94-04c1-424b-9868-57a2d4851a1d" relativeResultsDirectory="9c1d8001-f78f-47b8-b61a-735b8ebe537d" />
    <UnitTestResult executionId="ef1ee1db-d52b-4ab4-ad8b-7dcbb74450b1" testId="59448ffc-e83e-eaf0-ca86-b666b7b086f9" testName="TestIntToPaddedString (1,9,&quot;1&quot;)" computerName="fv-az1564-825" duration="00:00:00.0003287" startTime="2024-12-21T23:06:57.0459448+00:00" endTime="2024-12-21T23:06:57.0464450+00:00" testType="13cdc9d9-ddb5-4fa4-a97d-d965ccfc6d4b" outcome="Passed" testListId="8c84fa94-04c1-424b-9868-57a2d4851a1d" relativeResultsDirectory="ef1ee1db-d52b-4ab4-ad8b-7dcbb74450b1" />
    <UnitTestResult executionId="c2b27dc1-978a-4c75-a91f-dd2b7d36a53c" testId="b7949501-dd00-e42e-08ec-0b01f240879f" testName="TestSlugify (&quot;a - b&quot;,&quot;a-b&quot;)" computerName="fv-az1564-825" duration="00:00:00.0000071" startTime="2024-12-21T23:06:57.0798515+00:00" endTime="2024-12-21T23:06:57.0799262+00:00" testType="13cdc9d9-ddb5-4fa4-a97d-d965ccfc6d4b" outcome="Passed" testListId="8c84fa94-04c1-424b-9868-57a2d4851a1d" relativeResultsDirectory="c2b27dc1-978a-4c75-a91f-dd2b7d36a53c" />
    <UnitTestResult executionId="545b1ec7-d7e4-4838-89c6-dd1249df537a" testId="c6f72b31-e018-3e2f-e31f-2280a965e3b7" testName="TestIntToPaddedString (1,100,&quot;001&quot;)" computerName="fv-az1564-825" duration="00:00:00.0000042" startTime="2024-12-21T23:06:57.0470198+00:00" endTime="2024-12-21T23:06:57.0470956+00:00" testType="13cdc9d9-ddb5-4fa4-a97d-d965ccfc6d4b" outcome="Passed" testListId="8c84fa94-04c1-424b-9868-57a2d4851a1d" relativeResultsDirectory="545b1ec7-d7e4-4838-89c6-dd1249df537a" />
    <UnitTestResult executionId="984995c9-d246-4814-bebb-a9a64f870658" testId="905fa321-00bc-cf78-6872-ee27f66003f2" testName="TestIntToPaddedString (-1,10,&quot;-01&quot;)" computerName="fv-az1564-825" duration="00:00:00.0000045" startTime="2024-12-21T23:06:57.0473208+00:00" endTime="2024-12-21T23:06:57.0473999+00:00" testType="13cdc9d9-ddb5-4fa4-a97d-d965ccfc6d4b" outcome="Passed" testListId="8c84fa94-04c1-424b-9868-57a2d4851a1d" relativeResultsDirectory="984995c9-d246-4814-bebb-a9a64f870658" />
    <UnitTestResult executionId="979ff427-d6e4-40af-ba11-b57d94c09821" testId="0596324c-2695-0dfd-9ae1-97b939dc7f6a" testName="TestIntToPaddedString (-1,99,&quot;-01&quot;)" computerName="fv-az1564-825" duration="00:00:00.0000048" startTime="2024-12-21T23:06:57.0782440+00:00" endTime="2024-12-21T23:06:57.0783313+00:00" testType="13cdc9d9-ddb5-4fa4-a97d-d965ccfc6d4b" outcome="Passed" testListId="8c84fa94-04c1-424b-9868-57a2d4851a1d" relativeResultsDirectory="979ff427-d6e4-40af-ba11-b57d94c09821" />
    <UnitTestResult executionId="9c8498cc-078a-46c5-9bec-090594f8b3a6" testId="0a0f921a-26f1-2b7b-6cef-7448fafaff47" testName="TestSlugify (&quot;Abc-DEF&quot;,&quot;abc-def&quot;)" computerName="fv-az1564-825" duration="00:00:00.0000066" startTime="2024-12-21T23:06:57.0814820+00:00" endTime="2024-12-21T23:06:57.0815801+00:00" testType="13cdc9d9-ddb5-4fa4-a97d-d965ccfc6d4b" outcome="Passed" testListId="8c84fa94-04c1-424b-9868-57a2d4851a1d" relativeResultsDirectory="9c8498cc-078a-46c5-9bec-090594f8b3a6" />
    <UnitTestResult executionId="31a7d6b5-674f-4a0e-b795-ba53709b0520" testId="4ed356bd-cc22-7262-e29f-62031d221a0c" testName="TestLongestCommonPrefix (&quot;&quot;,&quot;abc&quot;,&quot;&quot;)" computerName="fv-az1564-825" duration="00:00:00.0000052" startTime="2024-12-21T23:06:57.0850875+00:00" endTime="2024-12-21T23:06:57.0857892+00:00" testType="13cdc9d9-ddb5-4fa4-a97d-d965ccfc6d4b" outcome="Passed" testListId="8c84fa94-04c1-424b-9868-57a2d4851a1d" relativeResultsDirectory="31a7d6b5-674f-4a0e-b795-ba53709b0520" />
    <UnitTestResult executionId="bdb4e3c3-940c-477f-8ea3-ad2a97483d41" testId="13ef7854-9f0e-6c15-ce2b-2db8e99b280e" testName="TestSlugify (&quot;a!=b&quot;,&quot;ab&quot;)" computerName="fv-az1564-825" duration="00:00:00.0002002" startTime="2024-12-21T23:06:57.0792107+00:00" endTime="2024-12-21T23:06:57.0795036+00:00" testType="13cdc9d9-ddb5-4fa4-a97d-d965ccfc6d4b" outcome="Passed" testListId="8c84fa94-04c1-424b-9868-57a2d4851a1d" relativeResultsDirectory="bdb4e3c3-940c-477f-8ea3-ad2a97483d41" />
    <UnitTestResult executionId="4f57ff75-d20d-4c5b-880b-d56ba327b11b" testId="30a7f46c-51eb-0a8e-7b0f-50f68458c4a9" testName="TestSlugify (&quot;a &#x9;&#xA;b&quot;,&quot;a-b&quot;)" computerName="fv-az1564-825" duration="00:00:00.0000062" startTime="2024-12-21T23:06:57.0795338+00:00" endTime="2024-12-21T23:06:57.0797276+00:00" testType="13cdc9d9-ddb5-4fa4-a97d-d965ccfc6d4b" outcome="Passed" testListId="8c84fa94-04c1-424b-9868-57a2d4851a1d" relativeResultsDirectory="4f57ff75-d20d-4c5b-880b-d56ba327b11b" />
    <UnitTestResult executionId="bfd14897-937a-463e-8f20-0c4d95f8c9ec" testId="7ed87f6c-038b-3088-c7cc-939417006f1f" testName="TestSlugify (&quot;Ä Ö Ü&quot;,&quot;a-o-u&quot;)" computerName="fv-az1564-825" duration="00:00:00.0000075" startTime="2024-12-21T23:06:57.0818846+00:00" endTime="2024-12-21T23:06:57.0819695+00:00" testType="13cdc9d9-ddb5-4fa4-a97d-d965ccfc6d4b" outcome="Passed" testListId="8c84fa94-04c1-424b-9868-57a2d4851a1d" relativeResultsDirectory="bfd14897-937a-463e-8f20-0c4d95f8c9ec" />
    <UnitTestResult executionId="c8d26555-7e89-487f-a417-82402d8d6a17" testId="68347d6d-014e-fb96-80e6-9a59909def33" testName="TestLongestCommonPrefix (&quot;ab&quot;,&quot;abc&quot;,&quot;ab&quot;)" computerName="fv-az1564-825" duration="00:00:00.0000062" startTime="2024-12-21T23:06:57.0838634+00:00" endTime="2024-12-21T23:06:57.0839761+00:00" testType="13cdc9d9-ddb5-4fa4-a97d-d965ccfc6d4b" outcome="Passed" testListId="8c84fa94-04c1-424b-9868-57a2d4851a1d" relativeResultsDirectory="c8d26555-7e89-487f-a417-82402d8d6a17" />
    <UnitTestResult executionId="7b927343-7ad7-4522-bfdb-65b0d9c1e7d2" testId="73775732-2906-be3f-e115-f3854c907656" testName="TestLongestCommonPrefix (&quot;&quot;,&quot;&quot;,&quot;abc&quot;)" computerName="fv-az1564-825" duration="00:00:00.0000053" startTime="2024-12-21T23:06:57.0849399+00:00" endTime="2024-12-21T23:06:57.0850558+00:00" testType="13cdc9d9-ddb5-4fa4-a97d-d965ccfc6d4b" outcome="Passed" testListId="8c84fa94-04c1-424b-9868-57a2d4851a1d" relativeResultsDirectory="7b927343-7ad7-4522-bfdb-65b0d9c1e7d2" />
    <UnitTestResult executionId="b2e2c6d1-5911-4a90-84d7-e84d5417a31d" testId="73c200d4-0179-f23f-e874-5529af9cfb10" testName="TestIntToPaddedString (1,99,&quot;01&quot;)" computerName="fv-az1564-825" duration="00:00:00.0000042" startTime="2024-12-21T23:06:57.0469201+00:00" endTime="2024-12-21T23:06:57.0470008+00:00" testType="13cdc9d9-ddb5-4fa4-a97d-d965ccfc6d4b" outcome="Passed" testListId="8c84fa94-04c1-424b-9868-57a2d4851a1d" relativeResultsDirectory="b2e2c6d1-5911-4a90-84d7-e84d5417a31d" />
    <UnitTestResult executionId="fbd09ceb-8a61-4743-a557-68794225b1b5" testId="d4883779-b459-c157-8b32-167852cf136a" testName="TestSlugify (&quot;!- -a- -!&quot;,&quot;a&quot;)" computerName="fv-az1564-825" duration="00:00:00.0003773" startTime="2024-12-21T23:06:57.0786752+00:00" endTime="2024-12-21T23:06:57.0791799+00:00" testType="13cdc9d9-ddb5-4fa4-a97d-d965ccfc6d4b" outcome="Passed" testListId="8c84fa94-04c1-424b-9868-57a2d4851a1d" relativeResultsDirectory="fbd09ceb-8a61-4743-a557-68794225b1b5" />
    <UnitTestResult executionId="3ef39a6f-a4c7-4c7a-a8b7-f697ab94d9c6" testId="2e09dfd4-af8f-6090-daa3-9b8e5d3178b8" testName="TestLongestCommonPrefix (&quot;ab&quot;,&quot;ab&quot;,&quot;abc&quot;)" computerName="fv-az1564-825" duration="00:00:00.0000075" startTime="2024-12-21T23:06:57.0835367+00:00" endTime="2024-12-21T23:06:57.0838376+00:00" testType="13cdc9d9-ddb5-4fa4-a97d-d965ccfc6d4b" outcome="Passed" testListId="8c84fa94-04c1-424b-9868-57a2d4851a1d" relativeResultsDirectory="3ef39a6f-a4c7-4c7a-a8b7-f697ab94d9c6" />
    <UnitTestResult executionId="84c33cc1-3990-468a-a6d1-b9d05a906623" testId="6aa4a69f-2d57-5665-03d0-c37478fc9d10" testName="TestIntToPaddedString (-1,101,&quot;-001&quot;)" computerName="fv-az1564-825" duration="00:00:00.0000045" startTime="2024-12-21T23:06:57.0784569+00:00" endTime="2024-12-21T23:06:57.0786482+00:00" testType="13cdc9d9-ddb5-4fa4-a97d-d965ccfc6d4b" outcome="Passed" testListId="8c84fa94-04c1-424b-9868-57a2d4851a1d" relativeResultsDirectory="84c33cc1-3990-468a-a6d1-b9d05a906623" />
    <UnitTestResult executionId="75905b7e-5a55-4713-ad64-522003a67db4" testId="6ebca444-4638-4da3-7776-8faa88983cbd" testName="TestIntToPaddedString (1,11,&quot;01&quot;)" computerName="fv-az1564-825" duration="00:00:00.0000046" startTime="2024-12-21T23:06:57.0468206+00:00" endTime="2024-12-21T23:06:57.0469006+00:00" testType="13cdc9d9-ddb5-4fa4-a97d-d965ccfc6d4b" outcome="Passed" testListId="8c84fa94-04c1-424b-9868-57a2d4851a1d" relativeResultsDirectory="75905b7e-5a55-4713-ad64-522003a67db4" />
    <UnitTestResult executionId="f2a72a3f-c7ad-4fbe-9e12-32ba96b87a60" testId="3111426e-7cf2-fc95-7afe-647cdf87edaf" testName="TestSlugify (&quot;a1 b2 c3&quot;,&quot;a1-b2-c3&quot;)" computerName="fv-az1564-825" duration="00:00:00.0000047" startTime="2024-12-21T23:06:57.0819946+00:00" endTime="2024-12-21T23:06:57.0820642+00:00" testType="13cdc9d9-ddb5-4fa4-a97d-d965ccfc6d4b" outcome="Passed" testListId="8c84fa94-04c1-424b-9868-57a2d4851a1d" relativeResultsDirectory="f2a72a3f-c7ad-4fbe-9e12-32ba96b87a60" />
    <UnitTestResult executionId="b2085b7b-e1fb-4d3b-bcda-eddb63ad7e47" testId="b2e71588-0d10-1546-31ef-7b0118d37b0b" testName="TestSlugify (&quot;a_b&quot;,&quot;a-b&quot;)" computerName="fv-az1564-825" duration="00:00:00.0000048" startTime="2024-12-21T23:06:57.0816115+00:00" endTime="2024-12-21T23:06:57.0816853+00:00" testType="13cdc9d9-ddb5-4fa4-a97d-d965ccfc6d4b" outcome="Passed" testListId="8c84fa94-04c1-424b-9868-57a2d4851a1d" relativeResultsDirectory="b2085b7b-e1fb-4d3b-bcda-eddb63ad7e47" />
    <UnitTestResult executionId="0a916b7b-a340-484d-a162-2468fa71d400" testId="89e9f9e4-a5e1-fcd5-f349-d1d7158fad3c" testName="TestIntToPaddedString (-1,11,&quot;-01&quot;)" computerName="fv-az1564-825" duration="00:00:00.0000140" startTime="2024-12-21T23:06:57.0779590+00:00" endTime="2024-12-21T23:06:57.0781995+00:00" testType="13cdc9d9-ddb5-4fa4-a97d-d965ccfc6d4b" outcome="Passed" testListId="8c84fa94-04c1-424b-9868-57a2d4851a1d" relativeResultsDirectory="0a916b7b-a340-484d-a162-2468fa71d400" />
    <UnitTestResult executionId="e3ee68a9-d4ed-4691-b541-6619ac4f456b" testId="f1e653ce-75d7-fb40-bd08-81ae5b14ef1b" testName="TestIntToPaddedString (-1,100,&quot;-001&quot;)" computerName="fv-az1564-825" duration="00:00:00.0000047" startTime="2024-12-21T23:06:57.0783557+00:00" endTime="2024-12-21T23:06:57.0784370+00:00" testType="13cdc9d9-ddb5-4fa4-a97d-d965ccfc6d4b" outcome="Passed" testListId="8c84fa94-04c1-424b-9868-57a2d4851a1d" relativeResultsDirectory="e3ee68a9-d4ed-4691-b541-6619ac4f456b" />
    <UnitTestResult executionId="1bfe09df-bd0e-4c6e-9de7-30ccb72e5399" testId="87340580-4ff3-84ca-c6f9-646d0df3b112" testName="TestSlugify (&quot;a- -b&quot;,&quot;a-b&quot;)" computerName="fv-az1564-825" duration="00:00:00.0000047" startTime="2024-12-21T23:06:57.0797546+00:00" endTime="2024-12-21T23:06:57.0798315+00:00" testType="13cdc9d9-ddb5-4fa4-a97d-d965ccfc6d4b" outcome="Passed" testListId="8c84fa94-04c1-424b-9868-57a2d4851a1d" relativeResultsDirectory="1bfe09df-bd0e-4c6e-9de7-30ccb72e5399" />
    <UnitTestResult executionId="b1d7aef4-1cc5-49c6-91db-ac8fbe590726" testId="4cbec960-b40c-18f8-d17d-e715be412ea1" testName="TestLongestCommonPrefix (&quot;&quot;)" computerName="fv-az1564-825" duration="00:00:00.0003999" startTime="2024-12-21T23:06:57.0820830+00:00" endTime="2024-12-21T23:06:57.0826312+00:00" testType="13cdc9d9-ddb5-4fa4-a97d-d965ccfc6d4b" outcome="Passed" testListId="8c84fa94-04c1-424b-9868-57a2d4851a1d" relativeResultsDirectory="b1d7aef4-1cc5-49c6-91db-ac8fbe590726" />
    <UnitTestResult executionId="230f9bed-ae60-48f3-a0b8-3f7cfcf0e5ff" testId="5ecc4d90-ae9e-85a7-c3c1-545bad2e9646" testName="TestIntToPaddedString (1,101,&quot;001&quot;)" computerName="fv-az1564-825" duration="00:00:00.0000043" startTime="2024-12-21T23:06:57.0471199+00:00" endTime="2024-12-21T23:06:57.0471946+00:00" testType="13cdc9d9-ddb5-4fa4-a97d-d965ccfc6d4b" outcome="Passed" testListId="8c84fa94-04c1-424b-9868-57a2d4851a1d" relativeResultsDirectory="230f9bed-ae60-48f3-a0b8-3f7cfcf0e5ff" />
  </Results>
  <TestDefinitions>
    <UnitTest name="TestIntToPaddedString (1,11,&quot;01&quot;)" storage="d:\a\dotnet-monorepo\dotnet-monorepo\src\artifacts\bin\utils.tests\release_win-x64\utils.tests.dll" id="6ebca444-4638-4da3-7776-8faa88983cbd">
      <Execution id="75905b7e-5a55-4713-ad64-522003a67db4" />
      <TestMethod codeBase="D:\a\dotnet-monorepo\dotnet-monorepo\src\artifacts\bin\Utils.Tests\release_win-x64\Utils.Tests.dll" adapterTypeName="executor://mstestadapter/v2" className="Utils.Tests.ConversionTests" name="TestIntToPaddedString" />
    </UnitTest>
    <UnitTest name="TestSlugify (&quot;a- -b&quot;,&quot;a-b&quot;)" storage="d:\a\dotnet-monorepo\dotnet-monorepo\src\artifacts\bin\utils.tests\release_win-x64\utils.tests.dll" id="87340580-4ff3-84ca-c6f9-646d0df3b112">
      <Execution id="1bfe09df-bd0e-4c6e-9de7-30ccb72e5399" />
      <TestMethod codeBase="D:\a\dotnet-monorepo\dotnet-monorepo\src\artifacts\bin\Utils.Tests\release_win-x64\Utils.Tests.dll" adapterTypeName="executor://mstestadapter/v2" className="Utils.Tests.StringTests" name="TestSlugify" />
    </UnitTest>
    <UnitTest name="TestIntToPaddedString (-1,100,&quot;-001&quot;)" storage="d:\a\dotnet-monorepo\dotnet-monorepo\src\artifacts\bin\utils.tests\release_win-x64\utils.tests.dll" id="f1e653ce-75d7-fb40-bd08-81ae5b14ef1b">
      <Execution id="e3ee68a9-d4ed-4691-b541-6619ac4f456b" />
      <TestMethod codeBase="D:\a\dotnet-monorepo\dotnet-monorepo\src\artifacts\bin\Utils.Tests\release_win-x64\Utils.Tests.dll" adapterTypeName="executor://mstestadapter/v2" className="Utils.Tests.ConversionTests" name="TestIntToPaddedString" />
    </UnitTest>
    <UnitTest name="TestLongestCommonPrefix (&quot;ab&quot;,&quot;abc&quot;,&quot;ab&quot;)" storage="d:\a\dotnet-monorepo\dotnet-monorepo\src\artifacts\bin\utils.tests\release_win-x64\utils.tests.dll" id="68347d6d-014e-fb96-80e6-9a59909def33">
      <Execution id="c8d26555-7e89-487f-a417-82402d8d6a17" />
      <TestMethod codeBase="D:\a\dotnet-monorepo\dotnet-monorepo\src\artifacts\bin\Utils.Tests\release_win-x64\Utils.Tests.dll" adapterTypeName="executor://mstestadapter/v2" className="Utils.Tests.StringTests" name="TestLongestCommonPrefix" />
    </UnitTest>
    <UnitTest name="TestSlugify (&quot;a_b&quot;,&quot;a-b&quot;)" storage="d:\a\dotnet-monorepo\dotnet-monorepo\src\artifacts\bin\utils.tests\release_win-x64\utils.tests.dll" id="b2e71588-0d10-1546-31ef-7b0118d37b0b">
      <Execution id="b2085b7b-e1fb-4d3b-bcda-eddb63ad7e47" />
      <TestMethod codeBase="D:\a\dotnet-monorepo\dotnet-monorepo\src\artifacts\bin\Utils.Tests\release_win-x64\Utils.Tests.dll" adapterTypeName="executor://mstestadapter/v2" className="Utils.Tests.StringTests" name="TestSlugify" />
    </UnitTest>
    <UnitTest name="TestIntToPaddedString (1,10,&quot;01&quot;)" storage="d:\a\dotnet-monorepo\dotnet-monorepo\src\artifacts\bin\utils.tests\release_win-x64\utils.tests.dll" id="9f533fdb-624c-49e5-11ee-0c6ebc524a4f">
      <Execution id="bddadc9a-0faa-49e1-a58b-7cff540f0c05" />
      <TestMethod codeBase="D:\a\dotnet-monorepo\dotnet-monorepo\src\artifacts\bin\Utils.Tests\release_win-x64\Utils.Tests.dll" adapterTypeName="executor://mstestadapter/v2" className="Utils.Tests.ConversionTests" name="TestIntToPaddedString" />
    </UnitTest>
    <UnitTest name="TestIntToPaddedString (-1,99,&quot;-01&quot;)" storage="d:\a\dotnet-monorepo\dotnet-monorepo\src\artifacts\bin\utils.tests\release_win-x64\utils.tests.dll" id="0596324c-2695-0dfd-9ae1-97b939dc7f6a">
      <Execution id="979ff427-d6e4-40af-ba11-b57d94c09821" />
      <TestMethod codeBase="D:\a\dotnet-monorepo\dotnet-monorepo\src\artifacts\bin\Utils.Tests\release_win-x64\Utils.Tests.dll" adapterTypeName="executor://mstestadapter/v2" className="Utils.Tests.ConversionTests" name="TestIntToPaddedString" />
    </UnitTest>
    <UnitTest name="TestSlugify (&quot;Abc-DEF&quot;,&quot;abc-def&quot;)" storage="d:\a\dotnet-monorepo\dotnet-monorepo\src\artifacts\bin\utils.tests\release_win-x64\utils.tests.dll" id="0a0f921a-26f1-2b7b-6cef-7448fafaff47">
      <Execution id="9c8498cc-078a-46c5-9bec-090594f8b3a6" />
      <TestMethod codeBase="D:\a\dotnet-monorepo\dotnet-monorepo\src\artifacts\bin\Utils.Tests\release_win-x64\Utils.Tests.dll" adapterTypeName="executor://mstestadapter/v2" className="Utils.Tests.StringTests" name="TestSlugify" />
    </UnitTest>
    <UnitTest name="TestIntToPaddedString (1,101,&quot;001&quot;)" storage="d:\a\dotnet-monorepo\dotnet-monorepo\src\artifacts\bin\utils.tests\release_win-x64\utils.tests.dll" id="5ecc4d90-ae9e-85a7-c3c1-545bad2e9646">
      <Execution id="230f9bed-ae60-48f3-a0b8-3f7cfcf0e5ff" />
      <TestMethod codeBase="D:\a\dotnet-monorepo\dotnet-monorepo\src\artifacts\bin\Utils.Tests\release_win-x64\Utils.Tests.dll" adapterTypeName="executor://mstestadapter/v2" className="Utils.Tests.ConversionTests" name="TestIntToPaddedString" />
    </UnitTest>
    <UnitTest name="TestSlugify (&quot;a - b&quot;,&quot;a-b&quot;)" storage="d:\a\dotnet-monorepo\dotnet-monorepo\src\artifacts\bin\utils.tests\release_win-x64\utils.tests.dll" id="b7949501-dd00-e42e-08ec-0b01f240879f">
      <Execution id="c2b27dc1-978a-4c75-a91f-dd2b7d36a53c" />
      <TestMethod codeBase="D:\a\dotnet-monorepo\dotnet-monorepo\src\artifacts\bin\Utils.Tests\release_win-x64\Utils.Tests.dll" adapterTypeName="executor://mstestadapter/v2" className="Utils.Tests.StringTests" name="TestSlugify" />
    </UnitTest>
    <UnitTest name="TestSlugify (&quot;a!=b&quot;,&quot;ab&quot;)" storage="d:\a\dotnet-monorepo\dotnet-monorepo\src\artifacts\bin\utils.tests\release_win-x64\utils.tests.dll" id="13ef7854-9f0e-6c15-ce2b-2db8e99b280e">
      <Execution id="bdb4e3c3-940c-477f-8ea3-ad2a97483d41" />
      <TestMethod codeBase="D:\a\dotnet-monorepo\dotnet-monorepo\src\artifacts\bin\Utils.Tests\release_win-x64\Utils.Tests.dll" adapterTypeName="executor://mstestadapter/v2" className="Utils.Tests.StringTests" name="TestSlugify" />
    </UnitTest>
    <UnitTest name="TestLongestCommonPrefix (&quot;a&quot;,&quot;a1&quot;,&quot;a2&quot;,&quot;a3&quot;)" storage="d:\a\dotnet-monorepo\dotnet-monorepo\src\artifacts\bin\utils.tests\release_win-x64\utils.tests.dll" id="8a775d92-5427-1749-f100-e7ffbe21f38a">
      <Execution id="9c1d8001-f78f-47b8-b61a-735b8ebe537d" />
      <TestMethod codeBase="D:\a\dotnet-monorepo\dotnet-monorepo\src\artifacts\bin\Utils.Tests\release_win-x64\Utils.Tests.dll" adapterTypeName="executor://mstestadapter/v2" className="Utils.Tests.StringTests" name="TestLongestCommonPrefix" />
    </UnitTest>
    <UnitTest name="TestIntToPaddedString (0,100,&quot;000&quot;)" storage="d:\a\dotnet-monorepo\dotnet-monorepo\src\artifacts\bin\utils.tests\release_win-x64\utils.tests.dll" id="7c2d3d0c-c860-fb35-079f-8d65ca13e5bd">
      <Execution id="70d5baef-ac35-4c78-85f0-b38e18d70239" />
      <TestMethod codeBase="D:\a\dotnet-monorepo\dotnet-monorepo\src\artifacts\bin\Utils.Tests\release_win-x64\Utils.Tests.dll" adapterTypeName="executor://mstestadapter/v2" className="Utils.Tests.ConversionTests" name="TestIntToPaddedString" />
    </UnitTest>
    <UnitTest name="TestLongestCommonPrefix (&quot;&quot;)" storage="d:\a\dotnet-monorepo\dotnet-monorepo\src\artifacts\bin\utils.tests\release_win-x64\utils.tests.dll" id="4cbec960-b40c-18f8-d17d-e715be412ea1">
      <Execution id="b1d7aef4-1cc5-49c6-91db-ac8fbe590726" />
      <TestMethod codeBase="D:\a\dotnet-monorepo\dotnet-monorepo\src\artifacts\bin\Utils.Tests\release_win-x64\Utils.Tests.dll" adapterTypeName="executor://mstestadapter/v2" className="Utils.Tests.StringTests" name="TestLongestCommonPrefix" />
    </UnitTest>
    <UnitTest name="TestIntToPaddedString (-1,101,&quot;-001&quot;)" storage="d:\a\dotnet-monorepo\dotnet-monorepo\src\artifacts\bin\utils.tests\release_win-x64\utils.tests.dll" id="6aa4a69f-2d57-5665-03d0-c37478fc9d10">
      <Execution id="84c33cc1-3990-468a-a6d1-b9d05a906623" />
      <TestMethod codeBase="D:\a\dotnet-monorepo\dotnet-monorepo\src\artifacts\bin\Utils.Tests\release_win-x64\Utils.Tests.dll" adapterTypeName="executor://mstestadapter/v2" className="Utils.Tests.ConversionTests" name="TestIntToPaddedString" />
    </UnitTest>
    <UnitTest name="TestIntToPaddedString (1,100,&quot;001&quot;)" storage="d:\a\dotnet-monorepo\dotnet-monorepo\src\artifacts\bin\utils.tests\release_win-x64\utils.tests.dll" id="c6f72b31-e018-3e2f-e31f-2280a965e3b7">
      <Execution id="545b1ec7-d7e4-4838-89c6-dd1249df537a" />
      <TestMethod codeBase="D:\a\dotnet-monorepo\dotnet-monorepo\src\artifacts\bin\Utils.Tests\release_win-x64\Utils.Tests.dll" adapterTypeName="executor://mstestadapter/v2" className="Utils.Tests.ConversionTests" name="TestIntToPaddedString" />
    </UnitTest>
    <UnitTest name="TestSlugify (&quot;Ä Ö Ü&quot;,&quot;a-o-u&quot;)" storage="d:\a\dotnet-monorepo\dotnet-monorepo\src\artifacts\bin\utils.tests\release_win-x64\utils.tests.dll" id="7ed87f6c-038b-3088-c7cc-939417006f1f">
      <Execution id="bfd14897-937a-463e-8f20-0c4d95f8c9ec" />
      <TestMethod codeBase="D:\a\dotnet-monorepo\dotnet-monorepo\src\artifacts\bin\Utils.Tests\release_win-x64\Utils.Tests.dll" adapterTypeName="executor://mstestadapter/v2" className="Utils.Tests.StringTests" name="TestSlugify" />
    </UnitTest>
    <UnitTest name="TestIntToPaddedString (1,9,&quot;1&quot;)" storage="d:\a\dotnet-monorepo\dotnet-monorepo\src\artifacts\bin\utils.tests\release_win-x64\utils.tests.dll" id="59448ffc-e83e-eaf0-ca86-b666b7b086f9">
      <Execution id="ef1ee1db-d52b-4ab4-ad8b-7dcbb74450b1" />
      <TestMethod codeBase="D:\a\dotnet-monorepo\dotnet-monorepo\src\artifacts\bin\Utils.Tests\release_win-x64\Utils.Tests.dll" adapterTypeName="executor://mstestadapter/v2" className="Utils.Tests.ConversionTests" name="TestIntToPaddedString" />
    </UnitTest>
    <UnitTest name="TestIntToPaddedString (-1,11,&quot;-01&quot;)" storage="d:\a\dotnet-monorepo\dotnet-monorepo\src\artifacts\bin\utils.tests\release_win-x64\utils.tests.dll" id="89e9f9e4-a5e1-fcd5-f349-d1d7158fad3c">
      <Execution id="0a916b7b-a340-484d-a162-2468fa71d400" />
      <TestMethod codeBase="D:\a\dotnet-monorepo\dotnet-monorepo\src\artifacts\bin\Utils.Tests\release_win-x64\Utils.Tests.dll" adapterTypeName="executor://mstestadapter/v2" className="Utils.Tests.ConversionTests" name="TestIntToPaddedString" />
    </UnitTest>
    <UnitTest name="TestLongestCommonPrefix (&quot;&quot;,&quot;&quot;,&quot;abc&quot;)" storage="d:\a\dotnet-monorepo\dotnet-monorepo\src\artifacts\bin\utils.tests\release_win-x64\utils.tests.dll" id="73775732-2906-be3f-e115-f3854c907656">
      <Execution id="7b927343-7ad7-4522-bfdb-65b0d9c1e7d2" />
      <TestMethod codeBase="D:\a\dotnet-monorepo\dotnet-monorepo\src\artifacts\bin\Utils.Tests\release_win-x64\Utils.Tests.dll" adapterTypeName="executor://mstestadapter/v2" className="Utils.Tests.StringTests" name="TestLongestCommonPrefix" />
    </UnitTest>
    <UnitTest name="TestLongestCommonPrefix (&quot;ab&quot;,&quot;ab&quot;,&quot;abc&quot;)" storage="d:\a\dotnet-monorepo\dotnet-monorepo\src\artifacts\bin\utils.tests\release_win-x64\utils.tests.dll" id="2e09dfd4-af8f-6090-daa3-9b8e5d3178b8">
      <Execution id="3ef39a6f-a4c7-4c7a-a8b7-f697ab94d9c6" />
      <TestMethod codeBase="D:\a\dotnet-monorepo\dotnet-monorepo\src\artifacts\bin\Utils.Tests\release_win-x64\Utils.Tests.dll" adapterTypeName="executor://mstestadapter/v2" className="Utils.Tests.StringTests" name="TestLongestCommonPrefix" />
    </UnitTest>
    <UnitTest name="TestLongestCommonPrefix (&quot;&quot;,&quot;abc&quot;,&quot;&quot;)" storage="d:\a\dotnet-monorepo\dotnet-monorepo\src\artifacts\bin\utils.tests\release_win-x64\utils.tests.dll" id="4ed356bd-cc22-7262-e29f-62031d221a0c">
      <Execution id="31a7d6b5-674f-4a0e-b795-ba53709b0520" />
      <TestMethod codeBase="D:\a\dotnet-monorepo\dotnet-monorepo\src\artifacts\bin\Utils.Tests\release_win-x64\Utils.Tests.dll" adapterTypeName="executor://mstestadapter/v2" className="Utils.Tests.StringTests" name="TestLongestCommonPrefix" />
    </UnitTest>
    <UnitTest name="TestSlugify (&quot;a1 b2 c3&quot;,&quot;a1-b2-c3&quot;)" storage="d:\a\dotnet-monorepo\dotnet-monorepo\src\artifacts\bin\utils.tests\release_win-x64\utils.tests.dll" id="3111426e-7cf2-fc95-7afe-647cdf87edaf">
      <Execution id="f2a72a3f-c7ad-4fbe-9e12-32ba96b87a60" />
      <TestMethod codeBase="D:\a\dotnet-monorepo\dotnet-monorepo\src\artifacts\bin\Utils.Tests\release_win-x64\Utils.Tests.dll" adapterTypeName="executor://mstestadapter/v2" className="Utils.Tests.StringTests" name="TestSlugify" />
    </UnitTest>
    <UnitTest name="TestSlugify (&quot;ä ö ü&quot;,&quot;a-o-u&quot;)" storage="d:\a\dotnet-monorepo\dotnet-monorepo\src\artifacts\bin\utils.tests\release_win-x64\utils.tests.dll" id="f3941f59-5a45-f255-ef3e-3423b48052bc">
      <Execution id="ed7a4a69-e2cb-43b4-870a-42e4dd3c54a9" />
      <TestMethod codeBase="D:\a\dotnet-monorepo\dotnet-monorepo\src\artifacts\bin\Utils.Tests\release_win-x64\Utils.Tests.dll" adapterTypeName="executor://mstestadapter/v2" className="Utils.Tests.StringTests" name="TestSlugify" />
    </UnitTest>
    <UnitTest name="TestSlugify (&quot;!- -a- -!&quot;,&quot;a&quot;)" storage="d:\a\dotnet-monorepo\dotnet-monorepo\src\artifacts\bin\utils.tests\release_win-x64\utils.tests.dll" id="d4883779-b459-c157-8b32-167852cf136a">
      <Execution id="fbd09ceb-8a61-4743-a557-68794225b1b5" />
      <TestMethod codeBase="D:\a\dotnet-monorepo\dotnet-monorepo\src\artifacts\bin\Utils.Tests\release_win-x64\Utils.Tests.dll" adapterTypeName="executor://mstestadapter/v2" className="Utils.Tests.StringTests" name="TestSlugify" />
    </UnitTest>
    <UnitTest name="TestSlugify (&quot;a &#x9;&#xA;b&quot;,&quot;a-b&quot;)" storage="d:\a\dotnet-monorepo\dotnet-monorepo\src\artifacts\bin\utils.tests\release_win-x64\utils.tests.dll" id="30a7f46c-51eb-0a8e-7b0f-50f68458c4a9">
      <Execution id="4f57ff75-d20d-4c5b-880b-d56ba327b11b" />
      <TestMethod codeBase="D:\a\dotnet-monorepo\dotnet-monorepo\src\artifacts\bin\Utils.Tests\release_win-x64\Utils.Tests.dll" adapterTypeName="executor://mstestadapter/v2" className="Utils.Tests.StringTests" name="TestSlugify" />
    </UnitTest>
    <UnitTest name="TestIntToPaddedString (1,99,&quot;01&quot;)" storage="d:\a\dotnet-monorepo\dotnet-monorepo\src\artifacts\bin\utils.tests\release_win-x64\utils.tests.dll" id="73c200d4-0179-f23f-e874-5529af9cfb10">
      <Execution id="b2e2c6d1-5911-4a90-84d7-e84d5417a31d" />
      <TestMethod codeBase="D:\a\dotnet-monorepo\dotnet-monorepo\src\artifacts\bin\Utils.Tests\release_win-x64\Utils.Tests.dll" adapterTypeName="executor://mstestadapter/v2" className="Utils.Tests.ConversionTests" name="TestIntToPaddedString" />
    </UnitTest>
    <UnitTest name="TestIntToPaddedString (-1,9,&quot;-1&quot;)" storage="d:\a\dotnet-monorepo\dotnet-monorepo\src\artifacts\bin\utils.tests\release_win-x64\utils.tests.dll" id="05b34ccd-140b-53e1-83ac-3bbcf5f170bb">
      <Execution id="3934702b-8fed-4041-9c4a-cb23b58575d6" />
      <TestMethod codeBase="D:\a\dotnet-monorepo\dotnet-monorepo\src\artifacts\bin\Utils.Tests\release_win-x64\Utils.Tests.dll" adapterTypeName="executor://mstestadapter/v2" className="Utils.Tests.ConversionTests" name="TestIntToPaddedString" />
    </UnitTest>
    <UnitTest name="TestIntToPaddedString (-1,10,&quot;-01&quot;)" storage="d:\a\dotnet-monorepo\dotnet-monorepo\src\artifacts\bin\utils.tests\release_win-x64\utils.tests.dll" id="905fa321-00bc-cf78-6872-ee27f66003f2">
      <Execution id="984995c9-d246-4814-bebb-a9a64f870658" />
      <TestMethod codeBase="D:\a\dotnet-monorepo\dotnet-monorepo\src\artifacts\bin\Utils.Tests\release_win-x64\Utils.Tests.dll" adapterTypeName="executor://mstestadapter/v2" className="Utils.Tests.ConversionTests" name="TestIntToPaddedString" />
    </UnitTest>
  </TestDefinitions>
  <TestEntries>
    <TestEntry testId="9f533fdb-624c-49e5-11ee-0c6ebc524a4f" executionId="bddadc9a-0faa-49e1-a58b-7cff540f0c05" testListId="8c84fa94-04c1-424b-9868-57a2d4851a1d" />
    <TestEntry testId="05b34ccd-140b-53e1-83ac-3bbcf5f170bb" executionId="3934702b-8fed-4041-9c4a-cb23b58575d6" testListId="8c84fa94-04c1-424b-9868-57a2d4851a1d" />
    <TestEntry testId="7c2d3d0c-c860-fb35-079f-8d65ca13e5bd" executionId="70d5baef-ac35-4c78-85f0-b38e18d70239" testListId="8c84fa94-04c1-424b-9868-57a2d4851a1d" />
    <TestEntry testId="f3941f59-5a45-f255-ef3e-3423b48052bc" executionId="ed7a4a69-e2cb-43b4-870a-42e4dd3c54a9" testListId="8c84fa94-04c1-424b-9868-57a2d4851a1d" />
    <TestEntry testId="8a775d92-5427-1749-f100-e7ffbe21f38a" executionId="9c1d8001-f78f-47b8-b61a-735b8ebe537d" testListId="8c84fa94-04c1-424b-9868-57a2d4851a1d" />
    <TestEntry testId="59448ffc-e83e-eaf0-ca86-b666b7b086f9" executionId="ef1ee1db-d52b-4ab4-ad8b-7dcbb74450b1" testListId="8c84fa94-04c1-424b-9868-57a2d4851a1d" />
    <TestEntry testId="b7949501-dd00-e42e-08ec-0b01f240879f" executionId="c2b27dc1-978a-4c75-a91f-dd2b7d36a53c" testListId="8c84fa94-04c1-424b-9868-57a2d4851a1d" />
    <TestEntry testId="c6f72b31-e018-3e2f-e31f-2280a965e3b7" executionId="545b1ec7-d7e4-4838-89c6-dd1249df537a" testListId="8c84fa94-04c1-424b-9868-57a2d4851a1d" />
    <TestEntry testId="905fa321-00bc-cf78-6872-ee27f66003f2" executionId="984995c9-d246-4814-bebb-a9a64f870658" testListId="8c84fa94-04c1-424b-9868-57a2d4851a1d" />
    <TestEntry testId="0596324c-2695-0dfd-9ae1-97b939dc7f6a" executionId="979ff427-d6e4-40af-ba11-b57d94c09821" testListId="8c84fa94-04c1-424b-9868-57a2d4851a1d" />
    <TestEntry testId="0a0f921a-26f1-2b7b-6cef-7448fafaff47" executionId="9c8498cc-078a-46c5-9bec-090594f8b3a6" testListId="8c84fa94-04c1-424b-9868-57a2d4851a1d" />
    <TestEntry testId="4ed356bd-cc22-7262-e29f-62031d221a0c" executionId="31a7d6b5-674f-4a0e-b795-ba53709b0520" testListId="8c84fa94-04c1-424b-9868-57a2d4851a1d" />
    <TestEntry testId="13ef7854-9f0e-6c15-ce2b-2db8e99b280e" executionId="bdb4e3c3-940c-477f-8ea3-ad2a97483d41" testListId="8c84fa94-04c1-424b-9868-57a2d4851a1d" />
    <TestEntry testId="30a7f46c-51eb-0a8e-7b0f-50f68458c4a9" executionId="4f57ff75-d20d-4c5b-880b-d56ba327b11b" testListId="8c84fa94-04c1-424b-9868-57a2d4851a1d" />
    <TestEntry testId="7ed87f6c-038b-3088-c7cc-939417006f1f" executionId="bfd14897-937a-463e-8f20-0c4d95f8c9ec" testListId="8c84fa94-04c1-424b-9868-57a2d4851a1d" />
    <TestEntry testId="68347d6d-014e-fb96-80e6-9a59909def33" executionId="c8d26555-7e89-487f-a417-82402d8d6a17" testListId="8c84fa94-04c1-424b-9868-57a2d4851a1d" />
    <TestEntry testId="73775732-2906-be3f-e115-f3854c907656" executionId="7b927343-7ad7-4522-bfdb-65b0d9c1e7d2" testListId="8c84fa94-04c1-424b-9868-57a2d4851a1d" />
    <TestEntry testId="73c200d4-0179-f23f-e874-5529af9cfb10" executionId="b2e2c6d1-5911-4a90-84d7-e84d5417a31d" testListId="8c84fa94-04c1-424b-9868-57a2d4851a1d" />
    <TestEntry testId="d4883779-b459-c157-8b32-167852cf136a" executionId="fbd09ceb-8a61-4743-a557-68794225b1b5" testListId="8c84fa94-04c1-424b-9868-57a2d4851a1d" />
    <TestEntry testId="2e09dfd4-af8f-6090-daa3-9b8e5d3178b8" executionId="3ef39a6f-a4c7-4c7a-a8b7-f697ab94d9c6" testListId="8c84fa94-04c1-424b-9868-57a2d4851a1d" />
    <TestEntry testId="6aa4a69f-2d57-5665-03d0-c37478fc9d10" executionId="84c33cc1-3990-468a-a6d1-b9d05a906623" testListId="8c84fa94-04c1-424b-9868-57a2d4851a1d" />
    <TestEntry testId="6ebca444-4638-4da3-7776-8faa88983cbd" executionId="75905b7e-5a55-4713-ad64-522003a67db4" testListId="8c84fa94-04c1-424b-9868-57a2d4851a1d" />
    <TestEntry testId="3111426e-7cf2-fc95-7afe-647cdf87edaf" executionId="f2a72a3f-c7ad-4fbe-9e12-32ba96b87a60" testListId="8c84fa94-04c1-424b-9868-57a2d4851a1d" />
    <TestEntry testId="b2e71588-0d10-1546-31ef-7b0118d37b0b" executionId="b2085b7b-e1fb-4d3b-bcda-eddb63ad7e47" testListId="8c84fa94-04c1-424b-9868-57a2d4851a1d" />
    <TestEntry testId="89e9f9e4-a5e1-fcd5-f349-d1d7158fad3c" executionId="0a916b7b-a340-484d-a162-2468fa71d400" testListId="8c84fa94-04c1-424b-9868-57a2d4851a1d" />
    <TestEntry testId="f1e653ce-75d7-fb40-bd08-81ae5b14ef1b" executionId="e3ee68a9-d4ed-4691-b541-6619ac4f456b" testListId="8c84fa94-04c1-424b-9868-57a2d4851a1d" />
    <TestEntry testId="87340580-4ff3-84ca-c6f9-646d0df3b112" executionId="1bfe09df-bd0e-4c6e-9de7-30ccb72e5399" testListId="8c84fa94-04c1-424b-9868-57a2d4851a1d" />
    <TestEntry testId="4cbec960-b40c-18f8-d17d-e715be412ea1" executionId="b1d7aef4-1cc5-49c6-91db-ac8fbe590726" testListId="8c84fa94-04c1-424b-9868-57a2d4851a1d" />
    <TestEntry testId="5ecc4d90-ae9e-85a7-c3c1-545bad2e9646" executionId="230f9bed-ae60-48f3-a0b8-3f7cfcf0e5ff" testListId="8c84fa94-04c1-424b-9868-57a2d4851a1d" />
  </TestEntries>
  <TestLists>
    <TestList name="Results Not in a List" id="8c84fa94-04c1-424b-9868-57a2d4851a1d" />
    <TestList name="All Loaded Results" id="19431567-8539-422a-85d7-44ee4e166bda" />
  </TestLists>
  <ResultSummary outcome="Completed">
    <Counters total="29" executed="29" passed="29" failed="0" error="0" timeout="0" aborted="0" inconclusive="0" passedButRunAborted="0" notRunnable="0" notExecuted="0" disconnected="0" warning="0" completed="0" inProgress="0" pending="0" />
  </ResultSummary>
</TestRun>