<?xml version="1.0" encoding="utf-8"?>
<TestRun id="0d69a003-efcc-4111-b6bc-80e87ce642bb" name="@Mac-1708824680763 2024-02-25 02:07:28" xmlns="http://microsoft.com/schemas/VisualStudio/TeamTest/2010">
  <Times creation="2024-02-25T02:07:28.9402380+00:00" queuing="2024-02-25T02:07:28.9402380+00:00" start="2024-02-25T02:07:28.2779460+00:00" finish="2024-02-25T02:07:28.9843540+00:00" />
  <TestSettings name="default" id="2aa2fbfd-863c-4372-b199-e2551bac3557">
    <Deployment runDeploymentRoot="_Mac-1708824680763_2024-02-25_02_07_28" />
  </TestSettings>
  <Results>
    <UnitTestResult executionId="3c243d96-bedb-4df8-9767-7a63c68ef0ed" testId="18510e6b-6632-838e-bcc7-7e2cce106c61" testName="TestIntToPaddedString (1,100,001)" computerName="Mac-1708824680763" duration="00:00:00.0000049" startTime="2024-02-25T02:07:28.8410650+00:00" endTime="2024-02-25T02:07:28.8412520+00:00" testType="13cdc9d9-ddb5-4fa4-a97d-d965ccfc6d4b" outcome="Passed" testListId="8c84fa94-04c1-424b-9868-57a2d4851a1d" relativeResultsDirectory="3c243d96-bedb-4df8-9767-7a63c68ef0ed" />
    <UnitTestResult executionId="92cab2ea-b18d-4f8f-b38f-179d1211bce1" testId="b728a8c6-c2a2-b5c8-4216-89bc12e2512c" testName="TestIntToPaddedString (1,11,01)" computerName="Mac-1708824680763" duration="00:00:00.0000051" startTime="2024-02-25T02:07:28.8406640+00:00" endTime="2024-02-25T02:07:28.8408470+00:00" testType="13cdc9d9-ddb5-4fa4-a97d-d965ccfc6d4b" outcome="Passed" testListId="8c84fa94-04c1-424b-9868-57a2d4851a1d" relativeResultsDirectory="92cab2ea-b18d-4f8f-b38f-179d1211bce1" />
    <UnitTestResult executionId="b717d659-1c56-408e-b763-335731f8b612" testId="cebf5c0a-1b76-8025-63f9-dc2569afc414" testName="TestLongestCommonPrefix (ab,ab,abc)" computerName="Mac-1708824680763" duration="00:00:00.0000066" startTime="2024-02-25T02:07:28.8885070+00:00" endTime="2024-02-25T02:07:28.8889360+00:00" testType="13cdc9d9-ddb5-4fa4-a97d-d965ccfc6d4b" outcome="Passed" testListId="8c84fa94-04c1-424b-9868-57a2d4851a1d" relativeResultsDirectory="b717d659-1c56-408e-b763-335731f8b612" />
    <UnitTestResult executionId="40ea4a6b-e166-4901-a364-a0b3864f7864" testId="3a9301d1-7010-823c-e66c-88af2808c1a6" testName="TestSlugify (a!=b,ab)" computerName="Mac-1708824680763" duration="00:00:00.0002183" startTime="2024-02-25T02:07:28.8822270+00:00" endTime="2024-02-25T02:07:28.8825870+00:00" testType="13cdc9d9-ddb5-4fa4-a97d-d965ccfc6d4b" outcome="Passed" testListId="8c84fa94-04c1-424b-9868-57a2d4851a1d" relativeResultsDirectory="40ea4a6b-e166-4901-a364-a0b3864f7864" />
    <UnitTestResult executionId="12f1575b-dee7-4fbc-a48e-019f51eb8e03" testId="a2263742-615b-76c2-5bc5-5f93935821eb" testName="TestIntToPaddedString (-1,101,-001)" computerName="Mac-1708824680763" duration="00:00:00.0000051" startTime="2024-02-25T02:07:28.8811890+00:00" endTime="2024-02-25T02:07:28.8815270+00:00" testType="13cdc9d9-ddb5-4fa4-a97d-d965ccfc6d4b" outcome="Passed" testListId="8c84fa94-04c1-424b-9868-57a2d4851a1d" relativeResultsDirectory="12f1575b-dee7-4fbc-a48e-019f51eb8e03" />
    <UnitTestResult executionId="3e1b70d4-61b5-4621-b938-4de8d02664bb" testId="8316a9c6-5ae1-1ddb-b573-d1af46ed90eb" testName="TestSlugify (Ä Ö Ü,a-o-u)" computerName="Mac-1708824680763" duration="00:00:00.0000084" startTime="2024-02-25T02:07:28.8861490+00:00" endTime="2024-02-25T02:07:28.8863190+00:00" testType="13cdc9d9-ddb5-4fa4-a97d-d965ccfc6d4b" outcome="Passed" testListId="8c84fa94-04c1-424b-9868-57a2d4851a1d" relativeResultsDirectory="3e1b70d4-61b5-4621-b938-4de8d02664bb" />
    <UnitTestResult executionId="06053049-2534-4ff8-bb99-044a278bf318" testId="f481b953-fba9-d37f-5e2b-a12e000d2c1e" testName="TestSlugify (a - b,a-b)" computerName="Mac-1708824680763" duration="00:00:00.0000044" startTime="2024-02-25T02:07:28.8830890+00:00" endTime="2024-02-25T02:07:28.8832450+00:00" testType="13cdc9d9-ddb5-4fa4-a97d-d965ccfc6d4b" outcome="Passed" testListId="8c84fa94-04c1-424b-9868-57a2d4851a1d" relativeResultsDirectory="06053049-2534-4ff8-bb99-044a278bf318" />
    <UnitTestResult executionId="5367942e-35a8-4cb1-a60b-0f19a9492e83" testId="7d484181-ec58-d638-4e39-a3b4456a31af" testName="TestLongestCommonPrefix (,,abc)" computerName="Mac-1708824680763" duration="00:00:00.0000048" startTime="2024-02-25T02:07:28.8904960+00:00" endTime="2024-02-25T02:07:28.8906910+00:00" testType="13cdc9d9-ddb5-4fa4-a97d-d965ccfc6d4b" outcome="Passed" testListId="8c84fa94-04c1-424b-9868-57a2d4851a1d" relativeResultsDirectory="5367942e-35a8-4cb1-a60b-0f19a9492e83" />
    <UnitTestResult executionId="db3eda3c-a6f7-45e7-92fa-86e940b8e430" testId="a3f77300-0680-a5f8-f2e4-7d4acf7a198e" testName="TestIntToPaddedString (1,101,001)" computerName="Mac-1708824680763" duration="00:00:00.0000049" startTime="2024-02-25T02:07:28.8412740+00:00" endTime="2024-02-25T02:07:28.8414320+00:00" testType="13cdc9d9-ddb5-4fa4-a97d-d965ccfc6d4b" outcome="Passed" testListId="8c84fa94-04c1-424b-9868-57a2d4851a1d" relativeResultsDirectory="db3eda3c-a6f7-45e7-92fa-86e940b8e430" />
    <UnitTestResult executionId="89c5f4c7-8382-434d-a63d-1ca0088b0e7d" testId="62a6d94a-e870-9da0-1b69-a541b0932bf2" testName="TestSlugify (a &#x9;&#xA;b,a-b)" computerName="Mac-1708824680763" duration="00:00:00.0000057" startTime="2024-02-25T02:07:28.8826120+00:00" endTime="2024-02-25T02:07:28.8829000+00:00" testType="13cdc9d9-ddb5-4fa4-a97d-d965ccfc6d4b" outcome="Passed" testListId="8c84fa94-04c1-424b-9868-57a2d4851a1d" relativeResultsDirectory="89c5f4c7-8382-434d-a63d-1ca0088b0e7d" />
    <UnitTestResult executionId="28250756-206b-45eb-9ce7-69ba63763a5f" testId="8408e916-bcaf-d8f6-b759-f9ad50e8e4ff" testName="TestLongestCommonPrefix (ab,abc,ab)" computerName="Mac-1708824680763" duration="00:00:00.0000050" startTime="2024-02-25T02:07:28.8889640+00:00" endTime="2024-02-25T02:07:28.8891700+00:00" testType="13cdc9d9-ddb5-4fa4-a97d-d965ccfc6d4b" outcome="Passed" testListId="8c84fa94-04c1-424b-9868-57a2d4851a1d" relativeResultsDirectory="28250756-206b-45eb-9ce7-69ba63763a5f" />
    <UnitTestResult executionId="25122a21-e463-489f-a10a-d725a147605f" testId="b5d91387-500d-fb02-ea2e-4b91aac7952d" testName="TestSlugify (a_b,a-b)" computerName="Mac-1708824680763" duration="00:00:00.0000054" startTime="2024-02-25T02:07:28.8857340+00:00" endTime="2024-02-25T02:07:28.8858790+00:00" testType="13cdc9d9-ddb5-4fa4-a97d-d965ccfc6d4b" outcome="Passed" testListId="8c84fa94-04c1-424b-9868-57a2d4851a1d" relativeResultsDirectory="25122a21-e463-489f-a10a-d725a147605f" />
    <UnitTestResult executionId="4bf4c089-5190-422b-9df4-94e76bacedd5" testId="9b70ad5a-1ed0-febb-20d0-5b4ef673b6d4" testName="TestIntToPaddedString (-1,100,-001)" computerName="Mac-1708824680763" duration="00:00:00.0000061" startTime="2024-02-25T02:07:28.8809900+00:00" endTime="2024-02-25T02:07:28.8811670+00:00" testType="13cdc9d9-ddb5-4fa4-a97d-d965ccfc6d4b" outcome="Passed" testListId="8c84fa94-04c1-424b-9868-57a2d4851a1d" relativeResultsDirectory="4bf4c089-5190-422b-9df4-94e76bacedd5" />
    <UnitTestResult executionId="9ccd0bd9-97e5-4d0a-b520-1a588158aaee" testId="7110d810-a6b9-be2f-3023-995d72499541" testName="TestLongestCommonPrefix (a,a1,a2,a3)" computerName="Mac-1708824680763" duration="00:00:00.0007113" startTime="2024-02-25T02:07:28.8871670+00:00" endTime="2024-02-25T02:07:28.8884790+00:00" testType="13cdc9d9-ddb5-4fa4-a97d-d965ccfc6d4b" outcome="Passed" testListId="8c84fa94-04c1-424b-9868-57a2d4851a1d" relativeResultsDirectory="9ccd0bd9-97e5-4d0a-b520-1a588158aaee" />
    <UnitTestResult executionId="865c4a99-72b3-4236-a55c-680ab7223722" testId="5573160c-487a-bc77-bb42-e524547d4118" testName="TestSlugify (a1 b2 c3,a1-b2-c3)" computerName="Mac-1708824680763" duration="00:00:00.0000050" startTime="2024-02-25T02:07:28.8863410+00:00" endTime="2024-02-25T02:07:28.8864920+00:00" testType="13cdc9d9-ddb5-4fa4-a97d-d965ccfc6d4b" outcome="Passed" testListId="8c84fa94-04c1-424b-9868-57a2d4851a1d" relativeResultsDirectory="865c4a99-72b3-4236-a55c-680ab7223722" />
    <UnitTestResult executionId="0ceaa4b0-d361-4e10-8895-f7273922b91c" testId="439dbed2-a9ea-4783-559c-00267e9a2876" testName="TestIntToPaddedString (1,99,01)" computerName="Mac-1708824680763" duration="00:00:00.0000048" startTime="2024-02-25T02:07:28.8408680+00:00" endTime="2024-02-25T02:07:28.8410430+00:00" testType="13cdc9d9-ddb5-4fa4-a97d-d965ccfc6d4b" outcome="Passed" testListId="8c84fa94-04c1-424b-9868-57a2d4851a1d" relativeResultsDirectory="0ceaa4b0-d361-4e10-8895-f7273922b91c" />
    <UnitTestResult executionId="11eb4e60-9773-49b6-9c13-3f16cebd1cb5" testId="9efb2462-b0e0-b10d-66d1-7d3107a3fbeb" testName="TestSlugify (ä ö ü,a-o-u)" computerName="Mac-1708824680763" duration="00:00:00.0000446" startTime="2024-02-25T02:07:28.8859020+00:00" endTime="2024-02-25T02:07:28.8861250+00:00" testType="13cdc9d9-ddb5-4fa4-a97d-d965ccfc6d4b" outcome="Passed" testListId="8c84fa94-04c1-424b-9868-57a2d4851a1d" relativeResultsDirectory="11eb4e60-9773-49b6-9c13-3f16cebd1cb5" />
    <UnitTestResult executionId="a225f338-f9c3-4d31-9b35-4c6a202483f7" testId="40fa6d0a-7e3d-d497-4aac-1a632b656c7b" testName="TestSlugify (!- -a- -!,a)" computerName="Mac-1708824680763" duration="00:00:00.0004148" startTime="2024-02-25T02:07:28.8815530+00:00" endTime="2024-02-25T02:07:28.8822010+00:00" testType="13cdc9d9-ddb5-4fa4-a97d-d965ccfc6d4b" outcome="Passed" testListId="8c84fa94-04c1-424b-9868-57a2d4851a1d" relativeResultsDirectory="a225f338-f9c3-4d31-9b35-4c6a202483f7" />
    <UnitTestResult executionId="3f6551a2-64d3-426b-9fab-e80349466273" testId="1c703d85-ea03-54b9-5eac-1b2b2cbac679" testName="TestIntToPaddedString (-1,99,-01)" computerName="Mac-1708824680763" duration="00:00:00.0000057" startTime="2024-02-25T02:07:28.8808000+00:00" endTime="2024-02-25T02:07:28.8809670+00:00" testType="13cdc9d9-ddb5-4fa4-a97d-d965ccfc6d4b" outcome="Passed" testListId="8c84fa94-04c1-424b-9868-57a2d4851a1d" relativeResultsDirectory="3f6551a2-64d3-426b-9fab-e80349466273" />
    <UnitTestResult executionId="6a50a344-6b5f-487b-a7e3-0a2567221be9" testId="ae3d27fa-e34c-1837-0b5c-18a6db5d1f23" testName="TestIntToPaddedString (-1,10,-01)" computerName="Mac-1708824680763" duration="00:00:00.0000049" startTime="2024-02-25T02:07:28.8416600+00:00" endTime="2024-02-25T02:07:28.8418170+00:00" testType="13cdc9d9-ddb5-4fa4-a97d-d965ccfc6d4b" outcome="Passed" testListId="8c84fa94-04c1-424b-9868-57a2d4851a1d" relativeResultsDirectory="6a50a344-6b5f-487b-a7e3-0a2567221be9" />
    <UnitTestResult executionId="d70be6a1-8ea8-4258-b401-e32b02a0f309" testId="420f1a19-ff6e-f078-dedd-41141d39560f" testName="TestIntToPaddedString (0,100,000)" computerName="Mac-1708824680763" duration="00:00:00.0033264" startTime="2024-02-25T02:07:28.8140620+00:00" endTime="2024-02-25T02:07:28.8344790+00:00" testType="13cdc9d9-ddb5-4fa4-a97d-d965ccfc6d4b" outcome="Passed" testListId="8c84fa94-04c1-424b-9868-57a2d4851a1d" relativeResultsDirectory="d70be6a1-8ea8-4258-b401-e32b02a0f309" />
    <UnitTestResult executionId="0ed443db-65e9-479d-9c6b-89dbf4177d90" testId="a542e80e-ad7f-f7bc-b126-509b35c65dcd" testName="TestIntToPaddedString (-1,11,-01)" computerName="Mac-1708824680763" duration="00:00:00.0000249" startTime="2024-02-25T02:07:28.8804020+00:00" endTime="2024-02-25T02:07:28.8807250+00:00" testType="13cdc9d9-ddb5-4fa4-a97d-d965ccfc6d4b" outcome="Passed" testListId="8c84fa94-04c1-424b-9868-57a2d4851a1d" relativeResultsDirectory="0ed443db-65e9-479d-9c6b-89dbf4177d90" />
    <UnitTestResult executionId="1561da7f-433f-41c2-8b06-cb5467a2cbbe" testId="a7f79b6b-7729-aa35-65cd-55c176400c98" testName="TestLongestCommonPrefix ()" computerName="Mac-1708824680763" duration="00:00:00.0004059" startTime="2024-02-25T02:07:28.8865140+00:00" endTime="2024-02-25T02:07:28.8871410+00:00" testType="13cdc9d9-ddb5-4fa4-a97d-d965ccfc6d4b" outcome="Passed" testListId="8c84fa94-04c1-424b-9868-57a2d4851a1d" relativeResultsDirectory="1561da7f-433f-41c2-8b06-cb5467a2cbbe" />
    <UnitTestResult executionId="e801b418-9a40-4059-964b-96543ccccd5b" testId="82796396-c4b5-3461-49bf-5fd76006abb5" testName="TestSlugify (a- -b,a-b)" computerName="Mac-1708824680763" duration="00:00:00.0000134" startTime="2024-02-25T02:07:28.8829240+00:00" endTime="2024-02-25T02:07:28.8830680+00:00" testType="13cdc9d9-ddb5-4fa4-a97d-d965ccfc6d4b" outcome="Passed" testListId="8c84fa94-04c1-424b-9868-57a2d4851a1d" relativeResultsDirectory="e801b418-9a40-4059-964b-96543ccccd5b" />
    <UnitTestResult executionId="5ddb84c0-2a3b-41c4-a1e2-de0341d5fa46" testId="dd14498c-1ded-be08-8509-add8edff9a45" testName="TestIntToPaddedString (1,9,1)" computerName="Mac-1708824680763" duration="00:00:00.0003527" startTime="2024-02-25T02:07:28.8394280+00:00" endTime="2024-02-25T02:07:28.8401120+00:00" testType="13cdc9d9-ddb5-4fa4-a97d-d965ccfc6d4b" outcome="Passed" testListId="8c84fa94-04c1-424b-9868-57a2d4851a1d" relativeResultsDirectory="5ddb84c0-2a3b-41c4-a1e2-de0341d5fa46" />
    <UnitTestResult executionId="6be186f1-7481-4ad0-9f4d-8d9b3ee37c21" testId="df4993de-020f-a326-30b8-c0c5f8ad5a0d" testName="TestSlugify (Abc-DEF,abc-def)" computerName="Mac-1708824680763" duration="00:00:00.0000082" startTime="2024-02-25T02:07:28.8854840+00:00" endTime="2024-02-25T02:07:28.8856860+00:00" testType="13cdc9d9-ddb5-4fa4-a97d-d965ccfc6d4b" outcome="Passed" testListId="8c84fa94-04c1-424b-9868-57a2d4851a1d" relativeResultsDirectory="6be186f1-7481-4ad0-9f4d-8d9b3ee37c21" />
    <UnitTestResult executionId="cc028909-1b3c-4b17-81d6-b9ba352cf9d0" testId="bd454bd6-6230-8ebd-0f19-bd6e2a2f31d0" testName="TestIntToPaddedString (-1,9,-1)" computerName="Mac-1708824680763" duration="00:00:00.0000067" startTime="2024-02-25T02:07:28.8414680+00:00" endTime="2024-02-25T02:07:28.8416190+00:00" testType="13cdc9d9-ddb5-4fa4-a97d-d965ccfc6d4b" outcome="Passed" testListId="8c84fa94-04c1-424b-9868-57a2d4851a1d" relativeResultsDirectory="cc028909-1b3c-4b17-81d6-b9ba352cf9d0" />
    <UnitTestResult executionId="23976871-2cd1-452a-9a3d-9e64ca1144e3" testId="d42f42b6-d93f-d960-5d27-06df3052db98" testName="TestLongestCommonPrefix (,abc,)" computerName="Mac-1708824680763" duration="00:00:00.0000049" startTime="2024-02-25T02:07:28.8907370+00:00" endTime="2024-02-25T02:07:28.8919520+00:00" testType="13cdc9d9-ddb5-4fa4-a97d-d965ccfc6d4b" outcome="Passed" testListId="8c84fa94-04c1-424b-9868-57a2d4851a1d" relativeResultsDirectory="23976871-2cd1-452a-9a3d-9e64ca1144e3" />
    <UnitTestResult executionId="1560545b-6370-44e8-8e9c-f4e123eb82d3" testId="c8d5f237-3971-af43-1ce5-75e0f10e91bd" testName="TestIntToPaddedString (1,10,01)" computerName="Mac-1708824680763" duration="00:00:00.0000152" startTime="2024-02-25T02:07:28.8404600+00:00" endTime="2024-02-25T02:07:28.8406400+00:00" testType="13cdc9d9-ddb5-4fa4-a97d-d965ccfc6d4b" outcome="Passed" testListId="8c84fa94-04c1-424b-9868-57a2d4851a1d" relativeResultsDirectory="1560545b-6370-44e8-8e9c-f4e123eb82d3" />
  </Results>
  <TestDefinitions>
    <UnitTest name="TestIntToPaddedString (0,100,000)" storage="/users/runner/work/dotnet-monorepo/dotnet-monorepo/src/artifacts/bin/utils.tests/release_osx-x64/utils.tests.dll" id="420f1a19-ff6e-f078-dedd-41141d39560f">
      <Execution id="d70be6a1-8ea8-4258-b401-e32b02a0f309" />
      <TestMethod codeBase="/Users/runner/work/dotnet-monorepo/dotnet-monorepo/src/artifacts/bin/Utils.Tests/release_osx-x64/Utils.Tests.dll" adapterTypeName="executor://mstestadapter/v2" className="Utils.Tests.ConversionTests" name="TestIntToPaddedString" />
    </UnitTest>
    <UnitTest name="TestSlugify (!- -a- -!,a)" storage="/users/runner/work/dotnet-monorepo/dotnet-monorepo/src/artifacts/bin/utils.tests/release_osx-x64/utils.tests.dll" id="40fa6d0a-7e3d-d497-4aac-1a632b656c7b">
      <Execution id="a225f338-f9c3-4d31-9b35-4c6a202483f7" />
      <TestMethod codeBase="/Users/runner/work/dotnet-monorepo/dotnet-monorepo/src/artifacts/bin/Utils.Tests/release_osx-x64/Utils.Tests.dll" adapterTypeName="executor://mstestadapter/v2" className="Utils.Tests.StringTests" name="TestSlugify" />
    </UnitTest>
    <UnitTest name="TestSlugify (Ä Ö Ü,a-o-u)" storage="/users/runner/work/dotnet-monorepo/dotnet-monorepo/src/artifacts/bin/utils.tests/release_osx-x64/utils.tests.dll" id="8316a9c6-5ae1-1ddb-b573-d1af46ed90eb">
      <Execution id="3e1b70d4-61b5-4621-b938-4de8d02664bb" />
      <TestMethod codeBase="/Users/runner/work/dotnet-monorepo/dotnet-monorepo/src/artifacts/bin/Utils.Tests/release_osx-x64/Utils.Tests.dll" adapterTypeName="executor://mstestadapter/v2" className="Utils.Tests.StringTests" name="TestSlugify" />
    </UnitTest>
    <UnitTest name="TestLongestCommonPrefix (ab,abc,ab)" storage="/users/runner/work/dotnet-monorepo/dotnet-monorepo/src/artifacts/bin/utils.tests/release_osx-x64/utils.tests.dll" id="8408e916-bcaf-d8f6-b759-f9ad50e8e4ff">
      <Execution id="28250756-206b-45eb-9ce7-69ba63763a5f" />
      <TestMethod codeBase="/Users/runner/work/dotnet-monorepo/dotnet-monorepo/src/artifacts/bin/Utils.Tests/release_osx-x64/Utils.Tests.dll" adapterTypeName="executor://mstestadapter/v2" className="Utils.Tests.StringTests" name="TestLongestCommonPrefix" />
    </UnitTest>
    <UnitTest name="TestLongestCommonPrefix (,,abc)" storage="/users/runner/work/dotnet-monorepo/dotnet-monorepo/src/artifacts/bin/utils.tests/release_osx-x64/utils.tests.dll" id="7d484181-ec58-d638-4e39-a3b4456a31af">
      <Execution id="5367942e-35a8-4cb1-a60b-0f19a9492e83" />
      <TestMethod codeBase="/Users/runner/work/dotnet-monorepo/dotnet-monorepo/src/artifacts/bin/Utils.Tests/release_osx-x64/Utils.Tests.dll" adapterTypeName="executor://mstestadapter/v2" className="Utils.Tests.StringTests" name="TestLongestCommonPrefix" />
    </UnitTest>
    <UnitTest name="TestSlugify (Abc-DEF,abc-def)" storage="/users/runner/work/dotnet-monorepo/dotnet-monorepo/src/artifacts/bin/utils.tests/release_osx-x64/utils.tests.dll" id="df4993de-020f-a326-30b8-c0c5f8ad5a0d">
      <Execution id="6be186f1-7481-4ad0-9f4d-8d9b3ee37c21" />
      <TestMethod codeBase="/Users/runner/work/dotnet-monorepo/dotnet-monorepo/src/artifacts/bin/Utils.Tests/release_osx-x64/Utils.Tests.dll" adapterTypeName="executor://mstestadapter/v2" className="Utils.Tests.StringTests" name="TestSlugify" />
    </UnitTest>
    <UnitTest name="TestIntToPaddedString (-1,100,-001)" storage="/users/runner/work/dotnet-monorepo/dotnet-monorepo/src/artifacts/bin/utils.tests/release_osx-x64/utils.tests.dll" id="9b70ad5a-1ed0-febb-20d0-5b4ef673b6d4">
      <Execution id="4bf4c089-5190-422b-9df4-94e76bacedd5" />
      <TestMethod codeBase="/Users/runner/work/dotnet-monorepo/dotnet-monorepo/src/artifacts/bin/Utils.Tests/release_osx-x64/Utils.Tests.dll" adapterTypeName="executor://mstestadapter/v2" className="Utils.Tests.ConversionTests" name="TestIntToPaddedString" />
    </UnitTest>
    <UnitTest name="TestIntToPaddedString (1,100,001)" storage="/users/runner/work/dotnet-monorepo/dotnet-monorepo/src/artifacts/bin/utils.tests/release_osx-x64/utils.tests.dll" id="18510e6b-6632-838e-bcc7-7e2cce106c61">
      <Execution id="3c243d96-bedb-4df8-9767-7a63c68ef0ed" />
      <TestMethod codeBase="/Users/runner/work/dotnet-monorepo/dotnet-monorepo/src/artifacts/bin/Utils.Tests/release_osx-x64/Utils.Tests.dll" adapterTypeName="executor://mstestadapter/v2" className="Utils.Tests.ConversionTests" name="TestIntToPaddedString" />
    </UnitTest>
    <UnitTest name="TestSlugify (a!=b,ab)" storage="/users/runner/work/dotnet-monorepo/dotnet-monorepo/src/artifacts/bin/utils.tests/release_osx-x64/utils.tests.dll" id="3a9301d1-7010-823c-e66c-88af2808c1a6">
      <Execution id="40ea4a6b-e166-4901-a364-a0b3864f7864" />
      <TestMethod codeBase="/Users/runner/work/dotnet-monorepo/dotnet-monorepo/src/artifacts/bin/Utils.Tests/release_osx-x64/Utils.Tests.dll" adapterTypeName="executor://mstestadapter/v2" className="Utils.Tests.StringTests" name="TestSlugify" />
    </UnitTest>
    <UnitTest name="TestIntToPaddedString (-1,99,-01)" storage="/users/runner/work/dotnet-monorepo/dotnet-monorepo/src/artifacts/bin/utils.tests/release_osx-x64/utils.tests.dll" id="1c703d85-ea03-54b9-5eac-1b2b2cbac679">
      <Execution id="3f6551a2-64d3-426b-9fab-e80349466273" />
      <TestMethod codeBase="/Users/runner/work/dotnet-monorepo/dotnet-monorepo/src/artifacts/bin/Utils.Tests/release_osx-x64/Utils.Tests.dll" adapterTypeName="executor://mstestadapter/v2" className="Utils.Tests.ConversionTests" name="TestIntToPaddedString" />
    </UnitTest>
    <UnitTest name="TestIntToPaddedString (1,101,001)" storage="/users/runner/work/dotnet-monorepo/dotnet-monorepo/src/artifacts/bin/utils.tests/release_osx-x64/utils.tests.dll" id="a3f77300-0680-a5f8-f2e4-7d4acf7a198e">
      <Execution id="db3eda3c-a6f7-45e7-92fa-86e940b8e430" />
      <TestMethod codeBase="/Users/runner/work/dotnet-monorepo/dotnet-monorepo/src/artifacts/bin/Utils.Tests/release_osx-x64/Utils.Tests.dll" adapterTypeName="executor://mstestadapter/v2" className="Utils.Tests.ConversionTests" name="TestIntToPaddedString" />
    </UnitTest>
    <UnitTest name="TestIntToPaddedString (1,99,01)" storage="/users/runner/work/dotnet-monorepo/dotnet-monorepo/src/artifacts/bin/utils.tests/release_osx-x64/utils.tests.dll" id="439dbed2-a9ea-4783-559c-00267e9a2876">
      <Execution id="0ceaa4b0-d361-4e10-8895-f7273922b91c" />
      <TestMethod codeBase="/Users/runner/work/dotnet-monorepo/dotnet-monorepo/src/artifacts/bin/Utils.Tests/release_osx-x64/Utils.Tests.dll" adapterTypeName="executor://mstestadapter/v2" className="Utils.Tests.ConversionTests" name="TestIntToPaddedString" />
    </UnitTest>
    <UnitTest name="TestIntToPaddedString (-1,101,-001)" storage="/users/runner/work/dotnet-monorepo/dotnet-monorepo/src/artifacts/bin/utils.tests/release_osx-x64/utils.tests.dll" id="a2263742-615b-76c2-5bc5-5f93935821eb">
      <Execution id="12f1575b-dee7-4fbc-a48e-019f51eb8e03" />
      <TestMethod codeBase="/Users/runner/work/dotnet-monorepo/dotnet-monorepo/src/artifacts/bin/Utils.Tests/release_osx-x64/Utils.Tests.dll" adapterTypeName="executor://mstestadapter/v2" className="Utils.Tests.ConversionTests" name="TestIntToPaddedString" />
    </UnitTest>
    <UnitTest name="TestSlugify (ä ö ü,a-o-u)" storage="/users/runner/work/dotnet-monorepo/dotnet-monorepo/src/artifacts/bin/utils.tests/release_osx-x64/utils.tests.dll" id="9efb2462-b0e0-b10d-66d1-7d3107a3fbeb">
      <Execution id="11eb4e60-9773-49b6-9c13-3f16cebd1cb5" />
      <TestMethod codeBase="/Users/runner/work/dotnet-monorepo/dotnet-monorepo/src/artifacts/bin/Utils.Tests/release_osx-x64/Utils.Tests.dll" adapterTypeName="executor://mstestadapter/v2" className="Utils.Tests.StringTests" name="TestSlugify" />
    </UnitTest>
    <UnitTest name="TestIntToPaddedString (-1,9,-1)" storage="/users/runner/work/dotnet-monorepo/dotnet-monorepo/src/artifacts/bin/utils.tests/release_osx-x64/utils.tests.dll" id="bd454bd6-6230-8ebd-0f19-bd6e2a2f31d0">
      <Execution id="cc028909-1b3c-4b17-81d6-b9ba352cf9d0" />
      <TestMethod codeBase="/Users/runner/work/dotnet-monorepo/dotnet-monorepo/src/artifacts/bin/Utils.Tests/release_osx-x64/Utils.Tests.dll" adapterTypeName="executor://mstestadapter/v2" className="Utils.Tests.ConversionTests" name="TestIntToPaddedString" />
    </UnitTest>
    <UnitTest name="TestLongestCommonPrefix ()" storage="/users/runner/work/dotnet-monorepo/dotnet-monorepo/src/artifacts/bin/utils.tests/release_osx-x64/utils.tests.dll" id="a7f79b6b-7729-aa35-65cd-55c176400c98">
      <Execution id="1561da7f-433f-41c2-8b06-cb5467a2cbbe" />
      <TestMethod codeBase="/Users/runner/work/dotnet-monorepo/dotnet-monorepo/src/artifacts/bin/Utils.Tests/release_osx-x64/Utils.Tests.dll" adapterTypeName="executor://mstestadapter/v2" className="Utils.Tests.StringTests" name="TestLongestCommonPrefix" />
    </UnitTest>
    <UnitTest name="TestIntToPaddedString (1,10,01)" storage="/users/runner/work/dotnet-monorepo/dotnet-monorepo/src/artifacts/bin/utils.tests/release_osx-x64/utils.tests.dll" id="c8d5f237-3971-af43-1ce5-75e0f10e91bd">
      <Execution id="1560545b-6370-44e8-8e9c-f4e123eb82d3" />
      <TestMethod codeBase="/Users/runner/work/dotnet-monorepo/dotnet-monorepo/src/artifacts/bin/Utils.Tests/release_osx-x64/Utils.Tests.dll" adapterTypeName="executor://mstestadapter/v2" className="Utils.Tests.ConversionTests" name="TestIntToPaddedString" />
    </UnitTest>
    <UnitTest name="TestLongestCommonPrefix (ab,ab,abc)" storage="/users/runner/work/dotnet-monorepo/dotnet-monorepo/src/artifacts/bin/utils.tests/release_osx-x64/utils.tests.dll" id="cebf5c0a-1b76-8025-63f9-dc2569afc414">
      <Execution id="b717d659-1c56-408e-b763-335731f8b612" />
      <TestMethod codeBase="/Users/runner/work/dotnet-monorepo/dotnet-monorepo/src/artifacts/bin/Utils.Tests/release_osx-x64/Utils.Tests.dll" adapterTypeName="executor://mstestadapter/v2" className="Utils.Tests.StringTests" name="TestLongestCommonPrefix" />
    </UnitTest>
    <UnitTest name="TestIntToPaddedString (1,11,01)" storage="/users/runner/work/dotnet-monorepo/dotnet-monorepo/src/artifacts/bin/utils.tests/release_osx-x64/utils.tests.dll" id="b728a8c6-c2a2-b5c8-4216-89bc12e2512c">
      <Execution id="92cab2ea-b18d-4f8f-b38f-179d1211bce1" />
      <TestMethod codeBase="/Users/runner/work/dotnet-monorepo/dotnet-monorepo/src/artifacts/bin/Utils.Tests/release_osx-x64/Utils.Tests.dll" adapterTypeName="executor://mstestadapter/v2" className="Utils.Tests.ConversionTests" name="TestIntToPaddedString" />
    </UnitTest>
    <UnitTest name="TestIntToPaddedString (-1,10,-01)" storage="/users/runner/work/dotnet-monorepo/dotnet-monorepo/src/artifacts/bin/utils.tests/release_osx-x64/utils.tests.dll" id="ae3d27fa-e34c-1837-0b5c-18a6db5d1f23">
      <Execution id="6a50a344-6b5f-487b-a7e3-0a2567221be9" />
      <TestMethod codeBase="/Users/runner/work/dotnet-monorepo/dotnet-monorepo/src/artifacts/bin/Utils.Tests/release_osx-x64/Utils.Tests.dll" adapterTypeName="executor://mstestadapter/v2" className="Utils.Tests.ConversionTests" name="TestIntToPaddedString" />
    </UnitTest>
    <UnitTest name="TestSlugify (a- -b,a-b)" storage="/users/runner/work/dotnet-monorepo/dotnet-monorepo/src/artifacts/bin/utils.tests/release_osx-x64/utils.tests.dll" id="82796396-c4b5-3461-49bf-5fd76006abb5">
      <Execution id="e801b418-9a40-4059-964b-96543ccccd5b" />
      <TestMethod codeBase="/Users/runner/work/dotnet-monorepo/dotnet-monorepo/src/artifacts/bin/Utils.Tests/release_osx-x64/Utils.Tests.dll" adapterTypeName="executor://mstestadapter/v2" className="Utils.Tests.StringTests" name="TestSlugify" />
    </UnitTest>
    <UnitTest name="TestSlugify (a1 b2 c3,a1-b2-c3)" storage="/users/runner/work/dotnet-monorepo/dotnet-monorepo/src/artifacts/bin/utils.tests/release_osx-x64/utils.tests.dll" id="5573160c-487a-bc77-bb42-e524547d4118">
      <Execution id="865c4a99-72b3-4236-a55c-680ab7223722" />
      <TestMethod codeBase="/Users/runner/work/dotnet-monorepo/dotnet-monorepo/src/artifacts/bin/Utils.Tests/release_osx-x64/Utils.Tests.dll" adapterTypeName="executor://mstestadapter/v2" className="Utils.Tests.StringTests" name="TestSlugify" />
    </UnitTest>
    <UnitTest name="TestSlugify (a &#x9;&#xA;b,a-b)" storage="/users/runner/work/dotnet-monorepo/dotnet-monorepo/src/artifacts/bin/utils.tests/release_osx-x64/utils.tests.dll" id="62a6d94a-e870-9da0-1b69-a541b0932bf2">
      <Execution id="89c5f4c7-8382-434d-a63d-1ca0088b0e7d" />
      <TestMethod codeBase="/Users/runner/work/dotnet-monorepo/dotnet-monorepo/src/artifacts/bin/Utils.Tests/release_osx-x64/Utils.Tests.dll" adapterTypeName="executor://mstestadapter/v2" className="Utils.Tests.StringTests" name="TestSlugify" />
    </UnitTest>
    <UnitTest name="TestSlugify (a - b,a-b)" storage="/users/runner/work/dotnet-monorepo/dotnet-monorepo/src/artifacts/bin/utils.tests/release_osx-x64/utils.tests.dll" id="f481b953-fba9-d37f-5e2b-a12e000d2c1e">
      <Execution id="06053049-2534-4ff8-bb99-044a278bf318" />
      <TestMethod codeBase="/Users/runner/work/dotnet-monorepo/dotnet-monorepo/src/artifacts/bin/Utils.Tests/release_osx-x64/Utils.Tests.dll" adapterTypeName="executor://mstestadapter/v2" className="Utils.Tests.StringTests" name="TestSlugify" />
    </UnitTest>
    <UnitTest name="TestIntToPaddedString (-1,11,-01)" storage="/users/runner/work/dotnet-monorepo/dotnet-monorepo/src/artifacts/bin/utils.tests/release_osx-x64/utils.tests.dll" id="a542e80e-ad7f-f7bc-b126-509b35c65dcd">
      <Execution id="0ed443db-65e9-479d-9c6b-89dbf4177d90" />
      <TestMethod codeBase="/Users/runner/work/dotnet-monorepo/dotnet-monorepo/src/artifacts/bin/Utils.Tests/release_osx-x64/Utils.Tests.dll" adapterTypeName="executor://mstestadapter/v2" className="Utils.Tests.ConversionTests" name="TestIntToPaddedString" />
    </UnitTest>
    <UnitTest name="TestSlugify (a_b,a-b)" storage="/users/runner/work/dotnet-monorepo/dotnet-monorepo/src/artifacts/bin/utils.tests/release_osx-x64/utils.tests.dll" id="b5d91387-500d-fb02-ea2e-4b91aac7952d">
      <Execution id="25122a21-e463-489f-a10a-d725a147605f" />
      <TestMethod codeBase="/Users/runner/work/dotnet-monorepo/dotnet-monorepo/src/artifacts/bin/Utils.Tests/release_osx-x64/Utils.Tests.dll" adapterTypeName="executor://mstestadapter/v2" className="Utils.Tests.StringTests" name="TestSlugify" />
    </UnitTest>
    <UnitTest name="TestIntToPaddedString (1,9,1)" storage="/users/runner/work/dotnet-monorepo/dotnet-monorepo/src/artifacts/bin/utils.tests/release_osx-x64/utils.tests.dll" id="dd14498c-1ded-be08-8509-add8edff9a45">
      <Execution id="5ddb84c0-2a3b-41c4-a1e2-de0341d5fa46" />
      <TestMethod codeBase="/Users/runner/work/dotnet-monorepo/dotnet-monorepo/src/artifacts/bin/Utils.Tests/release_osx-x64/Utils.Tests.dll" adapterTypeName="executor://mstestadapter/v2" className="Utils.Tests.ConversionTests" name="TestIntToPaddedString" />
    </UnitTest>
    <UnitTest name="TestLongestCommonPrefix (,abc,)" storage="/users/runner/work/dotnet-monorepo/dotnet-monorepo/src/artifacts/bin/utils.tests/release_osx-x64/utils.tests.dll" id="d42f42b6-d93f-d960-5d27-06df3052db98">
      <Execution id="23976871-2cd1-452a-9a3d-9e64ca1144e3" />
      <TestMethod codeBase="/Users/runner/work/dotnet-monorepo/dotnet-monorepo/src/artifacts/bin/Utils.Tests/release_osx-x64/Utils.Tests.dll" adapterTypeName="executor://mstestadapter/v2" className="Utils.Tests.StringTests" name="TestLongestCommonPrefix" />
    </UnitTest>
    <UnitTest name="TestLongestCommonPrefix (a,a1,a2,a3)" storage="/users/runner/work/dotnet-monorepo/dotnet-monorepo/src/artifacts/bin/utils.tests/release_osx-x64/utils.tests.dll" id="7110d810-a6b9-be2f-3023-995d72499541">
      <Execution id="9ccd0bd9-97e5-4d0a-b520-1a588158aaee" />
      <TestMethod codeBase="/Users/runner/work/dotnet-monorepo/dotnet-monorepo/src/artifacts/bin/Utils.Tests/release_osx-x64/Utils.Tests.dll" adapterTypeName="executor://mstestadapter/v2" className="Utils.Tests.StringTests" name="TestLongestCommonPrefix" />
    </UnitTest>
  </TestDefinitions>
  <TestEntries>
    <TestEntry testId="18510e6b-6632-838e-bcc7-7e2cce106c61" executionId="3c243d96-bedb-4df8-9767-7a63c68ef0ed" testListId="8c84fa94-04c1-424b-9868-57a2d4851a1d" />
    <TestEntry testId="b728a8c6-c2a2-b5c8-4216-89bc12e2512c" executionId="92cab2ea-b18d-4f8f-b38f-179d1211bce1" testListId="8c84fa94-04c1-424b-9868-57a2d4851a1d" />
    <TestEntry testId="cebf5c0a-1b76-8025-63f9-dc2569afc414" executionId="b717d659-1c56-408e-b763-335731f8b612" testListId="8c84fa94-04c1-424b-9868-57a2d4851a1d" />
    <TestEntry testId="3a9301d1-7010-823c-e66c-88af2808c1a6" executionId="40ea4a6b-e166-4901-a364-a0b3864f7864" testListId="8c84fa94-04c1-424b-9868-57a2d4851a1d" />
    <TestEntry testId="a2263742-615b-76c2-5bc5-5f93935821eb" executionId="12f1575b-dee7-4fbc-a48e-019f51eb8e03" testListId="8c84fa94-04c1-424b-9868-57a2d4851a1d" />
    <TestEntry testId="8316a9c6-5ae1-1ddb-b573-d1af46ed90eb" executionId="3e1b70d4-61b5-4621-b938-4de8d02664bb" testListId="8c84fa94-04c1-424b-9868-57a2d4851a1d" />
    <TestEntry testId="f481b953-fba9-d37f-5e2b-a12e000d2c1e" executionId="06053049-2534-4ff8-bb99-044a278bf318" testListId="8c84fa94-04c1-424b-9868-57a2d4851a1d" />
    <TestEntry testId="7d484181-ec58-d638-4e39-a3b4456a31af" executionId="5367942e-35a8-4cb1-a60b-0f19a9492e83" testListId="8c84fa94-04c1-424b-9868-57a2d4851a1d" />
    <TestEntry testId="a3f77300-0680-a5f8-f2e4-7d4acf7a198e" executionId="db3eda3c-a6f7-45e7-92fa-86e940b8e430" testListId="8c84fa94-04c1-424b-9868-57a2d4851a1d" />
    <TestEntry testId="62a6d94a-e870-9da0-1b69-a541b0932bf2" executionId="89c5f4c7-8382-434d-a63d-1ca0088b0e7d" testListId="8c84fa94-04c1-424b-9868-57a2d4851a1d" />
    <TestEntry testId="8408e916-bcaf-d8f6-b759-f9ad50e8e4ff" executionId="28250756-206b-45eb-9ce7-69ba63763a5f" testListId="8c84fa94-04c1-424b-9868-57a2d4851a1d" />
    <TestEntry testId="b5d91387-500d-fb02-ea2e-4b91aac7952d" executionId="25122a21-e463-489f-a10a-d725a147605f" testListId="8c84fa94-04c1-424b-9868-57a2d4851a1d" />
    <TestEntry testId="9b70ad5a-1ed0-febb-20d0-5b4ef673b6d4" executionId="4bf4c089-5190-422b-9df4-94e76bacedd5" testListId="8c84fa94-04c1-424b-9868-57a2d4851a1d" />
    <TestEntry testId="7110d810-a6b9-be2f-3023-995d72499541" executionId="9ccd0bd9-97e5-4d0a-b520-1a588158aaee" testListId="8c84fa94-04c1-424b-9868-57a2d4851a1d" />
    <TestEntry testId="5573160c-487a-bc77-bb42-e524547d4118" executionId="865c4a99-72b3-4236-a55c-680ab7223722" testListId="8c84fa94-04c1-424b-9868-57a2d4851a1d" />
    <TestEntry testId="439dbed2-a9ea-4783-559c-00267e9a2876" executionId="0ceaa4b0-d361-4e10-8895-f7273922b91c" testListId="8c84fa94-04c1-424b-9868-57a2d4851a1d" />
    <TestEntry testId="9efb2462-b0e0-b10d-66d1-7d3107a3fbeb" executionId="11eb4e60-9773-49b6-9c13-3f16cebd1cb5" testListId="8c84fa94-04c1-424b-9868-57a2d4851a1d" />
    <TestEntry testId="40fa6d0a-7e3d-d497-4aac-1a632b656c7b" executionId="a225f338-f9c3-4d31-9b35-4c6a202483f7" testListId="8c84fa94-04c1-424b-9868-57a2d4851a1d" />
    <TestEntry testId="1c703d85-ea03-54b9-5eac-1b2b2cbac679" executionId="3f6551a2-64d3-426b-9fab-e80349466273" testListId="8c84fa94-04c1-424b-9868-57a2d4851a1d" />
    <TestEntry testId="ae3d27fa-e34c-1837-0b5c-18a6db5d1f23" executionId="6a50a344-6b5f-487b-a7e3-0a2567221be9" testListId="8c84fa94-04c1-424b-9868-57a2d4851a1d" />
    <TestEntry testId="420f1a19-ff6e-f078-dedd-41141d39560f" executionId="d70be6a1-8ea8-4258-b401-e32b02a0f309" testListId="8c84fa94-04c1-424b-9868-57a2d4851a1d" />
    <TestEntry testId="a542e80e-ad7f-f7bc-b126-509b35c65dcd" executionId="0ed443db-65e9-479d-9c6b-89dbf4177d90" testListId="8c84fa94-04c1-424b-9868-57a2d4851a1d" />
    <TestEntry testId="a7f79b6b-7729-aa35-65cd-55c176400c98" executionId="1561da7f-433f-41c2-8b06-cb5467a2cbbe" testListId="8c84fa94-04c1-424b-9868-57a2d4851a1d" />
    <TestEntry testId="82796396-c4b5-3461-49bf-5fd76006abb5" executionId="e801b418-9a40-4059-964b-96543ccccd5b" testListId="8c84fa94-04c1-424b-9868-57a2d4851a1d" />
    <TestEntry testId="dd14498c-1ded-be08-8509-add8edff9a45" executionId="5ddb84c0-2a3b-41c4-a1e2-de0341d5fa46" testListId="8c84fa94-04c1-424b-9868-57a2d4851a1d" />
    <TestEntry testId="df4993de-020f-a326-30b8-c0c5f8ad5a0d" executionId="6be186f1-7481-4ad0-9f4d-8d9b3ee37c21" testListId="8c84fa94-04c1-424b-9868-57a2d4851a1d" />
    <TestEntry testId="bd454bd6-6230-8ebd-0f19-bd6e2a2f31d0" executionId="cc028909-1b3c-4b17-81d6-b9ba352cf9d0" testListId="8c84fa94-04c1-424b-9868-57a2d4851a1d" />
    <TestEntry testId="d42f42b6-d93f-d960-5d27-06df3052db98" executionId="23976871-2cd1-452a-9a3d-9e64ca1144e3" testListId="8c84fa94-04c1-424b-9868-57a2d4851a1d" />
    <TestEntry testId="c8d5f237-3971-af43-1ce5-75e0f10e91bd" executionId="1560545b-6370-44e8-8e9c-f4e123eb82d3" testListId="8c84fa94-04c1-424b-9868-57a2d4851a1d" />
  </TestEntries>
  <TestLists>
    <TestList name="Results Not in a List" id="8c84fa94-04c1-424b-9868-57a2d4851a1d" />
    <TestList name="All Loaded Results" id="19431567-8539-422a-85d7-44ee4e166bda" />
  </TestLists>
  <ResultSummary outcome="Completed">
    <Counters total="29" executed="29" passed="29" failed="0" error="0" timeout="0" aborted="0" inconclusive="0" passedButRunAborted="0" notRunnable="0" notExecuted="0" disconnected="0" warning="0" completed="0" inProgress="0" pending="0" />
  </ResultSummary>
</TestRun>