<?xml version="1.0" encoding="utf-8"?>
<TestRun id="dd63244b-a257-4f4a-91e4-e96a8a11dcc7" name="runneradmin@fv-az1564-707 2024-02-25 02:09:08" runUser="fv-az1564-707\runneradmin" xmlns="http://microsoft.com/schemas/VisualStudio/TeamTest/2010">
  <Times creation="2024-02-25T02:09:08.8672211+00:00" queuing="2024-02-25T02:09:08.8672212+00:00" start="2024-02-25T02:09:08.3292071+00:00" finish="2024-02-25T02:09:08.9008019+00:00" />
  <TestSettings name="default" id="72bbc20d-c968-4653-a01a-f8bec5ba01ed">
    <Deployment runDeploymentRoot="runneradmin_fv-az1564-707_2024-02-25_02_09_08" />
  </TestSettings>
  <Results>
    <UnitTestResult executionId="170162a2-c141-4ddb-9dbc-8497e20465e2" testId="d42f42b6-d93f-d960-5d27-06df3052db98" testName="TestLongestCommonPrefix (,abc,)" computerName="fv-az1564-707" duration="00:00:00.0000049" startTime="2024-02-25T02:09:08.8292999+00:00" endTime="2024-02-25T02:09:08.8303125+00:00" testType="13cdc9d9-ddb5-4fa4-a97d-d965ccfc6d4b" outcome="Passed" testListId="8c84fa94-04c1-424b-9868-57a2d4851a1d" relativeResultsDirectory="170162a2-c141-4ddb-9dbc-8497e20465e2" />
    <UnitTestResult executionId="f2ee8b97-546b-43f3-a418-93b68db857e2" testId="cebf5c0a-1b76-8025-63f9-dc2569afc414" testName="TestLongestCommonPrefix (ab,ab,abc)" computerName="fv-az1564-707" duration="00:00:00.0000074" startTime="2024-02-25T02:09:08.8277178+00:00" endTime="2024-02-25T02:09:08.8280466+00:00" testType="13cdc9d9-ddb5-4fa4-a97d-d965ccfc6d4b" outcome="Passed" testListId="8c84fa94-04c1-424b-9868-57a2d4851a1d" relativeResultsDirectory="f2ee8b97-546b-43f3-a418-93b68db857e2" />
    <UnitTestResult executionId="12729e48-e9a2-433d-a0ec-253b0c9619f3" testId="62a6d94a-e870-9da0-1b69-a541b0932bf2" testName="TestSlugify (a &#x9;&#xA;b,a-b)" computerName="fv-az1564-707" duration="00:00:00.0000061" startTime="2024-02-25T02:09:08.8238060+00:00" endTime="2024-02-25T02:09:08.8239801+00:00" testType="13cdc9d9-ddb5-4fa4-a97d-d965ccfc6d4b" outcome="Passed" testListId="8c84fa94-04c1-424b-9868-57a2d4851a1d" relativeResultsDirectory="12729e48-e9a2-433d-a0ec-253b0c9619f3" />
    <UnitTestResult executionId="ec76e5cc-62a8-4e1e-b3c5-51b7eb7a34cf" testId="bd454bd6-6230-8ebd-0f19-bd6e2a2f31d0" testName="TestIntToPaddedString (-1,9,-1)" computerName="fv-az1564-707" duration="00:00:00.0000059" startTime="2024-02-25T02:09:08.7904596+00:00" endTime="2024-02-25T02:09:08.7905455+00:00" testType="13cdc9d9-ddb5-4fa4-a97d-d965ccfc6d4b" outcome="Passed" testListId="8c84fa94-04c1-424b-9868-57a2d4851a1d" relativeResultsDirectory="ec76e5cc-62a8-4e1e-b3c5-51b7eb7a34cf" />
    <UnitTestResult executionId="07e880f0-889b-4ecb-9b12-80853430a456" testId="82796396-c4b5-3461-49bf-5fd76006abb5" testName="TestSlugify (a- -b,a-b)" computerName="fv-az1564-707" duration="00:00:00.0000049" startTime="2024-02-25T02:09:08.8240059+00:00" endTime="2024-02-25T02:09:08.8240895+00:00" testType="13cdc9d9-ddb5-4fa4-a97d-d965ccfc6d4b" outcome="Passed" testListId="8c84fa94-04c1-424b-9868-57a2d4851a1d" relativeResultsDirectory="07e880f0-889b-4ecb-9b12-80853430a456" />
    <UnitTestResult executionId="16df65b7-f7b5-4d54-b37d-48f3b0d2d2b6" testId="1c703d85-ea03-54b9-5eac-1b2b2cbac679" testName="TestIntToPaddedString (-1,99,-01)" computerName="fv-az1564-707" duration="00:00:00.0000050" startTime="2024-02-25T02:09:08.8224978+00:00" endTime="2024-02-25T02:09:08.8225907+00:00" testType="13cdc9d9-ddb5-4fa4-a97d-d965ccfc6d4b" outcome="Passed" testListId="8c84fa94-04c1-424b-9868-57a2d4851a1d" relativeResultsDirectory="16df65b7-f7b5-4d54-b37d-48f3b0d2d2b6" />
    <UnitTestResult executionId="10694e17-9bda-485c-96c3-63cf3417d0f0" testId="7110d810-a6b9-be2f-3023-995d72499541" testName="TestLongestCommonPrefix (a,a1,a2,a3)" computerName="fv-az1564-707" duration="00:00:00.0004273" startTime="2024-02-25T02:09:08.8268254+00:00" endTime="2024-02-25T02:09:08.8276932+00:00" testType="13cdc9d9-ddb5-4fa4-a97d-d965ccfc6d4b" outcome="Passed" testListId="8c84fa94-04c1-424b-9868-57a2d4851a1d" relativeResultsDirectory="10694e17-9bda-485c-96c3-63cf3417d0f0" />
    <UnitTestResult executionId="a5c7d397-a9b3-4348-b66e-52ba2ec62c92" testId="8316a9c6-5ae1-1ddb-b573-d1af46ed90eb" testName="TestSlugify (Ä Ö Ü,a-o-u)" computerName="fv-az1564-707" duration="00:00:00.0000081" startTime="2024-02-25T02:09:08.8261447+00:00" endTime="2024-02-25T02:09:08.8262314+00:00" testType="13cdc9d9-ddb5-4fa4-a97d-d965ccfc6d4b" outcome="Passed" testListId="8c84fa94-04c1-424b-9868-57a2d4851a1d" relativeResultsDirectory="a5c7d397-a9b3-4348-b66e-52ba2ec62c92" />
    <UnitTestResult executionId="3634910e-91c0-4e90-b752-8631119359a7" testId="ae3d27fa-e34c-1837-0b5c-18a6db5d1f23" testName="TestIntToPaddedString (-1,10,-01)" computerName="fv-az1564-707" duration="00:00:00.0000050" startTime="2024-02-25T02:09:08.7905683+00:00" endTime="2024-02-25T02:09:08.7906509+00:00" testType="13cdc9d9-ddb5-4fa4-a97d-d965ccfc6d4b" outcome="Passed" testListId="8c84fa94-04c1-424b-9868-57a2d4851a1d" relativeResultsDirectory="3634910e-91c0-4e90-b752-8631119359a7" />
    <UnitTestResult executionId="1cf784b6-a704-47c6-a5d2-a504f33a3451" testId="c8d5f237-3971-af43-1ce5-75e0f10e91bd" testName="TestIntToPaddedString (1,10,01)" computerName="fv-az1564-707" duration="00:00:00.0000064" startTime="2024-02-25T02:09:08.7898447+00:00" endTime="2024-02-25T02:09:08.7899581+00:00" testType="13cdc9d9-ddb5-4fa4-a97d-d965ccfc6d4b" outcome="Passed" testListId="8c84fa94-04c1-424b-9868-57a2d4851a1d" relativeResultsDirectory="1cf784b6-a704-47c6-a5d2-a504f33a3451" />
    <UnitTestResult executionId="cb2ccdec-9e39-4acd-ba35-89d3fccb4f1c" testId="3a9301d1-7010-823c-e66c-88af2808c1a6" testName="TestSlugify (a!=b,ab)" computerName="fv-az1564-707" duration="00:00:00.0001952" startTime="2024-02-25T02:09:08.8234743+00:00" endTime="2024-02-25T02:09:08.8237816+00:00" testType="13cdc9d9-ddb5-4fa4-a97d-d965ccfc6d4b" outcome="Passed" testListId="8c84fa94-04c1-424b-9868-57a2d4851a1d" relativeResultsDirectory="cb2ccdec-9e39-4acd-ba35-89d3fccb4f1c" />
    <UnitTestResult executionId="b00924c0-1dc7-44cc-9dd9-261856bda6b4" testId="5573160c-487a-bc77-bb42-e524547d4118" testName="TestSlugify (a1 b2 c3,a1-b2-c3)" computerName="fv-az1564-707" duration="00:00:00.0000073" startTime="2024-02-25T02:09:08.8262496+00:00" endTime="2024-02-25T02:09:08.8263301+00:00" testType="13cdc9d9-ddb5-4fa4-a97d-d965ccfc6d4b" outcome="Passed" testListId="8c84fa94-04c1-424b-9868-57a2d4851a1d" relativeResultsDirectory="b00924c0-1dc7-44cc-9dd9-261856bda6b4" />
    <UnitTestResult executionId="46dc5785-9c90-49ce-8eec-86c97e695766" testId="df4993de-020f-a326-30b8-c0c5f8ad5a0d" testName="TestSlugify (Abc-DEF,abc-def)" computerName="fv-az1564-707" duration="00:00:00.0000065" startTime="2024-02-25T02:09:08.8257330+00:00" endTime="2024-02-25T02:09:08.8258375+00:00" testType="13cdc9d9-ddb5-4fa4-a97d-d965ccfc6d4b" outcome="Passed" testListId="8c84fa94-04c1-424b-9868-57a2d4851a1d" relativeResultsDirectory="46dc5785-9c90-49ce-8eec-86c97e695766" />
    <UnitTestResult executionId="1c32141a-91ff-4002-a353-2ec57077391d" testId="420f1a19-ff6e-f078-dedd-41141d39560f" testName="TestIntToPaddedString (0,100,000)" computerName="fv-az1564-707" duration="00:00:00.0029251" startTime="2024-02-25T02:09:08.7687035+00:00" endTime="2024-02-25T02:09:08.7854493+00:00" testType="13cdc9d9-ddb5-4fa4-a97d-d965ccfc6d4b" outcome="Passed" testListId="8c84fa94-04c1-424b-9868-57a2d4851a1d" relativeResultsDirectory="1c32141a-91ff-4002-a353-2ec57077391d" />
    <UnitTestResult executionId="bc466576-7d98-44ce-9997-62aad308fdf3" testId="8408e916-bcaf-d8f6-b759-f9ad50e8e4ff" testName="TestLongestCommonPrefix (ab,abc,ab)" computerName="fv-az1564-707" duration="00:00:00.0000079" startTime="2024-02-25T02:09:08.8280705+00:00" endTime="2024-02-25T02:09:08.8281974+00:00" testType="13cdc9d9-ddb5-4fa4-a97d-d965ccfc6d4b" outcome="Passed" testListId="8c84fa94-04c1-424b-9868-57a2d4851a1d" relativeResultsDirectory="bc466576-7d98-44ce-9997-62aad308fdf3" />
    <UnitTestResult executionId="e42b03a0-dcbf-4e83-8803-1bda3d812316" testId="a542e80e-ad7f-f7bc-b126-509b35c65dcd" testName="TestIntToPaddedString (-1,11,-01)" computerName="fv-az1564-707" duration="00:00:00.0000077" startTime="2024-02-25T02:09:08.8223362+00:00" endTime="2024-02-25T02:09:08.8224726+00:00" testType="13cdc9d9-ddb5-4fa4-a97d-d965ccfc6d4b" outcome="Passed" testListId="8c84fa94-04c1-424b-9868-57a2d4851a1d" relativeResultsDirectory="e42b03a0-dcbf-4e83-8803-1bda3d812316" />
    <UnitTestResult executionId="686b56bf-9fe3-45d4-9b13-3dde021b867a" testId="439dbed2-a9ea-4783-559c-00267e9a2876" testName="TestIntToPaddedString (1,99,01)" computerName="fv-az1564-707" duration="00:00:00.0000071" startTime="2024-02-25T02:09:08.7900882+00:00" endTime="2024-02-25T02:09:08.7901790+00:00" testType="13cdc9d9-ddb5-4fa4-a97d-d965ccfc6d4b" outcome="Passed" testListId="8c84fa94-04c1-424b-9868-57a2d4851a1d" relativeResultsDirectory="686b56bf-9fe3-45d4-9b13-3dde021b867a" />
    <UnitTestResult executionId="c5dce636-5807-4e49-a707-45fda6143082" testId="a7f79b6b-7729-aa35-65cd-55c176400c98" testName="TestLongestCommonPrefix ()" computerName="fv-az1564-707" duration="00:00:00.0003058" startTime="2024-02-25T02:09:08.8263475+00:00" endTime="2024-02-25T02:09:08.8268013+00:00" testType="13cdc9d9-ddb5-4fa4-a97d-d965ccfc6d4b" outcome="Passed" testListId="8c84fa94-04c1-424b-9868-57a2d4851a1d" relativeResultsDirectory="c5dce636-5807-4e49-a707-45fda6143082" />
    <UnitTestResult executionId="dc1bffe9-ec03-42a2-bc08-5ab9133d6a0c" testId="9b70ad5a-1ed0-febb-20d0-5b4ef673b6d4" testName="TestIntToPaddedString (-1,100,-001)" computerName="fv-az1564-707" duration="00:00:00.0000050" startTime="2024-02-25T02:09:08.8226105+00:00" endTime="2024-02-25T02:09:08.8226986+00:00" testType="13cdc9d9-ddb5-4fa4-a97d-d965ccfc6d4b" outcome="Passed" testListId="8c84fa94-04c1-424b-9868-57a2d4851a1d" relativeResultsDirectory="dc1bffe9-ec03-42a2-bc08-5ab9133d6a0c" />
    <UnitTestResult executionId="f1c13f5f-2920-4250-9c8c-3c8b327e3eaf" testId="b728a8c6-c2a2-b5c8-4216-89bc12e2512c" testName="TestIntToPaddedString (1,11,01)" computerName="fv-az1564-707" duration="00:00:00.0000048" startTime="2024-02-25T02:09:08.7899786+00:00" endTime="2024-02-25T02:09:08.7900696+00:00" testType="13cdc9d9-ddb5-4fa4-a97d-d965ccfc6d4b" outcome="Passed" testListId="8c84fa94-04c1-424b-9868-57a2d4851a1d" relativeResultsDirectory="f1c13f5f-2920-4250-9c8c-3c8b327e3eaf" />
    <UnitTestResult executionId="6da5e8d5-21e0-4e92-843b-d57b2707daac" testId="40fa6d0a-7e3d-d497-4aac-1a632b656c7b" testName="TestSlugify (!- -a- -!,a)" computerName="fv-az1564-707" duration="00:00:00.0003651" startTime="2024-02-25T02:09:08.8229321+00:00" endTime="2024-02-25T02:09:08.8234454+00:00" testType="13cdc9d9-ddb5-4fa4-a97d-d965ccfc6d4b" outcome="Passed" testListId="8c84fa94-04c1-424b-9868-57a2d4851a1d" relativeResultsDirectory="6da5e8d5-21e0-4e92-843b-d57b2707daac" />
    <UnitTestResult executionId="b289cdb8-49ff-4107-a44d-5f0ad5f9d9b2" testId="dd14498c-1ded-be08-8509-add8edff9a45" testName="TestIntToPaddedString (1,9,1)" computerName="fv-az1564-707" duration="00:00:00.0003274" startTime="2024-02-25T02:09:08.7891041+00:00" endTime="2024-02-25T02:09:08.7896064+00:00" testType="13cdc9d9-ddb5-4fa4-a97d-d965ccfc6d4b" outcome="Passed" testListId="8c84fa94-04c1-424b-9868-57a2d4851a1d" relativeResultsDirectory="b289cdb8-49ff-4107-a44d-5f0ad5f9d9b2" />
    <UnitTestResult executionId="187db610-b27b-4ee9-9fba-1a04d715b7b7" testId="9efb2462-b0e0-b10d-66d1-7d3107a3fbeb" testName="TestSlugify (ä ö ü,a-o-u)" computerName="fv-az1564-707" duration="00:00:00.0000571" startTime="2024-02-25T02:09:08.8259641+00:00" endTime="2024-02-25T02:09:08.8261198+00:00" testType="13cdc9d9-ddb5-4fa4-a97d-d965ccfc6d4b" outcome="Passed" testListId="8c84fa94-04c1-424b-9868-57a2d4851a1d" relativeResultsDirectory="187db610-b27b-4ee9-9fba-1a04d715b7b7" />
    <UnitTestResult executionId="10c28eff-b04b-4c30-9ab2-56f3ba04fff7" testId="f481b953-fba9-d37f-5e2b-a12e000d2c1e" testName="TestSlugify (a - b,a-b)" computerName="fv-az1564-707" duration="00:00:00.0000045" startTime="2024-02-25T02:09:08.8241107+00:00" endTime="2024-02-25T02:09:08.8241827+00:00" testType="13cdc9d9-ddb5-4fa4-a97d-d965ccfc6d4b" outcome="Passed" testListId="8c84fa94-04c1-424b-9868-57a2d4851a1d" relativeResultsDirectory="10c28eff-b04b-4c30-9ab2-56f3ba04fff7" />
    <UnitTestResult executionId="177a65be-1602-4526-9750-61047c682565" testId="18510e6b-6632-838e-bcc7-7e2cce106c61" testName="TestIntToPaddedString (1,100,001)" computerName="fv-az1564-707" duration="00:00:00.0000048" startTime="2024-02-25T02:09:08.7901973+00:00" endTime="2024-02-25T02:09:08.7902862+00:00" testType="13cdc9d9-ddb5-4fa4-a97d-d965ccfc6d4b" outcome="Passed" testListId="8c84fa94-04c1-424b-9868-57a2d4851a1d" relativeResultsDirectory="177a65be-1602-4526-9750-61047c682565" />
    <UnitTestResult executionId="daaea208-032d-4fe1-968b-d4719a9233f6" testId="a3f77300-0680-a5f8-f2e4-7d4acf7a198e" testName="TestIntToPaddedString (1,101,001)" computerName="fv-az1564-707" duration="00:00:00.0000059" startTime="2024-02-25T02:09:08.7903041+00:00" endTime="2024-02-25T02:09:08.7904377+00:00" testType="13cdc9d9-ddb5-4fa4-a97d-d965ccfc6d4b" outcome="Passed" testListId="8c84fa94-04c1-424b-9868-57a2d4851a1d" relativeResultsDirectory="daaea208-032d-4fe1-968b-d4719a9233f6" />
    <UnitTestResult executionId="31ef5aa4-785d-4066-a187-eb5c37464b44" testId="a2263742-615b-76c2-5bc5-5f93935821eb" testName="TestIntToPaddedString (-1,101,-001)" computerName="fv-az1564-707" duration="00:00:00.0000048" startTime="2024-02-25T02:09:08.8227203+00:00" endTime="2024-02-25T02:09:08.8229046+00:00" testType="13cdc9d9-ddb5-4fa4-a97d-d965ccfc6d4b" outcome="Passed" testListId="8c84fa94-04c1-424b-9868-57a2d4851a1d" relativeResultsDirectory="31ef5aa4-785d-4066-a187-eb5c37464b44" />
    <UnitTestResult executionId="66a18ca1-fe08-426e-b0f1-e02dbbab7c4c" testId="7d484181-ec58-d638-4e39-a3b4456a31af" testName="TestLongestCommonPrefix (,,abc)" computerName="fv-az1564-707" duration="00:00:00.0000047" startTime="2024-02-25T02:09:08.8291586+00:00" endTime="2024-02-25T02:09:08.8292741+00:00" testType="13cdc9d9-ddb5-4fa4-a97d-d965ccfc6d4b" outcome="Passed" testListId="8c84fa94-04c1-424b-9868-57a2d4851a1d" relativeResultsDirectory="66a18ca1-fe08-426e-b0f1-e02dbbab7c4c" />
    <UnitTestResult executionId="8e505a2b-4ca5-4fdd-9fa5-b6425c6b213e" testId="b5d91387-500d-fb02-ea2e-4b91aac7952d" testName="TestSlugify (a_b,a-b)" computerName="fv-az1564-707" duration="00:00:00.0000049" startTime="2024-02-25T02:09:08.8258647+00:00" endTime="2024-02-25T02:09:08.8259403+00:00" testType="13cdc9d9-ddb5-4fa4-a97d-d965ccfc6d4b" outcome="Passed" testListId="8c84fa94-04c1-424b-9868-57a2d4851a1d" relativeResultsDirectory="8e505a2b-4ca5-4fdd-9fa5-b6425c6b213e" />
  </Results>
  <TestDefinitions>
    <UnitTest name="TestIntToPaddedString (0,100,000)" storage="d:\a\dotnet-monorepo\dotnet-monorepo\src\artifacts\bin\utils.tests\release_win-x64\utils.tests.dll" id="420f1a19-ff6e-f078-dedd-41141d39560f">
      <Execution id="1c32141a-91ff-4002-a353-2ec57077391d" />
      <TestMethod codeBase="D:\a\dotnet-monorepo\dotnet-monorepo\src\artifacts\bin\Utils.Tests\release_win-x64\Utils.Tests.dll" adapterTypeName="executor://mstestadapter/v2" className="Utils.Tests.ConversionTests" name="TestIntToPaddedString" />
    </UnitTest>
    <UnitTest name="TestSlugify (!- -a- -!,a)" storage="d:\a\dotnet-monorepo\dotnet-monorepo\src\artifacts\bin\utils.tests\release_win-x64\utils.tests.dll" id="40fa6d0a-7e3d-d497-4aac-1a632b656c7b">
      <Execution id="6da5e8d5-21e0-4e92-843b-d57b2707daac" />
      <TestMethod codeBase="D:\a\dotnet-monorepo\dotnet-monorepo\src\artifacts\bin\Utils.Tests\release_win-x64\Utils.Tests.dll" adapterTypeName="executor://mstestadapter/v2" className="Utils.Tests.StringTests" name="TestSlugify" />
    </UnitTest>
    <UnitTest name="TestSlugify (Ä Ö Ü,a-o-u)" storage="d:\a\dotnet-monorepo\dotnet-monorepo\src\artifacts\bin\utils.tests\release_win-x64\utils.tests.dll" id="8316a9c6-5ae1-1ddb-b573-d1af46ed90eb">
      <Execution id="a5c7d397-a9b3-4348-b66e-52ba2ec62c92" />
      <TestMethod codeBase="D:\a\dotnet-monorepo\dotnet-monorepo\src\artifacts\bin\Utils.Tests\release_win-x64\Utils.Tests.dll" adapterTypeName="executor://mstestadapter/v2" className="Utils.Tests.StringTests" name="TestSlugify" />
    </UnitTest>
    <UnitTest name="TestLongestCommonPrefix (ab,abc,ab)" storage="d:\a\dotnet-monorepo\dotnet-monorepo\src\artifacts\bin\utils.tests\release_win-x64\utils.tests.dll" id="8408e916-bcaf-d8f6-b759-f9ad50e8e4ff">
      <Execution id="bc466576-7d98-44ce-9997-62aad308fdf3" />
      <TestMethod codeBase="D:\a\dotnet-monorepo\dotnet-monorepo\src\artifacts\bin\Utils.Tests\release_win-x64\Utils.Tests.dll" adapterTypeName="executor://mstestadapter/v2" className="Utils.Tests.StringTests" name="TestLongestCommonPrefix" />
    </UnitTest>
    <UnitTest name="TestLongestCommonPrefix (,,abc)" storage="d:\a\dotnet-monorepo\dotnet-monorepo\src\artifacts\bin\utils.tests\release_win-x64\utils.tests.dll" id="7d484181-ec58-d638-4e39-a3b4456a31af">
      <Execution id="66a18ca1-fe08-426e-b0f1-e02dbbab7c4c" />
      <TestMethod codeBase="D:\a\dotnet-monorepo\dotnet-monorepo\src\artifacts\bin\Utils.Tests\release_win-x64\Utils.Tests.dll" adapterTypeName="executor://mstestadapter/v2" className="Utils.Tests.StringTests" name="TestLongestCommonPrefix" />
    </UnitTest>
    <UnitTest name="TestSlugify (Abc-DEF,abc-def)" storage="d:\a\dotnet-monorepo\dotnet-monorepo\src\artifacts\bin\utils.tests\release_win-x64\utils.tests.dll" id="df4993de-020f-a326-30b8-c0c5f8ad5a0d">
      <Execution id="46dc5785-9c90-49ce-8eec-86c97e695766" />
      <TestMethod codeBase="D:\a\dotnet-monorepo\dotnet-monorepo\src\artifacts\bin\Utils.Tests\release_win-x64\Utils.Tests.dll" adapterTypeName="executor://mstestadapter/v2" className="Utils.Tests.StringTests" name="TestSlugify" />
    </UnitTest>
    <UnitTest name="TestIntToPaddedString (-1,100,-001)" storage="d:\a\dotnet-monorepo\dotnet-monorepo\src\artifacts\bin\utils.tests\release_win-x64\utils.tests.dll" id="9b70ad5a-1ed0-febb-20d0-5b4ef673b6d4">
      <Execution id="dc1bffe9-ec03-42a2-bc08-5ab9133d6a0c" />
      <TestMethod codeBase="D:\a\dotnet-monorepo\dotnet-monorepo\src\artifacts\bin\Utils.Tests\release_win-x64\Utils.Tests.dll" adapterTypeName="executor://mstestadapter/v2" className="Utils.Tests.ConversionTests" name="TestIntToPaddedString" />
    </UnitTest>
    <UnitTest name="TestIntToPaddedString (1,100,001)" storage="d:\a\dotnet-monorepo\dotnet-monorepo\src\artifacts\bin\utils.tests\release_win-x64\utils.tests.dll" id="18510e6b-6632-838e-bcc7-7e2cce106c61">
      <Execution id="177a65be-1602-4526-9750-61047c682565" />
      <TestMethod codeBase="D:\a\dotnet-monorepo\dotnet-monorepo\src\artifacts\bin\Utils.Tests\release_win-x64\Utils.Tests.dll" adapterTypeName="executor://mstestadapter/v2" className="Utils.Tests.ConversionTests" name="TestIntToPaddedString" />
    </UnitTest>
    <UnitTest name="TestSlugify (a!=b,ab)" storage="d:\a\dotnet-monorepo\dotnet-monorepo\src\artifacts\bin\utils.tests\release_win-x64\utils.tests.dll" id="3a9301d1-7010-823c-e66c-88af2808c1a6">
      <Execution id="cb2ccdec-9e39-4acd-ba35-89d3fccb4f1c" />
      <TestMethod codeBase="D:\a\dotnet-monorepo\dotnet-monorepo\src\artifacts\bin\Utils.Tests\release_win-x64\Utils.Tests.dll" adapterTypeName="executor://mstestadapter/v2" className="Utils.Tests.StringTests" name="TestSlugify" />
    </UnitTest>
    <UnitTest name="TestIntToPaddedString (-1,99,-01)" storage="d:\a\dotnet-monorepo\dotnet-monorepo\src\artifacts\bin\utils.tests\release_win-x64\utils.tests.dll" id="1c703d85-ea03-54b9-5eac-1b2b2cbac679">
      <Execution id="16df65b7-f7b5-4d54-b37d-48f3b0d2d2b6" />
      <TestMethod codeBase="D:\a\dotnet-monorepo\dotnet-monorepo\src\artifacts\bin\Utils.Tests\release_win-x64\Utils.Tests.dll" adapterTypeName="executor://mstestadapter/v2" className="Utils.Tests.ConversionTests" name="TestIntToPaddedString" />
    </UnitTest>
    <UnitTest name="TestIntToPaddedString (1,101,001)" storage="d:\a\dotnet-monorepo\dotnet-monorepo\src\artifacts\bin\utils.tests\release_win-x64\utils.tests.dll" id="a3f77300-0680-a5f8-f2e4-7d4acf7a198e">
      <Execution id="daaea208-032d-4fe1-968b-d4719a9233f6" />
      <TestMethod codeBase="D:\a\dotnet-monorepo\dotnet-monorepo\src\artifacts\bin\Utils.Tests\release_win-x64\Utils.Tests.dll" adapterTypeName="executor://mstestadapter/v2" className="Utils.Tests.ConversionTests" name="TestIntToPaddedString" />
    </UnitTest>
    <UnitTest name="TestIntToPaddedString (1,99,01)" storage="d:\a\dotnet-monorepo\dotnet-monorepo\src\artifacts\bin\utils.tests\release_win-x64\utils.tests.dll" id="439dbed2-a9ea-4783-559c-00267e9a2876">
      <Execution id="686b56bf-9fe3-45d4-9b13-3dde021b867a" />
      <TestMethod codeBase="D:\a\dotnet-monorepo\dotnet-monorepo\src\artifacts\bin\Utils.Tests\release_win-x64\Utils.Tests.dll" adapterTypeName="executor://mstestadapter/v2" className="Utils.Tests.ConversionTests" name="TestIntToPaddedString" />
    </UnitTest>
    <UnitTest name="TestIntToPaddedString (-1,101,-001)" storage="d:\a\dotnet-monorepo\dotnet-monorepo\src\artifacts\bin\utils.tests\release_win-x64\utils.tests.dll" id="a2263742-615b-76c2-5bc5-5f93935821eb">
      <Execution id="31ef5aa4-785d-4066-a187-eb5c37464b44" />
      <TestMethod codeBase="D:\a\dotnet-monorepo\dotnet-monorepo\src\artifacts\bin\Utils.Tests\release_win-x64\Utils.Tests.dll" adapterTypeName="executor://mstestadapter/v2" className="Utils.Tests.ConversionTests" name="TestIntToPaddedString" />
    </UnitTest>
    <UnitTest name="TestSlugify (ä ö ü,a-o-u)" storage="d:\a\dotnet-monorepo\dotnet-monorepo\src\artifacts\bin\utils.tests\release_win-x64\utils.tests.dll" id="9efb2462-b0e0-b10d-66d1-7d3107a3fbeb">
      <Execution id="187db610-b27b-4ee9-9fba-1a04d715b7b7" />
      <TestMethod codeBase="D:\a\dotnet-monorepo\dotnet-monorepo\src\artifacts\bin\Utils.Tests\release_win-x64\Utils.Tests.dll" adapterTypeName="executor://mstestadapter/v2" className="Utils.Tests.StringTests" name="TestSlugify" />
    </UnitTest>
    <UnitTest name="TestIntToPaddedString (-1,9,-1)" storage="d:\a\dotnet-monorepo\dotnet-monorepo\src\artifacts\bin\utils.tests\release_win-x64\utils.tests.dll" id="bd454bd6-6230-8ebd-0f19-bd6e2a2f31d0">
      <Execution id="ec76e5cc-62a8-4e1e-b3c5-51b7eb7a34cf" />
      <TestMethod codeBase="D:\a\dotnet-monorepo\dotnet-monorepo\src\artifacts\bin\Utils.Tests\release_win-x64\Utils.Tests.dll" adapterTypeName="executor://mstestadapter/v2" className="Utils.Tests.ConversionTests" name="TestIntToPaddedString" />
    </UnitTest>
    <UnitTest name="TestLongestCommonPrefix ()" storage="d:\a\dotnet-monorepo\dotnet-monorepo\src\artifacts\bin\utils.tests\release_win-x64\utils.tests.dll" id="a7f79b6b-7729-aa35-65cd-55c176400c98">
      <Execution id="c5dce636-5807-4e49-a707-45fda6143082" />
      <TestMethod codeBase="D:\a\dotnet-monorepo\dotnet-monorepo\src\artifacts\bin\Utils.Tests\release_win-x64\Utils.Tests.dll" adapterTypeName="executor://mstestadapter/v2" className="Utils.Tests.StringTests" name="TestLongestCommonPrefix" />
    </UnitTest>
    <UnitTest name="TestIntToPaddedString (1,10,01)" storage="d:\a\dotnet-monorepo\dotnet-monorepo\src\artifacts\bin\utils.tests\release_win-x64\utils.tests.dll" id="c8d5f237-3971-af43-1ce5-75e0f10e91bd">
      <Execution id="1cf784b6-a704-47c6-a5d2-a504f33a3451" />
      <TestMethod codeBase="D:\a\dotnet-monorepo\dotnet-monorepo\src\artifacts\bin\Utils.Tests\release_win-x64\Utils.Tests.dll" adapterTypeName="executor://mstestadapter/v2" className="Utils.Tests.ConversionTests" name="TestIntToPaddedString" />
    </UnitTest>
    <UnitTest name="TestLongestCommonPrefix (ab,ab,abc)" storage="d:\a\dotnet-monorepo\dotnet-monorepo\src\artifacts\bin\utils.tests\release_win-x64\utils.tests.dll" id="cebf5c0a-1b76-8025-63f9-dc2569afc414">
      <Execution id="f2ee8b97-546b-43f3-a418-93b68db857e2" />
      <TestMethod codeBase="D:\a\dotnet-monorepo\dotnet-monorepo\src\artifacts\bin\Utils.Tests\release_win-x64\Utils.Tests.dll" adapterTypeName="executor://mstestadapter/v2" className="Utils.Tests.StringTests" name="TestLongestCommonPrefix" />
    </UnitTest>
    <UnitTest name="TestIntToPaddedString (1,11,01)" storage="d:\a\dotnet-monorepo\dotnet-monorepo\src\artifacts\bin\utils.tests\release_win-x64\utils.tests.dll" id="b728a8c6-c2a2-b5c8-4216-89bc12e2512c">
      <Execution id="f1c13f5f-2920-4250-9c8c-3c8b327e3eaf" />
      <TestMethod codeBase="D:\a\dotnet-monorepo\dotnet-monorepo\src\artifacts\bin\Utils.Tests\release_win-x64\Utils.Tests.dll" adapterTypeName="executor://mstestadapter/v2" className="Utils.Tests.ConversionTests" name="TestIntToPaddedString" />
    </UnitTest>
    <UnitTest name="TestIntToPaddedString (-1,10,-01)" storage="d:\a\dotnet-monorepo\dotnet-monorepo\src\artifacts\bin\utils.tests\release_win-x64\utils.tests.dll" id="ae3d27fa-e34c-1837-0b5c-18a6db5d1f23">
      <Execution id="3634910e-91c0-4e90-b752-8631119359a7" />
      <TestMethod codeBase="D:\a\dotnet-monorepo\dotnet-monorepo\src\artifacts\bin\Utils.Tests\release_win-x64\Utils.Tests.dll" adapterTypeName="executor://mstestadapter/v2" className="Utils.Tests.ConversionTests" name="TestIntToPaddedString" />
    </UnitTest>
    <UnitTest name="TestSlugify (a- -b,a-b)" storage="d:\a\dotnet-monorepo\dotnet-monorepo\src\artifacts\bin\utils.tests\release_win-x64\utils.tests.dll" id="82796396-c4b5-3461-49bf-5fd76006abb5">
      <Execution id="07e880f0-889b-4ecb-9b12-80853430a456" />
      <TestMethod codeBase="D:\a\dotnet-monorepo\dotnet-monorepo\src\artifacts\bin\Utils.Tests\release_win-x64\Utils.Tests.dll" adapterTypeName="executor://mstestadapter/v2" className="Utils.Tests.StringTests" name="TestSlugify" />
    </UnitTest>
    <UnitTest name="TestSlugify (a1 b2 c3,a1-b2-c3)" storage="d:\a\dotnet-monorepo\dotnet-monorepo\src\artifacts\bin\utils.tests\release_win-x64\utils.tests.dll" id="5573160c-487a-bc77-bb42-e524547d4118">
      <Execution id="b00924c0-1dc7-44cc-9dd9-261856bda6b4" />
      <TestMethod codeBase="D:\a\dotnet-monorepo\dotnet-monorepo\src\artifacts\bin\Utils.Tests\release_win-x64\Utils.Tests.dll" adapterTypeName="executor://mstestadapter/v2" className="Utils.Tests.StringTests" name="TestSlugify" />
    </UnitTest>
    <UnitTest name="TestSlugify (a &#x9;&#xA;b,a-b)" storage="d:\a\dotnet-monorepo\dotnet-monorepo\src\artifacts\bin\utils.tests\release_win-x64\utils.tests.dll" id="62a6d94a-e870-9da0-1b69-a541b0932bf2">
      <Execution id="12729e48-e9a2-433d-a0ec-253b0c9619f3" />
      <TestMethod codeBase="D:\a\dotnet-monorepo\dotnet-monorepo\src\artifacts\bin\Utils.Tests\release_win-x64\Utils.Tests.dll" adapterTypeName="executor://mstestadapter/v2" className="Utils.Tests.StringTests" name="TestSlugify" />
    </UnitTest>
    <UnitTest name="TestSlugify (a - b,a-b)" storage="d:\a\dotnet-monorepo\dotnet-monorepo\src\artifacts\bin\utils.tests\release_win-x64\utils.tests.dll" id="f481b953-fba9-d37f-5e2b-a12e000d2c1e">
      <Execution id="10c28eff-b04b-4c30-9ab2-56f3ba04fff7" />
      <TestMethod codeBase="D:\a\dotnet-monorepo\dotnet-monorepo\src\artifacts\bin\Utils.Tests\release_win-x64\Utils.Tests.dll" adapterTypeName="executor://mstestadapter/v2" className="Utils.Tests.StringTests" name="TestSlugify" />
    </UnitTest>
    <UnitTest name="TestIntToPaddedString (-1,11,-01)" storage="d:\a\dotnet-monorepo\dotnet-monorepo\src\artifacts\bin\utils.tests\release_win-x64\utils.tests.dll" id="a542e80e-ad7f-f7bc-b126-509b35c65dcd">
      <Execution id="e42b03a0-dcbf-4e83-8803-1bda3d812316" />
      <TestMethod codeBase="D:\a\dotnet-monorepo\dotnet-monorepo\src\artifacts\bin\Utils.Tests\release_win-x64\Utils.Tests.dll" adapterTypeName="executor://mstestadapter/v2" className="Utils.Tests.ConversionTests" name="TestIntToPaddedString" />
    </UnitTest>
    <UnitTest name="TestSlugify (a_b,a-b)" storage="d:\a\dotnet-monorepo\dotnet-monorepo\src\artifacts\bin\utils.tests\release_win-x64\utils.tests.dll" id="b5d91387-500d-fb02-ea2e-4b91aac7952d">
      <Execution id="8e505a2b-4ca5-4fdd-9fa5-b6425c6b213e" />
      <TestMethod codeBase="D:\a\dotnet-monorepo\dotnet-monorepo\src\artifacts\bin\Utils.Tests\release_win-x64\Utils.Tests.dll" adapterTypeName="executor://mstestadapter/v2" className="Utils.Tests.StringTests" name="TestSlugify" />
    </UnitTest>
    <UnitTest name="TestIntToPaddedString (1,9,1)" storage="d:\a\dotnet-monorepo\dotnet-monorepo\src\artifacts\bin\utils.tests\release_win-x64\utils.tests.dll" id="dd14498c-1ded-be08-8509-add8edff9a45">
      <Execution id="b289cdb8-49ff-4107-a44d-5f0ad5f9d9b2" />
      <TestMethod codeBase="D:\a\dotnet-monorepo\dotnet-monorepo\src\artifacts\bin\Utils.Tests\release_win-x64\Utils.Tests.dll" adapterTypeName="executor://mstestadapter/v2" className="Utils.Tests.ConversionTests" name="TestIntToPaddedString" />
    </UnitTest>
    <UnitTest name="TestLongestCommonPrefix (,abc,)" storage="d:\a\dotnet-monorepo\dotnet-monorepo\src\artifacts\bin\utils.tests\release_win-x64\utils.tests.dll" id="d42f42b6-d93f-d960-5d27-06df3052db98">
      <Execution id="170162a2-c141-4ddb-9dbc-8497e20465e2" />
      <TestMethod codeBase="D:\a\dotnet-monorepo\dotnet-monorepo\src\artifacts\bin\Utils.Tests\release_win-x64\Utils.Tests.dll" adapterTypeName="executor://mstestadapter/v2" className="Utils.Tests.StringTests" name="TestLongestCommonPrefix" />
    </UnitTest>
    <UnitTest name="TestLongestCommonPrefix (a,a1,a2,a3)" storage="d:\a\dotnet-monorepo\dotnet-monorepo\src\artifacts\bin\utils.tests\release_win-x64\utils.tests.dll" id="7110d810-a6b9-be2f-3023-995d72499541">
      <Execution id="10694e17-9bda-485c-96c3-63cf3417d0f0" />
      <TestMethod codeBase="D:\a\dotnet-monorepo\dotnet-monorepo\src\artifacts\bin\Utils.Tests\release_win-x64\Utils.Tests.dll" adapterTypeName="executor://mstestadapter/v2" className="Utils.Tests.StringTests" name="TestLongestCommonPrefix" />
    </UnitTest>
  </TestDefinitions>
  <TestEntries>
    <TestEntry testId="d42f42b6-d93f-d960-5d27-06df3052db98" executionId="170162a2-c141-4ddb-9dbc-8497e20465e2" testListId="8c84fa94-04c1-424b-9868-57a2d4851a1d" />
    <TestEntry testId="cebf5c0a-1b76-8025-63f9-dc2569afc414" executionId="f2ee8b97-546b-43f3-a418-93b68db857e2" testListId="8c84fa94-04c1-424b-9868-57a2d4851a1d" />
    <TestEntry testId="62a6d94a-e870-9da0-1b69-a541b0932bf2" executionId="12729e48-e9a2-433d-a0ec-253b0c9619f3" testListId="8c84fa94-04c1-424b-9868-57a2d4851a1d" />
    <TestEntry testId="bd454bd6-6230-8ebd-0f19-bd6e2a2f31d0" executionId="ec76e5cc-62a8-4e1e-b3c5-51b7eb7a34cf" testListId="8c84fa94-04c1-424b-9868-57a2d4851a1d" />
    <TestEntry testId="82796396-c4b5-3461-49bf-5fd76006abb5" executionId="07e880f0-889b-4ecb-9b12-80853430a456" testListId="8c84fa94-04c1-424b-9868-57a2d4851a1d" />
    <TestEntry testId="1c703d85-ea03-54b9-5eac-1b2b2cbac679" executionId="16df65b7-f7b5-4d54-b37d-48f3b0d2d2b6" testListId="8c84fa94-04c1-424b-9868-57a2d4851a1d" />
    <TestEntry testId="7110d810-a6b9-be2f-3023-995d72499541" executionId="10694e17-9bda-485c-96c3-63cf3417d0f0" testListId="8c84fa94-04c1-424b-9868-57a2d4851a1d" />
    <TestEntry testId="8316a9c6-5ae1-1ddb-b573-d1af46ed90eb" executionId="a5c7d397-a9b3-4348-b66e-52ba2ec62c92" testListId="8c84fa94-04c1-424b-9868-57a2d4851a1d" />
    <TestEntry testId="ae3d27fa-e34c-1837-0b5c-18a6db5d1f23" executionId="3634910e-91c0-4e90-b752-8631119359a7" testListId="8c84fa94-04c1-424b-9868-57a2d4851a1d" />
    <TestEntry testId="c8d5f237-3971-af43-1ce5-75e0f10e91bd" executionId="1cf784b6-a704-47c6-a5d2-a504f33a3451" testListId="8c84fa94-04c1-424b-9868-57a2d4851a1d" />
    <TestEntry testId="3a9301d1-7010-823c-e66c-88af2808c1a6" executionId="cb2ccdec-9e39-4acd-ba35-89d3fccb4f1c" testListId="8c84fa94-04c1-424b-9868-57a2d4851a1d" />
    <TestEntry testId="5573160c-487a-bc77-bb42-e524547d4118" executionId="b00924c0-1dc7-44cc-9dd9-261856bda6b4" testListId="8c84fa94-04c1-424b-9868-57a2d4851a1d" />
    <TestEntry testId="df4993de-020f-a326-30b8-c0c5f8ad5a0d" executionId="46dc5785-9c90-49ce-8eec-86c97e695766" testListId="8c84fa94-04c1-424b-9868-57a2d4851a1d" />
    <TestEntry testId="420f1a19-ff6e-f078-dedd-41141d39560f" executionId="1c32141a-91ff-4002-a353-2ec57077391d" testListId="8c84fa94-04c1-424b-9868-57a2d4851a1d" />
    <TestEntry testId="8408e916-bcaf-d8f6-b759-f9ad50e8e4ff" executionId="bc466576-7d98-44ce-9997-62aad308fdf3" testListId="8c84fa94-04c1-424b-9868-57a2d4851a1d" />
    <TestEntry testId="a542e80e-ad7f-f7bc-b126-509b35c65dcd" executionId="e42b03a0-dcbf-4e83-8803-1bda3d812316" testListId="8c84fa94-04c1-424b-9868-57a2d4851a1d" />
    <TestEntry testId="439dbed2-a9ea-4783-559c-00267e9a2876" executionId="686b56bf-9fe3-45d4-9b13-3dde021b867a" testListId="8c84fa94-04c1-424b-9868-57a2d4851a1d" />
    <TestEntry testId="a7f79b6b-7729-aa35-65cd-55c176400c98" executionId="c5dce636-5807-4e49-a707-45fda6143082" testListId="8c84fa94-04c1-424b-9868-57a2d4851a1d" />
    <TestEntry testId="9b70ad5a-1ed0-febb-20d0-5b4ef673b6d4" executionId="dc1bffe9-ec03-42a2-bc08-5ab9133d6a0c" testListId="8c84fa94-04c1-424b-9868-57a2d4851a1d" />
    <TestEntry testId="b728a8c6-c2a2-b5c8-4216-89bc12e2512c" executionId="f1c13f5f-2920-4250-9c8c-3c8b327e3eaf" testListId="8c84fa94-04c1-424b-9868-57a2d4851a1d" />
    <TestEntry testId="40fa6d0a-7e3d-d497-4aac-1a632b656c7b" executionId="6da5e8d5-21e0-4e92-843b-d57b2707daac" testListId="8c84fa94-04c1-424b-9868-57a2d4851a1d" />
    <TestEntry testId="dd14498c-1ded-be08-8509-add8edff9a45" executionId="b289cdb8-49ff-4107-a44d-5f0ad5f9d9b2" testListId="8c84fa94-04c1-424b-9868-57a2d4851a1d" />
    <TestEntry testId="9efb2462-b0e0-b10d-66d1-7d3107a3fbeb" executionId="187db610-b27b-4ee9-9fba-1a04d715b7b7" testListId="8c84fa94-04c1-424b-9868-57a2d4851a1d" />
    <TestEntry testId="f481b953-fba9-d37f-5e2b-a12e000d2c1e" executionId="10c28eff-b04b-4c30-9ab2-56f3ba04fff7" testListId="8c84fa94-04c1-424b-9868-57a2d4851a1d" />
    <TestEntry testId="18510e6b-6632-838e-bcc7-7e2cce106c61" executionId="177a65be-1602-4526-9750-61047c682565" testListId="8c84fa94-04c1-424b-9868-57a2d4851a1d" />
    <TestEntry testId="a3f77300-0680-a5f8-f2e4-7d4acf7a198e" executionId="daaea208-032d-4fe1-968b-d4719a9233f6" testListId="8c84fa94-04c1-424b-9868-57a2d4851a1d" />
    <TestEntry testId="a2263742-615b-76c2-5bc5-5f93935821eb" executionId="31ef5aa4-785d-4066-a187-eb5c37464b44" testListId="8c84fa94-04c1-424b-9868-57a2d4851a1d" />
    <TestEntry testId="7d484181-ec58-d638-4e39-a3b4456a31af" executionId="66a18ca1-fe08-426e-b0f1-e02dbbab7c4c" testListId="8c84fa94-04c1-424b-9868-57a2d4851a1d" />
    <TestEntry testId="b5d91387-500d-fb02-ea2e-4b91aac7952d" executionId="8e505a2b-4ca5-4fdd-9fa5-b6425c6b213e" testListId="8c84fa94-04c1-424b-9868-57a2d4851a1d" />
  </TestEntries>
  <TestLists>
    <TestList name="Results Not in a List" id="8c84fa94-04c1-424b-9868-57a2d4851a1d" />
    <TestList name="All Loaded Results" id="19431567-8539-422a-85d7-44ee4e166bda" />
  </TestLists>
  <ResultSummary outcome="Completed">
    <Counters total="29" executed="29" passed="29" failed="0" error="0" timeout="0" aborted="0" inconclusive="0" passedButRunAborted="0" notRunnable="0" notExecuted="0" disconnected="0" warning="0" completed="0" inProgress="0" pending="0" />
  </ResultSummary>
</TestRun>